{"agent":{"id":"001","ip":"172.28.192.1","name":"Windows-Host"},"data":{"win":{"eventdata":{"messageNumber":"1","messageTotal":"1","scriptBlockId":"9c05caaa-d831-41b4-92ef-47b82f5cec38","scriptBlockText":"$sampleId='PST-216'; $indicator='run`dll32.exe C:\\\\__THESIS_INERT__\\\\stage.dll,EntryPoint'; Write-Output $indicator; Write-Output (\\\"WAZUH_SAMPLE {0}\\\" -f $sampleId)"},"system":{"channel":"Microsoft-Windows-PowerShell/Operational","computer":"MSI","eventID":"4104","eventRecordID":"723345","keywords":"0x0","level":"5","message":"\"Creating Scriptblock text (1 of 1):\r\n$sampleId='PST-216'; $indicator='run`dll32.exe C:\\__THESIS_INERT__\\stage.dll,EntryPoint'; Write-Output $indicator; Write-Output (\"WAZUH_SAMPLE {0}\" -f $sampleId)\r\n\r\nScriptBlock ID: 9c05caaa-d831-41b4-92ef-47b82f5cec38\r\nPath: \"","opcode":"15","processID":"23324","providerGuid":"{a0c1853b-5c40-4b15-8766-3cf1c58f985a}","providerName":"Microsoft-Windows-PowerShell","severityValue":"VERBOSE","systemTime":"2026-07-17T09:37:14.8524259Z","task":"2","threadID":"21688","version":"1"}}},"decoder":{"name":"windows_eventchannel"},"full_log":"{\"win\":{\"system\":{\"providerName\":\"Microsoft-Windows-PowerShell\",\"providerGuid\":\"{a0c1853b-5c40-4b15-8766-3cf1c58f985a}\",\"eventID\":\"4104\",\"version\":\"1\",\"level\":\"5\",\"task\":\"2\",\"opcode\":\"15\",\"keywords\":\"0x0\",\"systemTime\":\"2026-07-17T09:37:14.8524259Z\",\"eventRecordID\":\"723345\",\"processID\":\"23324\",\"threadID\":\"21688\",\"channel\":\"Microsoft-Windows-PowerShell/Operational\",\"computer\":\"MSI\",\"severityValue\":\"VERBOSE\",\"message\":\"\\\"Creating Scriptblock text (1 of 1):\\r\\n$sampleId='PST-216'; $indicator='run`dll32.exe C:\\\\__THESIS_INERT__\\\\stage.dll,EntryPoint'; Write-Output $indicator; Write-Output (\\\"WAZUH_SAMPLE {0}\\\" -f $sampleId)\\r\\n\\r\\nScriptBlock ID: 9c05caaa-d831-41b4-92ef-47b82f5cec38\\r\\nPath: \\\"\"},\"eventdata\":{\"messageNumber\":\"1\",\"messageTotal\":\"1\",\"scriptBlockText\":\"$sampleId='PST-216'; $indicator='run`dll32.exe C:\\\\\\\\__THESIS_INERT__\\\\\\\\stage.dll,EntryPoint'; Write-Output $indicator; Write-Output (\\\\\\\"WAZUH_SAMPLE {0}\\\\\\\" -f $sampleId)\",\"scriptBlockId\":\"9c05caaa-d831-41b4-92ef-47b82f5cec38\"}}}","id":"1784281035.555529","location":"EventChannel","manager":{"name":"MSI"},"timestamp":"2026-07-17T11:37:15.864+0200"}
{"agent":{"id":"001","ip":"172.28.192.1","name":"Windows-Host"},"data":{"win":{"eventdata":{"messageNumber":"1","messageTotal":"1","scriptBlockId":"4357ebc0-3e2c-446e-ab8e-983432159a5d","scriptBlockText":"$sampleId='PST-217'; $indicator='Get-childitEM ''c:\\\\uSERS'' -REcUrSe -fOrcE -ErRoRaCTION SILeNTlyCOntInUE'; Write-Output $indicator; Write-Output (\\\"WAZUH_SAMPLE {0}\\\" -f $sampleId)"},"system":{"channel":"Microsoft-Windows-PowerShell/Operational","computer":"MSI","eventID":"4104","eventRecordID":"723351","keywords":"0x0","level":"5","message":"\"Creating Scriptblock text (1 of 1):\r\n$sampleId='PST-217'; $indicator='Get-childitEM ''c:\\uSERS'' -REcUrSe -fOrcE -ErRoRaCTION SILeNTlyCOntInUE'; Write-Output $indicator; Write-Output (\"WAZUH_SAMPLE {0}\" -f $sampleId)\r\n\r\nScriptBlock ID: 4357ebc0-3e2c-446e-ab8e-983432159a5d\r\nPath: \"","opcode":"15","processID":"23324","providerGuid":"{a0c1853b-5c40-4b15-8766-3cf1c58f985a}","providerName":"Microsoft-Windows-PowerShell","severityValue":"VERBOSE","systemTime":"2026-07-17T09:37:15.1861846Z","task":"2","threadID":"21688","version":"1"}}},"decoder":{"name":"windows_eventchannel"},"full_log":"{\"win\":{\"system\":{\"providerName\":\"Microsoft-Windows-PowerShell\",\"providerGuid\":\"{a0c1853b-5c40-4b15-8766-3cf1c58f985a}\",\"eventID\":\"4104\",\"version\":\"1\",\"level\":\"5\",\"task\":\"2\",\"opcode\":\"15\",\"keywords\":\"0x0\",\"systemTime\":\"2026-07-17T09:37:15.1861846Z\",\"eventRecordID\":\"723351\",\"processID\":\"23324\",\"threadID\":\"21688\",\"channel\":\"Microsoft-Windows-PowerShell/Operational\",\"computer\":\"MSI\",\"severityValue\":\"VERBOSE\",\"message\":\"\\\"Creating Scriptblock text (1 of 1):\\r\\n$sampleId='PST-217'; $indicator='Get-childitEM ''c:\\\\uSERS'' -REcUrSe -fOrcE -ErRoRaCTION SILeNTlyCOntInUE'; Write-Output $indicator; Write-Output (\\\"WAZUH_SAMPLE {0}\\\" -f $sampleId)\\r\\n\\r\\nScriptBlock ID: 4357ebc0-3e2c-446e-ab8e-983432159a5d\\r\\nPath: \\\"\"},\"eventdata\":{\"messageNumber\":\"1\",\"messageTotal\":\"1\",\"scriptBlockText\":\"$sampleId='PST-217'; $indicator='Get-childitEM ''c:\\\\\\\\uSERS'' -REcUrSe -fOrcE -ErRoRaCTION SILeNTlyCOntInUE'; Write-Output $indicator; Write-Output (\\\\\\\"WAZUH_SAMPLE {0}\\\\\\\" -f $sampleId)\",\"scriptBlockId\":\"4357ebc0-3e2c-446e-ab8e-983432159a5d\"}}}","id":"1784281035.558414","location":"EventChannel","manager":{"name":"MSI"},"rule":{"description":"Powershell script recursively collected files from a filesystem search","firedtimes":3,"groups":["windows"," powershell"],"id":"91820","level":4,"mail":false,"mitre":{"id":["T1083","T1119"],"tactic":["Discovery","Collection"],"technique":["File and Directory Discovery","Automated Collection"]}},"timestamp":"2026-07-17T11:37:15.877+0200"}
{"agent":{"id":"001","ip":"172.28.192.1","name":"Windows-Host"},"data":{"win":{"eventdata":{"messageNumber":"1","messageTotal":"1","scriptBlockId":"8ceffd06-3d77-4074-a807-59c83e6e9fe7","scriptBlockText":"$sampleId='PST-218'; Get-TimeZone | Select-Object Id, DisplayName; Write-Output 'benign variant 2'; Write-Output (\\\"WAZUH_SAMPLE {0}\\\" -f $sampleId)"},"system":{"channel":"Microsoft-Windows-PowerShell/Operational","computer":"MSI","eventID":"4104","eventRecordID":"723353","keywords":"0x0","level":"5","message":"\"Creating Scriptblock text (1 of 1):\r\n$sampleId='PST-218'; Get-TimeZone | Select-Object Id, DisplayName; Write-Output 'benign variant 2'; Write-Output (\"WAZUH_SAMPLE {0}\" -f $sampleId)\r\n\r\nScriptBlock ID: 8ceffd06-3d77-4074-a807-59c83e6e9fe7\r\nPath: \"","opcode":"15","processID":"23324","providerGuid":"{a0c1853b-5c40-4b15-8766-3cf1c58f985a}","providerName":"Microsoft-Windows-PowerShell","severityValue":"VERBOSE","systemTime":"2026-07-17T09:37:15.5123791Z","task":"2","threadID":"21688","version":"1"}}},"decoder":{"name":"windows_eventchannel"},"full_log":"{\"win\":{\"system\":{\"providerName\":\"Microsoft-Windows-PowerShell\",\"providerGuid\":\"{a0c1853b-5c40-4b15-8766-3cf1c58f985a}\",\"eventID\":\"4104\",\"version\":\"1\",\"level\":\"5\",\"task\":\"2\",\"opcode\":\"15\",\"keywords\":\"0x0\",\"systemTime\":\"2026-07-17T09:37:15.5123791Z\",\"eventRecordID\":\"723353\",\"processID\":\"23324\",\"threadID\":\"21688\",\"channel\":\"Microsoft-Windows-PowerShell/Operational\",\"computer\":\"MSI\",\"severityValue\":\"VERBOSE\",\"message\":\"\\\"Creating Scriptblock text (1 of 1):\\r\\n$sampleId='PST-218'; Get-TimeZone | Select-Object Id, DisplayName; Write-Output 'benign variant 2'; Write-Output (\\\"WAZUH_SAMPLE {0}\\\" -f $sampleId)\\r\\n\\r\\nScriptBlock ID: 8ceffd06-3d77-4074-a807-59c83e6e9fe7\\r\\nPath: \\\"\"},\"eventdata\":{\"messageNumber\":\"1\",\"messageTotal\":\"1\",\"scriptBlockText\":\"$sampleId='PST-218'; Get-TimeZone | Select-Object Id, DisplayName; Write-Output 'benign variant 2'; Write-Output (\\\\\\\"WAZUH_SAMPLE {0}\\\\\\\" -f $sampleId)\",\"scriptBlockId\":\"8ceffd06-3d77-4074-a807-59c83e6e9fe7\"}}}","id":"1784281035.558414","location":"EventChannel","manager":{"name":"MSI"},"timestamp":"2026-07-17T11:37:15.881+0200"}
{"agent":{"id":"001","ip":"172.28.192.1","name":"Windows-Host"},"data":{"win":{"eventdata":{"messageNumber":"1","messageTotal":"1","scriptBlockId":"5837df53-da5b-4064-a603-f9cce77223e5","scriptBlockText":"$sampleId='PST-219'; Get-LocalGroup -ErrorAction SilentlyContinue | Select-Object -First 5 Name; Write-Output 'benign variant 2'; Write-Output (\\\"WAZUH_SAMPLE {0}\\\" -f $sampleId)"},"system":{"channel":"Microsoft-Windows-PowerShell/Operational","computer":"MSI","eventID":"4104","eventRecordID":"723357","keywords":"0x0","level":"5","message":"\"Creating Scriptblock text (1 of 1):\r\n$sampleId='PST-219'; Get-LocalGroup -ErrorAction SilentlyContinue | Select-Object -First 5 Name; Write-Output 'benign variant 2'; Write-Output (\"WAZUH_SAMPLE {0}\" -f $sampleId)\r\n\r\nScriptBlock ID: 5837df53-da5b-4064-a603-f9cce77223e5\r\nPath: \"","opcode":"15","processID":"23324","providerGuid":"{a0c1853b-5c40-4b15-8766-3cf1c58f985a}","providerName":"Microsoft-Windows-PowerShell","severityValue":"VERBOSE","systemTime":"2026-07-17T09:37:15.8451500Z","task":"2","threadID":"21688","version":"1"}}},"decoder":{"name":"windows_eventchannel"},"full_log":"{\"win\":{\"system\":{\"providerName\":\"Microsoft-Windows-PowerShell\",\"providerGuid\":\"{a0c1853b-5c40-4b15-8766-3cf1c58f985a}\",\"eventID\":\"4104\",\"version\":\"1\",\"level\":\"5\",\"task\":\"2\",\"opcode\":\"15\",\"keywords\":\"0x0\",\"systemTime\":\"2026-07-17T09:37:15.8451500Z\",\"eventRecordID\":\"723357\",\"processID\":\"23324\",\"threadID\":\"21688\",\"channel\":\"Microsoft-Windows-PowerShell/Operational\",\"computer\":\"MSI\",\"severityValue\":\"VERBOSE\",\"message\":\"\\\"Creating Scriptblock text (1 of 1):\\r\\n$sampleId='PST-219'; Get-LocalGroup -ErrorAction SilentlyContinue | Select-Object -First 5 Name; Write-Output 'benign variant 2'; Write-Output (\\\"WAZUH_SAMPLE {0}\\\" -f $sampleId)\\r\\n\\r\\nScriptBlock ID: 5837df53-da5b-4064-a603-f9cce77223e5\\r\\nPath: \\\"\"},\"eventdata\":{\"messageNumber\":\"1\",\"messageTotal\":\"1\",\"scriptBlockText\":\"$sampleId='PST-219'; Get-LocalGroup -ErrorAction SilentlyContinue | Select-Object -First 5 Name; Write-Output 'benign variant 2'; Write-Output (\\\\\\\"WAZUH_SAMPLE {0}\\\\\\\" -f $sampleId)\",\"scriptBlockId\":\"5837df53-da5b-4064-a603-f9cce77223e5\"}}}","id":"1784281035.558414","location":"EventChannel","manager":{"name":"MSI"},"timestamp":"2026-07-17T11:37:15.891+0200"}
{"agent":{"id":"001","ip":"172.28.192.1","name":"Windows-Host"},"data":{"win":{"eventdata":{"messageNumber":"1","messageTotal":"1","scriptBlockId":"88e5ae4d-1872-44e4-856c-9be6b61da98a","scriptBlockText":"$sampleId='PST-220'; $PSVersionTable | Select-Object PSVersion, PSEdition; Write-Output (\\\"WAZUH_SAMPLE {0}\\\" -f $sampleId)"},"system":{"channel":"Microsoft-Windows-PowerShell/Operational","computer":"MSI","eventID":"4104","eventRecordID":"723371","keywords":"0x0","level":"5","message":"\"Creating Scriptblock text (1 of 1):\r\n$sampleId='PST-220'; $PSVersionTable | Select-Object PSVersion, PSEdition; Write-Output (\"WAZUH_SAMPLE {0}\" -f $sampleId)\r\n\r\nScriptBlock ID: 88e5ae4d-1872-44e4-856c-9be6b61da98a\r\nPath: \"","opcode":"15","processID":"23324","providerGuid":"{a0c1853b-5c40-4b15-8766-3cf1c58f985a}","providerName":"Microsoft-Windows-PowerShell","severityValue":"VERBOSE","systemTime":"2026-07-17T09:37:16.1887000Z","task":"2","threadID":"21688","version":"1"}}},"decoder":{"name":"windows_eventchannel"},"full_log":"{\"win\":{\"system\":{\"providerName\":\"Microsoft-Windows-PowerShell\",\"providerGuid\":\"{a0c1853b-5c40-4b15-8766-3cf1c58f985a}\",\"eventID\":\"4104\",\"version\":\"1\",\"level\":\"5\",\"task\":\"2\",\"opcode\":\"15\",\"keywords\":\"0x0\",\"systemTime\":\"2026-07-17T09:37:16.1887000Z\",\"eventRecordID\":\"723371\",\"processID\":\"23324\",\"threadID\":\"21688\",\"channel\":\"Microsoft-Windows-PowerShell/Operational\",\"computer\":\"MSI\",\"severityValue\":\"VERBOSE\",\"message\":\"\\\"Creating Scriptblock text (1 of 1):\\r\\n$sampleId='PST-220'; $PSVersionTable | Select-Object PSVersion, PSEdition; Write-Output (\\\"WAZUH_SAMPLE {0}\\\" -f $sampleId)\\r\\n\\r\\nScriptBlock ID: 88e5ae4d-1872-44e4-856c-9be6b61da98a\\r\\nPath: \\\"\"},\"eventdata\":{\"messageNumber\":\"1\",\"messageTotal\":\"1\",\"scriptBlockText\":\"$sampleId='PST-220'; $PSVersionTable | Select-Object PSVersion, PSEdition; Write-Output (\\\\\\\"WAZUH_SAMPLE {0}\\\\\\\" -f $sampleId)\",\"scriptBlockId\":\"88e5ae4d-1872-44e4-856c-9be6b61da98a\"}}}","id":"1784281037.558414","location":"EventChannel","manager":{"name":"MSI"},"timestamp":"2026-07-17T11:37:17.042+0200"}
{"agent":{"id":"001","ip":"172.28.192.1","name":"Windows-Host"},"data":{"win":{"eventdata":{"messageNumber":"1","messageTotal":"1","scriptBlockId":"3400c16a-d172-4dec-be06-f0c851d8e12f","scriptBlockText":"$sampleId='PST-221'; 'alpha','beta','gamma' | ForEach-Object { Get-FileHash -InputStream ([IO.MemoryStream]::new([Text.Encoding]::UTF8.GetBytes($_))) } | Select-Object -First 2 Algorithm, Hash; Write-Output 'hard benign variant 2'; Write-Output (\\\"WAZUH_SAMPLE {0}\\\" -f $sampleId)"},"system":{"channel":"Microsoft-Windows-PowerShell/Operational","computer":"MSI","eventID":"4104","eventRecordID":"723373","keywords":"0x0","level":"3","message":"\"Creating Scriptblock text (1 of 1):\r\n$sampleId='PST-221'; 'alpha','beta','gamma' | ForEach-Object { Get-FileHash -InputStream ([IO.MemoryStream]::new([Text.Encoding]::UTF8.GetBytes($_))) } | Select-Object -First 2 Algorithm, Hash; Write-Output 'hard benign variant 2'; Write-Output (\"WAZUH_SAMPLE {0}\" -f $sampleId)\r\n\r\nScriptBlock ID: 3400c16a-d172-4dec-be06-f0c851d8e12f\r\nPath: \"","opcode":"15","processID":"23324","providerGuid":"{a0c1853b-5c40-4b15-8766-3cf1c58f985a}","providerName":"Microsoft-Windows-PowerShell","severityValue":"WARNING","systemTime":"2026-07-17T09:37:16.5087165Z","task":"2","threadID":"21688","version":"1"}}},"decoder":{"name":"windows_eventchannel"},"full_log":"{\"win\":{\"system\":{\"providerName\":\"Microsoft-Windows-PowerShell\",\"providerGuid\":\"{a0c1853b-5c40-4b15-8766-3cf1c58f985a}\",\"eventID\":\"4104\",\"version\":\"1\",\"level\":\"3\",\"task\":\"2\",\"opcode\":\"15\",\"keywords\":\"0x0\",\"systemTime\":\"2026-07-17T09:37:16.5087165Z\",\"eventRecordID\":\"723373\",\"processID\":\"23324\",\"threadID\":\"21688\",\"channel\":\"Microsoft-Windows-PowerShell/Operational\",\"computer\":\"MSI\",\"severityValue\":\"WARNING\",\"message\":\"\\\"Creating Scriptblock text (1 of 1):\\r\\n$sampleId='PST-221'; 'alpha','beta','gamma' | ForEach-Object { Get-FileHash -InputStream ([IO.MemoryStream]::new([Text.Encoding]::UTF8.GetBytes($_))) } | Select-Object -First 2 Algorithm, Hash; Write-Output 'hard benign variant 2'; Write-Output (\\\"WAZUH_SAMPLE {0}\\\" -f $sampleId)\\r\\n\\r\\nScriptBlock ID: 3400c16a-d172-4dec-be06-f0c851d8e12f\\r\\nPath: \\\"\"},\"eventdata\":{\"messageNumber\":\"1\",\"messageTotal\":\"1\",\"scriptBlockText\":\"$sampleId='PST-221'; 'alpha','beta','gamma' | ForEach-Object { Get-FileHash -InputStream ([IO.MemoryStream]::new([Text.Encoding]::UTF8.GetBytes($_))) } | Select-Object -First 2 Algorithm, Hash; Write-Output 'hard benign variant 2'; Write-Output (\\\\\\\"WAZUH_SAMPLE {0}\\\\\\\" -f $sampleId)\",\"scriptBlockId\":\"3400c16a-d172-4dec-be06-f0c851d8e12f\"}}}","id":"1784281037.558414","location":"EventChannel","manager":{"name":"MSI"},"timestamp":"2026-07-17T11:37:17.069+0200"}
{"agent":{"id":"001","ip":"172.28.192.1","name":"Windows-Host"},"data":{"win":{"eventdata":{"messageNumber":"1","messageTotal":"1","scriptBlockId":"c9460ba9-a550-45cc-8aef-fa21c8b284f5","scriptBlockText":"$sampleId='PST-222'; $indicator='[System' + '.Drawi' + 'ng.Gra' + 'phics]::Fro' + 'mImage($b' + 'mp).Copy' + 'From' + 'Scree' + 'n(0,0,0,0,' + '$bmp.Siz' + 'e)'; Write-Output $indicator; Write-Output (\\\"WAZUH_SAMPLE {0}\\\" -f $sampleId)"},"system":{"channel":"Microsoft-Windows-PowerShell/Operational","computer":"MSI","eventID":"4104","eventRecordID":"723378","keywords":"0x0","level":"5","message":"\"Creating Scriptblock text (1 of 1):\r\n$sampleId='PST-222'; $indicator='[System' + '.Drawi' + 'ng.Gra' + 'phics]::Fro' + 'mImage($b' + 'mp).Copy' + 'From' + 'Scree' + 'n(0,0,0,0,' + '$bmp.Siz' + 'e)'; Write-Output $indicator; Write-Output (\"WAZUH_SAMPLE {0}\" -f $sampleId)\r\n\r\nScriptBlock ID: c9460ba9-a550-45cc-8aef-fa21c8b284f5\r\nPath: \"","opcode":"15","processID":"23324","providerGuid":"{a0c1853b-5c40-4b15-8766-3cf1c58f985a}","providerName":"Microsoft-Windows-PowerShell","severityValue":"VERBOSE","systemTime":"2026-07-17T09:37:16.8560113Z","task":"2","threadID":"21688","version":"1"}}},"decoder":{"name":"windows_eventchannel"},"full_log":"{\"win\":{\"system\":{\"providerName\":\"Microsoft-Windows-PowerShell\",\"providerGuid\":\"{a0c1853b-5c40-4b15-8766-3cf1c58f985a}\",\"eventID\":\"4104\",\"version\":\"1\",\"level\":\"5\",\"task\":\"2\",\"opcode\":\"15\",\"keywords\":\"0x0\",\"systemTime\":\"2026-07-17T09:37:16.8560113Z\",\"eventRecordID\":\"723378\",\"processID\":\"23324\",\"threadID\":\"21688\",\"channel\":\"Microsoft-Windows-PowerShell/Operational\",\"computer\":\"MSI\",\"severityValue\":\"VERBOSE\",\"message\":\"\\\"Creating Scriptblock text (1 of 1):\\r\\n$sampleId='PST-222'; $indicator='[System' + '.Drawi' + 'ng.Gra' + 'phics]::Fro' + 'mImage($b' + 'mp).Copy' + 'From' + 'Scree' + 'n(0,0,0,0,' + '$bmp.Siz' + 'e)'; Write-Output $indicator; Write-Output (\\\"WAZUH_SAMPLE {0}\\\" -f $sampleId)\\r\\n\\r\\nScriptBlock ID: c9460ba9-a550-45cc-8aef-fa21c8b284f5\\r\\nPath: \\\"\"},\"eventdata\":{\"messageNumber\":\"1\",\"messageTotal\":\"1\",\"scriptBlockText\":\"$sampleId='PST-222'; $indicator='[System' + '.Drawi' + 'ng.Gra' + 'phics]::Fro' + 'mImage($b' + 'mp).Copy' + 'From' + 'Scree' + 'n(0,0,0,0,' + '$bmp.Siz' + 'e)'; Write-Output $indicator; Write-Output (\\\\\\\"WAZUH_SAMPLE {0}\\\\\\\" -f $sampleId)\",\"scriptBlockId\":\"c9460ba9-a550-45cc-8aef-fa21c8b284f5\"}}}","id":"1784281037.558414","location":"EventChannel","manager":{"name":"MSI"},"timestamp":"2026-07-17T11:37:17.139+0200"}
{"agent":{"id":"001","ip":"172.28.192.1","name":"Windows-Host"},"data":{"win":{"eventdata":{"messageNumber":"1","messageTotal":"1","scriptBlockId":"d7fa5f59-6e18-4809-bf6a-e9e5a5391a3d","scriptBlockText":"$sampleId='PST-223'; $encoded='RwBlAHQALQBDAGgAaQBsAGQASQB0AGUAbQAgACcAQwA6AFwAVQBzAGUAcgBzACcAIAAtAFIAZQBjAHUAcgBzAGUAIAAtAEYAbwByAGMAZQAgAC0ARQByAHIAbwByAEEAYwB0AGkAbwBuACAAUwBpAGwAZQBuAHQAbAB5AEMAbwBuAHQAaQBuAHUAZQA='; $indicator=[Text.Encoding]::Unicode.GetString([Convert]::FromBase64String($encoded)); Write-Output $indicator; Write-Output (\\\"WAZUH_SAMPLE {0}\\\" -f $sampleId)"},"system":{"channel":"Microsoft-Windows-PowerShell/Operational","computer":"MSI","eventID":"4104","eventRecordID":"723383","keywords":"0x0","level":"5","message":"\"Creating Scriptblock text (1 of 1):\r\n$sampleId='PST-223'; $encoded='RwBlAHQALQBDAGgAaQBsAGQASQB0AGUAbQAgACcAQwA6AFwAVQBzAGUAcgBzACcAIAAtAFIAZQBjAHUAcgBzAGUAIAAtAEYAbwByAGMAZQAgAC0ARQByAHIAbwByAEEAYwB0AGkAbwBuACAAUwBpAGwAZQBuAHQAbAB5AEMAbwBuAHQAaQBuAHUAZQA='; $indicator=[Text.Encoding]::Unicode.GetString([Convert]::FromBase64String($encoded)); Write-Output $indicator; Write-Output (\"WAZUH_SAMPLE {0}\" -f $sampleId)\r\n\r\nScriptBlock ID: d7fa5f59-6e18-4809-bf6a-e9e5a5391a3d\r\nPath: \"","opcode":"15","processID":"23324","providerGuid":"{a0c1853b-5c40-4b15-8766-3cf1c58f985a}","providerName":"Microsoft-Windows-PowerShell","severityValue":"VERBOSE","systemTime":"2026-07-17T09:37:17.2135652Z","task":"2","threadID":"21688","version":"1"}}},"decoder":{"name":"windows_eventchannel"},"full_log":"{\"win\":{\"system\":{\"providerName\":\"Microsoft-Windows-PowerShell\",\"providerGuid\":\"{a0c1853b-5c40-4b15-8766-3cf1c58f985a}\",\"eventID\":\"4104\",\"version\":\"1\",\"level\":\"5\",\"task\":\"2\",\"opcode\":\"15\",\"keywords\":\"0x0\",\"systemTime\":\"2026-07-17T09:37:17.2135652Z\",\"eventRecordID\":\"723383\",\"processID\":\"23324\",\"threadID\":\"21688\",\"channel\":\"Microsoft-Windows-PowerShell/Operational\",\"computer\":\"MSI\",\"severityValue\":\"VERBOSE\",\"message\":\"\\\"Creating Scriptblock text (1 of 1):\\r\\n$sampleId='PST-223'; $encoded='RwBlAHQALQBDAGgAaQBsAGQASQB0AGUAbQAgACcAQwA6AFwAVQBzAGUAcgBzACcAIAAtAFIAZQBjAHUAcgBzAGUAIAAtAEYAbwByAGMAZQAgAC0ARQByAHIAbwByAEEAYwB0AGkAbwBuACAAUwBpAGwAZQBuAHQAbAB5AEMAbwBuAHQAaQBuAHUAZQA='; $indicator=[Text.Encoding]::Unicode.GetString([Convert]::FromBase64String($encoded)); Write-Output $indicator; Write-Output (\\\"WAZUH_SAMPLE {0}\\\" -f $sampleId)\\r\\n\\r\\nScriptBlock ID: d7fa5f59-6e18-4809-bf6a-e9e5a5391a3d\\r\\nPath: \\\"\"},\"eventdata\":{\"messageNumber\":\"1\",\"messageTotal\":\"1\",\"scriptBlockText\":\"$sampleId='PST-223'; $encoded='RwBlAHQALQBDAGgAaQBsAGQASQB0AGUAbQAgACcAQwA6AFwAVQBzAGUAcgBzACcAIAAtAFIAZQBjAHUAcgBzAGUAIAAtAEYAbwByAGMAZQAgAC0ARQByAHIAbwByAEEAYwB0AGkAbwBuACAAUwBpAGwAZQBuAHQAbAB5AEMAbwBuAHQAaQBuAHUAZQA='; $indicator=[Text.Encoding]::Unicode.GetString([Convert]::FromBase64String($encoded)); Write-Output $indicator; Write-Output (\\\\\\\"WAZUH_SAMPLE {0}\\\\\\\" -f $sampleId)\",\"scriptBlockId\":\"d7fa5f59-6e18-4809-bf6a-e9e5a5391a3d\"}}}","id":"1784281038.558414","location":"EventChannel","manager":{"name":"MSI"},"rule":{"description":"Powershell script may be using Base64 decoding method","firedtimes":20,"groups":["windows"," powershell"],"id":"91809","level":10,"mail":false,"mitre":{"id":["T1140"],"tactic":["Defense Evasion"],"technique":["Deobfuscate/Decode Files or Information"]}},"timestamp":"2026-07-17T11:37:18.142+0200"}
{"agent":{"id":"001","ip":"172.28.192.1","name":"Windows-Host"},"data":{"win":{"eventdata":{"messageNumber":"1","messageTotal":"1","scriptBlockId":"c16c93a6-f9ff-4f1b-9753-8ac739c8d8c6","scriptBlockText":"$sampleId='PST-224'; $parts=@('ClEAR','-hIsT`','ORy; re','mOve-iT','eM (GeT-PSR','EaDLine','optiON).','his`To','RySav`epAT','H -FOrce'); $indicator=($parts -join ''); Write-Output $indicator; Write-Output (\\\"WAZUH_SAMPLE {0}\\\" -f $sampleId)"},"system":{"channel":"Microsoft-Windows-PowerShell/Operational","computer":"MSI","eventID":"4104","eventRecordID":"723386","keywords":"0x0","level":"5","message":"\"Creating Scriptblock text (1 of 1):\r\n$sampleId='PST-224'; $parts=@('ClEAR','-hIsT`','ORy; re','mOve-iT','eM (GeT-PSR','EaDLine','optiON).','his`To','RySav`epAT','H -FOrce'); $indicator=($parts -join ''); Write-Output $indicator; Write-Output (\"WAZUH_SAMPLE {0}\" -f $sampleId)\r\n\r\nScriptBlock ID: c16c93a6-f9ff-4f1b-9753-8ac739c8d8c6\r\nPath: \"","opcode":"15","processID":"23324","providerGuid":"{a0c1853b-5c40-4b15-8766-3cf1c58f985a}","providerName":"Microsoft-Windows-PowerShell","severityValue":"VERBOSE","systemTime":"2026-07-17T09:37:17.5484263Z","task":"2","threadID":"21688","version":"1"}}},"decoder":{"name":"windows_eventchannel"},"full_log":"{\"win\":{\"system\":{\"providerName\":\"Microsoft-Windows-PowerShell\",\"providerGuid\":\"{a0c1853b-5c40-4b15-8766-3cf1c58f985a}\",\"eventID\":\"4104\",\"version\":\"1\",\"level\":\"5\",\"task\":\"2\",\"opcode\":\"15\",\"keywords\":\"0x0\",\"systemTime\":\"2026-07-17T09:37:17.5484263Z\",\"eventRecordID\":\"723386\",\"processID\":\"23324\",\"threadID\":\"21688\",\"channel\":\"Microsoft-Windows-PowerShell/Operational\",\"computer\":\"MSI\",\"severityValue\":\"VERBOSE\",\"message\":\"\\\"Creating Scriptblock text (1 of 1):\\r\\n$sampleId='PST-224'; $parts=@('ClEAR','-hIsT`','ORy; re','mOve-iT','eM (GeT-PSR','EaDLine','optiON).','his`To','RySav`epAT','H -FOrce'); $indicator=($parts -join ''); Write-Output $indicator; Write-Output (\\\"WAZUH_SAMPLE {0}\\\" -f $sampleId)\\r\\n\\r\\nScriptBlock ID: c16c93a6-f9ff-4f1b-9753-8ac739c8d8c6\\r\\nPath: \\\"\"},\"eventdata\":{\"messageNumber\":\"1\",\"messageTotal\":\"1\",\"scriptBlockText\":\"$sampleId='PST-224'; $parts=@('ClEAR','-hIsT`','ORy; re','mOve-iT','eM (GeT-PSR','EaDLine','optiON).','his`To','RySav`epAT','H -FOrce'); $indicator=($parts -join ''); Write-Output $indicator; Write-Output (\\\\\\\"WAZUH_SAMPLE {0}\\\\\\\" -f $sampleId)\",\"scriptBlockId\":\"c16c93a6-f9ff-4f1b-9753-8ac739c8d8c6\"}}}","id":"1784281038.560810","location":"EventChannel","manager":{"name":"MSI"},"timestamp":"2026-07-17T11:37:18.148+0200"}
{"agent":{"id":"001","ip":"172.28.192.1","name":"Windows-Host"},"data":{"win":{"eventdata":{"messageNumber":"1","messageTotal":"1","scriptBlockId":"7dbbce09-acec-4569-a1d3-8c829d982c52","scriptBlockText":"$sampleId='PST-225'; Get-NetAdapter | Select-Object -First 5 Name, Status, MacAddress; Write-Output (\\\"WAZUH_SAMPLE {0}\\\" -f $sampleId)"},"system":{"channel":"Microsoft-Windows-PowerShell/Operational","computer":"MSI","eventID":"4104","eventRecordID":"723389","keywords":"0x0","level":"5","message":"\"Creating Scriptblock text (1 of 1):\r\n$sampleId='PST-225'; Get-NetAdapter | Select-Object -First 5 Name, Status, MacAddress; Write-Output (\"WAZUH_SAMPLE {0}\" -f $sampleId)\r\n\r\nScriptBlock ID: 7dbbce09-acec-4569-a1d3-8c829d982c52\r\nPath: \"","opcode":"15","processID":"23324","providerGuid":"{a0c1853b-5c40-4b15-8766-3cf1c58f985a}","providerName":"Microsoft-Windows-PowerShell","severityValue":"VERBOSE","systemTime":"2026-07-17T09:37:17.8755738Z","task":"2","threadID":"21688","version":"1"}}},"decoder":{"name":"windows_eventchannel"},"full_log":"{\"win\":{\"system\":{\"providerName\":\"Microsoft-Windows-PowerShell\",\"providerGuid\":\"{a0c1853b-5c40-4b15-8766-3cf1c58f985a}\",\"eventID\":\"4104\",\"version\":\"1\",\"level\":\"5\",\"task\":\"2\",\"opcode\":\"15\",\"keywords\":\"0x0\",\"systemTime\":\"2026-07-17T09:37:17.8755738Z\",\"eventRecordID\":\"723389\",\"processID\":\"23324\",\"threadID\":\"21688\",\"channel\":\"Microsoft-Windows-PowerShell/Operational\",\"computer\":\"MSI\",\"severityValue\":\"VERBOSE\",\"message\":\"\\\"Creating Scriptblock text (1 of 1):\\r\\n$sampleId='PST-225'; Get-NetAdapter | Select-Object -First 5 Name, Status, MacAddress; Write-Output (\\\"WAZUH_SAMPLE {0}\\\" -f $sampleId)\\r\\n\\r\\nScriptBlock ID: 7dbbce09-acec-4569-a1d3-8c829d982c52\\r\\nPath: \\\"\"},\"eventdata\":{\"messageNumber\":\"1\",\"messageTotal\":\"1\",\"scriptBlockText\":\"$sampleId='PST-225'; Get-NetAdapter | Select-Object -First 5 Name, Status, MacAddress; Write-Output (\\\\\\\"WAZUH_SAMPLE {0}\\\\\\\" -f $sampleId)\",\"scriptBlockId\":\"7dbbce09-acec-4569-a1d3-8c829d982c52\"}}}","id":"1784281038.560810","location":"EventChannel","manager":{"name":"MSI"},"timestamp":"2026-07-17T11:37:18.153+0200"}
{"agent":{"id":"001","ip":"172.28.192.1","name":"Windows-Host"},"data":{"win":{"eventdata":{"messageNumber":"1","messageTotal":"1","scriptBlockId":"62c98a94-aa00-4a22-a07b-bacd371301a3","scriptBlockText":"$sampleId='PST-226'; $uri = 'https://intranet.example.local/status/api/v1/health?format=json'; Write-Output $uri; Write-Output 'hard benign variant 2'; Write-Output (\\\"WAZUH_SAMPLE {0}\\\" -f $sampleId)"},"system":{"channel":"Microsoft-Windows-PowerShell/Operational","computer":"MSI","eventID":"4104","eventRecordID":"723405","keywords":"0x0","level":"5","message":"\"Creating Scriptblock text (1 of 1):\r\n$sampleId='PST-226'; $uri = 'https://intranet.example.local/status/api/v1/health?format=json'; Write-Output $uri; Write-Output 'hard benign variant 2'; Write-Output (\"WAZUH_SAMPLE {0}\" -f $sampleId)\r\n\r\nScriptBlock ID: 62c98a94-aa00-4a22-a07b-bacd371301a3\r\nPath: \"","opcode":"15","processID":"23324","providerGuid":"{a0c1853b-5c40-4b15-8766-3cf1c58f985a}","providerName":"Microsoft-Windows-PowerShell","severityValue":"VERBOSE","systemTime":"2026-07-17T09:37:18.2747414Z","task":"2","threadID":"21688","version":"1"}}},"decoder":{"name":"windows_eventchannel"},"full_log":"{\"win\":{\"system\":{\"providerName\":\"Microsoft-Windows-PowerShell\",\"providerGuid\":\"{a0c1853b-5c40-4b15-8766-3cf1c58f985a}\",\"eventID\":\"4104\",\"version\":\"1\",\"level\":\"5\",\"task\":\"2\",\"opcode\":\"15\",\"keywords\":\"0x0\",\"systemTime\":\"2026-07-17T09:37:18.2747414Z\",\"eventRecordID\":\"723405\",\"processID\":\"23324\",\"threadID\":\"21688\",\"channel\":\"Microsoft-Windows-PowerShell/Operational\",\"computer\":\"MSI\",\"severityValue\":\"VERBOSE\",\"message\":\"\\\"Creating Scriptblock text (1 of 1):\\r\\n$sampleId='PST-226'; $uri = 'https://intranet.example.local/status/api/v1/health?format=json'; Write-Output $uri; Write-Output 'hard benign variant 2'; Write-Output (\\\"WAZUH_SAMPLE {0}\\\" -f $sampleId)\\r\\n\\r\\nScriptBlock ID: 62c98a94-aa00-4a22-a07b-bacd371301a3\\r\\nPath: \\\"\"},\"eventdata\":{\"messageNumber\":\"1\",\"messageTotal\":\"1\",\"scriptBlockText\":\"$sampleId='PST-226'; $uri = 'https://intranet.example.local/status/api/v1/health?format=json'; Write-Output $uri; Write-Output 'hard benign variant 2'; Write-Output (\\\\\\\"WAZUH_SAMPLE {0}\\\\\\\" -f $sampleId)\",\"scriptBlockId\":\"62c98a94-aa00-4a22-a07b-bacd371301a3\"}}}","id":"1784281039.560810","location":"EventChannel","manager":{"name":"MSI"},"timestamp":"2026-07-17T11:37:19.235+0200"}
{"agent":{"id":"001","ip":"172.28.192.1","name":"Windows-Host"},"data":{"win":{"eventdata":{"messageNumber":"1","messageTotal":"1","scriptBlockId":"ef93e106-dc88-4924-82d2-07033a6b8693","scriptBlockText":"$sampleId='PST-227'; $indicator='$profi`le=@{Sleep=60000;Jit`ter=0.25;Us`erAgent=''Mozil`la/5.0'';Uri=''/api/v1/sta`tus''}; Invo`ke-We`bRequest -Uri ''https://c2.ex`ample.inva`lid/api/v1/stat`us'''; Write-Output $indicator; Write-Output (\\\"WAZUH_SAMPLE {0}\\\" -f $sampleId)"},"system":{"channel":"Microsoft-Windows-PowerShell/Operational","computer":"MSI","eventID":"4104","eventRecordID":"723408","keywords":"0x0","level":"5","message":"\"Creating Scriptblock text (1 of 1):\r\n$sampleId='PST-227'; $indicator='$profi`le=@{Sleep=60000;Jit`ter=0.25;Us`erAgent=''Mozil`la/5.0'';Uri=''/api/v1/sta`tus''}; Invo`ke-We`bRequest -Uri ''https://c2.ex`ample.inva`lid/api/v1/stat`us'''; Write-Output $indicator; Write-Output (\"WAZUH_SAMPLE {0}\" -f $sampleId)\r\n\r\nScriptBlock ID: ef93e106-dc88-4924-82d2-07033a6b8693\r\nPath: \"","opcode":"15","processID":"23324","providerGuid":"{a0c1853b-5c40-4b15-8766-3cf1c58f985a}","providerName":"Microsoft-Windows-PowerShell","severityValue":"VERBOSE","systemTime":"2026-07-17T09:37:18.6159445Z","task":"2","threadID":"21688","version":"1"}}},"decoder":{"name":"windows_eventchannel"},"full_log":"{\"win\":{\"system\":{\"providerName\":\"Microsoft-Windows-PowerShell\",\"providerGuid\":\"{a0c1853b-5c40-4b15-8766-3cf1c58f985a}\",\"eventID\":\"4104\",\"version\":\"1\",\"level\":\"5\",\"task\":\"2\",\"opcode\":\"15\",\"keywords\":\"0x0\",\"systemTime\":\"2026-07-17T09:37:18.6159445Z\",\"eventRecordID\":\"723408\",\"processID\":\"23324\",\"threadID\":\"21688\",\"channel\":\"Microsoft-Windows-PowerShell/Operational\",\"computer\":\"MSI\",\"severityValue\":\"VERBOSE\",\"message\":\"\\\"Creating Scriptblock text (1 of 1):\\r\\n$sampleId='PST-227'; $indicator='$profi`le=@{Sleep=60000;Jit`ter=0.25;Us`erAgent=''Mozil`la/5.0'';Uri=''/api/v1/sta`tus''}; Invo`ke-We`bRequest -Uri ''https://c2.ex`ample.inva`lid/api/v1/stat`us'''; Write-Output $indicator; Write-Output (\\\"WAZUH_SAMPLE {0}\\\" -f $sampleId)\\r\\n\\r\\nScriptBlock ID: ef93e106-dc88-4924-82d2-07033a6b8693\\r\\nPath: \\\"\"},\"eventdata\":{\"messageNumber\":\"1\",\"messageTotal\":\"1\",\"scriptBlockText\":\"$sampleId='PST-227'; $indicator='$profi`le=@{Sleep=60000;Jit`ter=0.25;Us`erAgent=''Mozil`la/5.0'';Uri=''/api/v1/sta`tus''}; Invo`ke-We`bRequest -Uri ''https://c2.ex`ample.inva`lid/api/v1/stat`us'''; Write-Output $indicator; Write-Output (\\\\\\\"WAZUH_SAMPLE {0}\\\\\\\" -f $sampleId)\",\"scriptBlockId\":\"ef93e106-dc88-4924-82d2-07033a6b8693\"}}}","id":"1784281039.560810","location":"EventChannel","manager":{"name":"MSI"},"timestamp":"2026-07-17T11:37:19.241+0200"}
{"agent":{"id":"001","ip":"172.28.192.1","name":"Windows-Host"},"data":{"win":{"eventdata":{"messageNumber":"1","messageTotal":"1","scriptBlockId":"689e7bd2-cada-4053-aec9-fc1351235405","scriptBlockText":"$sampleId='PST-228'; Get-DnsClientCache -ErrorAction SilentlyContinue | Select-Object -First 5 Entry, Data; Write-Output 'benign variant 2'; Write-Output (\\\"WAZUH_SAMPLE {0}\\\" -f $sampleId)"},"system":{"channel":"Microsoft-Windows-PowerShell/Operational","computer":"MSI","eventID":"4104","eventRecordID":"723410","keywords":"0x0","level":"5","message":"\"Creating Scriptblock text (1 of 1):\r\n$sampleId='PST-228'; Get-DnsClientCache -ErrorAction SilentlyContinue | Select-Object -First 5 Entry, Data; Write-Output 'benign variant 2'; Write-Output (\"WAZUH_SAMPLE {0}\" -f $sampleId)\r\n\r\nScriptBlock ID: 689e7bd2-cada-4053-aec9-fc1351235405\r\nPath: \"","opcode":"15","processID":"23324","providerGuid":"{a0c1853b-5c40-4b15-8766-3cf1c58f985a}","providerName":"Microsoft-Windows-PowerShell","severityValue":"VERBOSE","systemTime":"2026-07-17T09:37:18.9544634Z","task":"2","threadID":"21688","version":"1"}}},"decoder":{"name":"windows_eventchannel"},"full_log":"{\"win\":{\"system\":{\"providerName\":\"Microsoft-Windows-PowerShell\",\"providerGuid\":\"{a0c1853b-5c40-4b15-8766-3cf1c58f985a}\",\"eventID\":\"4104\",\"version\":\"1\",\"level\":\"5\",\"task\":\"2\",\"opcode\":\"15\",\"keywords\":\"0x0\",\"systemTime\":\"2026-07-17T09:37:18.9544634Z\",\"eventRecordID\":\"723410\",\"processID\":\"23324\",\"threadID\":\"21688\",\"channel\":\"Microsoft-Windows-PowerShell/Operational\",\"computer\":\"MSI\",\"severityValue\":\"VERBOSE\",\"message\":\"\\\"Creating Scriptblock text (1 of 1):\\r\\n$sampleId='PST-228'; Get-DnsClientCache -ErrorAction SilentlyContinue | Select-Object -First 5 Entry, Data; Write-Output 'benign variant 2'; Write-Output (\\\"WAZUH_SAMPLE {0}\\\" -f $sampleId)\\r\\n\\r\\nScriptBlock ID: 689e7bd2-cada-4053-aec9-fc1351235405\\r\\nPath: \\\"\"},\"eventdata\":{\"messageNumber\":\"1\",\"messageTotal\":\"1\",\"scriptBlockText\":\"$sampleId='PST-228'; Get-DnsClientCache -ErrorAction SilentlyContinue | Select-Object -First 5 Entry, Data; Write-Output 'benign variant 2'; Write-Output (\\\\\\\"WAZUH_SAMPLE {0}\\\\\\\" -f $sampleId)\",\"scriptBlockId\":\"689e7bd2-cada-4053-aec9-fc1351235405\"}}}","id":"1784281039.560810","location":"EventChannel","manager":{"name":"MSI"},"timestamp":"2026-07-17T11:37:19.246+0200"}
{"agent":{"id":"001","ip":"172.28.192.1","name":"Windows-Host"},"data":{"win":{"eventdata":{"messageNumber":"1","messageTotal":"1","scriptBlockId":"178f00df-1d2c-47b4-aeaa-e27acbea8613","scriptBlockText":"$sampleId='PST-229'; $url = 'http://localhost:8080/healthz?component=agent&amp;format=text'; Write-Output $url; Write-Output (\\\"WAZUH_SAMPLE {0}\\\" -f $sampleId)"},"system":{"channel":"Microsoft-Windows-PowerShell/Operational","computer":"MSI","eventID":"4104","eventRecordID":"723416","keywords":"0x0","level":"5","message":"\"Creating Scriptblock text (1 of 1):\r\n$sampleId='PST-229'; $url = 'http://localhost:8080/healthz?component=agent&format=text'; Write-Output $url; Write-Output (\"WAZUH_SAMPLE {0}\" -f $sampleId)\r\n\r\nScriptBlock ID: 178f00df-1d2c-47b4-aeaa-e27acbea8613\r\nPath: \"","opcode":"15","processID":"23324","providerGuid":"{a0c1853b-5c40-4b15-8766-3cf1c58f985a}","providerName":"Microsoft-Windows-PowerShell","severityValue":"VERBOSE","systemTime":"2026-07-17T09:37:19.3526223Z","task":"2","threadID":"21688","version":"1"}}},"decoder":{"name":"windows_eventchannel"},"full_log":"{\"win\":{\"system\":{\"providerName\":\"Microsoft-Windows-PowerShell\",\"providerGuid\":\"{a0c1853b-5c40-4b15-8766-3cf1c58f985a}\",\"eventID\":\"4104\",\"version\":\"1\",\"level\":\"5\",\"task\":\"2\",\"opcode\":\"15\",\"keywords\":\"0x0\",\"systemTime\":\"2026-07-17T09:37:19.3526223Z\",\"eventRecordID\":\"723416\",\"processID\":\"23324\",\"threadID\":\"21688\",\"channel\":\"Microsoft-Windows-PowerShell/Operational\",\"computer\":\"MSI\",\"severityValue\":\"VERBOSE\",\"message\":\"\\\"Creating Scriptblock text (1 of 1):\\r\\n$sampleId='PST-229'; $url = 'http://localhost:8080/healthz?component=agent&format=text'; Write-Output $url; Write-Output (\\\"WAZUH_SAMPLE {0}\\\" -f $sampleId)\\r\\n\\r\\nScriptBlock ID: 178f00df-1d2c-47b4-aeaa-e27acbea8613\\r\\nPath: \\\"\"},\"eventdata\":{\"messageNumber\":\"1\",\"messageTotal\":\"1\",\"scriptBlockText\":\"$sampleId='PST-229'; $url = 'http://localhost:8080/healthz?component=agent&amp;format=text'; Write-Output $url; Write-Output (\\\\\\\"WAZUH_SAMPLE {0}\\\\\\\" -f $sampleId)\",\"scriptBlockId\":\"178f00df-1d2c-47b4-aeaa-e27acbea8613\"}}}","id":"1784281040.560810","location":"EventChannel","manager":{"name":"MSI"},"timestamp":"2026-07-17T11:37:20.360+0200"}
{"agent":{"id":"001","ip":"172.28.192.1","name":"Windows-Host"},"data":{"win":{"eventdata":{"messageNumber":"1","messageTotal":"1","scriptBlockId":"ee27b816-b0e5-4424-b9a9-2536f58e9036","scriptBlockText":"$sampleId='PST-230'; $indicator='Set-MpPreference -ExclusionPath ''C:\\\\__THESIS_INERT__'' -DisableRealtimeMonitoring $true'; Write-Output $indicator; Write-Output (\\\"WAZUH_SAMPLE {0}\\\" -f $sampleId)"},"system":{"channel":"Microsoft-Windows-PowerShell/Operational","computer":"MSI","eventID":"4104","eventRecordID":"723429","keywords":"0x0","level":"5","message":"\"Creating Scriptblock text (1 of 1):\r\n$sampleId='PST-230'; $indicator='Set-MpPreference -ExclusionPath ''C:\\__THESIS_INERT__'' -DisableRealtimeMonitoring $true'; Write-Output $indicator; Write-Output (\"WAZUH_SAMPLE {0}\" -f $sampleId)\r\n\r\nScriptBlock ID: ee27b816-b0e5-4424-b9a9-2536f58e9036\r\nPath: \"","opcode":"15","processID":"23324","providerGuid":"{a0c1853b-5c40-4b15-8766-3cf1c58f985a}","providerName":"Microsoft-Windows-PowerShell","severityValue":"VERBOSE","systemTime":"2026-07-17T09:37:19.6847509Z","task":"2","threadID":"21688","version":"1"}}},"decoder":{"name":"windows_eventchannel"},"full_log":"{\"win\":{\"system\":{\"providerName\":\"Microsoft-Windows-PowerShell\",\"providerGuid\":\"{a0c1853b-5c40-4b15-8766-3cf1c58f985a}\",\"eventID\":\"4104\",\"version\":\"1\",\"level\":\"5\",\"task\":\"2\",\"opcode\":\"15\",\"keywords\":\"0x0\",\"systemTime\":\"2026-07-17T09:37:19.6847509Z\",\"eventRecordID\":\"723429\",\"processID\":\"23324\",\"threadID\":\"21688\",\"channel\":\"Microsoft-Windows-PowerShell/Operational\",\"computer\":\"MSI\",\"severityValue\":\"VERBOSE\",\"message\":\"\\\"Creating Scriptblock text (1 of 1):\\r\\n$sampleId='PST-230'; $indicator='Set-MpPreference -ExclusionPath ''C:\\\\__THESIS_INERT__'' -DisableRealtimeMonitoring $true'; Write-Output $indicator; Write-Output (\\\"WAZUH_SAMPLE {0}\\\" -f $sampleId)\\r\\n\\r\\nScriptBlock ID: ee27b816-b0e5-4424-b9a9-2536f58e9036\\r\\nPath: \\\"\"},\"eventdata\":{\"messageNumber\":\"1\",\"messageTotal\":\"1\",\"scriptBlockText\":\"$sampleId='PST-230'; $indicator='Set-MpPreference -ExclusionPath ''C:\\\\\\\\__THESIS_INERT__'' -DisableRealtimeMonitoring $true'; Write-Output $indicator; Write-Output (\\\\\\\"WAZUH_SAMPLE {0}\\\\\\\" -f $sampleId)\",\"scriptBlockId\":\"ee27b816-b0e5-4424-b9a9-2536f58e9036\"}}}","id":"1784281040.560810","location":"EventChannel","manager":{"name":"MSI"},"timestamp":"2026-07-17T11:37:20.526+0200"}
{"agent":{"id":"001","ip":"172.28.192.1","name":"Windows-Host"},"data":{"win":{"eventdata":{"messageNumber":"1","messageTotal":"1","scriptBlockId":"ec86409f-ce72-435b-a624-b99d9b368380","scriptBlockText":"$sampleId='PST-231'; $settingText = 'Defender monitoring status read-only review'; Write-Output $settingText; Get-MpComputerStatus -ErrorAction SilentlyContinue | Select-Object AMServiceEnabled; Write-Output 'hard benign variant 2'; Write-Output (\\\"WAZUH_SAMPLE {0}\\\" -f $sampleId)"},"system":{"channel":"Microsoft-Windows-PowerShell/Operational","computer":"MSI","eventID":"4104","eventRecordID":"723431","keywords":"0x0","level":"5","message":"\"Creating Scriptblock text (1 of 1):\r\n$sampleId='PST-231'; $settingText = 'Defender monitoring status read-only review'; Write-Output $settingText; Get-MpComputerStatus -ErrorAction SilentlyContinue | Select-Object AMServiceEnabled; Write-Output 'hard benign variant 2'; Write-Output (\"WAZUH_SAMPLE {0}\" -f $sampleId)\r\n\r\nScriptBlock ID: ec86409f-ce72-435b-a624-b99d9b368380\r\nPath: \"","opcode":"15","processID":"23324","providerGuid":"{a0c1853b-5c40-4b15-8766-3cf1c58f985a}","providerName":"Microsoft-Windows-PowerShell","severityValue":"VERBOSE","systemTime":"2026-07-17T09:37:20.0085655Z","task":"2","threadID":"21688","version":"1"}}},"decoder":{"name":"windows_eventchannel"},"full_log":"{\"win\":{\"system\":{\"providerName\":\"Microsoft-Windows-PowerShell\",\"providerGuid\":\"{a0c1853b-5c40-4b15-8766-3cf1c58f985a}\",\"eventID\":\"4104\",\"version\":\"1\",\"level\":\"5\",\"task\":\"2\",\"opcode\":\"15\",\"keywords\":\"0x0\",\"systemTime\":\"2026-07-17T09:37:20.0085655Z\",\"eventRecordID\":\"723431\",\"processID\":\"23324\",\"threadID\":\"21688\",\"channel\":\"Microsoft-Windows-PowerShell/Operational\",\"computer\":\"MSI\",\"severityValue\":\"VERBOSE\",\"message\":\"\\\"Creating Scriptblock text (1 of 1):\\r\\n$sampleId='PST-231'; $settingText = 'Defender monitoring status read-only review'; Write-Output $settingText; Get-MpComputerStatus -ErrorAction SilentlyContinue | Select-Object AMServiceEnabled; Write-Output 'hard benign variant 2'; Write-Output (\\\"WAZUH_SAMPLE {0}\\\" -f $sampleId)\\r\\n\\r\\nScriptBlock ID: ec86409f-ce72-435b-a624-b99d9b368380\\r\\nPath: \\\"\"},\"eventdata\":{\"messageNumber\":\"1\",\"messageTotal\":\"1\",\"scriptBlockText\":\"$sampleId='PST-231'; $settingText = 'Defender monitoring status read-only review'; Write-Output $settingText; Get-MpComputerStatus -ErrorAction SilentlyContinue | Select-Object AMServiceEnabled; Write-Output 'hard benign variant 2'; Write-Output (\\\\\\\"WAZUH_SAMPLE {0}\\\\\\\" -f $sampleId)\",\"scriptBlockId\":\"ec86409f-ce72-435b-a624-b99d9b368380\"}}}","id":"1784281040.560810","location":"EventChannel","manager":{"name":"MSI"},"timestamp":"2026-07-17T11:37:20.555+0200"}
{"agent":{"id":"001","ip":"172.28.192.1","name":"Windows-Host"},"data":{"win":{"eventdata":{"messageNumber":"1","messageTotal":"1","scriptBlockId":"624e1e78-1348-469b-a37e-c7a1cbc2a814","scriptBlockText":"$sampleId='PST-232'; Get-Printer -ErrorAction SilentlyContinue | Select-Object -First 5 Name, DriverName; Write-Output 'benign variant 2'; Write-Output (\\\"WAZUH_SAMPLE {0}\\\" -f $sampleId)"},"system":{"channel":"Microsoft-Windows-PowerShell/Operational","computer":"MSI","eventID":"4104","eventRecordID":"723435","keywords":"0x0","level":"5","message":"\"Creating Scriptblock text (1 of 1):\r\n$sampleId='PST-232'; Get-Printer -ErrorAction SilentlyContinue | Select-Object -First 5 Name, DriverName; Write-Output 'benign variant 2'; Write-Output (\"WAZUH_SAMPLE {0}\" -f $sampleId)\r\n\r\nScriptBlock ID: 624e1e78-1348-469b-a37e-c7a1cbc2a814\r\nPath: \"","opcode":"15","processID":"23324","providerGuid":"{a0c1853b-5c40-4b15-8766-3cf1c58f985a}","providerName":"Microsoft-Windows-PowerShell","severityValue":"VERBOSE","systemTime":"2026-07-17T09:37:20.4511047Z","task":"2","threadID":"21688","version":"1"}}},"decoder":{"name":"windows_eventchannel"},"full_log":"{\"win\":{\"system\":{\"providerName\":\"Microsoft-Windows-PowerShell\",\"providerGuid\":\"{a0c1853b-5c40-4b15-8766-3cf1c58f985a}\",\"eventID\":\"4104\",\"version\":\"1\",\"level\":\"5\",\"task\":\"2\",\"opcode\":\"15\",\"keywords\":\"0x0\",\"systemTime\":\"2026-07-17T09:37:20.4511047Z\",\"eventRecordID\":\"723435\",\"processID\":\"23324\",\"threadID\":\"21688\",\"channel\":\"Microsoft-Windows-PowerShell/Operational\",\"computer\":\"MSI\",\"severityValue\":\"VERBOSE\",\"message\":\"\\\"Creating Scriptblock text (1 of 1):\\r\\n$sampleId='PST-232'; Get-Printer -ErrorAction SilentlyContinue | Select-Object -First 5 Name, DriverName; Write-Output 'benign variant 2'; Write-Output (\\\"WAZUH_SAMPLE {0}\\\" -f $sampleId)\\r\\n\\r\\nScriptBlock ID: 624e1e78-1348-469b-a37e-c7a1cbc2a814\\r\\nPath: \\\"\"},\"eventdata\":{\"messageNumber\":\"1\",\"messageTotal\":\"1\",\"scriptBlockText\":\"$sampleId='PST-232'; Get-Printer -ErrorAction SilentlyContinue | Select-Object -First 5 Name, DriverName; Write-Output 'benign variant 2'; Write-Output (\\\\\\\"WAZUH_SAMPLE {0}\\\\\\\" -f $sampleId)\",\"scriptBlockId\":\"624e1e78-1348-469b-a37e-c7a1cbc2a814\"}}}","id":"1784281041.560810","location":"EventChannel","manager":{"name":"MSI"},"timestamp":"2026-07-17T11:37:21.332+0200"}
{"agent":{"id":"001","ip":"172.28.192.1","name":"Windows-Host"},"data":{"win":{"eventdata":{"messageNumber":"1","messageTotal":"1","scriptBlockId":"5c285810-8c3e-4403-abb5-adb211fee028","scriptBlockText":"$sampleId='PST-233'; Write-Host ('Host: ' + $env:COMPUTERNAME + '; User: ' + $env:USERNAME); Write-Output 'benign variant 2'; Write-Output (\\\"WAZUH_SAMPLE {0}\\\" -f $sampleId)"},"system":{"channel":"Microsoft-Windows-PowerShell/Operational","computer":"MSI","eventID":"4104","eventRecordID":"723486","keywords":"0x0","level":"5","message":"\"Creating Scriptblock text (1 of 1):\r\n$sampleId='PST-233'; Write-Host ('Host: ' + $env:COMPUTERNAME + '; User: ' + $env:USERNAME); Write-Output 'benign variant 2'; Write-Output (\"WAZUH_SAMPLE {0}\" -f $sampleId)\r\n\r\nScriptBlock ID: 5c285810-8c3e-4403-abb5-adb211fee028\r\nPath: \"","opcode":"15","processID":"23324","providerGuid":"{a0c1853b-5c40-4b15-8766-3cf1c58f985a}","providerName":"Microsoft-Windows-PowerShell","severityValue":"VERBOSE","systemTime":"2026-07-17T09:37:22.0797459Z","task":"2","threadID":"21688","version":"1"}}},"decoder":{"name":"windows_eventchannel"},"full_log":"{\"win\":{\"system\":{\"providerName\":\"Microsoft-Windows-PowerShell\",\"providerGuid\":\"{a0c1853b-5c40-4b15-8766-3cf1c58f985a}\",\"eventID\":\"4104\",\"version\":\"1\",\"level\":\"5\",\"task\":\"2\",\"opcode\":\"15\",\"keywords\":\"0x0\",\"systemTime\":\"2026-07-17T09:37:22.0797459Z\",\"eventRecordID\":\"723486\",\"processID\":\"23324\",\"threadID\":\"21688\",\"channel\":\"Microsoft-Windows-PowerShell/Operational\",\"computer\":\"MSI\",\"severityValue\":\"VERBOSE\",\"message\":\"\\\"Creating Scriptblock text (1 of 1):\\r\\n$sampleId='PST-233'; Write-Host ('Host: ' + $env:COMPUTERNAME + '; User: ' + $env:USERNAME); Write-Output 'benign variant 2'; Write-Output (\\\"WAZUH_SAMPLE {0}\\\" -f $sampleId)\\r\\n\\r\\nScriptBlock ID: 5c285810-8c3e-4403-abb5-adb211fee028\\r\\nPath: \\\"\"},\"eventdata\":{\"messageNumber\":\"1\",\"messageTotal\":\"1\",\"scriptBlockText\":\"$sampleId='PST-233'; Write-Host ('Host: ' + $env:COMPUTERNAME + '; User: ' + $env:USERNAME); Write-Output 'benign variant 2'; Write-Output (\\\\\\\"WAZUH_SAMPLE {0}\\\\\\\" -f $sampleId)\",\"scriptBlockId\":\"5c285810-8c3e-4403-abb5-adb211fee028\"}}}","id":"1784281042.563985","location":"EventChannel","manager":{"name":"MSI"},"rule":{"description":"Powershell script querying system environment variables","firedtimes":21,"groups":["windows"," powershell"],"id":"91816","level":4,"mail":false,"mitre":{"id":["T1082"],"tactic":["Discovery"],"technique":["System Information Discovery"]}},"timestamp":"2026-07-17T11:37:22.474+0200"}
{"agent":{"id":"001","ip":"172.28.192.1","name":"Windows-Host"},"data":{"win":{"eventdata":{"messageNumber":"1","messageTotal":"1","scriptBlockId":"d1976d6d-1080-4999-ad1f-accee06ace24","scriptBlockText":"$sampleId='PST-234'; $encoded='SQBuAHYAbwBrAGUALQBLAGUAcgBiAGUAcgBvAGEAcwB0ACAALQBPAHUAdABwAHUAdABGAG8AcgBtAGEAdAAgAEgAYQBzAGgAYwBhAHQAIAB8ACAAUwBlAGwAZQBjAHQALQBPAGIAagBlAGMAdAAgAFMAYQBtAEEAYwBjAG8AdQBuAHQATgBhAG0AZQAsAEgAYQBzAGgA'; $indicator=[Text.Encoding]::Unicode.GetString([Convert]::FromBase64String($encoded)); Write-Output $indicator; Write-Output (\\\"WAZUH_SAMPLE {0}\\\" -f $sampleId)"},"system":{"channel":"Microsoft-Windows-PowerShell/Operational","computer":"MSI","eventID":"4104","eventRecordID":"723491","keywords":"0x0","level":"5","message":"\"Creating Scriptblock text (1 of 1):\r\n$sampleId='PST-234'; $encoded='SQBuAHYAbwBrAGUALQBLAGUAcgBiAGUAcgBvAGEAcwB0ACAALQBPAHUAdABwAHUAdABGAG8AcgBtAGEAdAAgAEgAYQBzAGgAYwBhAHQAIAB8ACAAUwBlAGwAZQBjAHQALQBPAGIAagBlAGMAdAAgAFMAYQBtAEEAYwBjAG8AdQBuAHQATgBhAG0AZQAsAEgAYQBzAGgA'; $indicator=[Text.Encoding]::Unicode.GetString([Convert]::FromBase64String($encoded)); Write-Output $indicator; Write-Output (\"WAZUH_SAMPLE {0}\" -f $sampleId)\r\n\r\nScriptBlock ID: d1976d6d-1080-4999-ad1f-accee06ace24\r\nPath: \"","opcode":"15","processID":"23324","providerGuid":"{a0c1853b-5c40-4b15-8766-3cf1c58f985a}","providerName":"Microsoft-Windows-PowerShell","severityValue":"VERBOSE","systemTime":"2026-07-17T09:37:22.7241668Z","task":"2","threadID":"21688","version":"1"}}},"decoder":{"name":"windows_eventchannel"},"full_log":"{\"win\":{\"system\":{\"providerName\":\"Microsoft-Windows-PowerShell\",\"providerGuid\":\"{a0c1853b-5c40-4b15-8766-3cf1c58f985a}\",\"eventID\":\"4104\",\"version\":\"1\",\"level\":\"5\",\"task\":\"2\",\"opcode\":\"15\",\"keywords\":\"0x0\",\"systemTime\":\"2026-07-17T09:37:22.7241668Z\",\"eventRecordID\":\"723491\",\"processID\":\"23324\",\"threadID\":\"21688\",\"channel\":\"Microsoft-Windows-PowerShell/Operational\",\"computer\":\"MSI\",\"severityValue\":\"VERBOSE\",\"message\":\"\\\"Creating Scriptblock text (1 of 1):\\r\\n$sampleId='PST-234'; $encoded='SQBuAHYAbwBrAGUALQBLAGUAcgBiAGUAcgBvAGEAcwB0ACAALQBPAHUAdABwAHUAdABGAG8AcgBtAGEAdAAgAEgAYQBzAGgAYwBhAHQAIAB8ACAAUwBlAGwAZQBjAHQALQBPAGIAagBlAGMAdAAgAFMAYQBtAEEAYwBjAG8AdQBuAHQATgBhAG0AZQAsAEgAYQBzAGgA'; $indicator=[Text.Encoding]::Unicode.GetString([Convert]::FromBase64String($encoded)); Write-Output $indicator; Write-Output (\\\"WAZUH_SAMPLE {0}\\\" -f $sampleId)\\r\\n\\r\\nScriptBlock ID: d1976d6d-1080-4999-ad1f-accee06ace24\\r\\nPath: \\\"\"},\"eventdata\":{\"messageNumber\":\"1\",\"messageTotal\":\"1\",\"scriptBlockText\":\"$sampleId='PST-234'; $encoded='SQBuAHYAbwBrAGUALQBLAGUAcgBiAGUAcgBvAGEAcwB0ACAALQBPAHUAdABwAHUAdABGAG8AcgBtAGEAdAAgAEgAYQBzAGgAYwBhAHQAIAB8ACAAUwBlAGwAZQBjAHQALQBPAGIAagBlAGMAdAAgAFMAYQBtAEEAYwBjAG8AdQBuAHQATgBhAG0AZQAsAEgAYQBzAGgA'; $indicator=[Text.Encoding]::Unicode.GetString([Convert]::FromBase64String($encoded)); Write-Output $indicator; Write-Output (\\\\\\\"WAZUH_SAMPLE {0}\\\\\\\" -f $sampleId)\",\"scriptBlockId\":\"d1976d6d-1080-4999-ad1f-accee06ace24\"}}}","id":"1784281043.566333","location":"EventChannel","manager":{"name":"MSI"},"rule":{"description":"Powershell script may be using Base64 decoding method","firedtimes":21,"groups":["windows"," powershell"],"id":"91809","level":10,"mail":false,"mitre":{"id":["T1140"],"tactic":["Defense Evasion"],"technique":["Deobfuscate/Decode Files or Information"]}},"timestamp":"2026-07-17T11:37:23.564+0200"}
