{"timestamp":"2026-07-05T14:11:58.854+0200","rule":{"level":10,"description":"Powershell script may be using Base64 decoding method","id":"91809","mitre":{"id":["T1140"],"tactic":["Defense Evasion"],"technique":["Deobfuscate/Decode Files or Information"]},"firedtimes":7,"mail":false,"groups":["windows"," powershell"]},"agent":{"id":"001","name":"Windows-Host","ip":"172.28.192.1"},"manager":{"name":"MSI"},"id":"1783253518.1262284","decoder":{"name":"windows_eventchannel"},"data":{"win":{"system":{"providerName":"Microsoft-Windows-PowerShell","providerGuid":"{a0c1853b-5c40-4b15-8766-3cf1c58f985a}","eventID":"4104","version":"1","level":"5","task":"2","opcode":"15","keywords":"0x0","systemTime":"2026-07-05T12:11:58.2428433Z","eventRecordID":"117098","processID":"28248","threadID":"19716","channel":"Microsoft-Windows-PowerShell/Operational","computer":"MSI","severityValue":"VERBOSE","message":"\"Creating Scriptblock text (1 of 1):\r\n$sampleId = 'BEN-103'; $scenario = 'hard_benign_base64_decode_config_v1'; $b = 'VwByAGkAdABlAC0ATwB1AHQAcAB1AHQAIAAnAHQAZQBzAHQAIABvAG4AbAB5ACcA'; [Text.Encoding]::Unicode.GetString([Convert]::FromBase64String($b)); Write-Output (\"WAZUH_SAMPLE {0} {1}\" -f $sampleId, $scenario)\r\n\r\nScriptBlock ID: 35ae033d-7869-4e3e-8298-e192966ca5ce\r\nPath: \""},"eventdata":{"messageNumber":"1","messageTotal":"1","scriptBlockText":"$sampleId = 'BEN-103'; $scenario = 'hard_benign_base64_decode_config_v1'; $b = 'VwByAGkAdABlAC0ATwB1AHQAcAB1AHQAIAAnAHQAZQBzAHQAIABvAG4AbAB5ACcA'; [Text.Encoding]::Unicode.GetString([Convert]::FromBase64String($b)); Write-Output (\\\"WAZUH_SAMPLE {0} {1}\\\" -f $sampleId, $scenario)","scriptBlockId":"35ae033d-7869-4e3e-8298-e192966ca5ce"}}},"location":"EventChannel"}
{"timestamp":"2026-07-05T14:11:58.913+0200","rule":{"level":4,"description":"Powershell script querying system environment variables","id":"91816","mitre":{"id":["T1082"],"tactic":["Discovery"],"technique":["System Information Discovery"]},"firedtimes":13,"mail":false,"groups":["windows"," powershell"]},"agent":{"id":"001","name":"Windows-Host","ip":"172.28.192.1"},"manager":{"name":"MSI"},"id":"1783253518.1265052","decoder":{"name":"windows_eventchannel"},"data":{"win":{"system":{"providerName":"Microsoft-Windows-PowerShell","providerGuid":"{a0c1853b-5c40-4b15-8766-3cf1c58f985a}","eventID":"4104","version":"1","level":"5","task":"2","opcode":"15","keywords":"0x0","systemTime":"2026-07-05T12:11:58.3658117Z","eventRecordID":"117102","processID":"28248","threadID":"19716","channel":"Microsoft-Windows-PowerShell/Operational","computer":"MSI","severityValue":"VERBOSE","message":"\"Creating Scriptblock text (1 of 1):\r\n$sampleId = 'BEN-104'; $scenario = 'hard_concat_report_name_v1'; $name = ('weekly' + '-' + 'inventory' + '-' + 'report' + '-' + $env:COMPUTERNAME); Write-Output $name; Write-Output (\"WAZUH_SAMPLE {0} {1}\" -f $sampleId, $scenario)\r\n\r\nScriptBlock ID: 49785f9d-0aaa-4a14-912f-2c66bc32ee30\r\nPath: \""},"eventdata":{"messageNumber":"1","messageTotal":"1","scriptBlockText":"$sampleId = 'BEN-104'; $scenario = 'hard_concat_report_name_v1'; $name = ('weekly' + '-' + 'inventory' + '-' + 'report' + '-' + $env:COMPUTERNAME); Write-Output $name; Write-Output (\\\"WAZUH_SAMPLE {0} {1}\\\" -f $sampleId, $scenario)","scriptBlockId":"49785f9d-0aaa-4a14-912f-2c66bc32ee30"}}},"location":"EventChannel"}
{"timestamp":"2026-07-05T14:12:02.214+0200","rule":{"level":10,"description":"Powershell script may be using Base64 decoding method","id":"91809","mitre":{"id":["T1140"],"tactic":["Defense Evasion"],"technique":["Deobfuscate/Decode Files or Information"]},"firedtimes":8,"mail":false,"groups":["windows"," powershell"]},"agent":{"id":"001","name":"Windows-Host","ip":"172.28.192.1"},"manager":{"name":"MSI"},"id":"1783253522.1267629","decoder":{"name":"windows_eventchannel"},"data":{"win":{"system":{"providerName":"Microsoft-Windows-PowerShell","providerGuid":"{a0c1853b-5c40-4b15-8766-3cf1c58f985a}","eventID":"4104","version":"1","level":"5","task":"2","opcode":"15","keywords":"0x0","systemTime":"2026-07-05T12:12:01.7961601Z","eventRecordID":"117237","processID":"28248","threadID":"19716","channel":"Microsoft-Windows-PowerShell/Operational","computer":"MSI","severityValue":"VERBOSE","message":"\"Creating Scriptblock text (1 of 1):\r\n$sampleId = 'BEN-122'; $scenario = 'hard_base64_inventory_note_v1'; $b = 'aW52ZW50b3J5LW5vdGU='; [Text.Encoding]::UTF8.GetString([Convert]::FromBase64String($b)); Write-Output (\"WAZUH_SAMPLE {0} {1}\" -f $sampleId, $scenario)\r\n\r\nScriptBlock ID: 19bc91a7-d60d-4ec6-bcca-5de856b454c6\r\nPath: \""},"eventdata":{"messageNumber":"1","messageTotal":"1","scriptBlockText":"$sampleId = 'BEN-122'; $scenario = 'hard_base64_inventory_note_v1'; $b = 'aW52ZW50b3J5LW5vdGU='; [Text.Encoding]::UTF8.GetString([Convert]::FromBase64String($b)); Write-Output (\\\"WAZUH_SAMPLE {0} {1}\\\" -f $sampleId, $scenario)","scriptBlockId":"19bc91a7-d60d-4ec6-bcca-5de856b454c6"}}},"location":"EventChannel"}
{"timestamp":"2026-07-05T14:12:02.226+0200","rule":{"level":4,"description":"Powershell script querying system environment variables","id":"91816","mitre":{"id":["T1082"],"tactic":["Discovery"],"technique":["System Information Discovery"]},"firedtimes":14,"mail":false,"groups":["windows"," powershell"]},"agent":{"id":"001","name":"Windows-Host","ip":"172.28.192.1"},"manager":{"name":"MSI"},"id":"1783253522.1270185","decoder":{"name":"windows_eventchannel"},"data":{"win":{"system":{"providerName":"Microsoft-Windows-PowerShell","providerGuid":"{a0c1853b-5c40-4b15-8766-3cf1c58f985a}","eventID":"4104","version":"1","level":"5","task":"2","opcode":"15","keywords":"0x0","systemTime":"2026-07-05T12:12:01.9111654Z","eventRecordID":"117239","processID":"28248","threadID":"19716","channel":"Microsoft-Windows-PowerShell/Operational","computer":"MSI","severityValue":"VERBOSE","message":"\"Creating Scriptblock text (1 of 1):\r\n$sampleId = 'BEN-123'; $scenario = 'hard_mixed_case_variable_names_v1'; $SeRvErNaMe = $env:COMPUTERNAME; $AuDiTMoDe = 'ReadOnly'; Write-Output ($SeRvErNaMe + ':' + $AuDiTMoDe); Write-Output (\"WAZUH_SAMPLE {0} {1}\" -f $sampleId, $scenario)\r\n\r\nScriptBlock ID: 277b18ab-eec1-4e95-90c4-c3b3cc198133\r\nPath: \""},"eventdata":{"messageNumber":"1","messageTotal":"1","scriptBlockText":"$sampleId = 'BEN-123'; $scenario = 'hard_mixed_case_variable_names_v1'; $SeRvErNaMe = $env:COMPUTERNAME; $AuDiTMoDe = 'ReadOnly'; Write-Output ($SeRvErNaMe + ':' + $AuDiTMoDe); Write-Output (\\\"WAZUH_SAMPLE {0} {1}\\\" -f $sampleId, $scenario)","scriptBlockId":"277b18ab-eec1-4e95-90c4-c3b3cc198133"}}},"location":"EventChannel"}
{"timestamp":"2026-07-05T14:12:03.028+0200","rule":{"level":4,"description":"Powershell executing process discovery","id":"91815","mitre":{"id":["T1057"],"tactic":["Discovery"],"technique":["Process Discovery"]},"firedtimes":9,"mail":false,"groups":["windows"," powershell"]},"agent":{"id":"001","name":"Windows-Host","ip":"172.28.192.1"},"manager":{"name":"MSI"},"id":"1783253523.1272798","decoder":{"name":"windows_eventchannel"},"data":{"win":{"system":{"providerName":"Microsoft-Windows-PowerShell","providerGuid":"{a0c1853b-5c40-4b15-8766-3cf1c58f985a}","eventID":"4104","version":"1","level":"5","task":"2","opcode":"15","keywords":"0x0","systemTime":"2026-07-05T12:12:02.0231278Z","eventRecordID":"117240","processID":"28248","threadID":"19716","channel":"Microsoft-Windows-PowerShell/Operational","computer":"MSI","severityValue":"VERBOSE","message":"\"Creating Scriptblock text (1 of 1):\r\n$sampleId = 'BEN-124'; $scenario = 'hard_backtick_line_continuation_v1'; Get-Process `\n| Select-Object -First 3 Name, Id; Write-Output (\"WAZUH_SAMPLE {0} {1}\" -f $sampleId, $scenario)\r\n\r\nScriptBlock ID: f4355fd4-e2ff-4a32-aee8-c7945219ee4d\r\nPath: \""},"eventdata":{"messageNumber":"1","messageTotal":"1","scriptBlockText":"$sampleId = 'BEN-124'; $scenario = 'hard_backtick_line_continuation_v1'; Get-Process ` | Select-Object -First 3 Name, Id; Write-Output (\\\"WAZUH_SAMPLE {0} {1}\\\" -f $sampleId, $scenario)","scriptBlockId":"f4355fd4-e2ff-4a32-aee8-c7945219ee4d"}}},"location":"EventChannel"}
{"timestamp":"2026-07-05T14:12:03.042+0200","rule":{"level":10,"description":"Powershell script may be using Base64 decoding method","id":"91809","mitre":{"id":["T1140"],"tactic":["Defense Evasion"],"technique":["Deobfuscate/Decode Files or Information"]},"firedtimes":9,"mail":false,"groups":["windows"," powershell"]},"agent":{"id":"001","name":"Windows-Host","ip":"172.28.192.1"},"manager":{"name":"MSI"},"id":"1783253523.1275175","decoder":{"name":"windows_eventchannel"},"data":{"win":{"system":{"providerName":"Microsoft-Windows-PowerShell","providerGuid":"{a0c1853b-5c40-4b15-8766-3cf1c58f985a}","eventID":"4104","version":"1","level":"5","task":"2","opcode":"15","keywords":"0x0","systemTime":"2026-07-05T12:12:02.5287654Z","eventRecordID":"117246","processID":"28248","threadID":"19716","channel":"Microsoft-Windows-PowerShell/Operational","computer":"MSI","severityValue":"VERBOSE","message":"\"Creating Scriptblock text (1 of 1):\r\n$sampleId = 'BEN-128'; $scenario = 'hard_benign_base64_decode_config_v2'; $b = 'VwByAGkAdABlAC0ATwB1AHQAcAB1AHQAIAAnAHQAZQBzAHQAIABvAG4AbAB5ACcA'; [Text.Encoding]::Unicode.GetString([Convert]::FromBase64String($b)); Write-Output 'hard benign variant 2'; Write-Output (\"WAZUH_SAMPLE {0} {1}\" -f $sampleId, $scenario)\r\n\r\nScriptBlock ID: c35d6bd2-049c-45db-8d49-068726e3844b\r\nPath: \""},"eventdata":{"messageNumber":"1","messageTotal":"1","scriptBlockText":"$sampleId = 'BEN-128'; $scenario = 'hard_benign_base64_decode_config_v2'; $b = 'VwByAGkAdABlAC0ATwB1AHQAcAB1AHQAIAAnAHQAZQBzAHQAIABvAG4AbAB5ACcA'; [Text.Encoding]::Unicode.GetString([Convert]::FromBase64String($b)); Write-Output 'hard benign variant 2'; Write-Output (\\\"WAZUH_SAMPLE {0} {1}\\\" -f $sampleId, $scenario)","scriptBlockId":"c35d6bd2-049c-45db-8d49-068726e3844b"}}},"location":"EventChannel"}
{"timestamp":"2026-07-05T14:12:03.049+0200","rule":{"level":4,"description":"Powershell script querying system environment variables","id":"91816","mitre":{"id":["T1082"],"tactic":["Discovery"],"technique":["System Information Discovery"]},"firedtimes":15,"mail":false,"groups":["windows"," powershell"]},"agent":{"id":"001","name":"Windows-Host","ip":"172.28.192.1"},"manager":{"name":"MSI"},"id":"1783253523.1278095","decoder":{"name":"windows_eventchannel"},"data":{"win":{"system":{"providerName":"Microsoft-Windows-PowerShell","providerGuid":"{a0c1853b-5c40-4b15-8766-3cf1c58f985a}","eventID":"4104","version":"1","level":"5","task":"2","opcode":"15","keywords":"0x0","systemTime":"2026-07-05T12:12:02.6428314Z","eventRecordID":"117249","processID":"28248","threadID":"19716","channel":"Microsoft-Windows-PowerShell/Operational","computer":"MSI","severityValue":"VERBOSE","message":"\"Creating Scriptblock text (1 of 1):\r\n$sampleId = 'BEN-129'; $scenario = 'hard_concat_report_name_v2'; $name = ('weekly' + '-' + 'inventory' + '-' + 'report' + '-' + $env:COMPUTERNAME); Write-Output $name; Write-Output 'hard benign variant 2'; Write-Output (\"WAZUH_SAMPLE {0} {1}\" -f $sampleId, $scenario)\r\n\r\nScriptBlock ID: d040a84e-15bc-4032-94c4-9c301edad996\r\nPath: \""},"eventdata":{"messageNumber":"1","messageTotal":"1","scriptBlockText":"$sampleId = 'BEN-129'; $scenario = 'hard_concat_report_name_v2'; $name = ('weekly' + '-' + 'inventory' + '-' + 'report' + '-' + $env:COMPUTERNAME); Write-Output $name; Write-Output 'hard benign variant 2'; Write-Output (\\\"WAZUH_SAMPLE {0} {1}\\\" -f $sampleId, $scenario)","scriptBlockId":"d040a84e-15bc-4032-94c4-9c301edad996"}}},"location":"EventChannel"}
{"timestamp":"2026-07-05T14:12:06.447+0200","rule":{"level":10,"description":"Powershell script may be using Base64 decoding method","id":"91809","mitre":{"id":["T1140"],"tactic":["Defense Evasion"],"technique":["Deobfuscate/Decode Files or Information"]},"firedtimes":10,"mail":false,"groups":["windows"," powershell"]},"agent":{"id":"001","name":"Windows-Host","ip":"172.28.192.1"},"manager":{"name":"MSI"},"id":"1783253526.1280824","decoder":{"name":"windows_eventchannel"},"data":{"win":{"system":{"providerName":"Microsoft-Windows-PowerShell","providerGuid":"{a0c1853b-5c40-4b15-8766-3cf1c58f985a}","eventID":"4104","version":"1","level":"5","task":"2","opcode":"15","keywords":"0x0","systemTime":"2026-07-05T12:12:05.8133974Z","eventRecordID":"117385","processID":"28248","threadID":"19716","channel":"Microsoft-Windows-PowerShell/Operational","computer":"MSI","severityValue":"VERBOSE","message":"\"Creating Scriptblock text (1 of 1):\r\n$sampleId = 'BEN-147'; $scenario = 'hard_base64_inventory_note_v2'; $b = 'aW52ZW50b3J5LW5vdGU='; [Text.Encoding]::UTF8.GetString([Convert]::FromBase64String($b)); Write-Output 'hard benign variant 2'; Write-Output (\"WAZUH_SAMPLE {0} {1}\" -f $sampleId, $scenario)\r\n\r\nScriptBlock ID: 052c6fb9-644c-4d2a-8fa3-ad91bd9e1481\r\nPath: \""},"eventdata":{"messageNumber":"1","messageTotal":"1","scriptBlockText":"$sampleId = 'BEN-147'; $scenario = 'hard_base64_inventory_note_v2'; $b = 'aW52ZW50b3J5LW5vdGU='; [Text.Encoding]::UTF8.GetString([Convert]::FromBase64String($b)); Write-Output 'hard benign variant 2'; Write-Output (\\\"WAZUH_SAMPLE {0} {1}\\\" -f $sampleId, $scenario)","scriptBlockId":"052c6fb9-644c-4d2a-8fa3-ad91bd9e1481"}}},"location":"EventChannel"}
{"timestamp":"2026-07-05T14:12:06.601+0200","rule":{"level":4,"description":"Powershell executing process discovery","id":"91815","mitre":{"id":["T1057"],"tactic":["Discovery"],"technique":["Process Discovery"]},"firedtimes":10,"mail":false,"groups":["windows"," powershell"]},"agent":{"id":"001","name":"Windows-Host","ip":"172.28.192.1"},"manager":{"name":"MSI"},"id":"1783253526.1283532","decoder":{"name":"windows_eventchannel"},"data":{"win":{"system":{"providerName":"Microsoft-Windows-PowerShell","providerGuid":"{a0c1853b-5c40-4b15-8766-3cf1c58f985a}","eventID":"4104","version":"1","level":"5","task":"2","opcode":"15","keywords":"0x0","systemTime":"2026-07-05T12:12:06.0600379Z","eventRecordID":"117399","processID":"28248","threadID":"19716","channel":"Microsoft-Windows-PowerShell/Operational","computer":"MSI","severityValue":"VERBOSE","message":"\"Creating Scriptblock text (1 of 1):\r\n$sampleId = 'BEN-149'; $scenario = 'hard_backtick_line_continuation_v2'; Get-Process `\n| Select-Object -First 3 Name, Id; Write-Output 'hard benign variant 2'; Write-Output (\"WAZUH_SAMPLE {0} {1}\" -f $sampleId, $scenario)\r\n\r\nScriptBlock ID: 196b8952-552b-4934-8f70-578d61d8de78\r\nPath: \""},"eventdata":{"messageNumber":"1","messageTotal":"1","scriptBlockText":"$sampleId = 'BEN-149'; $scenario = 'hard_backtick_line_continuation_v2'; Get-Process ` | Select-Object -First 3 Name, Id; Write-Output 'hard benign variant 2'; Write-Output (\\\"WAZUH_SAMPLE {0} {1}\\\" -f $sampleId, $scenario)","scriptBlockId":"196b8952-552b-4934-8f70-578d61d8de78"}}},"location":"EventChannel"}
{"timestamp":"2026-07-05T14:12:06.601+0200","rule":{"level":4,"description":"Powershell script querying system environment variables","id":"91816","mitre":{"id":["T1082"],"tactic":["Discovery"],"technique":["System Information Discovery"]},"firedtimes":16,"mail":false,"groups":["windows"," powershell"]},"agent":{"id":"001","name":"Windows-Host","ip":"172.28.192.1"},"manager":{"name":"MSI"},"id":"1783253526.1286061","decoder":{"name":"windows_eventchannel"},"data":{"win":{"system":{"providerName":"Microsoft-Windows-PowerShell","providerGuid":"{a0c1853b-5c40-4b15-8766-3cf1c58f985a}","eventID":"4104","version":"1","level":"5","task":"2","opcode":"15","keywords":"0x0","systemTime":"2026-07-05T12:12:05.9302134Z","eventRecordID":"117398","processID":"28248","threadID":"19716","channel":"Microsoft-Windows-PowerShell/Operational","computer":"MSI","severityValue":"VERBOSE","message":"\"Creating Scriptblock text (1 of 1):\r\n$sampleId = 'BEN-148'; $scenario = 'hard_mixed_case_variable_names_v2'; $SeRvErNaMe = $env:COMPUTERNAME; $AuDiTMoDe = 'ReadOnly'; Write-Output ($SeRvErNaMe + ':' + $AuDiTMoDe); Write-Output 'hard benign variant 2'; Write-Output (\"WAZUH_SAMPLE {0} {1}\" -f $sampleId, $scenario)\r\n\r\nScriptBlock ID: d4b5cb50-04e1-49bb-8e26-6b1bd343e563\r\nPath: \""},"eventdata":{"messageNumber":"1","messageTotal":"1","scriptBlockText":"$sampleId = 'BEN-148'; $scenario = 'hard_mixed_case_variable_names_v2'; $SeRvErNaMe = $env:COMPUTERNAME; $AuDiTMoDe = 'ReadOnly'; Write-Output ($SeRvErNaMe + ':' + $AuDiTMoDe); Write-Output 'hard benign variant 2'; Write-Output (\\\"WAZUH_SAMPLE {0} {1}\\\" -f $sampleId, $scenario)","scriptBlockId":"d4b5cb50-04e1-49bb-8e26-6b1bd343e563"}}},"location":"EventChannel"}
{"timestamp":"2026-07-05T14:12:08.191+0200","rule":{"level":14,"description":"Powershell script used \"Invoke-command\" cmdlet to execute code on remote computer","id":"91823","mitre":{"id":["T1059.001","T1021.006"],"tactic":["Execution","Lateral Movement"],"technique":["PowerShell","Windows Remote Management"]},"firedtimes":1,"mail":true,"groups":["windows"," powershell"]},"agent":{"id":"001","name":"Windows-Host","ip":"172.28.192.1"},"manager":{"name":"MSI"},"id":"1783253528.1288826","decoder":{"name":"windows_eventchannel"},"data":{"win":{"system":{"providerName":"Microsoft-Windows-PowerShell","providerGuid":"{a0c1853b-5c40-4b15-8766-3cf1c58f985a}","eventID":"4104","version":"1","level":"5","task":"2","opcode":"15","keywords":"0x0","systemTime":"2026-07-05T12:12:07.1857928Z","eventRecordID":"117425","processID":"28248","threadID":"19716","channel":"Microsoft-Windows-PowerShell/Operational","computer":"MSI","severityValue":"VERBOSE","message":"\"Creating Scriptblock text (1 of 1):\r\n$sampleId = 'SIM-009'; $scenario = 'remote_command_clear'; $indicator = 'Invoke-Command -ComputerName WS-APP-01 -ScriptBlock { Get-Process }'; Write-Output $indicator; Write-Output 'simulated indicator string only; not executed'; Write-Output (\"WAZUH_SAMPLE {0} {1}\" -f $sampleId, $scenario)\r\n\r\nScriptBlock ID: 53798fe9-9437-484d-8c83-14c716837f03\r\nPath: \""},"eventdata":{"messageNumber":"1","messageTotal":"1","scriptBlockText":"$sampleId = 'SIM-009'; $scenario = 'remote_command_clear'; $indicator = 'Invoke-Command -ComputerName WS-APP-01 -ScriptBlock { Get-Process }'; Write-Output $indicator; Write-Output 'simulated indicator string only; not executed'; Write-Output (\\\"WAZUH_SAMPLE {0} {1}\\\" -f $sampleId, $scenario)","scriptBlockId":"53798fe9-9437-484d-8c83-14c716837f03"}}},"location":"EventChannel"}
{"timestamp":"2026-07-05T14:12:11.410+0200","rule":{"level":10,"description":"Powershell script may be using Base64 decoding method","id":"91809","mitre":{"id":["T1140"],"tactic":["Defense Evasion"],"technique":["Deobfuscate/Decode Files or Information"]},"firedtimes":11,"mail":false,"groups":["windows"," powershell"]},"agent":{"id":"001","name":"Windows-Host","ip":"172.28.192.1"},"manager":{"name":"MSI"},"id":"1783253531.1291684","decoder":{"name":"windows_eventchannel"},"data":{"win":{"system":{"providerName":"Microsoft-Windows-PowerShell","providerGuid":"{a0c1853b-5c40-4b15-8766-3cf1c58f985a}","eventID":"4104","version":"1","level":"5","task":"2","opcode":"15","keywords":"0x0","systemTime":"2026-07-05T12:12:10.4002511Z","eventRecordID":"117535","processID":"28248","threadID":"19716","channel":"Microsoft-Windows-PowerShell/Operational","computer":"MSI","severityValue":"VERBOSE","message":"\"Creating Scriptblock text (1 of 1):\r\n$sampleId = 'OBF-001'; $scenario = 'encoded_command_clear_base64_literal_v1'; $encoded = 'cABvAHcAZQByAHMAaABlAGwAbAAuAGUAeABlACAALQBOAG8AUAByAG8AZgBpAGwAZQAgAC0ARQBuAGMAbwBkAGUAZABDAG8AbQBtAGEAbgBkACAAVgB3AEIAeQBBAEcAawBBAGQAQQBCAGwAQQBDADAAQQBUAHcAQgAxAEEASABRAEEAYwBBAEIAMQBBAEgAUQBBAEkAQQBBAG4AQQBIAE0AQQBhAFEAQgB0AEEASABVAEEAYgBBAEIAaABBAEgAUQBBAFoAUQBCAGsAQQBDAGMAQQA7ACAAcwBpAG0AdQBsAGEAdABlAGQAIABpAG4AZABpAGMAYQB0AG8AcgAgAG8AbgBsAHkA'; $decoded = [Text.Encoding]::Unicode.GetString([Convert]::FromBase64String($encoded)); Write-Output $decoded; Write-Output 'decoded text is inert and not executed'; Write-Output (\"WAZUH_SAMPLE {0} {1}\" -f $sampleId, $scenario)\r\n\r\nScriptBlock ID: 67fb856a-ad90-4fa2-a4f5-d3c435776a71\r\nPath: \""},"eventdata":{"messageNumber":"1","messageTotal":"1","scriptBlockText":"$sampleId = 'OBF-001'; $scenario = 'encoded_command_clear_base64_literal_v1'; $encoded = 'cABvAHcAZQByAHMAaABlAGwAbAAuAGUAeABlACAALQBOAG8AUAByAG8AZgBpAGwAZQAgAC0ARQBuAGMAbwBkAGUAZABDAG8AbQBtAGEAbgBkACAAVgB3AEIAeQBBAEcAawBBAGQAQQBCAGwAQQBDADAAQQBUAHcAQgAxAEEASABRAEEAYwBBAEIAMQBBAEgAUQBBAEkAQQBBAG4AQQBIAE0AQQBhAFEAQgB0AEEASABVAEEAYgBBAEIAaABBAEgAUQBBAFoAUQBCAGsAQQBDAGMAQQA7ACAAcwBpAG0AdQBsAGEAdABlAGQAIABpAG4AZABpAGMAYQB0AG8AcgAgAG8AbgBsAHkA'; $decoded = [Text.Encoding]::Unicode.GetString([Convert]::FromBase64String($encoded)); Write-Output $decoded; Write-Output 'decoded text is inert and not executed'; Write-Output (\\\"WAZUH_SAMPLE {0} {1}\\\" -f $sampleId, $scenario)","scriptBlockId":"67fb856a-ad90-4fa2-a4f5-d3c435776a71"}}},"location":"EventChannel"}
{"timestamp":"2026-07-05T14:12:11.415+0200","rule":{"level":10,"description":"Powershell script may be using Base64 decoding method","id":"91809","mitre":{"id":["T1140"],"tactic":["Defense Evasion"],"technique":["Deobfuscate/Decode Files or Information"]},"firedtimes":12,"mail":false,"groups":["windows"," powershell"]},"agent":{"id":"001","name":"Windows-Host","ip":"172.28.192.1"},"manager":{"name":"MSI"},"id":"1783253531.1296024","decoder":{"name":"windows_eventchannel"},"data":{"win":{"system":{"providerName":"Microsoft-Windows-PowerShell","providerGuid":"{a0c1853b-5c40-4b15-8766-3cf1c58f985a}","eventID":"4104","version":"1","level":"5","task":"2","opcode":"15","keywords":"0x0","systemTime":"2026-07-05T12:12:10.5098983Z","eventRecordID":"117536","processID":"28248","threadID":"19716","channel":"Microsoft-Windows-PowerShell/Operational","computer":"MSI","severityValue":"VERBOSE","message":"\"Creating Scriptblock text (1 of 1):\r\n$sampleId = 'OBF-002'; $scenario = 'iex_clear_base64_literal_v1'; $encoded = 'SQBuAHYAbwBrAGUALQBFAHgAcAByAGUAcwBzAGkAbwBuACAAJwBXAHIAaQB0AGUALQBPAHUAdABwAHUAdAAgAHMAaQBtAHUAbABhAHQAZQBkACcAOwAgAHMAaQBtAHUAbABhAHQAZQBkACAAaQBuAGQAaQBjAGEAdABvAHIAIABvAG4AbAB5AA=='; $decoded = [Text.Encoding]::Unicode.GetString([Convert]::FromBase64String($encoded)); Write-Output $decoded; Write-Output 'decoded text is inert and not executed'; Write-Output (\"WAZUH_SAMPLE {0} {1}\" -f $sampleId, $scenario)\r\n\r\nScriptBlock ID: aac3c501-80bd-489e-b59f-d7c24be8f6f3\r\nPath: \""},"eventdata":{"messageNumber":"1","messageTotal":"1","scriptBlockText":"$sampleId = 'OBF-002'; $scenario = 'iex_clear_base64_literal_v1'; $encoded = 'SQBuAHYAbwBrAGUALQBFAHgAcAByAGUAcwBzAGkAbwBuACAAJwBXAHIAaQB0AGUALQBPAHUAdABwAHUAdAAgAHMAaQBtAHUAbABhAHQAZQBkACcAOwAgAHMAaQBtAHUAbABhAHQAZQBkACAAaQBuAGQAaQBjAGEAdABvAHIAIABvAG4AbAB5AA=='; $decoded = [Text.Encoding]::Unicode.GetString([Convert]::FromBase64String($encoded)); Write-Output $decoded; Write-Output 'decoded text is inert and not executed'; Write-Output (\\\"WAZUH_SAMPLE {0} {1}\\\" -f $sampleId, $scenario)","scriptBlockId":"aac3c501-80bd-489e-b59f-d7c24be8f6f3"}}},"location":"EventChannel"}
{"timestamp":"2026-07-05T14:12:11.419+0200","rule":{"level":10,"description":"Powershell script may be using Base64 decoding method","id":"91809","mitre":{"id":["T1140"],"tactic":["Defense Evasion"],"technique":["Deobfuscate/Decode Files or Information"]},"firedtimes":13,"mail":false,"groups":["windows"," powershell"]},"agent":{"id":"001","name":"Windows-Host","ip":"172.28.192.1"},"manager":{"name":"MSI"},"id":"1783253531.1299644","decoder":{"name":"windows_eventchannel"},"data":{"win":{"system":{"providerName":"Microsoft-Windows-PowerShell","providerGuid":"{a0c1853b-5c40-4b15-8766-3cf1c58f985a}","eventID":"4104","version":"1","level":"5","task":"2","opcode":"15","keywords":"0x0","systemTime":"2026-07-05T12:12:10.6187377Z","eventRecordID":"117537","processID":"28248","threadID":"19716","channel":"Microsoft-Windows-PowerShell/Operational","computer":"MSI","severityValue":"VERBOSE","message":"\"Creating Scriptblock text (1 of 1):\r\n$sampleId = 'OBF-003'; $scenario = 'downloadstring_clear_base64_literal_v1'; $encoded = 'KABOAGUAdwAtAE8AYgBqAGUAYwB0ACAATgBlAHQALgBXAGUAYgBDAGwAaQBlAG4AdAApAC4ARABvAHcAbgBsAG8AYQBkAFMAdAByAGkAbgBnACgAJwBoAHQAdABwAHMAOgAvAC8AdQBwAGQAYQB0AGUAcwAuAGUAeABhAG0AcABsAGUALgBjAG8AbQAvAGMAYQBjAGgAZQAvAHMAdABhAHQAdQBzAC4AdAB4AHQAJwApADsAIABzAGkAbQB1AGwAYQB0AGUAZAAgAGkAbgBkAGkAYwBhAHQAbwByACAAbwBuAGwAeQA='; $decoded = [Text.Encoding]::Unicode.GetString([Convert]::FromBase64String($encoded)); Write-Output $decoded; Write-Output 'decoded text is inert and not executed'; Write-Output (\"WAZUH_SAMPLE {0} {1}\" -f $sampleId, $scenario)\r\n\r\nScriptBlock ID: 14191f9a-22c0-49b0-8a7e-757f486c1105\r\nPath: \""},"eventdata":{"messageNumber":"1","messageTotal":"1","scriptBlockText":"$sampleId = 'OBF-003'; $scenario = 'downloadstring_clear_base64_literal_v1'; $encoded = 'KABOAGUAdwAtAE8AYgBqAGUAYwB0ACAATgBlAHQALgBXAGUAYgBDAGwAaQBlAG4AdAApAC4ARABvAHcAbgBsAG8AYQBkAFMAdAByAGkAbgBnACgAJwBoAHQAdABwAHMAOgAvAC8AdQBwAGQAYQB0AGUAcwAuAGUAeABhAG0AcABsAGUALgBjAG8AbQAvAGMAYQBjAGgAZQAvAHMAdABhAHQAdQBzAC4AdAB4AHQAJwApADsAIABzAGkAbQB1AGwAYQB0AGUAZAAgAGkAbgBkAGkAYwBhAHQAbwByACAAbwBuAGwAeQA='; $decoded = [Text.Encoding]::Unicode.GetString([Convert]::FromBase64String($encoded)); Write-Output $decoded; Write-Output 'decoded text is inert and not executed'; Write-Output (\\\"WAZUH_SAMPLE {0} {1}\\\" -f $sampleId, $scenario)","scriptBlockId":"14191f9a-22c0-49b0-8a7e-757f486c1105"}}},"location":"EventChannel"}
{"timestamp":"2026-07-05T14:12:11.443+0200","rule":{"level":10,"description":"Powershell script may be using Base64 decoding method","id":"91809","mitre":{"id":["T1140"],"tactic":["Defense Evasion"],"technique":["Deobfuscate/Decode Files or Information"]},"firedtimes":14,"mail":false,"groups":["windows"," powershell"]},"agent":{"id":"001","name":"Windows-Host","ip":"172.28.192.1"},"manager":{"name":"MSI"},"id":"1783253531.1303804","decoder":{"name":"windows_eventchannel"},"data":{"win":{"system":{"providerName":"Microsoft-Windows-PowerShell","providerGuid":"{a0c1853b-5c40-4b15-8766-3cf1c58f985a}","eventID":"4104","version":"1","level":"5","task":"2","opcode":"15","keywords":"0x0","systemTime":"2026-07-05T12:12:10.7303097Z","eventRecordID":"117539","processID":"28248","threadID":"19716","channel":"Microsoft-Windows-PowerShell/Operational","computer":"MSI","severityValue":"VERBOSE","message":"\"Creating Scriptblock text (1 of 1):\r\n$sampleId = 'OBF-004'; $scenario = 'invoke_webrequest_clear_base64_literal_v1'; $encoded = 'SQBuAHYAbwBrAGUALQBXAGUAYgBSAGUAcQB1AGUAcwB0ACAALQBVAHIAaQAgAGgAdAB0AHAAcwA6AC8ALwB1AHAAZABhAHQAZQBzAC4AZQB4AGEAbQBwAGwAZQAuAGMAbwBtAC8AcABhAGMAawBhAGcAZQBzAC8AdQBwAGQAYQB0AGUALgB0AHgAdAAgAC0ATwB1AHQARgBpAGwAZQAgAEMAOgBcAFAAcgBvAGcAcgBhAG0ARABhAHQAYQBcAFcAaQBuAGQAbwB3AHMAQwBhAGMAaABlAFwAdQBwAGQAYQB0AGUALgB0AHgAdAA7ACAAcwBpAG0AdQBsAGEAdABlAGQAIABpAG4AZABpAGMAYQB0AG8AcgAgAG8AbgBsAHkA'; $decoded = [Text.Encoding]::Unicode.GetString([Convert]::FromBase64String($encoded)); Write-Output $decoded; Write-Output 'decoded text is inert and not executed'; Write-Output (\"WAZUH_SAMPLE {0} {1}\" -f $sampleId, $scenario)\r\n\r\nScriptBlock ID: f37d451e-15af-4a5f-a3b9-3dedd382b28f\r\nPath: \""},"eventdata":{"messageNumber":"1","messageTotal":"1","scriptBlockText":"$sampleId = 'OBF-004'; $scenario = 'invoke_webrequest_clear_base64_literal_v1'; $encoded = 'SQBuAHYAbwBrAGUALQBXAGUAYgBSAGUAcQB1AGUAcwB0ACAALQBVAHIAaQAgAGgAdAB0AHAAcwA6AC8ALwB1AHAAZABhAHQAZQBzAC4AZQB4AGEAbQBwAGwAZQAuAGMAbwBtAC8AcABhAGMAawBhAGcAZQBzAC8AdQBwAGQAYQB0AGUALgB0AHgAdAAgAC0ATwB1AHQARgBpAGwAZQAgAEMAOgBcAFAAcgBvAGcAcgBhAG0ARABhAHQAYQBcAFcAaQBuAGQAbwB3AHMAQwBhAGMAaABlAFwAdQBwAGQAYQB0AGUALgB0AHgAdAA7ACAAcwBpAG0AdQBsAGEAdABlAGQAIABpAG4AZABpAGMAYQB0AG8AcgAgAG8AbgBsAHkA'; $decoded = [Text.Encoding]::Unicode.GetString([Convert]::FromBase64String($encoded)); Write-Output $decoded; Write-Output 'decoded text is inert and not executed'; Write-Output (\\\"WAZUH_SAMPLE {0} {1}\\\" -f $sampleId, $scenario)","scriptBlockId":"f37d451e-15af-4a5f-a3b9-3dedd382b28f"}}},"location":"EventChannel"}
{"timestamp":"2026-07-05T14:12:11.455+0200","rule":{"level":10,"description":"Powershell script may be using Base64 decoding method","id":"91809","mitre":{"id":["T1140"],"tactic":["Defense Evasion"],"technique":["Deobfuscate/Decode Files or Information"]},"firedtimes":15,"mail":false,"groups":["windows"," powershell"]},"agent":{"id":"001","name":"Windows-Host","ip":"172.28.192.1"},"manager":{"name":"MSI"},"id":"1783253531.1308280","decoder":{"name":"windows_eventchannel"},"data":{"win":{"system":{"providerName":"Microsoft-Windows-PowerShell","providerGuid":"{a0c1853b-5c40-4b15-8766-3cf1c58f985a}","eventID":"4104","version":"1","level":"5","task":"2","opcode":"15","keywords":"0x0","systemTime":"2026-07-05T12:12:10.8356353Z","eventRecordID":"117541","processID":"28248","threadID":"19716","channel":"Microsoft-Windows-PowerShell/Operational","computer":"MSI","severityValue":"VERBOSE","message":"\"Creating Scriptblock text (1 of 1):\r\n$sampleId = 'OBF-005'; $scenario = 'amsi_clear_base64_literal_v1'; $encoded = 'WwBSAGUAZgBdAC4AQQBzAHMAZQBtAGIAbAB5AC4ARwBlAHQAVAB5AHAAZQAoACcAUwB5AHMAdABlAG0ALgBNAGEAbgBhAGcAZQBtAGUAbgB0AC4AQQB1AHQAbwBtAGEAdABpAG8AbgAuAEEAbQBzAGkAVQB0AGkAbABzACcAKQAgAGEAbQBzAGkASQBuAGkAdABGAGEAaQBsAGUAZAA7ACAAcwBpAG0AdQBsAGEAdABlAGQAIABpAG4AZABpAGMAYQB0AG8AcgAgAG8AbgBsAHkA'; $decoded = [Text.Encoding]::Unicode.GetString([Convert]::FromBase64String($encoded)); Write-Output $decoded; Write-Output 'decoded text is inert and not executed'; Write-Output (\"WAZUH_SAMPLE {0} {1}\" -f $sampleId, $scenario)\r\n\r\nScriptBlock ID: 0920cacf-dcbc-4cfc-8a87-5565dd5aa0d3\r\nPath: \""},"eventdata":{"messageNumber":"1","messageTotal":"1","scriptBlockText":"$sampleId = 'OBF-005'; $scenario = 'amsi_clear_base64_literal_v1'; $encoded = 'WwBSAGUAZgBdAC4AQQBzAHMAZQBtAGIAbAB5AC4ARwBlAHQAVAB5AHAAZQAoACcAUwB5AHMAdABlAG0ALgBNAGEAbgBhAGcAZQBtAGUAbgB0AC4AQQB1AHQAbwBtAGEAdABpAG8AbgAuAEEAbQBzAGkAVQB0AGkAbABzACcAKQAgAGEAbQBzAGkASQBuAGkAdABGAGEAaQBsAGUAZAA7ACAAcwBpAG0AdQBsAGEAdABlAGQAIABpAG4AZABpAGMAYQB0AG8AcgAgAG8AbgBsAHkA'; $decoded = [Text.Encoding]::Unicode.GetString([Convert]::FromBase64String($encoded)); Write-Output $decoded; Write-Output 'decoded text is inert and not executed'; Write-Output (\\\"WAZUH_SAMPLE {0} {1}\\\" -f $sampleId, $scenario)","scriptBlockId":"0920cacf-dcbc-4cfc-8a87-5565dd5aa0d3"}}},"location":"EventChannel"}
{"timestamp":"2026-07-05T14:12:11.629+0200","rule":{"level":10,"description":"Powershell script may be using Base64 decoding method","id":"91809","mitre":{"id":["T1140"],"tactic":["Defense Evasion"],"technique":["Deobfuscate/Decode Files or Information"]},"firedtimes":16,"mail":false,"groups":["windows"," powershell"]},"agent":{"id":"001","name":"Windows-Host","ip":"172.28.192.1"},"manager":{"name":"MSI"},"id":"1783253531.1312288","decoder":{"name":"windows_eventchannel"},"data":{"win":{"system":{"providerName":"Microsoft-Windows-PowerShell","providerGuid":"{a0c1853b-5c40-4b15-8766-3cf1c58f985a}","eventID":"4104","version":"1","level":"5","task":"2","opcode":"15","keywords":"0x0","systemTime":"2026-07-05T12:12:10.9777073Z","eventRecordID":"117560","processID":"28248","threadID":"19716","channel":"Microsoft-Windows-PowerShell/Operational","computer":"MSI","severityValue":"VERBOSE","message":"\"Creating Scriptblock text (1 of 1):\r\n$sampleId = 'OBF-006'; $scenario = 'defender_setting_clear_base64_literal_v1'; $encoded = 'UwBlAHQALQBNAHAAUAByAGUAZgBlAHIAZQBuAGMAZQAgAC0ARABpAHMAYQBiAGwAZQBSAGUAYQBsAHQAaQBtAGUATQBvAG4AaQB0AG8AcgBpAG4AZwAgACQAdAByAHUAZQA7ACAAcwBpAG0AdQBsAGEAdABlAGQAIABpAG4AZABpAGMAYQB0AG8AcgAgAG8AbgBsAHkA'; $decoded = [Text.Encoding]::Unicode.GetString([Convert]::FromBase64String($encoded)); Write-Output $decoded; Write-Output 'decoded text is inert and not executed'; Write-Output (\"WAZUH_SAMPLE {0} {1}\" -f $sampleId, $scenario)\r\n\r\nScriptBlock ID: b55eb596-1afb-496f-918b-97641df70dd5\r\nPath: \""},"eventdata":{"messageNumber":"1","messageTotal":"1","scriptBlockText":"$sampleId = 'OBF-006'; $scenario = 'defender_setting_clear_base64_literal_v1'; $encoded = 'UwBlAHQALQBNAHAAUAByAGUAZgBlAHIAZQBuAGMAZQAgAC0ARABpAHMAYQBiAGwAZQBSAGUAYQBsAHQAaQBtAGUATQBvAG4AaQB0AG8AcgBpAG4AZwAgACQAdAByAHUAZQA7ACAAcwBpAG0AdQBsAGEAdABlAGQAIABpAG4AZABpAGMAYQB0AG8AcgAgAG8AbgBsAHkA'; $decoded = [Text.Encoding]::Unicode.GetString([Convert]::FromBase64String($encoded)); Write-Output $decoded; Write-Output 'decoded text is inert and not executed'; Write-Output (\\\"WAZUH_SAMPLE {0} {1}\\\" -f $sampleId, $scenario)","scriptBlockId":"b55eb596-1afb-496f-918b-97641df70dd5"}}},"location":"EventChannel"}
{"timestamp":"2026-07-05T14:12:11.646+0200","rule":{"level":10,"description":"Powershell script may be using Base64 decoding method","id":"91809","mitre":{"id":["T1140"],"tactic":["Defense Evasion"],"technique":["Deobfuscate/Decode Files or Information"]},"firedtimes":17,"mail":false,"groups":["windows"," powershell"]},"agent":{"id":"001","name":"Windows-Host","ip":"172.28.192.1"},"manager":{"name":"MSI"},"id":"1783253531.1316024","decoder":{"name":"windows_eventchannel"},"data":{"win":{"system":{"providerName":"Microsoft-Windows-PowerShell","providerGuid":"{a0c1853b-5c40-4b15-8766-3cf1c58f985a}","eventID":"4104","version":"1","level":"5","task":"2","opcode":"15","keywords":"0x0","systemTime":"2026-07-05T12:12:11.1247930Z","eventRecordID":"117561","processID":"28248","threadID":"19716","channel":"Microsoft-Windows-PowerShell/Operational","computer":"MSI","severityValue":"VERBOSE","message":"\"Creating Scriptblock text (1 of 1):\r\n$sampleId = 'OBF-007'; $scenario = 'run_key_clear_base64_literal_v1'; $encoded = 'TgBlAHcALQBJAHQAZQBtAFAAcgBvAHAAZQByAHQAeQAgAEgASwBDAFUAOgBcAFMAbwBmAHQAdwBhAHIAZQBcAE0AaQBjAHIAbwBzAG8AZgB0AFwAVwBpAG4AZABvAHcAcwBcAEMAdQByAHIAZQBuAHQAVgBlAHIAcwBpAG8AbgBcAFIAdQBuACAALQBOAGEAbQBlACAAVwBpAG4AZABvAHcAcwBDAGEAYwBoAGUAIAAtAFYAYQBsAHUAZQAgACcAcABvAHcAZQByAHMAaABlAGwAbAAuAGUAeABlACAALQBOAG8AUAByAG8AZgBpAGwAZQAgAC0ARgBpAGwAZQAgAEMAOgBcAFAAcgBvAGcAcgBhAG0ARABhAHQAYQBcAFcAaQBuAGQAbwB3AHMAQwBhAGMAaABlAFwAdQBwAGQAYQB0AGUALgBwAHMAMQAnADsAIABzAGkAbQB1AGwAYQB0AGUAZAAgAGkAbgBkAGkAYwBhAHQAbwByACAAbwBuAGwAeQA='; $decoded = [Text.Encoding]::Unicode.GetString([Convert]::FromBase64String($encoded)); Write-Output $decoded; Write-Output 'decoded text is inert and not executed'; Write-Output (\"WAZUH_SAMPLE {0} {1}\" -f $sampleId, $scenario)\r\n\r\nScriptBlock ID: 89ebeb73-2f84-4b7e-b652-80dc1bf6b5e0\r\nPath: \""},"eventdata":{"messageNumber":"1","messageTotal":"1","scriptBlockText":"$sampleId = 'OBF-007'; $scenario = 'run_key_clear_base64_literal_v1'; $encoded = 'TgBlAHcALQBJAHQAZQBtAFAAcgBvAHAAZQByAHQAeQAgAEgASwBDAFUAOgBcAFMAbwBmAHQAdwBhAHIAZQBcAE0AaQBjAHIAbwBzAG8AZgB0AFwAVwBpAG4AZABvAHcAcwBcAEMAdQByAHIAZQBuAHQAVgBlAHIAcwBpAG8AbgBcAFIAdQBuACAALQBOAGEAbQBlACAAVwBpAG4AZABvAHcAcwBDAGEAYwBoAGUAIAAtAFYAYQBsAHUAZQAgACcAcABvAHcAZQByAHMAaABlAGwAbAAuAGUAeABlACAALQBOAG8AUAByAG8AZgBpAGwAZQAgAC0ARgBpAGwAZQAgAEMAOgBcAFAAcgBvAGcAcgBhAG0ARABhAHQAYQBcAFcAaQBuAGQAbwB3AHMAQwBhAGMAaABlAFwAdQBwAGQAYQB0AGUALgBwAHMAMQAnADsAIABzAGkAbQB1AGwAYQB0AGUAZAAgAGkAbgBkAGkAYwBhAHQAbwByACAAbwBuAGwAeQA='; $decoded = [Text.Encoding]::Unicode.GetString([Convert]::FromBase64String($encoded)); Write-Output $decoded; Write-Output 'decoded text is inert and not executed'; Write-Output (\\\"WAZUH_SAMPLE {0} {1}\\\" -f $sampleId, $scenario)","scriptBlockId":"89ebeb73-2f84-4b7e-b652-80dc1bf6b5e0"}}},"location":"EventChannel"}
{"timestamp":"2026-07-05T14:12:11.666+0200","rule":{"level":10,"description":"Powershell script may be using Base64 decoding method","id":"91809","mitre":{"id":["T1140"],"tactic":["Defense Evasion"],"technique":["Deobfuscate/Decode Files or Information"]},"firedtimes":18,"mail":false,"groups":["windows"," powershell"]},"agent":{"id":"001","name":"Windows-Host","ip":"172.28.192.1"},"manager":{"name":"MSI"},"id":"1783253531.1320988","decoder":{"name":"windows_eventchannel"},"data":{"win":{"system":{"providerName":"Microsoft-Windows-PowerShell","providerGuid":"{a0c1853b-5c40-4b15-8766-3cf1c58f985a}","eventID":"4104","version":"1","level":"5","task":"2","opcode":"15","keywords":"0x0","systemTime":"2026-07-05T12:12:11.2565651Z","eventRecordID":"117563","processID":"28248","threadID":"19716","channel":"Microsoft-Windows-PowerShell/Operational","computer":"MSI","severityValue":"VERBOSE","message":"\"Creating Scriptblock text (1 of 1):\r\n$sampleId = 'OBF-008'; $scenario = 'scheduled_task_clear_base64_literal_v1'; $encoded = 'UgBlAGcAaQBzAHQAZQByAC0AUwBjAGgAZQBkAHUAbABlAGQAVABhAHMAawAgAC0AVABhAHMAawBOAGEAbQBlACAAVwBpAG4AZABvAHcAcwBDAGEAYwBoAGUAVQBwAGQAYQB0AGUAIAAtAEEAYwB0AGkAbwBuACAAJwBwAG8AdwBlAHIAcwBoAGUAbABsAC4AZQB4AGUAIAAtAE4AbwBQAHIAbwBmAGkAbABlACAALQBGAGkAbABlACAAQwA6AFwAUAByAG8AZwByAGEAbQBEAGEAdABhAFwAVwBpAG4AZABvAHcAcwBDAGEAYwBoAGUAXAB1AHAAZABhAHQAZQAuAHAAcwAxACcAIAAtAFQAcgBpAGcAZwBlAHIAIABEAGEAaQBsAHkAOwAgAHMAaQBtAHUAbABhAHQAZQBkACAAaQBuAGQAaQBjAGEAdABvAHIAIABvAG4AbAB5AA=='; $decoded = [Text.Encoding]::Unicode.GetString([Convert]::FromBase64String($encoded)); Write-Output $decoded; Write-Output 'decoded text is inert and not executed'; Write-Output (\"WAZUH_SAMPLE {0} {1}\" -f $sampleId, $scenario)\r\n\r\nScriptBlock ID: 70be03b4-cc7f-4f3a-9201-6ad89c2bfbee\r\nPath: \""},"eventdata":{"messageNumber":"1","messageTotal":"1","scriptBlockText":"$sampleId = 'OBF-008'; $scenario = 'scheduled_task_clear_base64_literal_v1'; $encoded = 'UgBlAGcAaQBzAHQAZQByAC0AUwBjAGgAZQBkAHUAbABlAGQAVABhAHMAawAgAC0AVABhAHMAawBOAGEAbQBlACAAVwBpAG4AZABvAHcAcwBDAGEAYwBoAGUAVQBwAGQAYQB0AGUAIAAtAEEAYwB0AGkAbwBuACAAJwBwAG8AdwBlAHIAcwBoAGUAbABsAC4AZQB4AGUAIAAtAE4AbwBQAHIAbwBmAGkAbABlACAALQBGAGkAbABlACAAQwA6AFwAUAByAG8AZwByAGEAbQBEAGEAdABhAFwAVwBpAG4AZABvAHcAcwBDAGEAYwBoAGUAXAB1AHAAZABhAHQAZQAuAHAAcwAxACcAIAAtAFQAcgBpAGcAZwBlAHIAIABEAGEAaQBsAHkAOwAgAHMAaQBtAHUAbABhAHQAZQBkACAAaQBuAGQAaQBjAGEAdABvAHIAIABvAG4AbAB5AA=='; $decoded = [Text.Encoding]::Unicode.GetString([Convert]::FromBase64String($encoded)); Write-Output $decoded; Write-Output 'decoded text is inert and not executed'; Write-Output (\\\"WAZUH_SAMPLE {0} {1}\\\" -f $sampleId, $scenario)","scriptBlockId":"70be03b4-cc7f-4f3a-9201-6ad89c2bfbee"}}},"location":"EventChannel"}
{"timestamp":"2026-07-05T14:12:11.704+0200","rule":{"level":10,"description":"Powershell script may be using Base64 decoding method","id":"91809","mitre":{"id":["T1140"],"tactic":["Defense Evasion"],"technique":["Deobfuscate/Decode Files or Information"]},"firedtimes":19,"mail":false,"groups":["windows"," powershell"]},"agent":{"id":"001","name":"Windows-Host","ip":"172.28.192.1"},"manager":{"name":"MSI"},"id":"1783253531.1325772","decoder":{"name":"windows_eventchannel"},"data":{"win":{"system":{"providerName":"Microsoft-Windows-PowerShell","providerGuid":"{a0c1853b-5c40-4b15-8766-3cf1c58f985a}","eventID":"4104","version":"1","level":"5","task":"2","opcode":"15","keywords":"0x0","systemTime":"2026-07-05T12:12:11.3972213Z","eventRecordID":"117567","processID":"28248","threadID":"19716","channel":"Microsoft-Windows-PowerShell/Operational","computer":"MSI","severityValue":"VERBOSE","message":"\"Creating Scriptblock text (1 of 1):\r\n$sampleId = 'OBF-009'; $scenario = 'remote_command_clear_base64_literal_v1'; $encoded = 'SQBuAHYAbwBrAGUALQBDAG8AbQBtAGEAbgBkACAALQBDAG8AbQBwAHUAdABlAHIATgBhAG0AZQAgAFcAUwAtAEEAUABQAC0AMAAxACAALQBTAGMAcgBpAHAAdABCAGwAbwBjAGsAIAB7ACAARwBlAHQALQBQAHIAbwBjAGUAcwBzACAAfQA7ACAAcwBpAG0AdQBsAGEAdABlAGQAIABpAG4AZABpAGMAYQB0AG8AcgAgAG8AbgBsAHkA'; $decoded = [Text.Encoding]::Unicode.GetString([Convert]::FromBase64String($encoded)); Write-Output $decoded; Write-Output 'decoded text is inert and not executed'; Write-Output (\"WAZUH_SAMPLE {0} {1}\" -f $sampleId, $scenario)\r\n\r\nScriptBlock ID: d7d60a31-8f14-4102-89b6-cd7b2db133c2\r\nPath: \""},"eventdata":{"messageNumber":"1","messageTotal":"1","scriptBlockText":"$sampleId = 'OBF-009'; $scenario = 'remote_command_clear_base64_literal_v1'; $encoded = 'SQBuAHYAbwBrAGUALQBDAG8AbQBtAGEAbgBkACAALQBDAG8AbQBwAHUAdABlAHIATgBhAG0AZQAgAFcAUwAtAEEAUABQAC0AMAAxACAALQBTAGMAcgBpAHAAdABCAGwAbwBjAGsAIAB7ACAARwBlAHQALQBQAHIAbwBjAGUAcwBzACAAfQA7ACAAcwBpAG0AdQBsAGEAdABlAGQAIABpAG4AZABpAGMAYQB0AG8AcgAgAG8AbgBsAHkA'; $decoded = [Text.Encoding]::Unicode.GetString([Convert]::FromBase64String($encoded)); Write-Output $decoded; Write-Output 'decoded text is inert and not executed'; Write-Output (\\\"WAZUH_SAMPLE {0} {1}\\\" -f $sampleId, $scenario)","scriptBlockId":"d7d60a31-8f14-4102-89b6-cd7b2db133c2"}}},"location":"EventChannel"}
{"timestamp":"2026-07-05T14:12:12.550+0200","rule":{"level":10,"description":"Powershell script may be using Base64 decoding method","id":"91809","mitre":{"id":["T1140"],"tactic":["Defense Evasion"],"technique":["Deobfuscate/Decode Files or Information"]},"firedtimes":20,"mail":false,"groups":["windows"," powershell"]},"agent":{"id":"001","name":"Windows-Host","ip":"172.28.192.1"},"manager":{"name":"MSI"},"id":"1783253532.1329692","decoder":{"name":"windows_eventchannel"},"data":{"win":{"system":{"providerName":"Microsoft-Windows-PowerShell","providerGuid":"{a0c1853b-5c40-4b15-8766-3cf1c58f985a}","eventID":"4104","version":"1","level":"5","task":"2","opcode":"15","keywords":"0x0","systemTime":"2026-07-05T12:12:11.5156949Z","eventRecordID":"117581","processID":"28248","threadID":"19716","channel":"Microsoft-Windows-PowerShell/Operational","computer":"MSI","severityValue":"VERBOSE","message":"\"Creating Scriptblock text (1 of 1):\r\n$sampleId = 'OBF-010'; $scenario = 'enter_pssession_clear_base64_literal_v1'; $encoded = 'RQBuAHQAZQByAC0AUABTAFMAZQBzAHMAaQBvAG4AIAAtAEMAbwBtAHAAdQB0AGUAcgBOAGEAbQBlACAAVwBTAC0AQQBQAFAALQAwADEAOwAgAHMAaQBtAHUAbABhAHQAZQBkACAAaQBuAGQAaQBjAGEAdABvAHIAIABvAG4AbAB5AA=='; $decoded = [Text.Encoding]::Unicode.GetString([Convert]::FromBase64String($encoded)); Write-Output $decoded; Write-Output 'decoded text is inert and not executed'; Write-Output (\"WAZUH_SAMPLE {0} {1}\" -f $sampleId, $scenario)\r\n\r\nScriptBlock ID: 3bf5edf2-f32d-4e55-948a-220e98f1b291\r\nPath: \""},"eventdata":{"messageNumber":"1","messageTotal":"1","scriptBlockText":"$sampleId = 'OBF-010'; $scenario = 'enter_pssession_clear_base64_literal_v1'; $encoded = 'RQBuAHQAZQByAC0AUABTAFMAZQBzAHMAaQBvAG4AIAAtAEMAbwBtAHAAdQB0AGUAcgBOAGEAbQBlACAAVwBTAC0AQQBQAFAALQAwADEAOwAgAHMAaQBtAHUAbABhAHQAZQBkACAAaQBuAGQAaQBjAGEAdABvAHIAIABvAG4AbAB5AA=='; $decoded = [Text.Encoding]::Unicode.GetString([Convert]::FromBase64String($encoded)); Write-Output $decoded; Write-Output 'decoded text is inert and not executed'; Write-Output (\\\"WAZUH_SAMPLE {0} {1}\\\" -f $sampleId, $scenario)","scriptBlockId":"3bf5edf2-f32d-4e55-948a-220e98f1b291"}}},"location":"EventChannel"}
{"timestamp":"2026-07-05T14:12:12.559+0200","rule":{"level":10,"description":"Powershell script may be using Base64 decoding method","id":"91809","mitre":{"id":["T1140"],"tactic":["Defense Evasion"],"technique":["Deobfuscate/Decode Files or Information"]},"firedtimes":21,"mail":false,"groups":["windows"," powershell"]},"agent":{"id":"001","name":"Windows-Host","ip":"172.28.192.1"},"manager":{"name":"MSI"},"id":"1783253532.1333328","decoder":{"name":"windows_eventchannel"},"data":{"win":{"system":{"providerName":"Microsoft-Windows-PowerShell","providerGuid":"{a0c1853b-5c40-4b15-8766-3cf1c58f985a}","eventID":"4104","version":"1","level":"5","task":"2","opcode":"15","keywords":"0x0","systemTime":"2026-07-05T12:12:11.6500586Z","eventRecordID":"117582","processID":"28248","threadID":"19716","channel":"Microsoft-Windows-PowerShell/Operational","computer":"MSI","severityValue":"VERBOSE","message":"\"Creating Scriptblock text (1 of 1):\r\n$sampleId = 'OBF-011'; $scenario = 'dns_txt_clear_base64_literal_v1'; $encoded = 'UgBlAHMAbwBsAHYAZQAtAEQAbgBzAE4AYQBtAGUAIAAtAFQAeQBwAGUAIABUAFgAVAAgAHQAZQBsAGUAbQBlAHQAcgB5AC4AZQB4AGEAbQBwAGwAZQAuAGMAbwBtADsAIABzAGkAbQB1AGwAYQB0AGUAZAAgAGkAbgBkAGkAYwBhAHQAbwByACAAbwBuAGwAeQA='; $decoded = [Text.Encoding]::Unicode.GetString([Convert]::FromBase64String($encoded)); Write-Output $decoded; Write-Output 'decoded text is inert and not executed'; Write-Output (\"WAZUH_SAMPLE {0} {1}\" -f $sampleId, $scenario)\r\n\r\nScriptBlock ID: 03a6da2a-e166-49dd-9714-a4dcb31382a1\r\nPath: \""},"eventdata":{"messageNumber":"1","messageTotal":"1","scriptBlockText":"$sampleId = 'OBF-011'; $scenario = 'dns_txt_clear_base64_literal_v1'; $encoded = 'UgBlAHMAbwBsAHYAZQAtAEQAbgBzAE4AYQBtAGUAIAAtAFQAeQBwAGUAIABUAFgAVAAgAHQAZQBsAGUAbQBlAHQAcgB5AC4AZQB4AGEAbQBwAGwAZQAuAGMAbwBtADsAIABzAGkAbQB1AGwAYQB0AGUAZAAgAGkAbgBkAGkAYwBhAHQAbwByACAAbwBuAGwAeQA='; $decoded = [Text.Encoding]::Unicode.GetString([Convert]::FromBase64String($encoded)); Write-Output $decoded; Write-Output 'decoded text is inert and not executed'; Write-Output (\\\"WAZUH_SAMPLE {0} {1}\\\" -f $sampleId, $scenario)","scriptBlockId":"03a6da2a-e166-49dd-9714-a4dcb31382a1"}}},"location":"EventChannel"}
{"timestamp":"2026-07-05T14:12:12.574+0200","rule":{"level":10,"description":"Powershell script may be using Base64 decoding method","id":"91809","mitre":{"id":["T1140"],"tactic":["Defense Evasion"],"technique":["Deobfuscate/Decode Files or Information"]},"firedtimes":22,"mail":false,"groups":["windows"," powershell"]},"agent":{"id":"001","name":"Windows-Host","ip":"172.28.192.1"},"manager":{"name":"MSI"},"id":"1783253532.1337012","decoder":{"name":"windows_eventchannel"},"data":{"win":{"system":{"providerName":"Microsoft-Windows-PowerShell","providerGuid":"{a0c1853b-5c40-4b15-8766-3cf1c58f985a}","eventID":"4104","version":"1","level":"5","task":"2","opcode":"15","keywords":"0x0","systemTime":"2026-07-05T12:12:11.7845956Z","eventRecordID":"117583","processID":"28248","threadID":"19716","channel":"Microsoft-Windows-PowerShell/Operational","computer":"MSI","severityValue":"VERBOSE","message":"\"Creating Scriptblock text (1 of 1):\r\n$sampleId = 'OBF-012'; $scenario = 'certutil_string_clear_base64_literal_v1'; $encoded = 'YwBlAHIAdAB1AHQAaQBsAC4AZQB4AGUAIAAtAHUAcgBsAGMAYQBjAGgAZQAgAC0AcwBwAGwAaQB0ACAALQBmACAAaAB0AHQAcABzADoALwAvAHUAcABkAGEAdABlAHMALgBlAHgAYQBtAHAAbABlAC4AYwBvAG0ALwBmAGkAbABlAC4AdAB4AHQAIABDADoAXABQAHIAbwBnAHIAYQBtAEQAYQB0AGEAXABXAGkAbgBkAG8AdwBzAEMAYQBjAGgAZQBcAGYAaQBsAGUALgB0AHgAdAA7ACAAcwBpAG0AdQBsAGEAdABlAGQAIABpAG4AZABpAGMAYQB0AG8AcgAgAG8AbgBsAHkA'; $decoded = [Text.Encoding]::Unicode.GetString([Convert]::FromBase64String($encoded)); Write-Output $decoded; Write-Output 'decoded text is inert and not executed'; Write-Output (\"WAZUH_SAMPLE {0} {1}\" -f $sampleId, $scenario)\r\n\r\nScriptBlock ID: 1eb4aa82-0eab-4469-a267-e676c0c56068\r\nPath: \""},"eventdata":{"messageNumber":"1","messageTotal":"1","scriptBlockText":"$sampleId = 'OBF-012'; $scenario = 'certutil_string_clear_base64_literal_v1'; $encoded = 'YwBlAHIAdAB1AHQAaQBsAC4AZQB4AGUAIAAtAHUAcgBsAGMAYQBjAGgAZQAgAC0AcwBwAGwAaQB0ACAALQBmACAAaAB0AHQAcABzADoALwAvAHUAcABkAGEAdABlAHMALgBlAHgAYQBtAHAAbABlAC4AYwBvAG0ALwBmAGkAbABlAC4AdAB4AHQAIABDADoAXABQAHIAbwBnAHIAYQBtAEQAYQB0AGEAXABXAGkAbgBkAG8AdwBzAEMAYQBjAGgAZQBcAGYAaQBsAGUALgB0AHgAdAA7ACAAcwBpAG0AdQBsAGEAdABlAGQAIABpAG4AZABpAGMAYQB0AG8AcgAgAG8AbgBsAHkA'; $decoded = [Text.Encoding]::Unicode.GetString([Convert]::FromBase64String($encoded)); Write-Output $decoded; Write-Output 'decoded text is inert and not executed'; Write-Output (\\\"WAZUH_SAMPLE {0} {1}\\\" -f $sampleId, $scenario)","scriptBlockId":"1eb4aa82-0eab-4469-a267-e676c0c56068"}}},"location":"EventChannel"}
{"timestamp":"2026-07-05T14:12:12.586+0200","rule":{"level":10,"description":"Powershell script may be using Base64 decoding method","id":"91809","mitre":{"id":["T1140"],"tactic":["Defense Evasion"],"technique":["Deobfuscate/Decode Files or Information"]},"firedtimes":23,"mail":false,"groups":["windows"," powershell"]},"agent":{"id":"001","name":"Windows-Host","ip":"172.28.192.1"},"manager":{"name":"MSI"},"id":"1783253532.1341352","decoder":{"name":"windows_eventchannel"},"data":{"win":{"system":{"providerName":"Microsoft-Windows-PowerShell","providerGuid":"{a0c1853b-5c40-4b15-8766-3cf1c58f985a}","eventID":"4104","version":"1","level":"5","task":"2","opcode":"15","keywords":"0x0","systemTime":"2026-07-05T12:12:11.9165207Z","eventRecordID":"117584","processID":"28248","threadID":"19716","channel":"Microsoft-Windows-PowerShell/Operational","computer":"MSI","severityValue":"VERBOSE","message":"\"Creating Scriptblock text (1 of 1):\r\n$sampleId = 'OBF-013'; $scenario = 'mshta_string_clear_base64_literal_v1'; $encoded = 'bQBzAGgAdABhAC4AZQB4AGUAIABoAHQAdABwAHMAOgAvAC8AdQBwAGQAYQB0AGUAcwAuAGUAeABhAG0AcABsAGUALgBjAG8AbQAvAGgAZQBhAGwAdABoAGMAaABlAGMAawAuAGgAdABhADsAIABzAGkAbQB1AGwAYQB0AGUAZAAgAGkAbgBkAGkAYwBhAHQAbwByACAAbwBuAGwAeQA='; $decoded = [Text.Encoding]::Unicode.GetString([Convert]::FromBase64String($encoded)); Write-Output $decoded; Write-Output 'decoded text is inert and not executed'; Write-Output (\"WAZUH_SAMPLE {0} {1}\" -f $sampleId, $scenario)\r\n\r\nScriptBlock ID: b2c624d6-6089-4f42-9579-59f1840e6c63\r\nPath: \""},"eventdata":{"messageNumber":"1","messageTotal":"1","scriptBlockText":"$sampleId = 'OBF-013'; $scenario = 'mshta_string_clear_base64_literal_v1'; $encoded = 'bQBzAGgAdABhAC4AZQB4AGUAIABoAHQAdABwAHMAOgAvAC8AdQBwAGQAYQB0AGUAcwAuAGUAeABhAG0AcABsAGUALgBjAG8AbQAvAGgAZQBhAGwAdABoAGMAaABlAGMAawAuAGgAdABhADsAIABzAGkAbQB1AGwAYQB0AGUAZAAgAGkAbgBkAGkAYwBhAHQAbwByACAAbwBuAGwAeQA='; $decoded = [Text.Encoding]::Unicode.GetString([Convert]::FromBase64String($encoded)); Write-Output $decoded; Write-Output 'decoded text is inert and not executed'; Write-Output (\\\"WAZUH_SAMPLE {0} {1}\\\" -f $sampleId, $scenario)","scriptBlockId":"b2c624d6-6089-4f42-9579-59f1840e6c63"}}},"location":"EventChannel"}
