{"timestamp":"2026-07-05T14:09:14.537+0200","rule":{"level":10,"description":"Powershell script may be using Base64 decoding method","id":"91809","mitre":{"id":["T1140"],"tactic":["Defense Evasion"],"technique":["Deobfuscate/Decode Files or Information"]},"firedtimes":2,"mail":false,"groups":["windows"," powershell"]},"agent":{"id":"001","name":"Windows-Host","ip":"172.28.192.1"},"manager":{"name":"MSI"},"id":"1783253354.1181836","decoder":{"name":"windows_eventchannel"},"data":{"win":{"system":{"providerName":"Microsoft-Windows-PowerShell","providerGuid":"{a0c1853b-5c40-4b15-8766-3cf1c58f985a}","eventID":"4104","version":"1","level":"5","task":"2","opcode":"15","keywords":"0x0","systemTime":"2026-07-05T12:09:14.0070329Z","eventRecordID":"112349","processID":"5716","threadID":"4684","channel":"Microsoft-Windows-PowerShell/Operational","computer":"MSI","severityValue":"VERBOSE","message":"\"Creating Scriptblock text (1 of 1):\r\n$sampleId = 'OBF-001'; $scenario = 'encoded_command_clear_base64_literal_v1'; $encoded = 'cABvAHcAZQByAHMAaABlAGwAbAAuAGUAeABlACAALQBOAG8AUAByAG8AZgBpAGwAZQAgAC0ARQBuAGMAbwBkAGUAZABDAG8AbQBtAGEAbgBkACAAVgB3AEIAeQBBAEcAawBBAGQAQQBCAGwAQQBDADAAQQBUAHcAQgAxAEEASABRAEEAYwBBAEIAMQBBAEgAUQBBAEkAQQBBAG4AQQBIAE0AQQBhAFEAQgB0AEEASABVAEEAYgBBAEIAaABBAEgAUQBBAFoAUQBCAGsAQQBDAGMAQQA7ACAAcwBpAG0AdQBsAGEAdABlAGQAIABpAG4AZABpAGMAYQB0AG8AcgAgAG8AbgBsAHkA'; $decoded = [Text.Encoding]::Unicode.GetString([Convert]::FromBase64String($encoded)); Write-Output $decoded; Write-Output 'decoded text is inert and not executed'; Write-Output (\"WAZUH_SAMPLE {0} {1}\" -f $sampleId, $scenario)\r\n\r\nScriptBlock ID: bb51d988-0302-47a6-b882-b622d190857f\r\nPath: \""},"eventdata":{"messageNumber":"1","messageTotal":"1","scriptBlockText":"$sampleId = 'OBF-001'; $scenario = 'encoded_command_clear_base64_literal_v1'; $encoded = 'cABvAHcAZQByAHMAaABlAGwAbAAuAGUAeABlACAALQBOAG8AUAByAG8AZgBpAGwAZQAgAC0ARQBuAGMAbwBkAGUAZABDAG8AbQBtAGEAbgBkACAAVgB3AEIAeQBBAEcAawBBAGQAQQBCAGwAQQBDADAAQQBUAHcAQgAxAEEASABRAEEAYwBBAEIAMQBBAEgAUQBBAEkAQQBBAG4AQQBIAE0AQQBhAFEAQgB0AEEASABVAEEAYgBBAEIAaABBAEgAUQBBAFoAUQBCAGsAQQBDAGMAQQA7ACAAcwBpAG0AdQBsAGEAdABlAGQAIABpAG4AZABpAGMAYQB0AG8AcgAgAG8AbgBsAHkA'; $decoded = [Text.Encoding]::Unicode.GetString([Convert]::FromBase64String($encoded)); Write-Output $decoded; Write-Output 'decoded text is inert and not executed'; Write-Output (\\\"WAZUH_SAMPLE {0} {1}\\\" -f $sampleId, $scenario)","scriptBlockId":"bb51d988-0302-47a6-b882-b622d190857f"}}},"location":"EventChannel"}
{"timestamp":"2026-07-05T14:09:14.614+0200","rule":{"level":10,"description":"Powershell script may be using Base64 decoding method","id":"91809","mitre":{"id":["T1140"],"tactic":["Defense Evasion"],"technique":["Deobfuscate/Decode Files or Information"]},"firedtimes":3,"mail":false,"groups":["windows"," powershell"]},"agent":{"id":"001","name":"Windows-Host","ip":"172.28.192.1"},"manager":{"name":"MSI"},"id":"1783253354.1186172","decoder":{"name":"windows_eventchannel"},"data":{"win":{"system":{"providerName":"Microsoft-Windows-PowerShell","providerGuid":"{a0c1853b-5c40-4b15-8766-3cf1c58f985a}","eventID":"4104","version":"1","level":"5","task":"2","opcode":"15","keywords":"0x0","systemTime":"2026-07-05T12:09:14.2467993Z","eventRecordID":"112357","processID":"5716","threadID":"4684","channel":"Microsoft-Windows-PowerShell/Operational","computer":"MSI","severityValue":"VERBOSE","message":"\"Creating Scriptblock text (1 of 1):\r\n$sampleId = 'OBF-002'; $scenario = 'iex_clear_base64_literal_v1'; $encoded = 'SQBuAHYAbwBrAGUALQBFAHgAcAByAGUAcwBzAGkAbwBuACAAJwBXAHIAaQB0AGUALQBPAHUAdABwAHUAdAAgAHMAaQBtAHUAbABhAHQAZQBkACcAOwAgAHMAaQBtAHUAbABhAHQAZQBkACAAaQBuAGQAaQBjAGEAdABvAHIAIABvAG4AbAB5AA=='; $decoded = [Text.Encoding]::Unicode.GetString([Convert]::FromBase64String($encoded)); Write-Output $decoded; Write-Output 'decoded text is inert and not executed'; Write-Output (\"WAZUH_SAMPLE {0} {1}\" -f $sampleId, $scenario)\r\n\r\nScriptBlock ID: b1e7ae50-fa1e-4803-94e7-69eb191277dd\r\nPath: \""},"eventdata":{"messageNumber":"1","messageTotal":"1","scriptBlockText":"$sampleId = 'OBF-002'; $scenario = 'iex_clear_base64_literal_v1'; $encoded = 'SQBuAHYAbwBrAGUALQBFAHgAcAByAGUAcwBzAGkAbwBuACAAJwBXAHIAaQB0AGUALQBPAHUAdABwAHUAdAAgAHMAaQBtAHUAbABhAHQAZQBkACcAOwAgAHMAaQBtAHUAbABhAHQAZQBkACAAaQBuAGQAaQBjAGEAdABvAHIAIABvAG4AbAB5AA=='; $decoded = [Text.Encoding]::Unicode.GetString([Convert]::FromBase64String($encoded)); Write-Output $decoded; Write-Output 'decoded text is inert and not executed'; Write-Output (\\\"WAZUH_SAMPLE {0} {1}\\\" -f $sampleId, $scenario)","scriptBlockId":"b1e7ae50-fa1e-4803-94e7-69eb191277dd"}}},"location":"EventChannel"}
{"timestamp":"2026-07-05T14:09:15.500+0200","rule":{"level":10,"description":"Powershell script may be using Base64 decoding method","id":"91809","mitre":{"id":["T1140"],"tactic":["Defense Evasion"],"technique":["Deobfuscate/Decode Files or Information"]},"firedtimes":4,"mail":false,"groups":["windows"," powershell"]},"agent":{"id":"001","name":"Windows-Host","ip":"172.28.192.1"},"manager":{"name":"MSI"},"id":"1783253355.1189788","decoder":{"name":"windows_eventchannel"},"data":{"win":{"system":{"providerName":"Microsoft-Windows-PowerShell","providerGuid":"{a0c1853b-5c40-4b15-8766-3cf1c58f985a}","eventID":"4104","version":"1","level":"5","task":"2","opcode":"15","keywords":"0x0","systemTime":"2026-07-05T12:09:14.4860329Z","eventRecordID":"112383","processID":"5716","threadID":"4684","channel":"Microsoft-Windows-PowerShell/Operational","computer":"MSI","severityValue":"VERBOSE","message":"\"Creating Scriptblock text (1 of 1):\r\n$sampleId = 'OBF-003'; $scenario = 'downloadstring_clear_base64_literal_v1'; $encoded = 'KABOAGUAdwAtAE8AYgBqAGUAYwB0ACAATgBlAHQALgBXAGUAYgBDAGwAaQBlAG4AdAApAC4ARABvAHcAbgBsAG8AYQBkAFMAdAByAGkAbgBnACgAJwBoAHQAdABwAHMAOgAvAC8AdQBwAGQAYQB0AGUAcwAuAGUAeABhAG0AcABsAGUALgBjAG8AbQAvAGMAYQBjAGgAZQAvAHMAdABhAHQAdQBzAC4AdAB4AHQAJwApADsAIABzAGkAbQB1AGwAYQB0AGUAZAAgAGkAbgBkAGkAYwBhAHQAbwByACAAbwBuAGwAeQA='; $decoded = [Text.Encoding]::Unicode.GetString([Convert]::FromBase64String($encoded)); Write-Output $decoded; Write-Output 'decoded text is inert and not executed'; Write-Output (\"WAZUH_SAMPLE {0} {1}\" -f $sampleId, $scenario)\r\n\r\nScriptBlock ID: af63d2e5-e6f3-4c8b-a996-f1f2e41c498a\r\nPath: \""},"eventdata":{"messageNumber":"1","messageTotal":"1","scriptBlockText":"$sampleId = 'OBF-003'; $scenario = 'downloadstring_clear_base64_literal_v1'; $encoded = 'KABOAGUAdwAtAE8AYgBqAGUAYwB0ACAATgBlAHQALgBXAGUAYgBDAGwAaQBlAG4AdAApAC4ARABvAHcAbgBsAG8AYQBkAFMAdAByAGkAbgBnACgAJwBoAHQAdABwAHMAOgAvAC8AdQBwAGQAYQB0AGUAcwAuAGUAeABhAG0AcABsAGUALgBjAG8AbQAvAGMAYQBjAGgAZQAvAHMAdABhAHQAdQBzAC4AdAB4AHQAJwApADsAIABzAGkAbQB1AGwAYQB0AGUAZAAgAGkAbgBkAGkAYwBhAHQAbwByACAAbwBuAGwAeQA='; $decoded = [Text.Encoding]::Unicode.GetString([Convert]::FromBase64String($encoded)); Write-Output $decoded; Write-Output 'decoded text is inert and not executed'; Write-Output (\\\"WAZUH_SAMPLE {0} {1}\\\" -f $sampleId, $scenario)","scriptBlockId":"af63d2e5-e6f3-4c8b-a996-f1f2e41c498a"}}},"location":"EventChannel"}
{"timestamp":"2026-07-05T14:09:15.547+0200","rule":{"level":10,"description":"Powershell script may be using Base64 decoding method","id":"91809","mitre":{"id":["T1140"],"tactic":["Defense Evasion"],"technique":["Deobfuscate/Decode Files or Information"]},"firedtimes":5,"mail":false,"groups":["windows"," powershell"]},"agent":{"id":"001","name":"Windows-Host","ip":"172.28.192.1"},"manager":{"name":"MSI"},"id":"1783253355.1193944","decoder":{"name":"windows_eventchannel"},"data":{"win":{"system":{"providerName":"Microsoft-Windows-PowerShell","providerGuid":"{a0c1853b-5c40-4b15-8766-3cf1c58f985a}","eventID":"4104","version":"1","level":"5","task":"2","opcode":"15","keywords":"0x0","systemTime":"2026-07-05T12:09:14.7206470Z","eventRecordID":"112389","processID":"5716","threadID":"4684","channel":"Microsoft-Windows-PowerShell/Operational","computer":"MSI","severityValue":"VERBOSE","message":"\"Creating Scriptblock text (1 of 1):\r\n$sampleId = 'OBF-004'; $scenario = 'invoke_webrequest_clear_base64_literal_v1'; $encoded = 'SQBuAHYAbwBrAGUALQBXAGUAYgBSAGUAcQB1AGUAcwB0ACAALQBVAHIAaQAgAGgAdAB0AHAAcwA6AC8ALwB1AHAAZABhAHQAZQBzAC4AZQB4AGEAbQBwAGwAZQAuAGMAbwBtAC8AcABhAGMAawBhAGcAZQBzAC8AdQBwAGQAYQB0AGUALgB0AHgAdAAgAC0ATwB1AHQARgBpAGwAZQAgAEMAOgBcAFAAcgBvAGcAcgBhAG0ARABhAHQAYQBcAFcAaQBuAGQAbwB3AHMAQwBhAGMAaABlAFwAdQBwAGQAYQB0AGUALgB0AHgAdAA7ACAAcwBpAG0AdQBsAGEAdABlAGQAIABpAG4AZABpAGMAYQB0AG8AcgAgAG8AbgBsAHkA'; $decoded = [Text.Encoding]::Unicode.GetString([Convert]::FromBase64String($encoded)); Write-Output $decoded; Write-Output 'decoded text is inert and not executed'; Write-Output (\"WAZUH_SAMPLE {0} {1}\" -f $sampleId, $scenario)\r\n\r\nScriptBlock ID: 561d2227-03a5-4d04-a894-865d2945f537\r\nPath: \""},"eventdata":{"messageNumber":"1","messageTotal":"1","scriptBlockText":"$sampleId = 'OBF-004'; $scenario = 'invoke_webrequest_clear_base64_literal_v1'; $encoded = 'SQBuAHYAbwBrAGUALQBXAGUAYgBSAGUAcQB1AGUAcwB0ACAALQBVAHIAaQAgAGgAdAB0AHAAcwA6AC8ALwB1AHAAZABhAHQAZQBzAC4AZQB4AGEAbQBwAGwAZQAuAGMAbwBtAC8AcABhAGMAawBhAGcAZQBzAC8AdQBwAGQAYQB0AGUALgB0AHgAdAAgAC0ATwB1AHQARgBpAGwAZQAgAEMAOgBcAFAAcgBvAGcAcgBhAG0ARABhAHQAYQBcAFcAaQBuAGQAbwB3AHMAQwBhAGMAaABlAFwAdQBwAGQAYQB0AGUALgB0AHgAdAA7ACAAcwBpAG0AdQBsAGEAdABlAGQAIABpAG4AZABpAGMAYQB0AG8AcgAgAG8AbgBsAHkA'; $decoded = [Text.Encoding]::Unicode.GetString([Convert]::FromBase64String($encoded)); Write-Output $decoded; Write-Output 'decoded text is inert and not executed'; Write-Output (\\\"WAZUH_SAMPLE {0} {1}\\\" -f $sampleId, $scenario)","scriptBlockId":"561d2227-03a5-4d04-a894-865d2945f537"}}},"location":"EventChannel"}
{"timestamp":"2026-07-05T14:09:15.844+0200","rule":{"level":10,"description":"Powershell script may be using Base64 decoding method","id":"91809","mitre":{"id":["T1140"],"tactic":["Defense Evasion"],"technique":["Deobfuscate/Decode Files or Information"]},"firedtimes":6,"mail":false,"groups":["windows"," powershell"]},"agent":{"id":"001","name":"Windows-Host","ip":"172.28.192.1"},"manager":{"name":"MSI"},"id":"1783253355.1198416","decoder":{"name":"windows_eventchannel"},"data":{"win":{"system":{"providerName":"Microsoft-Windows-PowerShell","providerGuid":"{a0c1853b-5c40-4b15-8766-3cf1c58f985a}","eventID":"4104","version":"1","level":"5","task":"2","opcode":"15","keywords":"0x0","systemTime":"2026-07-05T12:09:14.9603909Z","eventRecordID":"112407","processID":"5716","threadID":"4684","channel":"Microsoft-Windows-PowerShell/Operational","computer":"MSI","severityValue":"VERBOSE","message":"\"Creating Scriptblock text (1 of 1):\r\n$sampleId = 'OBF-005'; $scenario = 'amsi_clear_base64_literal_v1'; $encoded = 'WwBSAGUAZgBdAC4AQQBzAHMAZQBtAGIAbAB5AC4ARwBlAHQAVAB5AHAAZQAoACcAUwB5AHMAdABlAG0ALgBNAGEAbgBhAGcAZQBtAGUAbgB0AC4AQQB1AHQAbwBtAGEAdABpAG8AbgAuAEEAbQBzAGkAVQB0AGkAbABzACcAKQAgAGEAbQBzAGkASQBuAGkAdABGAGEAaQBsAGUAZAA7ACAAcwBpAG0AdQBsAGEAdABlAGQAIABpAG4AZABpAGMAYQB0AG8AcgAgAG8AbgBsAHkA'; $decoded = [Text.Encoding]::Unicode.GetString([Convert]::FromBase64String($encoded)); Write-Output $decoded; Write-Output 'decoded text is inert and not executed'; Write-Output (\"WAZUH_SAMPLE {0} {1}\" -f $sampleId, $scenario)\r\n\r\nScriptBlock ID: 4c28c04f-cbfa-4665-9b7a-98419ca596b2\r\nPath: \""},"eventdata":{"messageNumber":"1","messageTotal":"1","scriptBlockText":"$sampleId = 'OBF-005'; $scenario = 'amsi_clear_base64_literal_v1'; $encoded = 'WwBSAGUAZgBdAC4AQQBzAHMAZQBtAGIAbAB5AC4ARwBlAHQAVAB5AHAAZQAoACcAUwB5AHMAdABlAG0ALgBNAGEAbgBhAGcAZQBtAGUAbgB0AC4AQQB1AHQAbwBtAGEAdABpAG8AbgAuAEEAbQBzAGkAVQB0AGkAbABzACcAKQAgAGEAbQBzAGkASQBuAGkAdABGAGEAaQBsAGUAZAA7ACAAcwBpAG0AdQBsAGEAdABlAGQAIABpAG4AZABpAGMAYQB0AG8AcgAgAG8AbgBsAHkA'; $decoded = [Text.Encoding]::Unicode.GetString([Convert]::FromBase64String($encoded)); Write-Output $decoded; Write-Output 'decoded text is inert and not executed'; Write-Output (\\\"WAZUH_SAMPLE {0} {1}\\\" -f $sampleId, $scenario)","scriptBlockId":"4c28c04f-cbfa-4665-9b7a-98419ca596b2"}}},"location":"EventChannel"}
{"timestamp":"2026-07-05T14:11:05.667+0200","rule":{"level":4,"description":"Powershell executing process discovery","id":"91815","mitre":{"id":["T1057"],"tactic":["Discovery"],"technique":["Process Discovery"]},"firedtimes":1,"mail":false,"groups":["windows"," powershell"]},"agent":{"id":"001","name":"Windows-Host","ip":"172.28.192.1"},"manager":{"name":"MSI"},"id":"1783253465.1202420","decoder":{"name":"windows_eventchannel"},"data":{"win":{"system":{"providerName":"Microsoft-Windows-PowerShell","providerGuid":"{a0c1853b-5c40-4b15-8766-3cf1c58f985a}","eventID":"4104","version":"1","level":"5","task":"2","opcode":"15","keywords":"0x0","systemTime":"2026-07-05T12:11:04.6570982Z","eventRecordID":"115074","processID":"28248","threadID":"19716","channel":"Microsoft-Windows-PowerShell/Operational","computer":"MSI","severityValue":"VERBOSE","message":"\"Creating Scriptblock text (1 of 1):\r\n$sampleId = 'BEN-001'; $scenario = 'process_inventory_normal_v1'; Get-Process | Select-Object -First 5 Name, Id, CPU; Write-Output (\"WAZUH_SAMPLE {0} {1}\" -f $sampleId, $scenario)\r\n\r\nScriptBlock ID: d6f8924b-02e5-4d90-8817-b4340e893f6e\r\nPath: \""},"eventdata":{"messageNumber":"1","messageTotal":"1","scriptBlockText":"$sampleId = 'BEN-001'; $scenario = 'process_inventory_normal_v1'; Get-Process | Select-Object -First 5 Name, Id, CPU; Write-Output (\\\"WAZUH_SAMPLE {0} {1}\\\" -f $sampleId, $scenario)","scriptBlockId":"d6f8924b-02e5-4d90-8817-b4340e893f6e"}}},"location":"EventChannel"}
{"timestamp":"2026-07-05T14:11:12.338+0200","rule":{"level":4,"description":"Powershell script querying system environment variables","id":"91816","mitre":{"id":["T1082"],"tactic":["Discovery"],"technique":["System Information Discovery"]},"firedtimes":1,"mail":false,"groups":["windows"," powershell"]},"agent":{"id":"001","name":"Windows-Host","ip":"172.28.192.1"},"manager":{"name":"MSI"},"id":"1783253472.1204780","decoder":{"name":"windows_eventchannel"},"data":{"win":{"system":{"providerName":"Microsoft-Windows-PowerShell","providerGuid":"{a0c1853b-5c40-4b15-8766-3cf1c58f985a}","eventID":"4104","version":"1","level":"5","task":"2","opcode":"15","keywords":"0x0","systemTime":"2026-07-05T12:11:11.5652021Z","eventRecordID":"115407","processID":"28248","threadID":"19716","channel":"Microsoft-Windows-PowerShell/Operational","computer":"MSI","severityValue":"VERBOSE","message":"\"Creating Scriptblock text (1 of 1):\r\n$sampleId = 'BEN-009'; $scenario = 'temp_listing_normal_v1'; Get-ChildItem -Path $env:TEMP -ErrorAction SilentlyContinue | Select-Object -First 5 Name; Write-Output (\"WAZUH_SAMPLE {0} {1}\" -f $sampleId, $scenario)\r\n\r\nScriptBlock ID: b823f68f-ea4e-4649-9a28-e004469be8bf\r\nPath: \""},"eventdata":{"messageNumber":"1","messageTotal":"1","scriptBlockText":"$sampleId = 'BEN-009'; $scenario = 'temp_listing_normal_v1'; Get-ChildItem -Path $env:TEMP -ErrorAction SilentlyContinue | Select-Object -First 5 Name; Write-Output (\\\"WAZUH_SAMPLE {0} {1}\\\" -f $sampleId, $scenario)","scriptBlockId":"b823f68f-ea4e-4649-9a28-e004469be8bf"}}},"location":"EventChannel"}
{"timestamp":"2026-07-05T14:11:12.454+0200","rule":{"level":4,"description":"Powershell script querying system environment variables","id":"91816","mitre":{"id":["T1082"],"tactic":["Discovery"],"technique":["System Information Discovery"]},"firedtimes":2,"mail":false,"groups":["windows"," powershell"]},"agent":{"id":"001","name":"Windows-Host","ip":"172.28.192.1"},"manager":{"name":"MSI"},"id":"1783253472.1207293","decoder":{"name":"windows_eventchannel"},"data":{"win":{"system":{"providerName":"Microsoft-Windows-PowerShell","providerGuid":"{a0c1853b-5c40-4b15-8766-3cf1c58f985a}","eventID":"4104","version":"1","level":"5","task":"2","opcode":"15","keywords":"0x0","systemTime":"2026-07-05T12:11:11.6967691Z","eventRecordID":"115416","processID":"28248","threadID":"19716","channel":"Microsoft-Windows-PowerShell/Operational","computer":"MSI","severityValue":"VERBOSE","message":"\"Creating Scriptblock text (1 of 1):\r\n$sampleId = 'BEN-010'; $scenario = 'path_check_normal_v1'; Test-Path -Path $env:TEMP; Write-Output (\"WAZUH_SAMPLE {0} {1}\" -f $sampleId, $scenario)\r\n\r\nScriptBlock ID: 272c3725-807a-458e-b230-78ee8e3b77ec\r\nPath: \""},"eventdata":{"messageNumber":"1","messageTotal":"1","scriptBlockText":"$sampleId = 'BEN-010'; $scenario = 'path_check_normal_v1'; Test-Path -Path $env:TEMP; Write-Output (\\\"WAZUH_SAMPLE {0} {1}\\\" -f $sampleId, $scenario)","scriptBlockId":"272c3725-807a-458e-b230-78ee8e3b77ec"}}},"location":"EventChannel"}
{"timestamp":"2026-07-05T14:11:12.793+0200","rule":{"level":4,"description":"Powershell script searching filesystem","id":"91819","mitre":{"id":["T1083"],"tactic":["Discovery"],"technique":["File and Directory Discovery"]},"firedtimes":4,"mail":false,"groups":["windows"," powershell"]},"agent":{"id":"001","name":"Windows-Host","ip":"172.28.192.1"},"manager":{"name":"MSI"},"id":"1783253472.1209542","decoder":{"name":"windows_eventchannel"},"data":{"win":{"system":{"providerName":"Microsoft-Windows-PowerShell","providerGuid":"{a0c1853b-5c40-4b15-8766-3cf1c58f985a}","eventID":"4104","version":"1","level":"5","task":"2","opcode":"15","keywords":"0x0","systemTime":"2026-07-05T12:11:11.9725284Z","eventRecordID":"115446","processID":"28248","threadID":"19716","channel":"Microsoft-Windows-PowerShell/Operational","computer":"MSI","severityValue":"VERBOSE","message":"\"Creating Scriptblock text (1 of 1):\r\n$sampleId = 'BEN-012'; $scenario = 'env_summary_normal_v1'; Get-ChildItem Env: | Select-Object -First 6 Name, Value; Write-Output (\"WAZUH_SAMPLE {0} {1}\" -f $sampleId, $scenario)\r\n\r\nScriptBlock ID: 2a11f975-5afd-4b1b-b682-1af7ea5b1758\r\nPath: \""},"eventdata":{"messageNumber":"1","messageTotal":"1","scriptBlockText":"$sampleId = 'BEN-012'; $scenario = 'env_summary_normal_v1'; Get-ChildItem Env: | Select-Object -First 6 Name, Value; Write-Output (\\\"WAZUH_SAMPLE {0} {1}\\\" -f $sampleId, $scenario)","scriptBlockId":"2a11f975-5afd-4b1b-b682-1af7ea5b1758"}}},"location":"EventChannel"}
{"timestamp":"2026-07-05T14:11:20.926+0200","rule":{"level":4,"description":"Powershell executing process discovery","id":"91815","mitre":{"id":["T1057"],"tactic":["Discovery"],"technique":["Process Discovery"]},"firedtimes":2,"mail":false,"groups":["windows"," powershell"]},"agent":{"id":"001","name":"Windows-Host","ip":"172.28.192.1"},"manager":{"name":"MSI"},"id":"1783253480.1211898","decoder":{"name":"windows_eventchannel"},"data":{"win":{"system":{"providerName":"Microsoft-Windows-PowerShell","providerGuid":"{a0c1853b-5c40-4b15-8766-3cf1c58f985a}","eventID":"4104","version":"1","level":"5","task":"2","opcode":"15","keywords":"0x0","systemTime":"2026-07-05T12:11:20.2829095Z","eventRecordID":"115786","processID":"28248","threadID":"19716","channel":"Microsoft-Windows-PowerShell/Operational","computer":"MSI","severityValue":"VERBOSE","message":"\"Creating Scriptblock text (1 of 1):\r\n$sampleId = 'BEN-017'; $scenario = 'command_lookup_normal_v1'; Get-Command Get-Process | Select-Object Name, CommandType, Source; Write-Output (\"WAZUH_SAMPLE {0} {1}\" -f $sampleId, $scenario)\r\n\r\nScriptBlock ID: a7f495f1-e226-4425-a187-5b663ae83ab9\r\nPath: \""},"eventdata":{"messageNumber":"1","messageTotal":"1","scriptBlockText":"$sampleId = 'BEN-017'; $scenario = 'command_lookup_normal_v1'; Get-Command Get-Process | Select-Object Name, CommandType, Source; Write-Output (\\\"WAZUH_SAMPLE {0} {1}\\\" -f $sampleId, $scenario)","scriptBlockId":"a7f495f1-e226-4425-a187-5b663ae83ab9"}}},"location":"EventChannel"}
{"timestamp":"2026-07-05T14:11:21.042+0200","rule":{"level":4,"description":"Powershell script querying system environment variables","id":"91816","mitre":{"id":["T1082"],"tactic":["Discovery"],"technique":["System Information Discovery"]},"firedtimes":3,"mail":false,"groups":["windows"," powershell"]},"agent":{"id":"001","name":"Windows-Host","ip":"172.28.192.1"},"manager":{"name":"MSI"},"id":"1783253481.1214306","decoder":{"name":"windows_eventchannel"},"data":{"win":{"system":{"providerName":"Microsoft-Windows-PowerShell","providerGuid":"{a0c1853b-5c40-4b15-8766-3cf1c58f985a}","eventID":"4104","version":"1","level":"5","task":"2","opcode":"15","keywords":"0x0","systemTime":"2026-07-05T12:11:20.3945339Z","eventRecordID":"115800","processID":"28248","threadID":"19716","channel":"Microsoft-Windows-PowerShell/Operational","computer":"MSI","severityValue":"VERBOSE","message":"\"Creating Scriptblock text (1 of 1):\r\n$sampleId = 'BEN-018'; $scenario = 'json_formatting_normal_v1'; @{host=$env:COMPUTERNAME; user=$env:USERNAME} | ConvertTo-Json; Write-Output (\"WAZUH_SAMPLE {0} {1}\" -f $sampleId, $scenario)\r\n\r\nScriptBlock ID: d8664c6a-6522-428a-805c-7f06a07ac0c5\r\nPath: \""},"eventdata":{"messageNumber":"1","messageTotal":"1","scriptBlockText":"$sampleId = 'BEN-018'; $scenario = 'json_formatting_normal_v1'; @{host=$env:COMPUTERNAME; user=$env:USERNAME} | ConvertTo-Json; Write-Output (\\\"WAZUH_SAMPLE {0} {1}\\\" -f $sampleId, $scenario)","scriptBlockId":"d8664c6a-6522-428a-805c-7f06a07ac0c5"}}},"location":"EventChannel"}
{"timestamp":"2026-07-05T14:11:21.060+0200","rule":{"level":4,"description":"Powershell executing process discovery","id":"91815","mitre":{"id":["T1057"],"tactic":["Discovery"],"technique":["Process Discovery"]},"firedtimes":3,"mail":false,"groups":["windows"," powershell"]},"agent":{"id":"001","name":"Windows-Host","ip":"172.28.192.1"},"manager":{"name":"MSI"},"id":"1783253481.1216723","decoder":{"name":"windows_eventchannel"},"data":{"win":{"system":{"providerName":"Microsoft-Windows-PowerShell","providerGuid":"{a0c1853b-5c40-4b15-8766-3cf1c58f985a}","eventID":"4104","version":"1","level":"5","task":"2","opcode":"15","keywords":"0x0","systemTime":"2026-07-05T12:11:20.5140722Z","eventRecordID":"115803","processID":"28248","threadID":"19716","channel":"Microsoft-Windows-PowerShell/Operational","computer":"MSI","severityValue":"VERBOSE","message":"\"Creating Scriptblock text (1 of 1):\r\n$sampleId = 'BEN-019'; $scenario = 'csv_formatting_normal_v1'; Get-Process | Select-Object -First 3 Name, Id | ConvertTo-Csv -NoTypeInformation; Write-Output (\"WAZUH_SAMPLE {0} {1}\" -f $sampleId, $scenario)\r\n\r\nScriptBlock ID: 2e50ac33-6d52-405b-a3a0-9e29a419ca60\r\nPath: \""},"eventdata":{"messageNumber":"1","messageTotal":"1","scriptBlockText":"$sampleId = 'BEN-019'; $scenario = 'csv_formatting_normal_v1'; Get-Process | Select-Object -First 3 Name, Id | ConvertTo-Csv -NoTypeInformation; Write-Output (\\\"WAZUH_SAMPLE {0} {1}\\\" -f $sampleId, $scenario)","scriptBlockId":"2e50ac33-6d52-405b-a3a0-9e29a419ca60"}}},"location":"EventChannel"}
{"timestamp":"2026-07-05T14:11:29.962+0200","rule":{"level":4,"description":"Powershell script querying system environment variables","id":"91816","mitre":{"id":["T1082"],"tactic":["Discovery"],"technique":["System Information Discovery"]},"firedtimes":4,"mail":false,"groups":["windows"," powershell"]},"agent":{"id":"001","name":"Windows-Host","ip":"172.28.192.1"},"manager":{"name":"MSI"},"id":"1783253489.1219191","decoder":{"name":"windows_eventchannel"},"data":{"win":{"system":{"providerName":"Microsoft-Windows-PowerShell","providerGuid":"{a0c1853b-5c40-4b15-8766-3cf1c58f985a}","eventID":"4104","version":"1","level":"5","task":"2","opcode":"15","keywords":"0x0","systemTime":"2026-07-05T12:11:29.6419831Z","eventRecordID":"116092","processID":"28248","threadID":"19716","channel":"Microsoft-Windows-PowerShell/Operational","computer":"MSI","severityValue":"VERBOSE","message":"\"Creating Scriptblock text (1 of 1):\r\n$sampleId = 'BEN-032'; $scenario = 'acl_read_normal_v1'; Get-Acl -Path $env:TEMP | Select-Object Owner, AccessToString; Write-Output (\"WAZUH_SAMPLE {0} {1}\" -f $sampleId, $scenario)\r\n\r\nScriptBlock ID: e684c4ed-7aad-44b9-8b4c-27382fc7d62f\r\nPath: \""},"eventdata":{"messageNumber":"1","messageTotal":"1","scriptBlockText":"$sampleId = 'BEN-032'; $scenario = 'acl_read_normal_v1'; Get-Acl -Path $env:TEMP | Select-Object Owner, AccessToString; Write-Output (\\\"WAZUH_SAMPLE {0} {1}\\\" -f $sampleId, $scenario)","scriptBlockId":"e684c4ed-7aad-44b9-8b4c-27382fc7d62f"}}},"location":"EventChannel"}
{"timestamp":"2026-07-05T14:11:29.970+0200","rule":{"level":4,"description":"Powershell script querying system environment variables","id":"91816","mitre":{"id":["T1082"],"tactic":["Discovery"],"technique":["System Information Discovery"]},"firedtimes":5,"mail":false,"groups":["windows"," powershell"]},"agent":{"id":"001","name":"Windows-Host","ip":"172.28.192.1"},"manager":{"name":"MSI"},"id":"1783253489.1221576","decoder":{"name":"windows_eventchannel"},"data":{"win":{"system":{"providerName":"Microsoft-Windows-PowerShell","providerGuid":"{a0c1853b-5c40-4b15-8766-3cf1c58f985a}","eventID":"4104","version":"1","level":"5","task":"2","opcode":"15","keywords":"0x0","systemTime":"2026-07-05T12:11:29.7977661Z","eventRecordID":"116093","processID":"28248","threadID":"19716","channel":"Microsoft-Windows-PowerShell/Operational","computer":"MSI","severityValue":"VERBOSE","message":"\"Creating Scriptblock text (1 of 1):\r\n$sampleId = 'BEN-033'; $scenario = 'file_count_normal_v1'; (Get-ChildItem -Path $env:TEMP -File -ErrorAction SilentlyContinue | Measure-Object).Count; Write-Output (\"WAZUH_SAMPLE {0} {1}\" -f $sampleId, $scenario)\r\n\r\nScriptBlock ID: 954dcc1e-eb20-4638-994b-87b093b55730\r\nPath: \""},"eventdata":{"messageNumber":"1","messageTotal":"1","scriptBlockText":"$sampleId = 'BEN-033'; $scenario = 'file_count_normal_v1'; (Get-ChildItem -Path $env:TEMP -File -ErrorAction SilentlyContinue | Measure-Object).Count; Write-Output (\\\"WAZUH_SAMPLE {0} {1}\\\" -f $sampleId, $scenario)","scriptBlockId":"954dcc1e-eb20-4638-994b-87b093b55730"}}},"location":"EventChannel"}
{"timestamp":"2026-07-05T14:11:31.090+0200","rule":{"level":4,"description":"Powershell executing process discovery","id":"91815","mitre":{"id":["T1057"],"tactic":["Discovery"],"technique":["Process Discovery"]},"firedtimes":4,"mail":false,"groups":["windows"," powershell"]},"agent":{"id":"001","name":"Windows-Host","ip":"172.28.192.1"},"manager":{"name":"MSI"},"id":"1783253491.1224085","decoder":{"name":"windows_eventchannel"},"data":{"win":{"system":{"providerName":"Microsoft-Windows-PowerShell","providerGuid":"{a0c1853b-5c40-4b15-8766-3cf1c58f985a}","eventID":"4104","version":"1","level":"5","task":"2","opcode":"15","keywords":"0x0","systemTime":"2026-07-05T12:11:30.2408379Z","eventRecordID":"116112","processID":"28248","threadID":"19716","channel":"Microsoft-Windows-PowerShell/Operational","computer":"MSI","severityValue":"VERBOSE","message":"\"Creating Scriptblock text (1 of 1):\r\n$sampleId = 'BEN-036'; $scenario = 'process_cpu_sort_normal_v1'; Get-Process | Sort-Object CPU -Descending | Select-Object -First 3 Name, CPU; Write-Output (\"WAZUH_SAMPLE {0} {1}\" -f $sampleId, $scenario)\r\n\r\nScriptBlock ID: 172a892a-dcb0-485b-88ee-3baf61601681\r\nPath: \""},"eventdata":{"messageNumber":"1","messageTotal":"1","scriptBlockText":"$sampleId = 'BEN-036'; $scenario = 'process_cpu_sort_normal_v1'; Get-Process | Sort-Object CPU -Descending | Select-Object -First 3 Name, CPU; Write-Output (\\\"WAZUH_SAMPLE {0} {1}\\\" -f $sampleId, $scenario)","scriptBlockId":"172a892a-dcb0-485b-88ee-3baf61601681"}}},"location":"EventChannel"}
{"timestamp":"2026-07-05T14:11:38.552+0200","rule":{"level":4,"description":"Powershell script searching filesystem","id":"91819","mitre":{"id":["T1083"],"tactic":["Discovery"],"technique":["File and Directory Discovery"]},"firedtimes":5,"mail":false,"groups":["windows"," powershell"]},"agent":{"id":"001","name":"Windows-Host","ip":"172.28.192.1"},"manager":{"name":"MSI"},"id":"1783253498.1226545","decoder":{"name":"windows_eventchannel"},"data":{"win":{"system":{"providerName":"Microsoft-Windows-PowerShell","providerGuid":"{a0c1853b-5c40-4b15-8766-3cf1c58f985a}","eventID":"4104","version":"1","level":"5","task":"2","opcode":"15","keywords":"0x0","systemTime":"2026-07-05T12:11:37.5364819Z","eventRecordID":"116467","processID":"28248","threadID":"19716","channel":"Microsoft-Windows-PowerShell/Operational","computer":"MSI","severityValue":"VERBOSE","message":"\"Creating Scriptblock text (1 of 1):\r\n$sampleId = 'BEN-049'; $scenario = 'cert_store_read_normal_v1'; Get-ChildItem Cert:\\CurrentUser\\My -ErrorAction SilentlyContinue | Select-Object -First 3 Subject, NotAfter; Write-Output (\"WAZUH_SAMPLE {0} {1}\" -f $sampleId, $scenario)\r\n\r\nScriptBlock ID: 0110604f-6fc0-4eaa-a3ca-0b477f2dd53b\r\nPath: \""},"eventdata":{"messageNumber":"1","messageTotal":"1","scriptBlockText":"$sampleId = 'BEN-049'; $scenario = 'cert_store_read_normal_v1'; Get-ChildItem Cert:\\\\CurrentUser\\\\My -ErrorAction SilentlyContinue | Select-Object -First 3 Subject, NotAfter; Write-Output (\\\"WAZUH_SAMPLE {0} {1}\\\" -f $sampleId, $scenario)","scriptBlockId":"0110604f-6fc0-4eaa-a3ca-0b477f2dd53b"}}},"location":"EventChannel"}
{"timestamp":"2026-07-05T14:11:39.601+0200","rule":{"level":4,"description":"Powershell script querying system environment variables","id":"91816","mitre":{"id":["T1082"],"tactic":["Discovery"],"technique":["System Information Discovery"]},"firedtimes":6,"mail":false,"groups":["windows"," powershell"]},"agent":{"id":"001","name":"Windows-Host","ip":"172.28.192.1"},"manager":{"name":"MSI"},"id":"1783253499.1229135","decoder":{"name":"windows_eventchannel"},"data":{"win":{"system":{"providerName":"Microsoft-Windows-PowerShell","providerGuid":"{a0c1853b-5c40-4b15-8766-3cf1c58f985a}","eventID":"4104","version":"1","level":"5","task":"2","opcode":"15","keywords":"0x0","systemTime":"2026-07-05T12:11:38.7259112Z","eventRecordID":"116509","processID":"28248","threadID":"19716","channel":"Microsoft-Windows-PowerShell/Operational","computer":"MSI","severityValue":"VERBOSE","message":"\"Creating Scriptblock text (1 of 1):\r\n$sampleId = 'BEN-050'; $scenario = 'host_info_normal_v1'; Write-Host ('Host: ' + $env:COMPUTERNAME + '; User: ' + $env:USERNAME); Write-Output (\"WAZUH_SAMPLE {0} {1}\" -f $sampleId, $scenario)\r\n\r\nScriptBlock ID: 2faf5b08-b13c-4558-8270-921b5c4402a5\r\nPath: \""},"eventdata":{"messageNumber":"1","messageTotal":"1","scriptBlockText":"$sampleId = 'BEN-050'; $scenario = 'host_info_normal_v1'; Write-Host ('Host: ' + $env:COMPUTERNAME + '; User: ' + $env:USERNAME); Write-Output (\\\"WAZUH_SAMPLE {0} {1}\\\" -f $sampleId, $scenario)","scriptBlockId":"2faf5b08-b13c-4558-8270-921b5c4402a5"}}},"location":"EventChannel"}
{"timestamp":"2026-07-05T14:11:39.781+0200","rule":{"level":4,"description":"Powershell executing process discovery","id":"91815","mitre":{"id":["T1057"],"tactic":["Discovery"],"technique":["Process Discovery"]},"firedtimes":5,"mail":false,"groups":["windows"," powershell"]},"agent":{"id":"001","name":"Windows-Host","ip":"172.28.192.1"},"manager":{"name":"MSI"},"id":"1783253499.1231560","decoder":{"name":"windows_eventchannel"},"data":{"win":{"system":{"providerName":"Microsoft-Windows-PowerShell","providerGuid":"{a0c1853b-5c40-4b15-8766-3cf1c58f985a}","eventID":"4104","version":"1","level":"5","task":"2","opcode":"15","keywords":"0x0","systemTime":"2026-07-05T12:11:38.8586349Z","eventRecordID":"116524","processID":"28248","threadID":"19716","channel":"Microsoft-Windows-PowerShell/Operational","computer":"MSI","severityValue":"VERBOSE","message":"\"Creating Scriptblock text (1 of 1):\r\n$sampleId = 'BEN-051'; $scenario = 'process_inventory_normal_v2'; Get-Process | Select-Object -First 5 Name, Id, CPU; Write-Output 'benign variant 2'; Write-Output (\"WAZUH_SAMPLE {0} {1}\" -f $sampleId, $scenario)\r\n\r\nScriptBlock ID: 98776810-1a73-497c-ba46-7152f5040faa\r\nPath: \""},"eventdata":{"messageNumber":"1","messageTotal":"1","scriptBlockText":"$sampleId = 'BEN-051'; $scenario = 'process_inventory_normal_v2'; Get-Process | Select-Object -First 5 Name, Id, CPU; Write-Output 'benign variant 2'; Write-Output (\\\"WAZUH_SAMPLE {0} {1}\\\" -f $sampleId, $scenario)","scriptBlockId":"98776810-1a73-497c-ba46-7152f5040faa"}}},"location":"EventChannel"}
{"timestamp":"2026-07-05T14:11:41.564+0200","rule":{"level":4,"description":"Powershell script querying system environment variables","id":"91816","mitre":{"id":["T1082"],"tactic":["Discovery"],"technique":["System Information Discovery"]},"firedtimes":7,"mail":false,"groups":["windows"," powershell"]},"agent":{"id":"001","name":"Windows-Host","ip":"172.28.192.1"},"manager":{"name":"MSI"},"id":"1783253501.1234052","decoder":{"name":"windows_eventchannel"},"data":{"win":{"system":{"providerName":"Microsoft-Windows-PowerShell","providerGuid":"{a0c1853b-5c40-4b15-8766-3cf1c58f985a}","eventID":"4104","version":"1","level":"5","task":"2","opcode":"15","keywords":"0x0","systemTime":"2026-07-05T12:11:40.7432068Z","eventRecordID":"116561","processID":"28248","threadID":"19716","channel":"Microsoft-Windows-PowerShell/Operational","computer":"MSI","severityValue":"VERBOSE","message":"\"Creating Scriptblock text (1 of 1):\r\n$sampleId = 'BEN-059'; $scenario = 'temp_listing_normal_v2'; Get-ChildItem -Path $env:TEMP -ErrorAction SilentlyContinue | Select-Object -First 5 Name; Write-Output 'benign variant 2'; Write-Output (\"WAZUH_SAMPLE {0} {1}\" -f $sampleId, $scenario)\r\n\r\nScriptBlock ID: c91b8029-73e4-4e5a-9ab2-32ab25bd4d98\r\nPath: \""},"eventdata":{"messageNumber":"1","messageTotal":"1","scriptBlockText":"$sampleId = 'BEN-059'; $scenario = 'temp_listing_normal_v2'; Get-ChildItem -Path $env:TEMP -ErrorAction SilentlyContinue | Select-Object -First 5 Name; Write-Output 'benign variant 2'; Write-Output (\\\"WAZUH_SAMPLE {0} {1}\\\" -f $sampleId, $scenario)","scriptBlockId":"c91b8029-73e4-4e5a-9ab2-32ab25bd4d98"}}},"location":"EventChannel"}
{"timestamp":"2026-07-05T14:11:41.751+0200","rule":{"level":4,"description":"Powershell script querying system environment variables","id":"91816","mitre":{"id":["T1082"],"tactic":["Discovery"],"technique":["System Information Discovery"]},"firedtimes":8,"mail":false,"groups":["windows"," powershell"]},"agent":{"id":"001","name":"Windows-Host","ip":"172.28.192.1"},"manager":{"name":"MSI"},"id":"1783253501.1236697","decoder":{"name":"windows_eventchannel"},"data":{"win":{"system":{"providerName":"Microsoft-Windows-PowerShell","providerGuid":"{a0c1853b-5c40-4b15-8766-3cf1c58f985a}","eventID":"4104","version":"1","level":"5","task":"2","opcode":"15","keywords":"0x0","systemTime":"2026-07-05T12:11:40.8742162Z","eventRecordID":"116578","processID":"28248","threadID":"19716","channel":"Microsoft-Windows-PowerShell/Operational","computer":"MSI","severityValue":"VERBOSE","message":"\"Creating Scriptblock text (1 of 1):\r\n$sampleId = 'BEN-060'; $scenario = 'path_check_normal_v2'; Test-Path -Path $env:TEMP; Write-Output 'benign variant 2'; Write-Output (\"WAZUH_SAMPLE {0} {1}\" -f $sampleId, $scenario)\r\n\r\nScriptBlock ID: 1fec5c28-3c54-4956-adf2-7e8f50c73585\r\nPath: \""},"eventdata":{"messageNumber":"1","messageTotal":"1","scriptBlockText":"$sampleId = 'BEN-060'; $scenario = 'path_check_normal_v2'; Test-Path -Path $env:TEMP; Write-Output 'benign variant 2'; Write-Output (\\\"WAZUH_SAMPLE {0} {1}\\\" -f $sampleId, $scenario)","scriptBlockId":"1fec5c28-3c54-4956-adf2-7e8f50c73585"}}},"location":"EventChannel"}
{"timestamp":"2026-07-05T14:11:41.776+0200","rule":{"level":4,"description":"Powershell script searching filesystem","id":"91819","mitre":{"id":["T1083"],"tactic":["Discovery"],"technique":["File and Directory Discovery"]},"firedtimes":6,"mail":false,"groups":["windows"," powershell"]},"agent":{"id":"001","name":"Windows-Host","ip":"172.28.192.1"},"manager":{"name":"MSI"},"id":"1783253501.1239078","decoder":{"name":"windows_eventchannel"},"data":{"win":{"system":{"providerName":"Microsoft-Windows-PowerShell","providerGuid":"{a0c1853b-5c40-4b15-8766-3cf1c58f985a}","eventID":"4104","version":"1","level":"5","task":"2","opcode":"15","keywords":"0x0","systemTime":"2026-07-05T12:11:41.1053487Z","eventRecordID":"116580","processID":"28248","threadID":"19716","channel":"Microsoft-Windows-PowerShell/Operational","computer":"MSI","severityValue":"VERBOSE","message":"\"Creating Scriptblock text (1 of 1):\r\n$sampleId = 'BEN-062'; $scenario = 'env_summary_normal_v2'; Get-ChildItem Env: | Select-Object -First 6 Name, Value; Write-Output 'benign variant 2'; Write-Output (\"WAZUH_SAMPLE {0} {1}\" -f $sampleId, $scenario)\r\n\r\nScriptBlock ID: f6f9dc45-b240-487e-83f8-60c8a43cd790\r\nPath: \""},"eventdata":{"messageNumber":"1","messageTotal":"1","scriptBlockText":"$sampleId = 'BEN-062'; $scenario = 'env_summary_normal_v2'; Get-ChildItem Env: | Select-Object -First 6 Name, Value; Write-Output 'benign variant 2'; Write-Output (\\\"WAZUH_SAMPLE {0} {1}\\\" -f $sampleId, $scenario)","scriptBlockId":"f6f9dc45-b240-487e-83f8-60c8a43cd790"}}},"location":"EventChannel"}
{"timestamp":"2026-07-05T14:11:44.082+0200","rule":{"level":4,"description":"Powershell executing process discovery","id":"91815","mitre":{"id":["T1057"],"tactic":["Discovery"],"technique":["Process Discovery"]},"firedtimes":6,"mail":false,"groups":["windows"," powershell"]},"agent":{"id":"001","name":"Windows-Host","ip":"172.28.192.1"},"manager":{"name":"MSI"},"id":"1783253504.1241566","decoder":{"name":"windows_eventchannel"},"data":{"win":{"system":{"providerName":"Microsoft-Windows-PowerShell","providerGuid":"{a0c1853b-5c40-4b15-8766-3cf1c58f985a}","eventID":"4104","version":"1","level":"5","task":"2","opcode":"15","keywords":"0x0","systemTime":"2026-07-05T12:11:43.3067208Z","eventRecordID":"116659","processID":"28248","threadID":"19716","channel":"Microsoft-Windows-PowerShell/Operational","computer":"MSI","severityValue":"VERBOSE","message":"\"Creating Scriptblock text (1 of 1):\r\n$sampleId = 'BEN-067'; $scenario = 'command_lookup_normal_v2'; Get-Command Get-Process | Select-Object Name, CommandType, Source; Write-Output 'benign variant 2'; Write-Output (\"WAZUH_SAMPLE {0} {1}\" -f $sampleId, $scenario)\r\n\r\nScriptBlock ID: d7354038-a71e-4187-83f6-711b402ec29c\r\nPath: \""},"eventdata":{"messageNumber":"1","messageTotal":"1","scriptBlockText":"$sampleId = 'BEN-067'; $scenario = 'command_lookup_normal_v2'; Get-Command Get-Process | Select-Object Name, CommandType, Source; Write-Output 'benign variant 2'; Write-Output (\\\"WAZUH_SAMPLE {0} {1}\\\" -f $sampleId, $scenario)","scriptBlockId":"d7354038-a71e-4187-83f6-711b402ec29c"}}},"location":"EventChannel"}
{"timestamp":"2026-07-05T14:11:44.107+0200","rule":{"level":4,"description":"Powershell script querying system environment variables","id":"91816","mitre":{"id":["T1082"],"tactic":["Discovery"],"technique":["System Information Discovery"]},"firedtimes":9,"mail":false,"groups":["windows"," powershell"]},"agent":{"id":"001","name":"Windows-Host","ip":"172.28.192.1"},"manager":{"name":"MSI"},"id":"1783253504.1244106","decoder":{"name":"windows_eventchannel"},"data":{"win":{"system":{"providerName":"Microsoft-Windows-PowerShell","providerGuid":"{a0c1853b-5c40-4b15-8766-3cf1c58f985a}","eventID":"4104","version":"1","level":"5","task":"2","opcode":"15","keywords":"0x0","systemTime":"2026-07-05T12:11:43.4248570Z","eventRecordID":"116661","processID":"28248","threadID":"19716","channel":"Microsoft-Windows-PowerShell/Operational","computer":"MSI","severityValue":"VERBOSE","message":"\"Creating Scriptblock text (1 of 1):\r\n$sampleId = 'BEN-068'; $scenario = 'json_formatting_normal_v2'; @{host=$env:COMPUTERNAME; user=$env:USERNAME} | ConvertTo-Json; Write-Output 'benign variant 2'; Write-Output (\"WAZUH_SAMPLE {0} {1}\" -f $sampleId, $scenario)\r\n\r\nScriptBlock ID: f0f6c057-6f34-416f-9ab9-4e318a0aba2c\r\nPath: \""},"eventdata":{"messageNumber":"1","messageTotal":"1","scriptBlockText":"$sampleId = 'BEN-068'; $scenario = 'json_formatting_normal_v2'; @{host=$env:COMPUTERNAME; user=$env:USERNAME} | ConvertTo-Json; Write-Output 'benign variant 2'; Write-Output (\\\"WAZUH_SAMPLE {0} {1}\\\" -f $sampleId, $scenario)","scriptBlockId":"f0f6c057-6f34-416f-9ab9-4e318a0aba2c"}}},"location":"EventChannel"}
{"timestamp":"2026-07-05T14:11:44.149+0200","rule":{"level":4,"description":"Powershell executing process discovery","id":"91815","mitre":{"id":["T1057"],"tactic":["Discovery"],"technique":["Process Discovery"]},"firedtimes":7,"mail":false,"groups":["windows"," powershell"]},"agent":{"id":"001","name":"Windows-Host","ip":"172.28.192.1"},"manager":{"name":"MSI"},"id":"1783253504.1246655","decoder":{"name":"windows_eventchannel"},"data":{"win":{"system":{"providerName":"Microsoft-Windows-PowerShell","providerGuid":"{a0c1853b-5c40-4b15-8766-3cf1c58f985a}","eventID":"4104","version":"1","level":"5","task":"2","opcode":"15","keywords":"0x0","systemTime":"2026-07-05T12:11:43.5528506Z","eventRecordID":"116665","processID":"28248","threadID":"19716","channel":"Microsoft-Windows-PowerShell/Operational","computer":"MSI","severityValue":"VERBOSE","message":"\"Creating Scriptblock text (1 of 1):\r\n$sampleId = 'BEN-069'; $scenario = 'csv_formatting_normal_v2'; Get-Process | Select-Object -First 3 Name, Id | ConvertTo-Csv -NoTypeInformation; Write-Output 'benign variant 2'; Write-Output (\"WAZUH_SAMPLE {0} {1}\" -f $sampleId, $scenario)\r\n\r\nScriptBlock ID: 36f62432-dd79-4a83-b073-db18434ebeac\r\nPath: \""},"eventdata":{"messageNumber":"1","messageTotal":"1","scriptBlockText":"$sampleId = 'BEN-069'; $scenario = 'csv_formatting_normal_v2'; Get-Process | Select-Object -First 3 Name, Id | ConvertTo-Csv -NoTypeInformation; Write-Output 'benign variant 2'; Write-Output (\\\"WAZUH_SAMPLE {0} {1}\\\" -f $sampleId, $scenario)","scriptBlockId":"36f62432-dd79-4a83-b073-db18434ebeac"}}},"location":"EventChannel"}
{"timestamp":"2026-07-05T14:11:53.388+0200","rule":{"level":4,"description":"Powershell script querying system environment variables","id":"91816","mitre":{"id":["T1082"],"tactic":["Discovery"],"technique":["System Information Discovery"]},"firedtimes":10,"mail":false,"groups":["windows"," powershell"]},"agent":{"id":"001","name":"Windows-Host","ip":"172.28.192.1"},"manager":{"name":"MSI"},"id":"1783253513.1249255","decoder":{"name":"windows_eventchannel"},"data":{"win":{"system":{"providerName":"Microsoft-Windows-PowerShell","providerGuid":"{a0c1853b-5c40-4b15-8766-3cf1c58f985a}","eventID":"4104","version":"1","level":"5","task":"2","opcode":"15","keywords":"0x0","systemTime":"2026-07-05T12:11:52.4401444Z","eventRecordID":"116924","processID":"28248","threadID":"19716","channel":"Microsoft-Windows-PowerShell/Operational","computer":"MSI","severityValue":"VERBOSE","message":"\"Creating Scriptblock text (1 of 1):\r\n$sampleId = 'BEN-082'; $scenario = 'acl_read_normal_v2'; Get-Acl -Path $env:TEMP | Select-Object Owner, AccessToString; Write-Output 'benign variant 2'; Write-Output (\"WAZUH_SAMPLE {0} {1}\" -f $sampleId, $scenario)\r\n\r\nScriptBlock ID: 0b99d2f1-e381-4c6b-b7a2-3f3b9b57132b\r\nPath: \""},"eventdata":{"messageNumber":"1","messageTotal":"1","scriptBlockText":"$sampleId = 'BEN-082'; $scenario = 'acl_read_normal_v2'; Get-Acl -Path $env:TEMP | Select-Object Owner, AccessToString; Write-Output 'benign variant 2'; Write-Output (\\\"WAZUH_SAMPLE {0} {1}\\\" -f $sampleId, $scenario)","scriptBlockId":"0b99d2f1-e381-4c6b-b7a2-3f3b9b57132b"}}},"location":"EventChannel"}
{"timestamp":"2026-07-05T14:11:53.404+0200","rule":{"level":4,"description":"Powershell script querying system environment variables","id":"91816","mitre":{"id":["T1082"],"tactic":["Discovery"],"technique":["System Information Discovery"]},"firedtimes":11,"mail":false,"groups":["windows"," powershell"]},"agent":{"id":"001","name":"Windows-Host","ip":"172.28.192.1"},"manager":{"name":"MSI"},"id":"1783253513.1251772","decoder":{"name":"windows_eventchannel"},"data":{"win":{"system":{"providerName":"Microsoft-Windows-PowerShell","providerGuid":"{a0c1853b-5c40-4b15-8766-3cf1c58f985a}","eventID":"4104","version":"1","level":"5","task":"2","opcode":"15","keywords":"0x0","systemTime":"2026-07-05T12:11:52.5667418Z","eventRecordID":"116925","processID":"28248","threadID":"19716","channel":"Microsoft-Windows-PowerShell/Operational","computer":"MSI","severityValue":"VERBOSE","message":"\"Creating Scriptblock text (1 of 1):\r\n$sampleId = 'BEN-083'; $scenario = 'file_count_normal_v2'; (Get-ChildItem -Path $env:TEMP -File -ErrorAction SilentlyContinue | Measure-Object).Count; Write-Output 'benign variant 2'; Write-Output (\"WAZUH_SAMPLE {0} {1}\" -f $sampleId, $scenario)\r\n\r\nScriptBlock ID: f5168493-39f9-41b9-bb1a-2c9e8acfa2db\r\nPath: \""},"eventdata":{"messageNumber":"1","messageTotal":"1","scriptBlockText":"$sampleId = 'BEN-083'; $scenario = 'file_count_normal_v2'; (Get-ChildItem -Path $env:TEMP -File -ErrorAction SilentlyContinue | Measure-Object).Count; Write-Output 'benign variant 2'; Write-Output (\\\"WAZUH_SAMPLE {0} {1}\\\" -f $sampleId, $scenario)","scriptBlockId":"f5168493-39f9-41b9-bb1a-2c9e8acfa2db"}}},"location":"EventChannel"}
{"timestamp":"2026-07-05T14:11:53.600+0200","rule":{"level":4,"description":"Powershell executing process discovery","id":"91815","mitre":{"id":["T1057"],"tactic":["Discovery"],"technique":["Process Discovery"]},"firedtimes":8,"mail":false,"groups":["windows"," powershell"]},"agent":{"id":"001","name":"Windows-Host","ip":"172.28.192.1"},"manager":{"name":"MSI"},"id":"1783253513.1254413","decoder":{"name":"windows_eventchannel"},"data":{"win":{"system":{"providerName":"Microsoft-Windows-PowerShell","providerGuid":"{a0c1853b-5c40-4b15-8766-3cf1c58f985a}","eventID":"4104","version":"1","level":"5","task":"2","opcode":"15","keywords":"0x0","systemTime":"2026-07-05T12:11:52.9600186Z","eventRecordID":"116945","processID":"28248","threadID":"19716","channel":"Microsoft-Windows-PowerShell/Operational","computer":"MSI","severityValue":"VERBOSE","message":"\"Creating Scriptblock text (1 of 1):\r\n$sampleId = 'BEN-086'; $scenario = 'process_cpu_sort_normal_v2'; Get-Process | Sort-Object CPU -Descending | Select-Object -First 3 Name, CPU; Write-Output 'benign variant 2'; Write-Output (\"WAZUH_SAMPLE {0} {1}\" -f $sampleId, $scenario)\r\n\r\nScriptBlock ID: c2020b62-9f78-4380-8656-4e08fbc3ed80\r\nPath: \""},"eventdata":{"messageNumber":"1","messageTotal":"1","scriptBlockText":"$sampleId = 'BEN-086'; $scenario = 'process_cpu_sort_normal_v2'; Get-Process | Sort-Object CPU -Descending | Select-Object -First 3 Name, CPU; Write-Output 'benign variant 2'; Write-Output (\\\"WAZUH_SAMPLE {0} {1}\\\" -f $sampleId, $scenario)","scriptBlockId":"c2020b62-9f78-4380-8656-4e08fbc3ed80"}}},"location":"EventChannel"}
{"timestamp":"2026-07-05T14:11:58.784+0200","rule":{"level":4,"description":"Powershell script searching filesystem","id":"91819","mitre":{"id":["T1083"],"tactic":["Discovery"],"technique":["File and Directory Discovery"]},"firedtimes":7,"mail":false,"groups":["windows"," powershell"]},"agent":{"id":"001","name":"Windows-Host","ip":"172.28.192.1"},"manager":{"name":"MSI"},"id":"1783253518.1257005","decoder":{"name":"windows_eventchannel"},"data":{"win":{"system":{"providerName":"Microsoft-Windows-PowerShell","providerGuid":"{a0c1853b-5c40-4b15-8766-3cf1c58f985a}","eventID":"4104","version":"1","level":"5","task":"2","opcode":"15","keywords":"0x0","systemTime":"2026-07-05T12:11:57.7901323Z","eventRecordID":"117092","processID":"28248","threadID":"19716","channel":"Microsoft-Windows-PowerShell/Operational","computer":"MSI","severityValue":"VERBOSE","message":"\"Creating Scriptblock text (1 of 1):\r\n$sampleId = 'BEN-099'; $scenario = 'cert_store_read_normal_v2'; Get-ChildItem Cert:\\CurrentUser\\My -ErrorAction SilentlyContinue | Select-Object -First 3 Subject, NotAfter; Write-Output 'benign variant 2'; Write-Output (\"WAZUH_SAMPLE {0} {1}\" -f $sampleId, $scenario)\r\n\r\nScriptBlock ID: 6324ae60-a266-4bdc-825b-c735d2ef92ba\r\nPath: \""},"eventdata":{"messageNumber":"1","messageTotal":"1","scriptBlockText":"$sampleId = 'BEN-099'; $scenario = 'cert_store_read_normal_v2'; Get-ChildItem Cert:\\\\CurrentUser\\\\My -ErrorAction SilentlyContinue | Select-Object -First 3 Subject, NotAfter; Write-Output 'benign variant 2'; Write-Output (\\\"WAZUH_SAMPLE {0} {1}\\\" -f $sampleId, $scenario)","scriptBlockId":"6324ae60-a266-4bdc-825b-c735d2ef92ba"}}},"location":"EventChannel"}
{"timestamp":"2026-07-05T14:11:58.790+0200","rule":{"level":4,"description":"Powershell script querying system environment variables","id":"91816","mitre":{"id":["T1082"],"tactic":["Discovery"],"technique":["System Information Discovery"]},"firedtimes":12,"mail":false,"groups":["windows"," powershell"]},"agent":{"id":"001","name":"Windows-Host","ip":"172.28.192.1"},"manager":{"name":"MSI"},"id":"1783253518.1259727","decoder":{"name":"windows_eventchannel"},"data":{"win":{"system":{"providerName":"Microsoft-Windows-PowerShell","providerGuid":"{a0c1853b-5c40-4b15-8766-3cf1c58f985a}","eventID":"4104","version":"1","level":"5","task":"2","opcode":"15","keywords":"0x0","systemTime":"2026-07-05T12:11:57.8998548Z","eventRecordID":"117094","processID":"28248","threadID":"19716","channel":"Microsoft-Windows-PowerShell/Operational","computer":"MSI","severityValue":"VERBOSE","message":"\"Creating Scriptblock text (1 of 1):\r\n$sampleId = 'BEN-100'; $scenario = 'host_info_normal_v2'; Write-Host ('Host: ' + $env:COMPUTERNAME + '; User: ' + $env:USERNAME); Write-Output 'benign variant 2'; Write-Output (\"WAZUH_SAMPLE {0} {1}\" -f $sampleId, $scenario)\r\n\r\nScriptBlock ID: c933e691-ca77-4551-8024-738bf3cc9c63\r\nPath: \""},"eventdata":{"messageNumber":"1","messageTotal":"1","scriptBlockText":"$sampleId = 'BEN-100'; $scenario = 'host_info_normal_v2'; Write-Host ('Host: ' + $env:COMPUTERNAME + '; User: ' + $env:USERNAME); Write-Output 'benign variant 2'; Write-Output (\\\"WAZUH_SAMPLE {0} {1}\\\" -f $sampleId, $scenario)","scriptBlockId":"c933e691-ca77-4551-8024-738bf3cc9c63"}}},"location":"EventChannel"}
